dstPreNATIP,hasIdentityFlag,destinationPostNatPortDescription,destinationPort,identityUsername,logSourceIdentifier,customProps,srcPortInvalid,identityMAC,sourcMACAddress,payloadAsBase64,magnitude,deviceId,protocolConfigId,deviceType,dstPortInvalid,sourceV6Ip,identityGroupName,srcPreNATPort,srcPreNATIP,category,payloadAsUTF,categoryDescription,aDEAnomalyCount,deviceCategory,deviceEventId,pcapId,identityExtendedField,eventName,pcapIp,sourcePort,obfuscationProperties,deviceTime,protocol,sourcePreNatPortDescription,pcapEvent,dstPostNATPort,tLVProperties,qidEventCategory,identityNetBiosName,eventDescription,dstPreNATPort,startTime,offenseName,protocolName,deviceName,mPCEvent,relevance,logOnly,dstPostNATIP,srcIp,storedForPerformance,stopTime,credibility,domainName,domainID,qidEventId,sourcePostNatPortDescription,severity,offenseId,identityHostname,payloadAsHexOneLine,userName,qid,truncated,obfuscationNormalizedEventProperties,aDEAnomalyDescription,startDateTime,deviceDateTime,destinationMACAddress,eventCollectorName,eventCollectorId,srcPostNATPort,rawEvent,destIp,destinationPreNatPortDescription,osvbidsDesc,identityIpOfHost,eventCount,stopDateTime,destinationV6Ip,srcPostNATIP,identity,ruleIds
N/A,false,0,0,USER_0004,10.0.0.15,"{sysmon-eventid=4688, Parent Process Name=w3wp.exe, Pipe Name=N/A, File Directory=N/A, sysmon-processid=N/A, channel=Security, Object Name=N/A, Account Name=USER_0051, Target User Domain=DOMAIN_0005.LOCAL, mandatory_label=Mandatory Label\System Mandatory Level, Logon Account Name=USER_0004, EventIDCode=4688, Terminated Process Name=N/A, MD5 Hash=N/A, Filename=N/A, Key Length=N/A, ProgramName=N/A, Process GUID=N/A, SHA1 Hash=N/A, File Extension=N/A, Object Type=N/A, SHA256 Hash=N/A, Parent Process GUID=N/A, Integrity Level=N/A, sysmon-parentimage=C:\Windows\System32\inetsrv\w3wp.exe, Description=N/A, Token Elevation Type=%%1936, Message=N/A, Encoded Command=N/A, Logon Account Domain=DOMAIN_0001.LOCAL, Process Name=w3wp.exe, Parent Process ID=N/A, Logon Type=N/A, Account Security ID=S-1-5-21-0004, Share Name=N/A, Authentication Package=N/A, sysmon-processguid=N/A, Realm=DOMAIN_0001.LOCAL, Account ID=S-1-5-21-0002, Process Path=C:\Windows\System32\inetsrv\w3wp.exe, Status Code=N/A, User Domain=DOMAIN_0007.LOCAL, Encoded Argument=N/A, Target Username=USER_0008, Event ID=4688, sysmon-user=USER_0004, Command=c:\windows\system32\inetsrv\w3wp.exe -ap ""kdphbc"" -v ""v4.0"" -l ""webengine4.dll"" -a \\.\pipe\iisipm7a65b179-d597-431e-93d5-4c2c1e771b0f -h ""C:\inetpub\temp\apppools\kdphbc\kdphbc.config"" -w """" -m 0 -t 20 -ta 0, Process ID=0x200c, Machine Identifier=HOST_0033, Target Account Security ID=S-1-5-21-0003, Device Name=HOST_0033, IMP Hash=N/A, Parent Process Path=C:\Windows\System32\inetsrv\w3wp.exe}",false,MAC_0001,MAC_0002,[REDACTED_DUPLICATE_PAYLOAD],9,35139,0,12,false,0:0:0:0:0:0:0:0,N/A,0,N/A,8110,"<13>Jul 31 18:13:28 10.0.0.15 AgentDevice=WindowsLog	AgentLogFile=Security	PluginVersion=7.3.1.28	Source=Microsoft-Windows-Security-Auditing	Computer=KD-PHBC-WEB01	OriginatingComputer=KD-PHBC-WEB01	User=	Domain=	EventID=4688	EventIDCode=4688	EventType=8	EventCategory=13312	RecordNumber=7960857	TimeGenerated=1785496404	TimeWritten=1785496404	Level=Log Always	Keywords=Audit Success	Task=SE_ADT_DETAILEDTRACKING_PROCESSCREATION	Opcode=Info	Message=A new process has been created.  Creator Subject:  Security ID:  NT DOMAIN_0008.LOCAL\USER_0002  Account Name: USER_0051  Account Domain: DOMAIN_0007.LOCAL  Logon ID:  0x3E7  Target Subject:  Security ID:  NULL SID  Account Name:  -  Account Domain:  -  Logon ID:  0x0  Process Information:  New Process ID:  0x200c  New Process Name: C:\Windows\System32\inetsrv\w3wp.exe  Token Elevation Type: %%1936  Mandatory Label:  Mandatory Label\System Mandatory Level  Creator Process ID: 0x1cd4  Creator Process Name: C:\Windows\System32\inetsrv\w3wp.exe  Process Command Line: c:\windows\system32\inetsrv\w3wp.exe -ap ""kdphbc"" -v ""v4.0"" -l ""webengine4.dll"" -a \\.\pipe\iisipm7a65b179-d597-431e-93d5-4c2c1e771b0f -h ""C:\inetpub\temp\apppools\kdphbc\kdphbc.config"" -w """" -m 0 -t 20 -ta 0  Token Elevation Type indicates the type of token that was assigned to the new process in accordance with User Account Control policy.  Type 1 is a full token with no privileges removed or groups disabled.  A full token is only used if User Account Control is disabled or if the user is the built-in Administrator account or a service account.  Type 2 is an elevated token with no privileges removed or groups disabled.  An elevated token is used when User Account Control is enabled and the user chooses to start the program using Run as administrator.  An elevated token is also used when an application is configured to always require administrative privilege or to always require maximum privilege, and the user is a member of the Administrators group.  Type 3 is a limited token with administrative privileges removed and administrative groups disabled.  The limited token is used when User Account Control is enabled, the application does not require administrative privilege, and the user does not choose to start the program using Run as administrator. ",Process Creation Success,N/A,1,0,unknown,N/A,Success Audit: A new process has been created,unknown,0,null,1785496404000,255,0,false,0,"true""""",Success Audit,HOST_0004,Success Audit: A new process has been created.,0,1785495957389,No Offense,255,HOST_0034 @ 10.0.0.15,true,10,false,N/A,10.0.0.15,false,1785496017389,10,NETWORK_0002,35,4688,0,7,-1,HOST_0004,[REDACTED_DUPLICATE_PAYLOAD],USER_0004,5000862,false,null,N/A,"18:05:57, 31 thg 7, 2026","18:13:24, 31 thg 7, 2026",MAC_0002,HOST_0006,439,0,false,10.0.0.15,0,N/A,10.0.0.3,1,"18:06:57, 31 thg 7, 2026",0:0:0:0:0:0:0:0,N/A,null,"100221,100265,109237,100668,156193,100272,147147,134937,166353,100225"
N/A,false,0,0,USER_0004,10.0.0.15,"{sysmon-eventid=4688, Parent Process Name=w3wp.exe, Pipe Name=N/A, File Directory=N/A, sysmon-processid=N/A, channel=Security, Object Name=N/A, Account Name=USER_0051, Target User Domain=DOMAIN_0005.LOCAL, mandatory_label=Mandatory Label\System Mandatory Level, Logon Account Name=USER_0004, EventIDCode=4688, Terminated Process Name=N/A, MD5 Hash=N/A, Filename=N/A, Key Length=N/A, ProgramName=N/A, Process GUID=N/A, SHA1 Hash=N/A, File Extension=N/A, Object Type=N/A, SHA256 Hash=N/A, Parent Process GUID=N/A, Integrity Level=N/A, sysmon-parentimage=C:\Windows\System32\inetsrv\w3wp.exe, Description=N/A, Token Elevation Type=%%1936, Message=N/A, Encoded Command=N/A, Logon Account Domain=DOMAIN_0001.LOCAL, Process Name=w3wp.exe, Parent Process ID=N/A, Logon Type=N/A, Account Security ID=S-1-5-21-0004, Share Name=N/A, Authentication Package=N/A, sysmon-processguid=N/A, Realm=DOMAIN_0001.LOCAL, Account ID=S-1-5-21-0002, Process Path=C:\Windows\System32\inetsrv\w3wp.exe, Status Code=N/A, User Domain=DOMAIN_0007.LOCAL, Encoded Argument=N/A, Target Username=USER_0008, Event ID=4688, sysmon-user=USER_0004, Command=c:\windows\system32\inetsrv\w3wp.exe -ap ""kdphbc"" -v ""v4.0"" -l ""webengine4.dll"" -a \\.\pipe\iisipm2c3ccf49-462b-416c-9259-75ce853a00b1 -h ""C:\inetpub\temp\apppools\kdphbc\kdphbc.config"" -w """" -m 0 -t 20 -ta 0, Process ID=0x2684, Machine Identifier=HOST_0033, Target Account Security ID=S-1-5-21-0003, Device Name=HOST_0033, IMP Hash=N/A, Parent Process Path=C:\Windows\System32\inetsrv\w3wp.exe}",false,MAC_0001,MAC_0002,[REDACTED_DUPLICATE_PAYLOAD],9,35139,0,12,false,0:0:0:0:0:0:0:0,N/A,0,N/A,8110,"<13>Jul 31 18:04:31 10.0.0.15 AgentDevice=WindowsLog	AgentLogFile=Security	PluginVersion=7.3.1.28	Source=Microsoft-Windows-Security-Auditing	Computer=KD-PHBC-WEB01	OriginatingComputer=KD-PHBC-WEB01	User=	Domain=	EventID=4688	EventIDCode=4688	EventType=8	EventCategory=13312	RecordNumber=7960593	TimeGenerated=1785495867	TimeWritten=1785495867	Level=Log Always	Keywords=Audit Success	Task=SE_ADT_DETAILEDTRACKING_PROCESSCREATION	Opcode=Info	Message=A new process has been created.  Creator Subject:  Security ID:  NT DOMAIN_0008.LOCAL\USER_0002  Account Name: USER_0051  Account Domain: DOMAIN_0007.LOCAL  Logon ID:  0x3E7  Target Subject:  Security ID:  NULL SID  Account Name:  -  Account Domain:  -  Logon ID:  0x0  Process Information:  New Process ID:  0x2684  New Process Name: C:\Windows\System32\inetsrv\w3wp.exe  Token Elevation Type: %%1936  Mandatory Label:  Mandatory Label\System Mandatory Level  Creator Process ID: 0x64bc  Creator Process Name: C:\Windows\System32\inetsrv\w3wp.exe  Process Command Line: c:\windows\system32\inetsrv\w3wp.exe -ap ""kdphbc"" -v ""v4.0"" -l ""webengine4.dll"" -a \\.\pipe\iisipm2c3ccf49-462b-416c-9259-75ce853a00b1 -h ""C:\inetpub\temp\apppools\kdphbc\kdphbc.config"" -w """" -m 0 -t 20 -ta 0  Token Elevation Type indicates the type of token that was assigned to the new process in accordance with User Account Control policy.  Type 1 is a full token with no privileges removed or groups disabled.  A full token is only used if User Account Control is disabled or if the user is the built-in Administrator account or a service account.  Type 2 is an elevated token with no privileges removed or groups disabled.  An elevated token is used when User Account Control is enabled and the user chooses to start the program using Run as administrator.  An elevated token is also used when an application is configured to always require administrative privilege or to always require maximum privilege, and the user is a member of the Administrators group.  Type 3 is a limited token with administrative privileges removed and administrative groups disabled.  The limited token is used when User Account Control is enabled, the application does not require administrative privilege, and the user does not choose to start the program using Run as administrator. ",Process Creation Success,N/A,1,0,unknown,N/A,Success Audit: A new process has been created,unknown,0,null,1785495867000,255,0,false,0,"true""""",Success Audit,HOST_0004,Success Audit: A new process has been created.,0,1785495422936,No Offense,255,HOST_0034 @ 10.0.0.15,true,10,false,N/A,10.0.0.15,false,1785495422936,10,NETWORK_0002,35,4688,0,7,-1,HOST_0004,[REDACTED_DUPLICATE_PAYLOAD],USER_0004,5000862,false,null,N/A,"17:57:02, 31 thg 7, 2026","18:04:27, 31 thg 7, 2026",MAC_0002,HOST_0006,439,0,false,10.0.0.15,0,N/A,10.0.0.3,1,"17:57:02, 31 thg 7, 2026",0:0:0:0:0:0:0:0,N/A,null,"100221,100265,109237,100668,156193,100272,147147,134937,166353,100225"
N/A,false,0,0,USER_0004,10.0.0.15,"{sysmon-eventid=4688, Parent Process Name=w3wp.exe, Pipe Name=N/A, File Directory=N/A, sysmon-processid=N/A, channel=Security, Object Name=N/A, Account Name=USER_0051, Target User Domain=DOMAIN_0005.LOCAL, mandatory_label=Mandatory Label\System Mandatory Level, Logon Account Name=USER_0004, EventIDCode=4688, Terminated Process Name=N/A, MD5 Hash=N/A, Filename=N/A, Key Length=N/A, ProgramName=N/A, Process GUID=N/A, SHA1 Hash=N/A, File Extension=N/A, Object Type=N/A, SHA256 Hash=N/A, Parent Process GUID=N/A, Integrity Level=N/A, sysmon-parentimage=C:\Windows\System32\inetsrv\w3wp.exe, Description=N/A, Token Elevation Type=%%1936, Message=N/A, Encoded Command=N/A, Logon Account Domain=DOMAIN_0001.LOCAL, Process Name=w3wp.exe, Parent Process ID=N/A, Logon Type=N/A, Account Security ID=S-1-5-21-0004, Share Name=N/A, Authentication Package=N/A, sysmon-processguid=N/A, Realm=DOMAIN_0001.LOCAL, Account ID=S-1-5-21-0002, Process Path=C:\Windows\System32\inetsrv\w3wp.exe, Status Code=N/A, User Domain=DOMAIN_0007.LOCAL, Encoded Argument=N/A, Target Username=USER_0008, Event ID=4688, sysmon-user=USER_0004, Command=c:\windows\system32\inetsrv\w3wp.exe -ap ""kdphbc"" -v ""v4.0"" -l ""webengine4.dll"" -a \\.\pipe\iisipm1776aff5-bd09-432c-a8e6-da99ffe414a4 -h ""C:\inetpub\temp\apppools\kdphbc\kdphbc.config"" -w """" -m 0 -t 20 -ta 0, Process ID=0x23cc, Machine Identifier=HOST_0033, Target Account Security ID=S-1-5-21-0003, Device Name=HOST_0033, IMP Hash=N/A, Parent Process Path=C:\Windows\System32\inetsrv\w3wp.exe}",false,MAC_0001,MAC_0002,[REDACTED_DUPLICATE_PAYLOAD],9,35139,0,12,false,0:0:0:0:0:0:0:0,N/A,0,N/A,8110,"<13>Jul 31 17:30:19 10.0.0.15 AgentDevice=WindowsLog	AgentLogFile=Security	PluginVersion=7.3.1.28	Source=Microsoft-Windows-Security-Auditing	Computer=KD-PHBC-WEB01	OriginatingComputer=KD-PHBC-WEB01	User=	Domain=	EventID=4688	EventIDCode=4688	EventType=8	EventCategory=13312	RecordNumber=7960274	TimeGenerated=1785493815	TimeWritten=1785493815	Level=Log Always	Keywords=Audit Success	Task=SE_ADT_DETAILEDTRACKING_PROCESSCREATION	Opcode=Info	Message=A new process has been created.  Creator Subject:  Security ID:  NT DOMAIN_0008.LOCAL\USER_0002  Account Name: USER_0051  Account Domain: DOMAIN_0007.LOCAL  Logon ID:  0x3E7  Target Subject:  Security ID:  NULL SID  Account Name:  -  Account Domain:  -  Logon ID:  0x0  Process Information:  New Process ID:  0x23cc  New Process Name: C:\Windows\System32\inetsrv\w3wp.exe  Token Elevation Type: %%1936  Mandatory Label:  Mandatory Label\System Mandatory Level  Creator Process ID: 0x16f0  Creator Process Name: C:\Windows\System32\inetsrv\w3wp.exe  Process Command Line: c:\windows\system32\inetsrv\w3wp.exe -ap ""kdphbc"" -v ""v4.0"" -l ""webengine4.dll"" -a \\.\pipe\iisipm1776aff5-bd09-432c-a8e6-da99ffe414a4 -h ""C:\inetpub\temp\apppools\kdphbc\kdphbc.config"" -w """" -m 0 -t 20 -ta 0  Token Elevation Type indicates the type of token that was assigned to the new process in accordance with User Account Control policy.  Type 1 is a full token with no privileges removed or groups disabled.  A full token is only used if User Account Control is disabled or if the user is the built-in Administrator account or a service account.  Type 2 is an elevated token with no privileges removed or groups disabled.  An elevated token is used when User Account Control is enabled and the user chooses to start the program using Run as administrator.  An elevated token is also used when an application is configured to always require administrative privilege or to always require maximum privilege, and the user is a member of the Administrators group.  Type 3 is a limited token with administrative privileges removed and administrative groups disabled.  The limited token is used when User Account Control is enabled, the application does not require administrative privilege, and the user does not choose to start the program using Run as administrator. ",Process Creation Success,N/A,1,0,unknown,N/A,Success Audit: A new process has been created,unknown,0,null,1785493815000,255,0,false,0,"true""""",Success Audit,HOST_0004,Success Audit: A new process has been created.,0,1785493365356,No Offense,255,HOST_0034 @ 10.0.0.15,true,10,false,N/A,10.0.0.15,false,1785493365356,10,NETWORK_0002,35,4688,0,7,-1,HOST_0004,[REDACTED_DUPLICATE_PAYLOAD],USER_0004,5000862,false,null,N/A,"17:22:45, 31 thg 7, 2026","17:30:15, 31 thg 7, 2026",MAC_0002,HOST_0006,439,0,false,10.0.0.15,0,N/A,10.0.0.3,1,"17:22:45, 31 thg 7, 2026",0:0:0:0:0:0:0:0,N/A,null,"100221,100265,109237,100668,156193,100272,147147,134937,166353,100225"
N/A,false,0,0,USER_0004,10.0.0.15,"{sysmon-eventid=4688, Parent Process Name=w3wp.exe, Pipe Name=N/A, File Directory=N/A, sysmon-processid=N/A, channel=Security, Object Name=N/A, Account Name=USER_0051, Target User Domain=DOMAIN_0005.LOCAL, mandatory_label=Mandatory Label\System Mandatory Level, Logon Account Name=USER_0004, EventIDCode=4688, Terminated Process Name=N/A, MD5 Hash=N/A, Filename=N/A, Key Length=N/A, ProgramName=N/A, Process GUID=N/A, SHA1 Hash=N/A, File Extension=N/A, Object Type=N/A, SHA256 Hash=N/A, Parent Process GUID=N/A, Integrity Level=N/A, sysmon-parentimage=C:\Windows\System32\inetsrv\w3wp.exe, Description=N/A, Token Elevation Type=%%1936, Message=N/A, Encoded Command=N/A, Logon Account Domain=DOMAIN_0001.LOCAL, Process Name=w3wp.exe, Parent Process ID=N/A, Logon Type=N/A, Account Security ID=S-1-5-21-0004, Share Name=N/A, Authentication Package=N/A, sysmon-processguid=N/A, Realm=DOMAIN_0001.LOCAL, Account ID=S-1-5-21-0002, Process Path=C:\Windows\System32\inetsrv\w3wp.exe, Status Code=N/A, User Domain=DOMAIN_0007.LOCAL, Encoded Argument=N/A, Target Username=USER_0008, Event ID=4688, sysmon-user=USER_0004, Command=c:\windows\system32\inetsrv\w3wp.exe -ap ""kdphbc"" -v ""v4.0"" -l ""webengine4.dll"" -a \\.\pipe\iisipmca4aff0e-52ca-43b6-bd4a-82579d2a37dc -h ""C:\inetpub\temp\apppools\kdphbc\kdphbc.config"" -w """" -m 0 -t 20 -ta 0, Process ID=0x67ac, Machine Identifier=HOST_0033, Target Account Security ID=S-1-5-21-0003, Device Name=HOST_0033, IMP Hash=N/A, Parent Process Path=C:\Windows\System32\inetsrv\w3wp.exe}",false,MAC_0001,MAC_0002,[REDACTED_DUPLICATE_PAYLOAD],9,35139,0,12,false,0:0:0:0:0:0:0:0,N/A,0,N/A,8110,"<13>Jul 31 17:27:40 10.0.0.15 AgentDevice=WindowsLog	AgentLogFile=Security	PluginVersion=7.3.1.28	Source=Microsoft-Windows-Security-Auditing	Computer=KD-PHBC-WEB01	OriginatingComputer=KD-PHBC-WEB01	User=	Domain=	EventID=4688	EventIDCode=4688	EventType=8	EventCategory=13312	RecordNumber=7960233	TimeGenerated=1785493658	TimeWritten=1785493658	Level=Log Always	Keywords=Audit Success	Task=SE_ADT_DETAILEDTRACKING_PROCESSCREATION	Opcode=Info	Message=A new process has been created.  Creator Subject:  Security ID:  NT DOMAIN_0008.LOCAL\USER_0002  Account Name: USER_0051  Account Domain: DOMAIN_0007.LOCAL  Logon ID:  0x3E7  Target Subject:  Security ID:  NULL SID  Account Name:  -  Account Domain:  -  Logon ID:  0x0  Process Information:  New Process ID:  0x67ac  New Process Name: C:\Windows\System32\inetsrv\w3wp.exe  Token Elevation Type: %%1936  Mandatory Label:  Mandatory Label\System Mandatory Level  Creator Process ID: 0x3880  Creator Process Name: C:\Windows\System32\inetsrv\w3wp.exe  Process Command Line: c:\windows\system32\inetsrv\w3wp.exe -ap ""kdphbc"" -v ""v4.0"" -l ""webengine4.dll"" -a \\.\pipe\iisipmca4aff0e-52ca-43b6-bd4a-82579d2a37dc -h ""C:\inetpub\temp\apppools\kdphbc\kdphbc.config"" -w """" -m 0 -t 20 -ta 0  Token Elevation Type indicates the type of token that was assigned to the new process in accordance with User Account Control policy.  Type 1 is a full token with no privileges removed or groups disabled.  A full token is only used if User Account Control is disabled or if the user is the built-in Administrator account or a service account.  Type 2 is an elevated token with no privileges removed or groups disabled.  An elevated token is used when User Account Control is enabled and the user chooses to start the program using Run as administrator.  An elevated token is also used when an application is configured to always require administrative privilege or to always require maximum privilege, and the user is a member of the Administrators group.  Type 3 is a limited token with administrative privileges removed and administrative groups disabled.  The limited token is used when User Account Control is enabled, the application does not require administrative privilege, and the user does not choose to start the program using Run as administrator. ",Process Creation Success,N/A,1,0,unknown,N/A,Success Audit: A new process has been created,unknown,0,null,1785493658000,255,0,false,0,"true""""",Success Audit,HOST_0004,Success Audit: A new process has been created.,0,1785493209010,No Offense,255,HOST_0034 @ 10.0.0.15,true,10,false,N/A,10.0.0.15,false,1785493209010,10,NETWORK_0002,35,4688,0,7,-1,HOST_0004,[REDACTED_DUPLICATE_PAYLOAD],USER_0004,5000862,false,null,N/A,"17:20:09, 31 thg 7, 2026","17:27:38, 31 thg 7, 2026",MAC_0002,HOST_0006,439,0,false,10.0.0.15,0,N/A,10.0.0.3,1,"17:20:09, 31 thg 7, 2026",0:0:0:0:0:0:0:0,N/A,null,"100221,100265,109237,100668,156193,100272,147147,134937,166353,100225"
N/A,false,0,0,USER_0004,10.0.0.15,"{sysmon-eventid=4688, Parent Process Name=w3wp.exe, Pipe Name=N/A, File Directory=N/A, sysmon-processid=N/A, channel=Security, Object Name=N/A, Account Name=USER_0051, Target User Domain=DOMAIN_0005.LOCAL, mandatory_label=Mandatory Label\System Mandatory Level, Logon Account Name=USER_0004, EventIDCode=4688, Terminated Process Name=N/A, MD5 Hash=N/A, Filename=N/A, Key Length=N/A, ProgramName=N/A, Process GUID=N/A, SHA1 Hash=N/A, File Extension=N/A, Object Type=N/A, SHA256 Hash=N/A, Parent Process GUID=N/A, Integrity Level=N/A, sysmon-parentimage=C:\Windows\System32\inetsrv\w3wp.exe, Description=N/A, Token Elevation Type=%%1936, Message=N/A, Encoded Command=N/A, Logon Account Domain=DOMAIN_0001.LOCAL, Process Name=w3wp.exe, Parent Process ID=N/A, Logon Type=N/A, Account Security ID=S-1-5-21-0004, Share Name=N/A, Authentication Package=N/A, sysmon-processguid=N/A, Realm=DOMAIN_0001.LOCAL, Account ID=S-1-5-21-0002, Process Path=C:\Windows\System32\inetsrv\w3wp.exe, Status Code=N/A, User Domain=DOMAIN_0007.LOCAL, Encoded Argument=N/A, Target Username=USER_0008, Event ID=4688, sysmon-user=USER_0004, Command=c:\windows\system32\inetsrv\w3wp.exe -ap ""kdphbc"" -v ""v4.0"" -l ""webengine4.dll"" -a \\.\pipe\iisipmaf59b561-8a72-4fc7-a5fe-16951ab5a59f -h ""C:\inetpub\temp\apppools\kdphbc\kdphbc.config"" -w """" -m 0 -t 20 -ta 0, Process ID=0x5860, Machine Identifier=HOST_0033, Target Account Security ID=S-1-5-21-0003, Device Name=HOST_0033, IMP Hash=N/A, Parent Process Path=C:\Windows\System32\inetsrv\w3wp.exe}",false,MAC_0001,MAC_0002,[REDACTED_DUPLICATE_PAYLOAD],9,35139,0,12,false,0:0:0:0:0:0:0:0,N/A,0,N/A,8110,"<13>Jul 31 15:58:46 10.0.0.15 AgentDevice=WindowsLog	AgentLogFile=Security	PluginVersion=7.3.1.28	Source=Microsoft-Windows-Security-Auditing	Computer=KD-PHBC-WEB01	OriginatingComputer=KD-PHBC-WEB01	User=	Domain=	EventID=4688	EventIDCode=4688	EventType=8	EventCategory=13312	RecordNumber=7959350	TimeGenerated=1785488325	TimeWritten=1785488325	Level=Log Always	Keywords=Audit Success	Task=SE_ADT_DETAILEDTRACKING_PROCESSCREATION	Opcode=Info	Message=A new process has been created.  Creator Subject:  Security ID:  NT DOMAIN_0008.LOCAL\USER_0002  Account Name: USER_0051  Account Domain: DOMAIN_0007.LOCAL  Logon ID:  0x3E7  Target Subject:  Security ID:  NULL SID  Account Name:  -  Account Domain:  -  Logon ID:  0x0  Process Information:  New Process ID:  0x5860  New Process Name: C:\Windows\System32\inetsrv\w3wp.exe  Token Elevation Type: %%1936  Mandatory Label:  Mandatory Label\System Mandatory Level  Creator Process ID: 0x3420  Creator Process Name: C:\Windows\System32\inetsrv\w3wp.exe  Process Command Line: c:\windows\system32\inetsrv\w3wp.exe -ap ""kdphbc"" -v ""v4.0"" -l ""webengine4.dll"" -a \\.\pipe\iisipmaf59b561-8a72-4fc7-a5fe-16951ab5a59f -h ""C:\inetpub\temp\apppools\kdphbc\kdphbc.config"" -w """" -m 0 -t 20 -ta 0  Token Elevation Type indicates the type of token that was assigned to the new process in accordance with User Account Control policy.  Type 1 is a full token with no privileges removed or groups disabled.  A full token is only used if User Account Control is disabled or if the user is the built-in Administrator account or a service account.  Type 2 is an elevated token with no privileges removed or groups disabled.  An elevated token is used when User Account Control is enabled and the user chooses to start the program using Run as administrator.  An elevated token is also used when an application is configured to always require administrative privilege or to always require maximum privilege, and the user is a member of the Administrators group.  Type 3 is a limited token with administrative privileges removed and administrative groups disabled.  The limited token is used when User Account Control is enabled, the application does not require administrative privilege, and the user does not choose to start the program using Run as administrator. ",Process Creation Success,N/A,1,0,unknown,N/A,Success Audit: A new process has been created,unknown,0,null,1785488325000,255,0,false,0,"true""""",Success Audit,HOST_0004,Success Audit: A new process has been created.,0,1785487878193,No Offense,255,HOST_0034 @ 10.0.0.15,true,10,false,N/A,10.0.0.15,false,1785487878193,10,NETWORK_0002,35,4688,0,7,-1,HOST_0004,[REDACTED_DUPLICATE_PAYLOAD],USER_0004,5000862,false,null,N/A,"15:51:18, 31 thg 7, 2026","15:58:45, 31 thg 7, 2026",MAC_0002,HOST_0006,439,0,false,10.0.0.15,0,N/A,10.0.0.3,1,"15:51:18, 31 thg 7, 2026",0:0:0:0:0:0:0:0,N/A,null,"100221,100265,109237,100668,156193,100272,147147,134937,166353,100225"
N/A,false,0,0,USER_0004,10.0.0.15,"{sysmon-eventid=4688, Parent Process Name=w3wp.exe, Pipe Name=N/A, File Directory=N/A, sysmon-processid=N/A, channel=Security, Object Name=N/A, Account Name=USER_0051, Target User Domain=DOMAIN_0005.LOCAL, mandatory_label=Mandatory Label\System Mandatory Level, Logon Account Name=USER_0004, EventIDCode=4688, Terminated Process Name=N/A, MD5 Hash=N/A, Filename=N/A, Key Length=N/A, ProgramName=N/A, Process GUID=N/A, SHA1 Hash=N/A, File Extension=N/A, Object Type=N/A, SHA256 Hash=N/A, Parent Process GUID=N/A, Integrity Level=N/A, sysmon-parentimage=C:\Windows\System32\inetsrv\w3wp.exe, Description=N/A, Token Elevation Type=%%1936, Message=N/A, Encoded Command=N/A, Logon Account Domain=DOMAIN_0001.LOCAL, Process Name=w3wp.exe, Parent Process ID=N/A, Logon Type=N/A, Account Security ID=S-1-5-21-0004, Share Name=N/A, Authentication Package=N/A, sysmon-processguid=N/A, Realm=DOMAIN_0001.LOCAL, Account ID=S-1-5-21-0002, Process Path=C:\Windows\System32\inetsrv\w3wp.exe, Status Code=N/A, User Domain=DOMAIN_0007.LOCAL, Encoded Argument=N/A, Target Username=USER_0008, Event ID=4688, sysmon-user=USER_0004, Command=c:\windows\system32\inetsrv\w3wp.exe -ap ""kdphbc"" -v ""v4.0"" -l ""webengine4.dll"" -a \\.\pipe\iisipm2caba2cf-e6f2-4c7b-ae22-67c1ac7f0462 -h ""C:\inetpub\temp\apppools\kdphbc\kdphbc.config"" -w """" -m 0 -t 20 -ta 0, Process ID=0x3808, Machine Identifier=HOST_0033, Target Account Security ID=S-1-5-21-0003, Device Name=HOST_0033, IMP Hash=N/A, Parent Process Path=C:\Windows\System32\inetsrv\w3wp.exe}",false,MAC_0001,MAC_0002,[REDACTED_DUPLICATE_PAYLOAD],9,35139,0,12,false,0:0:0:0:0:0:0:0,N/A,0,N/A,8110,"<13>Jul 31 15:56:49 10.0.0.15 AgentDevice=WindowsLog	AgentLogFile=Security	PluginVersion=7.3.1.28	Source=Microsoft-Windows-Security-Auditing	Computer=KD-PHBC-WEB01	OriginatingComputer=KD-PHBC-WEB01	User=	Domain=	EventID=4688	EventIDCode=4688	EventType=8	EventCategory=13312	RecordNumber=7959323	TimeGenerated=1785488206	TimeWritten=1785488206	Level=Log Always	Keywords=Audit Success	Task=SE_ADT_DETAILEDTRACKING_PROCESSCREATION	Opcode=Info	Message=A new process has been created.  Creator Subject:  Security ID:  NT DOMAIN_0008.LOCAL\USER_0002  Account Name: USER_0051  Account Domain: DOMAIN_0007.LOCAL  Logon ID:  0x3E7  Target Subject:  Security ID:  NULL SID  Account Name:  -  Account Domain:  -  Logon ID:  0x0  Process Information:  New Process ID:  0x3808  New Process Name: C:\Windows\System32\inetsrv\w3wp.exe  Token Elevation Type: %%1936  Mandatory Label:  Mandatory Label\System Mandatory Level  Creator Process ID: 0x573c  Creator Process Name: C:\Windows\System32\inetsrv\w3wp.exe  Process Command Line: c:\windows\system32\inetsrv\w3wp.exe -ap ""kdphbc"" -v ""v4.0"" -l ""webengine4.dll"" -a \\.\pipe\iisipm2caba2cf-e6f2-4c7b-ae22-67c1ac7f0462 -h ""C:\inetpub\temp\apppools\kdphbc\kdphbc.config"" -w """" -m 0 -t 20 -ta 0  Token Elevation Type indicates the type of token that was assigned to the new process in accordance with User Account Control policy.  Type 1 is a full token with no privileges removed or groups disabled.  A full token is only used if User Account Control is disabled or if the user is the built-in Administrator account or a service account.  Type 2 is an elevated token with no privileges removed or groups disabled.  An elevated token is used when User Account Control is enabled and the user chooses to start the program using Run as administrator.  An elevated token is also used when an application is configured to always require administrative privilege or to always require maximum privilege, and the user is a member of the Administrators group.  Type 3 is a limited token with administrative privileges removed and administrative groups disabled.  The limited token is used when User Account Control is enabled, the application does not require administrative privilege, and the user does not choose to start the program using Run as administrator. ",Process Creation Success,N/A,1,0,unknown,N/A,Success Audit: A new process has been created,unknown,0,null,1785488206000,255,0,false,0,"true""""",Success Audit,HOST_0004,Success Audit: A new process has been created.,0,1785487757669,No Offense,255,HOST_0034 @ 10.0.0.15,true,10,false,N/A,10.0.0.15,false,1785487757669,10,NETWORK_0002,35,4688,0,7,-1,HOST_0004,[REDACTED_DUPLICATE_PAYLOAD],USER_0004,5000862,false,null,N/A,"15:49:17, 31 thg 7, 2026","15:56:46, 31 thg 7, 2026",MAC_0002,HOST_0006,439,0,false,10.0.0.15,0,N/A,10.0.0.3,1,"15:49:17, 31 thg 7, 2026",0:0:0:0:0:0:0:0,N/A,null,"100221,100265,109237,100668,156193,100272,147147,134937,166353,100225"
