N/A,false,0,0,USER_0004,HOST_0054,"{sysmon-eventid=4688, Parent Process Name=MusNotification.exe, Pipe Name=N/A, File Directory=N/A, sysmon-processid=N/A, channel=Security, Object Name=C:\Windows\System32\MusNotificationUx.exe  Token Elevation Type: TokenElevationTypeLimited (3)  Mandatory Label:  Mandatory Label\Medium Mandatory Level  Creator Process ID: 0x6a34  Creator Process Name: C:\Windows\System32\MusNotification.exe  Process Command Line: %systemroot%\system32\MusNotificationUx.exe, Account Name=USER_0296, Target User Domain=DOMAIN_0067.LOCAL, mandatory_label=Mandatory Label\Medium Mandatory Level, Logon Account Name=USER_0004, EventIDCode=4688, Terminated Process Name=N/A, MD5 Hash=N/A, Filename=N/A, Key Length=N/A, ProgramName=N/A, Process GUID=N/A, SHA1 Hash=N/A, File Extension=N/A, Object Type=N/A, SHA256 Hash=N/A, Parent Process GUID=N/A, Integrity Level=N/A, sysmon-parentimage=C:\Windows\System32\MusNotification.exe, Description=N/A, Token Elevation Type=N/A, Message=N/A, Encoded Command=N/A, Logon Account Domain=DOMAIN_0001.LOCAL, Process Name=MusNotificationUx.exe, Parent Process ID=N/A, Logon Type=N/A, Account Security ID=S-1-5-21-0004, Share Name=N/A, Authentication Package=N/A, sysmon-processguid=N/A, Realm=DOMAIN_0001.LOCAL, Account ID=S-1-5-21-0002, Process Path=C:\Windows\System32\MusNotificationUx.exe, Status Code=N/A, User Domain=DOMAIN_0067.LOCAL, Encoded Argument=N/A, Target Username=USER_0302, Event ID=4688, sysmon-user=USER_0004, Command=%systemroot%\system32\MusNotificationUx.exe           /MusUxState MusUxState_DownloadNeedUserAgreement_Toast           /CV aGbC542pMkyya4PF.0           /NotificationTimeout 0, Process ID=0x3d84, Machine Identifier=HOST_0055, Target Account Security ID=S-1-5-21-0021, Device Name=HOST_0055, IMP Hash=N/A, Parent Process Path=C:\Windows\System32\MusNotification.exe}",false,MAC_0001,MAC_0002,[REDACTED_DUPLICATE_PAYLOAD],3,54185,0,12,false,0:0:0:0:0:0:0:0,N/A,0,N/A,8110,"<13>Aug 07 10:13:21 MST-EX-02.10.100.10.188 AgentDevice=WindowsLog	AgentLogFile=Security	PluginVersion=7.3.1.28	Source=Microsoft-Windows-Security-Auditing	Computer=MST-EX-02.mic.gov.vn	OriginatingComputer=10.100.10.188	User=	Domain=	EventID=4688	EventIDCode=4688	EventType=8	EventCategory=13312	RecordNumber=26680204	TimeGenerated=1786072398	TimeWritten=1786072398	Level=Log Always	Keywords=Audit Success	Task=SE_ADT_DETAILEDTRACKING_PROCESSCREATION	Opcode=Info	Message=A new process has been created.  Creator Subject:  Security ID:  NT DOMAIN_0008.LOCAL\USER_0002  Account Name: USER_0296  Account Domain: DOMAIN_0067.LOCAL  Logon ID:  0x3E7  Target Subject:  Security ID:  DOMAIN_0067.LOCAL\USER_0302  Account Name: USER_0302  Account Domain: DOMAIN_0067.LOCAL  Logon ID:  0x4B0B7813  Process Information:  New Process ID:  0x3d84  New Process Name: C:\Windows\System32\MusNotificationUx.exe  Token Elevation Type: TokenElevationTypeLimited (3)  Mandatory Label:  Mandatory Label\Medium Mandatory Level  Creator Process ID: 0x6a34  Creator Process Name: C:\Windows\System32\MusNotification.exe  Process Command Line: %systemroot%\system32\MusNotificationUx.exe           /MusUxState MusUxState_DownloadNeedUserAgreement_Toast           /CV aGbC542pMkyya4PF.0           /NotificationTimeout 0  Token Elevation Type indicates the type of token that was assigned to the new process in accordance with User Account Control policy.  Type 1 is a full token with no privileges removed or groups disabled.  A full token is only used if User Account Control is disabled or if the user is the built-in Administrator account or a service account.  Type 2 is an elevated token with no privileges removed or groups disabled.  An elevated token is used when User Account Control is enabled and the user chooses to start the program using Run as administrator.  An elevated token is also used when an application is configured to always require administrative privilege or to always require maximum privilege, and the user is a member of the Administrators group.  Type 3 is a limited token with administrative privileges removed and administrative groups disabled.  The limited token is used when User Account Control is enabled, the application does not require administrative privilege, and the user does not choose to start the program using Run as administrator. ",Process Creation Success,N/A,1,0,unknown,N/A,Success Audit: A new process has been created,unknown,0,null,1786072398000,255,0,false,0,"true""""",Success Audit,HOST_0004,Success Audit: A new process has been created.,0,1786072711563,No Offense,255,HOST_0056 @ 10.0.0.22,false,3,false,N/A,10.0.0.22,false,1786072711563,5,NETWORK_0016,58,4688,0,3,-1,HOST_0004,[REDACTED_DUPLICATE_PAYLOAD],USER_0004,5000862,false,null,N/A,"10:18:31, 7 thg 8, 2026","10:13:18, 7 thg 8, 2026",MAC_0002,HOST_0057,584,0,false,10.0.0.22,0,N/A,10.0.0.3,2,"10:18:31, 7 thg 8, 2026",0:0:0:0:0:0:0:0,N/A,null,"100101,100221,100265,109237,100668,156193,100277,100272,134937,166353,100223"
N/A,false,0,0,USER_0004,HOST_0054,"{sysmon-eventid=4688, Parent Process Name=MusNotification.exe, Pipe Name=N/A, File Directory=N/A, sysmon-processid=N/A, channel=Security, Object Name=N/A, Account Name=USER_0296, Target User Domain=DOMAIN_0067.LOCAL, mandatory_label=Mandatory Label\Medium Mandatory Level, Logon Account Name=USER_0004, EventIDCode=4688, Terminated Process Name=N/A, MD5 Hash=N/A, Filename=N/A, Key Length=N/A, ProgramName=N/A, Process GUID=N/A, SHA1 Hash=N/A, File Extension=N/A, Object Type=N/A, SHA256 Hash=N/A, Parent Process GUID=N/A, Integrity Level=N/A, sysmon-parentimage=C:\Windows\System32\MusNotification.exe, Description=N/A, Token Elevation Type=N/A, Message=N/A, Encoded Command=N/A, Logon Account Domain=DOMAIN_0001.LOCAL, Process Name=MusNotificationUx.exe, Parent Process ID=N/A, Logon Type=N/A, Account Security ID=S-1-5-21-0004, Share Name=N/A, Authentication Package=N/A, sysmon-processguid=N/A, Realm=DOMAIN_0001.LOCAL, Account ID=S-1-5-21-0002, Process Path=C:\Windows\System32\MusNotificationUx.exe, Status Code=N/A, User Domain=DOMAIN_0067.LOCAL, Encoded Argument=N/A, Target Username=USER_0302, Event ID=4688, sysmon-user=USER_0004, Command=%systemroot%\system32\MusNotificationUx.exe /ClearActiveNotifications /CV HADqvqSQO0GWLu0P.0, Process ID=0xad30, Machine Identifier=HOST_0055, Target Account Security ID=S-1-5-21-0021, Device Name=HOST_0055, IMP Hash=N/A, Parent Process Path=C:\Windows\System32\MusNotification.exe}",false,MAC_0001,MAC_0002,[REDACTED_DUPLICATE_PAYLOAD],3,54185,0,12,false,0:0:0:0:0:0:0:0,N/A,0,N/A,8110,"<13>Aug 07 10:13:15 MST-EX-02.10.100.10.188 AgentDevice=WindowsLog	AgentLogFile=Security	PluginVersion=7.3.1.28	Source=Microsoft-Windows-Security-Auditing	Computer=MST-EX-02.mic.gov.vn	OriginatingComputer=10.100.10.188	User=	Domain=	EventID=4688	EventIDCode=4688	EventType=8	EventCategory=13312	RecordNumber=26680114	TimeGenerated=1786072393	TimeWritten=1786072393	Level=Log Always	Keywords=Audit Success	Task=SE_ADT_DETAILEDTRACKING_PROCESSCREATION	Opcode=Info	Message=A new process has been created.  Creator Subject:  Security ID:  NT DOMAIN_0008.LOCAL\USER_0002  Account Name: USER_0296  Account Domain: DOMAIN_0067.LOCAL  Logon ID:  0x3E7  Target Subject:  Security ID:  DOMAIN_0067.LOCAL\USER_0302  Account Name: USER_0302  Account Domain: DOMAIN_0067.LOCAL  Logon ID:  0x4B0B7813  Process Information:  New Process ID:  0xad30  New Process Name: C:\Windows\System32\MusNotificationUx.exe  Token Elevation Type: TokenElevationTypeLimited (3)  Mandatory Label:  Mandatory Label\Medium Mandatory Level  Creator Process ID: 0x8b48  Creator Process Name: C:\Windows\System32\MusNotification.exe  Process Command Line: %systemroot%\system32\MusNotificationUx.exe /ClearActiveNotifications /CV HADqvqSQO0GWLu0P.0  Token Elevation Type indicates the type of token that was assigned to the new process in accordance with User Account Control policy.  Type 1 is a full token with no privileges removed or groups disabled.  A full token is only used if User Account Control is disabled or if the user is the built-in Administrator account or a service account.  Type 2 is an elevated token with no privileges removed or groups disabled.  An elevated token is used when User Account Control is enabled and the user chooses to start the program using Run as administrator.  An elevated token is also used when an application is configured to always require administrative privilege or to always require maximum privilege, and the user is a member of the Administrators group.  Type 3 is a limited token with administrative privileges removed and administrative groups disabled.  The limited token is used when User Account Control is enabled, the application does not require administrative privilege, and the user does not choose to start the program using Run as administrator. ",Process Creation Success,N/A,1,0,unknown,N/A,Success Audit: A new process has been created,unknown,0,null,1786072393000,255,0,false,0,"true""""",Success Audit,HOST_0004,Success Audit: A new process has been created.,0,1786072700969,No Offense,255,HOST_0056 @ 10.0.0.22,false,3,false,N/A,10.0.0.22,false,1786072700969,5,NETWORK_0016,58,4688,0,3,-1,HOST_0004,[REDACTED_DUPLICATE_PAYLOAD],USER_0004,5000862,false,null,N/A,"10:18:20, 7 thg 8, 2026","10:13:13, 7 thg 8, 2026",MAC_0002,HOST_0057,584,0,false,10.0.0.22,0,N/A,10.0.0.3,6,"10:18:20, 7 thg 8, 2026",0:0:0:0:0:0:0:0,N/A,null,"100101,100221,100265,109237,100668,156193,100277,100272,134937,166353,100223"
N/A,false,0,0,USER_0004,HOST_0054,"{sysmon-eventid=4688, Parent Process Name=svchost.exe, Pipe Name=N/A, File Directory=N/A, sysmon-processid=N/A, channel=Security, Object Name=N/A, Account Name=USER_0296, Target User Domain=DOMAIN_0005.LOCAL, mandatory_label=Mandatory Label\System Mandatory Level, Logon Account Name=USER_0004, EventIDCode=4688, Terminated Process Name=N/A, MD5 Hash=N/A, Filename=N/A, Key Length=N/A, ProgramName=N/A, Process GUID=N/A, SHA1 Hash=N/A, File Extension=N/A, Object Type=N/A, SHA256 Hash=N/A, Parent Process GUID=N/A, Integrity Level=N/A, sysmon-parentimage=C:\Windows\System32\svchost.exe, Description=N/A, Token Elevation Type=N/A, Message=N/A, Encoded Command=N/A, Logon Account Domain=DOMAIN_0001.LOCAL, Process Name=TiWorker.exe, Parent Process ID=N/A, Logon Type=N/A, Account Security ID=S-1-5-21-0004, Share Name=N/A, Authentication Package=N/A, sysmon-processguid=N/A, Realm=DOMAIN_0001.LOCAL, Account ID=S-1-5-21-0002, Process Path=C:\Windows\WinSxS\amd64_microsoftDOMAIN_0069.LOCAL\USER_0090, Status Code=N/A, User Domain=DOMAIN_0067.LOCAL, Encoded Argument=N/A, Target Username=USER_0008, Event ID=4688, sysmon-user=USER_0004, Command=C:\WINDOWS\winsxs\amd64_microsoftDOMAIN_0069.LOCAL\USER_0090 -Embedding, Process ID=0x8c60, Machine Identifier=HOST_0055, Target Account Security ID=S-1-5-21-0003, Device Name=HOST_0055, IMP Hash=N/A, Parent Process Path=C:\Windows\System32\svchost.exe}",false,MAC_0001,MAC_0002,[REDACTED_DUPLICATE_PAYLOAD],3,54185,0,12,false,0:0:0:0:0:0:0:0,N/A,0,N/A,8110,"<13>Aug 07 10:13:00 MST-EX-02.10.100.10.188 AgentDevice=WindowsLog	AgentLogFile=Security	PluginVersion=7.3.1.28	Source=Microsoft-Windows-Security-Auditing	Computer=MST-EX-02.mic.gov.vn	OriginatingComputer=10.100.10.188	User=	Domain=	EventID=4688	EventIDCode=4688	EventType=8	EventCategory=13312	RecordNumber=26679858	TimeGenerated=1786072380	TimeWritten=1786072380	Level=Log Always	Keywords=Audit Success	Task=SE_ADT_DETAILEDTRACKING_PROCESSCREATION	Opcode=Info	Message=A new process has been created.  Creator Subject:  Security ID:  NT DOMAIN_0008.LOCAL\USER_0002  Account Name: USER_0296  Account Domain: DOMAIN_0067.LOCAL  Logon ID:  0x3E7  Target Subject:  Security ID:  NULL SID  Account Name:  -  Account Domain:  -  Logon ID:  0x0  Process Information:  New Process ID:  0x8c60  New Process Name: C:\Windows\WinSxS\amd64_microsoftDOMAIN_0069.LOCAL\USER_0090  Token Elevation Type: TokenElevationTypeDefault (1)  Mandatory Label:  Mandatory Label\System Mandatory Level  Creator Process ID: 0x480  Creator Process Name: C:\Windows\System32\svchost.exe  Process Command Line: C:\WINDOWS\winsxs\amd64_microsoftDOMAIN_0069.LOCAL\USER_0090 -Embedding  Token Elevation Type indicates the type of token that was assigned to the new process in accordance with User Account Control policy.  Type 1 is a full token with no privileges removed or groups disabled.  A full token is only used if User Account Control is disabled or if the user is the built-in Administrator account or a service account.  Type 2 is an elevated token with no privileges removed or groups disabled.  An elevated token is used when User Account Control is enabled and the user chooses to start the program using Run as administrator.  An elevated token is also used when an application is configured to always require administrative privilege or to always require maximum privilege, and the user is a member of the Administrators group.  Type 3 is a limited token with administrative privileges removed and administrative groups disabled.  The limited token is used when User Account Control is enabled, the application does not require administrative privilege, and the user does not choose to start the program using Run as administrator. ",Process Creation Success,N/A,1,0,unknown,N/A,Success Audit: A new process has been created,unknown,0,null,1786072380000,255,0,false,0,"true""""",Success Audit,HOST_0004,Success Audit: A new process has been created.,0,1786072682983,No Offense,255,HOST_0056 @ 10.0.0.22,false,3,false,N/A,10.0.0.22,false,1786072682983,5,NETWORK_0016,58,4688,0,3,-1,HOST_0004,[REDACTED_DUPLICATE_PAYLOAD],USER_0004,5000862,false,null,N/A,"10:18:02, 7 thg 8, 2026","10:13:00, 7 thg 8, 2026",MAC_0002,HOST_0057,584,0,false,10.0.0.22,0,N/A,10.0.0.3,4,"10:18:02, 7 thg 8, 2026",0:0:0:0:0:0:0:0,N/A,null,"100101,100221,100265,109237,100668,156193,100277,100272,134937,166353,100223"
N/A,false,0,0,USER_0004,HOST_0054,"{sysmon-eventid=4688, Parent Process Name=svchost.exe, Pipe Name=N/A, File Directory=N/A, sysmon-processid=N/A, channel=Security, Object Name=N/A, Account Name=USER_0296, Target User Domain=DOMAIN_0005.LOCAL, mandatory_label=Mandatory Label\System Mandatory Level, Logon Account Name=USER_0004, EventIDCode=4688, Terminated Process Name=N/A, MD5 Hash=N/A, Filename=N/A, Key Length=N/A, ProgramName=N/A, Process GUID=N/A, SHA1 Hash=N/A, File Extension=N/A, Object Type=N/A, SHA256 Hash=N/A, Parent Process GUID=N/A, Integrity Level=N/A, sysmon-parentimage=C:\Windows\System32\svchost.exe, Description=N/A, Token Elevation Type=N/A, Message=N/A, Encoded Command=N/A, Logon Account Domain=DOMAIN_0001.LOCAL, Process Name=taskhostw.exe, Parent Process ID=N/A, Logon Type=N/A, Account Security ID=S-1-5-21-0004, Share Name=N/A, Authentication Package=N/A, sysmon-processguid=N/A, Realm=DOMAIN_0001.LOCAL, Account ID=S-1-5-21-0002, Process Path=C:\Windows\System32\taskhostw.exe, Status Code=N/A, User Domain=DOMAIN_0067.LOCAL, Encoded Argument=N/A, Target Username=USER_0008, Event ID=4688, sysmon-user=USER_0004, Command=taskhostw.exe, Process ID=0x2d48, Machine Identifier=HOST_0055, Target Account Security ID=S-1-5-21-0003, Device Name=HOST_0055, IMP Hash=N/A, Parent Process Path=C:\Windows\System32\svchost.exe}",false,MAC_0001,MAC_0002,[REDACTED_DUPLICATE_PAYLOAD],3,54185,0,12,false,0:0:0:0:0:0:0:0,N/A,0,N/A,8110,"<13>Aug 07 10:13:00 MST-EX-02.10.100.10.188 AgentDevice=WindowsLog	AgentLogFile=Security	PluginVersion=7.3.1.28	Source=Microsoft-Windows-Security-Auditing	Computer=MST-EX-02.mic.gov.vn	OriginatingComputer=10.100.10.188	User=	Domain=	EventID=4688	EventIDCode=4688	EventType=8	EventCategory=13312	RecordNumber=26679694	TimeGenerated=1786072378	TimeWritten=1786072378	Level=Log Always	Keywords=Audit Success	Task=SE_ADT_DETAILEDTRACKING_PROCESSCREATION	Opcode=Info	Message=A new process has been created.  Creator Subject:  Security ID:  NT DOMAIN_0008.LOCAL\USER_0002  Account Name: USER_0296  Account Domain: DOMAIN_0067.LOCAL  Logon ID:  0x3E7  Target Subject:  Security ID:  NULL SID  Account Name:  -  Account Domain:  -  Logon ID:  0x0  Process Information:  New Process ID:  0x2d48  New Process Name: C:\Windows\System32\taskhostw.exe  Token Elevation Type: TokenElevationTypeDefault (1)  Mandatory Label:  Mandatory Label\System Mandatory Level  Creator Process ID: 0x790  Creator Process Name: C:\Windows\System32\svchost.exe  Process Command Line: taskhostw.exe  Token Elevation Type indicates the type of token that was assigned to the new process in accordance with User Account Control policy.  Type 1 is a full token with no privileges removed or groups disabled.  A full token is only used if User Account Control is disabled or if the user is the built-in Administrator account or a service account.  Type 2 is an elevated token with no privileges removed or groups disabled.  An elevated token is used when User Account Control is enabled and the user chooses to start the program using Run as administrator.  An elevated token is also used when an application is configured to always require administrative privilege or to always require maximum privilege, and the user is a member of the Administrators group.  Type 3 is a limited token with administrative privileges removed and administrative groups disabled.  The limited token is used when User Account Control is enabled, the application does not require administrative privilege, and the user does not choose to start the program using Run as administrator. ",Process Creation Success,N/A,1,0,unknown,N/A,Success Audit: A new process has been created,unknown,0,null,1786072378000,255,0,false,0,"true""""",Success Audit,HOST_0004,Success Audit: A new process has been created.,0,1786072682983,No Offense,255,HOST_0056 @ 10.0.0.22,false,3,false,N/A,10.0.0.22,false,1786072682983,5,NETWORK_0016,58,4688,0,3,-1,HOST_0004,[REDACTED_DUPLICATE_PAYLOAD],USER_0004,5000862,false,null,N/A,"10:18:02, 7 thg 8, 2026","10:12:58, 7 thg 8, 2026",MAC_0002,HOST_0057,584,0,false,10.0.0.22,0,N/A,10.0.0.3,1,"10:18:02, 7 thg 8, 2026",0:0:0:0:0:0:0:0,N/A,null,"100101,100221,100265,109237,100668,156193,100277,100272,134937,166353,100223"
N/A,false,0,0,USER_0004,HOST_0054,"{sysmon-eventid=1, Parent Process Name=svchost.exe, Pipe Name=N/A, File Directory=N/A, sysmon-processid=35936, channel=Microsoft-Windows-Sysmon/Operational, sysmon-username= NT DOMAIN_0008.LOCAL\USER_0002, Parent Command=C:\WINDOWS\system32\svchost.exe -k DcomLaunch -p, Object Name=N/A, Account Name=USER_0004, sysmon-currentdirectory=C:\WINDOWS\system32\, Target User Domain=DOMAIN_0001.LOCAL, Logon Account Name=USER_0004, Product Description=Windows Modules Installer Worker, EventIDCode=1, Terminated Process Name=N/A, MD5 Hash=2F1C0A9BA17D3E6144C0D7EA047EDAF0, Filename=N/A, Key Length=N/A, sysmon-logonid=0x3E7, ProgramName=N/A, Process GUID=d1bff887-4d3c-6a75-9caa-000000000e00, SHA1 Hash=F2412279E731F7F4DDAC886C26146831F25F118B, File Extension=N/A, Object Type=N/A, sysmon-hash=SHA1=F2412279E731F7F4DDAC886C26146831F25F118B,MD5=2F1C0A9BA17D3E6144C0D7EA047EDAF0,SHA256=B31DCD78EBB7F07E577BF5AE4461CA79885490A5ADE39E85B609A9F1F4D15754,IMPHASH=4F19874ECEDC6B39BB338EE611CD2A84, SHA256 Hash=B31DCD78EBB7F07E577BF5AE4461CA79885490A5ADE39E85B609A9F1F4D15754, Parent Process GUID=d1bff887-bd0d-6a57-0d00-000000000e00, Integrity Level=System, sysmon-parentimage=C:\Windows\System32\svchost.exe, Description=Description: Windows Modules Installer Worker Product, File Hash=F2412279E731F7F4DDAC886C26146831F25F118B, Token Elevation Type=N/A, Message=N/A, sysmon-rulename=-, Encoded Command=N/A, Logon Account Domain=DOMAIN_0001.LOCAL, Process Name=TiWorker.exe, Parent Process ID=1152, sysmon-parentcommandline=C:\WINDOWS\system32\svchost.exe -k DcomLaunch -p, Logon Type=N/A, sysmon-integritylevel=System, sysmon-logonguid={d1bff887-bd0c-6a57-e703-000000000000}, Account Security ID=S-1-5-21-0002, Share Name=N/A, Authentication Package=N/A, sysmon-processguid={d1bff887-4d3c-6a75-9caa-000000000e00}, Realm=DOMAIN_0001.LOCAL, Account ID=S-1-5-21-0002, sysmon-description=Windows Modules Installer Worker, Process Path=C:\Windows\WinSxS\amd64_microsoftDOMAIN_0069.LOCAL\USER_0090, Status Code=N/A, Product Name=Microsoft® Windows® Operating System, User Domain=DOMAIN_0001.LOCAL, Encoded Argument=N/A, Target Username=USER_0004, Event ID=1, sysmon-parentprocessid=1152, Product Company=Microsoft Corporation, sysmon-fileversion=10.0.20348.5384 (WinBuild.160101.0800), sysmon-parentprocessguid={d1bff887-bd0d-6a57-0d00-000000000e00}, sysmon-user=USER_0002, Command=C:\WINDOWS\winsxs\amd64_microsoftDOMAIN_0069.LOCAL\USER_0090 -Embedding, sysmon-originalfilename=TiWorker.exe, Process ID=35936, sysmon-image=C:\Windows\WinSxS\amd64_microsoft-windows-servicingstack_31bf3856ad364e35_10.0.20348.5384_none_b1dbc44ef97c28de\TiWorker.exe, Machine Identifier=HOST_0055, Target Account Security ID=S-1-5-21-0002, sysmon-commandline=C:\WINDOWS\winsxs\amd64_microsoftDOMAIN_0069.LOCAL\USER_0090 -Embedding, Device Name=HOST_0055, IMP Hash=4F19874ECEDC6B39BB338EE611CD2A84, Current Working Directory=C:\WINDOWS\system32\, Parent Process Path=C:\Windows\System32\svchost.exe, sysmon-terminalsessionid=0}",false,MAC_0001,MAC_0002,[REDACTED_DUPLICATE_PAYLOAD],3,54185,0,12,false,0:0:0:0:0:0:0:0,N/A,0,N/A,8110,"<13>Aug 07 10:13:02 MST-EX-02.10.100.10.188 AgentDevice=WindowsLog	AgentLogFile=Microsoft-Windows-Sysmon/Operational	PluginVersion=7.3.1.28	Source=Microsoft-Windows-Sysmon	Computer=MST-EX-02.mic.gov.vn	OriginatingComputer=10.100.10.188	User=USER_0002	Domain=DOMAIN_0006.LOCAL	EventID=1	EventIDCode=1	EventType=4	EventCategory=1	RecordNumber=8359112	TimeGenerated=1786072380	TimeWritten=1786072380	Level=Informational	Keywords=0x8000000000000000	Task=SysmonTask-SYSMON_CREATE_PROCESS	Opcode=Info	Message=Process Create: RuleName: - UtcTime: 2026-08-07 03:13:00.190 ProcessGuid: {d1bff887-4d3c-6a75-9caa-000000000e00} ProcessId: 35936 Image: C:\Windows\WinSxS\amd64_microsoftDOMAIN_0069.LOCAL\USER_0090 FileVersion: 10.0.20348.5384 (WinBuild.160101.0800) Description: Windows Modules Installer Worker Product: Microsoft® Windows® Operating System Company: Microsoft Corporation OriginalFileName: TiWorker.exe CommandLine: C:\WINDOWS\winsxs\amd64_microsoftDOMAIN_0069.LOCAL\USER_0090 -Embedding CurrentDirectory: C:\WINDOWS\system32\ User: NT DOMAIN_0008.LOCAL\USER_0002 LogonGuid: {d1bff887-bd0c-6a57-e703-000000000000} LogonId: 0x3E7 TerminalSessionId: 0 IntegrityLevel: System Hashes: SHA1=F2412279E731F7F4DDAC886C26146831F25F118B,MD5=2F1C0A9BA17D3E6144C0D7EA047EDAF0,SHA256=B31DCD78EBB7F07E577BF5AE4461CA79885490A5ADE39E85B609A9F1F4D15754,IMPHASH=4F19874ECEDC6B39BB338EE611CD2A84 ParentProcessGuid: {d1bff887-bd0d-6a57-0d00-000000000e00} ParentProcessId: 1152 ParentImage: C:\Windows\System32\svchost.exe ParentCommandLine: C:\WINDOWS\system32\svchost.exe -k DcomLaunch -p ",Process Creation Success,N/A,1,0,unknown,N/A,Process Create,unknown,0,null,1786072380000,255,0,false,0,"true""""",Microsoft-Windows-Sysmon/Operational,HOST_0004,The process creation event provides extended information about a newly created process.,0,1786072679715,No Offense,255,HOST_0056 @ 10.0.0.22,false,3,false,N/A,10.0.0.22,false,1786072739715,5,NETWORK_0016,58,1,0,3,-1,HOST_0004,[REDACTED_DUPLICATE_PAYLOAD],USER_0002,5001828,false,null,N/A,"10:17:59, 7 thg 8, 2026","10:13:00, 7 thg 8, 2026",MAC_0002,HOST_0057,584,0,false,10.0.0.22,0,N/A,10.0.0.3,3,"10:18:59, 7 thg 8, 2026",0:0:0:0:0:0:0:0,N/A,null,"100101,100221,100265,109237,109187,100668,156193,100277,100272,134937,166353,100223"
N/A,false,0,0,USER_0004,HOST_0054,"{sysmon-eventid=1, Parent Process Name=svchost.exe, Pipe Name=N/A, File Directory=N/A, sysmon-processid=11592, channel=Microsoft-Windows-Sysmon/Operational, sysmon-username= NT DOMAIN_0008.LOCAL\USER_0002, Parent Command=C:\WINDOWS\system32\svchost.exe -k netsvcs -p -s Schedule, Object Name=N/A, Account Name=USER_0004, sysmon-currentdirectory=C:\WINDOWS\system32\, Target User Domain=DOMAIN_0001.LOCAL, Logon Account Name=USER_0004, Product Description=Host Process for Windows Tasks, EventIDCode=1, Terminated Process Name=N/A, MD5 Hash=E890D9A2DDCBC873E135294DAEDE01F4, Filename=N/A, Key Length=N/A, sysmon-logonid=0x3E7, ProgramName=N/A, Process GUID=d1bff887-4d3a-6a75-98aa-000000000e00, SHA1 Hash=6AD8CE3F2B7A377C3AD27A45CF1659DBBECB470C, File Extension=N/A, Object Type=N/A, sysmon-hash=SHA1=6AD8CE3F2B7A377C3AD27A45CF1659DBBECB470C,MD5=E890D9A2DDCBC873E135294DAEDE01F4,SHA256=45D8D8C878BE23E1A41509FF0139DC3AA107956365F75B0F752E8B162357C2EB,IMPHASH=1C4E2D9936E4D9F2490B08AAB4D24260, SHA256 Hash=45D8D8C878BE23E1A41509FF0139DC3AA107956365F75B0F752E8B162357C2EB, Parent Process GUID=d1bff887-bd10-6a57-1f00-000000000e00, Integrity Level=System, sysmon-parentimage=C:\Windows\System32\svchost.exe, Description=Description: Host Process for Windows Tasks Product, File Hash=6AD8CE3F2B7A377C3AD27A45CF1659DBBECB470C, Token Elevation Type=N/A, Message=N/A, sysmon-rulename=-, Encoded Command=N/A, Logon Account Domain=DOMAIN_0001.LOCAL, Process Name=taskhostw.exe, Parent Process ID=1936, sysmon-parentcommandline=C:\WINDOWS\system32\svchost.exe -k netsvcs -p -s Schedule, Logon Type=N/A, sysmon-integritylevel=System, sysmon-logonguid={d1bff887-bd0c-6a57-e703-000000000000}, Account Security ID=S-1-5-21-0002, Share Name=N/A, Authentication Package=N/A, sysmon-processguid={d1bff887-4d3a-6a75-98aa-000000000e00}, Realm=DOMAIN_0001.LOCAL, Account ID=S-1-5-21-0002, sysmon-description=Host Process for Windows Tasks, Process Path=C:\Windows\System32\taskhostw.exe, Status Code=N/A, Product Name=Microsoft® Windows® Operating System, User Domain=DOMAIN_0001.LOCAL, Encoded Argument=N/A, Target Username=USER_0004, Event ID=1, sysmon-parentprocessid=1936, Product Company=Microsoft Corporation, sysmon-fileversion=10.0.20348.3451 (WinBuild.160101.0800), sysmon-parentprocessguid={d1bff887-bd10-6a57-1f00-000000000e00}, sysmon-user=USER_0002, Command=taskhostw.exe, sysmon-originalfilename=taskhostw.exe, Process ID=11592, sysmon-image=C:\Windows\System32\taskhostw.exe, Machine Identifier=HOST_0055, Target Account Security ID=S-1-5-21-0002, sysmon-commandline=taskhostw.exe, Device Name=HOST_0055, IMP Hash=1C4E2D9936E4D9F2490B08AAB4D24260, Current Working Directory=C:\WINDOWS\system32\, Parent Process Path=C:\Windows\System32\svchost.exe, sysmon-terminalsessionid=0}",false,MAC_0001,MAC_0002,[REDACTED_DUPLICATE_PAYLOAD],3,54185,0,12,false,0:0:0:0:0:0:0:0,N/A,0,N/A,8110,"<13>Aug 07 10:12:59 MST-EX-02.10.100.10.188 AgentDevice=WindowsLog	AgentLogFile=Microsoft-Windows-Sysmon/Operational	PluginVersion=7.3.1.28	Source=Microsoft-Windows-Sysmon	Computer=MST-EX-02.mic.gov.vn	OriginatingComputer=10.100.10.188	User=USER_0002	Domain=DOMAIN_0006.LOCAL	EventID=1	EventIDCode=1	EventType=4	EventCategory=1	RecordNumber=8357350	TimeGenerated=1786072378	TimeWritten=1786072378	Level=Informational	Keywords=0x8000000000000000	Task=SysmonTask-SYSMON_CREATE_PROCESS	Opcode=Info	Message=Process Create: RuleName: - UtcTime: 2026-08-07 03:12:58.178 ProcessGuid: {d1bff887-4d3a-6a75-98aa-000000000e00} ProcessId: 11592 Image: C:\Windows\System32\taskhostw.exe FileVersion: 10.0.20348.3451 (WinBuild.160101.0800) Description: Host Process for Windows Tasks Product: Microsoft® Windows® Operating System Company: Microsoft Corporation OriginalFileName: taskhostw.exe CommandLine: taskhostw.exe CurrentDirectory: C:\WINDOWS\system32\ User: NT DOMAIN_0008.LOCAL\USER_0002 LogonGuid: {d1bff887-bd0c-6a57-e703-000000000000} LogonId: 0x3E7 TerminalSessionId: 0 IntegrityLevel: System Hashes: SHA1=6AD8CE3F2B7A377C3AD27A45CF1659DBBECB470C,MD5=E890D9A2DDCBC873E135294DAEDE01F4,SHA256=45D8D8C878BE23E1A41509FF0139DC3AA107956365F75B0F752E8B162357C2EB,IMPHASH=1C4E2D9936E4D9F2490B08AAB4D24260 ParentProcessGuid: {d1bff887-bd10-6a57-1f00-000000000e00} ParentProcessId: 1936 ParentImage: C:\Windows\System32\svchost.exe ParentCommandLine: C:\WINDOWS\system32\svchost.exe -k netsvcs -p -s Schedule ",Process Creation Success,N/A,1,0,unknown,N/A,Process Create,unknown,0,null,1786072378000,255,0,false,0,"true""""",Microsoft-Windows-Sysmon/Operational,HOST_0004,The process creation event provides extended information about a newly created process.,0,1786072679715,No Offense,255,HOST_0056 @ 10.0.0.22,false,3,false,N/A,10.0.0.22,false,1786072739715,5,NETWORK_0016,58,1,0,3,-1,HOST_0004,[REDACTED_DUPLICATE_PAYLOAD],USER_0002,5001828,false,null,N/A,"10:17:59, 7 thg 8, 2026","10:12:58, 7 thg 8, 2026",MAC_0002,HOST_0057,584,0,false,10.0.0.22,0,N/A,10.0.0.3,1,"10:18:59, 7 thg 8, 2026",0:0:0:0:0:0:0:0,N/A,null,"100101,100221,100265,109237,109187,100668,156193,100277,100272,134937,166353,100223"
N/A,false,0,0,USER_0004,HOST_0054,"{sysmon-eventid=1, Parent Process Name=svchost.exe, Pipe Name=N/A, File Directory=N/A, sysmon-processid=18196, channel=Microsoft-Windows-Sysmon/Operational, sysmon-username= NT DOMAIN_0008.LOCAL\USER_0002, Parent Command=C:\WINDOWS\system32\svchost.exe -k DcomLaunch -p, Object Name=N/A, Account Name=USER_0004, sysmon-currentdirectory=C:\WINDOWS\system32\, Target User Domain=DOMAIN_0001.LOCAL, Logon Account Name=USER_0004, Product Description=MoUSO Core Worker Process, EventIDCode=1, Terminated Process Name=N/A, MD5 Hash=F9C3FFA8AA9F63A44BA20F1E1DFBB550, Filename=N/A, Key Length=N/A, sysmon-logonid=0x3E7, ProgramName=N/A, Process GUID=d1bff887-4d38-6a75-97aa-000000000e00, SHA1 Hash=D5F2AA33B78567920942F84D9C1D0A2A2BEAA8FF, File Extension=N/A, Object Type=N/A, sysmon-hash=SHA1=D5F2AA33B78567920942F84D9C1D0A2A2BEAA8FF,MD5=F9C3FFA8AA9F63A44BA20F1E1DFBB550,SHA256=3AB6B3BB813457984C8E2AF7BE5F180A403F1ABEE714CEB43046395FE2DA7278,IMPHASH=18CFE5F6B94303AA810384B59A1E8333, SHA256 Hash=3AB6B3BB813457984C8E2AF7BE5F180A403F1ABEE714CEB43046395FE2DA7278, Parent Process GUID=d1bff887-bd0d-6a57-0d00-000000000e00, Integrity Level=System, sysmon-parentimage=C:\Windows\System32\svchost.exe, Description=Description: MoUSO Core Worker Process Product, File Hash=D5F2AA33B78567920942F84D9C1D0A2A2BEAA8FF, Token Elevation Type=N/A, Message=N/A, sysmon-rulename=-, Encoded Command=N/A, Logon Account Domain=DOMAIN_0001.LOCAL, Process Name=MoUsoCoreWorker.exe, Parent Process ID=1152, sysmon-parentcommandline=C:\WINDOWS\system32\svchost.exe -k DcomLaunch -p, Logon Type=N/A, sysmon-integritylevel=System, sysmon-logonguid={d1bff887-bd0c-6a57-e703-000000000000}, Account Security ID=S-1-5-21-0002, Share Name=N/A, Authentication Package=N/A, sysmon-processguid={d1bff887-4d38-6a75-97aa-000000000e00}, Realm=DOMAIN_0001.LOCAL, Account ID=S-1-5-21-0002, sysmon-description=MoUSO Core Worker Process, Process Path=C:\Windows\System32\MoUsoCoreWorker.exe, Status Code=N/A, Product Name=Microsoft® Windows® Operating System, User Domain=DOMAIN_0001.LOCAL, Encoded Argument=N/A, Target Username=USER_0004, Event ID=1, sysmon-parentprocessid=1152, Product Company=Microsoft Corporation, sysmon-fileversion=10.0.20348.5386 (WinBuild.160101.0800), sysmon-parentprocessguid={d1bff887-bd0d-6a57-0d00-000000000e00}, sysmon-user=USER_0002, Command=C:\Windows\System32\mousocoreworker.exe -Embedding, sysmon-originalfilename=MoUSOCoreWorker.exe, Process ID=18196, sysmon-image=C:\Windows\System32\MoUsoCoreWorker.exe, Machine Identifier=HOST_0055, Target Account Security ID=S-1-5-21-0002, sysmon-commandline=C:\Windows\System32\mousocoreworker.exe -Embedding, Device Name=HOST_0055, IMP Hash=18CFE5F6B94303AA810384B59A1E8333, Current Working Directory=C:\WINDOWS\system32\, Parent Process Path=C:\Windows\System32\svchost.exe, sysmon-terminalsessionid=0}",false,MAC_0001,MAC_0002,[REDACTED_DUPLICATE_PAYLOAD],3,54185,0,12,false,0:0:0:0:0:0:0:0,N/A,0,N/A,8110,"<13>Aug 07 10:12:59 MST-EX-02.10.100.10.188 AgentDevice=WindowsLog	AgentLogFile=Microsoft-Windows-Sysmon/Operational	PluginVersion=7.3.1.28	Source=Microsoft-Windows-Sysmon	Computer=MST-EX-02.mic.gov.vn	OriginatingComputer=10.100.10.188	User=USER_0002	Domain=DOMAIN_0006.LOCAL	EventID=1	EventIDCode=1	EventType=4	EventCategory=1	RecordNumber=8355104	TimeGenerated=1786072376	TimeWritten=1786072376	Level=Informational	Keywords=0x8000000000000000	Task=SysmonTask-SYSMON_CREATE_PROCESS	Opcode=Info	Message=Process Create: RuleName: - UtcTime: 2026-08-07 03:12:56.078 ProcessGuid: {d1bff887-4d38-6a75-97aa-000000000e00} ProcessId: 18196 Image: C:\Windows\System32\MoUsoCoreWorker.exe FileVersion: 10.0.20348.5386 (WinBuild.160101.0800) Description: MoUSO Core Worker Process Product: Microsoft® Windows® Operating System Company: Microsoft Corporation OriginalFileName: MoUSOCoreWorker.exe CommandLine: C:\Windows\System32\mousocoreworker.exe -Embedding CurrentDirectory: C:\WINDOWS\system32\ User: NT DOMAIN_0008.LOCAL\USER_0002 LogonGuid: {d1bff887-bd0c-6a57-e703-000000000000} LogonId: 0x3E7 TerminalSessionId: 0 IntegrityLevel: System Hashes: SHA1=D5F2AA33B78567920942F84D9C1D0A2A2BEAA8FF,MD5=F9C3FFA8AA9F63A44BA20F1E1DFBB550,SHA256=3AB6B3BB813457984C8E2AF7BE5F180A403F1ABEE714CEB43046395FE2DA7278,IMPHASH=18CFE5F6B94303AA810384B59A1E8333 ParentProcessGuid: {d1bff887-bd0d-6a57-0d00-000000000e00} ParentProcessId: 1152 ParentImage: C:\Windows\System32\svchost.exe ParentCommandLine: C:\WINDOWS\system32\svchost.exe -k DcomLaunch -p ",Process Creation Success,N/A,1,0,unknown,N/A,Process Create,unknown,0,null,1786072376000,255,0,false,0,"true""""",Microsoft-Windows-Sysmon/Operational,HOST_0004,The process creation event provides extended information about a newly created process.,0,1786072679612,No Offense,255,HOST_0056 @ 10.0.0.22,false,3,false,N/A,10.0.0.22,false,1786072679612,5,NETWORK_0016,58,1,0,3,-1,HOST_0004,[REDACTED_DUPLICATE_PAYLOAD],USER_0002,5001828,false,null,N/A,"10:17:59, 7 thg 8, 2026","10:12:56, 7 thg 8, 2026",MAC_0002,HOST_0057,584,0,false,10.0.0.22,0,N/A,10.0.0.3,1,"10:17:59, 7 thg 8, 2026",0:0:0:0:0:0:0:0,N/A,null,"100101,100221,100265,109237,109187,100668,156193,100277,100272,134937,166353,100223"
N/A,false,0,0,USER_0004,HOST_0054,"{sysmon-eventid=1, Parent Process Name=svchost.exe, Pipe Name=N/A, File Directory=N/A, sysmon-processid=44028, channel=Microsoft-Windows-Sysmon/Operational, sysmon-username= NT DOMAIN_0008.LOCAL\USER_0002, Parent Command=C:\WINDOWS\system32\svchost.exe -k netsvcs -p -s Schedule, Object Name=N/A, Account Name=USER_0004, sysmon-currentdirectory=C:\WINDOWS\system32\, Target User Domain=DOMAIN_0001.LOCAL, Logon Account Name=USER_0004, Product Description=UsoClient, EventIDCode=1, Terminated Process Name=N/A, MD5 Hash=1FEDDB97CDC1D931766010363F9B945E, Filename=N/A, Key Length=N/A, sysmon-logonid=0x3E7, ProgramName=N/A, Process GUID=d1bff887-4d38-6a75-96aa-000000000e00, SHA1 Hash=B3837BC524FB8D1C67025D7FA90C30C0A4A7657D, File Extension=N/A, Object Type=N/A, sysmon-hash=SHA1=B3837BC524FB8D1C67025D7FA90C30C0A4A7657D,MD5=1FEDDB97CDC1D931766010363F9B945E,SHA256=0ECCF139A5C8F2DCB8DD648EFF85C42309456EA74EE90FAE9ADAB4FB06968006,IMPHASH=59970DB1D5EF76D2AB92AE1BF6482723, SHA256 Hash=0ECCF139A5C8F2DCB8DD648EFF85C42309456EA74EE90FAE9ADAB4FB06968006, Parent Process GUID=d1bff887-bd10-6a57-1f00-000000000e00, Integrity Level=System, sysmon-parentimage=C:\Windows\System32\svchost.exe, Description=Description: UsoClient Product, File Hash=B3837BC524FB8D1C67025D7FA90C30C0A4A7657D, Token Elevation Type=N/A, Message=N/A, sysmon-rulename=-, Encoded Command=N/A, Logon Account Domain=DOMAIN_0001.LOCAL, Process Name=UsoClient.exe, Parent Process ID=1936, sysmon-parentcommandline=C:\WINDOWS\system32\svchost.exe -k netsvcs -p -s Schedule, Logon Type=N/A, sysmon-integritylevel=System, sysmon-logonguid={d1bff887-bd0c-6a57-e703-000000000000}, Account Security ID=S-1-5-21-0002, Share Name=N/A, Authentication Package=N/A, sysmon-processguid={d1bff887-4d38-6a75-96aa-000000000e00}, Realm=DOMAIN_0001.LOCAL, Account ID=S-1-5-21-0002, sysmon-description=UsoClient, Process Path=C:\Windows\System32\UsoClient.exe, Status Code=N/A, Product Name=Microsoft® Windows® Operating System, User Domain=DOMAIN_0001.LOCAL, Encoded Argument=N/A, Target Username=USER_0004, Event ID=1, sysmon-parentprocessid=1936, Product Company=Microsoft Corporation, sysmon-fileversion=10.0.20348.3207 (WinBuild.160101.0800), sysmon-parentprocessguid={d1bff887-bd10-6a57-1f00-000000000e00}, sysmon-user=USER_0002, Command=""C:\WINDOWS\system32\usoclient.exe"" StartScan, sysmon-originalfilename=UsoClient, Process ID=44028, sysmon-image=C:\Windows\System32\UsoClient.exe, Machine Identifier=HOST_0055, Target Account Security ID=S-1-5-21-0002, sysmon-commandline=""C:\WINDOWS\system32\usoclient.exe"" StartScan, Device Name=HOST_0055, IMP Hash=59970DB1D5EF76D2AB92AE1BF6482723, Current Working Directory=C:\WINDOWS\system32\, Parent Process Path=C:\Windows\System32\svchost.exe, sysmon-terminalsessionid=0}",false,MAC_0001,MAC_0002,[REDACTED_DUPLICATE_PAYLOAD],3,54185,0,12,false,0:0:0:0:0:0:0:0,N/A,0,N/A,8110,"<13>Aug 07 10:12:59 MST-EX-02.10.100.10.188 AgentDevice=WindowsLog	AgentLogFile=Microsoft-Windows-Sysmon/Operational	PluginVersion=7.3.1.28	Source=Microsoft-Windows-Sysmon	Computer=MST-EX-02.mic.gov.vn	OriginatingComputer=10.100.10.188	User=USER_0002	Domain=DOMAIN_0006.LOCAL	EventID=1	EventIDCode=1	EventType=4	EventCategory=1	RecordNumber=8355071	TimeGenerated=1786072376	TimeWritten=1786072376	Level=Informational	Keywords=0x8000000000000000	Task=SysmonTask-SYSMON_CREATE_PROCESS	Opcode=Info	Message=Process Create: RuleName: - UtcTime: 2026-08-07 03:12:56.018 ProcessGuid: {d1bff887-4d38-6a75-96aa-000000000e00} ProcessId: 44028 Image: C:\Windows\System32\UsoClient.exe FileVersion: 10.0.20348.3207 (WinBuild.160101.0800) Description: UsoClient Product: Microsoft® Windows® Operating System Company: Microsoft Corporation OriginalFileName: UsoClient CommandLine: ""C:\WINDOWS\system32\usoclient.exe"" StartScan CurrentDirectory: C:\WINDOWS\system32\ User: NT DOMAIN_0008.LOCAL\USER_0002 LogonGuid: {d1bff887-bd0c-6a57-e703-000000000000} LogonId: 0x3E7 TerminalSessionId: 0 IntegrityLevel: System Hashes: SHA1=B3837BC524FB8D1C67025D7FA90C30C0A4A7657D,MD5=1FEDDB97CDC1D931766010363F9B945E,SHA256=0ECCF139A5C8F2DCB8DD648EFF85C42309456EA74EE90FAE9ADAB4FB06968006,IMPHASH=59970DB1D5EF76D2AB92AE1BF6482723 ParentProcessGuid: {d1bff887-bd10-6a57-1f00-000000000e00} ParentProcessId: 1936 ParentImage: C:\Windows\System32\svchost.exe ParentCommandLine: C:\WINDOWS\system32\svchost.exe -k netsvcs -p -s Schedule ",Process Creation Success,N/A,1,0,unknown,N/A,Process Create,unknown,0,null,1786072376000,255,0,false,0,"true""""",Microsoft-Windows-Sysmon/Operational,HOST_0004,The process creation event provides extended information about a newly created process.,0,1786072679612,No Offense,255,HOST_0056 @ 10.0.0.22,false,3,false,N/A,10.0.0.22,false,1786072679612,5,NETWORK_0016,58,1,0,3,-1,HOST_0004,[REDACTED_DUPLICATE_PAYLOAD],USER_0002,5001828,false,null,N/A,"10:17:59, 7 thg 8, 2026","10:12:56, 7 thg 8, 2026",MAC_0002,HOST_0057,584,0,false,10.0.0.22,0,N/A,10.0.0.3,1,"10:17:59, 7 thg 8, 2026",0:0:0:0:0:0:0:0,N/A,null,"100101,100221,100265,109237,109187,100668,156193,100277,100272,134937,166353,100223"
N/A,false,0,0,USER_0004,HOST_0054,"{sysmon-eventid=4688, Parent Process Name=svchost.exe, Pipe Name=N/A, File Directory=N/A, sysmon-processid=N/A, channel=Security, Object Name=N/A, Account Name=USER_0296, Target User Domain=DOMAIN_0005.LOCAL, mandatory_label=Mandatory Label\System Mandatory Level, Logon Account Name=USER_0004, EventIDCode=4688, Terminated Process Name=N/A, MD5 Hash=N/A, Filename=N/A, Key Length=N/A, ProgramName=N/A, Process GUID=N/A, SHA1 Hash=N/A, File Extension=N/A, Object Type=N/A, SHA256 Hash=N/A, Parent Process GUID=N/A, Integrity Level=N/A, sysmon-parentimage=C:\Windows\System32\svchost.exe, Description=N/A, Token Elevation Type=N/A, Message=N/A, Encoded Command=N/A, Logon Account Domain=DOMAIN_0001.LOCAL, Process Name=MoUsoCoreWorker.exe, Parent Process ID=N/A, Logon Type=N/A, Account Security ID=S-1-5-21-0004, Share Name=N/A, Authentication Package=N/A, sysmon-processguid=N/A, Realm=DOMAIN_0001.LOCAL, Account ID=S-1-5-21-0002, Process Path=C:\Windows\System32\MoUsoCoreWorker.exe, Status Code=N/A, User Domain=DOMAIN_0067.LOCAL, Encoded Argument=N/A, Target Username=USER_0008, Event ID=4688, sysmon-user=USER_0004, Command=C:\Windows\System32\mousocoreworker.exe -Embedding, Process ID=0x4714, Machine Identifier=HOST_0055, Target Account Security ID=S-1-5-21-0003, Device Name=HOST_0055, IMP Hash=N/A, Parent Process Path=C:\Windows\System32\svchost.exe}",false,MAC_0001,MAC_0002,[REDACTED_DUPLICATE_PAYLOAD],3,54185,0,12,false,0:0:0:0:0:0:0:0,N/A,0,N/A,8110,"<13>Aug 07 10:12:57 MST-EX-02.10.100.10.188 AgentDevice=WindowsLog	AgentLogFile=Security	PluginVersion=7.3.1.28	Source=Microsoft-Windows-Security-Auditing	Computer=MST-EX-02.mic.gov.vn	OriginatingComputer=10.100.10.188	User=	Domain=	EventID=4688	EventIDCode=4688	EventType=8	EventCategory=13312	RecordNumber=26679604	TimeGenerated=1786072376	TimeWritten=1786072376	Level=Log Always	Keywords=Audit Success	Task=SE_ADT_DETAILEDTRACKING_PROCESSCREATION	Opcode=Info	Message=A new process has been created.  Creator Subject:  Security ID:  NT DOMAIN_0008.LOCAL\USER_0002  Account Name: USER_0296  Account Domain: DOMAIN_0067.LOCAL  Logon ID:  0x3E7  Target Subject:  Security ID:  NULL SID  Account Name:  -  Account Domain:  -  Logon ID:  0x0  Process Information:  New Process ID:  0x4714  New Process Name: C:\Windows\System32\MoUsoCoreWorker.exe  Token Elevation Type: TokenElevationTypeDefault (1)  Mandatory Label:  Mandatory Label\System Mandatory Level  Creator Process ID: 0x480  Creator Process Name: C:\Windows\System32\svchost.exe  Process Command Line: C:\Windows\System32\mousocoreworker.exe -Embedding  Token Elevation Type indicates the type of token that was assigned to the new process in accordance with User Account Control policy.  Type 1 is a full token with no privileges removed or groups disabled.  A full token is only used if User Account Control is disabled or if the user is the built-in Administrator account or a service account.  Type 2 is an elevated token with no privileges removed or groups disabled.  An elevated token is used when User Account Control is enabled and the user chooses to start the program using Run as administrator.  An elevated token is also used when an application is configured to always require administrative privilege or to always require maximum privilege, and the user is a member of the Administrators group.  Type 3 is a limited token with administrative privileges removed and administrative groups disabled.  The limited token is used when User Account Control is enabled, the application does not require administrative privilege, and the user does not choose to start the program using Run as administrator. ",Process Creation Success,N/A,1,0,unknown,N/A,Success Audit: A new process has been created,unknown,0,null,1786072376000,255,0,false,0,"true""""",Success Audit,HOST_0004,Success Audit: A new process has been created.,0,1786072678587,No Offense,255,HOST_0056 @ 10.0.0.22,false,3,false,N/A,10.0.0.22,false,1786072678587,5,NETWORK_0016,58,4688,0,3,-1,HOST_0004,[REDACTED_DUPLICATE_PAYLOAD],USER_0004,5000862,false,null,N/A,"10:17:58, 7 thg 8, 2026","10:12:56, 7 thg 8, 2026",MAC_0002,HOST_0057,584,0,false,10.0.0.22,0,N/A,10.0.0.3,1,"10:17:58, 7 thg 8, 2026",0:0:0:0:0:0:0:0,N/A,null,"100101,100221,100265,109237,100668,156193,100277,100272,134937,166353,100223"
N/A,false,0,0,USER_0004,HOST_0054,"{sysmon-eventid=4688, Parent Process Name=svchost.exe, Pipe Name=N/A, File Directory=N/A, sysmon-processid=N/A, channel=Security, Object Name=N/A, Account Name=USER_0296, Target User Domain=DOMAIN_0005.LOCAL, mandatory_label=Mandatory Label\System Mandatory Level, Logon Account Name=USER_0004, EventIDCode=4688, Terminated Process Name=N/A, MD5 Hash=N/A, Filename=N/A, Key Length=N/A, ProgramName=N/A, Process GUID=N/A, SHA1 Hash=N/A, File Extension=N/A, Object Type=N/A, SHA256 Hash=N/A, Parent Process GUID=N/A, Integrity Level=N/A, sysmon-parentimage=C:\Windows\System32\svchost.exe, Description=N/A, Token Elevation Type=N/A, Message=N/A, Encoded Command=N/A, Logon Account Domain=DOMAIN_0001.LOCAL, Process Name=UsoClient.exe, Parent Process ID=N/A, Logon Type=N/A, Account Security ID=S-1-5-21-0004, Share Name=N/A, Authentication Package=N/A, sysmon-processguid=N/A, Realm=DOMAIN_0001.LOCAL, Account ID=S-1-5-21-0002, Process Path=C:\Windows\System32\UsoClient.exe, Status Code=N/A, User Domain=DOMAIN_0067.LOCAL, Encoded Argument=N/A, Target Username=USER_0008, Event ID=4688, sysmon-user=USER_0004, Command=""C:\WINDOWS\system32\usoclient.exe"" StartScan, Process ID=0xabfc, Machine Identifier=HOST_0055, Target Account Security ID=S-1-5-21-0003, Device Name=HOST_0055, IMP Hash=N/A, Parent Process Path=C:\Windows\System32\svchost.exe}",false,MAC_0001,MAC_0002,[REDACTED_DUPLICATE_PAYLOAD],3,54185,0,12,false,0:0:0:0:0:0:0:0,N/A,0,N/A,8110,"<13>Aug 07 10:12:57 MST-EX-02.10.100.10.188 AgentDevice=WindowsLog	AgentLogFile=Security	PluginVersion=7.3.1.28	Source=Microsoft-Windows-Security-Auditing	Computer=MST-EX-02.mic.gov.vn	OriginatingComputer=10.100.10.188	User=	Domain=	EventID=4688	EventIDCode=4688	EventType=8	EventCategory=13312	RecordNumber=26679603	TimeGenerated=1786072376	TimeWritten=1786072376	Level=Log Always	Keywords=Audit Success	Task=SE_ADT_DETAILEDTRACKING_PROCESSCREATION	Opcode=Info	Message=A new process has been created.  Creator Subject:  Security ID:  NT DOMAIN_0008.LOCAL\USER_0002  Account Name: USER_0296  Account Domain: DOMAIN_0067.LOCAL  Logon ID:  0x3E7  Target Subject:  Security ID:  NULL SID  Account Name:  -  Account Domain:  -  Logon ID:  0x0  Process Information:  New Process ID:  0xabfc  New Process Name: C:\Windows\System32\UsoClient.exe  Token Elevation Type: TokenElevationTypeDefault (1)  Mandatory Label:  Mandatory Label\System Mandatory Level  Creator Process ID: 0x790  Creator Process Name: C:\Windows\System32\svchost.exe  Process Command Line: ""C:\WINDOWS\system32\usoclient.exe"" StartScan  Token Elevation Type indicates the type of token that was assigned to the new process in accordance with User Account Control policy.  Type 1 is a full token with no privileges removed or groups disabled.  A full token is only used if User Account Control is disabled or if the user is the built-in Administrator account or a service account.  Type 2 is an elevated token with no privileges removed or groups disabled.  An elevated token is used when User Account Control is enabled and the user chooses to start the program using Run as administrator.  An elevated token is also used when an application is configured to always require administrative privilege or to always require maximum privilege, and the user is a member of the Administrators group.  Type 3 is a limited token with administrative privileges removed and administrative groups disabled.  The limited token is used when User Account Control is enabled, the application does not require administrative privilege, and the user does not choose to start the program using Run as administrator. ",Process Creation Success,N/A,1,0,unknown,N/A,Success Audit: A new process has been created,unknown,0,null,1786072376000,255,0,false,0,"true""""",Success Audit,HOST_0004,Success Audit: A new process has been created.,0,1786072678587,No Offense,255,HOST_0056 @ 10.0.0.22,false,3,false,N/A,10.0.0.22,false,1786072678587,5,NETWORK_0016,58,4688,0,3,-1,HOST_0004,[REDACTED_DUPLICATE_PAYLOAD],USER_0004,5000862,false,null,N/A,"10:17:58, 7 thg 8, 2026","10:12:56, 7 thg 8, 2026",MAC_0002,HOST_0057,584,0,false,10.0.0.22,0,N/A,10.0.0.3,1,"10:17:58, 7 thg 8, 2026",0:0:0:0:0:0:0:0,N/A,null,"100101,100221,100265,109237,100668,156193,100277,100272,134937,166353,100223"
