dstPreNATIP,hasIdentityFlag,destinationPostNatPortDescription,destinationPort,identityUsername,logSourceIdentifier,customProps,srcPortInvalid,identityMAC,sourcMACAddress,payloadAsBase64,magnitude,deviceId,protocolConfigId,deviceType,dstPortInvalid,sourceV6Ip,identityGroupName,srcPreNATPort,srcPreNATIP,category,payloadAsUTF,categoryDescription,aDEAnomalyCount,deviceCategory,deviceEventId,pcapId,identityExtendedField,eventName,pcapIp,sourcePort,obfuscationProperties,deviceTime,protocol,sourcePreNatPortDescription,pcapEvent,dstPostNATPort,tLVProperties,qidEventCategory,identityNetBiosName,eventDescription,dstPreNATPort,startTime,offenseName,protocolName,deviceName,mPCEvent,relevance,logOnly,dstPostNATIP,srcIp,storedForPerformance,stopTime,credibility,domainName,domainID,qidEventId,sourcePostNatPortDescription,severity,offenseId,identityHostname,payloadAsHexOneLine,userName,qid,truncated,obfuscationNormalizedEventProperties,aDEAnomalyDescription,startDateTime,deviceDateTime,destinationMACAddress,eventCollectorName,eventCollectorId,srcPostNATPort,rawEvent,destIp,destinationPreNatPortDescription,osvbidsDesc,identityIpOfHost,eventCount,stopDateTime,destinationV6Ip,srcPostNATIP,identity,ruleIds
N/A,false,0,0,USER_0004,HOST_0025,"{sysmon-eventid=4688, Parent Process Name=svchost.exe, Pipe Name=N/A, File Directory=N/A, sysmon-processid=N/A, channel=Security, Object Name=C:\Windows\System32\sdbinst.exe  Token Elevation Type: TokenElevationTypeDefault (1)  Mandatory Label:  Mandatory Label\System Mandatory Level  Creator Process ID: 0x58c  Creator Process Name: C:\Windows\System32\svchost.exe  Process Command Line:, Account Name=USER_0048, Target User Domain=DOMAIN_0005.LOCAL, mandatory_label=Mandatory Label\System Mandatory Level, Logon Account Name=USER_0004, EventIDCode=4688, Terminated Process Name=N/A, MD5 Hash=N/A, Filename=N/A, Key Length=N/A, ProgramName=N/A, Process GUID=N/A, SHA1 Hash=N/A, File Extension=N/A, Object Type=N/A, SHA256 Hash=N/A, Parent Process GUID=N/A, Integrity Level=N/A, sysmon-parentimage=C:\Windows\System32\svchost.exe, Description=N/A, Token Elevation Type=N/A, Message=N/A, Encoded Command=N/A, Logon Account Domain=DOMAIN_0001.LOCAL, Process Name=sdbinst.exe, Parent Process ID=N/A, Logon Type=N/A, Account Security ID=S-1-5-21-0004, Share Name=N/A, Authentication Package=N/A, sysmon-processguid=N/A, Realm=DOMAIN_0001.LOCAL, Account ID=S-1-5-21-0002, Process Path=C:\Windows\System32\sdbinst.exe, Status Code=N/A, User Domain=DOMAIN_0014.LOCAL, Encoded Argument=N/A, Target Username=USER_0008, Event ID=4688, sysmon-user=USER_0004, Command= , Process ID=0x2fa0, Machine Identifier=HOST_0026, Target Account Security ID=S-1-5-21-0003, Device Name=HOST_0026, IMP Hash=N/A, Parent Process Path=C:\Windows\System32\svchost.exe}",false,MAC_0001,MAC_0002,[REDACTED_DUPLICATE_PAYLOAD],7,52872,0,12,false,0:0:0:0:0:0:0:0,N/A,0,N/A,8110,"<13>Jul 24 16:07:46 10.0.0.11.Ptit AgentDevice=WindowsLog	AgentLogFile=Security	PluginVersion=7.3.1.28	Source=Microsoft-Windows-Security-Auditing	Computer=AADC02.ptit.edu.vn	OriginatingComputer=10.2.3.15	User=	Domain=	EventID=4688	EventIDCode=4688	EventType=8	EventCategory=13312	RecordNumber=1160213	TimeGenerated=1784884063	TimeWritten=1784884063	Level=Log Always	Keywords=Audit Success	Task=SE_ADT_DETAILEDTRACKING_PROCESSCREATION	Opcode=Info	Message=A new process has been created.  Creator Subject:  Security ID:  NT DOMAIN_0008.LOCAL\USER_0002  Account Name: USER_0048  Account Domain: DOMAIN_0014.LOCAL  Logon ID:  0x3E7  Target Subject:  Security ID:  NULL SID  Account Name:  -  Account Domain:  -  Logon ID:  0x0  Process Information:  New Process ID:  0x2fa0  New Process Name: C:\Windows\System32\sdbinst.exe  Token Elevation Type: TokenElevationTypeDefault (1)  Mandatory Label:  Mandatory Label\System Mandatory Level  Creator Process ID: 0x58c  Creator Process Name: C:\Windows\System32\svchost.exe  Process Command Line:   Token Elevation Type indicates the type of token that was assigned to the new process in accordance with User Account Control policy.  Type 1 is a full token with no privileges removed or groups disabled.  A full token is only used if User Account Control is disabled or if the user is the built-in Administrator account or a service account.  Type 2 is an elevated token with no privileges removed or groups disabled.  An elevated token is used when User Account Control is enabled and the user chooses to start the program using Run as administrator.  An elevated token is also used when an application is configured to always require administrative privilege or to always require maximum privilege, and the user is a member of the Administrators group.  Type 3 is a limited token with administrative privileges removed and administrative groups disabled.  The limited token is used when User Account Control is enabled, the application does not require administrative privilege, and the user does not choose to start the program using Run as administrator.",Process Creation Success,N/A,1,0,unknown,N/A,Success Audit: A new process has been created,unknown,0,null,1784884063000,255,0,false,0,"true""""",Success Audit,HOST_0004,Success Audit: A new process has been created.,0,1784884073880,No Offense,255,HOST_0027 @ 10.0.0.11,true,10,false,N/A,10.0.0.11,false,1784884073880,10,NETWORK_0009,68,4688,0,2,-1,HOST_0004,[REDACTED_DUPLICATE_PAYLOAD],USER_0004,5000862,false,null,N/A,"16:07:53, 24 thg 7, 2026","16:07:43, 24 thg 7, 2026",MAC_0002,HOST_0024,630,0,false,10.0.0.11,0,N/A,10.0.0.3,1,"16:07:53, 24 thg 7, 2026",0:0:0:0:0:0:0:0,N/A,null,"100221,100265,109237,100668,100623,156193,100272,134937,166353,100225"
N/A,false,0,0,USER_0004,HOST_0025,"{sysmon-eventid=11, Description=N/A, Message=N/A, Pipe Name=N/A, File Directory=C:\Windows\apppatch\MergeSdbFiles, sysmon-processid=12192, channel=Microsoft-Windows-Sysmon/Operational, Logon Account Domain=DOMAIN_0001.LOCAL, Object Name=N/A, Process Name=sdbinst.exe, Account Name=USER_0004, Logon Type=N/A, Target User Domain=DOMAIN_0001.LOCAL, Account Security ID=S-1-5-21-0002, Share Name=N/A, Authentication Package=N/A, sysmon-processguid={351134e7-2b5f-6a63-b076-010000000b00}, Logon Account Name=USER_0004, Realm=DOMAIN_0001.LOCAL, EventIDCode=11, Account ID=S-1-5-21-0002, Process Path=C:\WINDOWS\System32\sdbinst.exe, sysmon-creationutctime=2025-03-14 10:56:58.443, sysmon-utctime=2026-07-24 09:07:44.076, Status Code=N/A, Filename=01DA54B25CE0D000.sysmain.sdb, User Domain=DOMAIN_0001.LOCAL, Key Length=N/A, Target Username=USER_0004, Event ID=11, ProgramName=N/A, sysmon-targetfilename=C:\Windows\apppatch\MergeSdbFiles\01DA54B25CE0D000.sysmain.sdb, sysmon-user=USER_0002, Process GUID=N/A, Process ID=12192, Target File Directory=C:\Windows\apppatch\MergeSdbFiles\01DA54B25CE0D000.sysmain.sdb, sysmon-image=C:\WINDOWS\System32\sdbinst.exe, File Extension=sdb, Machine Identifier=HOST_0026, Task Name=N/A, Object Type=N/A, Target Account Security ID=S-1-5-21-0002, Device Name=HOST_0026, File Path=C:\Windows\apppatch\MergeSdbFiles\01DA54B25CE0D000.sysmain.sdb}",false,MAC_0001,MAC_0002,[REDACTED_DUPLICATE_PAYLOAD],6,52872,0,12,false,0:0:0:0:0:0:0:0,N/A,0,N/A,8028,<13>Jul 24 16:07:44 10.0.0.11.Ptit AgentDevice=WindowsLog	AgentLogFile=Microsoft-Windows-Sysmon/Operational	PluginVersion=7.3.1.28	Source=Microsoft-Windows-Sysmon	Computer=AADC02.ptit.edu.vn	OriginatingComputer=10.2.3.15	User=USER_0002	Domain=DOMAIN_0006.LOCAL	EventID=11	EventIDCode=11	EventType=4	EventCategory=11	RecordNumber=64363638	TimeGenerated=1784884064	TimeWritten=1784884064	Level=Informational	Keywords=0x8000000000000000	Task=SysmonTask-SYSMON_FILE_CREATE	Opcode=Info	Message=File created: RuleName: - UtcTime: 2026-07-24 09:07:44.076 ProcessGuid: {351134e7-2b5f-6a63-b076-010000000b00} ProcessId: 12192 Image: C:\WINDOWS\System32\sdbinst.exe TargetFilename: C:\Windows\apppatch\MergeSdbFiles\01DA54B25CE0D000.sysmain.sdb CreationUtcTime: 2025-03-14 10:56:58.443,File Created,N/A,1,0,unknown,N/A,FileCreate,unknown,0,null,1784884064000,255,0,false,0,"true""""",Microsoft-Windows-Sysmon/Operational,HOST_0004,File create operations are logged when a file is created or overwritten.,0,1784884073880,No Offense,255,HOST_0027 @ 10.0.0.11,true,10,false,N/A,10.0.0.11,false,1784884073880,10,NETWORK_0009,68,11,0,1,-1,HOST_0004,[REDACTED_DUPLICATE_PAYLOAD],USER_0002,5001830,false,null,N/A,"16:07:53, 24 thg 7, 2026","16:07:44, 24 thg 7, 2026",MAC_0002,HOST_0024,630,0,false,10.0.0.11,0,N/A,10.0.0.3,1,"16:07:53, 24 thg 7, 2026",0:0:0:0:0:0:0:0,N/A,null,"100221,100265,109237,109187,100620,100668,156193,100619,100276,100272,123237,123937,134937,166353,100225"
N/A,false,0,0,USER_0004,HOST_0025,"{sysmon-eventid=11, Description=N/A, Message=N/A, Pipe Name=N/A, File Directory=C:\Windows\apppatch\MergeSdbFiles, sysmon-processid=12192, channel=Microsoft-Windows-Sysmon/Operational, Logon Account Domain=DOMAIN_0001.LOCAL, Object Name=N/A, Process Name=sdbinst.exe, Account Name=USER_0004, Logon Type=N/A, Target User Domain=DOMAIN_0001.LOCAL, Account Security ID=S-1-5-21-0002, Share Name=N/A, Authentication Package=N/A, sysmon-processguid={351134e7-2b5f-6a63-b076-010000000b00}, Logon Account Name=USER_0004, Realm=DOMAIN_0001.LOCAL, EventIDCode=11, Account ID=S-1-5-21-0002, Process Path=C:\WINDOWS\System32\sdbinst.exe, sysmon-creationutctime=2025-03-14 10:56:58.568, sysmon-utctime=2026-07-24 09:07:44.079, Status Code=N/A, Filename=01DA54B25CE0D000.msimain.sdb, User Domain=DOMAIN_0001.LOCAL, Key Length=N/A, Target Username=USER_0004, Event ID=11, ProgramName=N/A, sysmon-targetfilename=C:\Windows\apppatch\MergeSdbFiles\01DA54B25CE0D000.msimain.sdb, sysmon-user=USER_0002, Process GUID=N/A, Process ID=12192, Target File Directory=C:\Windows\apppatch\MergeSdbFiles\01DA54B25CE0D000.msimain.sdb, sysmon-image=C:\WINDOWS\System32\sdbinst.exe, File Extension=sdb, Machine Identifier=HOST_0026, Task Name=N/A, Object Type=N/A, Target Account Security ID=S-1-5-21-0002, Device Name=HOST_0026, File Path=C:\Windows\apppatch\MergeSdbFiles\01DA54B25CE0D000.msimain.sdb}",false,MAC_0001,MAC_0002,[REDACTED_DUPLICATE_PAYLOAD],6,52872,0,12,false,0:0:0:0:0:0:0:0,N/A,0,N/A,8028,<13>Jul 24 16:07:44 10.0.0.11.Ptit AgentDevice=WindowsLog	AgentLogFile=Microsoft-Windows-Sysmon/Operational	PluginVersion=7.3.1.28	Source=Microsoft-Windows-Sysmon	Computer=AADC02.ptit.edu.vn	OriginatingComputer=10.2.3.15	User=USER_0002	Domain=DOMAIN_0006.LOCAL	EventID=11	EventIDCode=11	EventType=4	EventCategory=11	RecordNumber=64363655	TimeGenerated=1784884064	TimeWritten=1784884064	Level=Informational	Keywords=0x8000000000000000	Task=SysmonTask-SYSMON_FILE_CREATE	Opcode=Info	Message=File created: RuleName: - UtcTime: 2026-07-24 09:07:44.079 ProcessGuid: {351134e7-2b5f-6a63-b076-010000000b00} ProcessId: 12192 Image: C:\WINDOWS\System32\sdbinst.exe TargetFilename: C:\Windows\apppatch\MergeSdbFiles\01DA54B25CE0D000.msimain.sdb CreationUtcTime: 2025-03-14 10:56:58.568,File Created,N/A,1,0,unknown,N/A,FileCreate,unknown,0,null,1784884064000,255,0,false,0,"true""""",Microsoft-Windows-Sysmon/Operational,HOST_0004,File create operations are logged when a file is created or overwritten.,0,1784884073880,No Offense,255,HOST_0027 @ 10.0.0.11,true,10,false,N/A,10.0.0.11,false,1784884133880,10,NETWORK_0009,68,11,0,1,-1,HOST_0004,[REDACTED_DUPLICATE_PAYLOAD],USER_0002,5001830,false,null,N/A,"16:07:53, 24 thg 7, 2026","16:07:44, 24 thg 7, 2026",MAC_0002,HOST_0024,630,0,false,10.0.0.11,0,N/A,10.0.0.3,1,"16:08:53, 24 thg 7, 2026",0:0:0:0:0:0:0:0,N/A,null,"100221,100265,109237,109187,100620,100668,156193,100619,100276,100272,123237,123937,134937,166353,100225"
N/A,false,0,0,USER_0004,HOST_0025,"{sysmon-eventid=1, Parent Process Name=svchost.exe, Pipe Name=N/A, File Directory=N/A, sysmon-processid=12192, channel=Microsoft-Windows-Sysmon/Operational, sysmon-username= NT DOMAIN_0008.LOCAL\USER_0002, Parent Command=C:\WINDOWS\system32\svchost.exe -k LocalSystemNetworkRestricted -p -s PcaSvc, Object Name=N/A, Account Name=USER_0004, sysmon-currentdirectory=C:\WINDOWS\system32\, Target User Domain=DOMAIN_0001.LOCAL, Logon Account Name=USER_0004, Product Description=Application Compatibility Database Installer, EventIDCode=1, Terminated Process Name=N/A, MD5 Hash=9B29824A91F35B25CA95613264B30AB9, Filename=N/A, Key Length=N/A, sysmon-logonid=0x3E7, ProgramName=N/A, Process GUID=351134e7-2b5f-6a63-b076-010000000b00, SHA1 Hash=900A2835099CBB57537375D9D7B055C41E54AAAD, File Extension=N/A, Object Type=N/A, sysmon-hash=SHA1=900A2835099CBB57537375D9D7B055C41E54AAAD,MD5=9B29824A91F35B25CA95613264B30AB9,SHA256=C666DCF6B410A239B6D17122424ABED819A8B8372248B469A73FC11D1E1E2762,IMPHASH=2946BAC02F0097C89E6692739186C303, SHA256 Hash=C666DCF6B410A239B6D17122424ABED819A8B8372248B469A73FC11D1E1E2762, Parent Process GUID=351134e7-d324-69f7-9f00-000000000b00, Integrity Level=System, sysmon-parentimage=C:\Windows\System32\svchost.exe, Description=Description: Application Compatibility Database Installer Product, File Hash=900A2835099CBB57537375D9D7B055C41E54AAAD, Token Elevation Type=N/A, Message=N/A, sysmon-rulename=-, Encoded Command=N/A, Logon Account Domain=DOMAIN_0001.LOCAL, Process Name=sdbinst.exe, Parent Process ID=1420, sysmon-parentcommandline=C:\WINDOWS\system32\svchost.exe -k LocalSystemNetworkRestricted -p -s PcaSvc, Logon Type=N/A, sysmon-integritylevel=System, sysmon-logonguid={351134e7-d2a1-69f7-e703-000000000000}, Account Security ID=S-1-5-21-0002, Share Name=N/A, Authentication Package=N/A, sysmon-processguid={351134e7-2b5f-6a63-b076-010000000b00}, Realm=DOMAIN_0001.LOCAL, Account ID=S-1-5-21-0002, sysmon-description=Application Compatibility Database Installer, Process Path=C:\Windows\System32\sdbinst.exe, Status Code=N/A, Product Name=Microsoft® Windows® Operating System, User Domain=DOMAIN_0001.LOCAL, Encoded Argument=N/A, Target Username=USER_0004, Event ID=1, sysmon-parentprocessid=1420, Product Company=Microsoft Corporation, sysmon-fileversion=10.0.26100.1301 (WinBuild.160101.0800), sysmon-parentprocessguid={351134e7-d324-69f7-9f00-000000000b00}, sysmon-user=USER_0002, Command=C:\WINDOWS\System32\sdbinst.exe -m -bg, sysmon-originalfilename=sdbinst.exe, Process ID=12192, sysmon-image=C:\Windows\System32\sdbinst.exe, Machine Identifier=HOST_0026, Target Account Security ID=S-1-5-21-0002, sysmon-commandline=C:\WINDOWS\System32\sdbinst.exe -m -bg, Device Name=HOST_0026, IMP Hash=2946BAC02F0097C89E6692739186C303, Current Working Directory=C:\WINDOWS\system32\, Parent Process Path=C:\Windows\System32\svchost.exe, sysmon-terminalsessionid=0}",false,MAC_0001,MAC_0002,[REDACTED_DUPLICATE_PAYLOAD],7,52872,0,12,false,0:0:0:0:0:0:0:0,N/A,0,N/A,8110,"<13>Jul 24 16:07:44 10.0.0.11.Ptit AgentDevice=WindowsLog	AgentLogFile=Microsoft-Windows-Sysmon/Operational	PluginVersion=7.3.1.28	Source=Microsoft-Windows-Sysmon	Computer=AADC02.ptit.edu.vn	OriginatingComputer=10.2.3.15	User=USER_0002	Domain=DOMAIN_0006.LOCAL	EventID=1	EventIDCode=1	EventType=4	EventCategory=1	RecordNumber=64363547	TimeGenerated=1784884063	TimeWritten=1784884063	Level=Informational	Keywords=0x8000000000000000	Task=SysmonTask-SYSMON_CREATE_PROCESS	Opcode=Info	Message=Process Create: RuleName: - UtcTime: 2026-07-24 09:07:43.948 ProcessGuid: {351134e7-2b5f-6a63-b076-010000000b00} ProcessId: 12192 Image: C:\Windows\System32\sdbinst.exe FileVersion: 10.0.26100.1301 (WinBuild.160101.0800) Description: Application Compatibility Database Installer Product: Microsoft® Windows® Operating System Company: Microsoft Corporation OriginalFileName: sdbinst.exe CommandLine: C:\WINDOWS\System32\sdbinst.exe -m -bg CurrentDirectory: C:\WINDOWS\system32\ User: NT DOMAIN_0008.LOCAL\USER_0002 LogonGuid: {351134e7-d2a1-69f7-e703-000000000000} LogonId: 0x3E7 TerminalSessionId: 0 IntegrityLevel: System Hashes: SHA1=900A2835099CBB57537375D9D7B055C41E54AAAD,MD5=9B29824A91F35B25CA95613264B30AB9,SHA256=C666DCF6B410A239B6D17122424ABED819A8B8372248B469A73FC11D1E1E2762,IMPHASH=2946BAC02F0097C89E6692739186C303 ParentProcessGuid: {351134e7-d324-69f7-9f00-000000000b00} ParentProcessId: 1420 ParentImage: C:\Windows\System32\svchost.exe ParentCommandLine: C:\WINDOWS\system32\svchost.exe -k LocalSystemNetworkRestricted -p -s PcaSvc",Process Creation Success,N/A,1,0,unknown,N/A,Process Create,unknown,0,null,1784884063000,255,0,false,0,"true""""",Microsoft-Windows-Sysmon/Operational,HOST_0004,The process creation event provides extended information about a newly created process.,0,1784884073824,No Offense,255,HOST_0027 @ 10.0.0.11,true,10,false,N/A,10.0.0.11,false,1784884073824,10,NETWORK_0009,68,1,0,2,-1,HOST_0004,[REDACTED_DUPLICATE_PAYLOAD],USER_0002,5001828,false,null,N/A,"16:07:53, 24 thg 7, 2026","16:07:43, 24 thg 7, 2026",MAC_0002,HOST_0024,630,0,false,10.0.0.11,0,N/A,10.0.0.3,1,"16:07:53, 24 thg 7, 2026",0:0:0:0:0:0:0:0,N/A,null,"100221,100265,109237,109187,100668,100623,156193,100272,134937,166353,100225"
N/A,false,0,0,USER_0004,HOST_0025,"{sysmon-eventid=1, Parent Process Name=svchost.exe, Pipe Name=N/A, File Directory=N/A, sysmon-processid=10356, channel=Microsoft-Windows-Sysmon/Operational, sysmon-username= NT DOMAIN_0008.LOCAL\USER_0002, Parent Command=C:\WINDOWS\system32\svchost.exe -k LocalSystemNetworkRestricted -p -s PcaSvc, Object Name=N/A, Account Name=USER_0004, sysmon-currentdirectory=C:\WINDOWS\system32\, Target User Domain=DOMAIN_0001.LOCAL, Logon Account Name=USER_0004, Product Description=Application Compatibility Database Installer, EventIDCode=1, Terminated Process Name=N/A, MD5 Hash=9B29824A91F35B25CA95613264B30AB9, Filename=N/A, Key Length=N/A, sysmon-logonid=0x3E7, ProgramName=N/A, Process GUID=351134e7-1d4f-6a63-8376-010000000b00, SHA1 Hash=900A2835099CBB57537375D9D7B055C41E54AAAD, File Extension=N/A, Object Type=N/A, sysmon-hash=SHA1=900A2835099CBB57537375D9D7B055C41E54AAAD,MD5=9B29824A91F35B25CA95613264B30AB9,SHA256=C666DCF6B410A239B6D17122424ABED819A8B8372248B469A73FC11D1E1E2762,IMPHASH=2946BAC02F0097C89E6692739186C303, SHA256 Hash=C666DCF6B410A239B6D17122424ABED819A8B8372248B469A73FC11D1E1E2762, Parent Process GUID=351134e7-d324-69f7-9f00-000000000b00, Integrity Level=System, sysmon-parentimage=C:\Windows\System32\svchost.exe, Description=Description: Application Compatibility Database Installer Product, File Hash=900A2835099CBB57537375D9D7B055C41E54AAAD, Token Elevation Type=N/A, Message=N/A, sysmon-rulename=-, Encoded Command=N/A, Logon Account Domain=DOMAIN_0001.LOCAL, Process Name=sdbinst.exe, Parent Process ID=1420, sysmon-parentcommandline=C:\WINDOWS\system32\svchost.exe -k LocalSystemNetworkRestricted -p -s PcaSvc, Logon Type=N/A, sysmon-integritylevel=System, sysmon-logonguid={351134e7-d2a1-69f7-e703-000000000000}, Account Security ID=S-1-5-21-0002, Share Name=N/A, Authentication Package=N/A, sysmon-processguid={351134e7-1d4f-6a63-8376-010000000b00}, Realm=DOMAIN_0001.LOCAL, Account ID=S-1-5-21-0002, sysmon-description=Application Compatibility Database Installer, Process Path=C:\Windows\System32\sdbinst.exe, Status Code=N/A, Product Name=Microsoft® Windows® Operating System, User Domain=DOMAIN_0001.LOCAL, Encoded Argument=N/A, Target Username=USER_0004, Event ID=1, sysmon-parentprocessid=1420, Product Company=Microsoft Corporation, sysmon-fileversion=10.0.26100.1301 (WinBuild.160101.0800), sysmon-parentprocessguid={351134e7-d324-69f7-9f00-000000000b00}, sysmon-user=USER_0002, Command=C:\WINDOWS\System32\sdbinst.exe -m -bg, sysmon-originalfilename=sdbinst.exe, Process ID=10356, sysmon-image=C:\Windows\System32\sdbinst.exe, Machine Identifier=HOST_0026, Target Account Security ID=S-1-5-21-0002, sysmon-commandline=C:\WINDOWS\System32\sdbinst.exe -m -bg, Device Name=HOST_0026, IMP Hash=2946BAC02F0097C89E6692739186C303, Current Working Directory=C:\WINDOWS\system32\, Parent Process Path=C:\Windows\System32\svchost.exe, sysmon-terminalsessionid=0}",false,MAC_0001,MAC_0002,[REDACTED_DUPLICATE_PAYLOAD],7,52872,0,12,false,0:0:0:0:0:0:0:0,N/A,0,N/A,8110,"<13>Jul 24 15:07:44 10.0.0.11.Ptit AgentDevice=WindowsLog	AgentLogFile=Microsoft-Windows-Sysmon/Operational	PluginVersion=7.3.1.28	Source=Microsoft-Windows-Sysmon	Computer=AADC02.ptit.edu.vn	OriginatingComputer=10.2.3.15	User=USER_0002	Domain=DOMAIN_0006.LOCAL	EventID=1	EventIDCode=1	EventType=4	EventCategory=1	RecordNumber=64331865	TimeGenerated=1784880463	TimeWritten=1784880463	Level=Informational	Keywords=0x8000000000000000	Task=SysmonTask-SYSMON_CREATE_PROCESS	Opcode=Info	Message=Process Create: RuleName: - UtcTime: 2026-07-24 08:07:43.639 ProcessGuid: {351134e7-1d4f-6a63-8376-010000000b00} ProcessId: 10356 Image: C:\Windows\System32\sdbinst.exe FileVersion: 10.0.26100.1301 (WinBuild.160101.0800) Description: Application Compatibility Database Installer Product: Microsoft® Windows® Operating System Company: Microsoft Corporation OriginalFileName: sdbinst.exe CommandLine: C:\WINDOWS\System32\sdbinst.exe -m -bg CurrentDirectory: C:\WINDOWS\system32\ User: NT DOMAIN_0008.LOCAL\USER_0002 LogonGuid: {351134e7-d2a1-69f7-e703-000000000000} LogonId: 0x3E7 TerminalSessionId: 0 IntegrityLevel: System Hashes: SHA1=900A2835099CBB57537375D9D7B055C41E54AAAD,MD5=9B29824A91F35B25CA95613264B30AB9,SHA256=C666DCF6B410A239B6D17122424ABED819A8B8372248B469A73FC11D1E1E2762,IMPHASH=2946BAC02F0097C89E6692739186C303 ParentProcessGuid: {351134e7-d324-69f7-9f00-000000000b00} ParentProcessId: 1420 ParentImage: C:\Windows\System32\svchost.exe ParentCommandLine: C:\WINDOWS\system32\svchost.exe -k LocalSystemNetworkRestricted -p -s PcaSvc",Process Creation Success,N/A,1,0,unknown,N/A,Process Create,unknown,0,null,1784880463000,255,0,false,0,"true""""",Microsoft-Windows-Sysmon/Operational,HOST_0004,The process creation event provides extended information about a newly created process.,0,1784880475334,No Offense,255,HOST_0027 @ 10.0.0.11,true,10,false,N/A,10.0.0.11,false,1784880475334,10,NETWORK_0009,68,1,0,2,-1,HOST_0004,[REDACTED_DUPLICATE_PAYLOAD],USER_0002,5001828,false,null,N/A,"15:07:55, 24 thg 7, 2026","15:07:43, 24 thg 7, 2026",MAC_0002,HOST_0024,630,0,false,10.0.0.11,0,N/A,10.0.0.3,1,"15:07:55, 24 thg 7, 2026",0:0:0:0:0:0:0:0,N/A,null,"100221,100265,109237,109187,100668,100623,156193,100272,134937,166353,100225"
N/A,false,0,0,USER_0004,HOST_0025,"{sysmon-eventid=11, Description=N/A, Message=N/A, Pipe Name=N/A, File Directory=C:\Windows\apppatch\MergeSdbFiles, sysmon-processid=10356, channel=Microsoft-Windows-Sysmon/Operational, Logon Account Domain=DOMAIN_0001.LOCAL, Object Name=N/A, Process Name=sdbinst.exe, Account Name=USER_0004, Logon Type=N/A, Target User Domain=DOMAIN_0001.LOCAL, Account Security ID=S-1-5-21-0002, Share Name=N/A, Authentication Package=N/A, sysmon-processguid={351134e7-1d4f-6a63-8376-010000000b00}, Logon Account Name=USER_0004, Realm=DOMAIN_0001.LOCAL, EventIDCode=11, Account ID=S-1-5-21-0002, Process Path=C:\WINDOWS\System32\sdbinst.exe, sysmon-creationutctime=2025-03-14 10:56:58.568, sysmon-utctime=2026-07-24 08:07:43.792, Status Code=N/A, Filename=01DA54B25CE0D000.msimain.sdb, User Domain=DOMAIN_0001.LOCAL, Key Length=N/A, Target Username=USER_0004, Event ID=11, ProgramName=N/A, sysmon-targetfilename=C:\Windows\apppatch\MergeSdbFiles\01DA54B25CE0D000.msimain.sdb, sysmon-user=USER_0002, Process GUID=N/A, Process ID=10356, Target File Directory=C:\Windows\apppatch\MergeSdbFiles\01DA54B25CE0D000.msimain.sdb, sysmon-image=C:\WINDOWS\System32\sdbinst.exe, File Extension=sdb, Machine Identifier=HOST_0026, Task Name=N/A, Object Type=N/A, Target Account Security ID=S-1-5-21-0002, Device Name=HOST_0026, File Path=C:\Windows\apppatch\MergeSdbFiles\01DA54B25CE0D000.msimain.sdb}",false,MAC_0001,MAC_0002,[REDACTED_DUPLICATE_PAYLOAD],6,52872,0,12,false,0:0:0:0:0:0:0:0,N/A,0,N/A,8028,<13>Jul 24 15:07:44 10.0.0.11.Ptit AgentDevice=WindowsLog	AgentLogFile=Microsoft-Windows-Sysmon/Operational	PluginVersion=7.3.1.28	Source=Microsoft-Windows-Sysmon	Computer=AADC02.ptit.edu.vn	OriginatingComputer=10.2.3.15	User=USER_0002	Domain=DOMAIN_0006.LOCAL	EventID=11	EventIDCode=11	EventType=4	EventCategory=11	RecordNumber=64331922	TimeGenerated=1784880463	TimeWritten=1784880463	Level=Informational	Keywords=0x8000000000000000	Task=SysmonTask-SYSMON_FILE_CREATE	Opcode=Info	Message=File created: RuleName: - UtcTime: 2026-07-24 08:07:43.792 ProcessGuid: {351134e7-1d4f-6a63-8376-010000000b00} ProcessId: 10356 Image: C:\WINDOWS\System32\sdbinst.exe TargetFilename: C:\Windows\apppatch\MergeSdbFiles\01DA54B25CE0D000.msimain.sdb CreationUtcTime: 2025-03-14 10:56:58.568,File Created,N/A,1,0,unknown,N/A,FileCreate,unknown,0,null,1784880463000,255,0,false,0,"true""""",Microsoft-Windows-Sysmon/Operational,HOST_0004,File create operations are logged when a file is created or overwritten.,0,1784880475334,No Offense,255,HOST_0027 @ 10.0.0.11,true,10,false,N/A,10.0.0.11,false,1784880535334,10,NETWORK_0009,68,11,0,1,-1,HOST_0004,[REDACTED_DUPLICATE_PAYLOAD],USER_0002,5001830,false,null,N/A,"15:07:55, 24 thg 7, 2026","15:07:43, 24 thg 7, 2026",MAC_0002,HOST_0024,630,0,false,10.0.0.11,0,N/A,10.0.0.3,2,"15:08:55, 24 thg 7, 2026",0:0:0:0:0:0:0:0,N/A,null,"100221,100265,109237,109187,100620,100668,156193,100619,100276,100272,123237,123937,134937,166353,100225"
N/A,false,0,0,USER_0004,HOST_0025,"{sysmon-eventid=4688, Parent Process Name=svchost.exe, Pipe Name=N/A, File Directory=N/A, sysmon-processid=N/A, channel=Security, Object Name=C:\Windows\System32\sdbinst.exe  Token Elevation Type: TokenElevationTypeDefault (1)  Mandatory Label:  Mandatory Label\System Mandatory Level  Creator Process ID: 0x58c  Creator Process Name: C:\Windows\System32\svchost.exe  Process Command Line:, Account Name=USER_0048, Target User Domain=DOMAIN_0005.LOCAL, mandatory_label=Mandatory Label\System Mandatory Level, Logon Account Name=USER_0004, EventIDCode=4688, Terminated Process Name=N/A, MD5 Hash=N/A, Filename=N/A, Key Length=N/A, ProgramName=N/A, Process GUID=N/A, SHA1 Hash=N/A, File Extension=N/A, Object Type=N/A, SHA256 Hash=N/A, Parent Process GUID=N/A, Integrity Level=N/A, sysmon-parentimage=C:\Windows\System32\svchost.exe, Description=N/A, Token Elevation Type=N/A, Message=N/A, Encoded Command=N/A, Logon Account Domain=DOMAIN_0001.LOCAL, Process Name=sdbinst.exe, Parent Process ID=N/A, Logon Type=N/A, Account Security ID=S-1-5-21-0004, Share Name=N/A, Authentication Package=N/A, sysmon-processguid=N/A, Realm=DOMAIN_0001.LOCAL, Account ID=S-1-5-21-0002, Process Path=C:\Windows\System32\sdbinst.exe, Status Code=N/A, User Domain=DOMAIN_0014.LOCAL, Encoded Argument=N/A, Target Username=USER_0008, Event ID=4688, sysmon-user=USER_0004, Command= , Process ID=0x2afc, Machine Identifier=HOST_0026, Target Account Security ID=S-1-5-21-0003, Device Name=HOST_0026, IMP Hash=N/A, Parent Process Path=C:\Windows\System32\svchost.exe}",false,MAC_0001,MAC_0002,[REDACTED_DUPLICATE_PAYLOAD],7,52872,0,12,false,0:0:0:0:0:0:0:0,N/A,0,N/A,8110,"<13>Jul 24 14:07:46 10.0.0.11.Ptit AgentDevice=WindowsLog	AgentLogFile=Security	PluginVersion=7.3.1.28	Source=Microsoft-Windows-Security-Auditing	Computer=AADC02.ptit.edu.vn	OriginatingComputer=10.2.3.15	User=	Domain=	EventID=4688	EventIDCode=4688	EventType=8	EventCategory=13312	RecordNumber=1159411	TimeGenerated=1784876863	TimeWritten=1784876863	Level=Log Always	Keywords=Audit Success	Task=SE_ADT_DETAILEDTRACKING_PROCESSCREATION	Opcode=Info	Message=A new process has been created.  Creator Subject:  Security ID:  NT DOMAIN_0008.LOCAL\USER_0002  Account Name: USER_0048  Account Domain: DOMAIN_0014.LOCAL  Logon ID:  0x3E7  Target Subject:  Security ID:  NULL SID  Account Name:  -  Account Domain:  -  Logon ID:  0x0  Process Information:  New Process ID:  0x2afc  New Process Name: C:\Windows\System32\sdbinst.exe  Token Elevation Type: TokenElevationTypeDefault (1)  Mandatory Label:  Mandatory Label\System Mandatory Level  Creator Process ID: 0x58c  Creator Process Name: C:\Windows\System32\svchost.exe  Process Command Line:   Token Elevation Type indicates the type of token that was assigned to the new process in accordance with User Account Control policy.  Type 1 is a full token with no privileges removed or groups disabled.  A full token is only used if User Account Control is disabled or if the user is the built-in Administrator account or a service account.  Type 2 is an elevated token with no privileges removed or groups disabled.  An elevated token is used when User Account Control is enabled and the user chooses to start the program using Run as administrator.  An elevated token is also used when an application is configured to always require administrative privilege or to always require maximum privilege, and the user is a member of the Administrators group.  Type 3 is a limited token with administrative privileges removed and administrative groups disabled.  The limited token is used when User Account Control is enabled, the application does not require administrative privilege, and the user does not choose to start the program using Run as administrator.",Process Creation Success,N/A,1,0,unknown,N/A,Success Audit: A new process has been created,unknown,0,null,1784876863000,255,0,false,0,"true""""",Success Audit,HOST_0004,Success Audit: A new process has been created.,0,1784876873428,No Offense,255,HOST_0027 @ 10.0.0.11,true,10,false,N/A,10.0.0.11,false,1784876873428,10,NETWORK_0009,68,4688,0,2,-1,HOST_0004,[REDACTED_DUPLICATE_PAYLOAD],USER_0004,5000862,false,null,N/A,"14:07:53, 24 thg 7, 2026","14:07:43, 24 thg 7, 2026",MAC_0002,HOST_0024,630,0,false,10.0.0.11,0,N/A,10.0.0.3,1,"14:07:53, 24 thg 7, 2026",0:0:0:0:0:0:0:0,N/A,null,"100221,100265,109237,100668,100623,156193,100272,134937,166353,100225"
N/A,false,0,0,USER_0004,HOST_0025,"{sysmon-eventid=11, Description=N/A, Message=N/A, Pipe Name=N/A, File Directory=C:\Windows\apppatch\MergeSdbFiles, sysmon-processid=11004, channel=Microsoft-Windows-Sysmon/Operational, Logon Account Domain=DOMAIN_0001.LOCAL, Object Name=N/A, Process Name=sdbinst.exe, Account Name=USER_0004, Logon Type=N/A, Target User Domain=DOMAIN_0001.LOCAL, Account Security ID=S-1-5-21-0002, Share Name=N/A, Authentication Package=N/A, sysmon-processguid={351134e7-0f3f-6a63-5976-010000000b00}, Logon Account Name=USER_0004, Realm=DOMAIN_0001.LOCAL, EventIDCode=11, Account ID=S-1-5-21-0002, Process Path=C:\WINDOWS\System32\sdbinst.exe, sysmon-creationutctime=2025-03-14 10:56:58.568, sysmon-utctime=2026-07-24 07:07:43.596, Status Code=N/A, Filename=01DA54B25CE0D000.msimain.sdb, User Domain=DOMAIN_0001.LOCAL, Key Length=N/A, Target Username=USER_0004, Event ID=11, ProgramName=N/A, sysmon-targetfilename=C:\Windows\apppatch\MergeSdbFiles\01DA54B25CE0D000.msimain.sdb, sysmon-user=USER_0002, Process GUID=N/A, Process ID=11004, Target File Directory=C:\Windows\apppatch\MergeSdbFiles\01DA54B25CE0D000.msimain.sdb, sysmon-image=C:\WINDOWS\System32\sdbinst.exe, File Extension=sdb, Machine Identifier=HOST_0026, Task Name=N/A, Object Type=N/A, Target Account Security ID=S-1-5-21-0002, Device Name=HOST_0026, File Path=C:\Windows\apppatch\MergeSdbFiles\01DA54B25CE0D000.msimain.sdb}",false,MAC_0001,MAC_0002,[REDACTED_DUPLICATE_PAYLOAD],6,52872,0,12,false,0:0:0:0:0:0:0:0,N/A,0,N/A,8028,<13>Jul 24 14:07:44 10.0.0.11.Ptit AgentDevice=WindowsLog	AgentLogFile=Microsoft-Windows-Sysmon/Operational	PluginVersion=7.3.1.28	Source=Microsoft-Windows-Sysmon	Computer=AADC02.ptit.edu.vn	OriginatingComputer=10.2.3.15	User=USER_0002	Domain=DOMAIN_0006.LOCAL	EventID=11	EventIDCode=11	EventType=4	EventCategory=11	RecordNumber=64300478	TimeGenerated=1784876863	TimeWritten=1784876863	Level=Informational	Keywords=0x8000000000000000	Task=SysmonTask-SYSMON_FILE_CREATE	Opcode=Info	Message=File created: RuleName: - UtcTime: 2026-07-24 07:07:43.596 ProcessGuid: {351134e7-0f3f-6a63-5976-010000000b00} ProcessId: 11004 Image: C:\WINDOWS\System32\sdbinst.exe TargetFilename: C:\Windows\apppatch\MergeSdbFiles\01DA54B25CE0D000.msimain.sdb CreationUtcTime: 2025-03-14 10:56:58.568,File Created,N/A,1,0,unknown,N/A,FileCreate,unknown,0,null,1784876863000,255,0,false,0,"true""""",Microsoft-Windows-Sysmon/Operational,HOST_0004,File create operations are logged when a file is created or overwritten.,0,1784876873428,No Offense,255,HOST_0027 @ 10.0.0.11,true,10,false,N/A,10.0.0.11,false,1784876933428,10,NETWORK_0009,68,11,0,1,-1,HOST_0004,[REDACTED_DUPLICATE_PAYLOAD],USER_0002,5001830,false,null,N/A,"14:07:53, 24 thg 7, 2026","14:07:43, 24 thg 7, 2026",MAC_0002,HOST_0024,630,0,false,10.0.0.11,0,N/A,10.0.0.3,2,"14:08:53, 24 thg 7, 2026",0:0:0:0:0:0:0:0,N/A,null,"100221,100265,109237,109187,100620,100668,156193,100619,100276,100272,123237,123937,134937,166353,100225"
