N/A,false,0,0,USER_0004,HOST_0054,"{sysmon-eventid=1, Parent Process Name=svchost.exe, Pipe Name=N/A, File Directory=N/A, sysmon-processid=30992, channel=Microsoft-Windows-Sysmon/Operational, sysmon-username= NT DOMAIN_0008.LOCAL\USER_0002, Parent Command=C:\WINDOWS\system32\svchost.exe -k netsvcs -p -s Schedule, Object Name=N/A, Account Name=USER_0004, sysmon-currentdirectory=C:\WINDOWS\system32\, Target User Domain=DOMAIN_0001.LOCAL, Logon Account Name=USER_0004, Product Description=Host Process for Windows Tasks, EventIDCode=1, Terminated Process Name=N/A, MD5 Hash=E890D9A2DDCBC873E135294DAEDE01F4, Filename=N/A, Key Length=N/A, sysmon-logonid=0x3E7, ProgramName=N/A, Process GUID=d1bff887-510b-6a75-b5aa-000000000e00, SHA1 Hash=6AD8CE3F2B7A377C3AD27A45CF1659DBBECB470C, File Extension=N/A, Object Type=N/A, sysmon-hash=SHA1=6AD8CE3F2B7A377C3AD27A45CF1659DBBECB470C,MD5=E890D9A2DDCBC873E135294DAEDE01F4,SHA256=45D8D8C878BE23E1A41509FF0139DC3AA107956365F75B0F752E8B162357C2EB,IMPHASH=1C4E2D9936E4D9F2490B08AAB4D24260, SHA256 Hash=45D8D8C878BE23E1A41509FF0139DC3AA107956365F75B0F752E8B162357C2EB, Parent Process GUID=d1bff887-bd10-6a57-1f00-000000000e00, Integrity Level=System, sysmon-parentimage=C:\Windows\System32\svchost.exe, Description=Description: Host Process for Windows Tasks Product, File Hash=6AD8CE3F2B7A377C3AD27A45CF1659DBBECB470C, Token Elevation Type=N/A, Message=N/A, sysmon-rulename=-, Encoded Command=N/A, Logon Account Domain=DOMAIN_0001.LOCAL, Process Name=taskhostw.exe, Parent Process ID=1936, sysmon-parentcommandline=C:\WINDOWS\system32\svchost.exe -k netsvcs -p -s Schedule, Logon Type=N/A, sysmon-integritylevel=System, sysmon-logonguid={d1bff887-bd0c-6a57-e703-000000000000}, Account Security ID=S-1-5-21-0002, Share Name=N/A, Authentication Package=N/A, sysmon-processguid={d1bff887-510b-6a75-b5aa-000000000e00}, Realm=DOMAIN_0001.LOCAL, Account ID=S-1-5-21-0002, sysmon-description=Host Process for Windows Tasks, Process Path=C:\Windows\System32\taskhostw.exe, Status Code=N/A, Product Name=Microsoft® Windows® Operating System, User Domain=DOMAIN_0001.LOCAL, Encoded Argument=N/A, Target Username=USER_0004, Event ID=1, sysmon-parentprocessid=1936, Product Company=Microsoft Corporation, sysmon-fileversion=10.0.20348.3451 (WinBuild.160101.0800), sysmon-parentprocessguid={d1bff887-bd10-6a57-1f00-000000000e00}, sysmon-user=USER_0002, Command=taskhostw.exe ExchangeDiagnosticsPerformanceLog|$(Arg0), sysmon-originalfilename=taskhostw.exe, Process ID=30992, sysmon-image=C:\Windows\System32\taskhostw.exe, Machine Identifier=HOST_0055, Target Account Security ID=S-1-5-21-0002, sysmon-commandline=taskhostw.exe ExchangeDiagnosticsPerformanceLog|$(Arg0), Device Name=HOST_0055, IMP Hash=1C4E2D9936E4D9F2490B08AAB4D24260, Current Working Directory=C:\WINDOWS\system32\, Parent Process Path=C:\Windows\System32\svchost.exe, sysmon-terminalsessionid=0}",false,MAC_0001,MAC_0002,[REDACTED_DUPLICATE_PAYLOAD],3,54185,0,12,false,0:0:0:0:0:0:0:0,N/A,0,N/A,8110,"<13>Aug 07 10:29:17 MST-EX-02.10.100.10.188 AgentDevice=WindowsLog	AgentLogFile=Microsoft-Windows-Sysmon/Operational	PluginVersion=7.3.1.28	Source=Microsoft-Windows-Sysmon	Computer=MST-EX-02.mic.gov.vn	OriginatingComputer=10.100.10.188	User=USER_0002	Domain=DOMAIN_0006.LOCAL	EventID=1	EventIDCode=1	EventType=4	EventCategory=1	RecordNumber=8403112	TimeGenerated=1786073355	TimeWritten=1786073355	Level=Informational	Keywords=0x8000000000000000	Task=SysmonTask-SYSMON_CREATE_PROCESS	Opcode=Info	Message=Process Create: RuleName: - UtcTime: 2026-08-07 03:29:15.732 ProcessGuid: {d1bff887-510b-6a75-b5aa-000000000e00} ProcessId: 30992 Image: C:\Windows\System32\taskhostw.exe FileVersion: 10.0.20348.3451 (WinBuild.160101.0800) Description: Host Process for Windows Tasks Product: Microsoft® Windows® Operating System Company: Microsoft Corporation OriginalFileName: taskhostw.exe CommandLine: taskhostw.exe ExchangeDiagnosticsPerformanceLog|$(Arg0) CurrentDirectory: C:\WINDOWS\system32\ User: NT DOMAIN_0008.LOCAL\USER_0002 LogonGuid: {d1bff887-bd0c-6a57-e703-000000000000} LogonId: 0x3E7 TerminalSessionId: 0 IntegrityLevel: System Hashes: SHA1=6AD8CE3F2B7A377C3AD27A45CF1659DBBECB470C,MD5=E890D9A2DDCBC873E135294DAEDE01F4,SHA256=45D8D8C878BE23E1A41509FF0139DC3AA107956365F75B0F752E8B162357C2EB,IMPHASH=1C4E2D9936E4D9F2490B08AAB4D24260 ParentProcessGuid: {d1bff887-bd10-6a57-1f00-000000000e00} ParentProcessId: 1936 ParentImage: C:\Windows\System32\svchost.exe ParentCommandLine: C:\WINDOWS\system32\svchost.exe -k netsvcs -p -s Schedule ",Process Creation Success,N/A,1,0,unknown,N/A,Process Create,unknown,0,null,1786073355000,255,0,false,0,"true""""",Microsoft-Windows-Sysmon/Operational,HOST_0004,The process creation event provides extended information about a newly created process.,0,1786073662592,No Offense,255,HOST_0056 @ 10.0.0.22,false,3,false,N/A,10.0.0.22,false,1786073662592,5,NETWORK_0016,58,1,0,3,-1,HOST_0004,[REDACTED_DUPLICATE_PAYLOAD],USER_0002,5001828,false,null,N/A,"10:34:22, 7 thg 8, 2026","10:29:15, 7 thg 8, 2026",MAC_0002,HOST_0057,584,0,false,10.0.0.22,0,N/A,10.0.0.3,1,"10:34:22, 7 thg 8, 2026",0:0:0:0:0:0:0:0,N/A,null,"100101,100221,100265,109237,109187,100668,156193,100277,100272,134937,166353,100223"
N/A,false,0,0,USER_0004,HOST_0054,"{sysmon-eventid=1, Parent Process Name=svchost.exe, Pipe Name=N/A, File Directory=N/A, sysmon-processid=2876, channel=Microsoft-Windows-Sysmon/Operational, sysmon-username= DOMAIN_0067.LOCAL\USER_0302, Parent Command=C:\WINDOWS\system32\svchost.exe -k DcomLaunch -p, Object Name=N/A, Account Name=USER_0004, sysmon-currentdirectory=C:\WINDOWS\system32\, Target User Domain=DOMAIN_0001.LOCAL, Logon Account Name=USER_0004, Product Description=Windows Defender SmartScreen, EventIDCode=1, Terminated Process Name=N/A, MD5 Hash=89E9C7EBEB999AB717A43CB8E537BCB8, Filename=N/A, Key Length=N/A, sysmon-logonid=0x4B0B7813, ProgramName=N/A, Process GUID=d1bff887-509b-6a75-b4aa-000000000e00, SHA1 Hash=2B2823886787D3C7469B05EC8F91B7BAA5F334B4, File Extension=N/A, Object Type=N/A, sysmon-hash=SHA1=2B2823886787D3C7469B05EC8F91B7BAA5F334B4,MD5=89E9C7EBEB999AB717A43CB8E537BCB8,SHA256=3E974D4FDAF330E21F10E60851BE0F4AFB92C1B7DDD6EE393DA7594D9C7BBDB5,IMPHASH=BC3C14286DFBBCE88A9248F717BDA0A6, SHA256 Hash=3E974D4FDAF330E21F10E60851BE0F4AFB92C1B7DDD6EE393DA7594D9C7BBDB5, Parent Process GUID=d1bff887-bd0d-6a57-0d00-000000000e00, Integrity Level=Medium, sysmon-parentimage=C:\Windows\System32\svchost.exe, Description=Description: Windows Defender SmartScreen Product, File Hash=2B2823886787D3C7469B05EC8F91B7BAA5F334B4, Token Elevation Type=N/A, Message=N/A, sysmon-rulename=-, Encoded Command=N/A, Logon Account Domain=DOMAIN_0001.LOCAL, Process Name=smartscreen.exe, Parent Process ID=1152, sysmon-parentcommandline=C:\WINDOWS\system32\svchost.exe -k DcomLaunch -p, Logon Type=N/A, sysmon-integritylevel=Medium, sysmon-logonguid={d1bff887-5124-6a60-1378-0b4b00000000}, Account Security ID=S-1-5-21-0002, Share Name=N/A, Authentication Package=N/A, sysmon-processguid={d1bff887-509b-6a75-b4aa-000000000e00}, Realm=DOMAIN_0001.LOCAL, Account ID=S-1-5-21-0002, sysmon-description=Windows Defender SmartScreen, Process Path=C:\Windows\System32\smartscreen.exe, Status Code=N/A, Product Name=Microsoft® Windows® Operating System, User Domain=DOMAIN_0001.LOCAL, Encoded Argument=N/A, Target Username=USER_0004, Event ID=1, sysmon-parentprocessid=1152, Product Company=Microsoft Corporation, sysmon-fileversion=10.0.20348.5020 (WinBuild.160101.0800), sysmon-parentprocessguid={d1bff887-bd0d-6a57-0d00-000000000e00}, sysmon-user=USER_0002, Command=C:\Windows\System32\smartscreen.exe -Embedding, sysmon-originalfilename=smartscreen.exe, Process ID=2876, sysmon-image=C:\Windows\System32\smartscreen.exe, Machine Identifier=HOST_0055, Target Account Security ID=S-1-5-21-0002, sysmon-commandline=C:\Windows\System32\smartscreen.exe -Embedding, Device Name=HOST_0055, IMP Hash=BC3C14286DFBBCE88A9248F717BDA0A6, Current Working Directory=C:\WINDOWS\system32\, Parent Process Path=C:\Windows\System32\svchost.exe, sysmon-terminalsessionid=4}",false,MAC_0001,MAC_0002,[REDACTED_DUPLICATE_PAYLOAD],3,54185,0,12,false,0:0:0:0:0:0:0:0,N/A,0,N/A,8110,"<13>Aug 07 10:27:26 MST-EX-02.10.100.10.188 AgentDevice=WindowsLog	AgentLogFile=Microsoft-Windows-Sysmon/Operational	PluginVersion=7.3.1.28	Source=Microsoft-Windows-Sysmon	Computer=MST-EX-02.mic.gov.vn	OriginatingComputer=10.100.10.188	User=USER_0002	Domain=DOMAIN_0006.LOCAL	EventID=1	EventIDCode=1	EventType=4	EventCategory=1	RecordNumber=8399809	TimeGenerated=1786073243	TimeWritten=1786073243	Level=Informational	Keywords=0x8000000000000000	Task=SysmonTask-SYSMON_CREATE_PROCESS	Opcode=Info	Message=Process Create: RuleName: - UtcTime: 2026-08-07 03:27:23.505 ProcessGuid: {d1bff887-509b-6a75-b4aa-000000000e00} ProcessId: 2876 Image: C:\Windows\System32\smartscreen.exe FileVersion: 10.0.20348.5020 (WinBuild.160101.0800) Description: Windows Defender SmartScreen Product: Microsoft® Windows® Operating System Company: Microsoft Corporation OriginalFileName: smartscreen.exe CommandLine: C:\Windows\System32\smartscreen.exe -Embedding CurrentDirectory: C:\WINDOWS\system32\ User: DOMAIN_0067.LOCAL\USER_0302 LogonGuid: {d1bff887-5124-6a60-1378-0b4b00000000} LogonId: 0x4B0B7813 TerminalSessionId: 4 IntegrityLevel: Medium Hashes: SHA1=2B2823886787D3C7469B05EC8F91B7BAA5F334B4,MD5=89E9C7EBEB999AB717A43CB8E537BCB8,SHA256=3E974D4FDAF330E21F10E60851BE0F4AFB92C1B7DDD6EE393DA7594D9C7BBDB5,IMPHASH=BC3C14286DFBBCE88A9248F717BDA0A6 ParentProcessGuid: {d1bff887-bd0d-6a57-0d00-000000000e00} ParentProcessId: 1152 ParentImage: C:\Windows\System32\svchost.exe ParentCommandLine: C:\WINDOWS\system32\svchost.exe -k DcomLaunch -p ",Process Creation Success,N/A,1,0,unknown,N/A,Process Create,unknown,0,null,1786073243000,255,0,false,0,"true""""",Microsoft-Windows-Sysmon/Operational,HOST_0004,The process creation event provides extended information about a newly created process.,0,1786073547048,No Offense,255,HOST_0056 @ 10.0.0.22,false,3,false,N/A,10.0.0.22,false,1786073547048,5,NETWORK_0016,58,1,0,3,-1,HOST_0004,[REDACTED_DUPLICATE_PAYLOAD],USER_0002,5001828,false,null,N/A,"10:32:27, 7 thg 8, 2026","10:27:23, 7 thg 8, 2026",MAC_0002,HOST_0057,584,0,false,10.0.0.22,0,N/A,10.0.0.3,1,"10:32:27, 7 thg 8, 2026",0:0:0:0:0:0:0:0,N/A,null,"100101,100221,100265,109237,109187,100668,156193,100277,100272,134937,166353,100223"
N/A,false,0,0,USER_0004,HOST_0054,"{sysmon-eventid=4688, Parent Process Name=svchost.exe, Pipe Name=N/A, File Directory=N/A, sysmon-processid=N/A, channel=Security, Object Name=N/A, Account Name=USER_0296, Target User Domain=DOMAIN_0067.LOCAL, mandatory_label=Mandatory Label\Medium Mandatory Level, Logon Account Name=USER_0004, EventIDCode=4688, Terminated Process Name=N/A, MD5 Hash=N/A, Filename=N/A, Key Length=N/A, ProgramName=N/A, Process GUID=N/A, SHA1 Hash=N/A, File Extension=N/A, Object Type=N/A, SHA256 Hash=N/A, Parent Process GUID=N/A, Integrity Level=N/A, sysmon-parentimage=C:\Windows\System32\svchost.exe, Description=N/A, Token Elevation Type=N/A, Message=N/A, Encoded Command=N/A, Logon Account Domain=DOMAIN_0001.LOCAL, Process Name=smartscreen.exe, Parent Process ID=N/A, Logon Type=N/A, Account Security ID=S-1-5-21-0004, Share Name=N/A, Authentication Package=N/A, sysmon-processguid=N/A, Realm=DOMAIN_0001.LOCAL, Account ID=S-1-5-21-0002, Process Path=C:\Windows\System32\smartscreen.exe, Status Code=N/A, User Domain=DOMAIN_0067.LOCAL, Encoded Argument=N/A, Target Username=USER_0302, Event ID=4688, sysmon-user=USER_0004, Command=C:\Windows\System32\smartscreen.exe -Embedding, Process ID=0xb3c, Machine Identifier=HOST_0055, Target Account Security ID=S-1-5-21-0021, Device Name=HOST_0055, IMP Hash=N/A, Parent Process Path=C:\Windows\System32\svchost.exe}",false,MAC_0001,MAC_0002,[REDACTED_DUPLICATE_PAYLOAD],3,54185,0,12,false,0:0:0:0:0:0:0:0,N/A,0,N/A,8110,"<13>Aug 07 10:27:24 MST-EX-02.10.100.10.188 AgentDevice=WindowsLog	AgentLogFile=Security	PluginVersion=7.3.1.28	Source=Microsoft-Windows-Security-Auditing	Computer=MST-EX-02.mic.gov.vn	OriginatingComputer=10.100.10.188	User=	Domain=	EventID=4688	EventIDCode=4688	EventType=8	EventCategory=13312	RecordNumber=26695821	TimeGenerated=1786073243	TimeWritten=1786073243	Level=Log Always	Keywords=Audit Success	Task=SE_ADT_DETAILEDTRACKING_PROCESSCREATION	Opcode=Info	Message=A new process has been created.  Creator Subject:  Security ID:  NT DOMAIN_0008.LOCAL\USER_0002  Account Name: USER_0296  Account Domain: DOMAIN_0067.LOCAL  Logon ID:  0x3E7  Target Subject:  Security ID:  DOMAIN_0067.LOCAL\USER_0302  Account Name: USER_0302  Account Domain: DOMAIN_0067.LOCAL  Logon ID:  0x4B0B7813  Process Information:  New Process ID:  0xb3c  New Process Name: C:\Windows\System32\smartscreen.exe  Token Elevation Type: TokenElevationTypeLimited (3)  Mandatory Label:  Mandatory Label\Medium Mandatory Level  Creator Process ID: 0x480  Creator Process Name: C:\Windows\System32\svchost.exe  Process Command Line: C:\Windows\System32\smartscreen.exe -Embedding  Token Elevation Type indicates the type of token that was assigned to the new process in accordance with User Account Control policy.  Type 1 is a full token with no privileges removed or groups disabled.  A full token is only used if User Account Control is disabled or if the user is the built-in Administrator account or a service account.  Type 2 is an elevated token with no privileges removed or groups disabled.  An elevated token is used when User Account Control is enabled and the user chooses to start the program using Run as administrator.  An elevated token is also used when an application is configured to always require administrative privilege or to always require maximum privilege, and the user is a member of the Administrators group.  Type 3 is a limited token with administrative privileges removed and administrative groups disabled.  The limited token is used when User Account Control is enabled, the application does not require administrative privilege, and the user does not choose to start the program using Run as administrator. ",Process Creation Success,N/A,1,0,unknown,N/A,Success Audit: A new process has been created,unknown,0,null,1786073243000,255,0,false,0,"true""""",Success Audit,HOST_0004,Success Audit: A new process has been created.,0,1786073547033,No Offense,255,HOST_0056 @ 10.0.0.22,false,3,false,N/A,10.0.0.22,false,1786073547033,5,NETWORK_0016,58,4688,0,3,-1,HOST_0004,[REDACTED_DUPLICATE_PAYLOAD],USER_0004,5000862,false,null,N/A,"10:32:27, 7 thg 8, 2026","10:27:23, 7 thg 8, 2026",MAC_0002,HOST_0057,584,0,false,10.0.0.22,0,N/A,10.0.0.3,1,"10:32:27, 7 thg 8, 2026",0:0:0:0:0:0:0:0,N/A,null,"100101,100221,100265,109237,100668,156193,100277,100272,134937,166353,100223"
N/A,false,0,0,USER_0004,HOST_0054,"{sysmon-eventid=4688, Parent Process Name=noderunner.exe, Pipe Name=N/A, File Directory=N/A, sysmon-processid=N/A, channel=Security, Object Name=N/A, Account Name=USER_0296, Target User Domain=DOMAIN_0026.LOCAL, mandatory_label=Mandatory Label\Medium Mandatory Level, Logon Account Name=USER_0004, EventIDCode=4688, Terminated Process Name=N/A, MD5 Hash=N/A, Filename=N/A, Key Length=N/A, ProgramName=N/A, Process GUID=N/A, SHA1 Hash=N/A, File Extension=N/A, Object Type=N/A, SHA256 Hash=N/A, Parent Process GUID=N/A, Integrity Level=N/A, sysmon-parentimage=D:\Exchange Server\V15\Bin\Search\Ceres\Runtime\1.0\ResourceProfile\contentengine\noderunner.exe, Description=N/A, Token Elevation Type=N/A, Message=N/A, Encoded Command=N/A, Logon Account Domain=DOMAIN_0001.LOCAL, Process Name=ParserServer.exe, Parent Process ID=N/A, Logon Type=N/A, Account Security ID=S-1-5-21-0004, Share Name=N/A, Authentication Package=N/A, sysmon-processguid=N/A, Realm=DOMAIN_0001.LOCAL, Account ID=S-1-5-21-0002, Process Path=D:\Exchange Server\V15\Bin\Search\Ceres\ParserServer\ParserServer.exe, Status Code=N/A, User Domain=DOMAIN_0067.LOCAL, Encoded Argument=N/A, Target Username=USER_0002, Event ID=4688, sysmon-user=USER_0004, Command=""D:\Exchange Server\V15\Bin\Search\Ceres\ParserServer\ParserServer.exe"" ""D:\Exchange Server\V15\Bin\Search\Ceres\HostController\Data\Nodes\Fsis\ContentEngineNode1\temp\DocParser\sandbox\2DOMAIN_0068.LOCAL\USER_0303"", Process ID=0x496c, Machine Identifier=HOST_0055, Target Account Security ID=S-1-5-21-0004, Device Name=HOST_0055, IMP Hash=N/A, Parent Process Path=D:\Exchange Server\V15\Bin\Search\Ceres\Runtime\1.0\ResourceProfile\contentengine\noderunner.exe}",false,MAC_0001,MAC_0002,[REDACTED_DUPLICATE_PAYLOAD],3,54185,0,12,false,0:0:0:0:0:0:0:0,N/A,0,N/A,8110,"<13>Aug 07 10:26:21 MST-EX-02.10.100.10.188 AgentDevice=WindowsLog	AgentLogFile=Security	PluginVersion=7.3.1.28	Source=Microsoft-Windows-Security-Auditing	Computer=MST-EX-02.mic.gov.vn	OriginatingComputer=10.100.10.188	User=	Domain=	EventID=4688	EventIDCode=4688	EventType=8	EventCategory=13312	RecordNumber=26694936	TimeGenerated=1786073178	TimeWritten=1786073178	Level=Log Always	Keywords=Audit Success	Task=SE_ADT_DETAILEDTRACKING_PROCESSCREATION	Opcode=Info	Message=A new process has been created.  Creator Subject:  Security ID:  NT DOMAIN_0008.LOCAL\USER_0002  Account Name: USER_0296  Account Domain: DOMAIN_0067.LOCAL  Logon ID:  0x3E7  Target Subject:  Security ID:  NT DOMAIN_0008.LOCAL\USER_0002  Account Name: USER_0002  Account Domain: DOMAIN_0006.LOCAL  Logon ID:  0xFE46FAF6  Process Information:  New Process ID:  0x496c  New Process Name: D:\Exchange Server\V15\Bin\Search\Ceres\ParserServer\ParserServer.exe  Token Elevation Type: TokenElevationTypeDefault (1)  Mandatory Label:  Mandatory Label\Medium Mandatory Level  Creator Process ID: 0x1d0c  Creator Process Name: D:\Exchange Server\V15\Bin\Search\Ceres\Runtime\1.0\ResourceProfile\contentengine\noderunner.exe  Process Command Line: ""D:\Exchange Server\V15\Bin\Search\Ceres\ParserServer\ParserServer.exe"" ""D:\Exchange Server\V15\Bin\Search\Ceres\HostController\Data\Nodes\Fsis\ContentEngineNode1\temp\DocParser\sandbox\2DOMAIN_0068.LOCAL\USER_0303""  Token Elevation Type indicates the type of token that was assigned to the new process in accordance with User Account Control policy.  Type 1 is a full token with no privileges removed or groups disabled.  A full token is only used if User Account Control is disabled or if the user is the built-in Administrator account or a service account.  Type 2 is an elevated token with no privileges removed or groups disabled.  An elevated token is used when User Account Control is enabled and the user chooses to start the program using Run as administrator.  An elevated token is also used when an application is configured to always require administrative privilege or to always require maximum privilege, and the user is a member of the Administrators group.  Type 3 is a limited token with administrative privileges removed and administrative groups disabled.  The limited token is used when User Account Control is enabled, the application does not require administrative privilege, and the user does not choose to start the program using Run as administrator. ",Process Creation Success,N/A,1,0,unknown,N/A,Success Audit: A new process has been created,unknown,0,null,1786073178000,255,0,false,0,"true""""",Success Audit,HOST_0004,Success Audit: A new process has been created.,0,1786073485039,No Offense,255,HOST_0056 @ 10.0.0.22,false,3,false,N/A,10.0.0.22,false,1786073485039,5,NETWORK_0016,58,4688,0,3,-1,HOST_0004,[REDACTED_DUPLICATE_PAYLOAD],USER_0004,5000862,false,null,N/A,"10:31:25, 7 thg 8, 2026","10:26:18, 7 thg 8, 2026",MAC_0002,HOST_0057,584,0,false,10.0.0.22,0,N/A,10.0.0.3,1,"10:31:25, 7 thg 8, 2026",0:0:0:0:0:0:0:0,N/A,null,"100101,100221,100265,109237,156193,100277,100272,134937,166353,100223"
N/A,false,0,0,USER_0004,HOST_0054,"{sysmon-eventid=4688, Parent Process Name=ParserServer.exe, Pipe Name=N/A, File Directory=N/A, sysmon-processid=N/A, channel=Security, Object Name=N/A, Account Name=USER_0002, Target User Domain=DOMAIN_0005.LOCAL, mandatory_label=Mandatory Label\Medium Mandatory Level, Logon Account Name=USER_0004, EventIDCode=4688, Terminated Process Name=N/A, MD5 Hash=N/A, Filename=N/A, Key Length=N/A, ProgramName=N/A, Process GUID=N/A, SHA1 Hash=N/A, File Extension=N/A, Object Type=N/A, SHA256 Hash=N/A, Parent Process GUID=N/A, Integrity Level=N/A, sysmon-parentimage=D:\Exchange Server\V15\Bin\Search\Ceres\ParserServer\ParserServer.exe, Description=N/A, Token Elevation Type=N/A, Message=N/A, Encoded Command=N/A, Logon Account Domain=DOMAIN_0001.LOCAL, Process Name=conhost.exe, Parent Process ID=N/A, Logon Type=N/A, Account Security ID=S-1-5-21-0004, Share Name=N/A, Authentication Package=N/A, sysmon-processguid=N/A, Realm=DOMAIN_0001.LOCAL, Account ID=S-1-5-21-0002, Process Path=C:\Windows\System32\conhost.exe, Status Code=N/A, User Domain=DOMAIN_0006.LOCAL, Encoded Argument=N/A, Target Username=USER_0008, Event ID=4688, sysmon-user=USER_0004, Command=??\C:\WINDOWS\system32\conhost.exe 0xffffffff -ForceV1, Process ID=0x6b34, Machine Identifier=HOST_0055, Target Account Security ID=S-1-5-21-0003, Device Name=HOST_0055, IMP Hash=N/A, Parent Process Path=D:\Exchange Server\V15\Bin\Search\Ceres\ParserServer\ParserServer.exe}",false,MAC_0001,MAC_0002,[REDACTED_DUPLICATE_PAYLOAD],3,54185,0,12,false,0:0:0:0:0:0:0:0,N/A,0,N/A,8110,"<13>Aug 07 10:26:21 MST-EX-02.10.100.10.188 AgentDevice=WindowsLog	AgentLogFile=Security	PluginVersion=7.3.1.28	Source=Microsoft-Windows-Security-Auditing	Computer=MST-EX-02.mic.gov.vn	OriginatingComputer=10.100.10.188	User=	Domain=	EventID=4688	EventIDCode=4688	EventType=8	EventCategory=13312	RecordNumber=26694937	TimeGenerated=1786073178	TimeWritten=1786073178	Level=Log Always	Keywords=Audit Success	Task=SE_ADT_DETAILEDTRACKING_PROCESSCREATION	Opcode=Info	Message=A new process has been created.  Creator Subject:  Security ID:  NT DOMAIN_0008.LOCAL\USER_0002  Account Name: USER_0002  Account Domain: DOMAIN_0006.LOCAL  Logon ID:  0xFE46FAF6  Target Subject:  Security ID:  NULL SID  Account Name:  -  Account Domain:  -  Logon ID:  0x0  Process Information:  New Process ID:  0x6b34  New Process Name: C:\Windows\System32\conhost.exe  Token Elevation Type: TokenElevationTypeDefault (1)  Mandatory Label:  Mandatory Label\Medium Mandatory Level  Creator Process ID: 0x496c  Creator Process Name: D:\Exchange Server\V15\Bin\Search\Ceres\ParserServer\ParserServer.exe  Process Command Line: \??\C:\WINDOWS\system32\conhost.exe 0xffffffff -ForceV1  Token Elevation Type indicates the type of token that was assigned to the new process in accordance with User Account Control policy.  Type 1 is a full token with no privileges removed or groups disabled.  A full token is only used if User Account Control is disabled or if the user is the built-in Administrator account or a service account.  Type 2 is an elevated token with no privileges removed or groups disabled.  An elevated token is used when User Account Control is enabled and the user chooses to start the program using Run as administrator.  An elevated token is also used when an application is configured to always require administrative privilege or to always require maximum privilege, and the user is a member of the Administrators group.  Type 3 is a limited token with administrative privileges removed and administrative groups disabled.  The limited token is used when User Account Control is enabled, the application does not require administrative privilege, and the user does not choose to start the program using Run as administrator. ",Process Creation Success,N/A,1,0,unknown,N/A,Success Audit: A new process has been created,unknown,0,null,1786073178000,255,0,false,0,"true""""",Success Audit,HOST_0004,Success Audit: A new process has been created.,0,1786073485039,No Offense,255,HOST_0056 @ 10.0.0.22,false,3,false,N/A,10.0.0.22,false,1786073485039,5,NETWORK_0016,58,4688,0,3,-1,HOST_0004,[REDACTED_DUPLICATE_PAYLOAD],USER_0004,5000862,false,null,N/A,"10:31:25, 7 thg 8, 2026","10:26:18, 7 thg 8, 2026",MAC_0002,HOST_0057,584,0,false,10.0.0.22,0,N/A,10.0.0.3,1,"10:31:25, 7 thg 8, 2026",0:0:0:0:0:0:0:0,N/A,null,"100101,100221,100265,109237,100668,156193,100277,100272,134937,166353,100223"
N/A,false,0,0,USER_0004,HOST_0054,"{sysmon-eventid=1, Parent Process Name=noderunner.exe, Pipe Name=N/A, File Directory=N/A, sysmon-processid=18796, channel=Microsoft-Windows-Sysmon/Operational, sysmon-username= NT DOMAIN_0008.LOCAL\USER_0002, Parent Command=""D:\Exchange Server\V15\Bin\Search\Ceres\Runtime\1.0\ResourceProfile\contentengine\NodeRunner.exe"" --noderoot ""D:\Exchange Server\V15\Bin\Search\Ceres\HostController\Data\Nodes\Fsis\ContentEngineNode1"" --addfrom ""D:\Exchange Server\V15\Bin\Search\Ceres\HostController\Data\Nodes\Fsis\ContentEngineNode1\Configuration\Local\Node.ini"" --tracelog ""D:\Exchange Server\V15\Bin\Search\Ceres\HostController\Data\Nodes\Fsis\ContentEngineNode1\Logs\NodeRunner.log"" --applicationbase ""D:\Exchange Server\V15\Bin\Search\Ceres\Runtime\1.0"", Object Name=N/A, Account Name=USER_0004, sysmon-currentdirectory=D:\Exchange Server\V15\Bin\Search\Ceres\Runtime\1.0\ResourceProfile\contentengine\, Target User Domain=DOMAIN_0001.LOCAL, Logon Account Name=USER_0004, Product Description=-, EventIDCode=1, Terminated Process Name=N/A, MD5 Hash=373135D942C01C34FFB448AC41790E48, Filename=N/A, Key Length=N/A, sysmon-logonid=0xFE46FAF6, ProgramName=N/A, Process GUID=d1bff887-505a-6a75-b2aa-000000000e00, SHA1 Hash=E9414C1C67BB0B459E2088E97ACFD9332DCA7EE5, File Extension=N/A, Object Type=N/A, sysmon-hash=SHA1=E9414C1C67BB0B459E2088E97ACFD9332DCA7EE5,MD5=373135D942C01C34FFB448AC41790E48,SHA256=70B27F5CB040142C8329F1C223900CDFA0AA3671520AEF87B05800E21FDD3218,IMPHASH=F34D5F2D4577ED6D9CEEC516C1F5A744, SHA256 Hash=70B27F5CB040142C8329F1C223900CDFA0AA3671520AEF87B05800E21FDD3218, Parent Process GUID=d1bff887-bd44-6a57-8b00-000000000e00, Integrity Level=Medium, sysmon-parentimage=D:\Exchange Server\V15\Bin\Search\Ceres\Runtime\1.0\ResourceProfile\contentengine\noderunner.exe, Description=Description: - Product, File Hash=E9414C1C67BB0B459E2088E97ACFD9332DCA7EE5, Token Elevation Type=N/A, Message=N/A, sysmon-rulename=-, Encoded Command=N/A, Logon Account Domain=DOMAIN_0001.LOCAL, Process Name=ParserServer.exe, Parent Process ID=7436, sysmon-parentcommandline=""D:\Exchange Server\V15\Bin\Search\Ceres\Runtime\1.0\ResourceProfile\contentengine\NodeRunner.exe"" --noderoot ""D:\Exchange Server\V15\Bin\Search\Ceres\HostController\Data\Nodes\Fsis\ContentEngineNode1"" --addfrom ""D:\Exchange Server\V15\Bin\Search\Ceres\HostController\Data\Nodes\Fsis\ContentEngineNode1\Configuration\Local\Node.ini"" --tracelog ""D:\Exchange Server\V15\Bin\Search\Ceres\HostController\Data\Nodes\Fsis\ContentEngineNode1\Logs\NodeRunner.log"" --applicationbase ""D:\Exchange Server\V15\Bin\Search\Ceres\Runtime\1.0"", Logon Type=N/A, sysmon-integritylevel=Medium, sysmon-logonguid={d1bff887-5059-6a75-f6fa-46fe00000000}, Account Security ID=S-1-5-21-0002, Share Name=N/A, Authentication Package=N/A, sysmon-processguid={d1bff887-505a-6a75-b2aa-000000000e00}, Realm=DOMAIN_0001.LOCAL, Account ID=S-1-5-21-0002, sysmon-description=-, Process Path=D:\Exchange Server\V15\Bin\Search\Ceres\ParserServer\ParserServer.exe, Status Code=N/A, Product Name=Microsoft® Exchange, User Domain=DOMAIN_0001.LOCAL, Encoded Argument=N/A, Target Username=USER_0004, Event ID=1, sysmon-parentprocessid=7436, Product Company=Microsoft Corporation, sysmon-fileversion=16.16.120.13, sysmon-parentprocessguid={d1bff887-bd44-6a57-8b00-000000000e00}, sysmon-user=USER_0002, Command=""D:\Exchange Server\V15\Bin\Search\Ceres\ParserServer\ParserServer.exe"" ""D:\Exchange Server\V15\Bin\Search\Ceres\HostController\Data\Nodes\Fsis\ContentEngineNode1\temp\DocParser\sandbox\2DOMAIN_0068.LOCAL\USER_0303"", sysmon-originalfilename=ParserServer.exe, Process ID=18796, sysmon-image=D:\Exchange Server\V15\Bin\Search\Ceres\ParserServer\ParserServer.exe, Machine Identifier=HOST_0055, Target Account Security ID=S-1-5-21-0002, sysmon-commandline=""D:\Exchange Server\V15\Bin\Search\Ceres\ParserServer\ParserServer.exe"" ""D:\Exchange Server\V15\Bin\Search\Ceres\HostController\Data\Nodes\Fsis\ContentEngineNode1\temp\DocParser\sandbox\2DOMAIN_0068.LOCAL\USER_0303"", Device Name=HOST_0055, IMP Hash=F34D5F2D4577ED6D9CEEC516C1F5A744, Current Working Directory=D:\Exchange Server\V15\Bin\Search\Ceres\Runtime\1.0\ResourceProfile\contentengine\, Parent Process Path=D:\Exchange Server\V15\Bin\Search\Ceres\Runtime\1.0\ResourceProfile\contentengine\noderunner.exe, sysmon-terminalsessionid=0}",false,MAC_0001,MAC_0002,[REDACTED_DUPLICATE_PAYLOAD],3,54185,0,12,false,0:0:0:0:0:0:0:0,N/A,0,N/A,8110,"<13>Aug 07 10:26:20 MST-EX-02.10.100.10.188 AgentDevice=WindowsLog	AgentLogFile=Microsoft-Windows-Sysmon/Operational	PluginVersion=7.3.1.28	Source=Microsoft-Windows-Sysmon	Computer=MST-EX-02.mic.gov.vn	OriginatingComputer=10.100.10.188	User=USER_0002	Domain=DOMAIN_0006.LOCAL	EventID=1	EventIDCode=1	EventType=4	EventCategory=1	RecordNumber=8397795	TimeGenerated=1786073178	TimeWritten=1786073178	Level=Informational	Keywords=0x8000000000000000	Task=SysmonTask-SYSMON_CREATE_PROCESS	Opcode=Info	Message=Process Create: RuleName: - UtcTime: 2026-08-07 03:26:18.003 ProcessGuid: {d1bff887-505a-6a75-b2aa-000000000e00} ProcessId: 18796 Image: D:\Exchange Server\V15\Bin\Search\Ceres\ParserServer\ParserServer.exe FileVersion: 203.0.0.24 Description: - Product: Microsoft® Exchange Company: Microsoft Corporation OriginalFileName: ParserServer.exe CommandLine: ""D:\Exchange Server\V15\Bin\Search\Ceres\ParserServer\ParserServer.exe"" ""D:\Exchange Server\V15\Bin\Search\Ceres\HostController\Data\Nodes\Fsis\ContentEngineNode1\temp\DocParser\sandbox\2DOMAIN_0068.LOCAL\USER_0303"" CurrentDirectory: D:\Exchange Server\V15\Bin\Search\Ceres\Runtime\1.0\ResourceProfile\contentengine\ User: NT DOMAIN_0008.LOCAL\USER_0002 LogonGuid: {d1bff887-5059-6a75-f6fa-46fe00000000} LogonId: 0xFE46FAF6 TerminalSessionId: 0 IntegrityLevel: Medium Hashes: SHA1=E9414C1C67BB0B459E2088E97ACFD9332DCA7EE5,MD5=373135D942C01C34FFB448AC41790E48,SHA256=70B27F5CB040142C8329F1C223900CDFA0AA3671520AEF87B05800E21FDD3218,IMPHASH=F34D5F2D4577ED6D9CEEC516C1F5A744 ParentProcessGuid: {d1bff887-bd44-6a57-8b00-000000000e00} ParentProcessId: 7436 ParentImage: D:\Exchange Server\V15\Bin\Search\Ceres\Runtime\1.0\ResourceProfile\contentengine\noderunner.exe ParentCommandLine: ""D:\Exchange Server\V15\Bin\Search\Ceres\Runtime\1.0\ResourceProfile\contentengine\NodeRunner.exe"" --noderoot ""D:\Exchange Server\V15\Bin\Search\Ceres\HostController\Data\Nodes\Fsis\ContentEngineNode1"" --addfrom ""D:\Exchange Server\V15\Bin\Search\Ceres\HostController\Data\Nodes\Fsis\ContentEngineNode1\Configuration\Local\Node.ini"" --tracelog ""D:\Exchange Server\V15\Bin\Search\Ceres\HostController\Data\Nodes\Fsis\ContentEngineNode1\Logs\NodeRunner.log"" --applicationbase ""D:\Exchange Server\V15\Bin\Search\Ceres\Runtime\1.0"" ",Process Creation Success,N/A,1,0,unknown,N/A,Process Create,unknown,0,null,1786073178000,255,0,false,0,"true""""",Microsoft-Windows-Sysmon/Operational,HOST_0004,The process creation event provides extended information about a newly created process.,0,1786073485025,No Offense,255,HOST_0056 @ 10.0.0.22,false,3,false,N/A,10.0.0.22,false,1786073485025,5,NETWORK_0016,58,1,0,3,-1,HOST_0004,[REDACTED_DUPLICATE_PAYLOAD],USER_0002,5001828,false,null,N/A,"10:31:25, 7 thg 8, 2026","10:26:18, 7 thg 8, 2026",MAC_0002,HOST_0057,584,0,false,10.0.0.22,0,N/A,10.0.0.3,1,"10:31:25, 7 thg 8, 2026",0:0:0:0:0:0:0:0,N/A,null,"100101,100221,100265,109237,109187,156193,100277,100272,134937,166353,100223"
N/A,false,0,0,USER_0004,HOST_0054,"{sysmon-eventid=4688, Parent Process Name=MSExchangeHMWorker.exe, Pipe Name=N/A, File Directory=N/A, sysmon-processid=N/A, channel=Security, Object Name=N/A, Account Name=USER_0296, Target User Domain=DOMAIN_0005.LOCAL, mandatory_label=Mandatory Label\System Mandatory Level, Logon Account Name=USER_0004, EventIDCode=4688, Terminated Process Name=N/A, MD5 Hash=N/A, Filename=N/A, Key Length=N/A, ProgramName=N/A, Process GUID=N/A, SHA1 Hash=N/A, File Extension=N/A, Object Type=N/A, SHA256 Hash=N/A, Parent Process GUID=N/A, Integrity Level=N/A, sysmon-parentimage=D:\Exchange Server\V15\Bin\MSExchangeHMWorker.exe, Description=N/A, Token Elevation Type=N/A, Message=N/A, Encoded Command=N/A, Logon Account Domain=DOMAIN_0001.LOCAL, Process Name=netsh.exe, Parent Process ID=N/A, Logon Type=N/A, Account Security ID=S-1-5-21-0004, Share Name=N/A, Authentication Package=N/A, sysmon-processguid=N/A, Realm=DOMAIN_0001.LOCAL, Account ID=S-1-5-21-0002, Process Path=C:\Windows\System32\netsh.exe, Status Code=N/A, User Domain=DOMAIN_0067.LOCAL, Encoded Argument=N/A, Target Username=USER_0008, Event ID=4688, sysmon-user=USER_0004, Command=""netsh"" interface tcp show global, Process ID=0xa070, Machine Identifier=HOST_0055, Target Account Security ID=S-1-5-21-0003, Device Name=HOST_0055, IMP Hash=N/A, Parent Process Path=D:\Exchange Server\V15\Bin\MSExchangeHMWorker.exe}",false,MAC_0001,MAC_0002,[REDACTED_DUPLICATE_PAYLOAD],3,54185,0,12,false,0:0:0:0:0:0:0:0,N/A,0,N/A,8110,"<13>Aug 07 10:24:45 MST-EX-02.10.100.10.188 AgentDevice=WindowsLog	AgentLogFile=Security	PluginVersion=7.3.1.28	Source=Microsoft-Windows-Security-Auditing	Computer=MST-EX-02.mic.gov.vn	OriginatingComputer=10.100.10.188	User=	Domain=	EventID=4688	EventIDCode=4688	EventType=8	EventCategory=13312	RecordNumber=26692722	TimeGenerated=1786073083	TimeWritten=1786073083	Level=Log Always	Keywords=Audit Success	Task=SE_ADT_DETAILEDTRACKING_PROCESSCREATION	Opcode=Info	Message=A new process has been created.  Creator Subject:  Security ID:  NT DOMAIN_0008.LOCAL\USER_0002  Account Name: USER_0296  Account Domain: DOMAIN_0067.LOCAL  Logon ID:  0x3E7  Target Subject:  Security ID:  NULL SID  Account Name:  -  Account Domain:  -  Logon ID:  0x0  Process Information:  New Process ID:  0xa070  New Process Name: C:\Windows\System32\netsh.exe  Token Elevation Type: TokenElevationTypeDefault (1)  Mandatory Label:  Mandatory Label\System Mandatory Level  Creator Process ID: 0x5a00  Creator Process Name: D:\Exchange Server\V15\Bin\MSExchangeHMWorker.exe  Process Command Line: ""netsh"" interface tcp show global  Token Elevation Type indicates the type of token that was assigned to the new process in accordance with User Account Control policy.  Type 1 is a full token with no privileges removed or groups disabled.  A full token is only used if User Account Control is disabled or if the user is the built-in Administrator account or a service account.  Type 2 is an elevated token with no privileges removed or groups disabled.  An elevated token is used when User Account Control is enabled and the user chooses to start the program using Run as administrator.  An elevated token is also used when an application is configured to always require administrative privilege or to always require maximum privilege, and the user is a member of the Administrators group.  Type 3 is a limited token with administrative privileges removed and administrative groups disabled.  The limited token is used when User Account Control is enabled, the application does not require administrative privilege, and the user does not choose to start the program using Run as administrator. ",Process Creation Success,N/A,1,0,unknown,N/A,Success Audit: A new process has been created,unknown,0,null,1786073083000,255,0,false,0,"true""""",Success Audit,HOST_0004,Success Audit: A new process has been created.,0,1786073393987,No Offense,255,HOST_0056 @ 10.0.0.22,false,3,false,N/A,10.0.0.22,false,1786073393987,5,NETWORK_0016,58,4688,0,3,-1,HOST_0004,[REDACTED_DUPLICATE_PAYLOAD],USER_0004,5000862,false,null,N/A,"10:29:53, 7 thg 8, 2026","10:24:43, 7 thg 8, 2026",MAC_0002,HOST_0057,584,0,false,10.0.0.22,0,N/A,10.0.0.3,1,"10:29:53, 7 thg 8, 2026",0:0:0:0:0:0:0:0,N/A,null,"100101,100221,100265,109237,100668,156193,100277,100272,134937,166353,100223"
N/A,false,0,0,USER_0004,HOST_0054,"{sysmon-eventid=1, Parent Process Name=MSExchangeHMWorker.exe, Pipe Name=N/A, File Directory=N/A, sysmon-processid=41072, channel=Microsoft-Windows-Sysmon/Operational, sysmon-username= NT DOMAIN_0008.LOCAL\USER_0002, Parent Command=""D:\Exchange Server\V15\Bin\MSExchangeHMWorker.exe"" -pipe:2520 -stopkey:DOMAIN_0028.LOCAL\USER_0297 -resetkey:DOMAIN_0028.LOCAL\USER_0298 -readykey:DOMAIN_0028.LOCAL\USER_0299 -hangkey:DOMAIN_0028.LOCAL\USER_0300 -startUpProgressKey:DOMAIN_0028.LOCAL\USER_0301 -workerListening, Object Name=N/A, Account Name=USER_0004, sysmon-currentdirectory=C:\WINDOWS\system32\, Target User Domain=DOMAIN_0001.LOCAL, Logon Account Name=USER_0004, Product Description=Network Command Shell, EventIDCode=1, Terminated Process Name=N/A, MD5 Hash=28B5A3688253FD5822EE90BCAE2633F7, Filename=N/A, Key Length=N/A, sysmon-logonid=0x3E7, ProgramName=N/A, Process GUID=d1bff887-4ffb-6a75-b1aa-000000000e00, SHA1 Hash=E444D7967EC82652D723DCC1609146794EAFF6B7, File Extension=N/A, Object Type=N/A, sysmon-hash=SHA1=E444D7967EC82652D723DCC1609146794EAFF6B7,MD5=28B5A3688253FD5822EE90BCAE2633F7,SHA256=7482890B1875BDCEC826F3385EAC7DCDC38F17358A13B1B8C790BDB895FF5054,IMPHASH=06F091DBEC9C3F0DD14808FFE59B95DE, SHA256 Hash=7482890B1875BDCEC826F3385EAC7DCDC38F17358A13B1B8C790BDB895FF5054, Parent Process GUID=d1bff887-705b-6a58-d10f-000000000e00, Integrity Level=System, sysmon-parentimage=D:\Exchange Server\V15\Bin\MSExchangeHMWorker.exe, Description=Description: Network Command Shell Product, File Hash=E444D7967EC82652D723DCC1609146794EAFF6B7, Token Elevation Type=N/A, Message=N/A, sysmon-rulename=-, Encoded Command=N/A, Logon Account Domain=DOMAIN_0001.LOCAL, Process Name=netsh.exe, Parent Process ID=23040, sysmon-parentcommandline=""D:\Exchange Server\V15\Bin\MSExchangeHMWorker.exe"" -pipe:2520 -stopkey:DOMAIN_0028.LOCAL\USER_0297 -resetkey:DOMAIN_0028.LOCAL\USER_0298 -readykey:DOMAIN_0028.LOCAL\USER_0299 -hangkey:DOMAIN_0028.LOCAL\USER_0300 -startUpProgressKey:DOMAIN_0028.LOCAL\USER_0301 -workerListening, Logon Type=N/A, sysmon-integritylevel=System, sysmon-logonguid={d1bff887-bd0c-6a57-e703-000000000000}, Account Security ID=S-1-5-21-0002, Share Name=N/A, Authentication Package=N/A, sysmon-processguid={d1bff887-4ffb-6a75-b1aa-000000000e00}, Realm=DOMAIN_0001.LOCAL, Account ID=S-1-5-21-0002, sysmon-description=Network Command Shell, Process Path=C:\Windows\System32\netsh.exe, Status Code=N/A, Product Name=Microsoft® Windows® Operating System, User Domain=DOMAIN_0001.LOCAL, Encoded Argument=N/A, Target Username=USER_0004, Event ID=1, sysmon-parentprocessid=23040, Product Company=Microsoft Corporation, sysmon-fileversion=10.0.20348.1 (WinBuild.160101.0800), sysmon-parentprocessguid={d1bff887-705b-6a58-d10f-000000000e00}, sysmon-user=USER_0002, Command=""netsh"" interface tcp show global, sysmon-originalfilename=netsh.exe, Process ID=41072, sysmon-image=C:\Windows\System32\netsh.exe, Machine Identifier=HOST_0055, Target Account Security ID=S-1-5-21-0002, sysmon-commandline=""netsh"" interface tcp show global, Device Name=HOST_0055, IMP Hash=06F091DBEC9C3F0DD14808FFE59B95DE, Current Working Directory=C:\WINDOWS\system32\, Parent Process Path=D:\Exchange Server\V15\Bin\MSExchangeHMWorker.exe, sysmon-terminalsessionid=0}",false,MAC_0001,MAC_0002,[REDACTED_DUPLICATE_PAYLOAD],3,54185,0,12,false,0:0:0:0:0:0:0:0,N/A,0,N/A,8110,"<13>Aug 07 10:24:44 MST-EX-02.10.100.10.188 AgentDevice=WindowsLog	AgentLogFile=Microsoft-Windows-Sysmon/Operational	PluginVersion=7.3.1.28	Source=Microsoft-Windows-Sysmon	Computer=MST-EX-02.mic.gov.vn	OriginatingComputer=10.100.10.188	User=USER_0002	Domain=DOMAIN_0006.LOCAL	EventID=1	EventIDCode=1	EventType=4	EventCategory=1	RecordNumber=8394090	TimeGenerated=1786073083	TimeWritten=1786073083	Level=Informational	Keywords=0x8000000000000000	Task=SysmonTask-SYSMON_CREATE_PROCESS	Opcode=Info	Message=Process Create: RuleName: - UtcTime: 2026-08-07 03:24:43.488 ProcessGuid: {d1bff887-4ffb-6a75-b1aa-000000000e00} ProcessId: 41072 Image: C:\Windows\System32\netsh.exe FileVersion: 10.0.20348.1 (WinBuild.160101.0800) Description: Network Command Shell Product: Microsoft® Windows® Operating System Company: Microsoft Corporation OriginalFileName: netsh.exe CommandLine: ""netsh"" interface tcp show global CurrentDirectory: C:\WINDOWS\system32\ User: NT DOMAIN_0008.LOCAL\USER_0002 LogonGuid: {d1bff887-bd0c-6a57-e703-000000000000} LogonId: 0x3E7 TerminalSessionId: 0 IntegrityLevel: System Hashes: SHA1=E444D7967EC82652D723DCC1609146794EAFF6B7,MD5=28B5A3688253FD5822EE90BCAE2633F7,SHA256=7482890B1875BDCEC826F3385EAC7DCDC38F17358A13B1B8C790BDB895FF5054,IMPHASH=06F091DBEC9C3F0DD14808FFE59B95DE ParentProcessGuid: {d1bff887-705b-6a58-d10f-000000000e00} ParentProcessId: 23040 ParentImage: D:\Exchange Server\V15\Bin\MSExchangeHMWorker.exe ParentCommandLine: ""D:\Exchange Server\V15\Bin\MSExchangeHMWorker.exe"" -pipe:2520 -stopkey:DOMAIN_0028.LOCAL\USER_0297 -resetkey:DOMAIN_0028.LOCAL\USER_0298 -readykey:DOMAIN_0028.LOCAL\USER_0299 -hangkey:DOMAIN_0028.LOCAL\USER_0300 -startUpProgressKey:DOMAIN_0028.LOCAL\USER_0301 -workerListening ",Process Creation Success,N/A,1,0,unknown,N/A,Process Create,unknown,0,null,1786073083000,255,0,false,0,"true""""",Microsoft-Windows-Sysmon/Operational,HOST_0004,The process creation event provides extended information about a newly created process.,0,1786073393983,No Offense,255,HOST_0056 @ 10.0.0.22,false,3,false,N/A,10.0.0.22,false,1786073393983,5,NETWORK_0016,58,1,0,3,-1,HOST_0004,[REDACTED_DUPLICATE_PAYLOAD],USER_0002,5001828,false,null,N/A,"10:29:53, 7 thg 8, 2026","10:24:43, 7 thg 8, 2026",MAC_0002,HOST_0057,584,0,false,10.0.0.22,0,N/A,10.0.0.3,1,"10:29:53, 7 thg 8, 2026",0:0:0:0:0:0:0:0,N/A,null,"100101,100221,100265,109237,109187,100668,156193,100277,100272,134937,166353,100223"
N/A,false,0,0,USER_0004,HOST_0054,"{sysmon-eventid=1, Parent Process Name=svchost.exe, Pipe Name=N/A, File Directory=N/A, sysmon-processid=23120, channel=Microsoft-Windows-Sysmon/Operational, sysmon-username= NT DOMAIN_0008.LOCAL\USER_0002, Parent Command=C:\WINDOWS\system32\svchost.exe -k netsvcs -p -s Schedule, Object Name=N/A, Account Name=USER_0004, sysmon-currentdirectory=C:\WINDOWS\system32\, Target User Domain=DOMAIN_0001.LOCAL, Logon Account Name=USER_0004, Product Description=Host Process for Windows Tasks, EventIDCode=1, Terminated Process Name=N/A, MD5 Hash=E890D9A2DDCBC873E135294DAEDE01F4, Filename=N/A, Key Length=N/A, sysmon-logonid=0x3E7, ProgramName=N/A, Process GUID=d1bff887-4fdd-6a75-b0aa-000000000e00, SHA1 Hash=6AD8CE3F2B7A377C3AD27A45CF1659DBBECB470C, File Extension=N/A, Object Type=N/A, sysmon-hash=SHA1=6AD8CE3F2B7A377C3AD27A45CF1659DBBECB470C,MD5=E890D9A2DDCBC873E135294DAEDE01F4,SHA256=45D8D8C878BE23E1A41509FF0139DC3AA107956365F75B0F752E8B162357C2EB,IMPHASH=1C4E2D9936E4D9F2490B08AAB4D24260, SHA256 Hash=45D8D8C878BE23E1A41509FF0139DC3AA107956365F75B0F752E8B162357C2EB, Parent Process GUID=d1bff887-bd10-6a57-1f00-000000000e00, Integrity Level=System, sysmon-parentimage=C:\Windows\System32\svchost.exe, Description=Description: Host Process for Windows Tasks Product, File Hash=6AD8CE3F2B7A377C3AD27A45CF1659DBBECB470C, Token Elevation Type=N/A, Message=N/A, sysmon-rulename=-, Encoded Command=N/A, Logon Account Domain=DOMAIN_0001.LOCAL, Process Name=taskhostw.exe, Parent Process ID=1936, sysmon-parentcommandline=C:\WINDOWS\system32\svchost.exe -k netsvcs -p -s Schedule, Logon Type=N/A, sysmon-integritylevel=System, sysmon-logonguid={d1bff887-bd0c-6a57-e703-000000000000}, Account Security ID=S-1-5-21-0002, Share Name=N/A, Authentication Package=N/A, sysmon-processguid={d1bff887-4fdd-6a75-b0aa-000000000e00}, Realm=DOMAIN_0001.LOCAL, Account ID=S-1-5-21-0002, sysmon-description=Host Process for Windows Tasks, Process Path=C:\Windows\System32\taskhostw.exe, Status Code=N/A, Product Name=Microsoft® Windows® Operating System, User Domain=DOMAIN_0001.LOCAL, Encoded Argument=N/A, Target Username=USER_0004, Event ID=1, sysmon-parentprocessid=1936, Product Company=Microsoft Corporation, sysmon-fileversion=10.0.20348.3451 (WinBuild.160101.0800), sysmon-parentprocessguid={d1bff887-bd10-6a57-1f00-000000000e00}, sysmon-user=USER_0002, Command=taskhostw.exe ExchangeDiagnosticsDailyPerformanceLog|$(Arg0), sysmon-originalfilename=taskhostw.exe, Process ID=23120, sysmon-image=C:\Windows\System32\taskhostw.exe, Machine Identifier=HOST_0055, Target Account Security ID=S-1-5-21-0002, sysmon-commandline=taskhostw.exe ExchangeDiagnosticsDailyPerformanceLog|$(Arg0), Device Name=HOST_0055, IMP Hash=1C4E2D9936E4D9F2490B08AAB4D24260, Current Working Directory=C:\WINDOWS\system32\, Parent Process Path=C:\Windows\System32\svchost.exe, sysmon-terminalsessionid=0}",false,MAC_0001,MAC_0002,[REDACTED_DUPLICATE_PAYLOAD],3,54185,0,12,false,0:0:0:0:0:0:0:0,N/A,0,N/A,8110,"<13>Aug 07 10:24:17 MST-EX-02.10.100.10.188 AgentDevice=WindowsLog	AgentLogFile=Microsoft-Windows-Sysmon/Operational	PluginVersion=7.3.1.28	Source=Microsoft-Windows-Sysmon	Computer=MST-EX-02.mic.gov.vn	OriginatingComputer=10.100.10.188	User=USER_0002	Domain=DOMAIN_0006.LOCAL	EventID=1	EventIDCode=1	EventType=4	EventCategory=1	RecordNumber=8393247	TimeGenerated=1786073053	TimeWritten=1786073053	Level=Informational	Keywords=0x8000000000000000	Task=SysmonTask-SYSMON_CREATE_PROCESS	Opcode=Info	Message=Process Create: RuleName: - UtcTime: 2026-08-07 03:24:13.569 ProcessGuid: {d1bff887-4fdd-6a75-b0aa-000000000e00} ProcessId: 23120 Image: C:\Windows\System32\taskhostw.exe FileVersion: 10.0.20348.3451 (WinBuild.160101.0800) Description: Host Process for Windows Tasks Product: Microsoft® Windows® Operating System Company: Microsoft Corporation OriginalFileName: taskhostw.exe CommandLine: taskhostw.exe ExchangeDiagnosticsDailyPerformanceLog|$(Arg0) CurrentDirectory: C:\WINDOWS\system32\ User: NT DOMAIN_0008.LOCAL\USER_0002 LogonGuid: {d1bff887-bd0c-6a57-e703-000000000000} LogonId: 0x3E7 TerminalSessionId: 0 IntegrityLevel: System Hashes: SHA1=6AD8CE3F2B7A377C3AD27A45CF1659DBBECB470C,MD5=E890D9A2DDCBC873E135294DAEDE01F4,SHA256=45D8D8C878BE23E1A41509FF0139DC3AA107956365F75B0F752E8B162357C2EB,IMPHASH=1C4E2D9936E4D9F2490B08AAB4D24260 ParentProcessGuid: {d1bff887-bd10-6a57-1f00-000000000e00} ParentProcessId: 1936 ParentImage: C:\Windows\System32\svchost.exe ParentCommandLine: C:\WINDOWS\system32\svchost.exe -k netsvcs -p -s Schedule ",Process Creation Success,N/A,1,0,unknown,N/A,Process Create,unknown,0,null,1786073053000,255,0,false,0,"true""""",Microsoft-Windows-Sysmon/Operational,HOST_0004,The process creation event provides extended information about a newly created process.,0,1786073362581,No Offense,255,HOST_0056 @ 10.0.0.22,false,3,false,N/A,10.0.0.22,false,1786073362581,5,NETWORK_0016,58,1,0,3,-1,HOST_0004,[REDACTED_DUPLICATE_PAYLOAD],USER_0002,5001828,false,null,N/A,"10:29:22, 7 thg 8, 2026","10:24:13, 7 thg 8, 2026",MAC_0002,HOST_0057,584,0,false,10.0.0.22,0,N/A,10.0.0.3,1,"10:29:22, 7 thg 8, 2026",0:0:0:0:0:0:0:0,N/A,null,"100101,100221,100265,109237,109187,100668,156193,100277,100272,134937,166353,100223"
