N/A,false,0,0,USER_0004,10.0.0.12,"{sysmon-eventid=10, sysmon-sourceprocessid=6200, Pipe Name=N/A, sysmon-processid=6200, sysmon-sourceimage=C:\Windows\system32\ServerManager.exe, channel=Microsoft-Windows-Sysmon/Operational, Object Name=N/A, Target Details=N/A, Account Name=USER_0004, Target User Domain=DOMAIN_0001.LOCAL, sysmon-sourceprocessguid={C20AB55E-3287-67BC-BD08-000000001C00}, Logon Account Name=USER_0004, EventIDCode=10, HostApplication=N/A, sysmon-targetprocessid=10488, EngineVersion=N/A, sysmon-grantedaccess=0x1FFFFF, sysmon-utctime=2026-07-24 06:45:36.330, Key Length=N/A, HostId=N/A, ProgramName=N/A, Process GUID=C20AB55E-3287-67BC-BD08-000000001C00, ScriptName=N/A, Object Type=N/A, sysmon-targetprocessguid={C20AB55E-09FC-6A63-8B20-160000001C00}, Description=N/A, Message=N/A, Logon Account Domain=DOMAIN_0001.LOCAL, Target Process GUID=C20AB55E-09FC-6A63-8B20-160000001C00, Logon Type=N/A, PipelineId=N/A, sysmon-sourcethreadid=11532, Account Security ID=S-1-5-21-0002, Share Name=N/A, Authentication Package=N/A, sysmon-processguid=N/A, Realm=DOMAIN_0001.LOCAL, Account ID=S-1-5-21-0002, Process Path=C:\Windows\system32\ServerManager.exe, Status Code=N/A, RunspaceId=N/A, User Domain=DOMAIN_0001.LOCAL, Target Username=USER_0004, Event ID=10, HostVersion=N/A, sysmon-user=USER_0002, Command=N/A, Process ID=6200, Machine Identifier=HOST_0028, Target Account Security ID=S-1-5-21-0002, Device Name=HOST_0028, sysmon-targetimage=C:\Windows\system32\Configure-SMRemoting.exe, Access Mask=N/A}",false,MAC_0001,MAC_0002,[REDACTED_DUPLICATE_PAYLOAD],3,40791,0,12,false,0:0:0:0:0:0:0:0,N/A,0,N/A,8052,<13>Jul 24 13:45:38 10.0.0.12 AgentDevice=WindowsLog	AgentLogFile=Microsoft-Windows-Sysmon/Operational	PluginVersion=7.3.1.28	Source=Microsoft-Windows-Sysmon	Computer=HCC-LLTP-DB	OriginatingComputer=HCC-LLTP-DB	User=USER_0002	Domain=DOMAIN_0006.LOCAL	EventID=10	EventIDCode=10	EventType=4	EventCategory=10	RecordNumber=2037529976	TimeGenerated=1784875536	TimeWritten=1784875536	Level=Informational	Keywords=0x8000000000000000	Task=SysmonTask-SYSMON_ACCESS_PROCESS	Opcode=Info	Message=Process accessed: RuleName: - UtcTime: 2026-07-24 06:45:36.330 SourceProcessGUID: {C20AB55E-3287-67BC-BD08-000000001C00} SourceProcessId: 6200 SourceThreadId: 11532 SourceImage: C:\Windows\system32\ServerManager.exe TargetProcessGUID: {C20AB55E-09FC-6A63-8B20-160000001C00} TargetProcessId: 10488 TargetImage: C:\Windows\system32\Configure-SMRemoting.exe GrantedAccess: 0x1FFFFF CallTrace: C:\Windows\SYSTEM32\ntdll.dll+90d6a|C:\Windows\system32\KERNELBASE.dll+e120|C:\Windows\system32\KERNELBASE.dll+10d76|C:\Windows\system32\KERNEL32.dll+7983|C:\Windows\assembly\NativeImages_v4.0.30319_64\System\e30408788e6ae58b13026d86d4904782\System.ni.dll+32e550|C:\Windows\assembly\NativeImages_v4.0.30319_64\System\e30408788e6ae58b13026d86d4904782\System.ni.dll+28b2fd|C:\Windows\assembly\NativeImages_v4.0.30319_64\System\e30408788e6ae58b13026d86d4904782\System.ni.dll+28ac9c|C:\Windows\assembly\NativeImages_v4DOMAIN_0013.LOCAL\USER_0051#\36151302c744518974a412b74e6beb49\Microsoft.Windows.ServerManager.Common.ni.dll+0(wow64)|C:\Windows\assembly\NativeImages_v4DOMAIN_0013.LOCAL\USER_0051#\36151302c744518974a412b74e6beb49\Microsoft.Windows.ServerManager.Common.ni.dll+0(wow64)|C:\Windows\assembly\NativeImages_v4DOMAIN_0013.LOCAL\USER_0051#\36151302c744518974a412b74e6beb49\Microsoft.Windows.ServerManager.Common.ni.dll+0(wow64)|C:\Windows\Microsoft.NET\Framework64\v4DOMAIN_0015.LOCAL\USER_0033+5c93|C:\Windows\Microsoft.NET\Framework64\v4DOMAIN_0015.LOCAL\USER_0033+5b36|C:\Windows\Microsoft.NET\Framework64\v4DOMAIN_0015.LOCAL\USER_0033+1132c1|C:\Windows\Microsoft.NET\Framework64\v4DOMAIN_0015.LOCAL\USER_0033+11360f|C:\Windows\assembly\NativeImages_v4.0.30319_64\mscorlib\ccb48f84a5cca36e9b0205b6a65ee54a\mscorlib.ni.dll+f1fc34|C:\Windows\assembly\NativeImages_v4.0.30319_64\mscorlib\ccb48f84a5cca36e9b0205b6a65ee54a\mscorlib.ni.dll+4f4770|C:\Windows\assembly\NativeImages_v4.0.30319_64\mscorlib\ccb48f84a5cca36e9b0205b6a65ee54a\mscorlib.ni.dll+4f4604|C:\Windows\assembly\NativeImages_v4.0.30319_64\mscorlib\ccb48f84a5cca36e9b0205b6a65ee54a\mscorlib.ni.dll+4ff150|C:\Windows\assembly\NativeImages_v4.0.30319_64\mscorlib\ccb48f84a5cca36e9b0205b6a65ee54a\mscorlib.ni.dll+4ff76e|C:\Windows\Microsoft.NET\Framework64\v4DOMAIN_0015.LOCAL\USER_0033+5c93|C:\Windows\Microsoft.NET\Framework64\v4DOMAIN_0015.LOCAL\USER_0033+5b36|C:\Windows\Microsoft.NET\Framework64\v4DOMAIN_0015.LOCAL\USER_0033+6249|C:\Windows\Microsoft.NET\Framework64\v4DOMAIN_0015.LOCAL\USER_0033+ad89|C:\Windows\Microsoft.NET\Framework64\v4DOMAIN_0015.LOCAL\USER_0033+6a01 ,Information,N/A,1,0,unknown,N/A,ProcessAccess,unknown,0,null,1784875536000,255,0,false,0,"true""""",Microsoft-Windows-Sysmon/Operational,HOST_0004,"The process accessed event reports when a process opens another process, an operation that’s often followed by information queries or reading and writing the address space of the target process.",0,1784875546269,No Offense,255,HOST_0029 @ 10.0.0.12,false,3,false,N/A,10.0.0.12,false,1784875546269,5,NETWORK_0002,35,10,0,2,-1,HOST_0004,[REDACTED_DUPLICATE_PAYLOAD],USER_0002,5001829,false,null,N/A,"13:45:46, 24 thg 7, 2026","13:45:36, 24 thg 7, 2026",MAC_0002,HOST_0006,439,0,false,10.0.0.12,0,N/A,10.0.0.3,1,"13:45:46, 24 thg 7, 2026",0:0:0:0:0:0:0:0,N/A,null,"100221,100265,109237,109187,100668,156193,100272,134937,166353"
N/A,false,0,0,USER_0004,10.0.0.12,"{sysmon-eventid=10, sysmon-sourceprocessid=6200, Pipe Name=N/A, sysmon-processid=6200, sysmon-sourceimage=C:\Windows\system32\ServerManager.exe, channel=Microsoft-Windows-Sysmon/Operational, Object Name=N/A, Target Details=N/A, Account Name=USER_0004, Target User Domain=DOMAIN_0001.LOCAL, sysmon-sourceprocessguid={C20AB55E-3287-67BC-BD08-000000001C00}, Logon Account Name=USER_0004, EventIDCode=10, HostApplication=N/A, sysmon-targetprocessid=2008, EngineVersion=N/A, sysmon-grantedaccess=0x1FFFFF, sysmon-utctime=2026-07-24 06:43:36.389, Key Length=N/A, HostId=N/A, ProgramName=N/A, Process GUID=C20AB55E-3287-67BC-BD08-000000001C00, ScriptName=N/A, Object Type=N/A, sysmon-targetprocessguid={C20AB55E-0984-6A63-8720-160000001C00}, Description=N/A, Message=N/A, Logon Account Domain=DOMAIN_0001.LOCAL, Target Process GUID=C20AB55E-0984-6A63-8720-160000001C00, Logon Type=N/A, PipelineId=N/A, sysmon-sourcethreadid=876, Account Security ID=S-1-5-21-0002, Share Name=N/A, Authentication Package=N/A, sysmon-processguid=N/A, Realm=DOMAIN_0001.LOCAL, Account ID=S-1-5-21-0002, Process Path=C:\Windows\system32\ServerManager.exe, Status Code=N/A, RunspaceId=N/A, User Domain=DOMAIN_0001.LOCAL, Target Username=USER_0004, Event ID=10, HostVersion=N/A, sysmon-user=USER_0002, Command=N/A, Process ID=6200, Machine Identifier=HOST_0028, Target Account Security ID=S-1-5-21-0002, Device Name=HOST_0028, sysmon-targetimage=C:\Windows\system32\Configure-SMRemoting.exe, Access Mask=N/A}",false,MAC_0001,MAC_0002,[REDACTED_DUPLICATE_PAYLOAD],3,40791,0,12,false,0:0:0:0:0:0:0:0,N/A,0,N/A,8052,<13>Jul 24 13:43:38 10.0.0.12 AgentDevice=WindowsLog	AgentLogFile=Microsoft-Windows-Sysmon/Operational	PluginVersion=7.3.1.28	Source=Microsoft-Windows-Sysmon	Computer=HCC-LLTP-DB	OriginatingComputer=HCC-LLTP-DB	User=USER_0002	Domain=DOMAIN_0006.LOCAL	EventID=10	EventIDCode=10	EventType=4	EventCategory=10	RecordNumber=2037525411	TimeGenerated=1784875416	TimeWritten=1784875416	Level=Informational	Keywords=0x8000000000000000	Task=SysmonTask-SYSMON_ACCESS_PROCESS	Opcode=Info	Message=Process accessed: RuleName: - UtcTime: 2026-07-24 06:43:36.389 SourceProcessGUID: {C20AB55E-3287-67BC-BD08-000000001C00} SourceProcessId: 6200 SourceThreadId: 876 SourceImage: C:\Windows\system32\ServerManager.exe TargetProcessGUID: {C20AB55E-0984-6A63-8720-160000001C00} TargetProcessId: 2008 TargetImage: C:\Windows\system32\Configure-SMRemoting.exe GrantedAccess: 0x1FFFFF CallTrace: C:\Windows\SYSTEM32\ntdll.dll+90d6a|C:\Windows\system32\KERNELBASE.dll+e120|C:\Windows\system32\KERNELBASE.dll+10d76|C:\Windows\system32\KERNEL32.dll+7983|C:\Windows\assembly\NativeImages_v4.0.30319_64\System\e30408788e6ae58b13026d86d4904782\System.ni.dll+32e550|C:\Windows\assembly\NativeImages_v4.0.30319_64\System\e30408788e6ae58b13026d86d4904782\System.ni.dll+28b2fd|C:\Windows\assembly\NativeImages_v4.0.30319_64\System\e30408788e6ae58b13026d86d4904782\System.ni.dll+28ac9c|C:\Windows\assembly\NativeImages_v4DOMAIN_0013.LOCAL\USER_0051#\36151302c744518974a412b74e6beb49\Microsoft.Windows.ServerManager.Common.ni.dll+0(wow64)|C:\Windows\assembly\NativeImages_v4DOMAIN_0013.LOCAL\USER_0051#\36151302c744518974a412b74e6beb49\Microsoft.Windows.ServerManager.Common.ni.dll+0(wow64)|C:\Windows\assembly\NativeImages_v4DOMAIN_0013.LOCAL\USER_0051#\36151302c744518974a412b74e6beb49\Microsoft.Windows.ServerManager.Common.ni.dll+0(wow64)|C:\Windows\Microsoft.NET\Framework64\v4DOMAIN_0015.LOCAL\USER_0033+5c93|C:\Windows\Microsoft.NET\Framework64\v4DOMAIN_0015.LOCAL\USER_0033+5b36|C:\Windows\Microsoft.NET\Framework64\v4DOMAIN_0015.LOCAL\USER_0033+1132c1|C:\Windows\Microsoft.NET\Framework64\v4DOMAIN_0015.LOCAL\USER_0033+11360f|C:\Windows\assembly\NativeImages_v4.0.30319_64\mscorlib\ccb48f84a5cca36e9b0205b6a65ee54a\mscorlib.ni.dll+f1fc34|C:\Windows\assembly\NativeImages_v4.0.30319_64\mscorlib\ccb48f84a5cca36e9b0205b6a65ee54a\mscorlib.ni.dll+4f4770|C:\Windows\assembly\NativeImages_v4.0.30319_64\mscorlib\ccb48f84a5cca36e9b0205b6a65ee54a\mscorlib.ni.dll+4f4604|C:\Windows\assembly\NativeImages_v4.0.30319_64\mscorlib\ccb48f84a5cca36e9b0205b6a65ee54a\mscorlib.ni.dll+4ff150|C:\Windows\assembly\NativeImages_v4.0.30319_64\mscorlib\ccb48f84a5cca36e9b0205b6a65ee54a\mscorlib.ni.dll+4ff76e|C:\Windows\Microsoft.NET\Framework64\v4DOMAIN_0015.LOCAL\USER_0033+5c93|C:\Windows\Microsoft.NET\Framework64\v4DOMAIN_0015.LOCAL\USER_0033+5b36|C:\Windows\Microsoft.NET\Framework64\v4DOMAIN_0015.LOCAL\USER_0033+6249|C:\Windows\Microsoft.NET\Framework64\v4DOMAIN_0015.LOCAL\USER_0033+ad89|C:\Windows\Microsoft.NET\Framework64\v4DOMAIN_0015.LOCAL\USER_0033+6a01 ,Information,N/A,1,0,unknown,N/A,ProcessAccess,unknown,0,null,1784875416000,255,0,false,0,"true""""",Microsoft-Windows-Sysmon/Operational,HOST_0004,"The process accessed event reports when a process opens another process, an operation that’s often followed by information queries or reading and writing the address space of the target process.",0,1784875420136,No Offense,255,HOST_0029 @ 10.0.0.12,false,3,false,N/A,10.0.0.12,false,1784875420136,5,NETWORK_0002,35,10,0,2,-1,HOST_0004,[REDACTED_DUPLICATE_PAYLOAD],USER_0002,5001829,false,null,N/A,"13:43:40, 24 thg 7, 2026","13:43:36, 24 thg 7, 2026",MAC_0002,HOST_0006,439,0,false,10.0.0.12,0,N/A,10.0.0.3,1,"13:43:40, 24 thg 7, 2026",0:0:0:0:0:0:0:0,N/A,null,"100221,100265,109237,109187,100668,156193,100272,134937,166353"
N/A,false,0,0,USER_0004,10.0.0.12,"{sysmon-eventid=12, Description=N/A, Message=N/A, Pipe Name=N/A, Registry Key=\System\CurrentControlSet\Services\Tcpip\Parameters, sysmon-processid=6200, channel=Microsoft-Windows-Sysmon/Operational, Logon Account Domain=DOMAIN_0001.LOCAL, Object Name=HKLM\System\CurrentControlSet\Services\Tcpip\Parameters, Registry Value Data=N/A, Account Name=USER_0004, Logon Type=N/A, sysmon-targetobject=HKLM\System\CurrentControlSet\Services\Tcpip\Parameters, Target User Domain=DOMAIN_0001.LOCAL, Accesses=CreateKey, Rule Name=-, Account Security ID=S-1-5-21-0002, Share Name=N/A, Authentication Package=N/A, sysmon-processguid={C20AB55E-3287-67BC-BD08-000000001C00}, Logon Account Name=USER_0004, Realm=DOMAIN_0001.LOCAL, EventIDCode=12, Account ID=S-1-5-21-0002, Process Path=C:\Windows\system32\ServerManager.exe, sysmon-utctime=2026-07-24 06:43:16.116, Status Code=N/A, Registry Value Name=Parameters, User Domain=DOMAIN_0001.LOCAL, Key Length=N/A, Target Username=USER_0004, Event ID=12, ProgramName=N/A, Registry Hive=HKLM, sysmon-eventtype=CreateKey, sysmon-user=USER_0002, Process GUID=C20AB55E-3287-67BC-BD08-000000001C00, Process ID=6200, sysmon-image=C:\Windows\system32\ServerManager.exe, Machine Identifier=HOST_0028, Object Type=N/A, Target Account Security ID=S-1-5-21-0002, Device Name=HOST_0028}",false,MAC_0001,MAC_0002,[REDACTED_DUPLICATE_PAYLOAD],3,40791,0,12,false,0:0:0:0:0:0:0:0,N/A,0,N/A,8012,<13>Jul 24 13:43:17 10.0.0.12 AgentDevice=WindowsLog	AgentLogFile=Microsoft-Windows-Sysmon/Operational	PluginVersion=7.3.1.28	Source=Microsoft-Windows-Sysmon	Computer=HCC-LLTP-DB	OriginatingComputer=HCC-LLTP-DB	User=USER_0002	Domain=DOMAIN_0006.LOCAL	EventID=12	EventIDCode=12	EventType=4	EventCategory=12	RecordNumber=2037524485	TimeGenerated=1784875396	TimeWritten=1784875396	Level=Informational	Keywords=0x8000000000000000	Task=SysmonTask-SYSMON_REG_KEY	Opcode=Info	Message=Registry object added or deleted: RuleName: - EventType: CreateKey UtcTime: 2026-07-24 06:43:16.116 ProcessGuid: {C20AB55E-3287-67BC-BD08-000000001C00} ProcessId: 6200 Image: C:\Windows\system32\ServerManager.exe TargetObject: HKLM\System\CurrentControlSet\Services\Tcpip\Parameters ,Successful Registry Modification,N/A,1,0,unknown,N/A,RegistryEvent (Object create and delete),unknown,0,null,1784875396000,255,0,false,0,"true""""",Microsoft-Windows-Sysmon/Operational,HOST_0004,"Registry key and value create and delete operations map to this event type, which can be useful for monitoring for changes to Registry autostart locations, or specific malware registry modifications.",0,1784875409603,No Offense,255,HOST_0029 @ 10.0.0.12,false,3,false,N/A,10.0.0.12,false,1784875409603,5,NETWORK_0002,35,12,0,1,-1,HOST_0004,[REDACTED_DUPLICATE_PAYLOAD],USER_0002,5001831,false,null,N/A,"13:43:29, 24 thg 7, 2026","13:43:16, 24 thg 7, 2026",MAC_0002,HOST_0006,439,0,false,10.0.0.12,0,N/A,10.0.0.3,1,"13:43:29, 24 thg 7, 2026",0:0:0:0:0:0:0:0,N/A,null,"100221,100265,109237,109187,100668,156193,100276,100272,123237,123937,134937,166353"
N/A,false,0,0,USER_0004,10.0.0.12,"{sysmon-eventid=12, Description=N/A, Message=N/A, Pipe Name=N/A, Registry Key=\System\CurrentControlSet\Services\Tcpip\Parameters, sysmon-processid=6200, channel=Microsoft-Windows-Sysmon/Operational, Logon Account Domain=DOMAIN_0001.LOCAL, Object Name=HKLM\System\CurrentControlSet\Services\Tcpip\Parameters, Registry Value Data=N/A, Account Name=USER_0004, Logon Type=N/A, sysmon-targetobject=HKLM\System\CurrentControlSet\Services\Tcpip\Parameters, Target User Domain=DOMAIN_0001.LOCAL, Accesses=CreateKey, Rule Name=-, Account Security ID=S-1-5-21-0002, Share Name=N/A, Authentication Package=N/A, sysmon-processguid={C20AB55E-3287-67BC-BD08-000000001C00}, Logon Account Name=USER_0004, Realm=DOMAIN_0001.LOCAL, EventIDCode=12, Account ID=S-1-5-21-0002, Process Path=C:\Windows\system32\ServerManager.exe, sysmon-utctime=2026-07-24 06:41:16.097, Status Code=N/A, Registry Value Name=Parameters, User Domain=DOMAIN_0001.LOCAL, Key Length=N/A, Target Username=USER_0004, Event ID=12, ProgramName=N/A, Registry Hive=HKLM, sysmon-eventtype=CreateKey, sysmon-user=USER_0002, Process GUID=C20AB55E-3287-67BC-BD08-000000001C00, Process ID=6200, sysmon-image=C:\Windows\system32\ServerManager.exe, Machine Identifier=HOST_0028, Object Type=N/A, Target Account Security ID=S-1-5-21-0002, Device Name=HOST_0028}",false,MAC_0001,MAC_0002,[REDACTED_DUPLICATE_PAYLOAD],3,40791,0,12,false,0:0:0:0:0:0:0:0,N/A,0,N/A,8012,<13>Jul 24 13:41:17 10.0.0.12 AgentDevice=WindowsLog	AgentLogFile=Microsoft-Windows-Sysmon/Operational	PluginVersion=7.3.1.28	Source=Microsoft-Windows-Sysmon	Computer=HCC-LLTP-DB	OriginatingComputer=HCC-LLTP-DB	User=USER_0002	Domain=DOMAIN_0006.LOCAL	EventID=12	EventIDCode=12	EventType=4	EventCategory=12	RecordNumber=2037519944	TimeGenerated=1784875276	TimeWritten=1784875276	Level=Informational	Keywords=0x8000000000000000	Task=SysmonTask-SYSMON_REG_KEY	Opcode=Info	Message=Registry object added or deleted: RuleName: - EventType: CreateKey UtcTime: 2026-07-24 06:41:16.097 ProcessGuid: {C20AB55E-3287-67BC-BD08-000000001C00} ProcessId: 6200 Image: C:\Windows\system32\ServerManager.exe TargetObject: HKLM\System\CurrentControlSet\Services\Tcpip\Parameters ,Successful Registry Modification,N/A,1,0,unknown,N/A,RegistryEvent (Object create and delete),unknown,0,null,1784875276000,255,0,false,0,"true""""",Microsoft-Windows-Sysmon/Operational,HOST_0004,"Registry key and value create and delete operations map to this event type, which can be useful for monitoring for changes to Registry autostart locations, or specific malware registry modifications.",0,1784875283717,No Offense,255,HOST_0029 @ 10.0.0.12,false,3,false,N/A,10.0.0.12,false,1784875283717,5,NETWORK_0002,35,12,0,1,-1,HOST_0004,[REDACTED_DUPLICATE_PAYLOAD],USER_0002,5001831,false,null,N/A,"13:41:23, 24 thg 7, 2026","13:41:16, 24 thg 7, 2026",MAC_0002,HOST_0006,439,0,false,10.0.0.12,0,N/A,10.0.0.3,1,"13:41:23, 24 thg 7, 2026",0:0:0:0:0:0:0:0,N/A,null,"100221,100265,109237,109187,100668,156193,100276,100272,123237,123937,134937,166353"
N/A,false,0,0,USER_0004,10.0.0.12,"{sysmon-eventid=12, Description=N/A, Message=N/A, Pipe Name=N/A, Registry Key=\System\CurrentControlSet\Services\Tcpip\Parameters, sysmon-processid=6200, channel=Microsoft-Windows-Sysmon/Operational, Logon Account Domain=DOMAIN_0001.LOCAL, Object Name=HKLM\System\CurrentControlSet\Services\Tcpip\Parameters, Registry Value Data=N/A, Account Name=USER_0004, Logon Type=N/A, sysmon-targetobject=HKLM\System\CurrentControlSet\Services\Tcpip\Parameters, Target User Domain=DOMAIN_0001.LOCAL, Accesses=CreateKey, Rule Name=-, Account Security ID=S-1-5-21-0002, Share Name=N/A, Authentication Package=N/A, sysmon-processguid={C20AB55E-3287-67BC-BD08-000000001C00}, Logon Account Name=USER_0004, Realm=DOMAIN_0001.LOCAL, EventIDCode=12, Account ID=S-1-5-21-0002, Process Path=C:\Windows\system32\ServerManager.exe, sysmon-utctime=2026-07-24 06:41:16.097, Status Code=N/A, Registry Value Name=Parameters, User Domain=DOMAIN_0001.LOCAL, Key Length=N/A, Target Username=USER_0004, Event ID=12, ProgramName=N/A, Registry Hive=HKLM, sysmon-eventtype=CreateKey, sysmon-user=USER_0002, Process GUID=C20AB55E-3287-67BC-BD08-000000001C00, Process ID=6200, sysmon-image=C:\Windows\system32\ServerManager.exe, Machine Identifier=HOST_0028, Object Type=N/A, Target Account Security ID=S-1-5-21-0002, Device Name=HOST_0028}",false,MAC_0001,MAC_0002,[REDACTED_DUPLICATE_PAYLOAD],3,40791,0,12,false,0:0:0:0:0:0:0:0,N/A,0,N/A,8012,<13>Jul 24 13:41:17 10.0.0.12 AgentDevice=WindowsLog	AgentLogFile=Microsoft-Windows-Sysmon/Operational	PluginVersion=7.3.1.28	Source=Microsoft-Windows-Sysmon	Computer=HCC-LLTP-DB	OriginatingComputer=HCC-LLTP-DB	User=USER_0002	Domain=DOMAIN_0006.LOCAL	EventID=12	EventIDCode=12	EventType=4	EventCategory=12	RecordNumber=2037519941	TimeGenerated=1784875276	TimeWritten=1784875276	Level=Informational	Keywords=0x8000000000000000	Task=SysmonTask-SYSMON_REG_KEY	Opcode=Info	Message=Registry object added or deleted: RuleName: - EventType: CreateKey UtcTime: 2026-07-24 06:41:16.097 ProcessGuid: {C20AB55E-3287-67BC-BD08-000000001C00} ProcessId: 6200 Image: C:\Windows\system32\ServerManager.exe TargetObject: HKLM\System\CurrentControlSet\Services\Tcpip\Parameters ,Successful Registry Modification,N/A,1,0,unknown,N/A,RegistryEvent (Object create and delete),unknown,0,null,1784875276000,255,0,false,0,"true""""",Microsoft-Windows-Sysmon/Operational,HOST_0004,"Registry key and value create and delete operations map to this event type, which can be useful for monitoring for changes to Registry autostart locations, or specific malware registry modifications.",0,1784875283717,No Offense,255,HOST_0029 @ 10.0.0.12,false,3,false,N/A,10.0.0.12,false,1784875283717,5,NETWORK_0002,35,12,0,1,-1,HOST_0004,[REDACTED_DUPLICATE_PAYLOAD],USER_0002,5001831,false,null,N/A,"13:41:23, 24 thg 7, 2026","13:41:16, 24 thg 7, 2026",MAC_0002,HOST_0006,439,0,false,10.0.0.12,0,N/A,10.0.0.3,1,"13:41:23, 24 thg 7, 2026",0:0:0:0:0:0:0:0,N/A,null,"100221,100265,109237,109187,100668,156193,100276,100272,123237,123937,134937,166353"
N/A,false,0,0,USER_0004,10.0.0.12,"{sysmon-eventid=12, Description=N/A, Message=N/A, Pipe Name=N/A, Registry Key=\System\CurrentControlSet\Services\Tcpip\Parameters, sysmon-processid=6200, channel=Microsoft-Windows-Sysmon/Operational, Logon Account Domain=DOMAIN_0001.LOCAL, Object Name=HKLM\System\CurrentControlSet\Services\Tcpip\Parameters, Registry Value Data=N/A, Account Name=USER_0004, Logon Type=N/A, sysmon-targetobject=HKLM\System\CurrentControlSet\Services\Tcpip\Parameters, Target User Domain=DOMAIN_0001.LOCAL, Accesses=CreateKey, Rule Name=-, Account Security ID=S-1-5-21-0002, Share Name=N/A, Authentication Package=N/A, sysmon-processguid={C20AB55E-3287-67BC-BD08-000000001C00}, Logon Account Name=USER_0004, Realm=DOMAIN_0001.LOCAL, EventIDCode=12, Account ID=S-1-5-21-0002, Process Path=C:\Windows\system32\ServerManager.exe, sysmon-utctime=2026-07-24 06:41:16.097, Status Code=N/A, Registry Value Name=Parameters, User Domain=DOMAIN_0001.LOCAL, Key Length=N/A, Target Username=USER_0004, Event ID=12, ProgramName=N/A, Registry Hive=HKLM, sysmon-eventtype=CreateKey, sysmon-user=USER_0002, Process GUID=C20AB55E-3287-67BC-BD08-000000001C00, Process ID=6200, sysmon-image=C:\Windows\system32\ServerManager.exe, Machine Identifier=HOST_0028, Object Type=N/A, Target Account Security ID=S-1-5-21-0002, Device Name=HOST_0028}",false,MAC_0001,MAC_0002,[REDACTED_DUPLICATE_PAYLOAD],3,40791,0,12,false,0:0:0:0:0:0:0:0,N/A,0,N/A,8012,<13>Jul 24 13:41:17 10.0.0.12 AgentDevice=WindowsLog	AgentLogFile=Microsoft-Windows-Sysmon/Operational	PluginVersion=7.3.1.28	Source=Microsoft-Windows-Sysmon	Computer=HCC-LLTP-DB	OriginatingComputer=HCC-LLTP-DB	User=USER_0002	Domain=DOMAIN_0006.LOCAL	EventID=12	EventIDCode=12	EventType=4	EventCategory=12	RecordNumber=2037519942	TimeGenerated=1784875276	TimeWritten=1784875276	Level=Informational	Keywords=0x8000000000000000	Task=SysmonTask-SYSMON_REG_KEY	Opcode=Info	Message=Registry object added or deleted: RuleName: - EventType: CreateKey UtcTime: 2026-07-24 06:41:16.097 ProcessGuid: {C20AB55E-3287-67BC-BD08-000000001C00} ProcessId: 6200 Image: C:\Windows\system32\ServerManager.exe TargetObject: HKLM\System\CurrentControlSet\Services\Tcpip\Parameters ,Successful Registry Modification,N/A,1,0,unknown,N/A,RegistryEvent (Object create and delete),unknown,0,null,1784875276000,255,0,false,0,"true""""",Microsoft-Windows-Sysmon/Operational,HOST_0004,"Registry key and value create and delete operations map to this event type, which can be useful for monitoring for changes to Registry autostart locations, or specific malware registry modifications.",0,1784875283717,No Offense,255,HOST_0029 @ 10.0.0.12,false,3,false,N/A,10.0.0.12,false,1784875283717,5,NETWORK_0002,35,12,0,1,-1,HOST_0004,[REDACTED_DUPLICATE_PAYLOAD],USER_0002,5001831,false,null,N/A,"13:41:23, 24 thg 7, 2026","13:41:16, 24 thg 7, 2026",MAC_0002,HOST_0006,439,0,false,10.0.0.12,0,N/A,10.0.0.3,1,"13:41:23, 24 thg 7, 2026",0:0:0:0:0:0:0:0,N/A,null,"100221,100265,109237,109187,100668,156193,100276,100272,123237,123937,134937,166353"
N/A,false,0,0,USER_0004,10.0.0.12,"{sysmon-eventid=10, sysmon-sourceprocessid=6200, Pipe Name=N/A, sysmon-processid=6200, sysmon-sourceimage=C:\Windows\system32\ServerManager.exe, channel=Microsoft-Windows-Sysmon/Operational, Object Name=N/A, Target Details=N/A, Account Name=USER_0004, Target User Domain=DOMAIN_0001.LOCAL, sysmon-sourceprocessguid={C20AB55E-3287-67BC-BD08-000000001C00}, Logon Account Name=USER_0004, EventIDCode=10, HostApplication=N/A, sysmon-targetprocessid=19684, EngineVersion=N/A, sysmon-grantedaccess=0x1FFFFF, sysmon-utctime=2026-07-24 06:39:36.302, Key Length=N/A, HostId=N/A, ProgramName=N/A, Process GUID=C20AB55E-3287-67BC-BD08-000000001C00, ScriptName=N/A, Object Type=N/A, sysmon-targetprocessguid={C20AB55E-0894-6A63-7F20-160000001C00}, Description=N/A, Message=N/A, Logon Account Domain=DOMAIN_0001.LOCAL, Target Process GUID=C20AB55E-0894-6A63-7F20-160000001C00, Logon Type=N/A, PipelineId=N/A, sysmon-sourcethreadid=15160, Account Security ID=S-1-5-21-0002, Share Name=N/A, Authentication Package=N/A, sysmon-processguid=N/A, Realm=DOMAIN_0001.LOCAL, Account ID=S-1-5-21-0002, Process Path=C:\Windows\system32\ServerManager.exe, Status Code=N/A, RunspaceId=N/A, User Domain=DOMAIN_0001.LOCAL, Target Username=USER_0004, Event ID=10, HostVersion=N/A, sysmon-user=USER_0002, Command=N/A, Process ID=6200, Machine Identifier=HOST_0028, Target Account Security ID=S-1-5-21-0002, Device Name=HOST_0028, sysmon-targetimage=C:\Windows\system32\Configure-SMRemoting.exe, Access Mask=N/A}",false,MAC_0001,MAC_0002,[REDACTED_DUPLICATE_PAYLOAD],3,40791,0,12,false,0:0:0:0:0:0:0:0,N/A,0,N/A,8052,<13>Jul 24 13:39:38 10.0.0.12 AgentDevice=WindowsLog	AgentLogFile=Microsoft-Windows-Sysmon/Operational	PluginVersion=7.3.1.28	Source=Microsoft-Windows-Sysmon	Computer=HCC-LLTP-DB	OriginatingComputer=HCC-LLTP-DB	User=USER_0002	Domain=DOMAIN_0006.LOCAL	EventID=10	EventIDCode=10	EventType=4	EventCategory=10	RecordNumber=2037516484	TimeGenerated=1784875176	TimeWritten=1784875176	Level=Informational	Keywords=0x8000000000000000	Task=SysmonTask-SYSMON_ACCESS_PROCESS	Opcode=Info	Message=Process accessed: RuleName: - UtcTime: 2026-07-24 06:39:36.302 SourceProcessGUID: {C20AB55E-3287-67BC-BD08-000000001C00} SourceProcessId: 6200 SourceThreadId: 15160 SourceImage: C:\Windows\system32\ServerManager.exe TargetProcessGUID: {C20AB55E-0894-6A63-7F20-160000001C00} TargetProcessId: 19684 TargetImage: C:\Windows\system32\Configure-SMRemoting.exe GrantedAccess: 0x1FFFFF CallTrace: C:\Windows\SYSTEM32\ntdll.dll+90d6a|C:\Windows\system32\KERNELBASE.dll+e120|C:\Windows\system32\KERNELBASE.dll+10d76|C:\Windows\system32\KERNEL32.dll+7983|C:\Windows\assembly\NativeImages_v4.0.30319_64\System\e30408788e6ae58b13026d86d4904782\System.ni.dll+32e550|C:\Windows\assembly\NativeImages_v4.0.30319_64\System\e30408788e6ae58b13026d86d4904782\System.ni.dll+28b2fd|C:\Windows\assembly\NativeImages_v4.0.30319_64\System\e30408788e6ae58b13026d86d4904782\System.ni.dll+28ac9c|C:\Windows\assembly\NativeImages_v4DOMAIN_0013.LOCAL\USER_0051#\36151302c744518974a412b74e6beb49\Microsoft.Windows.ServerManager.Common.ni.dll+0(wow64)|C:\Windows\assembly\NativeImages_v4DOMAIN_0013.LOCAL\USER_0051#\36151302c744518974a412b74e6beb49\Microsoft.Windows.ServerManager.Common.ni.dll+0(wow64)|C:\Windows\assembly\NativeImages_v4DOMAIN_0013.LOCAL\USER_0051#\36151302c744518974a412b74e6beb49\Microsoft.Windows.ServerManager.Common.ni.dll+0(wow64)|C:\Windows\Microsoft.NET\Framework64\v4DOMAIN_0015.LOCAL\USER_0033+5c93|C:\Windows\Microsoft.NET\Framework64\v4DOMAIN_0015.LOCAL\USER_0033+5b36|C:\Windows\Microsoft.NET\Framework64\v4DOMAIN_0015.LOCAL\USER_0033+1132c1|C:\Windows\Microsoft.NET\Framework64\v4DOMAIN_0015.LOCAL\USER_0033+11360f|C:\Windows\assembly\NativeImages_v4.0.30319_64\mscorlib\ccb48f84a5cca36e9b0205b6a65ee54a\mscorlib.ni.dll+f1fc34|C:\Windows\assembly\NativeImages_v4.0.30319_64\mscorlib\ccb48f84a5cca36e9b0205b6a65ee54a\mscorlib.ni.dll+4f4770|C:\Windows\assembly\NativeImages_v4.0.30319_64\mscorlib\ccb48f84a5cca36e9b0205b6a65ee54a\mscorlib.ni.dll+4f4604|C:\Windows\assembly\NativeImages_v4.0.30319_64\mscorlib\ccb48f84a5cca36e9b0205b6a65ee54a\mscorlib.ni.dll+4ff150|C:\Windows\assembly\NativeImages_v4.0.30319_64\mscorlib\ccb48f84a5cca36e9b0205b6a65ee54a\mscorlib.ni.dll+4ff76e|C:\Windows\Microsoft.NET\Framework64\v4DOMAIN_0015.LOCAL\USER_0033+5c93|C:\Windows\Microsoft.NET\Framework64\v4DOMAIN_0015.LOCAL\USER_0033+5b36|C:\Windows\Microsoft.NET\Framework64\v4DOMAIN_0015.LOCAL\USER_0033+6249|C:\Windows\Microsoft.NET\Framework64\v4DOMAIN_0015.LOCAL\USER_0033+ad89|C:\Windows\Microsoft.NET\Framework64\v4DOMAIN_0015.LOCAL\USER_0033+6a01 ,Information,N/A,1,0,unknown,N/A,ProcessAccess,unknown,0,null,1784875176000,255,0,false,0,"true""""",Microsoft-Windows-Sysmon/Operational,HOST_0004,"The process accessed event reports when a process opens another process, an operation that’s often followed by information queries or reading and writing the address space of the target process.",0,1784875189198,No Offense,255,HOST_0029 @ 10.0.0.12,false,3,false,N/A,10.0.0.12,false,1784875189198,5,NETWORK_0002,35,10,0,2,-1,HOST_0004,[REDACTED_DUPLICATE_PAYLOAD],USER_0002,5001829,false,null,N/A,"13:39:49, 24 thg 7, 2026","13:39:36, 24 thg 7, 2026",MAC_0002,HOST_0006,439,0,false,10.0.0.12,0,N/A,10.0.0.3,1,"13:39:49, 24 thg 7, 2026",0:0:0:0:0:0:0:0,N/A,null,"100221,100265,109237,109187,100668,156193,100272,134937,166353"
N/A,false,0,0,USER_0004,10.0.0.12,"{sysmon-eventid=12, Description=N/A, Message=N/A, Pipe Name=N/A, Registry Key=\System\CurrentControlSet\Services\Tcpip\Parameters, sysmon-processid=6200, channel=Microsoft-Windows-Sysmon/Operational, Logon Account Domain=DOMAIN_0001.LOCAL, Object Name=HKLM\System\CurrentControlSet\Services\Tcpip\Parameters, Registry Value Data=N/A, Account Name=USER_0004, Logon Type=N/A, sysmon-targetobject=HKLM\System\CurrentControlSet\Services\Tcpip\Parameters, Target User Domain=DOMAIN_0001.LOCAL, Accesses=CreateKey, Rule Name=-, Account Security ID=S-1-5-21-0002, Share Name=N/A, Authentication Package=N/A, sysmon-processguid={C20AB55E-3287-67BC-BD08-000000001C00}, Logon Account Name=USER_0004, Realm=DOMAIN_0001.LOCAL, EventIDCode=12, Account ID=S-1-5-21-0002, Process Path=C:\Windows\system32\ServerManager.exe, sysmon-utctime=2026-07-24 06:39:16.085, Status Code=N/A, Registry Value Name=Parameters, User Domain=DOMAIN_0001.LOCAL, Key Length=N/A, Target Username=USER_0004, Event ID=12, ProgramName=N/A, Registry Hive=HKLM, sysmon-eventtype=CreateKey, sysmon-user=USER_0002, Process GUID=C20AB55E-3287-67BC-BD08-000000001C00, Process ID=6200, sysmon-image=C:\Windows\system32\ServerManager.exe, Machine Identifier=HOST_0028, Object Type=N/A, Target Account Security ID=S-1-5-21-0002, Device Name=HOST_0028}",false,MAC_0001,MAC_0002,[REDACTED_DUPLICATE_PAYLOAD],3,40791,0,12,false,0:0:0:0:0:0:0:0,N/A,0,N/A,8012,<13>Jul 24 13:39:17 10.0.0.12 AgentDevice=WindowsLog	AgentLogFile=Microsoft-Windows-Sysmon/Operational	PluginVersion=7.3.1.28	Source=Microsoft-Windows-Sysmon	Computer=HCC-LLTP-DB	OriginatingComputer=HCC-LLTP-DB	User=USER_0002	Domain=DOMAIN_0006.LOCAL	EventID=12	EventIDCode=12	EventType=4	EventCategory=12	RecordNumber=2037515526	TimeGenerated=1784875156	TimeWritten=1784875156	Level=Informational	Keywords=0x8000000000000000	Task=SysmonTask-SYSMON_REG_KEY	Opcode=Info	Message=Registry object added or deleted: RuleName: - EventType: CreateKey UtcTime: 2026-07-24 06:39:16.085 ProcessGuid: {C20AB55E-3287-67BC-BD08-000000001C00} ProcessId: 6200 Image: C:\Windows\system32\ServerManager.exe TargetObject: HKLM\System\CurrentControlSet\Services\Tcpip\Parameters ,Successful Registry Modification,N/A,1,0,unknown,N/A,RegistryEvent (Object create and delete),unknown,0,null,1784875156000,255,0,false,0,"true""""",Microsoft-Windows-Sysmon/Operational,HOST_0004,"Registry key and value create and delete operations map to this event type, which can be useful for monitoring for changes to Registry autostart locations, or specific malware registry modifications.",0,1784875168105,No Offense,255,HOST_0029 @ 10.0.0.12,false,3,false,N/A,10.0.0.12,false,1784875168105,5,NETWORK_0002,35,12,0,1,-1,HOST_0004,[REDACTED_DUPLICATE_PAYLOAD],USER_0002,5001831,false,null,N/A,"13:39:28, 24 thg 7, 2026","13:39:16, 24 thg 7, 2026",MAC_0002,HOST_0006,439,0,false,10.0.0.12,0,N/A,10.0.0.3,1,"13:39:28, 24 thg 7, 2026",0:0:0:0:0:0:0:0,N/A,null,"100221,100265,109237,109187,100668,156193,100276,100272,123237,123937,134937,166353"
N/A,false,0,0,USER_0004,10.0.0.12,"{sysmon-eventid=12, Description=N/A, Message=N/A, Pipe Name=N/A, Registry Key=\System\CurrentControlSet\Services\Tcpip\Parameters, sysmon-processid=6200, channel=Microsoft-Windows-Sysmon/Operational, Logon Account Domain=DOMAIN_0001.LOCAL, Object Name=HKLM\System\CurrentControlSet\Services\Tcpip\Parameters, Registry Value Data=N/A, Account Name=USER_0004, Logon Type=N/A, sysmon-targetobject=HKLM\System\CurrentControlSet\Services\Tcpip\Parameters, Target User Domain=DOMAIN_0001.LOCAL, Accesses=CreateKey, Rule Name=-, Account Security ID=S-1-5-21-0002, Share Name=N/A, Authentication Package=N/A, sysmon-processguid={C20AB55E-3287-67BC-BD08-000000001C00}, Logon Account Name=USER_0004, Realm=DOMAIN_0001.LOCAL, EventIDCode=12, Account ID=S-1-5-21-0002, Process Path=C:\Windows\system32\ServerManager.exe, sysmon-utctime=2026-07-24 06:39:16.069, Status Code=N/A, Registry Value Name=Parameters, User Domain=DOMAIN_0001.LOCAL, Key Length=N/A, Target Username=USER_0004, Event ID=12, ProgramName=N/A, Registry Hive=HKLM, sysmon-eventtype=CreateKey, sysmon-user=USER_0002, Process GUID=C20AB55E-3287-67BC-BD08-000000001C00, Process ID=6200, sysmon-image=C:\Windows\system32\ServerManager.exe, Machine Identifier=HOST_0028, Object Type=N/A, Target Account Security ID=S-1-5-21-0002, Device Name=HOST_0028}",false,MAC_0001,MAC_0002,[REDACTED_DUPLICATE_PAYLOAD],3,40791,0,12,false,0:0:0:0:0:0:0:0,N/A,0,N/A,8012,<13>Jul 24 13:39:17 10.0.0.12 AgentDevice=WindowsLog	AgentLogFile=Microsoft-Windows-Sysmon/Operational	PluginVersion=7.3.1.28	Source=Microsoft-Windows-Sysmon	Computer=HCC-LLTP-DB	OriginatingComputer=HCC-LLTP-DB	User=USER_0002	Domain=DOMAIN_0006.LOCAL	EventID=12	EventIDCode=12	EventType=4	EventCategory=12	RecordNumber=2037515522	TimeGenerated=1784875156	TimeWritten=1784875156	Level=Informational	Keywords=0x8000000000000000	Task=SysmonTask-SYSMON_REG_KEY	Opcode=Info	Message=Registry object added or deleted: RuleName: - EventType: CreateKey UtcTime: 2026-07-24 06:39:16.069 ProcessGuid: {C20AB55E-3287-67BC-BD08-000000001C00} ProcessId: 6200 Image: C:\Windows\system32\ServerManager.exe TargetObject: HKLM\System\CurrentControlSet\Services\Tcpip\Parameters ,Successful Registry Modification,N/A,1,0,unknown,N/A,RegistryEvent (Object create and delete),unknown,0,null,1784875156000,255,0,false,0,"true""""",Microsoft-Windows-Sysmon/Operational,HOST_0004,"Registry key and value create and delete operations map to this event type, which can be useful for monitoring for changes to Registry autostart locations, or specific malware registry modifications.",0,1784875168105,No Offense,255,HOST_0029 @ 10.0.0.12,false,3,false,N/A,10.0.0.12,false,1784875168105,5,NETWORK_0002,35,12,0,1,-1,HOST_0004,[REDACTED_DUPLICATE_PAYLOAD],USER_0002,5001831,false,null,N/A,"13:39:28, 24 thg 7, 2026","13:39:16, 24 thg 7, 2026",MAC_0002,HOST_0006,439,0,false,10.0.0.12,0,N/A,10.0.0.3,1,"13:39:28, 24 thg 7, 2026",0:0:0:0:0:0:0:0,N/A,null,"100221,100265,109237,109187,100668,156193,100276,100272,123237,123937,134937,166353"
N/A,false,0,0,USER_0004,10.0.0.12,"{sysmon-eventid=12, Description=N/A, Message=N/A, Pipe Name=N/A, Registry Key=\System\CurrentControlSet\Services\Tcpip\Parameters, sysmon-processid=6200, channel=Microsoft-Windows-Sysmon/Operational, Logon Account Domain=DOMAIN_0001.LOCAL, Object Name=HKLM\System\CurrentControlSet\Services\Tcpip\Parameters, Registry Value Data=N/A, Account Name=USER_0004, Logon Type=N/A, sysmon-targetobject=HKLM\System\CurrentControlSet\Services\Tcpip\Parameters, Target User Domain=DOMAIN_0001.LOCAL, Accesses=CreateKey, Rule Name=-, Account Security ID=S-1-5-21-0002, Share Name=N/A, Authentication Package=N/A, sysmon-processguid={C20AB55E-3287-67BC-BD08-000000001C00}, Logon Account Name=USER_0004, Realm=DOMAIN_0001.LOCAL, EventIDCode=12, Account ID=S-1-5-21-0002, Process Path=C:\Windows\system32\ServerManager.exe, sysmon-utctime=2026-07-24 06:39:16.069, Status Code=N/A, Registry Value Name=Parameters, User Domain=DOMAIN_0001.LOCAL, Key Length=N/A, Target Username=USER_0004, Event ID=12, ProgramName=N/A, Registry Hive=HKLM, sysmon-eventtype=CreateKey, sysmon-user=USER_0002, Process GUID=C20AB55E-3287-67BC-BD08-000000001C00, Process ID=6200, sysmon-image=C:\Windows\system32\ServerManager.exe, Machine Identifier=HOST_0028, Object Type=N/A, Target Account Security ID=S-1-5-21-0002, Device Name=HOST_0028}",false,MAC_0001,MAC_0002,[REDACTED_DUPLICATE_PAYLOAD],3,40791,0,12,false,0:0:0:0:0:0:0:0,N/A,0,N/A,8012,<13>Jul 24 13:39:17 10.0.0.12 AgentDevice=WindowsLog	AgentLogFile=Microsoft-Windows-Sysmon/Operational	PluginVersion=7.3.1.28	Source=Microsoft-Windows-Sysmon	Computer=HCC-LLTP-DB	OriginatingComputer=HCC-LLTP-DB	User=USER_0002	Domain=DOMAIN_0006.LOCAL	EventID=12	EventIDCode=12	EventType=4	EventCategory=12	RecordNumber=2037515524	TimeGenerated=1784875156	TimeWritten=1784875156	Level=Informational	Keywords=0x8000000000000000	Task=SysmonTask-SYSMON_REG_KEY	Opcode=Info	Message=Registry object added or deleted: RuleName: - EventType: CreateKey UtcTime: 2026-07-24 06:39:16.069 ProcessGuid: {C20AB55E-3287-67BC-BD08-000000001C00} ProcessId: 6200 Image: C:\Windows\system32\ServerManager.exe TargetObject: HKLM\System\CurrentControlSet\Services\Tcpip\Parameters ,Successful Registry Modification,N/A,1,0,unknown,N/A,RegistryEvent (Object create and delete),unknown,0,null,1784875156000,255,0,false,0,"true""""",Microsoft-Windows-Sysmon/Operational,HOST_0004,"Registry key and value create and delete operations map to this event type, which can be useful for monitoring for changes to Registry autostart locations, or specific malware registry modifications.",0,1784875168105,No Offense,255,HOST_0029 @ 10.0.0.12,false,3,false,N/A,10.0.0.12,false,1784875168105,5,NETWORK_0002,35,12,0,1,-1,HOST_0004,[REDACTED_DUPLICATE_PAYLOAD],USER_0002,5001831,false,null,N/A,"13:39:28, 24 thg 7, 2026","13:39:16, 24 thg 7, 2026",MAC_0002,HOST_0006,439,0,false,10.0.0.12,0,N/A,10.0.0.3,1,"13:39:28, 24 thg 7, 2026",0:0:0:0:0:0:0:0,N/A,null,"100221,100265,109237,109187,100668,156193,100276,100272,123237,123937,134937,166353"
N/A,false,0,0,USER_0004,10.0.0.12,"{sysmon-eventid=12, Description=N/A, Message=N/A, Pipe Name=N/A, Registry Key=\System\CurrentControlSet\Services\Tcpip\Parameters, sysmon-processid=6200, channel=Microsoft-Windows-Sysmon/Operational, Logon Account Domain=DOMAIN_0001.LOCAL, Object Name=HKLM\System\CurrentControlSet\Services\Tcpip\Parameters, Registry Value Data=N/A, Account Name=USER_0004, Logon Type=N/A, sysmon-targetobject=HKLM\System\CurrentControlSet\Services\Tcpip\Parameters, Target User Domain=DOMAIN_0001.LOCAL, Accesses=CreateKey, Rule Name=-, Account Security ID=S-1-5-21-0002, Share Name=N/A, Authentication Package=N/A, sysmon-processguid={C20AB55E-3287-67BC-BD08-000000001C00}, Logon Account Name=USER_0004, Realm=DOMAIN_0001.LOCAL, EventIDCode=12, Account ID=S-1-5-21-0002, Process Path=C:\Windows\system32\ServerManager.exe, sysmon-utctime=2026-07-24 06:37:16.065, Status Code=N/A, Registry Value Name=Parameters, User Domain=DOMAIN_0001.LOCAL, Key Length=N/A, Target Username=USER_0004, Event ID=12, ProgramName=N/A, Registry Hive=HKLM, sysmon-eventtype=CreateKey, sysmon-user=USER_0002, Process GUID=C20AB55E-3287-67BC-BD08-000000001C00, Process ID=6200, sysmon-image=C:\Windows\system32\ServerManager.exe, Machine Identifier=HOST_0028, Object Type=N/A, Target Account Security ID=S-1-5-21-0002, Device Name=HOST_0028}",false,MAC_0001,MAC_0002,[REDACTED_DUPLICATE_PAYLOAD],3,40791,0,12,false,0:0:0:0:0:0:0:0,N/A,0,N/A,8012,<13>Jul 24 13:37:17 10.0.0.12 AgentDevice=WindowsLog	AgentLogFile=Microsoft-Windows-Sysmon/Operational	PluginVersion=7.3.1.28	Source=Microsoft-Windows-Sysmon	Computer=HCC-LLTP-DB	OriginatingComputer=HCC-LLTP-DB	User=USER_0002	Domain=DOMAIN_0006.LOCAL	EventID=12	EventIDCode=12	EventType=4	EventCategory=12	RecordNumber=2037510156	TimeGenerated=1784875036	TimeWritten=1784875036	Level=Informational	Keywords=0x8000000000000000	Task=SysmonTask-SYSMON_REG_KEY	Opcode=Info	Message=Registry object added or deleted: RuleName: - EventType: CreateKey UtcTime: 2026-07-24 06:37:16.065 ProcessGuid: {C20AB55E-3287-67BC-BD08-000000001C00} ProcessId: 6200 Image: C:\Windows\system32\ServerManager.exe TargetObject: HKLM\System\CurrentControlSet\Services\Tcpip\Parameters ,Successful Registry Modification,N/A,1,0,unknown,N/A,RegistryEvent (Object create and delete),unknown,0,null,1784875036000,255,0,false,0,"true""""",Microsoft-Windows-Sysmon/Operational,HOST_0004,"Registry key and value create and delete operations map to this event type, which can be useful for monitoring for changes to Registry autostart locations, or specific malware registry modifications.",0,1784875042280,No Offense,255,HOST_0029 @ 10.0.0.12,false,3,false,N/A,10.0.0.12,false,1784875042280,5,NETWORK_0002,35,12,0,1,-1,HOST_0004,[REDACTED_DUPLICATE_PAYLOAD],USER_0002,5001831,false,null,N/A,"13:37:22, 24 thg 7, 2026","13:37:16, 24 thg 7, 2026",MAC_0002,HOST_0006,439,0,false,10.0.0.12,0,N/A,10.0.0.3,1,"13:37:22, 24 thg 7, 2026",0:0:0:0:0:0:0:0,N/A,null,"100221,100265,109237,109187,100668,156193,100276,100272,123237,123937,134937,166353"
N/A,false,0,0,USER_0004,10.0.0.12,"{sysmon-eventid=12, Description=N/A, Message=N/A, Pipe Name=N/A, Registry Key=\System\CurrentControlSet\Services\Tcpip\Parameters, sysmon-processid=6200, channel=Microsoft-Windows-Sysmon/Operational, Logon Account Domain=DOMAIN_0001.LOCAL, Object Name=HKLM\System\CurrentControlSet\Services\Tcpip\Parameters, Registry Value Data=N/A, Account Name=USER_0004, Logon Type=N/A, sysmon-targetobject=HKLM\System\CurrentControlSet\Services\Tcpip\Parameters, Target User Domain=DOMAIN_0001.LOCAL, Accesses=CreateKey, Rule Name=-, Account Security ID=S-1-5-21-0002, Share Name=N/A, Authentication Package=N/A, sysmon-processguid={C20AB55E-3287-67BC-BD08-000000001C00}, Logon Account Name=USER_0004, Realm=DOMAIN_0001.LOCAL, EventIDCode=12, Account ID=S-1-5-21-0002, Process Path=C:\Windows\system32\ServerManager.exe, sysmon-utctime=2026-07-24 06:37:16.065, Status Code=N/A, Registry Value Name=Parameters, User Domain=DOMAIN_0001.LOCAL, Key Length=N/A, Target Username=USER_0004, Event ID=12, ProgramName=N/A, Registry Hive=HKLM, sysmon-eventtype=CreateKey, sysmon-user=USER_0002, Process GUID=C20AB55E-3287-67BC-BD08-000000001C00, Process ID=6200, sysmon-image=C:\Windows\system32\ServerManager.exe, Machine Identifier=HOST_0028, Object Type=N/A, Target Account Security ID=S-1-5-21-0002, Device Name=HOST_0028}",false,MAC_0001,MAC_0002,[REDACTED_DUPLICATE_PAYLOAD],3,40791,0,12,false,0:0:0:0:0:0:0:0,N/A,0,N/A,8012,<13>Jul 24 13:37:17 10.0.0.12 AgentDevice=WindowsLog	AgentLogFile=Microsoft-Windows-Sysmon/Operational	PluginVersion=7.3.1.28	Source=Microsoft-Windows-Sysmon	Computer=HCC-LLTP-DB	OriginatingComputer=HCC-LLTP-DB	User=USER_0002	Domain=DOMAIN_0006.LOCAL	EventID=12	EventIDCode=12	EventType=4	EventCategory=12	RecordNumber=2037510157	TimeGenerated=1784875036	TimeWritten=1784875036	Level=Informational	Keywords=0x8000000000000000	Task=SysmonTask-SYSMON_REG_KEY	Opcode=Info	Message=Registry object added or deleted: RuleName: - EventType: CreateKey UtcTime: 2026-07-24 06:37:16.065 ProcessGuid: {C20AB55E-3287-67BC-BD08-000000001C00} ProcessId: 6200 Image: C:\Windows\system32\ServerManager.exe TargetObject: HKLM\System\CurrentControlSet\Services\Tcpip\Parameters ,Successful Registry Modification,N/A,1,0,unknown,N/A,RegistryEvent (Object create and delete),unknown,0,null,1784875036000,255,0,false,0,"true""""",Microsoft-Windows-Sysmon/Operational,HOST_0004,"Registry key and value create and delete operations map to this event type, which can be useful for monitoring for changes to Registry autostart locations, or specific malware registry modifications.",0,1784875042280,No Offense,255,HOST_0029 @ 10.0.0.12,false,3,false,N/A,10.0.0.12,false,1784875042280,5,NETWORK_0002,35,12,0,1,-1,HOST_0004,[REDACTED_DUPLICATE_PAYLOAD],USER_0002,5001831,false,null,N/A,"13:37:22, 24 thg 7, 2026","13:37:16, 24 thg 7, 2026",MAC_0002,HOST_0006,439,0,false,10.0.0.12,0,N/A,10.0.0.3,1,"13:37:22, 24 thg 7, 2026",0:0:0:0:0:0:0:0,N/A,null,"100221,100265,109237,109187,100668,156193,100276,100272,123237,123937,134937,166353"
N/A,false,0,0,USER_0004,10.0.0.12,"{sysmon-eventid=12, Description=N/A, Message=N/A, Pipe Name=N/A, Registry Key=\System\CurrentControlSet\Services\Tcpip\Parameters, sysmon-processid=6200, channel=Microsoft-Windows-Sysmon/Operational, Logon Account Domain=DOMAIN_0001.LOCAL, Object Name=HKLM\System\CurrentControlSet\Services\Tcpip\Parameters, Registry Value Data=N/A, Account Name=USER_0004, Logon Type=N/A, sysmon-targetobject=HKLM\System\CurrentControlSet\Services\Tcpip\Parameters, Target User Domain=DOMAIN_0001.LOCAL, Accesses=CreateKey, Rule Name=-, Account Security ID=S-1-5-21-0002, Share Name=N/A, Authentication Package=N/A, sysmon-processguid={C20AB55E-3287-67BC-BD08-000000001C00}, Logon Account Name=USER_0004, Realm=DOMAIN_0001.LOCAL, EventIDCode=12, Account ID=S-1-5-21-0002, Process Path=C:\Windows\system32\ServerManager.exe, sysmon-utctime=2026-07-24 06:37:16.065, Status Code=N/A, Registry Value Name=Parameters, User Domain=DOMAIN_0001.LOCAL, Key Length=N/A, Target Username=USER_0004, Event ID=12, ProgramName=N/A, Registry Hive=HKLM, sysmon-eventtype=CreateKey, sysmon-user=USER_0002, Process GUID=C20AB55E-3287-67BC-BD08-000000001C00, Process ID=6200, sysmon-image=C:\Windows\system32\ServerManager.exe, Machine Identifier=HOST_0028, Object Type=N/A, Target Account Security ID=S-1-5-21-0002, Device Name=HOST_0028}",false,MAC_0001,MAC_0002,[REDACTED_DUPLICATE_PAYLOAD],3,40791,0,12,false,0:0:0:0:0:0:0:0,N/A,0,N/A,8012,<13>Jul 24 13:37:17 10.0.0.12 AgentDevice=WindowsLog	AgentLogFile=Microsoft-Windows-Sysmon/Operational	PluginVersion=7.3.1.28	Source=Microsoft-Windows-Sysmon	Computer=HCC-LLTP-DB	OriginatingComputer=HCC-LLTP-DB	User=USER_0002	Domain=DOMAIN_0006.LOCAL	EventID=12	EventIDCode=12	EventType=4	EventCategory=12	RecordNumber=2037510155	TimeGenerated=1784875036	TimeWritten=1784875036	Level=Informational	Keywords=0x8000000000000000	Task=SysmonTask-SYSMON_REG_KEY	Opcode=Info	Message=Registry object added or deleted: RuleName: - EventType: CreateKey UtcTime: 2026-07-24 06:37:16.065 ProcessGuid: {C20AB55E-3287-67BC-BD08-000000001C00} ProcessId: 6200 Image: C:\Windows\system32\ServerManager.exe TargetObject: HKLM\System\CurrentControlSet\Services\Tcpip\Parameters ,Successful Registry Modification,N/A,1,0,unknown,N/A,RegistryEvent (Object create and delete),unknown,0,null,1784875036000,255,0,false,0,"true""""",Microsoft-Windows-Sysmon/Operational,HOST_0004,"Registry key and value create and delete operations map to this event type, which can be useful for monitoring for changes to Registry autostart locations, or specific malware registry modifications.",0,1784875042280,No Offense,255,HOST_0029 @ 10.0.0.12,false,3,false,N/A,10.0.0.12,false,1784875042280,5,NETWORK_0002,35,12,0,1,-1,HOST_0004,[REDACTED_DUPLICATE_PAYLOAD],USER_0002,5001831,false,null,N/A,"13:37:22, 24 thg 7, 2026","13:37:16, 24 thg 7, 2026",MAC_0002,HOST_0006,439,0,false,10.0.0.12,0,N/A,10.0.0.3,1,"13:37:22, 24 thg 7, 2026",0:0:0:0:0:0:0:0,N/A,null,"100221,100265,109237,109187,100668,156193,100276,100272,123237,123937,134937,166353"
N/A,false,0,0,USER_0004,10.0.0.12,"{sysmon-eventid=13, Description=N/A, Message=N/A, Pipe Name=N/A, Registry Key=\MuiCache\15b\52C64B7E, sysmon-processid=6200, channel=Microsoft-Windows-Sysmon/Operational, Target Object=HKU\S-1-5-21-728566140-106364507-3694018187-500_CLASSES\Local Settings\MuiCache\15b\52C64B7E\LanguageList, Logon Account Domain=DOMAIN_0001.LOCAL, Object Name=DOMAIN_0020.LOCAL\USER_0049DOMAIN_0021.LOCAL\USER_0050 Settings\MuiCache\15b\52C64B7E\LanguageList, Target Details=Binary Data, Process Name=ServerManager.exe, Registry Value Data=Binary Data, Account Name=USER_0004, Logon Type=N/A, sysmon-targetobject=HKU\S-1-5-21-728566140-106364507-3694018187-500_CLASSES\Local Settings\MuiCache\15b\52C64B7E\LanguageList, Target User Domain=DOMAIN_0001.LOCAL, Rule Name=-, Account Security ID=S-1-5-21-0002, Share Name=N/A, Authentication Package=N/A, sysmon-processguid={C20AB55E-3287-67BC-BD08-000000001C00}, Logon Account Name=USER_0004, Realm=DOMAIN_0001.LOCAL, EventIDCode=13, Account ID=S-1-5-21-0002, Process Path=C:\Windows\system32\ServerManager.exe, sysmon-utctime=2026-07-24 06:36:40.674, Status Code=N/A, Registry Value Name=LanguageList, User Domain=DOMAIN_0001.LOCAL, Key Length=N/A, Target Username=USER_0004, Event ID=13, ProgramName=N/A, Registry Hive=HKU, sysmon-eventtype=SetValue, sysmon-user=USER_0002, Process GUID=C20AB55E-3287-67BC-BD08-000000001C00, Process ID=6200, Machine Identifier=HOST_0028, Object Type=N/A, Target Account Security ID=S-1-5-21-0002, Device Name=HOST_0028, sysmon-details=Binary Data}",false,MAC_0001,MAC_0002,[REDACTED_DUPLICATE_PAYLOAD],3,40791,0,12,false,0:0:0:0:0:0:0:0,N/A,0,N/A,8012,<13>Jul 24 13:36:41 10.0.0.12 AgentDevice=WindowsLog	AgentLogFile=Microsoft-Windows-Sysmon/Operational	PluginVersion=7.3.1.28	Source=Microsoft-Windows-Sysmon	Computer=HCC-LLTP-DB	OriginatingComputer=HCC-LLTP-DB	User=USER_0002	Domain=DOMAIN_0006.LOCAL	EventID=13	EventIDCode=13	EventType=4	EventCategory=13	RecordNumber=2037508895	TimeGenerated=1784875000	TimeWritten=1784875000	Level=Informational	Keywords=0x8000000000000000	Task=SysmonTask-SYSMON_REG_SETVALUE	Opcode=Info	Message=Registry value set: RuleName: - EventType: SetValue UtcTime: 2026-07-24 06:36:40.674 ProcessGuid: {C20AB55E-3287-67BC-BD08-000000001C00} ProcessId: 6200 Image: C:\Windows\system32\ServerManager.exe TargetObject: DOMAIN_0020.LOCAL\USER_0049DOMAIN_0021.LOCAL\USER_0050 Settings\MuiCache\15b\52C64B7E\LanguageList Details: Binary Data ,Successful Registry Modification,N/A,1,0,unknown,N/A,RegistryEvent (Value Set),unknown,0,null,1784875000000,255,0,false,0,"true""""",Microsoft-Windows-Sysmon/Operational,HOST_0004,This Registry event type identifies Registry value modifications.,0,1784875010710,No Offense,255,HOST_0029 @ 10.0.0.12,false,3,false,N/A,10.0.0.12,false,1784875010710,5,NETWORK_0002,35,13,0,1,-1,HOST_0004,[REDACTED_DUPLICATE_PAYLOAD],USER_0002,5001832,false,null,N/A,"13:36:50, 24 thg 7, 2026","13:36:40, 24 thg 7, 2026",MAC_0002,HOST_0006,439,0,false,10.0.0.12,0,N/A,10.0.0.3,1,"13:36:50, 24 thg 7, 2026",0:0:0:0:0:0:0:0,N/A,null,"100221,100265,109237,109187,100617,100668,156193,100276,100272,123237,123937,134937,166353"
