dstPreNATIP,hasIdentityFlag,destinationPostNatPortDescription,destinationPort,identityUsername,logSourceIdentifier,customProps,srcPortInvalid,identityMAC,sourcMACAddress,payloadAsBase64,magnitude,deviceId,protocolConfigId,deviceType,dstPortInvalid,sourceV6Ip,identityGroupName,srcPreNATPort,srcPreNATIP,category,payloadAsUTF,categoryDescription,aDEAnomalyCount,deviceCategory,deviceEventId,pcapId,identityExtendedField,eventName,pcapIp,sourcePort,obfuscationProperties,deviceTime,protocol,sourcePreNatPortDescription,pcapEvent,dstPostNATPort,tLVProperties,qidEventCategory,identityNetBiosName,eventDescription,dstPreNATPort,startTime,offenseName,protocolName,deviceName,mPCEvent,relevance,logOnly,dstPostNATIP,srcIp,storedForPerformance,stopTime,credibility,domainName,domainID,qidEventId,sourcePostNatPortDescription,severity,offenseId,identityHostname,payloadAsHexOneLine,userName,qid,truncated,obfuscationNormalizedEventProperties,aDEAnomalyDescription,startDateTime,deviceDateTime,destinationMACAddress,eventCollectorName,eventCollectorId,srcPostNATPort,rawEvent,destIp,destinationPreNatPortDescription,osvbidsDesc,identityIpOfHost,eventCount,stopDateTime,destinationV6Ip,srcPostNATIP,identity,ruleIds
N/A,false,0,0,USER_0004,HOST_0002,"{sysmon-eventid=4674, Description=N/A, Message=N/A, Pipe Name=N/A, sysmon-processid=N/A, channel=Security, Logon Account Domain=DOMAIN_0001.LOCAL, Object Name=N/A, Target Details=N/A, Account Name=USER_0005, Logon Type=N/A, Target User Domain=DOMAIN_0001.LOCAL, PipelineId=N/A, Account Security ID=S-1-5-21-0001, Share Name=N/A, Authentication Package=N/A, sysmon-processguid=N/A, Logon Account Name=USER_0004, Realm=DOMAIN_0001.LOCAL, EventIDCode=4674, HostApplication=N/A, Account ID=S-1-5-21-0002, EngineVersion=N/A, Process Path=N/A, Status Code=N/A, RunspaceId=N/A, User Domain=DOMAIN_0002.LOCAL, Key Length=N/A, Target Username=USER_0004, Event ID=4674, HostId=N/A, ProgramName=N/A, HostVersion=N/A, sysmon-user=USER_0004, Command=N/A, Machine Identifier=HOST_0003, ScriptName=N/A, Object Type=-, Target Account Security ID=S-1-5-21-0002, Device Name=HOST_0003, Access Mask=N/A}",false,MAC_0001,MAC_0002,[REDACTED_DUPLICATE_PAYLOAD],3,18223,0,12,false,0:0:0:0:0:0:0:0,N/A,0,N/A,8052,<13>Jul 24 08:58:49 10.0.0.2.new AgentDevice=WindowsLog	AgentLogFile=Security	PluginVersion=7.3.1.28	Source=Microsoft-Windows-Security-Auditing	Computer=cds-upgrade	OriginatingComputer=cds-upgrade	User=	Domain=	EventID=4674	EventIDCode=4674	EventType=8	EventCategory=13056	RecordNumber=13419268	TimeGenerated=1784858327	TimeWritten=1784858327	Level=Log Always	Keywords=Audit Success	Task=SE_ADT_PRIVILEGEUSE_SENSITIVE	Opcode=Info	Message=An operation was attempted on a privileged object.  Subject:  Security ID:  DOMAIN_0002.LOCAL\USER_0005  Account Name: USER_0005  Account Domain: DOMAIN_0002.LOCAL  Logon ID:  0xECE3E7AA8  Object:  Object Server: Security  Object Type: -  Object Name: -  Object Handle: 0xecc  Process Information:  Process ID: 0x174c  Process Name: C:\Windows\System32\wbem\WmiPrvSE.exe  Requested Operation:  Desired Access: 17760319  Privileges:  SeSecurityPrivilege ,Information,N/A,1,0,unknown,N/A,Success Audit: An operation was attempted on a privileged object,unknown,0,null,1784858327000,255,0,false,0,"true""""",Success Audit,HOST_0004,Success Audit: An operation was attempted on a privileged object.,0,1784858332440,No Offense,255,HOST_0005 @ 10.0.0.2,false,3,false,N/A,10.0.0.2,false,1784858332440,5,NETWORK_0002,35,4674,0,2,-1,HOST_0004,[REDACTED_DUPLICATE_PAYLOAD],USER_0005,5000860,false,null,N/A,"08:58:52, 24 thg 7, 2026","08:58:47, 24 thg 7, 2026",MAC_0002,HOST_0006,439,0,false,10.0.0.2,0,N/A,10.0.0.3,13,"08:58:52, 24 thg 7, 2026",0:0:0:0:0:0:0:0,N/A,null,"100221,100265,109237,109187,156193,100272,134937,166353"
N/A,false,0,0,USER_0004,HOST_0002,"{sysmon-eventid=4674, Description=N/A, Message=N/A, Pipe Name=N/A, sysmon-processid=N/A, channel=Security, Logon Account Domain=DOMAIN_0001.LOCAL, Object Name=N/A, Target Details=N/A, Account Name=USER_0005, Logon Type=N/A, Target User Domain=DOMAIN_0001.LOCAL, PipelineId=N/A, Account Security ID=S-1-5-21-0001, Share Name=N/A, Authentication Package=N/A, sysmon-processguid=N/A, Logon Account Name=USER_0004, Realm=DOMAIN_0001.LOCAL, EventIDCode=4674, HostApplication=N/A, Account ID=S-1-5-21-0002, EngineVersion=N/A, Process Path=N/A, Status Code=N/A, RunspaceId=N/A, User Domain=DOMAIN_0002.LOCAL, Key Length=N/A, Target Username=USER_0004, Event ID=4674, HostId=N/A, ProgramName=N/A, HostVersion=N/A, sysmon-user=USER_0004, Command=N/A, Machine Identifier=HOST_0003, ScriptName=N/A, Object Type=Key, Target Account Security ID=S-1-5-21-0002, Device Name=HOST_0003, Access Mask=N/A}",false,MAC_0001,MAC_0002,[REDACTED_DUPLICATE_PAYLOAD],3,18223,0,12,false,0:0:0:0:0:0:0:0,N/A,0,N/A,8052,<13>Jul 24 08:58:43 10.0.0.2.new AgentDevice=WindowsLog	AgentLogFile=Security	PluginVersion=7.3.1.28	Source=Microsoft-Windows-Security-Auditing	Computer=cds-upgrade	OriginatingComputer=cds-upgrade	User=	Domain=	EventID=4674	EventIDCode=4674	EventType=8	EventCategory=13056	RecordNumber=13419253	TimeGenerated=1784858321	TimeWritten=1784858321	Level=Log Always	Keywords=Audit Success	Task=SE_ADT_PRIVILEGEUSE_SENSITIVE	Opcode=Info	Message=An operation was attempted on a privileged object.  Subject:  Security ID:  DOMAIN_0002.LOCAL\USER_0005  Account Name: USER_0005  Account Domain: DOMAIN_0002.LOCAL  Logon ID:  0xECE3E7AA8  Object:  Object Server: Security  Object Type: Key  Object Name: \REGISTRY\MACHINE\SOFTWARE\Microsoft\Windows NT\CurrentVersion\Perflib  Object Handle: 0x13b8  Process Information:  Process ID: 0x174c  Process Name: C:\Windows\System32\wbem\WmiPrvSE.exe  Requested Operation:  Desired Access: DELETE     READ_CONTROL     WRITE_DAC     WRITE_OWNER     ACCESS_SYS_SEC     Query key value     Set key value     Create sub-key     Enumerate sub-keys     Notify about changes to keys     Create Link       Privileges:  SeSecurityPrivilege ,Information,N/A,1,0,unknown,N/A,Success Audit: An operation was attempted on a privileged object,unknown,0,null,1784858321000,255,0,false,0,"true""""",Success Audit,HOST_0004,Success Audit: An operation was attempted on a privileged object.,0,1784858332440,No Offense,255,HOST_0005 @ 10.0.0.2,false,3,false,N/A,10.0.0.2,false,1784858332440,5,NETWORK_0002,35,4674,0,2,-1,HOST_0004,[REDACTED_DUPLICATE_PAYLOAD],USER_0005,5000860,false,null,N/A,"08:58:52, 24 thg 7, 2026","08:58:41, 24 thg 7, 2026",MAC_0002,HOST_0006,439,0,false,10.0.0.2,0,N/A,10.0.0.3,1,"08:58:52, 24 thg 7, 2026",0:0:0:0:0:0:0:0,N/A,null,"100221,100265,109237,109187,156193,100272,134937,166353"
N/A,false,0,0,USER_0004,HOST_0002,"{sysmon-eventid=4674, Description=N/A, Message=N/A, Pipe Name=N/A, sysmon-processid=N/A, channel=Security, Logon Account Domain=DOMAIN_0001.LOCAL, Object Name=N/A, Target Details=N/A, Account Name=USER_0005, Logon Type=N/A, Target User Domain=DOMAIN_0001.LOCAL, PipelineId=N/A, Account Security ID=S-1-5-21-0001, Share Name=N/A, Authentication Package=N/A, sysmon-processguid=N/A, Logon Account Name=USER_0004, Realm=DOMAIN_0001.LOCAL, EventIDCode=4674, HostApplication=N/A, Account ID=S-1-5-21-0002, EngineVersion=N/A, Process Path=N/A, Status Code=N/A, RunspaceId=N/A, User Domain=DOMAIN_0002.LOCAL, Key Length=N/A, Target Username=USER_0004, Event ID=4674, HostId=N/A, ProgramName=N/A, HostVersion=N/A, sysmon-user=USER_0004, Command=N/A, Machine Identifier=HOST_0003, ScriptName=N/A, Object Type=-, Target Account Security ID=S-1-5-21-0002, Device Name=HOST_0003, Access Mask=N/A}",false,MAC_0001,MAC_0002,[REDACTED_DUPLICATE_PAYLOAD],3,18223,0,12,false,0:0:0:0:0:0:0:0,N/A,0,N/A,8052,<13>Jul 24 08:58:43 10.0.0.2.new AgentDevice=WindowsLog	AgentLogFile=Security	PluginVersion=7.3.1.28	Source=Microsoft-Windows-Security-Auditing	Computer=cds-upgrade	OriginatingComputer=cds-upgrade	User=	Domain=	EventID=4674	EventIDCode=4674	EventType=8	EventCategory=13056	RecordNumber=13419252	TimeGenerated=1784858320	TimeWritten=1784858320	Level=Log Always	Keywords=Audit Success	Task=SE_ADT_PRIVILEGEUSE_SENSITIVE	Opcode=Info	Message=An operation was attempted on a privileged object.  Subject:  Security ID:  DOMAIN_0002.LOCAL\USER_0005  Account Name: USER_0005  Account Domain: DOMAIN_0002.LOCAL  Logon ID:  0xECE3E7AA8  Object:  Object Server: Security  Object Type: -  Object Name: -  Object Handle: 0xc4c  Process Information:  Process ID: 0x174c  Process Name: C:\Windows\System32\wbem\WmiPrvSE.exe  Requested Operation:  Desired Access: 17760319  Privileges:  SeSecurityPrivilege ,Information,N/A,1,0,unknown,N/A,Success Audit: An operation was attempted on a privileged object,unknown,0,null,1784858320000,255,0,false,0,"true""""",Success Audit,HOST_0004,Success Audit: An operation was attempted on a privileged object.,0,1784858332440,No Offense,255,HOST_0005 @ 10.0.0.2,false,3,false,N/A,10.0.0.2,false,1784858332440,5,NETWORK_0002,35,4674,0,2,-1,HOST_0004,[REDACTED_DUPLICATE_PAYLOAD],USER_0005,5000860,false,null,N/A,"08:58:52, 24 thg 7, 2026","08:58:40, 24 thg 7, 2026",MAC_0002,HOST_0006,439,0,false,10.0.0.2,0,N/A,10.0.0.3,1,"08:58:52, 24 thg 7, 2026",0:0:0:0:0:0:0:0,N/A,null,"100221,100265,109237,109187,156193,100272,134937,166353"
N/A,false,0,0,USER_0004,HOST_0002,"{sysmon-eventid=4674, Description=N/A, Message=N/A, Pipe Name=N/A, sysmon-processid=N/A, channel=Security, Logon Account Domain=DOMAIN_0001.LOCAL, Object Name=N/A, Target Details=N/A, Account Name=USER_0005, Logon Type=N/A, Target User Domain=DOMAIN_0001.LOCAL, PipelineId=N/A, Account Security ID=S-1-5-21-0001, Share Name=N/A, Authentication Package=N/A, sysmon-processguid=N/A, Logon Account Name=USER_0004, Realm=DOMAIN_0001.LOCAL, EventIDCode=4674, HostApplication=N/A, Account ID=S-1-5-21-0002, EngineVersion=N/A, Process Path=N/A, Status Code=N/A, RunspaceId=N/A, User Domain=DOMAIN_0002.LOCAL, Key Length=N/A, Target Username=USER_0004, Event ID=4674, HostId=N/A, ProgramName=N/A, HostVersion=N/A, sysmon-user=USER_0004, Command=N/A, Machine Identifier=HOST_0003, ScriptName=N/A, Object Type=Key, Target Account Security ID=S-1-5-21-0002, Device Name=HOST_0003, Access Mask=N/A}",false,MAC_0001,MAC_0002,[REDACTED_DUPLICATE_PAYLOAD],3,18223,0,12,false,0:0:0:0:0:0:0:0,N/A,0,N/A,8052,<13>Jul 24 08:58:43 10.0.0.2.new AgentDevice=WindowsLog	AgentLogFile=Security	PluginVersion=7.3.1.28	Source=Microsoft-Windows-Security-Auditing	Computer=cds-upgrade	OriginatingComputer=cds-upgrade	User=	Domain=	EventID=4674	EventIDCode=4674	EventType=8	EventCategory=13056	RecordNumber=13419251	TimeGenerated=1784858320	TimeWritten=1784858320	Level=Log Always	Keywords=Audit Success	Task=SE_ADT_PRIVILEGEUSE_SENSITIVE	Opcode=Info	Message=An operation was attempted on a privileged object.  Subject:  Security ID:  DOMAIN_0002.LOCAL\USER_0005  Account Name: USER_0005  Account Domain: DOMAIN_0002.LOCAL  Logon ID:  0xECE3E7AA8  Object:  Object Server: Security  Object Type: Key  Object Name: \REGISTRY\MACHINE\SOFTWARE\Microsoft\Windows NT\CurrentVersion\Perflib  Object Handle: 0xc4c  Process Information:  Process ID: 0x174c  Process Name: C:\Windows\System32\wbem\WmiPrvSE.exe  Requested Operation:  Desired Access: DELETE     READ_CONTROL     WRITE_DAC     WRITE_OWNER     ACCESS_SYS_SEC     Query key value     Set key value     Create sub-key     Enumerate sub-keys     Notify about changes to keys     Create Link       Privileges:  SeSecurityPrivilege ,Information,N/A,1,0,unknown,N/A,Success Audit: An operation was attempted on a privileged object,unknown,0,null,1784858320000,255,0,false,0,"true""""",Success Audit,HOST_0004,Success Audit: An operation was attempted on a privileged object.,0,1784858332440,No Offense,255,HOST_0005 @ 10.0.0.2,false,3,false,N/A,10.0.0.2,false,1784858332440,5,NETWORK_0002,35,4674,0,2,-1,HOST_0004,[REDACTED_DUPLICATE_PAYLOAD],USER_0005,5000860,false,null,N/A,"08:58:52, 24 thg 7, 2026","08:58:40, 24 thg 7, 2026",MAC_0002,HOST_0006,439,0,false,10.0.0.2,0,N/A,10.0.0.3,1,"08:58:52, 24 thg 7, 2026",0:0:0:0:0:0:0:0,N/A,null,"100221,100265,109237,109187,156193,100272,134937,166353"
N/A,false,0,0,USER_0004,HOST_0002,"{sysmon-eventid=4674, Description=N/A, Message=N/A, Pipe Name=N/A, sysmon-processid=N/A, channel=Security, Logon Account Domain=DOMAIN_0001.LOCAL, Object Name=N/A, Target Details=N/A, Account Name=USER_0005, Logon Type=N/A, Target User Domain=DOMAIN_0001.LOCAL, PipelineId=N/A, Account Security ID=S-1-5-21-0001, Share Name=N/A, Authentication Package=N/A, sysmon-processguid=N/A, Logon Account Name=USER_0004, Realm=DOMAIN_0001.LOCAL, EventIDCode=4674, HostApplication=N/A, Account ID=S-1-5-21-0002, EngineVersion=N/A, Process Path=N/A, Status Code=N/A, RunspaceId=N/A, User Domain=DOMAIN_0002.LOCAL, Key Length=N/A, Target Username=USER_0004, Event ID=4674, HostId=N/A, ProgramName=N/A, HostVersion=N/A, sysmon-user=USER_0004, Command=N/A, Machine Identifier=HOST_0003, ScriptName=N/A, Object Type=-, Target Account Security ID=S-1-5-21-0002, Device Name=HOST_0003, Access Mask=N/A}",false,MAC_0001,MAC_0002,[REDACTED_DUPLICATE_PAYLOAD],3,18223,0,12,false,0:0:0:0:0:0:0:0,N/A,0,N/A,8052,<13>Jul 24 08:58:40 10.0.0.2.new AgentDevice=WindowsLog	AgentLogFile=Security	PluginVersion=7.3.1.28	Source=Microsoft-Windows-Security-Auditing	Computer=cds-upgrade	OriginatingComputer=cds-upgrade	User=	Domain=	EventID=4674	EventIDCode=4674	EventType=8	EventCategory=13056	RecordNumber=13419250	TimeGenerated=1784858319	TimeWritten=1784858319	Level=Log Always	Keywords=Audit Success	Task=SE_ADT_PRIVILEGEUSE_SENSITIVE	Opcode=Info	Message=An operation was attempted on a privileged object.  Subject:  Security ID:  DOMAIN_0002.LOCAL\USER_0005  Account Name: USER_0005  Account Domain: DOMAIN_0002.LOCAL  Logon ID:  0xECE3E7AA8  Object:  Object Server: Security  Object Type: -  Object Name: -  Object Handle: 0xd0c  Process Information:  Process ID: 0x174c  Process Name: C:\Windows\System32\wbem\WmiPrvSE.exe  Requested Operation:  Desired Access: 17760319  Privileges:  SeSecurityPrivilege ,Information,N/A,1,0,unknown,N/A,Success Audit: An operation was attempted on a privileged object,unknown,0,null,1784858319000,255,0,false,0,"true""""",Success Audit,HOST_0004,Success Audit: An operation was attempted on a privileged object.,0,1784858322123,No Offense,255,HOST_0005 @ 10.0.0.2,false,3,false,N/A,10.0.0.2,false,1784858322123,5,NETWORK_0002,35,4674,0,2,-1,HOST_0004,[REDACTED_DUPLICATE_PAYLOAD],USER_0005,5000860,false,null,N/A,"08:58:42, 24 thg 7, 2026","08:58:39, 24 thg 7, 2026",MAC_0002,HOST_0006,439,0,false,10.0.0.2,0,N/A,10.0.0.3,5,"08:58:42, 24 thg 7, 2026",0:0:0:0:0:0:0:0,N/A,null,"100221,100265,109237,109187,156193,100272,134937,166353"
N/A,false,0,0,USER_0004,HOST_0002,"{sysmon-eventid=4674, Description=N/A, Message=N/A, Pipe Name=N/A, sysmon-processid=N/A, channel=Security, Logon Account Domain=DOMAIN_0001.LOCAL, Object Name=N/A, Target Details=N/A, Account Name=USER_0005, Logon Type=N/A, Target User Domain=DOMAIN_0001.LOCAL, PipelineId=N/A, Account Security ID=S-1-5-21-0001, Share Name=N/A, Authentication Package=N/A, sysmon-processguid=N/A, Logon Account Name=USER_0004, Realm=DOMAIN_0001.LOCAL, EventIDCode=4674, HostApplication=N/A, Account ID=S-1-5-21-0002, EngineVersion=N/A, Process Path=N/A, Status Code=N/A, RunspaceId=N/A, User Domain=DOMAIN_0002.LOCAL, Key Length=N/A, Target Username=USER_0004, Event ID=4674, HostId=N/A, ProgramName=N/A, HostVersion=N/A, sysmon-user=USER_0004, Command=N/A, Machine Identifier=HOST_0003, ScriptName=N/A, Object Type=-, Target Account Security ID=S-1-5-21-0002, Device Name=HOST_0003, Access Mask=N/A}",false,MAC_0001,MAC_0002,[REDACTED_DUPLICATE_PAYLOAD],3,18223,0,12,false,0:0:0:0:0:0:0:0,N/A,0,N/A,8052,<13>Jul 24 08:58:40 10.0.0.2.new AgentDevice=WindowsLog	AgentLogFile=Security	PluginVersion=7.3.1.28	Source=Microsoft-Windows-Security-Auditing	Computer=cds-upgrade	OriginatingComputer=cds-upgrade	User=	Domain=	EventID=4674	EventIDCode=4674	EventType=8	EventCategory=13056	RecordNumber=13419243	TimeGenerated=1784858317	TimeWritten=1784858317	Level=Log Always	Keywords=Audit Success	Task=SE_ADT_PRIVILEGEUSE_SENSITIVE	Opcode=Info	Message=An operation was attempted on a privileged object.  Subject:  Security ID:  DOMAIN_0002.LOCAL\USER_0005  Account Name: USER_0005  Account Domain: DOMAIN_0002.LOCAL  Logon ID:  0xECE3E7AA8  Object:  Object Server: Security  Object Type: -  Object Name: -  Object Handle: 0x1238  Process Information:  Process ID: 0x174c  Process Name: C:\Windows\System32\wbem\WmiPrvSE.exe  Requested Operation:  Desired Access: 17760319  Privileges:  SeSecurityPrivilege ,Information,N/A,1,0,unknown,N/A,Success Audit: An operation was attempted on a privileged object,unknown,0,null,1784858317000,255,0,false,0,"true""""",Success Audit,HOST_0004,Success Audit: An operation was attempted on a privileged object.,0,1784858322123,No Offense,255,HOST_0005 @ 10.0.0.2,false,3,false,N/A,10.0.0.2,false,1784858322123,5,NETWORK_0002,35,4674,0,2,-1,HOST_0004,[REDACTED_DUPLICATE_PAYLOAD],USER_0005,5000860,false,null,N/A,"08:58:42, 24 thg 7, 2026","08:58:37, 24 thg 7, 2026",MAC_0002,HOST_0006,439,0,false,10.0.0.2,0,N/A,10.0.0.3,1,"08:58:42, 24 thg 7, 2026",0:0:0:0:0:0:0:0,N/A,null,"100221,100265,109237,109187,156193,100272,134937,166353"
N/A,false,0,0,USER_0004,HOST_0002,"{sysmon-eventid=4674, Description=N/A, Message=N/A, Pipe Name=N/A, sysmon-processid=N/A, channel=Security, Logon Account Domain=DOMAIN_0001.LOCAL, Object Name=N/A, Target Details=N/A, Account Name=USER_0005, Logon Type=N/A, Target User Domain=DOMAIN_0001.LOCAL, PipelineId=N/A, Account Security ID=S-1-5-21-0001, Share Name=N/A, Authentication Package=N/A, sysmon-processguid=N/A, Logon Account Name=USER_0004, Realm=DOMAIN_0001.LOCAL, EventIDCode=4674, HostApplication=N/A, Account ID=S-1-5-21-0002, EngineVersion=N/A, Process Path=N/A, Status Code=N/A, RunspaceId=N/A, User Domain=DOMAIN_0002.LOCAL, Key Length=N/A, Target Username=USER_0004, Event ID=4674, HostId=N/A, ProgramName=N/A, HostVersion=N/A, sysmon-user=USER_0004, Command=N/A, Machine Identifier=HOST_0003, ScriptName=N/A, Object Type=-, Target Account Security ID=S-1-5-21-0002, Device Name=HOST_0003, Access Mask=N/A}",false,MAC_0001,MAC_0002,[REDACTED_DUPLICATE_PAYLOAD],3,18223,0,12,false,0:0:0:0:0:0:0:0,N/A,0,N/A,8052,<13>Jul 24 08:58:37 10.0.0.2.new AgentDevice=WindowsLog	AgentLogFile=Security	PluginVersion=7.3.1.28	Source=Microsoft-Windows-Security-Auditing	Computer=cds-upgrade	OriginatingComputer=cds-upgrade	User=	Domain=	EventID=4674	EventIDCode=4674	EventType=8	EventCategory=13056	RecordNumber=13419241	TimeGenerated=1784858316	TimeWritten=1784858316	Level=Log Always	Keywords=Audit Success	Task=SE_ADT_PRIVILEGEUSE_SENSITIVE	Opcode=Info	Message=An operation was attempted on a privileged object.  Subject:  Security ID:  DOMAIN_0002.LOCAL\USER_0005  Account Name: USER_0005  Account Domain: DOMAIN_0002.LOCAL  Logon ID:  0xECE3E7AA8  Object:  Object Server: Security  Object Type: -  Object Name: -  Object Handle: 0x1238  Process Information:  Process ID: 0x174c  Process Name: C:\Windows\System32\wbem\WmiPrvSE.exe  Requested Operation:  Desired Access: 17760319  Privileges:  SeSecurityPrivilege ,Information,N/A,1,0,unknown,N/A,Success Audit: An operation was attempted on a privileged object,unknown,0,null,1784858316000,255,0,false,0,"true""""",Success Audit,HOST_0004,Success Audit: An operation was attempted on a privileged object.,0,1784858322111,No Offense,255,HOST_0005 @ 10.0.0.2,false,3,false,N/A,10.0.0.2,false,1784858322111,5,NETWORK_0002,35,4674,0,2,-1,HOST_0004,[REDACTED_DUPLICATE_PAYLOAD],USER_0005,5000860,false,null,N/A,"08:58:42, 24 thg 7, 2026","08:58:36, 24 thg 7, 2026",MAC_0002,HOST_0006,439,0,false,10.0.0.2,0,N/A,10.0.0.3,1,"08:58:42, 24 thg 7, 2026",0:0:0:0:0:0:0:0,N/A,null,"100221,100265,109237,109187,156193,100272,134937,166353"
N/A,false,0,0,USER_0004,HOST_0002,"{sysmon-eventid=4674, Description=N/A, Message=N/A, Pipe Name=N/A, sysmon-processid=N/A, channel=Security, Logon Account Domain=DOMAIN_0001.LOCAL, Object Name=N/A, Target Details=N/A, Account Name=USER_0005, Logon Type=N/A, Target User Domain=DOMAIN_0001.LOCAL, PipelineId=N/A, Account Security ID=S-1-5-21-0001, Share Name=N/A, Authentication Package=N/A, sysmon-processguid=N/A, Logon Account Name=USER_0004, Realm=DOMAIN_0001.LOCAL, EventIDCode=4674, HostApplication=N/A, Account ID=S-1-5-21-0002, EngineVersion=N/A, Process Path=N/A, Status Code=N/A, RunspaceId=N/A, User Domain=DOMAIN_0002.LOCAL, Key Length=N/A, Target Username=USER_0004, Event ID=4674, HostId=N/A, ProgramName=N/A, HostVersion=N/A, sysmon-user=USER_0004, Command=N/A, Machine Identifier=HOST_0003, ScriptName=N/A, Object Type=Key, Target Account Security ID=S-1-5-21-0002, Device Name=HOST_0003, Access Mask=N/A}",false,MAC_0001,MAC_0002,[REDACTED_DUPLICATE_PAYLOAD],3,18223,0,12,false,0:0:0:0:0:0:0:0,N/A,0,N/A,8052,<13>Jul 24 08:58:37 10.0.0.2.new AgentDevice=WindowsLog	AgentLogFile=Security	PluginVersion=7.3.1.28	Source=Microsoft-Windows-Security-Auditing	Computer=cds-upgrade	OriginatingComputer=cds-upgrade	User=	Domain=	EventID=4674	EventIDCode=4674	EventType=8	EventCategory=13056	RecordNumber=13419240	TimeGenerated=1784858316	TimeWritten=1784858316	Level=Log Always	Keywords=Audit Success	Task=SE_ADT_PRIVILEGEUSE_SENSITIVE	Opcode=Info	Message=An operation was attempted on a privileged object.  Subject:  Security ID:  DOMAIN_0002.LOCAL\USER_0005  Account Name: USER_0005  Account Domain: DOMAIN_0002.LOCAL  Logon ID:  0xECE3E7AA8  Object:  Object Server: Security  Object Type: Key  Object Name: \REGISTRY\MACHINE\SOFTWARE\Microsoft\Windows NT\CurrentVersion\Perflib  Object Handle: 0x1238  Process Information:  Process ID: 0x174c  Process Name: C:\Windows\System32\wbem\WmiPrvSE.exe  Requested Operation:  Desired Access: DELETE     READ_CONTROL     WRITE_DAC     WRITE_OWNER     ACCESS_SYS_SEC     Query key value     Set key value     Create sub-key     Enumerate sub-keys     Notify about changes to keys     Create Link       Privileges:  SeSecurityPrivilege ,Information,N/A,1,0,unknown,N/A,Success Audit: An operation was attempted on a privileged object,unknown,0,null,1784858316000,255,0,false,0,"true""""",Success Audit,HOST_0004,Success Audit: An operation was attempted on a privileged object.,0,1784858322111,No Offense,255,HOST_0005 @ 10.0.0.2,false,3,false,N/A,10.0.0.2,false,1784858322111,5,NETWORK_0002,35,4674,0,2,-1,HOST_0004,[REDACTED_DUPLICATE_PAYLOAD],USER_0005,5000860,false,null,N/A,"08:58:42, 24 thg 7, 2026","08:58:36, 24 thg 7, 2026",MAC_0002,HOST_0006,439,0,false,10.0.0.2,0,N/A,10.0.0.3,1,"08:58:42, 24 thg 7, 2026",0:0:0:0:0:0:0:0,N/A,null,"100221,100265,109237,109187,156193,100272,134937,166353"
N/A,false,0,0,USER_0004,HOST_0002,"{sysmon-eventid=4674, Description=N/A, Message=N/A, Pipe Name=N/A, sysmon-processid=N/A, channel=Security, Logon Account Domain=DOMAIN_0001.LOCAL, Object Name=N/A, Target Details=N/A, Account Name=USER_0005, Logon Type=N/A, Target User Domain=DOMAIN_0001.LOCAL, PipelineId=N/A, Account Security ID=S-1-5-21-0001, Share Name=N/A, Authentication Package=N/A, sysmon-processguid=N/A, Logon Account Name=USER_0004, Realm=DOMAIN_0001.LOCAL, EventIDCode=4674, HostApplication=N/A, Account ID=S-1-5-21-0002, EngineVersion=N/A, Process Path=N/A, Status Code=N/A, RunspaceId=N/A, User Domain=DOMAIN_0002.LOCAL, Key Length=N/A, Target Username=USER_0004, Event ID=4674, HostId=N/A, ProgramName=N/A, HostVersion=N/A, sysmon-user=USER_0004, Command=N/A, Machine Identifier=HOST_0003, ScriptName=N/A, Object Type=Key, Target Account Security ID=S-1-5-21-0002, Device Name=HOST_0003, Access Mask=N/A}",false,MAC_0001,MAC_0002,[REDACTED_DUPLICATE_PAYLOAD],3,18223,0,12,false,0:0:0:0:0:0:0:0,N/A,0,N/A,8052,<13>Jul 24 08:48:49 10.0.0.2.new AgentDevice=WindowsLog	AgentLogFile=Security	PluginVersion=7.3.1.28	Source=Microsoft-Windows-Security-Auditing	Computer=cds-upgrade	OriginatingComputer=cds-upgrade	User=	Domain=	EventID=4674	EventIDCode=4674	EventType=8	EventCategory=13056	RecordNumber=13418955	TimeGenerated=1784857727	TimeWritten=1784857727	Level=Log Always	Keywords=Audit Success	Task=SE_ADT_PRIVILEGEUSE_SENSITIVE	Opcode=Info	Message=An operation was attempted on a privileged object.  Subject:  Security ID:  DOMAIN_0002.LOCAL\USER_0005  Account Name: USER_0005  Account Domain: DOMAIN_0002.LOCAL  Logon ID:  0xECE3E7AA8  Object:  Object Server: Security  Object Type: Key  Object Name: \REGISTRY\MACHINE\SOFTWARE\Microsoft\Windows NT\CurrentVersion\Perflib  Object Handle: 0x1398  Process Information:  Process ID: 0x174c  Process Name: C:\Windows\System32\wbem\WmiPrvSE.exe  Requested Operation:  Desired Access: DELETE     READ_CONTROL     WRITE_DAC     WRITE_OWNER     ACCESS_SYS_SEC     Query key value     Set key value     Create sub-key     Enumerate sub-keys     Notify about changes to keys     Create Link       Privileges:  SeSecurityPrivilege ,Information,N/A,1,0,unknown,N/A,Success Audit: An operation was attempted on a privileged object,unknown,0,null,1784857727000,255,0,false,0,"true""""",Success Audit,HOST_0004,Success Audit: An operation was attempted on a privileged object.,0,1784857733567,No Offense,255,HOST_0005 @ 10.0.0.2,false,3,false,N/A,10.0.0.2,false,1784857733567,5,NETWORK_0002,35,4674,0,2,-1,HOST_0004,[REDACTED_DUPLICATE_PAYLOAD],USER_0005,5000860,false,null,N/A,"08:48:53, 24 thg 7, 2026","08:48:47, 24 thg 7, 2026",MAC_0002,HOST_0006,439,0,false,10.0.0.2,0,N/A,10.0.0.3,15,"08:48:53, 24 thg 7, 2026",0:0:0:0:0:0:0:0,N/A,null,"100221,100265,109237,109187,156193,100272,134937,166353"
N/A,false,0,0,USER_0004,HOST_0002,"{sysmon-eventid=4674, Description=N/A, Message=N/A, Pipe Name=N/A, sysmon-processid=N/A, channel=Security, Logon Account Domain=DOMAIN_0001.LOCAL, Object Name=N/A, Target Details=N/A, Account Name=USER_0005, Logon Type=N/A, Target User Domain=DOMAIN_0001.LOCAL, PipelineId=N/A, Account Security ID=S-1-5-21-0001, Share Name=N/A, Authentication Package=N/A, sysmon-processguid=N/A, Logon Account Name=USER_0004, Realm=DOMAIN_0001.LOCAL, EventIDCode=4674, HostApplication=N/A, Account ID=S-1-5-21-0002, EngineVersion=N/A, Process Path=N/A, Status Code=N/A, RunspaceId=N/A, User Domain=DOMAIN_0002.LOCAL, Key Length=N/A, Target Username=USER_0004, Event ID=4674, HostId=N/A, ProgramName=N/A, HostVersion=N/A, sysmon-user=USER_0004, Command=N/A, Machine Identifier=HOST_0003, ScriptName=N/A, Object Type=-, Target Account Security ID=S-1-5-21-0002, Device Name=HOST_0003, Access Mask=N/A}",false,MAC_0001,MAC_0002,[REDACTED_DUPLICATE_PAYLOAD],3,18223,0,12,false,0:0:0:0:0:0:0:0,N/A,0,N/A,8052,<13>Jul 24 08:48:43 10.0.0.2.new AgentDevice=WindowsLog	AgentLogFile=Security	PluginVersion=7.3.1.28	Source=Microsoft-Windows-Security-Auditing	Computer=cds-upgrade	OriginatingComputer=cds-upgrade	User=	Domain=	EventID=4674	EventIDCode=4674	EventType=8	EventCategory=13056	RecordNumber=13418941	TimeGenerated=1784857721	TimeWritten=1784857721	Level=Log Always	Keywords=Audit Success	Task=SE_ADT_PRIVILEGEUSE_SENSITIVE	Opcode=Info	Message=An operation was attempted on a privileged object.  Subject:  Security ID:  DOMAIN_0002.LOCAL\USER_0005  Account Name: USER_0005  Account Domain: DOMAIN_0002.LOCAL  Logon ID:  0xECE3E7AA8  Object:  Object Server: Security  Object Type: -  Object Name: -  Object Handle: 0x578  Process Information:  Process ID: 0x174c  Process Name: C:\Windows\System32\wbem\WmiPrvSE.exe  Requested Operation:  Desired Access: 17760319  Privileges:  SeSecurityPrivilege ,Information,N/A,1,0,unknown,N/A,Success Audit: An operation was attempted on a privileged object,unknown,0,null,1784857721000,255,0,false,0,"true""""",Success Audit,HOST_0004,Success Audit: An operation was attempted on a privileged object.,0,1784857733567,No Offense,255,HOST_0005 @ 10.0.0.2,false,3,false,N/A,10.0.0.2,false,1784857733567,5,NETWORK_0002,35,4674,0,2,-1,HOST_0004,[REDACTED_DUPLICATE_PAYLOAD],USER_0005,5000860,false,null,N/A,"08:48:53, 24 thg 7, 2026","08:48:41, 24 thg 7, 2026",MAC_0002,HOST_0006,439,0,false,10.0.0.2,0,N/A,10.0.0.3,1,"08:48:53, 24 thg 7, 2026",0:0:0:0:0:0:0:0,N/A,null,"100221,100265,109237,109187,156193,100272,134937,166353"
N/A,false,0,0,USER_0004,HOST_0002,"{sysmon-eventid=4674, Description=N/A, Message=N/A, Pipe Name=N/A, sysmon-processid=N/A, channel=Security, Logon Account Domain=DOMAIN_0001.LOCAL, Object Name=N/A, Target Details=N/A, Account Name=USER_0005, Logon Type=N/A, Target User Domain=DOMAIN_0001.LOCAL, PipelineId=N/A, Account Security ID=S-1-5-21-0001, Share Name=N/A, Authentication Package=N/A, sysmon-processguid=N/A, Logon Account Name=USER_0004, Realm=DOMAIN_0001.LOCAL, EventIDCode=4674, HostApplication=N/A, Account ID=S-1-5-21-0002, EngineVersion=N/A, Process Path=N/A, Status Code=N/A, RunspaceId=N/A, User Domain=DOMAIN_0002.LOCAL, Key Length=N/A, Target Username=USER_0004, Event ID=4674, HostId=N/A, ProgramName=N/A, HostVersion=N/A, sysmon-user=USER_0004, Command=N/A, Machine Identifier=HOST_0003, ScriptName=N/A, Object Type=-, Target Account Security ID=S-1-5-21-0002, Device Name=HOST_0003, Access Mask=N/A}",false,MAC_0001,MAC_0002,[REDACTED_DUPLICATE_PAYLOAD],3,18223,0,12,false,0:0:0:0:0:0:0:0,N/A,0,N/A,8052,<13>Jul 24 08:48:43 10.0.0.2.new AgentDevice=WindowsLog	AgentLogFile=Security	PluginVersion=7.3.1.28	Source=Microsoft-Windows-Security-Auditing	Computer=cds-upgrade	OriginatingComputer=cds-upgrade	User=	Domain=	EventID=4674	EventIDCode=4674	EventType=8	EventCategory=13056	RecordNumber=13418936	TimeGenerated=1784857719	TimeWritten=1784857719	Level=Log Always	Keywords=Audit Success	Task=SE_ADT_PRIVILEGEUSE_SENSITIVE	Opcode=Info	Message=An operation was attempted on a privileged object.  Subject:  Security ID:  DOMAIN_0002.LOCAL\USER_0005  Account Name: USER_0005  Account Domain: DOMAIN_0002.LOCAL  Logon ID:  0xECE3E7AA8  Object:  Object Server: Security  Object Type: -  Object Name: -  Object Handle: 0xd24  Process Information:  Process ID: 0x174c  Process Name: C:\Windows\System32\wbem\WmiPrvSE.exe  Requested Operation:  Desired Access: 17760319  Privileges:  SeSecurityPrivilege ,Information,N/A,1,0,unknown,N/A,Success Audit: An operation was attempted on a privileged object,unknown,0,null,1784857719000,255,0,false,0,"true""""",Success Audit,HOST_0004,Success Audit: An operation was attempted on a privileged object.,0,1784857733567,No Offense,255,HOST_0005 @ 10.0.0.2,false,3,false,N/A,10.0.0.2,false,1784857733567,5,NETWORK_0002,35,4674,0,2,-1,HOST_0004,[REDACTED_DUPLICATE_PAYLOAD],USER_0005,5000860,false,null,N/A,"08:48:53, 24 thg 7, 2026","08:48:39, 24 thg 7, 2026",MAC_0002,HOST_0006,439,0,false,10.0.0.2,0,N/A,10.0.0.3,1,"08:48:53, 24 thg 7, 2026",0:0:0:0:0:0:0:0,N/A,null,"100221,100265,109237,109187,156193,100272,134937,166353"
N/A,false,0,0,USER_0004,HOST_0002,"{sysmon-eventid=4674, Description=N/A, Message=N/A, Pipe Name=N/A, sysmon-processid=N/A, channel=Security, Logon Account Domain=DOMAIN_0001.LOCAL, Object Name=N/A, Target Details=N/A, Account Name=USER_0005, Logon Type=N/A, Target User Domain=DOMAIN_0001.LOCAL, PipelineId=N/A, Account Security ID=S-1-5-21-0001, Share Name=N/A, Authentication Package=N/A, sysmon-processguid=N/A, Logon Account Name=USER_0004, Realm=DOMAIN_0001.LOCAL, EventIDCode=4674, HostApplication=N/A, Account ID=S-1-5-21-0002, EngineVersion=N/A, Process Path=N/A, Status Code=N/A, RunspaceId=N/A, User Domain=DOMAIN_0002.LOCAL, Key Length=N/A, Target Username=USER_0004, Event ID=4674, HostId=N/A, ProgramName=N/A, HostVersion=N/A, sysmon-user=USER_0004, Command=N/A, Machine Identifier=HOST_0003, ScriptName=N/A, Object Type=Key, Target Account Security ID=S-1-5-21-0002, Device Name=HOST_0003, Access Mask=N/A}",false,MAC_0001,MAC_0002,[REDACTED_DUPLICATE_PAYLOAD],3,18223,0,12,false,0:0:0:0:0:0:0:0,N/A,0,N/A,8052,<13>Jul 24 08:48:43 10.0.0.2.new AgentDevice=WindowsLog	AgentLogFile=Security	PluginVersion=7.3.1.28	Source=Microsoft-Windows-Security-Auditing	Computer=cds-upgrade	OriginatingComputer=cds-upgrade	User=	Domain=	EventID=4674	EventIDCode=4674	EventType=8	EventCategory=13056	RecordNumber=13418935	TimeGenerated=1784857719	TimeWritten=1784857719	Level=Log Always	Keywords=Audit Success	Task=SE_ADT_PRIVILEGEUSE_SENSITIVE	Opcode=Info	Message=An operation was attempted on a privileged object.  Subject:  Security ID:  DOMAIN_0002.LOCAL\USER_0005  Account Name: USER_0005  Account Domain: DOMAIN_0002.LOCAL  Logon ID:  0xECE3E7AA8  Object:  Object Server: Security  Object Type: Key  Object Name: \REGISTRY\MACHINE\SOFTWARE\Microsoft\Windows NT\CurrentVersion\Perflib  Object Handle: 0xd24  Process Information:  Process ID: 0x174c  Process Name: C:\Windows\System32\wbem\WmiPrvSE.exe  Requested Operation:  Desired Access: DELETE     READ_CONTROL     WRITE_DAC     WRITE_OWNER     ACCESS_SYS_SEC     Query key value     Set key value     Create sub-key     Enumerate sub-keys     Notify about changes to keys     Create Link       Privileges:  SeSecurityPrivilege ,Information,N/A,1,0,unknown,N/A,Success Audit: An operation was attempted on a privileged object,unknown,0,null,1784857719000,255,0,false,0,"true""""",Success Audit,HOST_0004,Success Audit: An operation was attempted on a privileged object.,0,1784857733567,No Offense,255,HOST_0005 @ 10.0.0.2,false,3,false,N/A,10.0.0.2,false,1784857733567,5,NETWORK_0002,35,4674,0,2,-1,HOST_0004,[REDACTED_DUPLICATE_PAYLOAD],USER_0005,5000860,false,null,N/A,"08:48:53, 24 thg 7, 2026","08:48:39, 24 thg 7, 2026",MAC_0002,HOST_0006,439,0,false,10.0.0.2,0,N/A,10.0.0.3,1,"08:48:53, 24 thg 7, 2026",0:0:0:0:0:0:0:0,N/A,null,"100221,100265,109237,109187,156193,100272,134937,166353"
N/A,false,0,0,USER_0004,HOST_0002,"{sysmon-eventid=4674, Description=N/A, Message=N/A, Pipe Name=N/A, sysmon-processid=N/A, channel=Security, Logon Account Domain=DOMAIN_0001.LOCAL, Object Name=N/A, Target Details=N/A, Account Name=USER_0005, Logon Type=N/A, Target User Domain=DOMAIN_0001.LOCAL, PipelineId=N/A, Account Security ID=S-1-5-21-0001, Share Name=N/A, Authentication Package=N/A, sysmon-processguid=N/A, Logon Account Name=USER_0004, Realm=DOMAIN_0001.LOCAL, EventIDCode=4674, HostApplication=N/A, Account ID=S-1-5-21-0002, EngineVersion=N/A, Process Path=N/A, Status Code=N/A, RunspaceId=N/A, User Domain=DOMAIN_0002.LOCAL, Key Length=N/A, Target Username=USER_0004, Event ID=4674, HostId=N/A, ProgramName=N/A, HostVersion=N/A, sysmon-user=USER_0004, Command=N/A, Machine Identifier=HOST_0003, ScriptName=N/A, Object Type=Key, Target Account Security ID=S-1-5-21-0002, Device Name=HOST_0003, Access Mask=N/A}",false,MAC_0001,MAC_0002,[REDACTED_DUPLICATE_PAYLOAD],3,18223,0,12,false,0:0:0:0:0:0:0:0,N/A,0,N/A,8052,<13>Jul 24 08:48:40 10.0.0.2.new AgentDevice=WindowsLog	AgentLogFile=Security	PluginVersion=7.3.1.28	Source=Microsoft-Windows-Security-Auditing	Computer=cds-upgrade	OriginatingComputer=cds-upgrade	User=	Domain=	EventID=4674	EventIDCode=4674	EventType=8	EventCategory=13056	RecordNumber=13418933	TimeGenerated=1784857718	TimeWritten=1784857718	Level=Log Always	Keywords=Audit Success	Task=SE_ADT_PRIVILEGEUSE_SENSITIVE	Opcode=Info	Message=An operation was attempted on a privileged object.  Subject:  Security ID:  DOMAIN_0002.LOCAL\USER_0005  Account Name: USER_0005  Account Domain: DOMAIN_0002.LOCAL  Logon ID:  0xECE3E7AA8  Object:  Object Server: Security  Object Type: Key  Object Name: \REGISTRY\MACHINE\SOFTWARE\Microsoft\Windows NT\CurrentVersion\Perflib  Object Handle: 0xe8c  Process Information:  Process ID: 0x174c  Process Name: C:\Windows\System32\wbem\WmiPrvSE.exe  Requested Operation:  Desired Access: DELETE     READ_CONTROL     WRITE_DAC     WRITE_OWNER     ACCESS_SYS_SEC     Query key value     Set key value     Create sub-key     Enumerate sub-keys     Notify about changes to keys     Create Link       Privileges:  SeSecurityPrivilege ,Information,N/A,1,0,unknown,N/A,Success Audit: An operation was attempted on a privileged object,unknown,0,null,1784857718000,255,0,false,0,"true""""",Success Audit,HOST_0004,Success Audit: An operation was attempted on a privileged object.,0,1784857723257,No Offense,255,HOST_0005 @ 10.0.0.2,false,3,false,N/A,10.0.0.2,false,1784857723257,5,NETWORK_0002,35,4674,0,2,-1,HOST_0004,[REDACTED_DUPLICATE_PAYLOAD],USER_0005,5000860,false,null,N/A,"08:48:43, 24 thg 7, 2026","08:48:38, 24 thg 7, 2026",MAC_0002,HOST_0006,439,0,false,10.0.0.2,0,N/A,10.0.0.3,3,"08:48:43, 24 thg 7, 2026",0:0:0:0:0:0:0:0,N/A,null,"100221,100265,109237,109187,156193,100272,134937,166353"
N/A,false,0,0,USER_0004,HOST_0002,"{sysmon-eventid=4674, Description=N/A, Message=N/A, Pipe Name=N/A, sysmon-processid=N/A, channel=Security, Logon Account Domain=DOMAIN_0001.LOCAL, Object Name=N/A, Target Details=N/A, Account Name=USER_0005, Logon Type=N/A, Target User Domain=DOMAIN_0001.LOCAL, PipelineId=N/A, Account Security ID=S-1-5-21-0001, Share Name=N/A, Authentication Package=N/A, sysmon-processguid=N/A, Logon Account Name=USER_0004, Realm=DOMAIN_0001.LOCAL, EventIDCode=4674, HostApplication=N/A, Account ID=S-1-5-21-0002, EngineVersion=N/A, Process Path=N/A, Status Code=N/A, RunspaceId=N/A, User Domain=DOMAIN_0002.LOCAL, Key Length=N/A, Target Username=USER_0004, Event ID=4674, HostId=N/A, ProgramName=N/A, HostVersion=N/A, sysmon-user=USER_0004, Command=N/A, Machine Identifier=HOST_0003, ScriptName=N/A, Object Type=-, Target Account Security ID=S-1-5-21-0002, Device Name=HOST_0003, Access Mask=N/A}",false,MAC_0001,MAC_0002,[REDACTED_DUPLICATE_PAYLOAD],3,18223,0,12,false,0:0:0:0:0:0:0:0,N/A,0,N/A,8052,<13>Jul 24 08:48:40 10.0.0.2.new AgentDevice=WindowsLog	AgentLogFile=Security	PluginVersion=7.3.1.28	Source=Microsoft-Windows-Security-Auditing	Computer=cds-upgrade	OriginatingComputer=cds-upgrade	User=	Domain=	EventID=4674	EventIDCode=4674	EventType=8	EventCategory=13056	RecordNumber=13418932	TimeGenerated=1784857717	TimeWritten=1784857717	Level=Log Always	Keywords=Audit Success	Task=SE_ADT_PRIVILEGEUSE_SENSITIVE	Opcode=Info	Message=An operation was attempted on a privileged object.  Subject:  Security ID:  DOMAIN_0002.LOCAL\USER_0005  Account Name: USER_0005  Account Domain: DOMAIN_0002.LOCAL  Logon ID:  0xECE3E7AA8  Object:  Object Server: Security  Object Type: -  Object Name: -  Object Handle: 0x1310  Process Information:  Process ID: 0x174c  Process Name: C:\Windows\System32\wbem\WmiPrvSE.exe  Requested Operation:  Desired Access: 17760319  Privileges:  SeSecurityPrivilege ,Information,N/A,1,0,unknown,N/A,Success Audit: An operation was attempted on a privileged object,unknown,0,null,1784857717000,255,0,false,0,"true""""",Success Audit,HOST_0004,Success Audit: An operation was attempted on a privileged object.,0,1784857723257,No Offense,255,HOST_0005 @ 10.0.0.2,false,3,false,N/A,10.0.0.2,false,1784857723257,5,NETWORK_0002,35,4674,0,2,-1,HOST_0004,[REDACTED_DUPLICATE_PAYLOAD],USER_0005,5000860,false,null,N/A,"08:48:43, 24 thg 7, 2026","08:48:37, 24 thg 7, 2026",MAC_0002,HOST_0006,439,0,false,10.0.0.2,0,N/A,10.0.0.3,1,"08:48:43, 24 thg 7, 2026",0:0:0:0:0:0:0:0,N/A,null,"100221,100265,109237,109187,156193,100272,134937,166353"
N/A,false,0,0,USER_0004,HOST_0002,"{sysmon-eventid=4674, Description=N/A, Message=N/A, Pipe Name=N/A, sysmon-processid=N/A, channel=Security, Logon Account Domain=DOMAIN_0001.LOCAL, Object Name=N/A, Target Details=N/A, Account Name=USER_0005, Logon Type=N/A, Target User Domain=DOMAIN_0001.LOCAL, PipelineId=N/A, Account Security ID=S-1-5-21-0001, Share Name=N/A, Authentication Package=N/A, sysmon-processguid=N/A, Logon Account Name=USER_0004, Realm=DOMAIN_0001.LOCAL, EventIDCode=4674, HostApplication=N/A, Account ID=S-1-5-21-0002, EngineVersion=N/A, Process Path=N/A, Status Code=N/A, RunspaceId=N/A, User Domain=DOMAIN_0002.LOCAL, Key Length=N/A, Target Username=USER_0004, Event ID=4674, HostId=N/A, ProgramName=N/A, HostVersion=N/A, sysmon-user=USER_0004, Command=N/A, Machine Identifier=HOST_0003, ScriptName=N/A, Object Type=-, Target Account Security ID=S-1-5-21-0002, Device Name=HOST_0003, Access Mask=N/A}",false,MAC_0001,MAC_0002,[REDACTED_DUPLICATE_PAYLOAD],3,18223,0,12,false,0:0:0:0:0:0:0:0,N/A,0,N/A,8052,<13>Jul 24 08:48:37 10.0.0.2.new AgentDevice=WindowsLog	AgentLogFile=Security	PluginVersion=7.3.1.28	Source=Microsoft-Windows-Security-Auditing	Computer=cds-upgrade	OriginatingComputer=cds-upgrade	User=	Domain=	EventID=4674	EventIDCode=4674	EventType=8	EventCategory=13056	RecordNumber=13418929	TimeGenerated=1784857716	TimeWritten=1784857716	Level=Log Always	Keywords=Audit Success	Task=SE_ADT_PRIVILEGEUSE_SENSITIVE	Opcode=Info	Message=An operation was attempted on a privileged object.  Subject:  Security ID:  DOMAIN_0002.LOCAL\USER_0005  Account Name: USER_0005  Account Domain: DOMAIN_0002.LOCAL  Logon ID:  0xECE3E7AA8  Object:  Object Server: Security  Object Type: -  Object Name: -  Object Handle: 0x1118  Process Information:  Process ID: 0x174c  Process Name: C:\Windows\System32\wbem\WmiPrvSE.exe  Requested Operation:  Desired Access: 17760319  Privileges:  SeSecurityPrivilege ,Information,N/A,1,0,unknown,N/A,Success Audit: An operation was attempted on a privileged object,unknown,0,null,1784857716000,255,0,false,0,"true""""",Success Audit,HOST_0004,Success Audit: An operation was attempted on a privileged object.,0,1784857723246,No Offense,255,HOST_0005 @ 10.0.0.2,false,3,false,N/A,10.0.0.2,false,1784857723246,5,NETWORK_0002,35,4674,0,2,-1,HOST_0004,[REDACTED_DUPLICATE_PAYLOAD],USER_0005,5000860,false,null,N/A,"08:48:43, 24 thg 7, 2026","08:48:36, 24 thg 7, 2026",MAC_0002,HOST_0006,439,0,false,10.0.0.2,0,N/A,10.0.0.3,1,"08:48:43, 24 thg 7, 2026",0:0:0:0:0:0:0:0,N/A,null,"100221,100265,109237,109187,156193,100272,134937,166353"
N/A,false,0,0,USER_0004,HOST_0002,"{sysmon-eventid=4674, Description=N/A, Message=N/A, Pipe Name=N/A, sysmon-processid=N/A, channel=Security, Logon Account Domain=DOMAIN_0001.LOCAL, Object Name=N/A, Target Details=N/A, Account Name=USER_0005, Logon Type=N/A, Target User Domain=DOMAIN_0001.LOCAL, PipelineId=N/A, Account Security ID=S-1-5-21-0001, Share Name=N/A, Authentication Package=N/A, sysmon-processguid=N/A, Logon Account Name=USER_0004, Realm=DOMAIN_0001.LOCAL, EventIDCode=4674, HostApplication=N/A, Account ID=S-1-5-21-0002, EngineVersion=N/A, Process Path=N/A, Status Code=N/A, RunspaceId=N/A, User Domain=DOMAIN_0002.LOCAL, Key Length=N/A, Target Username=USER_0004, Event ID=4674, HostId=N/A, ProgramName=N/A, HostVersion=N/A, sysmon-user=USER_0004, Command=N/A, Machine Identifier=HOST_0003, ScriptName=N/A, Object Type=Key, Target Account Security ID=S-1-5-21-0002, Device Name=HOST_0003, Access Mask=N/A}",false,MAC_0001,MAC_0002,[REDACTED_DUPLICATE_PAYLOAD],3,18223,0,12,false,0:0:0:0:0:0:0:0,N/A,0,N/A,8052,<13>Jul 24 08:48:37 10.0.0.2.new AgentDevice=WindowsLog	AgentLogFile=Security	PluginVersion=7.3.1.28	Source=Microsoft-Windows-Security-Auditing	Computer=cds-upgrade	OriginatingComputer=cds-upgrade	User=	Domain=	EventID=4674	EventIDCode=4674	EventType=8	EventCategory=13056	RecordNumber=13418928	TimeGenerated=1784857716	TimeWritten=1784857716	Level=Log Always	Keywords=Audit Success	Task=SE_ADT_PRIVILEGEUSE_SENSITIVE	Opcode=Info	Message=An operation was attempted on a privileged object.  Subject:  Security ID:  DOMAIN_0002.LOCAL\USER_0005  Account Name: USER_0005  Account Domain: DOMAIN_0002.LOCAL  Logon ID:  0xECE3E7AA8  Object:  Object Server: Security  Object Type: Key  Object Name: \REGISTRY\MACHINE\SOFTWARE\Microsoft\Windows NT\CurrentVersion\Perflib  Object Handle: 0x1118  Process Information:  Process ID: 0x174c  Process Name: C:\Windows\System32\wbem\WmiPrvSE.exe  Requested Operation:  Desired Access: DELETE     READ_CONTROL     WRITE_DAC     WRITE_OWNER     ACCESS_SYS_SEC     Query key value     Set key value     Create sub-key     Enumerate sub-keys     Notify about changes to keys     Create Link       Privileges:  SeSecurityPrivilege ,Information,N/A,1,0,unknown,N/A,Success Audit: An operation was attempted on a privileged object,unknown,0,null,1784857716000,255,0,false,0,"true""""",Success Audit,HOST_0004,Success Audit: An operation was attempted on a privileged object.,0,1784857723246,No Offense,255,HOST_0005 @ 10.0.0.2,false,3,false,N/A,10.0.0.2,false,1784857723246,5,NETWORK_0002,35,4674,0,2,-1,HOST_0004,[REDACTED_DUPLICATE_PAYLOAD],USER_0005,5000860,false,null,N/A,"08:48:43, 24 thg 7, 2026","08:48:36, 24 thg 7, 2026",MAC_0002,HOST_0006,439,0,false,10.0.0.2,0,N/A,10.0.0.3,1,"08:48:43, 24 thg 7, 2026",0:0:0:0:0:0:0:0,N/A,null,"100221,100265,109237,109187,156193,100272,134937,166353"
N/A,false,0,0,USER_0004,HOST_0002,"{sysmon-eventid=4689, Description=N/A, Message=N/A, Pipe Name=N/A, sysmon-processid=N/A, channel=Security, Logon Account Domain=DOMAIN_0001.LOCAL, Object Name=N/A, Process Name=npp.203.0.0.1.Installer.x64.exe, Account Name=USER_0005, Logon Type=N/A, Target User Domain=DOMAIN_0001.LOCAL, Account Security ID=S-1-5-21-0001, Share Name=N/A, Authentication Package=N/A, sysmon-processguid=N/A, Logon Account Name=USER_0004, Realm=DOMAIN_0001.LOCAL, EventIDCode=4689, Account ID=S-1-5-21-0002, Status Code=N/A, User Domain=DOMAIN_0002.LOCAL, Key Length=N/A, Target Username=USER_0004, Event ID=4689, ProgramName=N/A, sysmon-user=USER_0004, Machine Identifier=HOST_0003, Object Type=N/A, Target Account Security ID=S-1-5-21-0002, Device Name=HOST_0003}",false,MAC_0001,MAC_0002,[REDACTED_DUPLICATE_PAYLOAD],3,18223,0,12,false,0:0:0:0:0:0:0:0,N/A,0,N/A,8010,<13>Jul 24 08:48:19 10.0.0.2.new AgentDevice=WindowsLog	AgentLogFile=Security	PluginVersion=7.3.1.28	Source=Microsoft-Windows-Security-Auditing	Computer=cds-upgrade	OriginatingComputer=cds-upgrade	User=	Domain=	EventID=4689	EventIDCode=4689	EventType=8	EventCategory=13313	RecordNumber=13418858	TimeGenerated=1784857696	TimeWritten=1784857696	Level=Log Always	Keywords=Audit Success	Task=SE_ADT_DETAILEDTRACKING_PROCESSTERMINATION	Opcode=Info	Message=A process has exited.  Subject:  Security ID:  DOMAIN_0002.LOCAL\USER_0005  Account Name: USER_0005  Account Domain: DOMAIN_0002.LOCAL  Logon ID:  0xECE3E7AA8  Process Information:  Process ID: 0x4440  Process Name: C:\Users\USER_0005\AppData\Local\Temp\16\Rar$DOMAIN_0003.LOCAL\USER_0006  Exit Status: 0x0 ,Service Stopped,N/A,1,0,unknown,N/A,Success Audit: A process has exited,unknown,0,null,1784857696000,255,0,false,0,"true""""",Success Audit,HOST_0004,Success Audit: A process has exited.,0,1784857704659,No Offense,255,HOST_0005 @ 10.0.0.2,false,3,false,N/A,10.0.0.2,false,1784857704659,5,NETWORK_0002,35,4689,0,1,-1,HOST_0004,[REDACTED_DUPLICATE_PAYLOAD],USER_0005,5000863,false,null,N/A,"08:48:24, 24 thg 7, 2026","08:48:16, 24 thg 7, 2026",MAC_0002,HOST_0006,439,0,false,10.0.0.2,0,N/A,10.0.0.3,1,"08:48:24, 24 thg 7, 2026",0:0:0:0:0:0:0:0,N/A,null,"100221,100265,109237,109187,156193,100272,123037,123937,134937,166353"
N/A,false,0,0,USER_0004,HOST_0002,"{sysmon-eventid=4689, Description=N/A, Message=N/A, Pipe Name=N/A, sysmon-processid=N/A, channel=Security, Logon Account Domain=DOMAIN_0001.LOCAL, Object Name=N/A, Process Name=notepad++.exe, Account Name=USER_0005, Logon Type=N/A, Target User Domain=DOMAIN_0001.LOCAL, Account Security ID=S-1-5-21-0001, Share Name=N/A, Authentication Package=N/A, sysmon-processguid=N/A, Logon Account Name=USER_0004, Realm=DOMAIN_0001.LOCAL, EventIDCode=4689, Account ID=S-1-5-21-0002, Status Code=N/A, User Domain=DOMAIN_0002.LOCAL, Key Length=N/A, Target Username=USER_0004, Event ID=4689, ProgramName=N/A, sysmon-user=USER_0004, Machine Identifier=HOST_0003, Object Type=N/A, Target Account Security ID=S-1-5-21-0002, Device Name=HOST_0003}",false,MAC_0001,MAC_0002,[REDACTED_DUPLICATE_PAYLOAD],3,18223,0,12,false,0:0:0:0:0:0:0:0,N/A,0,N/A,8010,<13>Jul 24 08:48:19 10.0.0.2.new AgentDevice=WindowsLog	AgentLogFile=Security	PluginVersion=7.3.1.28	Source=Microsoft-Windows-Security-Auditing	Computer=cds-upgrade	OriginatingComputer=cds-upgrade	User=	Domain=	EventID=4689	EventIDCode=4689	EventType=8	EventCategory=13313	RecordNumber=13418857	TimeGenerated=1784857696	TimeWritten=1784857696	Level=Log Always	Keywords=Audit Success	Task=SE_ADT_DETAILEDTRACKING_PROCESSTERMINATION	Opcode=Info	Message=A process has exited.  Subject:  Security ID:  DOMAIN_0002.LOCAL\USER_0005  Account Name: USER_0005  Account Domain: DOMAIN_0002.LOCAL  Logon ID:  0xECE3E7AA8  Process Information:  Process ID: 0x2128  Process Name: C:\Program DOMAIN_0004.LOCAL\USER_0007++\notepad++.exe  Exit Status: 0x0 ,Service Stopped,N/A,1,0,unknown,N/A,Success Audit: A process has exited,unknown,0,null,1784857696000,255,0,false,0,"true""""",Success Audit,HOST_0004,Success Audit: A process has exited.,0,1784857699642,No Offense,255,HOST_0005 @ 10.0.0.2,false,3,false,N/A,10.0.0.2,false,1784857699642,5,NETWORK_0002,35,4689,0,1,-1,HOST_0004,[REDACTED_DUPLICATE_PAYLOAD],USER_0005,5000863,false,null,N/A,"08:48:19, 24 thg 7, 2026","08:48:16, 24 thg 7, 2026",MAC_0002,HOST_0006,439,0,false,10.0.0.2,0,N/A,10.0.0.3,1,"08:48:19, 24 thg 7, 2026",0:0:0:0:0:0:0:0,N/A,null,"100221,100265,109237,109187,156193,100272,123037,123937,134937,166353"
