N/A,false,0,0,USER_0004,10.0.0.18,"{sysmon-eventid=1, Parent Process Name=svchost.exe, Pipe Name=N/A, File Directory=N/A, sysmon-processid=24056, channel=Microsoft-Windows-Sysmon/Operational, sysmon-username= DOMAIN_0065.LOCAL\USER_0292, Parent Command=C:\WINDOWS\system32\svchost.exe -k netsvcs -p -s Schedule, Object Name=N/A, Account Name=USER_0004, sysmon-currentdirectory=C:\WINDOWS\system32\, Target User Domain=DOMAIN_0001.LOCAL, Logon Account Name=USER_0004, Product Description=Windows Command Processor, EventIDCode=1, Terminated Process Name=N/A, MD5 Hash=F58A3879A07F63BD0F74B022339555D4, Filename=N/A, Key Length=N/A, sysmon-logonid=0xCE1E3E8, ProgramName=N/A, Process GUID=58617919-ef9d-6a73-9ec4-030000003202, SHA1 Hash=3D7A84C1E63362D1213CCF9F25A869FE936C8156, File Extension=N/A, Object Type=N/A, sysmon-hash=SHA1=3D7A84C1E63362D1213CCF9F25A869FE936C8156,MD5=F58A3879A07F63BD0F74B022339555D4,SHA256=F2C736C4B8A82858E06DFFCB08B2D22D2D9D36A7FF92FAE2812FC14D16234E10,IMPHASH=272245E2988E1E430500B852C4FB5E18, SHA256 Hash=F2C736C4B8A82858E06DFFCB08B2D22D2D9D36A7FF92FAE2812FC14D16234E10, Parent Process GUID=58617919-dde5-6a1d-2000-000000003202, Integrity Level=Medium, sysmon-parentimage=C:\Windows\System32\svchost.exe, Description=Description: Windows Command Processor Product, File Hash=3D7A84C1E63362D1213CCF9F25A869FE936C8156, Token Elevation Type=N/A, Message=N/A, sysmon-rulename=-, Encoded Command=N/A, Logon Account Domain=DOMAIN_0001.LOCAL, Process Name=cmd.exe, Parent Process ID=1748, sysmon-parentcommandline=C:\WINDOWS\system32\svchost.exe -k netsvcs -p -s Schedule, Logon Type=N/A, sysmon-integritylevel=Medium, sysmon-logonguid={58617919-25e8-6a1e-e8e3-e10c00000000}, Account Security ID=S-1-5-21-0002, Share Name=N/A, Authentication Package=N/A, sysmon-processguid={58617919-ef9d-6a73-9ec4-030000003202}, Realm=DOMAIN_0001.LOCAL, Account ID=S-1-5-21-0002, sysmon-description=Windows Command Processor, Process Path=C:\Windows\System32\cmd.exe, Status Code=N/A, Product Name=Microsoft® Windows® Operating System, User Domain=DOMAIN_0001.LOCAL, Encoded Argument=N/A, Target Username=USER_0004, Event ID=1, sysmon-parentprocessid=1748, Product Company=Microsoft Corporation, sysmon-fileversion=10.0.18362.1316 (WinBuild.160101.0800), sysmon-parentprocessguid={58617919-dde5-6a1d-2000-000000003202}, sysmon-user=USER_0002, Command=C:\WINDOWS\SYSTEM32\cmd.exe /c ""C:\scripts\ping.bat"", sysmon-originalfilename=Cmd.Exe, Process ID=24056, sysmon-image=C:\Windows\System32\cmd.exe, Machine Identifier=HOST_0044, Target Account Security ID=S-1-5-21-0002, sysmon-commandline=C:\WINDOWS\SYSTEM32\cmd.exe /c ""C:\scripts\ping.bat"", Device Name=HOST_0044, IMP Hash=272245E2988E1E430500B852C4FB5E18, Current Working Directory=C:\WINDOWS\system32\, Parent Process Path=C:\Windows\System32\svchost.exe, sysmon-terminalsessionid=2}",false,MAC_0001,MAC_0002,[REDACTED_DUPLICATE_PAYLOAD],3,27862,0,12,false,0:0:0:0:0:0:0:0,N/A,0,N/A,8110,"<13>Aug 06 09:21:19 10.0.0.18 AgentDevice=WindowsLog	AgentLogFile=Microsoft-Windows-Sysmon/Operational	PluginVersion=7.3.1.28	Source=Microsoft-Windows-Sysmon	Computer=DESKTOP-KVVN1C6	OriginatingComputer=DESKTOP-KVVN1C6	User=USER_0002	Domain=DOMAIN_0006.LOCAL	EventID=1	EventIDCode=1	EventType=4	EventCategory=1	RecordNumber=910773867	TimeGenerated=1785982877	TimeWritten=1785982877	Level=Informational	Keywords=0x8000000000000000	Task=SysmonTask-SYSMON_CREATE_PROCESS	Opcode=Info	Message=Process Create: RuleName: - UtcTime: 2026-08-06 02:21:17.001 ProcessGuid: {58617919-ef9d-6a73-9ec4-030000003202} ProcessId: 24056 Image: C:\Windows\System32\cmd.exe FileVersion: 10.0.18362.1316 (WinBuild.160101.0800) Description: Windows Command Processor Product: Microsoft® Windows® Operating System Company: Microsoft Corporation OriginalFileName: Cmd.Exe CommandLine: C:\WINDOWS\SYSTEM32\cmd.exe /c ""C:\scripts\ping.bat"" CurrentDirectory: C:\WINDOWS\system32\ User: DOMAIN_0065.LOCAL\USER_0292 LogonGuid: {58617919-25e8-6a1e-e8e3-e10c00000000} LogonId: 0xCE1E3E8 TerminalSessionId: 2 IntegrityLevel: Medium Hashes: SHA1=3D7A84C1E63362D1213CCF9F25A869FE936C8156,MD5=F58A3879A07F63BD0F74B022339555D4,SHA256=F2C736C4B8A82858E06DFFCB08B2D22D2D9D36A7FF92FAE2812FC14D16234E10,IMPHASH=272245E2988E1E430500B852C4FB5E18 ParentProcessGuid: {58617919-dde5-6a1d-2000-000000003202} ParentProcessId: 1748 ParentImage: C:\Windows\System32\svchost.exe ParentCommandLine: C:\WINDOWS\system32\svchost.exe -k netsvcs -p -s Schedule ",Process Creation Success,N/A,1,0,unknown,N/A,Process Create,unknown,0,null,1785982877000,255,0,false,0,"true""""",Microsoft-Windows-Sysmon/Operational,HOST_0004,The process creation event provides extended information about a newly created process.,0,1785982889998,No Offense,255,HOST_0045 @ 10.0.0.18,false,3,false,N/A,10.0.0.18,false,1785982889998,5,NETWORK_0011,43,1,0,2,-1,HOST_0004,[REDACTED_DUPLICATE_PAYLOAD],USER_0002,5001828,false,null,N/A,"09:21:29, 6 thg 8, 2026","09:21:17, 6 thg 8, 2026",MAC_0002,HOST_0046,482,0,false,10.0.0.18,0,N/A,10.0.0.3,1,"09:21:29, 6 thg 8, 2026",0:0:0:0:0:0:0:0,N/A,null,"100221,100265,109237,109187,100668,156193,100272,100677,134937,166353"
N/A,false,0,0,USER_0004,10.0.0.18,"{sysmon-eventid=13, Description=N/A, Message=N/A, Pipe Name=N/A, Registry Key=\SOFTWARE\Microsoft\Windows NT\CurrentVersion\Schedule\TaskCache\Tasks\{A6432082-89BD-434D-9C61-D7FE6D91CCB9}, sysmon-processid=1748, channel=Microsoft-Windows-Sysmon/Operational, Target Object=HKLM\SOFTWARE\Microsoft\Windows NT\CurrentVersion\Schedule\TaskCache\Tasks\{A6432082-89BD-434D-9C61-D7FE6D91CCB9}\Actions, Logon Account Domain=DOMAIN_0001.LOCAL, Object Name=HKLM\SOFTWARE\Microsoft\Windows NT\CurrentVersion\Schedule\TaskCache\Tasks\{A6432082-89BD-434D-9C61-D7FE6D91CCB9}\Actions, Target Details=Binary Data, Process Name=svchost.exe, Registry Value Data=Binary Data, Account Name=USER_0004, Logon Type=N/A, sysmon-targetobject=HKLM\SOFTWARE\Microsoft\Windows NT\CurrentVersion\Schedule\TaskCache\Tasks\{A6432082-89BD-434D-9C61-D7FE6D91CCB9}\Actions, Target User Domain=DOMAIN_0001.LOCAL, Rule Name=-, Account Security ID=S-1-5-21-0002, Share Name=N/A, Authentication Package=N/A, sysmon-processguid={58617919-dde5-6a1d-2000-000000003202}, Logon Account Name=USER_0004, Realm=DOMAIN_0001.LOCAL, EventIDCode=13, Account ID=S-1-5-21-0002, Process Path=C:\WINDOWS\system32\svchost.exe, sysmon-utctime=2026-08-06 02:24:32.859, Status Code=N/A, Registry Value Name=Actions, User Domain=DOMAIN_0001.LOCAL, Key Length=N/A, Target Username=USER_0004, Event ID=13, ProgramName=N/A, Registry Hive=HKLM, sysmon-eventtype=SetValue, sysmon-user=USER_0002, Process GUID=N/A, Process ID=1748, Machine Identifier=HOST_0044, Object Type=N/A, Target Account Security ID=S-1-5-21-0002, Device Name=HOST_0044, sysmon-details=Binary Data}",false,MAC_0001,MAC_0002,[REDACTED_DUPLICATE_PAYLOAD],3,27862,0,12,false,0:0:0:0:0:0:0:0,N/A,0,N/A,8012,<13>Aug 06 09:24:34 10.0.0.18 AgentDevice=WindowsLog	AgentLogFile=Microsoft-Windows-Sysmon/Operational	PluginVersion=7.3.1.28	Source=Microsoft-Windows-Sysmon	Computer=DESKTOP-KVVN1C6	OriginatingComputer=DESKTOP-KVVN1C6	User=USER_0002	Domain=DOMAIN_0006.LOCAL	EventID=13	EventIDCode=13	EventType=4	EventCategory=13	RecordNumber=910777142	TimeGenerated=1785983072	TimeWritten=1785983072	Level=Informational	Keywords=0x8000000000000000	Task=SysmonTask-SYSMON_REG_SETVALUE	Opcode=Info	Message=Registry value set: RuleName: - EventType: SetValue UtcTime: 2026-08-06 02:24:32.859 ProcessGuid: {58617919-dde5-6a1d-2000-000000003202} ProcessId: 1748 Image: C:\WINDOWS\system32\svchost.exe TargetObject: HKLM\SOFTWARE\Microsoft\Windows NT\CurrentVersion\Schedule\TaskCache\Tasks\{A6432082-89BD-434D-9C61-D7FE6D91CCB9}\Actions Details: Binary Data ,Successful Registry Modification,N/A,1,0,unknown,N/A,RegistryEvent (Value Set),unknown,0,null,1785983072000,255,0,false,0,"true""""",Microsoft-Windows-Sysmon/Operational,HOST_0004,This Registry event type identifies Registry value modifications.,0,1785983079013,No Offense,255,HOST_0045 @ 10.0.0.18,false,3,false,N/A,10.0.0.18,false,1785983079013,5,NETWORK_0011,43,13,0,1,-1,HOST_0004,[REDACTED_DUPLICATE_PAYLOAD],USER_0002,5001832,false,null,N/A,"09:24:39, 6 thg 8, 2026","09:24:32, 6 thg 8, 2026",MAC_0002,HOST_0046,482,0,false,10.0.0.18,0,N/A,10.0.0.3,17,"09:24:39, 6 thg 8, 2026",0:0:0:0:0:0:0:0,N/A,null,"100221,100265,109237,109187,100617,100668,156193,100276,100272,123237,123937,134937,166353"
N/A,false,0,0,USER_0004,10.0.0.18,"{sysmon-eventid=13, Description=N/A, Message=N/A, Pipe Name=N/A, Registry Key=\SOFTWARE\Microsoft\Windows NT\CurrentVersion\Schedule\TaskCache\Tasks\{A6432082-89BD-434D-9C61-D7FE6D91CCB9}, sysmon-processid=1748, channel=Microsoft-Windows-Sysmon/Operational, Target Object=HKLM\SOFTWARE\Microsoft\Windows NT\CurrentVersion\Schedule\TaskCache\Tasks\{A6432082-89BD-434D-9C61-D7FE6D91CCB9}\Actions, Logon Account Domain=DOMAIN_0001.LOCAL, Object Name=HKLM\SOFTWARE\Microsoft\Windows NT\CurrentVersion\Schedule\TaskCache\Tasks\{A6432082-89BD-434D-9C61-D7FE6D91CCB9}\Actions, Target Details=Binary Data, Process Name=svchost.exe, Registry Value Data=Binary Data, Account Name=USER_0004, Logon Type=N/A, sysmon-targetobject=HKLM\SOFTWARE\Microsoft\Windows NT\CurrentVersion\Schedule\TaskCache\Tasks\{A6432082-89BD-434D-9C61-D7FE6D91CCB9}\Actions, Target User Domain=DOMAIN_0001.LOCAL, Rule Name=-, Account Security ID=S-1-5-21-0002, Share Name=N/A, Authentication Package=N/A, sysmon-processguid={58617919-dde5-6a1d-2000-000000003202}, Logon Account Name=USER_0004, Realm=DOMAIN_0001.LOCAL, EventIDCode=13, Account ID=S-1-5-21-0002, Process Path=C:\WINDOWS\system32\svchost.exe, sysmon-utctime=2026-08-06 02:29:38.894, Status Code=N/A, Registry Value Name=Actions, User Domain=DOMAIN_0001.LOCAL, Key Length=N/A, Target Username=USER_0004, Event ID=13, ProgramName=N/A, Registry Hive=HKLM, sysmon-eventtype=SetValue, sysmon-user=USER_0002, Process GUID=N/A, Process ID=1748, Machine Identifier=HOST_0044, Object Type=N/A, Target Account Security ID=S-1-5-21-0002, Device Name=HOST_0044, sysmon-details=Binary Data}",false,MAC_0001,MAC_0002,[REDACTED_DUPLICATE_PAYLOAD],3,27862,0,12,false,0:0:0:0:0:0:0:0,N/A,0,N/A,8012,<13>Aug 06 09:29:40 10.0.0.18 AgentDevice=WindowsLog	AgentLogFile=Microsoft-Windows-Sysmon/Operational	PluginVersion=7.3.1.28	Source=Microsoft-Windows-Sysmon	Computer=DESKTOP-KVVN1C6	OriginatingComputer=DESKTOP-KVVN1C6	User=USER_0002	Domain=DOMAIN_0006.LOCAL	EventID=13	EventIDCode=13	EventType=4	EventCategory=13	RecordNumber=910781835	TimeGenerated=1785983378	TimeWritten=1785983378	Level=Informational	Keywords=0x8000000000000000	Task=SysmonTask-SYSMON_REG_SETVALUE	Opcode=Info	Message=Registry value set: RuleName: - EventType: SetValue UtcTime: 2026-08-06 02:29:38.894 ProcessGuid: {58617919-dde5-6a1d-2000-000000003202} ProcessId: 1748 Image: C:\WINDOWS\system32\svchost.exe TargetObject: HKLM\SOFTWARE\Microsoft\Windows NT\CurrentVersion\Schedule\TaskCache\Tasks\{A6432082-89BD-434D-9C61-D7FE6D91CCB9}\Actions Details: Binary Data ,Successful Registry Modification,N/A,1,0,unknown,N/A,RegistryEvent (Value Set),unknown,0,null,1785983378000,255,0,false,0,"true""""",Microsoft-Windows-Sysmon/Operational,HOST_0004,This Registry event type identifies Registry value modifications.,0,1785983383939,No Offense,255,HOST_0045 @ 10.0.0.18,false,3,false,N/A,10.0.0.18,false,1785983383939,5,NETWORK_0011,43,13,0,1,-1,HOST_0004,[REDACTED_DUPLICATE_PAYLOAD],USER_0002,5001832,false,null,N/A,"09:29:43, 6 thg 8, 2026","09:29:38, 6 thg 8, 2026",MAC_0002,HOST_0046,482,0,false,10.0.0.18,0,N/A,10.0.0.3,17,"09:29:43, 6 thg 8, 2026",0:0:0:0:0:0:0:0,N/A,null,"100221,100265,109237,109187,100617,100668,156193,100276,100272,123237,123937,134937,166353"
