N/A,false,0,0,USER_0004,HOST_0007,"{sysmon-eventid=4688, Parent Process Name=MoTTYnew.exe, Pipe Name=N/A, File Directory=N/A, sysmon-processid=N/A, channel=Security, Object Name=N/A, Account Name=USER_0016, Target User Domain=DOMAIN_0005.LOCAL, mandatory_label=Mandatory Label\Medium Mandatory Level, Logon Account Name=USER_0004, EventIDCode=4688, Terminated Process Name=N/A, MD5 Hash=N/A, Filename=N/A, Key Length=N/A, ProgramName=N/A, Process GUID=N/A, SHA1 Hash=N/A, File Extension=N/A, Object Type=N/A, SHA256 Hash=N/A, Parent Process GUID=N/A, Integrity Level=N/A, sysmon-parentimage=C:\Users\QTHT~1.AND\AppData\Roaming\MobaXterm\slash\bin\MoTTYnew.exe, Description=N/A, Token Elevation Type=%%1936, Message=N/A, Encoded Command=N/A, Logon Account Domain=DOMAIN_0001.LOCAL, Process Name=cygtermd.exe, Parent Process ID=N/A, Logon Type=N/A, Account Security ID=S-1-5-21-0008, Share Name=N/A, Authentication Package=N/A, sysmon-processguid=N/A, Realm=DOMAIN_0001.LOCAL, Account ID=S-1-5-21-0002, Process Path=C:\Users\USER_0014\AppData\Roaming\MOBAXT~1\slash\bin\cygtermd.exe, Status Code=N/A, User Domain=DOMAIN_0012.LOCAL, Encoded Argument=N/A, Target Username=USER_0008, Event ID=4688, sysmon-user=USER_0004, Command=C:\Users\USER_0014\AppData\Roaming\MOBAXT~1\slash\bin\cygtermd.exe /home/mobaxterm /bin/bash -l -i, Process ID=0x2f8f0, Machine Identifier=HOST_0008, Target Account Security ID=S-1-5-21-0003, Device Name=HOST_0008, IMP Hash=N/A, Parent Process Path=C:\Users\USER_0014\AppData\Roaming\MobaXterm\slash\bin\MoTTYnew.exe}",false,MAC_0001,MAC_0002,[REDACTED_DUPLICATE_PAYLOAD],3,53779,0,12,false,0:0:0:0:0:0:0:0,N/A,0,N/A,8110,"<13>Jul 10 13:40:25 10.0.0.4.vnpost AgentDevice=WindowsLog	AgentLogFile=Security	PluginVersion=7.3.1.28	Source=Microsoft-Windows-Security-Auditing	Computer=Jump-QTHTvDL-App	OriginatingComputer=Jump-QTHTvDL-App	User=	Domain=	EventID=4688	EventIDCode=4688	EventType=8	EventCategory=13312	RecordNumber=9116962	TimeGenerated=1783665622	TimeWritten=1783665622	Level=Log Always	Keywords=Audit Success	Task=SE_ADT_DETAILEDTRACKING_PROCESSCREATION	Opcode=Info	Message=A new process has been created.  Creator Subject:  Security ID:  DOMAIN_0012.LOCAL\USER_0016  Account Name: USER_0016  Account Domain: DOMAIN_0012.LOCAL  Logon ID:  0x3ED1F285B  Target Subject:  Security ID:  NULL SID  Account Name:  -  Account Domain:  -  Logon ID:  0x0  Process Information:  New Process ID:  0x2f8f0  New Process Name: C:\Users\USER_0014\AppData\Roaming\MOBAXT~1\slash\bin\cygtermd.exe  Token Elevation Type: %%1936  Mandatory Label:  Mandatory Label\Medium Mandatory Level  Creator Process ID: 0x2eea8  Creator Process Name: C:\Users\USER_0014\AppData\Roaming\MobaXterm\slash\bin\MoTTYnew.exe  Process Command Line: C:\Users\USER_0014\AppData\Roaming\MOBAXT~1\slash\bin\cygtermd.exe /home/mobaxterm /bin/bash -l -i  Token Elevation Type indicates the type of token that was assigned to the new process in accordance with User Account Control policy.  Type 1 is a full token with no privileges removed or groups disabled.  A full token is only used if User Account Control is disabled or if the user is the built-in Administrator account or a service account.  Type 2 is an elevated token with no privileges removed or groups disabled.  An elevated token is used when User Account Control is enabled and the user chooses to start the program using Run as administrator.  An elevated token is also used when an application is configured to always require administrative privilege or to always require maximum privilege, and the user is a member of the Administrators group.  Type 3 is a limited token with administrative privileges removed and administrative groups disabled.  The limited token is used when User Account Control is enabled, the application does not require administrative privilege, and the user does not choose to start the program using Run as administrator. ",Process Creation Success,N/A,1,0,unknown,N/A,Success Audit: A new process has been created,unknown,0,null,1783665622000,255,0,false,0,"true""""",Success Audit,HOST_0004,Success Audit: A new process has been created.,0,1783665636163,No Offense,255,HOST_0009 @ 10.0.0.4,false,3,false,N/A,10.0.0.4,false,1783665636163,5,NETWORK_0002,35,4688,0,3,-1,HOST_0004,[REDACTED_DUPLICATE_PAYLOAD],USER_0016,5000862,false,null,N/A,"13:40:36, 10 thg 7, 2026","13:40:22, 10 thg 7, 2026",MAC_0002,HOST_0006,439,0,false,10.0.0.4,0,N/A,10.0.0.3,1,"13:40:36, 10 thg 7, 2026",0:0:0:0:0:0:0:0,N/A,null,"100101,100221,100265,109237,109187,156193,100277,100272,134937,166353,100223"
N/A,false,0,0,USER_0004,HOST_0007,"{sysmon-eventid=4688, Parent Process Name=cygtermd.exe, Pipe Name=N/A, File Directory=N/A, sysmon-processid=N/A, channel=Security, Object Name=N/A, Account Name=USER_0016, Target User Domain=DOMAIN_0005.LOCAL, mandatory_label=Mandatory Label\Medium Mandatory Level, Logon Account Name=USER_0004, EventIDCode=4688, Terminated Process Name=N/A, MD5 Hash=N/A, Filename=N/A, Key Length=N/A, ProgramName=N/A, Process GUID=N/A, SHA1 Hash=N/A, File Extension=N/A, Object Type=N/A, SHA256 Hash=N/A, Parent Process GUID=N/A, Integrity Level=N/A, sysmon-parentimage=C:\Users\QTHT~1.AND\AppData\Roaming\MOBAXT~1\slash\bin\cygtermd.exe, Description=N/A, Token Elevation Type=%%1936, Message=N/A, Encoded Command=N/A, Logon Account Domain=DOMAIN_0001.LOCAL, Process Name=cygtermd.exe, Parent Process ID=N/A, Logon Type=N/A, Account Security ID=S-1-5-21-0008, Share Name=N/A, Authentication Package=N/A, sysmon-processguid=N/A, Realm=DOMAIN_0001.LOCAL, Account ID=S-1-5-21-0002, Process Path=C:\Users\USER_0014\AppData\Roaming\MOBAXT~1\slash\bin\cygtermd.exe, Status Code=N/A, User Domain=DOMAIN_0012.LOCAL, Encoded Argument=N/A, Target Username=USER_0008, Event ID=4688, sysmon-user=USER_0004, Command=C:\Users\USER_0014\AppData\Roaming\MOBAXT~1\slash\bin\cygtermd.exe /home/mobaxterm /bin/bash -l -i, Process ID=0x2e9b8, Machine Identifier=HOST_0008, Target Account Security ID=S-1-5-21-0003, Device Name=HOST_0008, IMP Hash=N/A, Parent Process Path=C:\Users\USER_0014\AppData\Roaming\MOBAXT~1\slash\bin\cygtermd.exe}",false,MAC_0001,MAC_0002,[REDACTED_DUPLICATE_PAYLOAD],3,53779,0,12,false,0:0:0:0:0:0:0:0,N/A,0,N/A,8110,"<13>Jul 10 13:40:25 10.0.0.4.vnpost AgentDevice=WindowsLog	AgentLogFile=Security	PluginVersion=7.3.1.28	Source=Microsoft-Windows-Security-Auditing	Computer=Jump-QTHTvDL-App	OriginatingComputer=Jump-QTHTvDL-App	User=	Domain=	EventID=4688	EventIDCode=4688	EventType=8	EventCategory=13312	RecordNumber=9116965	TimeGenerated=1783665623	TimeWritten=1783665623	Level=Log Always	Keywords=Audit Success	Task=SE_ADT_DETAILEDTRACKING_PROCESSCREATION	Opcode=Info	Message=A new process has been created.  Creator Subject:  Security ID:  DOMAIN_0012.LOCAL\USER_0016  Account Name: USER_0016  Account Domain: DOMAIN_0012.LOCAL  Logon ID:  0x3ED1F285B  Target Subject:  Security ID:  NULL SID  Account Name:  -  Account Domain:  -  Logon ID:  0x0  Process Information:  New Process ID:  0x2e9b8  New Process Name: C:\Users\USER_0014\AppData\Roaming\MOBAXT~1\slash\bin\cygtermd.exe  Token Elevation Type: %%1936  Mandatory Label:  Mandatory Label\Medium Mandatory Level  Creator Process ID: 0x2f8f0  Creator Process Name: C:\Users\USER_0014\AppData\Roaming\MOBAXT~1\slash\bin\cygtermd.exe  Process Command Line: C:\Users\USER_0014\AppData\Roaming\MOBAXT~1\slash\bin\cygtermd.exe /home/mobaxterm /bin/bash -l -i  Token Elevation Type indicates the type of token that was assigned to the new process in accordance with User Account Control policy.  Type 1 is a full token with no privileges removed or groups disabled.  A full token is only used if User Account Control is disabled or if the user is the built-in Administrator account or a service account.  Type 2 is an elevated token with no privileges removed or groups disabled.  An elevated token is used when User Account Control is enabled and the user chooses to start the program using Run as administrator.  An elevated token is also used when an application is configured to always require administrative privilege or to always require maximum privilege, and the user is a member of the Administrators group.  Type 3 is a limited token with administrative privileges removed and administrative groups disabled.  The limited token is used when User Account Control is enabled, the application does not require administrative privilege, and the user does not choose to start the program using Run as administrator. ",Process Creation Success,N/A,1,0,unknown,N/A,Success Audit: A new process has been created,unknown,0,null,1783665623000,255,0,false,0,"true""""",Success Audit,HOST_0004,Success Audit: A new process has been created.,0,1783665636163,No Offense,255,HOST_0009 @ 10.0.0.4,false,3,false,N/A,10.0.0.4,false,1783665636163,5,NETWORK_0002,35,4688,0,3,-1,HOST_0004,[REDACTED_DUPLICATE_PAYLOAD],USER_0016,5000862,false,null,N/A,"13:40:36, 10 thg 7, 2026","13:40:23, 10 thg 7, 2026",MAC_0002,HOST_0006,439,0,false,10.0.0.4,0,N/A,10.0.0.3,1,"13:40:36, 10 thg 7, 2026",0:0:0:0:0:0:0:0,N/A,null,"100101,100221,100265,109237,109187,156193,100277,100272,134937,166353,100223"
N/A,false,0,0,USER_0004,HOST_0007,"{sysmon-eventid=4688, Parent Process Name=MobaXterm.exe, Pipe Name=N/A, File Directory=N/A, sysmon-processid=N/A, channel=Security, Object Name=N/A, Account Name=USER_0016, Target User Domain=DOMAIN_0005.LOCAL, mandatory_label=Mandatory Label\Medium Mandatory Level, Logon Account Name=USER_0004, EventIDCode=4688, Terminated Process Name=N/A, MD5 Hash=N/A, Filename=N/A, Key Length=N/A, ProgramName=N/A, Process GUID=N/A, SHA1 Hash=N/A, File Extension=N/A, Object Type=N/A, SHA256 Hash=N/A, Parent Process GUID=N/A, Integrity Level=N/A, sysmon-parentimage=C:\Program Files (x86)\Mobatek\MobaXterm\MobaXterm.exe, Description=N/A, Token Elevation Type=%%1936, Message=N/A, Encoded Command=N/A, Logon Account Domain=DOMAIN_0001.LOCAL, Process Name=MoTTYnew.exe, Parent Process ID=N/A, Logon Type=N/A, Account Security ID=S-1-5-21-0008, Share Name=N/A, Authentication Package=N/A, sysmon-processguid=N/A, Realm=DOMAIN_0001.LOCAL, Account ID=S-1-5-21-0002, Process Path=C:\Users\USER_0014\AppData\Roaming\MobaXterm\slash\bin\MoTTYnew.exe, Status Code=N/A, User Domain=DOMAIN_0012.LOCAL, Encoded Argument=N/A, Target Username=USER_0008, Event ID=4688, sysmon-user=USER_0004, Command=""C:\Users\USER_0014\AppData\Roaming\MobaXterm\slash\bin\mottynew.exe"" -load ""TERM660882"", Process ID=0x2eea8, Machine Identifier=HOST_0008, Target Account Security ID=S-1-5-21-0003, Device Name=HOST_0008, IMP Hash=N/A, Parent Process Path=C:\Program Files (x86)\Mobatek\MobaXterm\MobaXterm.exe}",false,MAC_0001,MAC_0002,[REDACTED_DUPLICATE_PAYLOAD],3,53779,0,12,false,0:0:0:0:0:0:0:0,N/A,0,N/A,8110,"<13>Jul 10 13:40:25 10.0.0.4.vnpost AgentDevice=WindowsLog	AgentLogFile=Security	PluginVersion=7.3.1.28	Source=Microsoft-Windows-Security-Auditing	Computer=Jump-QTHTvDL-App	OriginatingComputer=Jump-QTHTvDL-App	User=	Domain=	EventID=4688	EventIDCode=4688	EventType=8	EventCategory=13312	RecordNumber=9116961	TimeGenerated=1783665622	TimeWritten=1783665622	Level=Log Always	Keywords=Audit Success	Task=SE_ADT_DETAILEDTRACKING_PROCESSCREATION	Opcode=Info	Message=A new process has been created.  Creator Subject:  Security ID:  DOMAIN_0012.LOCAL\USER_0016  Account Name: USER_0016  Account Domain: DOMAIN_0012.LOCAL  Logon ID:  0x3ED1F285B  Target Subject:  Security ID:  NULL SID  Account Name:  -  Account Domain:  -  Logon ID:  0x0  Process Information:  New Process ID:  0x2eea8  New Process Name: C:\Users\USER_0014\AppData\Roaming\MobaXterm\slash\bin\MoTTYnew.exe  Token Elevation Type: %%1936  Mandatory Label:  Mandatory Label\Medium Mandatory Level  Creator Process ID: 0x302cc  Creator Process Name: C:\Program Files (x86)\Mobatek\MobaXterm\MobaXterm.exe  Process Command Line: ""C:\Users\USER_0014\AppData\Roaming\MobaXterm\slash\bin\mottynew.exe"" -load ""TERM660882""  Token Elevation Type indicates the type of token that was assigned to the new process in accordance with User Account Control policy.  Type 1 is a full token with no privileges removed or groups disabled.  A full token is only used if User Account Control is disabled or if the user is the built-in Administrator account or a service account.  Type 2 is an elevated token with no privileges removed or groups disabled.  An elevated token is used when User Account Control is enabled and the user chooses to start the program using Run as administrator.  An elevated token is also used when an application is configured to always require administrative privilege or to always require maximum privilege, and the user is a member of the Administrators group.  Type 3 is a limited token with administrative privileges removed and administrative groups disabled.  The limited token is used when User Account Control is enabled, the application does not require administrative privilege, and the user does not choose to start the program using Run as administrator. ",Process Creation Success,N/A,1,0,unknown,N/A,Success Audit: A new process has been created,unknown,0,null,1783665622000,255,0,false,0,"true""""",Success Audit,HOST_0004,Success Audit: A new process has been created.,0,1783665625661,No Offense,255,HOST_0009 @ 10.0.0.4,false,3,false,N/A,10.0.0.4,false,1783665625661,5,NETWORK_0002,35,4688,0,3,-1,HOST_0004,[REDACTED_DUPLICATE_PAYLOAD],USER_0016,5000862,false,null,N/A,"13:40:25, 10 thg 7, 2026","13:40:22, 10 thg 7, 2026",MAC_0002,HOST_0006,439,0,false,10.0.0.4,0,N/A,10.0.0.3,1,"13:40:25, 10 thg 7, 2026",0:0:0:0:0:0:0:0,N/A,null,"100101,100221,100265,109237,109187,156193,100277,100272,134937,166353,100223"
N/A,false,0,0,USER_0004,HOST_0007,"{sysmon-eventid=8, Description=N/A, Message=N/A, Pipe Name=N/A, sysmon-processid=190904, sysmon-sourceimage=C:\Users\QTHT~1.AND\AppData\Roaming\MOBAXT~1\slash\bin\cygtermd.exe, channel=Microsoft-Windows-Sysmon/Operational, Logon Account Domain=DOMAIN_0001.LOCAL, Object Name=N/A, Target Process Path=C:\Users\USER_0016\AppData\Roaming\MobaXterm\slash\bin\bash.exe, Process Name=cygtermd.exe, Account Name=USER_0004, Logon Type=N/A, Target User Domain=DOMAIN_0001.LOCAL, Account Security ID=S-1-5-21-0002, Share Name=N/A, Authentication Package=N/A, sysmon-processguid={5b31cfa1-93d7-6a50-3231-070000001a00}, sysmon-sourceprocessguid={5b31cfa1-93d7-6a50-3231-070000001a00}, Logon Account Name=USER_0004, Realm=DOMAIN_0001.LOCAL, Source Process Path=C:\Users\USER_0014\AppData\Roaming\MOBAXT~1\slash\bin\cygtermd.exe, EventIDCode=8, Account ID=S-1-5-21-0002, sysmon-targetprocessid=171268, Process Path=C:\Users\USER_0014\AppData\Roaming\MOBAXT~1\slash\bin\cygtermd.exe, sysmon-utctime=2026-07-10 06:40:24.118, Status Code=N/A, User Domain=DOMAIN_0001.LOCAL, Key Length=N/A, Target Username=USER_0004, Event ID=8, Target Process Name=bash.exe, sysmon-startmodule=-, ProgramName=N/A, Start Module=-, sysmon-startfunction=-, sysmon-user=USER_0002, SourceImageTempPath=N/A, Process GUID=N/A, Machine Identifier=HOST_0008, Object Type=N/A, Start Address=0x0000000000401000, Target Account Security ID=S-1-5-21-0002, Start Function=-, sysmon-startaddress=0x0000000000401000, Device Name=HOST_0008, sysmon-targetimage=C:\Users\qtht.andd\AppData\Roaming\MobaXterm\slash\bin\bash.exe}",false,MAC_0001,MAC_0002,[REDACTED_DUPLICATE_PAYLOAD],10,53779,0,12,false,0:0:0:0:0:0:0:0,N/A,0,N/A,7036,<13>Jul 10 13:40:24 10.0.0.4.vnpost AgentDevice=WindowsLog	AgentLogFile=Microsoft-Windows-Sysmon/Operational	PluginVersion=7.3.1.28	Source=Microsoft-Windows-Sysmon	Computer=Jump-QTHTvDL-App	OriginatingComputer=Jump-QTHTvDL-App	User=USER_0002	Domain=DOMAIN_0006.LOCAL	EventID=8	EventIDCode=8	EventType=4	EventCategory=8	RecordNumber=73517915	TimeGenerated=1783665624	TimeWritten=1783665624	Level=Informational	Keywords=0x8000000000000000	Task=SysmonTask-SYSMON_CREATE_REMOTE_THREAD	Opcode=Info	Message=CreateRemoteThread detected: RuleName: - UtcTime: 2026-07-10 06:40:24.118 SourceProcessGuid: {5b31cfa1-93d7-6a50-3231-070000001a00} SourceProcessId: 190904 SourceImage: C:\Users\USER_0014\AppData\Roaming\MOBAXT~1\slash\bin\cygtermd.exe TargetProcessGuid: {5b31cfa1-93d8-6a50-3531-070000001a00} TargetProcessId: 171268 TargetImage: C:\Users\USER_0016\AppData\Roaming\MobaXterm\slash\bin\bash.exe NewThreadId: 175248 StartAddress: 0x0000000000401000 StartModule: - StartFunction: - ,Suspicious Windows Events,N/A,1,0,unknown,N/A,CreateRemoteThread,unknown,0,null,1783665624000,255,0,false,0,"true""""",Microsoft-Windows-Sysmon/Operational,HOST_0004,The CreateRemoteThread event detects when a process creates a thread in another process.,0,1783665625632,No Offense,255,HOST_0009 @ 10.0.0.4,true,10,false,N/A,10.0.0.4,false,1783665625632,10,NETWORK_0002,35,8,0,10,-1,HOST_0004,[REDACTED_DUPLICATE_PAYLOAD],USER_0002,5001845,false,null,N/A,"13:40:25, 10 thg 7, 2026","13:40:24, 10 thg 7, 2026",MAC_0002,HOST_0006,439,0,false,10.0.0.4,0,N/A,10.0.0.3,2,"13:40:25, 10 thg 7, 2026",0:0:0:0:0:0:0:0,N/A,null,"100101,100164,100146,100221,100265,109237,109187,156193,100641,100626,100277,100272,134937,166353,100223"
N/A,false,0,0,USER_0004,HOST_0007,"{sysmon-eventid=8, Description=N/A, Message=N/A, Pipe Name=N/A, sysmon-processid=192168, sysmon-sourceimage=C:\Users\QTHT~1.AND\AppData\Roaming\MobaXterm\slash\bin\MoTTYnew.exe, channel=Microsoft-Windows-Sysmon/Operational, Logon Account Domain=DOMAIN_0001.LOCAL, Object Name=N/A, Target Process Path=C:\Users\USER_0014\AppData\Roaming\MOBAXT~1\slash\bin\cygtermd.exe, Process Name=MoTTYnew.exe, Account Name=USER_0004, Logon Type=N/A, Target User Domain=DOMAIN_0001.LOCAL, Account Security ID=S-1-5-21-0002, Share Name=N/A, Authentication Package=N/A, sysmon-processguid={5b31cfa1-93d6-6a50-2f31-070000001a00}, sysmon-sourceprocessguid={5b31cfa1-93d6-6a50-2f31-070000001a00}, Logon Account Name=USER_0004, Realm=DOMAIN_0001.LOCAL, Source Process Path=C:\Users\USER_0014\AppData\Roaming\MobaXterm\slash\bin\MoTTYnew.exe, EventIDCode=8, Account ID=S-1-5-21-0002, sysmon-targetprocessid=194800, Process Path=C:\Users\USER_0014\AppData\Roaming\MobaXterm\slash\bin\MoTTYnew.exe, sysmon-utctime=2026-07-10 06:40:22.836, Status Code=N/A, User Domain=DOMAIN_0001.LOCAL, Key Length=N/A, Target Username=USER_0004, Event ID=8, Target Process Name=cygtermd.exe, sysmon-startmodule=-, ProgramName=N/A, Start Module=-, sysmon-startfunction=-, sysmon-user=USER_0002, SourceImageTempPath=N/A, Process GUID=N/A, Machine Identifier=HOST_0008, Object Type=N/A, Start Address=0x0000000000401000, Target Account Security ID=S-1-5-21-0002, Start Function=-, sysmon-startaddress=0x0000000000401000, Device Name=HOST_0008, sysmon-targetimage=C:\Users\QTHT~1.AND\AppData\Roaming\MOBAXT~1\slash\bin\cygtermd.exe}",false,MAC_0001,MAC_0002,[REDACTED_DUPLICATE_PAYLOAD],3,53779,0,12,false,0:0:0:0:0:0:0:0,N/A,0,N/A,7036,<13>Jul 10 13:40:24 10.0.0.4.vnpost AgentDevice=WindowsLog	AgentLogFile=Microsoft-Windows-Sysmon/Operational	PluginVersion=7.3.1.28	Source=Microsoft-Windows-Sysmon	Computer=Jump-QTHTvDL-App	OriginatingComputer=Jump-QTHTvDL-App	User=USER_0002	Domain=DOMAIN_0006.LOCAL	EventID=8	EventIDCode=8	EventType=4	EventCategory=8	RecordNumber=73517099	TimeGenerated=1783665622	TimeWritten=1783665622	Level=Informational	Keywords=0x8000000000000000	Task=SysmonTask-SYSMON_CREATE_REMOTE_THREAD	Opcode=Info	Message=CreateRemoteThread detected: RuleName: - UtcTime: 2026-07-10 06:40:22.836 SourceProcessGuid: {5b31cfa1-93d6-6a50-2f31-070000001a00} SourceProcessId: 192168 SourceImage: C:\Users\USER_0014\AppData\Roaming\MobaXterm\slash\bin\MoTTYnew.exe TargetProcessGuid: {5b31cfa1-93d6-6a50-3031-070000001a00} TargetProcessId: 194800 TargetImage: C:\Users\USER_0014\AppData\Roaming\MOBAXT~1\slash\bin\cygtermd.exe NewThreadId: 173320 StartAddress: 0x0000000000401000 StartModule: - StartFunction: - ,Suspicious Windows Events,N/A,1,0,unknown,N/A,CreateRemoteThread,unknown,0,null,1783665622000,255,0,false,0,"true""""",Microsoft-Windows-Sysmon/Operational,HOST_0004,The CreateRemoteThread event detects when a process creates a thread in another process.,0,1783665625583,No Offense,255,HOST_0009 @ 10.0.0.4,true,3,false,N/A,10.0.0.4,false,1783665625583,5,NETWORK_0002,35,8,0,3,-1,HOST_0004,[REDACTED_DUPLICATE_PAYLOAD],USER_0002,5001845,false,null,N/A,"13:40:25, 10 thg 7, 2026","13:40:22, 10 thg 7, 2026",MAC_0002,HOST_0006,439,0,false,10.0.0.4,0,N/A,10.0.0.3,1,"13:40:25, 10 thg 7, 2026",0:0:0:0:0:0:0:0,N/A,null,"100101,100164,100146,100221,100265,109237,109187,156193,100691,100626,100277,100272,134937,166353,100223"
N/A,false,0,0,USER_0004,HOST_0007,"{sysmon-eventid=8, Description=N/A, Message=N/A, Pipe Name=N/A, sysmon-processid=197324, sysmon-sourceimage=C:\Program Files (x86)\Mobatek\MobaXterm\MobaXterm.exe, channel=Microsoft-Windows-Sysmon/Operational, Logon Account Domain=DOMAIN_0001.LOCAL, Object Name=N/A, Target Process Path=C:\Users\USER_0014\AppData\Roaming\MobaXterm\slash\bin\MoTTYnew.exe, Process Name=MobaXterm.exe, Account Name=USER_0004, Logon Type=N/A, Target User Domain=DOMAIN_0001.LOCAL, Account Security ID=S-1-5-21-0002, Share Name=N/A, Authentication Package=N/A, sysmon-processguid={5b31cfa1-93cc-6a50-2b31-070000001a00}, sysmon-sourceprocessguid={5b31cfa1-93cc-6a50-2b31-070000001a00}, Logon Account Name=USER_0004, Realm=DOMAIN_0001.LOCAL, Source Process Path=C:\Program Files (x86)\Mobatek\MobaXterm\MobaXterm.exe, EventIDCode=8, Account ID=S-1-5-21-0002, sysmon-targetprocessid=192168, Process Path=C:\Program Files (x86)\Mobatek\MobaXterm\MobaXterm.exe, sysmon-utctime=2026-07-10 06:40:22.321, Status Code=N/A, User Domain=DOMAIN_0001.LOCAL, Key Length=N/A, Target Username=USER_0004, Event ID=8, Target Process Name=MoTTYnew.exe, sysmon-startmodule=-, ProgramName=N/A, Start Module=-, sysmon-startfunction=-, sysmon-user=USER_0002, SourceImageTempPath=N/A, Process GUID=N/A, Machine Identifier=HOST_0008, Object Type=N/A, Start Address=0x0000000000401480, Target Account Security ID=S-1-5-21-0002, Start Function=-, sysmon-startaddress=0x0000000000401480, Device Name=HOST_0008, sysmon-targetimage=C:\Users\QTHT~1.AND\AppData\Roaming\MobaXterm\slash\bin\MoTTYnew.exe}",false,MAC_0001,MAC_0002,[REDACTED_DUPLICATE_PAYLOAD],3,53779,0,12,false,0:0:0:0:0:0:0:0,N/A,0,N/A,7036,<13>Jul 10 13:40:24 10.0.0.4.vnpost AgentDevice=WindowsLog	AgentLogFile=Microsoft-Windows-Sysmon/Operational	PluginVersion=7.3.1.28	Source=Microsoft-Windows-Sysmon	Computer=Jump-QTHTvDL-App	OriginatingComputer=Jump-QTHTvDL-App	User=USER_0002	Domain=DOMAIN_0006.LOCAL	EventID=8	EventIDCode=8	EventType=4	EventCategory=8	RecordNumber=73517020	TimeGenerated=1783665622	TimeWritten=1783665622	Level=Informational	Keywords=0x8000000000000000	Task=SysmonTask-SYSMON_CREATE_REMOTE_THREAD	Opcode=Info	Message=CreateRemoteThread detected: RuleName: - UtcTime: 2026-07-10 06:40:22.321 SourceProcessGuid: {5b31cfa1-93cc-6a50-2b31-070000001a00} SourceProcessId: 197324 SourceImage: C:\Program Files (x86)\Mobatek\MobaXterm\MobaXterm.exe TargetProcessGuid: {5b31cfa1-93d6-6a50-2f31-070000001a00} TargetProcessId: 192168 TargetImage: C:\Users\USER_0014\AppData\Roaming\MobaXterm\slash\bin\MoTTYnew.exe NewThreadId: 195300 StartAddress: 0x0000000000401480 StartModule: - StartFunction: - ,Suspicious Windows Events,N/A,1,0,unknown,N/A,CreateRemoteThread,unknown,0,null,1783665622000,255,0,false,0,"true""""",Microsoft-Windows-Sysmon/Operational,HOST_0004,The CreateRemoteThread event detects when a process creates a thread in another process.,0,1783665625577,No Offense,255,HOST_0009 @ 10.0.0.4,true,3,false,N/A,10.0.0.4,false,1783665625577,5,NETWORK_0002,35,8,0,3,-1,HOST_0004,[REDACTED_DUPLICATE_PAYLOAD],USER_0002,5001845,false,null,N/A,"13:40:25, 10 thg 7, 2026","13:40:22, 10 thg 7, 2026",MAC_0002,HOST_0006,439,0,false,10.0.0.4,0,N/A,10.0.0.3,1,"13:40:25, 10 thg 7, 2026",0:0:0:0:0:0:0:0,N/A,null,"100101,100164,100146,100221,100265,109237,109187,156193,100691,100626,100277,100272,134937,166353,100223"
N/A,false,0,0,USER_0004,HOST_0007,"{sysmon-eventid=4688, Parent Process Name=XWin_MobaX.exe, Pipe Name=N/A, File Directory=N/A, sysmon-processid=N/A, channel=Security, Object Name=N/A, Account Name=USER_0016, Target User Domain=DOMAIN_0005.LOCAL, mandatory_label=Mandatory Label\Medium Mandatory Level, Logon Account Name=USER_0004, EventIDCode=4688, Terminated Process Name=N/A, MD5 Hash=N/A, Filename=N/A, Key Length=N/A, ProgramName=N/A, Process GUID=N/A, SHA1 Hash=N/A, File Extension=N/A, Object Type=N/A, SHA256 Hash=N/A, Parent Process GUID=N/A, Integrity Level=N/A, sysmon-parentimage=C:\Users\QTHT~1.AND\AppData\Roaming\MobaXterm\slash\bin\XWin_MobaX.exe, Description=N/A, Token Elevation Type=%%1936, Message=N/A, Encoded Command=N/A, Logon Account Domain=DOMAIN_0001.LOCAL, Process Name=xkbcomp_w32.exe, Parent Process ID=N/A, Logon Type=N/A, Account Security ID=S-1-5-21-0008, Share Name=N/A, Authentication Package=N/A, sysmon-processguid=N/A, Realm=DOMAIN_0001.LOCAL, Account ID=S-1-5-21-0002, Process Path=C:\Users\USER_0014\AppData\Roaming\MobaXterm\slash\bin\xkbcomp_w32.exe, Status Code=N/A, User Domain=DOMAIN_0012.LOCAL, Encoded Argument=N/A, Target Username=USER_0008, Event ID=4688, sysmon-user=USER_0004, Command=""C:\Users\USER_0014\AppData\Roaming\MobaXterm\slash\bin\xkbcomp_w32.exe"" -w 1 ""-RC:\Users\USER_0014\AppData\Roaming\MobaXterm\slash\usr\share\X11\xkb"" -xkm ""C:\Users\USER_0014\AppData\Roaming\MobaXterm\slash\var\log\xwin\xkb_a95892"" -em1 ""The XKEYBOARD keymap compiler (xkbcomp) reports:"" -emp ""> "" -eml ""Errors from xkbcomp are not fatal to the X server"" ""C:\Users\USER_0014\AppData\Roaming\MobaXterm\slash\var\log\xwin\server-1.xkm"", Process ID=0x2fffc, Machine Identifier=HOST_0008, Target Account Security ID=S-1-5-21-0003, Device Name=HOST_0008, IMP Hash=N/A, Parent Process Path=C:\Users\USER_0014\AppData\Roaming\MobaXterm\slash\bin\XWin_MobaX.exe}",false,MAC_0001,MAC_0002,[REDACTED_DUPLICATE_PAYLOAD],3,53779,0,12,false,0:0:0:0:0:0:0:0,N/A,0,N/A,8110,"<13>Jul 10 13:40:16 10.0.0.4.vnpost AgentDevice=WindowsLog	AgentLogFile=Security	PluginVersion=7.3.1.28	Source=Microsoft-Windows-Security-Auditing	Computer=Jump-QTHTvDL-App	OriginatingComputer=Jump-QTHTvDL-App	User=	Domain=	EventID=4688	EventIDCode=4688	EventType=8	EventCategory=13312	RecordNumber=9116953	TimeGenerated=1783665614	TimeWritten=1783665614	Level=Log Always	Keywords=Audit Success	Task=SE_ADT_DETAILEDTRACKING_PROCESSCREATION	Opcode=Info	Message=A new process has been created.  Creator Subject:  Security ID:  DOMAIN_0012.LOCAL\USER_0016  Account Name: USER_0016  Account Domain: DOMAIN_0012.LOCAL  Logon ID:  0x3ED1F285B  Target Subject:  Security ID:  NULL SID  Account Name:  -  Account Domain:  -  Logon ID:  0x0  Process Information:  New Process ID:  0x2fffc  New Process Name: C:\Users\USER_0014\AppData\Roaming\MobaXterm\slash\bin\xkbcomp_w32.exe  Token Elevation Type: %%1936  Mandatory Label:  Mandatory Label\Medium Mandatory Level  Creator Process ID: 0x3047c  Creator Process Name: C:\Users\USER_0014\AppData\Roaming\MobaXterm\slash\bin\XWin_MobaX.exe  Process Command Line: ""C:\Users\USER_0014\AppData\Roaming\MobaXterm\slash\bin\xkbcomp_w32.exe"" -w 1 ""-RC:\Users\USER_0014\AppData\Roaming\MobaXterm\slash\usr\share\X11\xkb"" -xkm ""C:\Users\USER_0014\AppData\Roaming\MobaXterm\slash\var\log\xwin\xkb_a95892"" -em1 ""The XKEYBOARD keymap compiler (xkbcomp) reports:"" -emp ""> "" -eml ""Errors from xkbcomp are not fatal to the X server"" ""C:\Users\USER_0014\AppData\Roaming\MobaXterm\slash\var\log\xwin\server-1.xkm""  Token Elevation Type indicates the type of token that was assigned to the new process in accordance with User Account Control policy.  Type 1 is a full token with no privileges removed or groups disabled.  A full token is only used if User Account Control is disabled or if the user is the built-in Administrator account or a service account.  Type 2 is an elevated token with no privileges removed or groups disabled.  An elevated token is used when User Account Control is enabled and the user chooses to start the program using Run as administrator.  An elevated token is also used when an application is configured to always require administrative privilege or to always require maximum privilege, and the user is a member of the Administrators group.  Type 3 is a limited token with administrative privileges removed and administrative groups disabled.  The limited token is used when User Account Control is enabled, the application does not require administrative privilege, and the user does not choose to start the program using Run as administrator. ",Process Creation Success,N/A,1,0,unknown,N/A,Success Audit: A new process has been created,unknown,0,null,1783665614000,255,0,false,0,"true""""",Success Audit,HOST_0004,Success Audit: A new process has been created.,0,1783665625545,No Offense,255,HOST_0009 @ 10.0.0.4,false,3,false,N/A,10.0.0.4,false,1783665625545,5,NETWORK_0002,35,4688,0,3,-1,HOST_0004,[REDACTED_DUPLICATE_PAYLOAD],USER_0016,5000862,false,null,N/A,"13:40:25, 10 thg 7, 2026","13:40:14, 10 thg 7, 2026",MAC_0002,HOST_0006,439,0,false,10.0.0.4,0,N/A,10.0.0.3,1,"13:40:25, 10 thg 7, 2026",0:0:0:0:0:0:0:0,N/A,null,"100101,100221,100265,109237,109187,156193,100277,100272,134937,166353,100223"
N/A,false,0,0,USER_0004,HOST_0007,"{sysmon-eventid=4688, Parent Process Name=MobaXterm.exe, Pipe Name=N/A, File Directory=N/A, sysmon-processid=N/A, channel=Security, Object Name=N/A, Account Name=USER_0016, Target User Domain=DOMAIN_0005.LOCAL, mandatory_label=Mandatory Label\Medium Mandatory Level, Logon Account Name=USER_0004, EventIDCode=4688, Terminated Process Name=N/A, MD5 Hash=N/A, Filename=N/A, Key Length=N/A, ProgramName=N/A, Process GUID=N/A, SHA1 Hash=N/A, File Extension=N/A, Object Type=N/A, SHA256 Hash=N/A, Parent Process GUID=N/A, Integrity Level=N/A, sysmon-parentimage=C:\Program Files (x86)\Mobatek\MobaXterm\MobaXterm.exe, Description=N/A, Token Elevation Type=%%1936, Message=N/A, Encoded Command=N/A, Logon Account Domain=DOMAIN_0001.LOCAL, Process Name=XWin_MobaX.exe, Parent Process ID=N/A, Logon Type=N/A, Account Security ID=S-1-5-21-0008, Share Name=N/A, Authentication Package=N/A, sysmon-processguid=N/A, Realm=DOMAIN_0001.LOCAL, Account ID=S-1-5-21-0002, Process Path=C:\Users\USER_0014\AppData\Roaming\MobaXterm\slash\bin\XWin_MobaX.exe, Status Code=N/A, User Domain=DOMAIN_0012.LOCAL, Encoded Argument=N/A, Target Username=USER_0008, Event ID=4688, sysmon-user=USER_0004, Command=""C:\Users\USER_0014\AppData\Roaming\MobaXterm\slash\bin\XWin_MobaX.exe""  -silent-dup-error -notrayicon -nolisten inet6 -hostintitle +bs  -clipboard -nowgl -multiwindow -noreset :1, Process ID=0x3047c, Machine Identifier=HOST_0008, Target Account Security ID=S-1-5-21-0003, Device Name=HOST_0008, IMP Hash=N/A, Parent Process Path=C:\Program Files (x86)\Mobatek\MobaXterm\MobaXterm.exe}",false,MAC_0001,MAC_0002,[REDACTED_DUPLICATE_PAYLOAD],3,53779,0,12,false,0:0:0:0:0:0:0:0,N/A,0,N/A,8110,"<13>Jul 10 13:40:16 10.0.0.4.vnpost AgentDevice=WindowsLog	AgentLogFile=Security	PluginVersion=7.3.1.28	Source=Microsoft-Windows-Security-Auditing	Computer=Jump-QTHTvDL-App	OriginatingComputer=Jump-QTHTvDL-App	User=	Domain=	EventID=4688	EventIDCode=4688	EventType=8	EventCategory=13312	RecordNumber=9116952	TimeGenerated=1783665614	TimeWritten=1783665614	Level=Log Always	Keywords=Audit Success	Task=SE_ADT_DETAILEDTRACKING_PROCESSCREATION	Opcode=Info	Message=A new process has been created.  Creator Subject:  Security ID:  DOMAIN_0012.LOCAL\USER_0016  Account Name: USER_0016  Account Domain: DOMAIN_0012.LOCAL  Logon ID:  0x3ED1F285B  Target Subject:  Security ID:  NULL SID  Account Name:  -  Account Domain:  -  Logon ID:  0x0  Process Information:  New Process ID:  0x3047c  New Process Name: C:\Users\USER_0014\AppData\Roaming\MobaXterm\slash\bin\XWin_MobaX.exe  Token Elevation Type: %%1936  Mandatory Label:  Mandatory Label\Medium Mandatory Level  Creator Process ID: 0x302cc  Creator Process Name: C:\Program Files (x86)\Mobatek\MobaXterm\MobaXterm.exe  Process Command Line: ""C:\Users\USER_0014\AppData\Roaming\MobaXterm\slash\bin\XWin_MobaX.exe""  -silent-dup-error -notrayicon -nolisten inet6 -hostintitle +bs  -clipboard -nowgl -multiwindow -noreset :1  Token Elevation Type indicates the type of token that was assigned to the new process in accordance with User Account Control policy.  Type 1 is a full token with no privileges removed or groups disabled.  A full token is only used if User Account Control is disabled or if the user is the built-in Administrator account or a service account.  Type 2 is an elevated token with no privileges removed or groups disabled.  An elevated token is used when User Account Control is enabled and the user chooses to start the program using Run as administrator.  An elevated token is also used when an application is configured to always require administrative privilege or to always require maximum privilege, and the user is a member of the Administrators group.  Type 3 is a limited token with administrative privileges removed and administrative groups disabled.  The limited token is used when User Account Control is enabled, the application does not require administrative privilege, and the user does not choose to start the program using Run as administrator. ",Process Creation Success,N/A,1,0,unknown,N/A,Success Audit: A new process has been created,unknown,0,null,1783665614000,255,0,false,0,"true""""",Success Audit,HOST_0004,Success Audit: A new process has been created.,0,1783665625545,No Offense,255,HOST_0009 @ 10.0.0.4,false,3,false,N/A,10.0.0.4,false,1783665625545,5,NETWORK_0002,35,4688,0,3,-1,HOST_0004,[REDACTED_DUPLICATE_PAYLOAD],USER_0016,5000862,false,null,N/A,"13:40:25, 10 thg 7, 2026","13:40:14, 10 thg 7, 2026",MAC_0002,HOST_0006,439,0,false,10.0.0.4,0,N/A,10.0.0.3,1,"13:40:25, 10 thg 7, 2026",0:0:0:0:0:0:0:0,N/A,null,"100101,100221,100265,109237,109187,156193,100277,100272,134937,166353,100223"
N/A,false,0,0,USER_0004,HOST_0007,"{sysmon-eventid=4688, Parent Process Name=xkbcomp_w32.exe, Pipe Name=N/A, File Directory=N/A, sysmon-processid=N/A, channel=Security, Object Name=N/A, Account Name=USER_0016, Target User Domain=DOMAIN_0005.LOCAL, mandatory_label=Mandatory Label\Medium Mandatory Level, Logon Account Name=USER_0004, EventIDCode=4688, Terminated Process Name=N/A, MD5 Hash=N/A, Filename=N/A, Key Length=N/A, ProgramName=N/A, Process GUID=N/A, SHA1 Hash=N/A, File Extension=N/A, Object Type=N/A, SHA256 Hash=N/A, Parent Process GUID=N/A, Integrity Level=N/A, sysmon-parentimage=C:\Users\QTHT~1.AND\AppData\Roaming\MobaXterm\slash\bin\xkbcomp_w32.exe, Description=N/A, Token Elevation Type=%%1936, Message=N/A, Encoded Command=N/A, Logon Account Domain=DOMAIN_0001.LOCAL, Process Name=conhost.exe, Parent Process ID=N/A, Logon Type=N/A, Account Security ID=S-1-5-21-0008, Share Name=N/A, Authentication Package=N/A, sysmon-processguid=N/A, Realm=DOMAIN_0001.LOCAL, Account ID=S-1-5-21-0002, Process Path=C:\Windows\System32\conhost.exe, Status Code=N/A, User Domain=DOMAIN_0012.LOCAL, Encoded Argument=N/A, Target Username=USER_0008, Event ID=4688, sysmon-user=USER_0004, Command=??\C:\Windows\system32\conhost.exe 0xffffffff -ForceV1, Process ID=0x2fdfc, Machine Identifier=HOST_0008, Target Account Security ID=S-1-5-21-0003, Device Name=HOST_0008, IMP Hash=N/A, Parent Process Path=C:\Users\USER_0014\AppData\Roaming\MobaXterm\slash\bin\xkbcomp_w32.exe}",false,MAC_0001,MAC_0002,[REDACTED_DUPLICATE_PAYLOAD],3,53779,0,12,false,0:0:0:0:0:0:0:0,N/A,0,N/A,8110,"<13>Jul 10 13:40:16 10.0.0.4.vnpost AgentDevice=WindowsLog	AgentLogFile=Security	PluginVersion=7.3.1.28	Source=Microsoft-Windows-Security-Auditing	Computer=Jump-QTHTvDL-App	OriginatingComputer=Jump-QTHTvDL-App	User=	Domain=	EventID=4688	EventIDCode=4688	EventType=8	EventCategory=13312	RecordNumber=9116954	TimeGenerated=1783665614	TimeWritten=1783665614	Level=Log Always	Keywords=Audit Success	Task=SE_ADT_DETAILEDTRACKING_PROCESSCREATION	Opcode=Info	Message=A new process has been created.  Creator Subject:  Security ID:  DOMAIN_0012.LOCAL\USER_0016  Account Name: USER_0016  Account Domain: DOMAIN_0012.LOCAL  Logon ID:  0x3ED1F285B  Target Subject:  Security ID:  NULL SID  Account Name:  -  Account Domain:  -  Logon ID:  0x0  Process Information:  New Process ID:  0x2fdfc  New Process Name: C:\Windows\System32\conhost.exe  Token Elevation Type: %%1936  Mandatory Label:  Mandatory Label\Medium Mandatory Level  Creator Process ID: 0x2fffc  Creator Process Name: C:\Users\USER_0014\AppData\Roaming\MobaXterm\slash\bin\xkbcomp_w32.exe  Process Command Line: \??\C:\Windows\system32\conhost.exe 0xffffffff -ForceV1  Token Elevation Type indicates the type of token that was assigned to the new process in accordance with User Account Control policy.  Type 1 is a full token with no privileges removed or groups disabled.  A full token is only used if User Account Control is disabled or if the user is the built-in Administrator account or a service account.  Type 2 is an elevated token with no privileges removed or groups disabled.  An elevated token is used when User Account Control is enabled and the user chooses to start the program using Run as administrator.  An elevated token is also used when an application is configured to always require administrative privilege or to always require maximum privilege, and the user is a member of the Administrators group.  Type 3 is a limited token with administrative privileges removed and administrative groups disabled.  The limited token is used when User Account Control is enabled, the application does not require administrative privilege, and the user does not choose to start the program using Run as administrator. ",Process Creation Success,N/A,1,0,unknown,N/A,Success Audit: A new process has been created,unknown,0,null,1783665614000,255,0,false,0,"true""""",Success Audit,HOST_0004,Success Audit: A new process has been created.,0,1783665625545,No Offense,255,HOST_0009 @ 10.0.0.4,false,3,false,N/A,10.0.0.4,false,1783665625545,5,NETWORK_0002,35,4688,0,3,-1,HOST_0004,[REDACTED_DUPLICATE_PAYLOAD],USER_0016,5000862,false,null,N/A,"13:40:25, 10 thg 7, 2026","13:40:14, 10 thg 7, 2026",MAC_0002,HOST_0006,439,0,false,10.0.0.4,0,N/A,10.0.0.3,1,"13:40:25, 10 thg 7, 2026",0:0:0:0:0:0:0:0,N/A,null,"100101,100221,100265,109237,109187,100668,156193,100277,100272,134937,166353,100223"
N/A,false,0,0,USER_0004,HOST_0007,"{sysmon-eventid=8, Description=N/A, Message=N/A, Pipe Name=N/A, sysmon-processid=197756, sysmon-sourceimage=C:\Users\QTHT~1.AND\AppData\Roaming\MobaXterm\slash\bin\XWin_MobaX.exe, channel=Microsoft-Windows-Sysmon/Operational, Logon Account Domain=DOMAIN_0001.LOCAL, Object Name=N/A, Target Process Path=C:\Users\USER_0014\AppData\Roaming\MobaXterm\slash\bin\xkbcomp_w32.exe, Process Name=XWin_MobaX.exe, Account Name=USER_0004, Logon Type=N/A, Target User Domain=DOMAIN_0001.LOCAL, Account Security ID=S-1-5-21-0002, Share Name=N/A, Authentication Package=N/A, sysmon-processguid={5b31cfa1-93ce-6a50-2c31-070000001a00}, sysmon-sourceprocessguid={5b31cfa1-93ce-6a50-2c31-070000001a00}, Logon Account Name=USER_0004, Realm=DOMAIN_0001.LOCAL, Source Process Path=C:\Users\USER_0014\AppData\Roaming\MobaXterm\slash\bin\XWin_MobaX.exe, EventIDCode=8, Account ID=S-1-5-21-0002, sysmon-targetprocessid=196604, Process Path=C:\Users\USER_0014\AppData\Roaming\MobaXterm\slash\bin\XWin_MobaX.exe, sysmon-utctime=2026-07-10 06:40:14.758, Status Code=N/A, User Domain=DOMAIN_0001.LOCAL, Key Length=N/A, Target Username=USER_0004, Event ID=8, Target Process Name=xkbcomp_w32.exe, sysmon-startmodule=-, ProgramName=N/A, Start Module=-, sysmon-startfunction=-, sysmon-user=USER_0002, SourceImageTempPath=N/A, Process GUID=N/A, Machine Identifier=HOST_0008, Object Type=N/A, Start Address=0x00000000004014E0, Target Account Security ID=S-1-5-21-0002, Start Function=-, sysmon-startaddress=0x00000000004014E0, Device Name=HOST_0008, sysmon-targetimage=C:\Users\QTHT~1.AND\AppData\Roaming\MobaXterm\slash\bin\xkbcomp_w32.exe}",false,MAC_0001,MAC_0002,[REDACTED_DUPLICATE_PAYLOAD],3,53779,0,12,false,0:0:0:0:0:0:0:0,N/A,0,N/A,7036,<13>Jul 10 13:40:15 10.0.0.4.vnpost AgentDevice=WindowsLog	AgentLogFile=Microsoft-Windows-Sysmon/Operational	PluginVersion=7.3.1.28	Source=Microsoft-Windows-Sysmon	Computer=Jump-QTHTvDL-App	OriginatingComputer=Jump-QTHTvDL-App	User=USER_0002	Domain=DOMAIN_0006.LOCAL	EventID=8	EventIDCode=8	EventType=4	EventCategory=8	RecordNumber=73516387	TimeGenerated=1783665614	TimeWritten=1783665614	Level=Informational	Keywords=0x8000000000000000	Task=SysmonTask-SYSMON_CREATE_REMOTE_THREAD	Opcode=Info	Message=CreateRemoteThread detected: RuleName: - UtcTime: 2026-07-10 06:40:14.758 SourceProcessGuid: {5b31cfa1-93ce-6a50-2c31-070000001a00} SourceProcessId: 197756 SourceImage: C:\Users\USER_0014\AppData\Roaming\MobaXterm\slash\bin\XWin_MobaX.exe TargetProcessGuid: {5b31cfa1-93ce-6a50-2d31-070000001a00} TargetProcessId: 196604 TargetImage: C:\Users\USER_0014\AppData\Roaming\MobaXterm\slash\bin\xkbcomp_w32.exe NewThreadId: 185332 StartAddress: 0x00000000004014E0 StartModule: - StartFunction: - ,Suspicious Windows Events,N/A,1,0,unknown,N/A,CreateRemoteThread,unknown,0,null,1783665614000,255,0,false,0,"true""""",Microsoft-Windows-Sysmon/Operational,HOST_0004,The CreateRemoteThread event detects when a process creates a thread in another process.,0,1783665616531,No Offense,255,HOST_0009 @ 10.0.0.4,true,3,false,N/A,10.0.0.4,false,1783665616531,5,NETWORK_0002,35,8,0,3,-1,HOST_0004,[REDACTED_DUPLICATE_PAYLOAD],USER_0002,5001845,false,null,N/A,"13:40:16, 10 thg 7, 2026","13:40:14, 10 thg 7, 2026",MAC_0002,HOST_0006,439,0,false,10.0.0.4,0,N/A,10.0.0.3,1,"13:40:16, 10 thg 7, 2026",0:0:0:0:0:0:0:0,N/A,null,"100101,100164,100146,100221,100265,109237,109187,156193,100691,100626,100277,100272,134937,166353,100223"
N/A,false,0,0,USER_0004,HOST_0007,"{sysmon-eventid=8, Description=N/A, Message=N/A, Pipe Name=N/A, sysmon-processid=197324, sysmon-sourceimage=C:\Program Files (x86)\Mobatek\MobaXterm\MobaXterm.exe, channel=Microsoft-Windows-Sysmon/Operational, Logon Account Domain=DOMAIN_0001.LOCAL, Object Name=N/A, Target Process Path=C:\Users\USER_0014\AppData\Roaming\MobaXterm\slash\bin\XWin_MobaX.exe, Process Name=MobaXterm.exe, Account Name=USER_0004, Logon Type=N/A, Target User Domain=DOMAIN_0001.LOCAL, Account Security ID=S-1-5-21-0002, Share Name=N/A, Authentication Package=N/A, sysmon-processguid={5b31cfa1-93cc-6a50-2b31-070000001a00}, sysmon-sourceprocessguid={5b31cfa1-93cc-6a50-2b31-070000001a00}, Logon Account Name=USER_0004, Realm=DOMAIN_0001.LOCAL, Source Process Path=C:\Program Files (x86)\Mobatek\MobaXterm\MobaXterm.exe, EventIDCode=8, Account ID=S-1-5-21-0002, sysmon-targetprocessid=197756, Process Path=C:\Program Files (x86)\Mobatek\MobaXterm\MobaXterm.exe, sysmon-utctime=2026-07-10 06:40:14.274, Status Code=N/A, User Domain=DOMAIN_0001.LOCAL, Key Length=N/A, Target Username=USER_0004, Event ID=8, Target Process Name=XWin_MobaX.exe, sysmon-startmodule=-, ProgramName=N/A, Start Module=-, sysmon-startfunction=-, sysmon-user=USER_0002, SourceImageTempPath=N/A, Process GUID=N/A, Machine Identifier=HOST_0008, Object Type=N/A, Start Address=0x00000000004014C0, Target Account Security ID=S-1-5-21-0002, Start Function=-, sysmon-startaddress=0x00000000004014C0, Device Name=HOST_0008, sysmon-targetimage=C:\Users\QTHT~1.AND\AppData\Roaming\MobaXterm\slash\bin\XWin_MobaX.exe}",false,MAC_0001,MAC_0002,[REDACTED_DUPLICATE_PAYLOAD],3,53779,0,12,false,0:0:0:0:0:0:0:0,N/A,0,N/A,7036,<13>Jul 10 13:40:15 10.0.0.4.vnpost AgentDevice=WindowsLog	AgentLogFile=Microsoft-Windows-Sysmon/Operational	PluginVersion=7.3.1.28	Source=Microsoft-Windows-Sysmon	Computer=Jump-QTHTvDL-App	OriginatingComputer=Jump-QTHTvDL-App	User=USER_0002	Domain=DOMAIN_0006.LOCAL	EventID=8	EventIDCode=8	EventType=4	EventCategory=8	RecordNumber=73515856	TimeGenerated=1783665614	TimeWritten=1783665614	Level=Informational	Keywords=0x8000000000000000	Task=SysmonTask-SYSMON_CREATE_REMOTE_THREAD	Opcode=Info	Message=CreateRemoteThread detected: RuleName: - UtcTime: 2026-07-10 06:40:14.274 SourceProcessGuid: {5b31cfa1-93cc-6a50-2b31-070000001a00} SourceProcessId: 197324 SourceImage: C:\Program Files (x86)\Mobatek\MobaXterm\MobaXterm.exe TargetProcessGuid: {5b31cfa1-93ce-6a50-2c31-070000001a00} TargetProcessId: 197756 TargetImage: C:\Users\USER_0014\AppData\Roaming\MobaXterm\slash\bin\XWin_MobaX.exe NewThreadId: 195892 StartAddress: 0x00000000004014C0 StartModule: - StartFunction: - ,Suspicious Windows Events,N/A,1,0,unknown,N/A,CreateRemoteThread,unknown,0,null,1783665614000,255,0,false,0,"true""""",Microsoft-Windows-Sysmon/Operational,HOST_0004,The CreateRemoteThread event detects when a process creates a thread in another process.,0,1783665616501,No Offense,255,HOST_0009 @ 10.0.0.4,true,3,false,N/A,10.0.0.4,false,1783665616501,5,NETWORK_0002,35,8,0,3,-1,HOST_0004,[REDACTED_DUPLICATE_PAYLOAD],USER_0002,5001845,false,null,N/A,"13:40:16, 10 thg 7, 2026","13:40:14, 10 thg 7, 2026",MAC_0002,HOST_0006,439,0,false,10.0.0.4,0,N/A,10.0.0.3,1,"13:40:16, 10 thg 7, 2026",0:0:0:0:0:0:0:0,N/A,null,"100101,100164,100146,100221,100265,109237,109187,156193,100691,100626,100277,100272,134937,166353,100223"
N/A,false,0,0,USER_0004,HOST_0007,"{sysmon-eventid=8, Description=N/A, Message=N/A, Pipe Name=N/A, sysmon-processid=194044, sysmon-sourceimage=C:\Windows\explorer.exe, channel=Microsoft-Windows-Sysmon/Operational, Logon Account Domain=DOMAIN_0001.LOCAL, Object Name=N/A, Target Process Path=C:\Program Files (x86)\Mobatek\MobaXterm\MobaXterm.exe, Process Name=explorer.exe, Account Name=USER_0004, Logon Type=N/A, Target User Domain=DOMAIN_0001.LOCAL, Account Security ID=S-1-5-21-0002, Share Name=N/A, Authentication Package=N/A, sysmon-processguid={5b31cfa1-93b4-6a50-0c31-070000001a00}, sysmon-sourceprocessguid={5b31cfa1-93b4-6a50-0c31-070000001a00}, Logon Account Name=USER_0004, Realm=DOMAIN_0001.LOCAL, Source Process Path=C:\Windows\explorer.exe, EventIDCode=8, Account ID=S-1-5-21-0002, sysmon-targetprocessid=197324, Process Path=C:\Windows\explorer.exe, sysmon-utctime=2026-07-10 06:40:12.274, Status Code=N/A, User Domain=DOMAIN_0001.LOCAL, Key Length=N/A, Target Username=USER_0004, Event ID=8, Target Process Name=MobaXterm.exe, sysmon-startmodule=-, ProgramName=N/A, Start Module=-, sysmon-startfunction=-, sysmon-user=USER_0002, SourceImageTempPath=N/A, Process GUID=N/A, Machine Identifier=HOST_0008, Object Type=N/A, Start Address=0x0000000000B1003C, Target Account Security ID=S-1-5-21-0002, Start Function=-, sysmon-startaddress=0x0000000000B1003C, Device Name=HOST_0008, sysmon-targetimage=C:\Program Files (x86)\Mobatek\MobaXterm\MobaXterm.exe}",false,MAC_0001,MAC_0002,[REDACTED_DUPLICATE_PAYLOAD],3,53779,0,12,false,0:0:0:0:0:0:0:0,N/A,0,N/A,7036,<13>Jul 10 13:40:15 10.0.0.4.vnpost AgentDevice=WindowsLog	AgentLogFile=Microsoft-Windows-Sysmon/Operational	PluginVersion=7.3.1.28	Source=Microsoft-Windows-Sysmon	Computer=Jump-QTHTvDL-App	OriginatingComputer=Jump-QTHTvDL-App	User=USER_0002	Domain=DOMAIN_0006.LOCAL	EventID=8	EventIDCode=8	EventType=4	EventCategory=8	RecordNumber=73514282	TimeGenerated=1783665612	TimeWritten=1783665612	Level=Informational	Keywords=0x8000000000000000	Task=SysmonTask-SYSMON_CREATE_REMOTE_THREAD	Opcode=Info	Message=CreateRemoteThread detected: RuleName: - UtcTime: 2026-07-10 06:40:12.274 SourceProcessGuid: {5b31cfa1-93b4-6a50-0c31-070000001a00} SourceProcessId: 194044 SourceImage: C:\Windows\explorer.exe TargetProcessGuid: {5b31cfa1-93cc-6a50-2b31-070000001a00} TargetProcessId: 197324 TargetImage: C:\Program Files (x86)\Mobatek\MobaXterm\MobaXterm.exe NewThreadId: 195476 StartAddress: 0x0000000000B1003C StartModule: - StartFunction: - ,Suspicious Windows Events,N/A,1,0,unknown,N/A,CreateRemoteThread,unknown,0,null,1783665612000,255,0,false,0,"true""""",Microsoft-Windows-Sysmon/Operational,HOST_0004,The CreateRemoteThread event detects when a process creates a thread in another process.,0,1783665616406,No Offense,255,HOST_0009 @ 10.0.0.4,true,3,false,N/A,10.0.0.4,false,1783665616406,5,NETWORK_0002,35,8,0,3,-1,HOST_0004,[REDACTED_DUPLICATE_PAYLOAD],USER_0002,5001845,false,null,N/A,"13:40:16, 10 thg 7, 2026","13:40:12, 10 thg 7, 2026",MAC_0002,HOST_0006,439,0,false,10.0.0.4,0,N/A,10.0.0.3,1,"13:40:16, 10 thg 7, 2026",0:0:0:0:0:0:0:0,N/A,null,"100101,100164,100146,100221,100265,109237,109187,100668,156193,100691,100626,100277,100272,134937,166353,100223"
