N/A,false,0,0,USER_0004,HOST_0021,"{sysmon-eventid=1, Parent Process Name=svchost.exe, Pipe Name=N/A, File Directory=N/A, sysmon-processid=9060, channel=Microsoft-Windows-Sysmon/Operational, sysmon-username= DOMAIN_0014.LOCAL\USER_0031, Parent Command=C:\WINDOWS\system32\svchost.exe -k DcomLaunch -p, Object Name=N/A, Account Name=USER_0004, sysmon-currentdirectory=C:\WINDOWS\system32\, Target User Domain=DOMAIN_0001.LOCAL, Logon Account Name=USER_0004, Product Description=Host process for WinRM plug-ins, EventIDCode=1, Terminated Process Name=N/A, MD5 Hash=CF847821027B21C569E1251C7B8730F0, Filename=N/A, Key Length=N/A, sysmon-logonid=0xC6858EFF, ProgramName=N/A, Process GUID=b59a7af0-29aa-6a63-a1f7-010000000b00, SHA1 Hash=49B171C632B4E1FB16A25FF374DDF8399E4D797B, File Extension=N/A, Object Type=N/A, sysmon-hash=SHA1=49B171C632B4E1FB16A25FF374DDF8399E4D797B,MD5=CF847821027B21C569E1251C7B8730F0,SHA256=4A2388D16E02925956DFF1E92B2B146C89E267B85637069EB1F18B2FA5AF3049,IMPHASH=7FEF88FAEC37D0AC077432BF7E65BA27, SHA256 Hash=4A2388D16E02925956DFF1E92B2B146C89E267B85637069EB1F18B2FA5AF3049, Parent Process GUID=b59a7af0-d22d-69f7-0f00-000000000b00, Integrity Level=High, sysmon-parentimage=C:\Windows\System32\svchost.exe, Description=Description: Host process for WinRM plug-ins Product, File Hash=49B171C632B4E1FB16A25FF374DDF8399E4D797B, Token Elevation Type=N/A, Message=N/A, sysmon-rulename=-, Encoded Command=N/A, Logon Account Domain=DOMAIN_0001.LOCAL, Process Name=wsmprovhost.exe, Parent Process ID=1228, sysmon-parentcommandline=C:\WINDOWS\system32\svchost.exe -k DcomLaunch -p, Logon Type=N/A, sysmon-integritylevel=High, sysmon-logonguid={b59a7af0-29aa-6a63-ff8e-85c600000000}, Account Security ID=S-1-5-21-0002, Share Name=N/A, Authentication Package=N/A, sysmon-processguid={b59a7af0-29aa-6a63-a1f7-010000000b00}, Realm=DOMAIN_0001.LOCAL, Account ID=S-1-5-21-0002, sysmon-description=Host process for WinRM plug-ins, Process Path=C:\Windows\System32\wsmprovhost.exe, Status Code=N/A, Product Name=Microsoft® Windows® Operating System, User Domain=DOMAIN_0001.LOCAL, Encoded Argument=N/A, Target Username=USER_0004, Event ID=1, sysmon-parentprocessid=1228, Product Company=Microsoft Corporation, sysmon-fileversion=10.0.26100.1 (WinBuild.160101.0800), sysmon-parentprocessguid={b59a7af0-d22d-69f7-0f00-000000000b00}, sysmon-user=USER_0002, Command=C:\WINDOWS\system32\wsmprovhost.exe -Embedding, sysmon-originalfilename=wsmprovhost.exe, Process ID=9060, sysmon-image=C:\Windows\System32\wsmprovhost.exe, Machine Identifier=HOST_0022, Target Account Security ID=S-1-5-21-0002, sysmon-commandline=C:\WINDOWS\system32\wsmprovhost.exe -Embedding, Device Name=HOST_0022, IMP Hash=7FEF88FAEC37D0AC077432BF7E65BA27, Current Working Directory=C:\WINDOWS\system32\, Parent Process Path=C:\Windows\System32\svchost.exe, sysmon-terminalsessionid=2}",false,MAC_0001,MAC_0002,[REDACTED_DUPLICATE_PAYLOAD],3,52869,0,12,false,0:0:0:0:0:0:0:0,N/A,0,N/A,8110,"<13>Jul 24 16:00:26 10.0.0.10.Ptit AgentDevice=WindowsLog	AgentLogFile=Microsoft-Windows-Sysmon/Operational	PluginVersion=7.3.1.28	Source=Microsoft-Windows-Sysmon	Computer=AD01.ptit.edu.vn	OriginatingComputer=10.2.3.10	User=USER_0002	Domain=DOMAIN_0006.LOCAL	EventID=1	EventIDCode=1	EventType=4	EventCategory=1	RecordNumber=52957919	TimeGenerated=1784883626	TimeWritten=1784883626	Level=Informational	Keywords=0x8000000000000000	Task=SysmonTask-SYSMON_CREATE_PROCESS	Opcode=Info	Message=Process Create: RuleName: - UtcTime: 2026-07-24 09:00:26.390 ProcessGuid: {b59a7af0-29aa-6a63-a1f7-010000000b00} ProcessId: 9060 Image: C:\Windows\System32\wsmprovhost.exe FileVersion: 10.0.26100.1 (WinBuild.160101.0800) Description: Host process for WinRM plug-ins Product: Microsoft® Windows® Operating System Company: Microsoft Corporation OriginalFileName: wsmprovhost.exe CommandLine: C:\WINDOWS\system32\wsmprovhost.exe -Embedding CurrentDirectory: C:\WINDOWS\system32\ User: DOMAIN_0014.LOCAL\USER_0031 LogonGuid: {b59a7af0-29aa-6a63-ff8e-85c600000000} LogonId: 0xC6858EFF TerminalSessionId: 2 IntegrityLevel: High Hashes: SHA1=49B171C632B4E1FB16A25FF374DDF8399E4D797B,MD5=CF847821027B21C569E1251C7B8730F0,SHA256=4A2388D16E02925956DFF1E92B2B146C89E267B85637069EB1F18B2FA5AF3049,IMPHASH=7FEF88FAEC37D0AC077432BF7E65BA27 ParentProcessGuid: {b59a7af0-d22d-69f7-0f00-000000000b00} ParentProcessId: 1228 ParentImage: C:\Windows\System32\svchost.exe ParentCommandLine: C:\WINDOWS\system32\svchost.exe -k DcomLaunch -p",Process Creation Success,N/A,1,0,unknown,N/A,Process Create,unknown,0,null,1784883626000,255,0,false,0,"true""""",Microsoft-Windows-Sysmon/Operational,HOST_0004,The process creation event provides extended information about a newly created process.,0,1784883635753,No Offense,255,HOST_0023 @ 10.0.0.10,false,3,false,N/A,10.0.0.10,false,1784883635753,5,NETWORK_0009,68,1,0,2,-1,HOST_0004,[REDACTED_DUPLICATE_PAYLOAD],USER_0002,5001828,false,null,N/A,"16:00:35, 24 thg 7, 2026","16:00:26, 24 thg 7, 2026",MAC_0002,HOST_0024,630,0,false,10.0.0.10,0,N/A,10.0.0.3,1,"16:00:35, 24 thg 7, 2026",0:0:0:0:0:0:0:0,N/A,null,"100221,100265,109237,109187,100668,156193,100272,134937,166353"
N/A,false,0,0,USER_0004,HOST_0021,"{sysmon-eventid=11, Description=N/A, Message=N/A, Pipe Name=N/A, File Directory=C:\Users\USER_0029\AppData\Local\Temp, sysmon-processid=9060, channel=Microsoft-Windows-Sysmon/Operational, Logon Account Domain=DOMAIN_0001.LOCAL, Object Name=N/A, Process Name=wsmprovhost.exe, Account Name=USER_0004, Logon Type=N/A, Target User Domain=DOMAIN_0001.LOCAL, Account Security ID=S-1-5-21-0002, Share Name=N/A, Authentication Package=N/A, sysmon-processguid={b59a7af0-29aa-6a63-a1f7-010000000b00}, Logon Account Name=USER_0004, Realm=DOMAIN_0001.LOCAL, EventIDCode=11, Account ID=S-1-5-21-0002, Process Path=C:\WINDOWS\system32\wsmprovhost.exe, sysmon-creationutctime=2026-07-24 09:00:26.508, sysmon-utctime=2026-07-24 09:00:26.508, Status Code=N/A, Filename=__PSScriptPolicyTest_mmffia4j.dtd.ps1, User Domain=DOMAIN_0001.LOCAL, Key Length=N/A, Target Username=USER_0004, Event ID=11, ProgramName=N/A, sysmon-targetfilename=C:\Users\administrator.PTIT\AppData\Local\Temp\__PSScriptPolicyTest_mmffia4j.dtd.ps1, sysmon-user=USER_0002, Process GUID=N/A, Process ID=9060, Target File Directory=C:\Users\administrator.PTIT\AppData\Local\Temp\__PSScriptPolicyTest_mmffia4j.dtd.ps1, sysmon-image=C:\WINDOWS\system32\wsmprovhost.exe, File Extension=ps1, Machine Identifier=HOST_0022, Task Name=N/A, Object Type=N/A, Target Account Security ID=S-1-5-21-0002, Device Name=HOST_0022, File Path=C:\Users\administrator.PTIT\AppData\Local\Temp\__PSScriptPolicyTest_mmffia4j.dtd.ps1}",false,MAC_0001,MAC_0002,[REDACTED_DUPLICATE_PAYLOAD],6,52869,0,12,false,0:0:0:0:0:0:0:0,N/A,0,N/A,8028,<13>Jul 24 16:00:26 10.0.0.10.Ptit AgentDevice=WindowsLog	AgentLogFile=Microsoft-Windows-Sysmon/Operational	PluginVersion=7.3.1.28	Source=Microsoft-Windows-Sysmon	Computer=AD01.ptit.edu.vn	OriginatingComputer=10.2.3.10	User=USER_0002	Domain=DOMAIN_0006.LOCAL	EventID=11	EventIDCode=11	EventType=4	EventCategory=11	RecordNumber=52957954	TimeGenerated=1784883626	TimeWritten=1784883626	Level=Informational	Keywords=0x8000000000000000	Task=SysmonTask-SYSMON_FILE_CREATE	Opcode=Info	Message=File created: RuleName: - UtcTime: 2026-07-24 09:00:26.508 ProcessGuid: {b59a7af0-29aa-6a63-a1f7-010000000b00} ProcessId: 9060 Image: C:\WINDOWS\system32\wsmprovhost.exe TargetFilename: C:\Users\USER_0029\AppData\Local\Temp\__PSScriptPolicyTest_mmffia4j.dtd.ps1 CreationUtcTime: 2026-07-24 09:00:26.508,File Created,N/A,1,0,unknown,N/A,FileCreate,unknown,0,null,1784883626000,255,0,false,0,"true""""",Microsoft-Windows-Sysmon/Operational,HOST_0004,File create operations are logged when a file is created or overwritten.,0,1784883635753,No Offense,255,HOST_0023 @ 10.0.0.10,true,6,false,N/A,10.0.0.10,false,1784883635753,6,NETWORK_0009,68,11,0,6,-1,HOST_0004,[REDACTED_DUPLICATE_PAYLOAD],USER_0002,5001830,false,null,N/A,"16:00:35, 24 thg 7, 2026","16:00:26, 24 thg 7, 2026",MAC_0002,HOST_0024,630,0,false,10.0.0.10,0,N/A,10.0.0.3,1,"16:00:35, 24 thg 7, 2026",0:0:0:0:0:0:0:0,N/A,null,"100221,100265,109237,109187,100620,100668,156193,100276,100272,100764,123237,123937,134937,166353"
N/A,false,0,0,USER_0004,HOST_0021,"{sysmon-eventid=11, Description=N/A, Message=N/A, Pipe Name=N/A, File Directory=C:\Users\USER_0029\AppData\Local\Temp, sysmon-processid=9060, channel=Microsoft-Windows-Sysmon/Operational, Logon Account Domain=DOMAIN_0001.LOCAL, Object Name=N/A, Process Name=wsmprovhost.exe, Account Name=USER_0004, Logon Type=N/A, Target User Domain=DOMAIN_0001.LOCAL, Account Security ID=S-1-5-21-0002, Share Name=N/A, Authentication Package=N/A, sysmon-processguid={b59a7af0-29aa-6a63-a1f7-010000000b00}, Logon Account Name=USER_0004, Realm=DOMAIN_0001.LOCAL, EventIDCode=11, Account ID=S-1-5-21-0002, Process Path=C:\WINDOWS\system32\wsmprovhost.exe, sysmon-creationutctime=2026-07-24 09:00:26.508, sysmon-utctime=2026-07-24 09:00:26.508, Status Code=N/A, Filename=__PSScriptPolicyTest_hdktq0hj.4yk.psm1, User Domain=DOMAIN_0001.LOCAL, Key Length=N/A, Target Username=USER_0004, Event ID=11, ProgramName=N/A, sysmon-targetfilename=C:\Users\administrator.PTIT\AppData\Local\Temp\__PSScriptPolicyTest_hdktq0hj.4yk.psm1, sysmon-user=USER_0002, Process GUID=N/A, Process ID=9060, Target File Directory=C:\Users\administrator.PTIT\AppData\Local\Temp\__PSScriptPolicyTest_hdktq0hj.4yk.psm1, sysmon-image=C:\WINDOWS\system32\wsmprovhost.exe, File Extension=psm1, Machine Identifier=HOST_0022, Task Name=N/A, Object Type=N/A, Target Account Security ID=S-1-5-21-0002, Device Name=HOST_0022, File Path=C:\Users\administrator.PTIT\AppData\Local\Temp\__PSScriptPolicyTest_hdktq0hj.4yk.psm1}",false,MAC_0001,MAC_0002,[REDACTED_DUPLICATE_PAYLOAD],6,52869,0,12,false,0:0:0:0:0:0:0:0,N/A,0,N/A,8028,<13>Jul 24 16:00:26 10.0.0.10.Ptit AgentDevice=WindowsLog	AgentLogFile=Microsoft-Windows-Sysmon/Operational	PluginVersion=7.3.1.28	Source=Microsoft-Windows-Sysmon	Computer=AD01.ptit.edu.vn	OriginatingComputer=10.2.3.10	User=USER_0002	Domain=DOMAIN_0006.LOCAL	EventID=11	EventIDCode=11	EventType=4	EventCategory=11	RecordNumber=52957955	TimeGenerated=1784883626	TimeWritten=1784883626	Level=Informational	Keywords=0x8000000000000000	Task=SysmonTask-SYSMON_FILE_CREATE	Opcode=Info	Message=File created: RuleName: - UtcTime: 2026-07-24 09:00:26.508 ProcessGuid: {b59a7af0-29aa-6a63-a1f7-010000000b00} ProcessId: 9060 Image: C:\WINDOWS\system32\wsmprovhost.exe TargetFilename: C:\Users\USER_0029\AppData\Local\Temp\__PSScriptPolicyTest_hdktq0hj.4yk.psm1 CreationUtcTime: 2026-07-24 09:00:26.508,File Created,N/A,1,0,unknown,N/A,FileCreate,unknown,0,null,1784883626000,255,0,false,0,"true""""",Microsoft-Windows-Sysmon/Operational,HOST_0004,File create operations are logged when a file is created or overwritten.,0,1784883635753,No Offense,255,HOST_0023 @ 10.0.0.10,true,6,false,N/A,10.0.0.10,false,1784883635753,6,NETWORK_0009,68,11,0,6,-1,HOST_0004,[REDACTED_DUPLICATE_PAYLOAD],USER_0002,5001830,false,null,N/A,"16:00:35, 24 thg 7, 2026","16:00:26, 24 thg 7, 2026",MAC_0002,HOST_0024,630,0,false,10.0.0.10,0,N/A,10.0.0.3,1,"16:00:35, 24 thg 7, 2026",0:0:0:0:0:0:0:0,N/A,null,"100221,100265,109237,109187,100620,100668,156193,100276,100272,100764,123237,123937,134937,166353"
N/A,false,0,0,USER_0004,HOST_0021,"{sysmon-eventid=17, Description=N/A, Message=N/A, Pipe Name=PSHost.134293572263908742.9060.DefaultAppDomain.wsmprovhost, sysmon-processid=9060, channel=Microsoft-Windows-Sysmon/Operational, Logon Account Domain=DOMAIN_0001.LOCAL, Object Name=N/A, Process Name=wsmprovhost.exe, sysmon-pipename=\PSHost.134293572263908742.9060.DefaultAppDomain.wsmprovhost, Account Name=USER_0004, Logon Type=N/A, Target User Domain=DOMAIN_0001.LOCAL, Account Security ID=S-1-5-21-0002, Share Name=N/A, Authentication Package=N/A, sysmon-processguid={b59a7af0-29aa-6a63-a1f7-010000000b00}, Logon Account Name=USER_0004, Realm=DOMAIN_0001.LOCAL, EventIDCode=17, Account ID=S-1-5-21-0002, Process Path=C:\WINDOWS\system32\wsmprovhost.exe, sysmon-utctime=2026-07-24 09:00:26.537, Status Code=N/A, User Domain=DOMAIN_0001.LOCAL, Key Length=N/A, Target Username=USER_0004, Event ID=17, ProgramName=N/A, sysmon-user=USER_0002, Process GUID=N/A, Process ID=9060, sysmon-image=C:\WINDOWS\system32\wsmprovhost.exe, Machine Identifier=HOST_0022, Object Type=N/A, Target Account Security ID=S-1-5-21-0002, Device Name=HOST_0022}",false,MAC_0001,MAC_0002,[REDACTED_DUPLICATE_PAYLOAD],3,52869,0,12,false,0:0:0:0:0:0:0:0,N/A,0,N/A,19012,<13>Jul 24 16:00:26 10.0.0.10.Ptit AgentDevice=WindowsLog	AgentLogFile=Microsoft-Windows-Sysmon/Operational	PluginVersion=7.3.1.28	Source=Microsoft-Windows-Sysmon	Computer=AD01.ptit.edu.vn	OriginatingComputer=10.2.3.10	User=USER_0002	Domain=DOMAIN_0006.LOCAL	EventID=17	EventIDCode=17	EventType=4	EventCategory=17	RecordNumber=52957958	TimeGenerated=1784883626	TimeWritten=1784883626	Level=Informational	Keywords=0x8000000000000000	Task=SysmonTask-SYSMON_CREATE_NAMEDPIPE	Opcode=Info	Message=Pipe Created: RuleName: - EventType: CreatePipe UtcTime: 2026-07-24 09:00:26.537 ProcessGuid: {b59a7af0-29aa-6a63-a1f7-010000000b00} ProcessId: 9060 PipeName: \PSHost.134293572263908742.9060.DefaultAppDomain.wsmprovhost Image: C:\WINDOWS\system32\wsmprovhost.exe,Create Activity Succeeded,N/A,1,0,unknown,N/A,PipeEvent (Pipe Created),unknown,0,null,1784883626000,255,0,false,0,"true""""",Microsoft-Windows-Sysmon/Operational,HOST_0004,Named pipe created,0,1784883635753,No Offense,255,HOST_0023 @ 10.0.0.10,false,3,false,N/A,10.0.0.10,false,1784883635753,5,NETWORK_0009,68,17,0,1,-1,HOST_0004,[REDACTED_DUPLICATE_PAYLOAD],USER_0002,5001836,false,null,N/A,"16:00:35, 24 thg 7, 2026","16:00:26, 24 thg 7, 2026",MAC_0002,HOST_0024,630,0,false,10.0.0.10,0,N/A,10.0.0.3,1,"16:00:35, 24 thg 7, 2026",0:0:0:0:0:0:0:0,N/A,null,"100221,100737,100265,109237,109187,100668,156193,100272,134937,166353"
N/A,false,0,0,USER_0004,HOST_0021,"{sysmon-eventid=7, Pipe Name=N/A, Signature Status=Valid, File Directory=C:\Windows\Microsoft.NET\Framework64\v4.0.30319, sysmon-processid=9060, channel=Microsoft-Windows-Sysmon/Operational, Object Name=N/A, Account Name=USER_0004, Target User Domain=DOMAIN_0001.LOCAL, Logon Account Name=USER_0004, Product Description=Microsoft .NET Runtime Common Language Runtime - WorkStation, EventIDCode=7, sysmon-utctime=2026-07-24 09:00:26.447, Signed=true, MD5 Hash=92468614F9629FA127476D0062F87905, Filename=clr.dll, Key Length=N/A, ProgramName=N/A, Process GUID=N/A, SHA1 Hash=61E04AC8DB08D31243F3C34BE05997CA3BF13AC7, File Extension=dll, Object Type=N/A, sysmon-hash=SHA1=61E04AC8DB08D31243F3C34BE05997CA3BF13AC7,MD5=92468614F9629FA127476D0062F87905,SHA256=49F9F13966C176C8F8943FBAA73D420192543A892BFB28259598D18DE8316D86,IMPHASH=01E0958B232430E87E27DC8010111684, SHA256 Hash=49F9F13966C176C8F8943FBAA73D420192543A892BFB28259598D18DE8316D86, File Path=C:\Windows\Microsoft.NET\Framework64\v4.0.30319\clr.dll, Description=Description: Microsoft .NET Runtime Common Language Runtime - WorkStation Product, Message=N/A, sysmon-signaturestatus=Valid, Logon Account Domain=DOMAIN_0001.LOCAL, Process Name=wsmprovhost.exe, Logon Type=N/A, sysmon-signature=Microsoft Corporation , Image Loaded=C:\Windows\Microsoft.NET\Framework64\v4.0.30319\clr.dll, Account Security ID=S-1-5-21-0002, Share Name=N/A, Authentication Package=N/A, sysmon-processguid={b59a7af0-29aa-6a63-a1f7-010000000b00}, Realm=DOMAIN_0001.LOCAL, Account ID=S-1-5-21-0002, Process Path=C:\Windows\System32\wsmprovhost.exe, sysmon-signed=true, Status Code=N/A, Product Name=Microsoft® .NET Framework, User Domain=DOMAIN_0001.LOCAL, Target Username=USER_0004, Event ID=7, Product Company=Microsoft Corporation, sysmon-user=USER_0002, sysmon-originalfilename=clr.dll, Process ID=9060, Machine Identifier=HOST_0022, Signature=Microsoft Corporation, Target Account Security ID=S-1-5-21-0002, Device Name=HOST_0022, IMP Hash=01E0958B232430E87E27DC8010111684}",false,MAC_0001,MAC_0002,[REDACTED_DUPLICATE_PAYLOAD],3,52869,0,12,false,0:0:0:0:0:0:0:0,N/A,0,N/A,19247,"<13>Jul 24 16:00:26 10.0.0.10.Ptit AgentDevice=WindowsLog	AgentLogFile=Microsoft-Windows-Sysmon/Operational	PluginVersion=7.3.1.28	Source=Microsoft-Windows-Sysmon	Computer=AD01.ptit.edu.vn	OriginatingComputer=10.2.3.10	User=USER_0002	Domain=DOMAIN_0006.LOCAL	EventID=7	EventIDCode=7	EventType=4	EventCategory=7	RecordNumber=52957935	TimeGenerated=1784883626	TimeWritten=1784883626	Level=Informational	Keywords=0x8000000000000000	Task=SysmonTask-SYSMON_IMAGE_LOAD	Opcode=Info	Message=Image loaded: RuleName: - UtcTime: 2026-07-24 09:00:26.447 ProcessGuid: {b59a7af0-29aa-6a63-a1f7-010000000b00} ProcessId: 9060 Image: C:\Windows\System32\wsmprovhost.exe ImageLoaded: C:\Windows\Microsoft.NET\Framework64\v4DOMAIN_0015.LOCAL\USER_0033 FileVersion: 4.8.9266.0 built by: NET481REL1LAST_B Description: Microsoft .NET Runtime Common Language Runtime - WorkStation Product: Microsoft® .NET Framework Company: Microsoft Corporation OriginalFileName: clr.dll Hashes: SHA1=61E04AC8DB08D31243F3C34BE05997CA3BF13AC7,MD5=92468614F9629FA127476D0062F87905,SHA256=49F9F13966C176C8F8943FBAA73D420192543A892BFB28259598D18DE8316D86,IMPHASH=01E0958B232430E87E27DC8010111684 Signed: true Signature: Microsoft Corporation SignatureStatus: Valid",Object Load Success,N/A,1,0,unknown,N/A,Image loaded,unknown,0,null,1784883626000,255,0,false,0,"true""""",Microsoft-Windows-Sysmon/Operational,HOST_0004,The image loaded event logs when a module is loaded in a specific process.,0,1784883635753,No Offense,255,HOST_0023 @ 10.0.0.10,false,3,false,N/A,10.0.0.10,false,1784883635753,5,NETWORK_0009,68,7,0,1,-1,HOST_0004,[REDACTED_DUPLICATE_PAYLOAD],USER_0002,5001844,false,null,N/A,"16:00:35, 24 thg 7, 2026","16:00:26, 24 thg 7, 2026",MAC_0002,HOST_0024,630,0,false,10.0.0.10,0,N/A,10.0.0.3,1,"16:00:35, 24 thg 7, 2026",0:0:0:0:0:0:0:0,N/A,null,"100221,100265,109237,109187,100668,156193,100272,134937,166353"
N/A,false,0,0,USER_0004,HOST_0021,"{sysmon-eventid=7, Pipe Name=N/A, Signature Status=Valid, File Directory=C:\Windows\System32, sysmon-processid=9060, channel=Microsoft-Windows-Sysmon/Operational, Object Name=N/A, Account Name=USER_0004, Target User Domain=DOMAIN_0001.LOCAL, Logon Account Name=USER_0004, Product Description=Microsoft® C Runtime Library, EventIDCode=7, sysmon-utctime=2026-07-24 09:00:26.447, Signed=true, MD5 Hash=006520D546D4E15378B11B1D269559E4, Filename=vcruntime140_clr0400.dll, Key Length=N/A, ProgramName=N/A, Process GUID=N/A, SHA1 Hash=2B5A4B93C98CF1CB8DD5E337F5EFDA83BB928A25, File Extension=dll, Object Type=N/A, sysmon-hash=SHA1=2B5A4B93C98CF1CB8DD5E337F5EFDA83BB928A25,MD5=006520D546D4E15378B11B1D269559E4,SHA256=7FC846ABD97D7112D6CD1973D5C9F250331A1413A57A1E1456AE55308CA843C0,IMPHASH=86E3224A57B98BECA76A3656422A23F6, SHA256 Hash=7FC846ABD97D7112D6CD1973D5C9F250331A1413A57A1E1456AE55308CA843C0, File Path=C:\Windows\System32\vcruntime140_clr0400.dll, Description=Description: Microsoft® C Runtime Library Product, Message=N/A, sysmon-signaturestatus=Valid, Logon Account Domain=DOMAIN_0001.LOCAL, Process Name=wsmprovhost.exe, Logon Type=N/A, sysmon-signature=Microsoft Corporation , Image Loaded=C:\Windows\System32\vcruntime140_clr0400.dll, Account Security ID=S-1-5-21-0002, Share Name=N/A, Authentication Package=N/A, sysmon-processguid={b59a7af0-29aa-6a63-a1f7-010000000b00}, Realm=DOMAIN_0001.LOCAL, Account ID=S-1-5-21-0002, Process Path=C:\Windows\System32\wsmprovhost.exe, sysmon-signed=true, Status Code=N/A, Product Name=Microsoft® Visual Studio®, User Domain=DOMAIN_0001.LOCAL, Target Username=USER_0004, Event ID=7, Product Company=Microsoft Corporation, sysmon-user=USER_0002, sysmon-originalfilename=vcruntime140_clr0400.dll, Process ID=9060, Machine Identifier=HOST_0022, Signature=Microsoft Corporation, Target Account Security ID=S-1-5-21-0002, Device Name=HOST_0022, IMP Hash=86E3224A57B98BECA76A3656422A23F6}",false,MAC_0001,MAC_0002,[REDACTED_DUPLICATE_PAYLOAD],3,52869,0,12,false,0:0:0:0:0:0:0:0,N/A,0,N/A,19247,"<13>Jul 24 16:00:26 10.0.0.10.Ptit AgentDevice=WindowsLog	AgentLogFile=Microsoft-Windows-Sysmon/Operational	PluginVersion=7.3.1.28	Source=Microsoft-Windows-Sysmon	Computer=AD01.ptit.edu.vn	OriginatingComputer=10.2.3.10	User=USER_0002	Domain=DOMAIN_0006.LOCAL	EventID=7	EventIDCode=7	EventType=4	EventCategory=7	RecordNumber=52957936	TimeGenerated=1784883626	TimeWritten=1784883626	Level=Informational	Keywords=0x8000000000000000	Task=SysmonTask-SYSMON_IMAGE_LOAD	Opcode=Info	Message=Image loaded: RuleName: - UtcTime: 2026-07-24 09:00:26.447 ProcessGuid: {b59a7af0-29aa-6a63-a1f7-010000000b00} ProcessId: 9060 Image: C:\Windows\System32\wsmprovhost.exe ImageLoaded: C:\Windows\System32\vcruntime140_clr0400.dll FileVersion: 14.32.31326.0 Description: Microsoft® C Runtime Library Product: Microsoft® Visual Studio® Company: Microsoft Corporation OriginalFileName: vcruntime140_clr0400.dll Hashes: SHA1=2B5A4B93C98CF1CB8DD5E337F5EFDA83BB928A25,MD5=006520D546D4E15378B11B1D269559E4,SHA256=7FC846ABD97D7112D6CD1973D5C9F250331A1413A57A1E1456AE55308CA843C0,IMPHASH=86E3224A57B98BECA76A3656422A23F6 Signed: true Signature: Microsoft Corporation SignatureStatus: Valid",Object Load Success,N/A,1,0,unknown,N/A,Image loaded,unknown,0,null,1784883626000,255,0,false,0,"true""""",Microsoft-Windows-Sysmon/Operational,HOST_0004,The image loaded event logs when a module is loaded in a specific process.,0,1784883635753,No Offense,255,HOST_0023 @ 10.0.0.10,false,3,false,N/A,10.0.0.10,false,1784883635753,5,NETWORK_0009,68,7,0,1,-1,HOST_0004,[REDACTED_DUPLICATE_PAYLOAD],USER_0002,5001844,false,null,N/A,"16:00:35, 24 thg 7, 2026","16:00:26, 24 thg 7, 2026",MAC_0002,HOST_0024,630,0,false,10.0.0.10,0,N/A,10.0.0.3,1,"16:00:35, 24 thg 7, 2026",0:0:0:0:0:0:0:0,N/A,null,"100221,100265,109237,109187,100668,156193,100272,134937,166353"
N/A,false,0,0,USER_0004,HOST_0021,"{sysmon-eventid=7, Pipe Name=N/A, Signature Status=Valid, File Directory=C:\Windows\System32, sysmon-processid=9060, channel=Microsoft-Windows-Sysmon/Operational, Object Name=N/A, Account Name=USER_0004, Target User Domain=DOMAIN_0001.LOCAL, Logon Account Name=USER_0004, Product Description=Microsoft® C Runtime Library, EventIDCode=7, sysmon-utctime=2026-07-24 09:00:26.447, Signed=true, MD5 Hash=D700512821D0095DA8A9E7B6DA106BD9, Filename=vcruntime140_1_clr0400.dll, Key Length=N/A, ProgramName=N/A, Process GUID=N/A, SHA1 Hash=213ED334C610E589FCAAB65A8B5427EFFBB28AA3, File Extension=dll, Object Type=N/A, sysmon-hash=SHA1=213ED334C610E589FCAAB65A8B5427EFFBB28AA3,MD5=D700512821D0095DA8A9E7B6DA106BD9,SHA256=B25EC2AFFBEFC2B2009502F7445625DF9E8AEB16C3E56E4C816946049396C320,IMPHASH=24E88EFF41F99973F22FC9338EF664E9, SHA256 Hash=B25EC2AFFBEFC2B2009502F7445625DF9E8AEB16C3E56E4C816946049396C320, File Path=C:\Windows\System32\vcruntime140_1_clr0400.dll, Description=Description: Microsoft® C Runtime Library Product, Message=N/A, sysmon-signaturestatus=Valid, Logon Account Domain=DOMAIN_0001.LOCAL, Process Name=wsmprovhost.exe, Logon Type=N/A, sysmon-signature=Microsoft Corporation , Image Loaded=C:\Windows\System32\vcruntime140_1_clr0400.dll, Account Security ID=S-1-5-21-0002, Share Name=N/A, Authentication Package=N/A, sysmon-processguid={b59a7af0-29aa-6a63-a1f7-010000000b00}, Realm=DOMAIN_0001.LOCAL, Account ID=S-1-5-21-0002, Process Path=C:\Windows\System32\wsmprovhost.exe, sysmon-signed=true, Status Code=N/A, Product Name=Microsoft® Visual Studio®, User Domain=DOMAIN_0001.LOCAL, Target Username=USER_0004, Event ID=7, Product Company=Microsoft Corporation, sysmon-user=USER_0002, sysmon-originalfilename=vcruntime140_1_clr0400.dll, Process ID=9060, Machine Identifier=HOST_0022, Signature=Microsoft Corporation, Target Account Security ID=S-1-5-21-0002, Device Name=HOST_0022, IMP Hash=24E88EFF41F99973F22FC9338EF664E9}",false,MAC_0001,MAC_0002,[REDACTED_DUPLICATE_PAYLOAD],3,52869,0,12,false,0:0:0:0:0:0:0:0,N/A,0,N/A,19247,"<13>Jul 24 16:00:26 10.0.0.10.Ptit AgentDevice=WindowsLog	AgentLogFile=Microsoft-Windows-Sysmon/Operational	PluginVersion=7.3.1.28	Source=Microsoft-Windows-Sysmon	Computer=AD01.ptit.edu.vn	OriginatingComputer=10.2.3.10	User=USER_0002	Domain=DOMAIN_0006.LOCAL	EventID=7	EventIDCode=7	EventType=4	EventCategory=7	RecordNumber=52957937	TimeGenerated=1784883626	TimeWritten=1784883626	Level=Informational	Keywords=0x8000000000000000	Task=SysmonTask-SYSMON_IMAGE_LOAD	Opcode=Info	Message=Image loaded: RuleName: - UtcTime: 2026-07-24 09:00:26.447 ProcessGuid: {b59a7af0-29aa-6a63-a1f7-010000000b00} ProcessId: 9060 Image: C:\Windows\System32\wsmprovhost.exe ImageLoaded: C:\Windows\System32\vcruntime140_1_clr0400.dll FileVersion: 14.32.31326.0 Description: Microsoft® C Runtime Library Product: Microsoft® Visual Studio® Company: Microsoft Corporation OriginalFileName: vcruntime140_1_clr0400.dll Hashes: SHA1=213ED334C610E589FCAAB65A8B5427EFFBB28AA3,MD5=D700512821D0095DA8A9E7B6DA106BD9,SHA256=B25EC2AFFBEFC2B2009502F7445625DF9E8AEB16C3E56E4C816946049396C320,IMPHASH=24E88EFF41F99973F22FC9338EF664E9 Signed: true Signature: Microsoft Corporation SignatureStatus: Valid",Object Load Success,N/A,1,0,unknown,N/A,Image loaded,unknown,0,null,1784883626000,255,0,false,0,"true""""",Microsoft-Windows-Sysmon/Operational,HOST_0004,The image loaded event logs when a module is loaded in a specific process.,0,1784883635753,No Offense,255,HOST_0023 @ 10.0.0.10,false,3,false,N/A,10.0.0.10,false,1784883635753,5,NETWORK_0009,68,7,0,1,-1,HOST_0004,[REDACTED_DUPLICATE_PAYLOAD],USER_0002,5001844,false,null,N/A,"16:00:35, 24 thg 7, 2026","16:00:26, 24 thg 7, 2026",MAC_0002,HOST_0024,630,0,false,10.0.0.10,0,N/A,10.0.0.3,1,"16:00:35, 24 thg 7, 2026",0:0:0:0:0:0:0:0,N/A,null,"100221,100265,109237,109187,100668,156193,100272,134937,166353"
N/A,false,0,0,USER_0004,HOST_0021,"{sysmon-eventid=5, Description=N/A, Message=N/A, Pipe Name=N/A, sysmon-processid=14304, channel=Microsoft-Windows-Sysmon/Operational, Logon Account Domain=DOMAIN_0001.LOCAL, Object Name=N/A, Process Name=wsmprovhost.exe, Account Name=USER_0004, Logon Type=N/A, Target User Domain=DOMAIN_0001.LOCAL, Account Security ID=S-1-5-21-0002, Share Name=N/A, Authentication Package=N/A, sysmon-processguid={b59a7af0-287e-6a63-9cf7-010000000b00}, Logon Account Name=USER_0004, Realm=DOMAIN_0001.LOCAL, EventIDCode=5, Account ID=S-1-5-21-0002, Process Path=C:\Windows\System32\wsmprovhost.exe, sysmon-utctime=2026-07-24 08:55:26.762, Status Code=N/A, User Domain=DOMAIN_0001.LOCAL, Key Length=N/A, Target Username=USER_0004, Event ID=5, ProgramName=N/A, sysmon-user=USER_0002, Process GUID=N/A, Process ID=14304, sysmon-image=C:\Windows\System32\wsmprovhost.exe, Machine Identifier=HOST_0022, Object Type=N/A, Target Account Security ID=S-1-5-21-0002, Device Name=HOST_0022}",false,MAC_0001,MAC_0002,[REDACTED_DUPLICATE_PAYLOAD],3,52869,0,12,false,0:0:0:0:0:0:0:0,N/A,0,N/A,8113,<13>Jul 24 15:55:29 10.0.0.10.Ptit AgentDevice=WindowsLog	AgentLogFile=Microsoft-Windows-Sysmon/Operational	PluginVersion=7.3.1.28	Source=Microsoft-Windows-Sysmon	Computer=AD01.ptit.edu.vn	OriginatingComputer=10.2.3.10	User=USER_0002	Domain=DOMAIN_0006.LOCAL	EventID=5	EventIDCode=5	EventType=4	EventCategory=5	RecordNumber=52953918	TimeGenerated=1784883326	TimeWritten=1784883326	Level=Informational	Keywords=0x8000000000000000	Task=SysmonTask-SYSMON_PROCESS_TERMINATE	Opcode=Info	Message=Process terminated: RuleName: - UtcTime: 2026-07-24 08:55:26.762 ProcessGuid: {b59a7af0-287e-6a63-9cf7-010000000b00} ProcessId: 14304 Image: C:\Windows\System32\wsmprovhost.exe,Process Termination Success,N/A,1,0,unknown,N/A,Process terminated,unknown,0,null,1784883326000,255,0,false,0,"true""""",Microsoft-Windows-Sysmon/Operational,HOST_0004,The process terminate event reports when a process terminates.,0,1784883338930,No Offense,255,HOST_0023 @ 10.0.0.10,false,3,false,N/A,10.0.0.10,false,1784883338930,5,NETWORK_0009,68,5,0,2,-1,HOST_0004,[REDACTED_DUPLICATE_PAYLOAD],USER_0002,5001842,false,null,N/A,"15:55:38, 24 thg 7, 2026","15:55:26, 24 thg 7, 2026",MAC_0002,HOST_0024,630,0,false,10.0.0.10,0,N/A,10.0.0.3,1,"15:55:38, 24 thg 7, 2026",0:0:0:0:0:0:0:0,N/A,null,"100221,100265,109237,109187,100668,156193,100272,134937,166353"
N/A,false,0,0,USER_0004,HOST_0021,"{sysmon-eventid=7, Pipe Name=N/A, Signature Status=Valid, File Directory=C:\Windows\Microsoft.NET\Framework64\v4.0.30319, sysmon-processid=14304, channel=Microsoft-Windows-Sysmon/Operational, Object Name=N/A, Account Name=USER_0004, Target User Domain=DOMAIN_0001.LOCAL, Logon Account Name=USER_0004, Product Description=Dia based SymReader, EventIDCode=7, sysmon-utctime=2026-07-24 08:55:26.649, Signed=true, MD5 Hash=055073ABE773DD5FD6CAF9D341CC01AA, Filename=diasymreader.dll, Key Length=N/A, ProgramName=N/A, Process GUID=N/A, SHA1 Hash=6E52595B88D2B428AF82FF0838321E6D55A5F599, File Extension=dll, Object Type=N/A, sysmon-hash=SHA1=6E52595B88D2B428AF82FF0838321E6D55A5F599,MD5=055073ABE773DD5FD6CAF9D341CC01AA,SHA256=B25B004D1C5D0B69509B185FEE070ED2FDBFA4D8AD5975AAF165A3F54118FB0D,IMPHASH=47857E2DAE4F31E9E6549F036DB186BA, SHA256 Hash=B25B004D1C5D0B69509B185FEE070ED2FDBFA4D8AD5975AAF165A3F54118FB0D, File Path=C:\Windows\Microsoft.NET\Framework64\v4.0.30319\diasymreader.dll, Description=Description: Dia based SymReader Product, Message=N/A, sysmon-signaturestatus=Valid, Logon Account Domain=DOMAIN_0001.LOCAL, Process Name=wsmprovhost.exe, Logon Type=N/A, sysmon-signature=Microsoft Corporation , Image Loaded=C:\Windows\Microsoft.NET\Framework64\v4.0.30319\diasymreader.dll, Account Security ID=S-1-5-21-0002, Share Name=N/A, Authentication Package=N/A, sysmon-processguid={b59a7af0-287e-6a63-9cf7-010000000b00}, Realm=DOMAIN_0001.LOCAL, Account ID=S-1-5-21-0002, Process Path=C:\Windows\System32\wsmprovhost.exe, sysmon-signed=true, Status Code=N/A, Product Name=Microsoft® .NET Framework, User Domain=DOMAIN_0001.LOCAL, Target Username=USER_0004, Event ID=7, Product Company=Microsoft Corporation, sysmon-user=USER_0002, sysmon-originalfilename=diasymreader.dll, Process ID=14304, Machine Identifier=HOST_0022, Signature=Microsoft Corporation, Target Account Security ID=S-1-5-21-0002, Device Name=HOST_0022, IMP Hash=47857E2DAE4F31E9E6549F036DB186BA}",false,MAC_0001,MAC_0002,[REDACTED_DUPLICATE_PAYLOAD],3,52869,0,12,false,0:0:0:0:0:0:0:0,N/A,0,N/A,19247,"<13>Jul 24 15:55:26 10.0.0.10.Ptit AgentDevice=WindowsLog	AgentLogFile=Microsoft-Windows-Sysmon/Operational	PluginVersion=7.3.1.28	Source=Microsoft-Windows-Sysmon	Computer=AD01.ptit.edu.vn	OriginatingComputer=10.2.3.10	User=USER_0002	Domain=DOMAIN_0006.LOCAL	EventID=7	EventIDCode=7	EventType=4	EventCategory=7	RecordNumber=52953754	TimeGenerated=1784883326	TimeWritten=1784883326	Level=Informational	Keywords=0x8000000000000000	Task=SysmonTask-SYSMON_IMAGE_LOAD	Opcode=Info	Message=Image loaded: RuleName: - UtcTime: 2026-07-24 08:55:26.649 ProcessGuid: {b59a7af0-287e-6a63-9cf7-010000000b00} ProcessId: 14304 Image: C:\Windows\System32\wsmprovhost.exe ImageLoaded: C:\Windows\Microsoft.NET\Framework64\v4DOMAIN_0015.LOCAL\USER_0032 FileVersion: 14.8.9241.0 built by: NET481REL1LAST_C Description: Dia based SymReader Product: Microsoft® .NET Framework Company: Microsoft Corporation OriginalFileName: diasymreader.dll Hashes: SHA1=6E52595B88D2B428AF82FF0838321E6D55A5F599,MD5=055073ABE773DD5FD6CAF9D341CC01AA,SHA256=B25B004D1C5D0B69509B185FEE070ED2FDBFA4D8AD5975AAF165A3F54118FB0D,IMPHASH=47857E2DAE4F31E9E6549F036DB186BA Signed: true Signature: Microsoft Corporation SignatureStatus: Valid",Object Load Success,N/A,1,0,unknown,N/A,Image loaded,unknown,0,null,1784883326000,255,0,false,0,"true""""",Microsoft-Windows-Sysmon/Operational,HOST_0004,The image loaded event logs when a module is loaded in a specific process.,0,1784883328808,No Offense,255,HOST_0023 @ 10.0.0.10,false,3,false,N/A,10.0.0.10,false,1784883328808,5,NETWORK_0009,68,7,0,1,-1,HOST_0004,[REDACTED_DUPLICATE_PAYLOAD],USER_0002,5001844,false,null,N/A,"15:55:28, 24 thg 7, 2026","15:55:26, 24 thg 7, 2026",MAC_0002,HOST_0024,630,0,false,10.0.0.10,0,N/A,10.0.0.3,19,"15:55:28, 24 thg 7, 2026",0:0:0:0:0:0:0:0,N/A,null,"100221,100265,109237,109187,100668,156193,100272,134937,166353"
N/A,false,0,0,USER_0004,HOST_0021,"{sysmon-eventid=11, Description=N/A, Message=N/A, Pipe Name=N/A, File Directory=C:\Users\USER_0029\AppData\Local\Temp, sysmon-processid=14304, channel=Microsoft-Windows-Sysmon/Operational, Logon Account Domain=DOMAIN_0001.LOCAL, Object Name=N/A, Process Name=wsmprovhost.exe, Account Name=USER_0004, Logon Type=N/A, Target User Domain=DOMAIN_0001.LOCAL, Account Security ID=S-1-5-21-0002, Share Name=N/A, Authentication Package=N/A, sysmon-processguid={b59a7af0-287e-6a63-9cf7-010000000b00}, Logon Account Name=USER_0004, Realm=DOMAIN_0001.LOCAL, EventIDCode=11, Account ID=S-1-5-21-0002, Process Path=C:\WINDOWS\system32\wsmprovhost.exe, sysmon-creationutctime=2026-07-24 08:55:26.576, sysmon-utctime=2026-07-24 08:55:26.576, Status Code=N/A, Filename=__PSScriptPolicyTest_eroluy22.mja.ps1, User Domain=DOMAIN_0001.LOCAL, Key Length=N/A, Target Username=USER_0004, Event ID=11, ProgramName=N/A, sysmon-targetfilename=C:\Users\administrator.PTIT\AppData\Local\Temp\__PSScriptPolicyTest_eroluy22.mja.ps1, sysmon-user=USER_0002, Process GUID=N/A, Process ID=14304, Target File Directory=C:\Users\administrator.PTIT\AppData\Local\Temp\__PSScriptPolicyTest_eroluy22.mja.ps1, sysmon-image=C:\WINDOWS\system32\wsmprovhost.exe, File Extension=ps1, Machine Identifier=HOST_0022, Task Name=N/A, Object Type=N/A, Target Account Security ID=S-1-5-21-0002, Device Name=HOST_0022, File Path=C:\Users\administrator.PTIT\AppData\Local\Temp\__PSScriptPolicyTest_eroluy22.mja.ps1}",false,MAC_0001,MAC_0002,[REDACTED_DUPLICATE_PAYLOAD],6,52869,0,12,false,0:0:0:0:0:0:0:0,N/A,0,N/A,8028,<13>Jul 24 15:55:26 10.0.0.10.Ptit AgentDevice=WindowsLog	AgentLogFile=Microsoft-Windows-Sysmon/Operational	PluginVersion=7.3.1.28	Source=Microsoft-Windows-Sysmon	Computer=AD01.ptit.edu.vn	OriginatingComputer=10.2.3.10	User=USER_0002	Domain=DOMAIN_0006.LOCAL	EventID=11	EventIDCode=11	EventType=4	EventCategory=11	RecordNumber=52953744	TimeGenerated=1784883326	TimeWritten=1784883326	Level=Informational	Keywords=0x8000000000000000	Task=SysmonTask-SYSMON_FILE_CREATE	Opcode=Info	Message=File created: RuleName: - UtcTime: 2026-07-24 08:55:26.576 ProcessGuid: {b59a7af0-287e-6a63-9cf7-010000000b00} ProcessId: 14304 Image: C:\WINDOWS\system32\wsmprovhost.exe TargetFilename: C:\Users\USER_0029\AppData\Local\Temp\__PSScriptPolicyTest_eroluy22.mja.ps1 CreationUtcTime: 2026-07-24 08:55:26.576,File Created,N/A,1,0,unknown,N/A,FileCreate,unknown,0,null,1784883326000,255,0,false,0,"true""""",Microsoft-Windows-Sysmon/Operational,HOST_0004,File create operations are logged when a file is created or overwritten.,0,1784883328808,No Offense,255,HOST_0023 @ 10.0.0.10,true,6,false,N/A,10.0.0.10,false,1784883328808,6,NETWORK_0009,68,11,0,6,-1,HOST_0004,[REDACTED_DUPLICATE_PAYLOAD],USER_0002,5001830,false,null,N/A,"15:55:28, 24 thg 7, 2026","15:55:26, 24 thg 7, 2026",MAC_0002,HOST_0024,630,0,false,10.0.0.10,0,N/A,10.0.0.3,1,"15:55:28, 24 thg 7, 2026",0:0:0:0:0:0:0:0,N/A,null,"100221,100265,109237,109187,100620,100668,156193,100276,100272,100764,123237,123937,134937,166353"
N/A,false,0,0,USER_0004,HOST_0021,"{sysmon-eventid=11, Description=N/A, Message=N/A, Pipe Name=N/A, File Directory=C:\Users\USER_0029\AppData\Local\Temp, sysmon-processid=14304, channel=Microsoft-Windows-Sysmon/Operational, Logon Account Domain=DOMAIN_0001.LOCAL, Object Name=N/A, Process Name=wsmprovhost.exe, Account Name=USER_0004, Logon Type=N/A, Target User Domain=DOMAIN_0001.LOCAL, Account Security ID=S-1-5-21-0002, Share Name=N/A, Authentication Package=N/A, sysmon-processguid={b59a7af0-287e-6a63-9cf7-010000000b00}, Logon Account Name=USER_0004, Realm=DOMAIN_0001.LOCAL, EventIDCode=11, Account ID=S-1-5-21-0002, Process Path=C:\WINDOWS\system32\wsmprovhost.exe, sysmon-creationutctime=2026-07-24 08:55:26.582, sysmon-utctime=2026-07-24 08:55:26.582, Status Code=N/A, Filename=__PSScriptPolicyTest_dtqcelmo.oca.psm1, User Domain=DOMAIN_0001.LOCAL, Key Length=N/A, Target Username=USER_0004, Event ID=11, ProgramName=N/A, sysmon-targetfilename=C:\Users\administrator.PTIT\AppData\Local\Temp\__PSScriptPolicyTest_dtqcelmo.oca.psm1, sysmon-user=USER_0002, Process GUID=N/A, Process ID=14304, Target File Directory=C:\Users\administrator.PTIT\AppData\Local\Temp\__PSScriptPolicyTest_dtqcelmo.oca.psm1, sysmon-image=C:\WINDOWS\system32\wsmprovhost.exe, File Extension=psm1, Machine Identifier=HOST_0022, Task Name=N/A, Object Type=N/A, Target Account Security ID=S-1-5-21-0002, Device Name=HOST_0022, File Path=C:\Users\administrator.PTIT\AppData\Local\Temp\__PSScriptPolicyTest_dtqcelmo.oca.psm1}",false,MAC_0001,MAC_0002,[REDACTED_DUPLICATE_PAYLOAD],6,52869,0,12,false,0:0:0:0:0:0:0:0,N/A,0,N/A,8028,<13>Jul 24 15:55:26 10.0.0.10.Ptit AgentDevice=WindowsLog	AgentLogFile=Microsoft-Windows-Sysmon/Operational	PluginVersion=7.3.1.28	Source=Microsoft-Windows-Sysmon	Computer=AD01.ptit.edu.vn	OriginatingComputer=10.2.3.10	User=USER_0002	Domain=DOMAIN_0006.LOCAL	EventID=11	EventIDCode=11	EventType=4	EventCategory=11	RecordNumber=52953745	TimeGenerated=1784883326	TimeWritten=1784883326	Level=Informational	Keywords=0x8000000000000000	Task=SysmonTask-SYSMON_FILE_CREATE	Opcode=Info	Message=File created: RuleName: - UtcTime: 2026-07-24 08:55:26.582 ProcessGuid: {b59a7af0-287e-6a63-9cf7-010000000b00} ProcessId: 14304 Image: C:\WINDOWS\system32\wsmprovhost.exe TargetFilename: C:\Users\USER_0029\AppData\Local\Temp\__PSScriptPolicyTest_dtqcelmo.oca.psm1 CreationUtcTime: 2026-07-24 08:55:26.582,File Created,N/A,1,0,unknown,N/A,FileCreate,unknown,0,null,1784883326000,255,0,false,0,"true""""",Microsoft-Windows-Sysmon/Operational,HOST_0004,File create operations are logged when a file is created or overwritten.,0,1784883328808,No Offense,255,HOST_0023 @ 10.0.0.10,true,6,false,N/A,10.0.0.10,false,1784883328808,6,NETWORK_0009,68,11,0,6,-1,HOST_0004,[REDACTED_DUPLICATE_PAYLOAD],USER_0002,5001830,false,null,N/A,"15:55:28, 24 thg 7, 2026","15:55:26, 24 thg 7, 2026",MAC_0002,HOST_0024,630,0,false,10.0.0.10,0,N/A,10.0.0.3,1,"15:55:28, 24 thg 7, 2026",0:0:0:0:0:0:0:0,N/A,null,"100221,100265,109237,109187,100620,100668,156193,100276,100272,100764,123237,123937,134937,166353"
N/A,false,0,0,USER_0004,HOST_0021,"{sysmon-eventid=1, Parent Process Name=svchost.exe, Pipe Name=N/A, File Directory=N/A, sysmon-processid=14304, channel=Microsoft-Windows-Sysmon/Operational, sysmon-username= DOMAIN_0014.LOCAL\USER_0031, Parent Command=C:\WINDOWS\system32\svchost.exe -k DcomLaunch -p, Object Name=N/A, Account Name=USER_0004, sysmon-currentdirectory=C:\WINDOWS\system32\, Target User Domain=DOMAIN_0001.LOCAL, Logon Account Name=USER_0004, Product Description=Host process for WinRM plug-ins, EventIDCode=1, Terminated Process Name=N/A, MD5 Hash=CF847821027B21C569E1251C7B8730F0, Filename=N/A, Key Length=N/A, sysmon-logonid=0xC6836101, ProgramName=N/A, Process GUID=b59a7af0-287e-6a63-9cf7-010000000b00, SHA1 Hash=49B171C632B4E1FB16A25FF374DDF8399E4D797B, File Extension=N/A, Object Type=N/A, sysmon-hash=SHA1=49B171C632B4E1FB16A25FF374DDF8399E4D797B,MD5=CF847821027B21C569E1251C7B8730F0,SHA256=4A2388D16E02925956DFF1E92B2B146C89E267B85637069EB1F18B2FA5AF3049,IMPHASH=7FEF88FAEC37D0AC077432BF7E65BA27, SHA256 Hash=4A2388D16E02925956DFF1E92B2B146C89E267B85637069EB1F18B2FA5AF3049, Parent Process GUID=b59a7af0-d22d-69f7-0f00-000000000b00, Integrity Level=High, sysmon-parentimage=C:\Windows\System32\svchost.exe, Description=Description: Host process for WinRM plug-ins Product, File Hash=49B171C632B4E1FB16A25FF374DDF8399E4D797B, Token Elevation Type=N/A, Message=N/A, sysmon-rulename=-, Encoded Command=N/A, Logon Account Domain=DOMAIN_0001.LOCAL, Process Name=wsmprovhost.exe, Parent Process ID=1228, sysmon-parentcommandline=C:\WINDOWS\system32\svchost.exe -k DcomLaunch -p, Logon Type=N/A, sysmon-integritylevel=High, sysmon-logonguid={b59a7af0-287e-6a63-0161-83c600000000}, Account Security ID=S-1-5-21-0002, Share Name=N/A, Authentication Package=N/A, sysmon-processguid={b59a7af0-287e-6a63-9cf7-010000000b00}, Realm=DOMAIN_0001.LOCAL, Account ID=S-1-5-21-0002, sysmon-description=Host process for WinRM plug-ins, Process Path=C:\Windows\System32\wsmprovhost.exe, Status Code=N/A, Product Name=Microsoft® Windows® Operating System, User Domain=DOMAIN_0001.LOCAL, Encoded Argument=N/A, Target Username=USER_0004, Event ID=1, sysmon-parentprocessid=1228, Product Company=Microsoft Corporation, sysmon-fileversion=10.0.26100.1 (WinBuild.160101.0800), sysmon-parentprocessguid={b59a7af0-d22d-69f7-0f00-000000000b00}, sysmon-user=USER_0002, Command=C:\WINDOWS\system32\wsmprovhost.exe -Embedding, sysmon-originalfilename=wsmprovhost.exe, Process ID=14304, sysmon-image=C:\Windows\System32\wsmprovhost.exe, Machine Identifier=HOST_0022, Target Account Security ID=S-1-5-21-0002, sysmon-commandline=C:\WINDOWS\system32\wsmprovhost.exe -Embedding, Device Name=HOST_0022, IMP Hash=7FEF88FAEC37D0AC077432BF7E65BA27, Current Working Directory=C:\WINDOWS\system32\, Parent Process Path=C:\Windows\System32\svchost.exe, sysmon-terminalsessionid=2}",false,MAC_0001,MAC_0002,[REDACTED_DUPLICATE_PAYLOAD],3,52869,0,12,false,0:0:0:0:0:0:0:0,N/A,0,N/A,8110,"<13>Jul 24 15:55:26 10.0.0.10.Ptit AgentDevice=WindowsLog	AgentLogFile=Microsoft-Windows-Sysmon/Operational	PluginVersion=7.3.1.28	Source=Microsoft-Windows-Sysmon	Computer=AD01.ptit.edu.vn	OriginatingComputer=10.2.3.10	User=USER_0002	Domain=DOMAIN_0006.LOCAL	EventID=1	EventIDCode=1	EventType=4	EventCategory=1	RecordNumber=52953710	TimeGenerated=1784883326	TimeWritten=1784883326	Level=Informational	Keywords=0x8000000000000000	Task=SysmonTask-SYSMON_CREATE_PROCESS	Opcode=Info	Message=Process Create: RuleName: - UtcTime: 2026-07-24 08:55:26.457 ProcessGuid: {b59a7af0-287e-6a63-9cf7-010000000b00} ProcessId: 14304 Image: C:\Windows\System32\wsmprovhost.exe FileVersion: 10.0.26100.1 (WinBuild.160101.0800) Description: Host process for WinRM plug-ins Product: Microsoft® Windows® Operating System Company: Microsoft Corporation OriginalFileName: wsmprovhost.exe CommandLine: C:\WINDOWS\system32\wsmprovhost.exe -Embedding CurrentDirectory: C:\WINDOWS\system32\ User: DOMAIN_0014.LOCAL\USER_0031 LogonGuid: {b59a7af0-287e-6a63-0161-83c600000000} LogonId: 0xC6836101 TerminalSessionId: 2 IntegrityLevel: High Hashes: SHA1=49B171C632B4E1FB16A25FF374DDF8399E4D797B,MD5=CF847821027B21C569E1251C7B8730F0,SHA256=4A2388D16E02925956DFF1E92B2B146C89E267B85637069EB1F18B2FA5AF3049,IMPHASH=7FEF88FAEC37D0AC077432BF7E65BA27 ParentProcessGuid: {b59a7af0-d22d-69f7-0f00-000000000b00} ParentProcessId: 1228 ParentImage: C:\Windows\System32\svchost.exe ParentCommandLine: C:\WINDOWS\system32\svchost.exe -k DcomLaunch -p",Process Creation Success,N/A,1,0,unknown,N/A,Process Create,unknown,0,null,1784883326000,255,0,false,0,"true""""",Microsoft-Windows-Sysmon/Operational,HOST_0004,The process creation event provides extended information about a newly created process.,0,1784883328808,No Offense,255,HOST_0023 @ 10.0.0.10,false,3,false,N/A,10.0.0.10,false,1784883328808,5,NETWORK_0009,68,1,0,2,-1,HOST_0004,[REDACTED_DUPLICATE_PAYLOAD],USER_0002,5001828,false,null,N/A,"15:55:28, 24 thg 7, 2026","15:55:26, 24 thg 7, 2026",MAC_0002,HOST_0024,630,0,false,10.0.0.10,0,N/A,10.0.0.3,1,"15:55:28, 24 thg 7, 2026",0:0:0:0:0:0:0:0,N/A,null,"100221,100265,109237,109187,100668,156193,100272,134937,166353"
N/A,false,0,0,USER_0004,HOST_0021,"{sysmon-eventid=7, Pipe Name=N/A, Signature Status=Valid, File Directory=C:\Windows\Microsoft.NET\Framework64\v4.0.30319, sysmon-processid=14304, channel=Microsoft-Windows-Sysmon/Operational, Object Name=N/A, Account Name=USER_0004, Target User Domain=DOMAIN_0001.LOCAL, Logon Account Name=USER_0004, Product Description=Microsoft .NET Runtime Execution Engine, EventIDCode=7, sysmon-utctime=2026-07-24 08:55:26.515, Signed=true, MD5 Hash=21F240C8019E5125044508ACF5FC9C09, Filename=mscoreei.dll, Key Length=N/A, ProgramName=N/A, Process GUID=N/A, SHA1 Hash=086D56AF8A8BE29E21DDD85EE5221725DBDA9F7C, File Extension=dll, Object Type=N/A, sysmon-hash=SHA1=086D56AF8A8BE29E21DDD85EE5221725DBDA9F7C,MD5=21F240C8019E5125044508ACF5FC9C09,SHA256=BC19C902FE2D59344687338A412D687FAC950F8C0E1AEAD7BD051573E2C62A15,IMPHASH=BDAAD270BEE58C9A3A7622CD1CA3EF79, SHA256 Hash=BC19C902FE2D59344687338A412D687FAC950F8C0E1AEAD7BD051573E2C62A15, File Path=C:\Windows\Microsoft.NET\Framework64\v4.0.30319\mscoreei.dll, Description=Description: Microsoft .NET Runtime Execution Engine Product, Message=N/A, sysmon-signaturestatus=Valid, Logon Account Domain=DOMAIN_0001.LOCAL, Process Name=wsmprovhost.exe, Logon Type=N/A, sysmon-signature=Microsoft Corporation , Image Loaded=C:\Windows\Microsoft.NET\Framework64\v4.0.30319\mscoreei.dll, Account Security ID=S-1-5-21-0002, Share Name=N/A, Authentication Package=N/A, sysmon-processguid={b59a7af0-287e-6a63-9cf7-010000000b00}, Realm=DOMAIN_0001.LOCAL, Account ID=S-1-5-21-0002, Process Path=C:\Windows\System32\wsmprovhost.exe, sysmon-signed=true, Status Code=N/A, Product Name=Microsoft® .NET Framework, User Domain=DOMAIN_0001.LOCAL, Target Username=USER_0004, Event ID=7, Product Company=Microsoft Corporation, sysmon-user=USER_0002, sysmon-originalfilename=mscoreei.dll, Process ID=14304, Machine Identifier=HOST_0022, Signature=Microsoft Corporation, Target Account Security ID=S-1-5-21-0002, Device Name=HOST_0022, IMP Hash=BDAAD270BEE58C9A3A7622CD1CA3EF79}",false,MAC_0001,MAC_0002,[REDACTED_DUPLICATE_PAYLOAD],3,52869,0,12,false,0:0:0:0:0:0:0:0,N/A,0,N/A,19247,"<13>Jul 24 15:55:26 10.0.0.10.Ptit AgentDevice=WindowsLog	AgentLogFile=Microsoft-Windows-Sysmon/Operational	PluginVersion=7.3.1.28	Source=Microsoft-Windows-Sysmon	Computer=AD01.ptit.edu.vn	OriginatingComputer=10.2.3.10	User=USER_0002	Domain=DOMAIN_0006.LOCAL	EventID=7	EventIDCode=7	EventType=4	EventCategory=7	RecordNumber=52953725	TimeGenerated=1784883326	TimeWritten=1784883326	Level=Informational	Keywords=0x8000000000000000	Task=SysmonTask-SYSMON_IMAGE_LOAD	Opcode=Info	Message=Image loaded: RuleName: - UtcTime: 2026-07-24 08:55:26.515 ProcessGuid: {b59a7af0-287e-6a63-9cf7-010000000b00} ProcessId: 14304 Image: C:\Windows\System32\wsmprovhost.exe ImageLoaded: C:\Windows\Microsoft.NET\Framework64\v4DOMAIN_0015.LOCAL\USER_0034 FileVersion: 4.8.9065.0 built by: NET481REL1LAST_C Description: Microsoft .NET Runtime Execution Engine Product: Microsoft® .NET Framework Company: Microsoft Corporation OriginalFileName: mscoreei.dll Hashes: SHA1=086D56AF8A8BE29E21DDD85EE5221725DBDA9F7C,MD5=21F240C8019E5125044508ACF5FC9C09,SHA256=BC19C902FE2D59344687338A412D687FAC950F8C0E1AEAD7BD051573E2C62A15,IMPHASH=BDAAD270BEE58C9A3A7622CD1CA3EF79 Signed: true Signature: Microsoft Corporation SignatureStatus: Valid",Object Load Success,N/A,1,0,unknown,N/A,Image loaded,unknown,0,null,1784883326000,255,0,false,0,"true""""",Microsoft-Windows-Sysmon/Operational,HOST_0004,The image loaded event logs when a module is loaded in a specific process.,0,1784883328808,No Offense,255,HOST_0023 @ 10.0.0.10,false,3,false,N/A,10.0.0.10,false,1784883328808,5,NETWORK_0009,68,7,0,1,-1,HOST_0004,[REDACTED_DUPLICATE_PAYLOAD],USER_0002,5001844,false,null,N/A,"15:55:28, 24 thg 7, 2026","15:55:26, 24 thg 7, 2026",MAC_0002,HOST_0024,630,0,false,10.0.0.10,0,N/A,10.0.0.3,1,"15:55:28, 24 thg 7, 2026",0:0:0:0:0:0:0:0,N/A,null,"100221,100265,109237,109187,100668,156193,100272,134937,166353"
