N/A,false,0,0,USER_0004,HOST_0007,"{sysmon-eventid=8, Description=N/A, Message=N/A, Pipe Name=N/A, sysmon-processid=191108, sysmon-sourceimage=E:\CongTC\MobaXterm_Portable_v25.3 (2)\MobaXterm_Portable_v25.3\MobaXterm_Personal_25.3.exe, channel=Microsoft-Windows-Sysmon/Operational, Logon Account Domain=DOMAIN_0001.LOCAL, Object Name=N/A, Target Process Path=C:\Users\USER_0018\AppData\Roaming\MobaXterm\slash\mx86_64b\bin\MoTTY.exe, Process Name=MobaXterm_Personal_25.3.exe, Account Name=USER_0004, Logon Type=N/A, Target User Domain=DOMAIN_0001.LOCAL, Account Security ID=S-1-5-21-0002, Share Name=N/A, Authentication Package=N/A, sysmon-processguid={5b31cfa1-50e8-6a50-c82a-070000001a00}, sysmon-sourceprocessguid={5b31cfa1-50e8-6a50-c82a-070000001a00}, Logon Account Name=USER_0004, Realm=DOMAIN_0001.LOCAL, Source Process Path=E:\CongTC\MobaXterm_Portable_v25.3 (2)\MobaXterm_Portable_v25DOMAIN_0010.LOCAL\USER_0019, EventIDCode=8, Account ID=S-1-5-21-0002, sysmon-targetprocessid=197296, Process Path=E:\CongTC\MobaXterm_Portable_v25.3 (2)\MobaXterm_Portable_v25DOMAIN_0010.LOCAL\USER_0019, sysmon-utctime=2026-07-10 03:16:07.161, Status Code=N/A, User Domain=DOMAIN_0001.LOCAL, Key Length=N/A, Target Username=USER_0004, Event ID=8, Target Process Name=MoTTY.exe, sysmon-startmodule=-, ProgramName=N/A, Start Module=-, sysmon-startfunction=-, sysmon-user=USER_0002, SourceImageTempPath=N/A, Process GUID=N/A, Machine Identifier=HOST_0008, Object Type=N/A, Start Address=0x0000000000401480, Target Account Security ID=S-1-5-21-0002, Start Function=-, sysmon-startaddress=0x0000000000401480, Device Name=HOST_0008, sysmon-targetimage=C:\Users\ducnt\AppData\Roaming\MobaXterm\slash\mx86_64b\bin\MoTTY.exe}",false,MAC_0001,MAC_0002,[REDACTED_DUPLICATE_PAYLOAD],3,53779,0,12,false,0:0:0:0:0:0:0:0,N/A,0,N/A,7036,<13>Jul 10 10:16:09 10.0.0.4.vnpost AgentDevice=WindowsLog	AgentLogFile=Microsoft-Windows-Sysmon/Operational	PluginVersion=7.3.1.28	Source=Microsoft-Windows-Sysmon	Computer=Jump-QTHTvDL-App	OriginatingComputer=Jump-QTHTvDL-App	User=USER_0002	Domain=DOMAIN_0006.LOCAL	EventID=8	EventIDCode=8	EventType=4	EventCategory=8	RecordNumber=72914662	TimeGenerated=1783653367	TimeWritten=1783653367	Level=Informational	Keywords=0x8000000000000000	Task=SysmonTask-SYSMON_CREATE_REMOTE_THREAD	Opcode=Info	Message=CreateRemoteThread detected: RuleName: - UtcTime: 2026-07-10 03:16:07.161 SourceProcessGuid: {5b31cfa1-50e8-6a50-c82a-070000001a00} SourceProcessId: 191108 SourceImage: E:\CongTC\MobaXterm_Portable_v25.3 (2)\MobaXterm_Portable_v25DOMAIN_0010.LOCAL\USER_0019 TargetProcessGuid: {5b31cfa1-63f7-6a50-c82d-070000001a00} TargetProcessId: 197296 TargetImage: C:\Users\USER_0018\AppData\Roaming\MobaXterm\slash\mx86_64b\bin\MoTTY.exe NewThreadId: 194908 StartAddress: 0x0000000000401480 StartModule: - StartFunction: - ,Suspicious Windows Events,N/A,1,0,unknown,N/A,CreateRemoteThread,unknown,0,null,1783653367000,255,0,false,0,"true""""",Microsoft-Windows-Sysmon/Operational,HOST_0004,The CreateRemoteThread event detects when a process creates a thread in another process.,0,1783653372187,No Offense,255,HOST_0009 @ 10.0.0.4,true,3,false,N/A,10.0.0.4,false,1783653372187,5,NETWORK_0002,35,8,0,3,-1,HOST_0004,[REDACTED_DUPLICATE_PAYLOAD],USER_0002,5001845,false,null,N/A,"10:16:12, 10 thg 7, 2026","10:16:07, 10 thg 7, 2026",MAC_0002,HOST_0006,439,0,false,10.0.0.4,0,N/A,10.0.0.3,1,"10:16:12, 10 thg 7, 2026",0:0:0:0:0:0:0:0,N/A,null,"100101,100164,100146,100221,100265,109237,109187,156193,100691,100626,100277,100272,134937,166353,100223"
N/A,false,0,0,USER_0004,HOST_0007,"{sysmon-eventid=8, Description=N/A, Message=N/A, Pipe Name=N/A, sysmon-processid=175904, sysmon-sourceimage=C:\Users\qtht.andd\AppData\Roaming\MobaXterm\slash\bin\bash.exe, channel=Microsoft-Windows-Sysmon/Operational, Logon Account Domain=DOMAIN_0001.LOCAL, Object Name=N/A, Target Process Path=C:\Users\USER_0016\AppData\Roaming\MobaXterm\slash\bin\xauth.exe, Process Name=bash.exe, Account Name=USER_0004, Logon Type=N/A, Target User Domain=DOMAIN_0001.LOCAL, Account Security ID=S-1-5-21-0002, Share Name=N/A, Authentication Package=N/A, sysmon-processguid={5b31cfa1-63f2-6a50-c62d-070000001a00}, sysmon-sourceprocessguid={5b31cfa1-63f2-6a50-c62d-070000001a00}, Logon Account Name=USER_0004, Realm=DOMAIN_0001.LOCAL, Source Process Path=C:\Users\USER_0016\AppData\Roaming\MobaXterm\slash\bin\bash.exe, EventIDCode=8, Account ID=S-1-5-21-0002, sysmon-targetprocessid=195676, Process Path=C:\Users\USER_0016\AppData\Roaming\MobaXterm\slash\bin\bash.exe, sysmon-utctime=2026-07-10 03:16:03.146, Status Code=N/A, User Domain=DOMAIN_0001.LOCAL, Key Length=N/A, Target Username=USER_0004, Event ID=8, Target Process Name=xauth.exe, sysmon-startmodule=-, ProgramName=N/A, Start Module=-, sysmon-startfunction=-, sysmon-user=USER_0002, SourceImageTempPath=N/A, Process GUID=N/A, Machine Identifier=HOST_0008, Object Type=N/A, Start Address=0x0000000000401000, Target Account Security ID=S-1-5-21-0002, Start Function=-, sysmon-startaddress=0x0000000000401000, Device Name=HOST_0008, sysmon-targetimage=C:\Users\qtht.andd\AppData\Roaming\MobaXterm\slash\bin\xauth.exe}",false,MAC_0001,MAC_0002,[REDACTED_DUPLICATE_PAYLOAD],3,53779,0,12,false,0:0:0:0:0:0:0:0,N/A,0,N/A,7036,<13>Jul 10 10:16:06 10.0.0.4.vnpost AgentDevice=WindowsLog	AgentLogFile=Microsoft-Windows-Sysmon/Operational	PluginVersion=7.3.1.28	Source=Microsoft-Windows-Sysmon	Computer=Jump-QTHTvDL-App	OriginatingComputer=Jump-QTHTvDL-App	User=USER_0002	Domain=DOMAIN_0006.LOCAL	EventID=8	EventIDCode=8	EventType=4	EventCategory=8	RecordNumber=72914350	TimeGenerated=1783653363	TimeWritten=1783653363	Level=Informational	Keywords=0x8000000000000000	Task=SysmonTask-SYSMON_CREATE_REMOTE_THREAD	Opcode=Info	Message=CreateRemoteThread detected: RuleName: - UtcTime: 2026-07-10 03:16:03.146 SourceProcessGuid: {5b31cfa1-63f2-6a50-c62d-070000001a00} SourceProcessId: 175904 SourceImage: C:\Users\USER_0016\AppData\Roaming\MobaXterm\slash\bin\bash.exe TargetProcessGuid: {5b31cfa1-63f3-6a50-c72d-070000001a00} TargetProcessId: 195676 TargetImage: C:\Users\USER_0016\AppData\Roaming\MobaXterm\slash\bin\xauth.exe NewThreadId: 195484 StartAddress: 0x0000000000401000 StartModule: - StartFunction: - ,Suspicious Windows Events,N/A,1,0,unknown,N/A,CreateRemoteThread,unknown,0,null,1783653363000,255,0,false,0,"true""""",Microsoft-Windows-Sysmon/Operational,HOST_0004,The CreateRemoteThread event detects when a process creates a thread in another process.,0,1783653372164,No Offense,255,HOST_0009 @ 10.0.0.4,true,3,false,N/A,10.0.0.4,false,1783653372164,5,NETWORK_0002,35,8,0,3,-1,HOST_0004,[REDACTED_DUPLICATE_PAYLOAD],USER_0002,5001845,false,null,N/A,"10:16:12, 10 thg 7, 2026","10:16:03, 10 thg 7, 2026",MAC_0002,HOST_0006,439,0,false,10.0.0.4,0,N/A,10.0.0.3,1,"10:16:12, 10 thg 7, 2026",0:0:0:0:0:0:0:0,N/A,null,"100101,100164,100146,100221,100265,109237,109187,156193,100691,100626,100277,100272,100677,134937,166353,100223"
N/A,false,0,0,USER_0004,HOST_0007,"{sysmon-eventid=8, Description=N/A, Message=N/A, Pipe Name=N/A, sysmon-processid=196200, sysmon-sourceimage=C:\Users\qtht.andd\AppData\Roaming\MobaXterm\slash\bin\bash.exe, channel=Microsoft-Windows-Sysmon/Operational, Logon Account Domain=DOMAIN_0001.LOCAL, Object Name=N/A, Target Process Path=C:\Users\USER_0016\AppData\Roaming\MobaXterm\slash\bin\bash.exe, Process Name=bash.exe, Account Name=USER_0004, Logon Type=N/A, Target User Domain=DOMAIN_0001.LOCAL, Account Security ID=S-1-5-21-0002, Share Name=N/A, Authentication Package=N/A, sysmon-processguid={5b31cfa1-63f2-6a50-c52d-070000001a00}, sysmon-sourceprocessguid={5b31cfa1-63f2-6a50-c52d-070000001a00}, Logon Account Name=USER_0004, Realm=DOMAIN_0001.LOCAL, Source Process Path=C:\Users\USER_0016\AppData\Roaming\MobaXterm\slash\bin\bash.exe, EventIDCode=8, Account ID=S-1-5-21-0002, sysmon-targetprocessid=175904, Process Path=C:\Users\USER_0016\AppData\Roaming\MobaXterm\slash\bin\bash.exe, sysmon-utctime=2026-07-10 03:16:02.974, Status Code=N/A, User Domain=DOMAIN_0001.LOCAL, Key Length=N/A, Target Username=USER_0004, Event ID=8, Target Process Name=bash.exe, sysmon-startmodule=-, ProgramName=N/A, Start Module=-, sysmon-startfunction=-, sysmon-user=USER_0002, SourceImageTempPath=N/A, Process GUID=N/A, Machine Identifier=HOST_0008, Object Type=N/A, Start Address=0x0000000000401000, Target Account Security ID=S-1-5-21-0002, Start Function=-, sysmon-startaddress=0x0000000000401000, Device Name=HOST_0008, sysmon-targetimage=C:\Users\qtht.andd\AppData\Roaming\MobaXterm\slash\bin\bash.exe}",false,MAC_0001,MAC_0002,[REDACTED_DUPLICATE_PAYLOAD],10,53779,0,12,false,0:0:0:0:0:0:0:0,N/A,0,N/A,7036,<13>Jul 10 10:16:06 10.0.0.4.vnpost AgentDevice=WindowsLog	AgentLogFile=Microsoft-Windows-Sysmon/Operational	PluginVersion=7.3.1.28	Source=Microsoft-Windows-Sysmon	Computer=Jump-QTHTvDL-App	OriginatingComputer=Jump-QTHTvDL-App	User=USER_0002	Domain=DOMAIN_0006.LOCAL	EventID=8	EventIDCode=8	EventType=4	EventCategory=8	RecordNumber=72914336	TimeGenerated=1783653362	TimeWritten=1783653362	Level=Informational	Keywords=0x8000000000000000	Task=SysmonTask-SYSMON_CREATE_REMOTE_THREAD	Opcode=Info	Message=CreateRemoteThread detected: RuleName: - UtcTime: 2026-07-10 03:16:02.974 SourceProcessGuid: {5b31cfa1-63f2-6a50-c52d-070000001a00} SourceProcessId: 196200 SourceImage: C:\Users\USER_0016\AppData\Roaming\MobaXterm\slash\bin\bash.exe TargetProcessGuid: {5b31cfa1-63f2-6a50-c62d-070000001a00} TargetProcessId: 175904 TargetImage: C:\Users\USER_0016\AppData\Roaming\MobaXterm\slash\bin\bash.exe NewThreadId: 197208 StartAddress: 0x0000000000401000 StartModule: - StartFunction: - ,Suspicious Windows Events,N/A,1,0,unknown,N/A,CreateRemoteThread,unknown,0,null,1783653362000,255,0,false,0,"true""""",Microsoft-Windows-Sysmon/Operational,HOST_0004,The CreateRemoteThread event detects when a process creates a thread in another process.,0,1783653372164,No Offense,255,HOST_0009 @ 10.0.0.4,true,10,false,N/A,10.0.0.4,false,1783653372164,10,NETWORK_0002,35,8,0,10,-1,HOST_0004,[REDACTED_DUPLICATE_PAYLOAD],USER_0002,5001845,false,null,N/A,"10:16:12, 10 thg 7, 2026","10:16:02, 10 thg 7, 2026",MAC_0002,HOST_0006,439,0,false,10.0.0.4,0,N/A,10.0.0.3,1,"10:16:12, 10 thg 7, 2026",0:0:0:0:0:0:0:0,N/A,null,"100101,100164,100146,100221,100265,109237,109187,156193,100641,100626,100277,100272,100677,134937,166353,100223"
N/A,false,0,0,USER_0004,HOST_0007,"{sysmon-eventid=8, Description=N/A, Message=N/A, Pipe Name=N/A, sysmon-processid=195464, sysmon-sourceimage=C:\Users\qtht.andd\AppData\Roaming\MobaXterm\slash\bin\_ssh.exe, channel=Microsoft-Windows-Sysmon/Operational, Logon Account Domain=DOMAIN_0001.LOCAL, Object Name=N/A, Target Process Path=C:\Users\USER_0016\AppData\Roaming\MobaXterm\slash\bin\bash.exe, Process Name=_ssh.exe, Account Name=USER_0004, Logon Type=N/A, Target User Domain=DOMAIN_0001.LOCAL, Account Security ID=S-1-5-21-0002, Share Name=N/A, Authentication Package=N/A, sysmon-processguid={5b31cfa1-63ee-6a50-c42d-070000001a00}, sysmon-sourceprocessguid={5b31cfa1-63ee-6a50-c42d-070000001a00}, Logon Account Name=USER_0004, Realm=DOMAIN_0001.LOCAL, Source Process Path=C:\Users\USER_0016\AppData\Roaming\MobaXterm\slash\bin\_ssh.exe, EventIDCode=8, Account ID=S-1-5-21-0002, sysmon-targetprocessid=196200, Process Path=C:\Users\USER_0016\AppData\Roaming\MobaXterm\slash\bin\_ssh.exe, sysmon-utctime=2026-07-10 03:16:02.802, Status Code=N/A, User Domain=DOMAIN_0001.LOCAL, Key Length=N/A, Target Username=USER_0004, Event ID=8, Target Process Name=bash.exe, sysmon-startmodule=-, ProgramName=N/A, Start Module=-, sysmon-startfunction=-, sysmon-user=USER_0002, SourceImageTempPath=N/A, Process GUID=N/A, Machine Identifier=HOST_0008, Object Type=N/A, Start Address=0x0000000000401000, Target Account Security ID=S-1-5-21-0002, Start Function=-, sysmon-startaddress=0x0000000000401000, Device Name=HOST_0008, sysmon-targetimage=C:\Users\qtht.andd\AppData\Roaming\MobaXterm\slash\bin\bash.exe}",false,MAC_0001,MAC_0002,[REDACTED_DUPLICATE_PAYLOAD],10,53779,0,12,false,0:0:0:0:0:0:0:0,N/A,0,N/A,7036,<13>Jul 10 10:16:03 10.0.0.4.vnpost AgentDevice=WindowsLog	AgentLogFile=Microsoft-Windows-Sysmon/Operational	PluginVersion=7.3.1.28	Source=Microsoft-Windows-Sysmon	Computer=Jump-QTHTvDL-App	OriginatingComputer=Jump-QTHTvDL-App	User=USER_0002	Domain=DOMAIN_0006.LOCAL	EventID=8	EventIDCode=8	EventType=4	EventCategory=8	RecordNumber=72914306	TimeGenerated=1783653362	TimeWritten=1783653362	Level=Informational	Keywords=0x8000000000000000	Task=SysmonTask-SYSMON_CREATE_REMOTE_THREAD	Opcode=Info	Message=CreateRemoteThread detected: RuleName: - UtcTime: 2026-07-10 03:16:02.802 SourceProcessGuid: {5b31cfa1-63ee-6a50-c42d-070000001a00} SourceProcessId: 195464 SourceImage: C:\Users\USER_0016\AppData\Roaming\MobaXterm\slash\bin\_ssh.exe TargetProcessGuid: {5b31cfa1-63f2-6a50-c52d-070000001a00} TargetProcessId: 196200 TargetImage: C:\Users\USER_0016\AppData\Roaming\MobaXterm\slash\bin\bash.exe NewThreadId: 190292 StartAddress: 0x0000000000401000 StartModule: - StartFunction: - ,Suspicious Windows Events,N/A,1,0,unknown,N/A,CreateRemoteThread,unknown,0,null,1783653362000,255,0,false,0,"true""""",Microsoft-Windows-Sysmon/Operational,HOST_0004,The CreateRemoteThread event detects when a process creates a thread in another process.,0,1783653372164,No Offense,255,HOST_0009 @ 10.0.0.4,true,10,false,N/A,10.0.0.4,false,1783653372164,10,NETWORK_0002,35,8,0,10,-1,HOST_0004,[REDACTED_DUPLICATE_PAYLOAD],USER_0002,5001845,false,null,N/A,"10:16:12, 10 thg 7, 2026","10:16:02, 10 thg 7, 2026",MAC_0002,HOST_0006,439,0,false,10.0.0.4,0,N/A,10.0.0.3,1,"10:16:12, 10 thg 7, 2026",0:0:0:0:0:0:0:0,N/A,null,"100101,100164,100146,100221,100265,109237,109187,156193,100641,100626,100277,100272,134937,166353,100223"
N/A,false,0,0,USER_0004,HOST_0007,"{sysmon-eventid=8, Description=N/A, Message=N/A, Pipe Name=N/A, sysmon-processid=175184, sysmon-sourceimage=C:\Users\qtht.andd\AppData\Roaming\MobaXterm\slash\bin\bash.exe, channel=Microsoft-Windows-Sysmon/Operational, Logon Account Domain=DOMAIN_0001.LOCAL, Object Name=N/A, Target Process Path=C:\Users\USER_0016\AppData\Roaming\MobaXterm\slash\bin\_ssh.exe, Process Name=bash.exe, Account Name=USER_0004, Logon Type=N/A, Target User Domain=DOMAIN_0001.LOCAL, Account Security ID=S-1-5-21-0002, Share Name=N/A, Authentication Package=N/A, sysmon-processguid={5b31cfa1-63ed-6a50-c32d-070000001a00}, sysmon-sourceprocessguid={5b31cfa1-63ed-6a50-c32d-070000001a00}, Logon Account Name=USER_0004, Realm=DOMAIN_0001.LOCAL, Source Process Path=C:\Users\USER_0016\AppData\Roaming\MobaXterm\slash\bin\bash.exe, EventIDCode=8, Account ID=S-1-5-21-0002, sysmon-targetprocessid=195464, Process Path=C:\Users\USER_0016\AppData\Roaming\MobaXterm\slash\bin\bash.exe, sysmon-utctime=2026-07-10 03:15:58.255, Status Code=N/A, User Domain=DOMAIN_0001.LOCAL, Key Length=N/A, Target Username=USER_0004, Event ID=8, Target Process Name=_ssh.exe, sysmon-startmodule=-, ProgramName=N/A, Start Module=-, sysmon-startfunction=-, sysmon-user=USER_0002, SourceImageTempPath=N/A, Process GUID=N/A, Machine Identifier=HOST_0008, Object Type=N/A, Start Address=0x0000000000401000, Target Account Security ID=S-1-5-21-0002, Start Function=-, sysmon-startaddress=0x0000000000401000, Device Name=HOST_0008, sysmon-targetimage=C:\Users\qtht.andd\AppData\Roaming\MobaXterm\slash\bin\_ssh.exe}",false,MAC_0001,MAC_0002,[REDACTED_DUPLICATE_PAYLOAD],3,53779,0,12,false,0:0:0:0:0:0:0:0,N/A,0,N/A,7036,<13>Jul 10 10:16:00 10.0.0.4.vnpost AgentDevice=WindowsLog	AgentLogFile=Microsoft-Windows-Sysmon/Operational	PluginVersion=7.3.1.28	Source=Microsoft-Windows-Sysmon	Computer=Jump-QTHTvDL-App	OriginatingComputer=Jump-QTHTvDL-App	User=USER_0002	Domain=DOMAIN_0006.LOCAL	EventID=8	EventIDCode=8	EventType=4	EventCategory=8	RecordNumber=72914170	TimeGenerated=1783653358	TimeWritten=1783653358	Level=Informational	Keywords=0x8000000000000000	Task=SysmonTask-SYSMON_CREATE_REMOTE_THREAD	Opcode=Info	Message=CreateRemoteThread detected: RuleName: - UtcTime: 2026-07-10 03:15:58.255 SourceProcessGuid: {5b31cfa1-63ed-6a50-c32d-070000001a00} SourceProcessId: 175184 SourceImage: C:\Users\USER_0016\AppData\Roaming\MobaXterm\slash\bin\bash.exe TargetProcessGuid: {5b31cfa1-63ee-6a50-c42d-070000001a00} TargetProcessId: 195464 TargetImage: C:\Users\USER_0016\AppData\Roaming\MobaXterm\slash\bin\_ssh.exe NewThreadId: 194876 StartAddress: 0x0000000000401000 StartModule: - StartFunction: - ,Suspicious Windows Events,N/A,1,0,unknown,N/A,CreateRemoteThread,unknown,0,null,1783653358000,255,0,false,0,"true""""",Microsoft-Windows-Sysmon/Operational,HOST_0004,The CreateRemoteThread event detects when a process creates a thread in another process.,0,1783653361560,No Offense,255,HOST_0009 @ 10.0.0.4,true,3,false,N/A,10.0.0.4,false,1783653361560,5,NETWORK_0002,35,8,0,3,-1,HOST_0004,[REDACTED_DUPLICATE_PAYLOAD],USER_0002,5001845,false,null,N/A,"10:16:01, 10 thg 7, 2026","10:15:58, 10 thg 7, 2026",MAC_0002,HOST_0006,439,0,false,10.0.0.4,0,N/A,10.0.0.3,34,"10:16:01, 10 thg 7, 2026",0:0:0:0:0:0:0:0,N/A,null,"100101,100164,100146,100221,100265,109237,109187,156193,100691,100626,100277,100272,100677,134937,166353,100223"
N/A,false,0,0,USER_0004,HOST_0007,"{sysmon-eventid=8, Description=N/A, Message=N/A, Pipe Name=N/A, sysmon-processid=192720, sysmon-sourceimage=C:\Users\qtht.andd\AppData\Roaming\MobaXterm\slash\bin\bash.exe, channel=Microsoft-Windows-Sysmon/Operational, Logon Account Domain=DOMAIN_0001.LOCAL, Object Name=N/A, Target Process Path=C:\Users\USER_0016\AppData\Roaming\MobaXterm\slash\bin\bash.exe, Process Name=bash.exe, Account Name=USER_0004, Logon Type=N/A, Target User Domain=DOMAIN_0001.LOCAL, Account Security ID=S-1-5-21-0002, Share Name=N/A, Authentication Package=N/A, sysmon-processguid={5b31cfa1-63e8-6a50-a12d-070000001a00}, sysmon-sourceprocessguid={5b31cfa1-63e8-6a50-a12d-070000001a00}, Logon Account Name=USER_0004, Realm=DOMAIN_0001.LOCAL, Source Process Path=C:\Users\USER_0016\AppData\Roaming\MobaXterm\slash\bin\bash.exe, EventIDCode=8, Account ID=S-1-5-21-0002, sysmon-targetprocessid=193080, Process Path=C:\Users\USER_0016\AppData\Roaming\MobaXterm\slash\bin\bash.exe, sysmon-utctime=2026-07-10 03:15:52.755, Status Code=N/A, User Domain=DOMAIN_0001.LOCAL, Key Length=N/A, Target Username=USER_0004, Event ID=8, Target Process Name=bash.exe, sysmon-startmodule=-, ProgramName=N/A, Start Module=-, sysmon-startfunction=-, sysmon-user=USER_0002, SourceImageTempPath=N/A, Process GUID=N/A, Machine Identifier=HOST_0008, Object Type=N/A, Start Address=0x0000000000401000, Target Account Security ID=S-1-5-21-0002, Start Function=-, sysmon-startaddress=0x0000000000401000, Device Name=HOST_0008, sysmon-targetimage=C:\Users\qtht.andd\AppData\Roaming\MobaXterm\slash\bin\bash.exe}",false,MAC_0001,MAC_0002,[REDACTED_DUPLICATE_PAYLOAD],10,53779,0,12,false,0:0:0:0:0:0:0:0,N/A,0,N/A,7036,<13>Jul 10 10:15:54 10.0.0.4.vnpost AgentDevice=WindowsLog	AgentLogFile=Microsoft-Windows-Sysmon/Operational	PluginVersion=7.3.1.28	Source=Microsoft-Windows-Sysmon	Computer=Jump-QTHTvDL-App	OriginatingComputer=Jump-QTHTvDL-App	User=USER_0002	Domain=DOMAIN_0006.LOCAL	EventID=8	EventIDCode=8	EventType=4	EventCategory=8	RecordNumber=72913392	TimeGenerated=1783653352	TimeWritten=1783653352	Level=Informational	Keywords=0x8000000000000000	Task=SysmonTask-SYSMON_CREATE_REMOTE_THREAD	Opcode=Info	Message=CreateRemoteThread detected: RuleName: - UtcTime: 2026-07-10 03:15:52.755 SourceProcessGuid: {5b31cfa1-63e8-6a50-a12d-070000001a00} SourceProcessId: 192720 SourceImage: C:\Users\USER_0016\AppData\Roaming\MobaXterm\slash\bin\bash.exe TargetProcessGuid: {5b31cfa1-63e8-6a50-a22d-070000001a00} TargetProcessId: 193080 TargetImage: C:\Users\USER_0016\AppData\Roaming\MobaXterm\slash\bin\bash.exe NewThreadId: 194688 StartAddress: 0x0000000000401000 StartModule: - StartFunction: - ,Suspicious Windows Events,N/A,1,0,unknown,N/A,CreateRemoteThread,unknown,0,null,1783653352000,255,0,false,0,"true""""",Microsoft-Windows-Sysmon/Operational,HOST_0004,The CreateRemoteThread event detects when a process creates a thread in another process.,0,1783653361560,No Offense,255,HOST_0009 @ 10.0.0.4,true,10,false,N/A,10.0.0.4,false,1783653361560,10,NETWORK_0002,35,8,0,10,-1,HOST_0004,[REDACTED_DUPLICATE_PAYLOAD],USER_0002,5001845,false,null,N/A,"10:16:01, 10 thg 7, 2026","10:15:52, 10 thg 7, 2026",MAC_0002,HOST_0006,439,0,false,10.0.0.4,0,N/A,10.0.0.3,1,"10:16:01, 10 thg 7, 2026",0:0:0:0:0:0:0:0,N/A,null,"100101,100164,100146,100221,100265,109237,109187,156193,100641,100626,100277,100272,100677,134937,166353,100223"
N/A,false,0,0,USER_0004,HOST_0007,"{sysmon-eventid=8, Description=N/A, Message=N/A, Pipe Name=N/A, sysmon-processid=195892, sysmon-sourceimage=C:\Users\qtht.andd\AppData\Roaming\MobaXterm\slash\bin\bash.exe, channel=Microsoft-Windows-Sysmon/Operational, Logon Account Domain=DOMAIN_0001.LOCAL, Object Name=N/A, Target Process Path=C:\Users\USER_0016\AppData\Roaming\MobaXterm\slash\bin\bash.exe, Process Name=bash.exe, Account Name=USER_0004, Logon Type=N/A, Target User Domain=DOMAIN_0001.LOCAL, Account Security ID=S-1-5-21-0002, Share Name=N/A, Authentication Package=N/A, sysmon-processguid={5b31cfa1-5d77-6a50-472c-070000001a00}, sysmon-sourceprocessguid={5b31cfa1-5d77-6a50-472c-070000001a00}, Logon Account Name=USER_0004, Realm=DOMAIN_0001.LOCAL, Source Process Path=C:\Users\USER_0016\AppData\Roaming\MobaXterm\slash\bin\bash.exe, EventIDCode=8, Account ID=S-1-5-21-0002, sysmon-targetprocessid=193484, Process Path=C:\Users\USER_0016\AppData\Roaming\MobaXterm\slash\bin\bash.exe, sysmon-utctime=2026-07-10 03:15:52.396, Status Code=N/A, User Domain=DOMAIN_0001.LOCAL, Key Length=N/A, Target Username=USER_0004, Event ID=8, Target Process Name=bash.exe, sysmon-startmodule=-, ProgramName=N/A, Start Module=-, sysmon-startfunction=-, sysmon-user=USER_0002, SourceImageTempPath=N/A, Process GUID=N/A, Machine Identifier=HOST_0008, Object Type=N/A, Start Address=0x0000000000401000, Target Account Security ID=S-1-5-21-0002, Start Function=-, sysmon-startaddress=0x0000000000401000, Device Name=HOST_0008, sysmon-targetimage=C:\Users\qtht.andd\AppData\Roaming\MobaXterm\slash\bin\bash.exe}",false,MAC_0001,MAC_0002,[REDACTED_DUPLICATE_PAYLOAD],10,53779,0,12,false,0:0:0:0:0:0:0:0,N/A,0,N/A,7036,<13>Jul 10 10:15:54 10.0.0.4.vnpost AgentDevice=WindowsLog	AgentLogFile=Microsoft-Windows-Sysmon/Operational	PluginVersion=7.3.1.28	Source=Microsoft-Windows-Sysmon	Computer=Jump-QTHTvDL-App	OriginatingComputer=Jump-QTHTvDL-App	User=USER_0002	Domain=DOMAIN_0006.LOCAL	EventID=8	EventIDCode=8	EventType=4	EventCategory=8	RecordNumber=72913336	TimeGenerated=1783653352	TimeWritten=1783653352	Level=Informational	Keywords=0x8000000000000000	Task=SysmonTask-SYSMON_CREATE_REMOTE_THREAD	Opcode=Info	Message=CreateRemoteThread detected: RuleName: - UtcTime: 2026-07-10 03:15:52.396 SourceProcessGuid: {5b31cfa1-5d77-6a50-472c-070000001a00} SourceProcessId: 195892 SourceImage: C:\Users\USER_0016\AppData\Roaming\MobaXterm\slash\bin\bash.exe TargetProcessGuid: {5b31cfa1-63e8-6a50-a02d-070000001a00} TargetProcessId: 193484 TargetImage: C:\Users\USER_0016\AppData\Roaming\MobaXterm\slash\bin\bash.exe NewThreadId: 192524 StartAddress: 0x0000000000401000 StartModule: - StartFunction: - ,Suspicious Windows Events,N/A,1,0,unknown,N/A,CreateRemoteThread,unknown,0,null,1783653352000,255,0,false,0,"true""""",Microsoft-Windows-Sysmon/Operational,HOST_0004,The CreateRemoteThread event detects when a process creates a thread in another process.,0,1783653361555,No Offense,255,HOST_0009 @ 10.0.0.4,true,10,false,N/A,10.0.0.4,false,1783653361555,10,NETWORK_0002,35,8,0,10,-1,HOST_0004,[REDACTED_DUPLICATE_PAYLOAD],USER_0002,5001845,false,null,N/A,"10:16:01, 10 thg 7, 2026","10:15:52, 10 thg 7, 2026",MAC_0002,HOST_0006,439,0,false,10.0.0.4,0,N/A,10.0.0.3,1,"10:16:01, 10 thg 7, 2026",0:0:0:0:0:0:0:0,N/A,null,"100101,100164,100146,100221,100265,109237,109187,156193,100641,100626,100277,100272,100677,134937,166353,100223"
N/A,false,0,0,USER_0004,HOST_0007,"{sysmon-eventid=8, Description=N/A, Message=N/A, Pipe Name=N/A, sysmon-processid=193484, sysmon-sourceimage=C:\Users\qtht.andd\AppData\Roaming\MobaXterm\slash\bin\bash.exe, channel=Microsoft-Windows-Sysmon/Operational, Logon Account Domain=DOMAIN_0001.LOCAL, Object Name=N/A, Target Process Path=C:\Users\USER_0016\AppData\Roaming\MobaXterm\slash\bin\bash.exe, Process Name=bash.exe, Account Name=USER_0004, Logon Type=N/A, Target User Domain=DOMAIN_0001.LOCAL, Account Security ID=S-1-5-21-0002, Share Name=N/A, Authentication Package=N/A, sysmon-processguid={5b31cfa1-63e8-6a50-a02d-070000001a00}, sysmon-sourceprocessguid={5b31cfa1-63e8-6a50-a02d-070000001a00}, Logon Account Name=USER_0004, Realm=DOMAIN_0001.LOCAL, Source Process Path=C:\Users\USER_0016\AppData\Roaming\MobaXterm\slash\bin\bash.exe, EventIDCode=8, Account ID=S-1-5-21-0002, sysmon-targetprocessid=192720, Process Path=C:\Users\USER_0016\AppData\Roaming\MobaXterm\slash\bin\bash.exe, sysmon-utctime=2026-07-10 03:15:52.583, Status Code=N/A, User Domain=DOMAIN_0001.LOCAL, Key Length=N/A, Target Username=USER_0004, Event ID=8, Target Process Name=bash.exe, sysmon-startmodule=-, ProgramName=N/A, Start Module=-, sysmon-startfunction=-, sysmon-user=USER_0002, SourceImageTempPath=N/A, Process GUID=N/A, Machine Identifier=HOST_0008, Object Type=N/A, Start Address=0x0000000000401000, Target Account Security ID=S-1-5-21-0002, Start Function=-, sysmon-startaddress=0x0000000000401000, Device Name=HOST_0008, sysmon-targetimage=C:\Users\qtht.andd\AppData\Roaming\MobaXterm\slash\bin\bash.exe}",false,MAC_0001,MAC_0002,[REDACTED_DUPLICATE_PAYLOAD],10,53779,0,12,false,0:0:0:0:0:0:0:0,N/A,0,N/A,7036,<13>Jul 10 10:15:54 10.0.0.4.vnpost AgentDevice=WindowsLog	AgentLogFile=Microsoft-Windows-Sysmon/Operational	PluginVersion=7.3.1.28	Source=Microsoft-Windows-Sysmon	Computer=Jump-QTHTvDL-App	OriginatingComputer=Jump-QTHTvDL-App	User=USER_0002	Domain=DOMAIN_0006.LOCAL	EventID=8	EventIDCode=8	EventType=4	EventCategory=8	RecordNumber=72913354	TimeGenerated=1783653352	TimeWritten=1783653352	Level=Informational	Keywords=0x8000000000000000	Task=SysmonTask-SYSMON_CREATE_REMOTE_THREAD	Opcode=Info	Message=CreateRemoteThread detected: RuleName: - UtcTime: 2026-07-10 03:15:52.583 SourceProcessGuid: {5b31cfa1-63e8-6a50-a02d-070000001a00} SourceProcessId: 193484 SourceImage: C:\Users\USER_0016\AppData\Roaming\MobaXterm\slash\bin\bash.exe TargetProcessGuid: {5b31cfa1-63e8-6a50-a12d-070000001a00} TargetProcessId: 192720 TargetImage: C:\Users\USER_0016\AppData\Roaming\MobaXterm\slash\bin\bash.exe NewThreadId: 177604 StartAddress: 0x0000000000401000 StartModule: - StartFunction: - ,Suspicious Windows Events,N/A,1,0,unknown,N/A,CreateRemoteThread,unknown,0,null,1783653352000,255,0,false,0,"true""""",Microsoft-Windows-Sysmon/Operational,HOST_0004,The CreateRemoteThread event detects when a process creates a thread in another process.,0,1783653361555,No Offense,255,HOST_0009 @ 10.0.0.4,true,10,false,N/A,10.0.0.4,false,1783653361555,10,NETWORK_0002,35,8,0,10,-1,HOST_0004,[REDACTED_DUPLICATE_PAYLOAD],USER_0002,5001845,false,null,N/A,"10:16:01, 10 thg 7, 2026","10:15:52, 10 thg 7, 2026",MAC_0002,HOST_0006,439,0,false,10.0.0.4,0,N/A,10.0.0.3,1,"10:16:01, 10 thg 7, 2026",0:0:0:0:0:0:0:0,N/A,null,"100101,100164,100146,100221,100265,109237,109187,156193,100641,100626,100277,100272,100677,134937,166353,100223"
N/A,false,0,0,USER_0004,HOST_0007,"{sysmon-eventid=8, Description=N/A, Message=N/A, Pipe Name=N/A, sysmon-processid=195892, sysmon-sourceimage=C:\Users\qtht.andd\AppData\Roaming\MobaXterm\slash\bin\bash.exe, channel=Microsoft-Windows-Sysmon/Operational, Logon Account Domain=DOMAIN_0001.LOCAL, Object Name=N/A, Target Process Path=C:\Users\USER_0016\AppData\Roaming\MobaXterm\slash\bin\bash.exe, Process Name=bash.exe, Account Name=USER_0004, Logon Type=N/A, Target User Domain=DOMAIN_0001.LOCAL, Account Security ID=S-1-5-21-0002, Share Name=N/A, Authentication Package=N/A, sysmon-processguid={5b31cfa1-5d77-6a50-472c-070000001a00}, sysmon-sourceprocessguid={5b31cfa1-5d77-6a50-472c-070000001a00}, Logon Account Name=USER_0004, Realm=DOMAIN_0001.LOCAL, Source Process Path=C:\Users\USER_0016\AppData\Roaming\MobaXterm\slash\bin\bash.exe, EventIDCode=8, Account ID=S-1-5-21-0002, sysmon-targetprocessid=194880, Process Path=C:\Users\USER_0016\AppData\Roaming\MobaXterm\slash\bin\bash.exe, sysmon-utctime=2026-07-10 03:15:46.255, Status Code=N/A, User Domain=DOMAIN_0001.LOCAL, Key Length=N/A, Target Username=USER_0004, Event ID=8, Target Process Name=bash.exe, sysmon-startmodule=-, ProgramName=N/A, Start Module=-, sysmon-startfunction=-, sysmon-user=USER_0002, SourceImageTempPath=N/A, Process GUID=N/A, Machine Identifier=HOST_0008, Object Type=N/A, Start Address=0x0000000000401000, Target Account Security ID=S-1-5-21-0002, Start Function=-, sysmon-startaddress=0x0000000000401000, Device Name=HOST_0008, sysmon-targetimage=C:\Users\qtht.andd\AppData\Roaming\MobaXterm\slash\bin\bash.exe}",false,MAC_0001,MAC_0002,[REDACTED_DUPLICATE_PAYLOAD],10,53779,0,12,false,0:0:0:0:0:0:0:0,N/A,0,N/A,7036,<13>Jul 10 10:15:48 10.0.0.4.vnpost AgentDevice=WindowsLog	AgentLogFile=Microsoft-Windows-Sysmon/Operational	PluginVersion=7.3.1.28	Source=Microsoft-Windows-Sysmon	Computer=Jump-QTHTvDL-App	OriginatingComputer=Jump-QTHTvDL-App	User=USER_0002	Domain=DOMAIN_0006.LOCAL	EventID=8	EventIDCode=8	EventType=4	EventCategory=8	RecordNumber=72913210	TimeGenerated=1783653346	TimeWritten=1783653346	Level=Informational	Keywords=0x8000000000000000	Task=SysmonTask-SYSMON_CREATE_REMOTE_THREAD	Opcode=Info	Message=CreateRemoteThread detected: RuleName: - UtcTime: 2026-07-10 03:15:46.255 SourceProcessGuid: {5b31cfa1-5d77-6a50-472c-070000001a00} SourceProcessId: 195892 SourceImage: C:\Users\USER_0016\AppData\Roaming\MobaXterm\slash\bin\bash.exe TargetProcessGuid: {5b31cfa1-63e2-6a50-9f2d-070000001a00} TargetProcessId: 194880 TargetImage: C:\Users\USER_0016\AppData\Roaming\MobaXterm\slash\bin\bash.exe NewThreadId: 164196 StartAddress: 0x0000000000401000 StartModule: - StartFunction: - ,Suspicious Windows Events,N/A,1,0,unknown,N/A,CreateRemoteThread,unknown,0,null,1783653346000,255,0,false,0,"true""""",Microsoft-Windows-Sysmon/Operational,HOST_0004,The CreateRemoteThread event detects when a process creates a thread in another process.,0,1783653352693,No Offense,255,HOST_0009 @ 10.0.0.4,true,10,false,N/A,10.0.0.4,false,1783653352693,10,NETWORK_0002,35,8,0,10,-1,HOST_0004,[REDACTED_DUPLICATE_PAYLOAD],USER_0002,5001845,false,null,N/A,"10:15:52, 10 thg 7, 2026","10:15:46, 10 thg 7, 2026",MAC_0002,HOST_0006,439,0,false,10.0.0.4,0,N/A,10.0.0.3,1,"10:15:52, 10 thg 7, 2026",0:0:0:0:0:0:0:0,N/A,null,"100101,100164,100146,100221,100265,109237,109187,156193,100641,100626,100277,100272,100677,134937,166353,100223"
N/A,false,0,0,USER_0004,HOST_0007,"{sysmon-eventid=8, Description=N/A, Message=N/A, Pipe Name=N/A, sysmon-processid=195892, sysmon-sourceimage=C:\Users\qtht.andd\AppData\Roaming\MobaXterm\slash\bin\bash.exe, channel=Microsoft-Windows-Sysmon/Operational, Logon Account Domain=DOMAIN_0001.LOCAL, Object Name=N/A, Target Process Path=C:\Users\USER_0016\AppData\Roaming\MobaXterm\slash\bin\bash.exe, Process Name=bash.exe, Account Name=USER_0004, Logon Type=N/A, Target User Domain=DOMAIN_0001.LOCAL, Account Security ID=S-1-5-21-0002, Share Name=N/A, Authentication Package=N/A, sysmon-processguid={5b31cfa1-5d77-6a50-472c-070000001a00}, sysmon-sourceprocessguid={5b31cfa1-5d77-6a50-472c-070000001a00}, Logon Account Name=USER_0004, Realm=DOMAIN_0001.LOCAL, Source Process Path=C:\Users\USER_0016\AppData\Roaming\MobaXterm\slash\bin\bash.exe, EventIDCode=8, Account ID=S-1-5-21-0002, sysmon-targetprocessid=185956, Process Path=C:\Users\USER_0016\AppData\Roaming\MobaXterm\slash\bin\bash.exe, sysmon-utctime=2026-07-10 03:15:46.099, Status Code=N/A, User Domain=DOMAIN_0001.LOCAL, Key Length=N/A, Target Username=USER_0004, Event ID=8, Target Process Name=bash.exe, sysmon-startmodule=-, ProgramName=N/A, Start Module=-, sysmon-startfunction=-, sysmon-user=USER_0002, SourceImageTempPath=N/A, Process GUID=N/A, Machine Identifier=HOST_0008, Object Type=N/A, Start Address=0x0000000000401000, Target Account Security ID=S-1-5-21-0002, Start Function=-, sysmon-startaddress=0x0000000000401000, Device Name=HOST_0008, sysmon-targetimage=C:\Users\qtht.andd\AppData\Roaming\MobaXterm\slash\bin\bash.exe}",false,MAC_0001,MAC_0002,[REDACTED_DUPLICATE_PAYLOAD],10,53779,0,12,false,0:0:0:0:0:0:0:0,N/A,0,N/A,7036,<13>Jul 10 10:15:48 10.0.0.4.vnpost AgentDevice=WindowsLog	AgentLogFile=Microsoft-Windows-Sysmon/Operational	PluginVersion=7.3.1.28	Source=Microsoft-Windows-Sysmon	Computer=Jump-QTHTvDL-App	OriginatingComputer=Jump-QTHTvDL-App	User=USER_0002	Domain=DOMAIN_0006.LOCAL	EventID=8	EventIDCode=8	EventType=4	EventCategory=8	RecordNumber=72913186	TimeGenerated=1783653346	TimeWritten=1783653346	Level=Informational	Keywords=0x8000000000000000	Task=SysmonTask-SYSMON_CREATE_REMOTE_THREAD	Opcode=Info	Message=CreateRemoteThread detected: RuleName: - UtcTime: 2026-07-10 03:15:46.099 SourceProcessGuid: {5b31cfa1-5d77-6a50-472c-070000001a00} SourceProcessId: 195892 SourceImage: C:\Users\USER_0016\AppData\Roaming\MobaXterm\slash\bin\bash.exe TargetProcessGuid: {5b31cfa1-63e1-6a50-9e2d-070000001a00} TargetProcessId: 185956 TargetImage: C:\Users\USER_0016\AppData\Roaming\MobaXterm\slash\bin\bash.exe NewThreadId: 193720 StartAddress: 0x0000000000401000 StartModule: - StartFunction: - ,Suspicious Windows Events,N/A,1,0,unknown,N/A,CreateRemoteThread,unknown,0,null,1783653346000,255,0,false,0,"true""""",Microsoft-Windows-Sysmon/Operational,HOST_0004,The CreateRemoteThread event detects when a process creates a thread in another process.,0,1783653352693,No Offense,255,HOST_0009 @ 10.0.0.4,true,10,false,N/A,10.0.0.4,false,1783653352693,10,NETWORK_0002,35,8,0,10,-1,HOST_0004,[REDACTED_DUPLICATE_PAYLOAD],USER_0002,5001845,false,null,N/A,"10:15:52, 10 thg 7, 2026","10:15:46, 10 thg 7, 2026",MAC_0002,HOST_0006,439,0,false,10.0.0.4,0,N/A,10.0.0.3,1,"10:15:52, 10 thg 7, 2026",0:0:0:0:0:0:0:0,N/A,null,"100101,100164,100146,100221,100265,109237,109187,156193,100641,100626,100277,100272,100677,134937,166353,100223"
N/A,false,0,0,USER_0004,HOST_0007,"{sysmon-eventid=8, Description=N/A, Message=N/A, Pipe Name=N/A, sysmon-processid=187240, sysmon-sourceimage=C:\Program Files (x86)\Mobatek\MobaXterm\MobaXterm.exe, channel=Microsoft-Windows-Sysmon/Operational, Logon Account Domain=DOMAIN_0001.LOCAL, Object Name=N/A, Target Process Path=C:\Users\USER_0013\AppData\Roaming\MobaXterm\slash\bin\MobaSCPRinew.exe, Process Name=MobaXterm.exe, Account Name=USER_0004, Logon Type=N/A, Target User Domain=DOMAIN_0001.LOCAL, Account Security ID=S-1-5-21-0002, Share Name=N/A, Authentication Package=N/A, sysmon-processguid={5b31cfa1-481f-6a50-2b2a-070000001a00}, sysmon-sourceprocessguid={5b31cfa1-481f-6a50-2b2a-070000001a00}, Logon Account Name=USER_0004, Realm=DOMAIN_0001.LOCAL, Source Process Path=C:\Program Files (x86)\Mobatek\MobaXterm\MobaXterm.exe, EventIDCode=8, Account ID=S-1-5-21-0002, sysmon-targetprocessid=191208, Process Path=C:\Program Files (x86)\Mobatek\MobaXterm\MobaXterm.exe, sysmon-utctime=2026-07-10 03:15:42.145, Status Code=N/A, User Domain=DOMAIN_0001.LOCAL, Key Length=N/A, Target Username=USER_0004, Event ID=8, Target Process Name=MobaSCPRinew.exe, sysmon-startmodule=-, ProgramName=N/A, Start Module=-, sysmon-startfunction=-, sysmon-user=USER_0002, SourceImageTempPath=N/A, Process GUID=N/A, Machine Identifier=HOST_0008, Object Type=N/A, Start Address=0x00000000004014A0, Target Account Security ID=S-1-5-21-0002, Start Function=-, sysmon-startaddress=0x00000000004014A0, Device Name=HOST_0008, sysmon-targetimage=C:\Users\QTHT~1.VIE\AppData\Roaming\MobaXterm\slash\bin\MobaSCPRinew.exe}",false,MAC_0001,MAC_0002,[REDACTED_DUPLICATE_PAYLOAD],3,53779,0,12,false,0:0:0:0:0:0:0:0,N/A,0,N/A,7036,<13>Jul 10 10:15:45 10.0.0.4.vnpost AgentDevice=WindowsLog	AgentLogFile=Microsoft-Windows-Sysmon/Operational	PluginVersion=7.3.1.28	Source=Microsoft-Windows-Sysmon	Computer=Jump-QTHTvDL-App	OriginatingComputer=Jump-QTHTvDL-App	User=USER_0002	Domain=DOMAIN_0006.LOCAL	EventID=8	EventIDCode=8	EventType=4	EventCategory=8	RecordNumber=72913074	TimeGenerated=1783653342	TimeWritten=1783653342	Level=Informational	Keywords=0x8000000000000000	Task=SysmonTask-SYSMON_CREATE_REMOTE_THREAD	Opcode=Info	Message=CreateRemoteThread detected: RuleName: - UtcTime: 2026-07-10 03:15:42.145 SourceProcessGuid: {5b31cfa1-481f-6a50-2b2a-070000001a00} SourceProcessId: 187240 SourceImage: C:\Program Files (x86)\Mobatek\MobaXterm\MobaXterm.exe TargetProcessGuid: {5b31cfa1-63de-6a50-9c2d-070000001a00} TargetProcessId: 191208 TargetImage: C:\Users\USER_0013\AppData\Roaming\MobaXterm\slash\bin\MobaSCPRinew.exe NewThreadId: 194076 StartAddress: 0x00000000004014A0 StartModule: - StartFunction: - ,Suspicious Windows Events,N/A,1,0,unknown,N/A,CreateRemoteThread,unknown,0,null,1783653342000,255,0,false,0,"true""""",Microsoft-Windows-Sysmon/Operational,HOST_0004,The CreateRemoteThread event detects when a process creates a thread in another process.,0,1783653352686,No Offense,255,HOST_0009 @ 10.0.0.4,true,3,false,N/A,10.0.0.4,false,1783653352686,5,NETWORK_0002,35,8,0,3,-1,HOST_0004,[REDACTED_DUPLICATE_PAYLOAD],USER_0002,5001845,false,null,N/A,"10:15:52, 10 thg 7, 2026","10:15:42, 10 thg 7, 2026",MAC_0002,HOST_0006,439,0,false,10.0.0.4,0,N/A,10.0.0.3,1,"10:15:52, 10 thg 7, 2026",0:0:0:0:0:0:0:0,N/A,null,"100101,100164,100146,100221,100265,109237,109187,156193,100691,100626,100277,100272,134937,166353,100223"
N/A,false,0,0,USER_0004,HOST_0007,"{sysmon-eventid=8, Description=N/A, Message=N/A, Pipe Name=N/A, sysmon-processid=187240, sysmon-sourceimage=C:\Program Files (x86)\Mobatek\MobaXterm\MobaXterm.exe, channel=Microsoft-Windows-Sysmon/Operational, Logon Account Domain=DOMAIN_0001.LOCAL, Object Name=N/A, Target Process Path=C:\Users\USER_0013\AppData\Roaming\MobaXterm\slash\bin\MobaSCPRinew.exe, Process Name=MobaXterm.exe, Account Name=USER_0004, Logon Type=N/A, Target User Domain=DOMAIN_0001.LOCAL, Account Security ID=S-1-5-21-0002, Share Name=N/A, Authentication Package=N/A, sysmon-processguid={5b31cfa1-481f-6a50-2b2a-070000001a00}, sysmon-sourceprocessguid={5b31cfa1-481f-6a50-2b2a-070000001a00}, Logon Account Name=USER_0004, Realm=DOMAIN_0001.LOCAL, Source Process Path=C:\Program Files (x86)\Mobatek\MobaXterm\MobaXterm.exe, EventIDCode=8, Account ID=S-1-5-21-0002, sysmon-targetprocessid=190712, Process Path=C:\Program Files (x86)\Mobatek\MobaXterm\MobaXterm.exe, sysmon-utctime=2026-07-10 03:15:39.723, Status Code=N/A, User Domain=DOMAIN_0001.LOCAL, Key Length=N/A, Target Username=USER_0004, Event ID=8, Target Process Name=MobaSCPRinew.exe, sysmon-startmodule=-, ProgramName=N/A, Start Module=-, sysmon-startfunction=-, sysmon-user=USER_0002, SourceImageTempPath=N/A, Process GUID=N/A, Machine Identifier=HOST_0008, Object Type=N/A, Start Address=0x00000000004014A0, Target Account Security ID=S-1-5-21-0002, Start Function=-, sysmon-startaddress=0x00000000004014A0, Device Name=HOST_0008, sysmon-targetimage=C:\Users\QTHT~1.VIE\AppData\Roaming\MobaXterm\slash\bin\MobaSCPRinew.exe}",false,MAC_0001,MAC_0002,[REDACTED_DUPLICATE_PAYLOAD],3,53779,0,12,false,0:0:0:0:0:0:0:0,N/A,0,N/A,7036,<13>Jul 10 10:15:42 10.0.0.4.vnpost AgentDevice=WindowsLog	AgentLogFile=Microsoft-Windows-Sysmon/Operational	PluginVersion=7.3.1.28	Source=Microsoft-Windows-Sysmon	Computer=Jump-QTHTvDL-App	OriginatingComputer=Jump-QTHTvDL-App	User=USER_0002	Domain=DOMAIN_0006.LOCAL	EventID=8	EventIDCode=8	EventType=4	EventCategory=8	RecordNumber=72912998	TimeGenerated=1783653339	TimeWritten=1783653339	Level=Informational	Keywords=0x8000000000000000	Task=SysmonTask-SYSMON_CREATE_REMOTE_THREAD	Opcode=Info	Message=CreateRemoteThread detected: RuleName: - UtcTime: 2026-07-10 03:15:39.723 SourceProcessGuid: {5b31cfa1-481f-6a50-2b2a-070000001a00} SourceProcessId: 187240 SourceImage: C:\Program Files (x86)\Mobatek\MobaXterm\MobaXterm.exe TargetProcessGuid: {5b31cfa1-63db-6a50-9a2d-070000001a00} TargetProcessId: 190712 TargetImage: C:\Users\USER_0013\AppData\Roaming\MobaXterm\slash\bin\MobaSCPRinew.exe NewThreadId: 196204 StartAddress: 0x00000000004014A0 StartModule: - StartFunction: - ,Suspicious Windows Events,N/A,1,0,unknown,N/A,CreateRemoteThread,unknown,0,null,1783653339000,255,0,false,0,"true""""",Microsoft-Windows-Sysmon/Operational,HOST_0004,The CreateRemoteThread event detects when a process creates a thread in another process.,0,1783653352682,No Offense,255,HOST_0009 @ 10.0.0.4,true,3,false,N/A,10.0.0.4,false,1783653352682,5,NETWORK_0002,35,8,0,3,-1,HOST_0004,[REDACTED_DUPLICATE_PAYLOAD],USER_0002,5001845,false,null,N/A,"10:15:52, 10 thg 7, 2026","10:15:39, 10 thg 7, 2026",MAC_0002,HOST_0006,439,0,false,10.0.0.4,0,N/A,10.0.0.3,1,"10:15:52, 10 thg 7, 2026",0:0:0:0:0:0:0:0,N/A,null,"100101,100164,100146,100221,100265,109237,109187,156193,100691,100626,100277,100272,134937,166353,100223"
N/A,false,0,0,USER_0004,HOST_0007,"{sysmon-eventid=8, Description=N/A, Message=N/A, Pipe Name=N/A, sysmon-processid=187240, sysmon-sourceimage=C:\Program Files (x86)\Mobatek\MobaXterm\MobaXterm.exe, channel=Microsoft-Windows-Sysmon/Operational, Logon Account Domain=DOMAIN_0001.LOCAL, Object Name=N/A, Target Process Path=C:\Users\USER_0013\AppData\Roaming\MobaXterm\slash\bin\MobaSCPRinew.exe, Process Name=MobaXterm.exe, Account Name=USER_0004, Logon Type=N/A, Target User Domain=DOMAIN_0001.LOCAL, Account Security ID=S-1-5-21-0002, Share Name=N/A, Authentication Package=N/A, sysmon-processguid={5b31cfa1-481f-6a50-2b2a-070000001a00}, sysmon-sourceprocessguid={5b31cfa1-481f-6a50-2b2a-070000001a00}, Logon Account Name=USER_0004, Realm=DOMAIN_0001.LOCAL, Source Process Path=C:\Program Files (x86)\Mobatek\MobaXterm\MobaXterm.exe, EventIDCode=8, Account ID=S-1-5-21-0002, sysmon-targetprocessid=131388, Process Path=C:\Program Files (x86)\Mobatek\MobaXterm\MobaXterm.exe, sysmon-utctime=2026-07-10 03:15:35.598, Status Code=N/A, User Domain=DOMAIN_0001.LOCAL, Key Length=N/A, Target Username=USER_0004, Event ID=8, Target Process Name=MobaSCPRinew.exe, sysmon-startmodule=-, ProgramName=N/A, Start Module=-, sysmon-startfunction=-, sysmon-user=USER_0002, SourceImageTempPath=N/A, Process GUID=N/A, Machine Identifier=HOST_0008, Object Type=N/A, Start Address=0x00000000004014A0, Target Account Security ID=S-1-5-21-0002, Start Function=-, sysmon-startaddress=0x00000000004014A0, Device Name=HOST_0008, sysmon-targetimage=C:\Users\QTHT~1.VIE\AppData\Roaming\MobaXterm\slash\bin\MobaSCPRinew.exe}",false,MAC_0001,MAC_0002,[REDACTED_DUPLICATE_PAYLOAD],3,53779,0,12,false,0:0:0:0:0:0:0:0,N/A,0,N/A,7036,<13>Jul 10 10:15:36 10.0.0.4.vnpost AgentDevice=WindowsLog	AgentLogFile=Microsoft-Windows-Sysmon/Operational	PluginVersion=7.3.1.28	Source=Microsoft-Windows-Sysmon	Computer=Jump-QTHTvDL-App	OriginatingComputer=Jump-QTHTvDL-App	User=USER_0002	Domain=DOMAIN_0006.LOCAL	EventID=8	EventIDCode=8	EventType=4	EventCategory=8	RecordNumber=72912870	TimeGenerated=1783653335	TimeWritten=1783653335	Level=Informational	Keywords=0x8000000000000000	Task=SysmonTask-SYSMON_CREATE_REMOTE_THREAD	Opcode=Info	Message=CreateRemoteThread detected: RuleName: - UtcTime: 2026-07-10 03:15:35.598 SourceProcessGuid: {5b31cfa1-481f-6a50-2b2a-070000001a00} SourceProcessId: 187240 SourceImage: C:\Program Files (x86)\Mobatek\MobaXterm\MobaXterm.exe TargetProcessGuid: {5b31cfa1-63d7-6a50-982d-070000001a00} TargetProcessId: 131388 TargetImage: C:\Users\USER_0013\AppData\Roaming\MobaXterm\slash\bin\MobaSCPRinew.exe NewThreadId: 197624 StartAddress: 0x00000000004014A0 StartModule: - StartFunction: - ,Suspicious Windows Events,N/A,1,0,unknown,N/A,CreateRemoteThread,unknown,0,null,1783653335000,255,0,false,0,"true""""",Microsoft-Windows-Sysmon/Operational,HOST_0004,The CreateRemoteThread event detects when a process creates a thread in another process.,0,1783653342168,No Offense,255,HOST_0009 @ 10.0.0.4,true,3,false,N/A,10.0.0.4,false,1783653342168,5,NETWORK_0002,35,8,0,3,-1,HOST_0004,[REDACTED_DUPLICATE_PAYLOAD],USER_0002,5001845,false,null,N/A,"10:15:42, 10 thg 7, 2026","10:15:35, 10 thg 7, 2026",MAC_0002,HOST_0006,439,0,false,10.0.0.4,0,N/A,10.0.0.3,1,"10:15:42, 10 thg 7, 2026",0:0:0:0:0:0:0:0,N/A,null,"100101,100164,100146,100221,100265,109237,109187,156193,100691,100626,100277,100272,134937,166353,100223"
N/A,false,0,0,USER_0004,HOST_0007,"{sysmon-eventid=8, Description=N/A, Message=N/A, Pipe Name=N/A, sysmon-processid=192456, sysmon-sourceimage=C:\Users\qtht.andd\AppData\Roaming\MobaXterm\slash\bin\bash.exe, channel=Microsoft-Windows-Sysmon/Operational, Logon Account Domain=DOMAIN_0001.LOCAL, Object Name=N/A, Target Process Path=C:\Users\USER_0016\AppData\Roaming\MobaXterm\slash\bin\xauth.exe, Process Name=bash.exe, Account Name=USER_0004, Logon Type=N/A, Target User Domain=DOMAIN_0001.LOCAL, Account Security ID=S-1-5-21-0002, Share Name=N/A, Authentication Package=N/A, sysmon-processguid={5b31cfa1-63cf-6a50-962d-070000001a00}, sysmon-sourceprocessguid={5b31cfa1-63cf-6a50-962d-070000001a00}, Logon Account Name=USER_0004, Realm=DOMAIN_0001.LOCAL, Source Process Path=C:\Users\USER_0016\AppData\Roaming\MobaXterm\slash\bin\bash.exe, EventIDCode=8, Account ID=S-1-5-21-0002, sysmon-targetprocessid=197220, Process Path=C:\Users\USER_0016\AppData\Roaming\MobaXterm\slash\bin\bash.exe, sysmon-utctime=2026-07-10 03:15:27.833, Status Code=N/A, User Domain=DOMAIN_0001.LOCAL, Key Length=N/A, Target Username=USER_0004, Event ID=8, Target Process Name=xauth.exe, sysmon-startmodule=-, ProgramName=N/A, Start Module=-, sysmon-startfunction=-, sysmon-user=USER_0002, SourceImageTempPath=N/A, Process GUID=N/A, Machine Identifier=HOST_0008, Object Type=N/A, Start Address=0x0000000000401000, Target Account Security ID=S-1-5-21-0002, Start Function=-, sysmon-startaddress=0x0000000000401000, Device Name=HOST_0008, sysmon-targetimage=C:\Users\qtht.andd\AppData\Roaming\MobaXterm\slash\bin\xauth.exe}",false,MAC_0001,MAC_0002,[REDACTED_DUPLICATE_PAYLOAD],3,53779,0,12,false,0:0:0:0:0:0:0:0,N/A,0,N/A,7036,<13>Jul 10 10:15:30 10.0.0.4.vnpost AgentDevice=WindowsLog	AgentLogFile=Microsoft-Windows-Sysmon/Operational	PluginVersion=7.3.1.28	Source=Microsoft-Windows-Sysmon	Computer=Jump-QTHTvDL-App	OriginatingComputer=Jump-QTHTvDL-App	User=USER_0002	Domain=DOMAIN_0006.LOCAL	EventID=8	EventIDCode=8	EventType=4	EventCategory=8	RecordNumber=72912665	TimeGenerated=1783653327	TimeWritten=1783653327	Level=Informational	Keywords=0x8000000000000000	Task=SysmonTask-SYSMON_CREATE_REMOTE_THREAD	Opcode=Info	Message=CreateRemoteThread detected: RuleName: - UtcTime: 2026-07-10 03:15:27.833 SourceProcessGuid: {5b31cfa1-63cf-6a50-962d-070000001a00} SourceProcessId: 192456 SourceImage: C:\Users\USER_0016\AppData\Roaming\MobaXterm\slash\bin\bash.exe TargetProcessGuid: {5b31cfa1-63cf-6a50-972d-070000001a00} TargetProcessId: 197220 TargetImage: C:\Users\USER_0016\AppData\Roaming\MobaXterm\slash\bin\xauth.exe NewThreadId: 195316 StartAddress: 0x0000000000401000 StartModule: - StartFunction: - ,Suspicious Windows Events,N/A,1,0,unknown,N/A,CreateRemoteThread,unknown,0,null,1783653327000,255,0,false,0,"true""""",Microsoft-Windows-Sysmon/Operational,HOST_0004,The CreateRemoteThread event detects when a process creates a thread in another process.,0,1783653331685,No Offense,255,HOST_0009 @ 10.0.0.4,true,3,false,N/A,10.0.0.4,false,1783653331685,5,NETWORK_0002,35,8,0,3,-1,HOST_0004,[REDACTED_DUPLICATE_PAYLOAD],USER_0002,5001845,false,null,N/A,"10:15:31, 10 thg 7, 2026","10:15:27, 10 thg 7, 2026",MAC_0002,HOST_0006,439,0,false,10.0.0.4,0,N/A,10.0.0.3,38,"10:15:31, 10 thg 7, 2026",0:0:0:0:0:0:0:0,N/A,null,"100101,100164,100146,100221,100265,109237,109187,156193,100691,100626,100277,100272,100677,134937,166353,100223"
