N/A,false,0,0,USER_0004,HOST_0002,"{sysmon-eventid=4688, Parent Process Name=npp.203.0.0.1.Installer.x64.exe, Pipe Name=N/A, File Directory=N/A, sysmon-processid=N/A, channel=Security, Object Name=C:\Program DOMAIN_0004.LOCAL\USER_0007++\notepad++.exe  Token Elevation Type: %%1937  Mandatory Label:  Mandatory Label\High Mandatory Level  Creator Process ID: 0x4440  Creator Process Name: C:\Users\USER_0005\AppData\Local\Temp\16\Rar$DOMAIN_0003.LOCAL\USER_0006  Process Command Line: ""C:\Program DOMAIN_0004.LOCAL\USER_0007++\notepad++.exe"" ""C:\Program DOMAIN_0004.LOCAL\USER_0007++\change.log"", Account Name=USER_0005, Target User Domain=DOMAIN_0005.LOCAL, mandatory_label=Mandatory Label\High Mandatory Level, Logon Account Name=USER_0004, EventIDCode=4688, Terminated Process Name=N/A, MD5 Hash=N/A, Filename=N/A, Key Length=N/A, ProgramName=N/A, Process GUID=N/A, SHA1 Hash=N/A, File Extension=N/A, Object Type=N/A, SHA256 Hash=N/A, Parent Process GUID=N/A, Integrity Level=N/A, sysmon-parentimage=C:\Users\qtht_duclc\AppData\Local\Temp\16\Rar$EXa288.30766.rartemp\npp.8.9.6.2.Installer.x64.exe, Description=N/A, Token Elevation Type=%%1937, Message=N/A, Encoded Command=N/A, Logon Account Domain=DOMAIN_0001.LOCAL, Process Name=notepad++.exe, Parent Process ID=N/A, Logon Type=N/A, Account Security ID=S-1-5-21-0001, Share Name=N/A, Authentication Package=N/A, sysmon-processguid=N/A, Realm=DOMAIN_0001.LOCAL, Account ID=S-1-5-21-0002, Process Path=C:\Program DOMAIN_0004.LOCAL\USER_0007++\notepad++.exe, Status Code=N/A, User Domain=DOMAIN_0002.LOCAL, Encoded Argument=N/A, Target Username=USER_0008, Event ID=4688, sysmon-user=USER_0004, Command=""C:\Program DOMAIN_0004.LOCAL\USER_0007++\notepad++.exe"" ""C:\Program DOMAIN_0004.LOCAL\USER_0007++\change.log"" , Process ID=0x2128, Machine Identifier=HOST_0003, Target Account Security ID=S-1-5-21-0003, Device Name=HOST_0003, IMP Hash=N/A, Parent Process Path=C:\Users\USER_0005\AppData\Local\Temp\16\Rar$DOMAIN_0003.LOCAL\USER_0006}",false,MAC_0001,MAC_0002,[REDACTED_DUPLICATE_PAYLOAD],3,18223,0,12,false,0:0:0:0:0:0:0:0,N/A,0,N/A,8110,"<13>Jul 24 08:48:16 10.0.0.2.new AgentDevice=WindowsLog	AgentLogFile=Security	PluginVersion=7.3.1.28	Source=Microsoft-Windows-Security-Auditing	Computer=cds-upgrade	OriginatingComputer=cds-upgrade	User=	Domain=	EventID=4688	EventIDCode=4688	EventType=8	EventCategory=13312	RecordNumber=13418855	TimeGenerated=1784857695	TimeWritten=1784857695	Level=Log Always	Keywords=Audit Success	Task=SE_ADT_DETAILEDTRACKING_PROCESSCREATION	Opcode=Info	Message=A new process has been created.  Creator Subject:  Security ID:  DOMAIN_0002.LOCAL\USER_0005  Account Name: USER_0005  Account Domain: DOMAIN_0002.LOCAL  Logon ID:  0xECE3E7AA8  Target Subject:  Security ID:  NULL SID  Account Name:  -  Account Domain:  -  Logon ID:  0x0  Process Information:  New Process ID:  0x2128  New Process Name: C:\Program DOMAIN_0004.LOCAL\USER_0007++\notepad++.exe  Token Elevation Type: %%1937  Mandatory Label:  Mandatory Label\High Mandatory Level  Creator Process ID: 0x4440  Creator Process Name: C:\Users\USER_0005\AppData\Local\Temp\16\Rar$DOMAIN_0003.LOCAL\USER_0006  Process Command Line: ""C:\Program DOMAIN_0004.LOCAL\USER_0007++\notepad++.exe"" ""C:\Program DOMAIN_0004.LOCAL\USER_0007++\change.log""   Token Elevation Type indicates the type of token that was assigned to the new process in accordance with User Account Control policy.  Type 1 is a full token with no privileges removed or groups disabled.  A full token is only used if User Account Control is disabled or if the user is the built-in Administrator account or a service account.  Type 2 is an elevated token with no privileges removed or groups disabled.  An elevated token is used when User Account Control is enabled and the user chooses to start the program using Run as administrator.  An elevated token is also used when an application is configured to always require administrative privilege or to always require maximum privilege, and the user is a member of the Administrators group.  Type 3 is a limited token with administrative privileges removed and administrative groups disabled.  The limited token is used when User Account Control is enabled, the application does not require administrative privilege, and the user does not choose to start the program using Run as administrator. ",Process Creation Success,N/A,1,0,unknown,N/A,Success Audit: A new process has been created,unknown,0,null,1784857695000,255,0,false,0,"true""""",Success Audit,HOST_0004,Success Audit: A new process has been created.,0,1784857699410,No Offense,255,HOST_0005 @ 10.0.0.2,false,3,false,N/A,10.0.0.2,false,1784857699410,5,NETWORK_0002,35,4688,0,2,-1,HOST_0004,[REDACTED_DUPLICATE_PAYLOAD],USER_0005,5000862,false,null,N/A,"08:48:19, 24 thg 7, 2026","08:48:15, 24 thg 7, 2026",MAC_0002,HOST_0006,439,0,false,10.0.0.2,0,N/A,10.0.0.3,1,"08:48:19, 24 thg 7, 2026",0:0:0:0:0:0:0:0,N/A,null,"100221,100265,109237,109187,156193,100272,134937,166353"
N/A,false,0,0,USER_0004,HOST_0002,"{sysmon-eventid=4689, Description=N/A, Message=N/A, Pipe Name=N/A, sysmon-processid=N/A, channel=Security, Logon Account Domain=DOMAIN_0001.LOCAL, Object Name=N/A, Process Name=explorer.exe, Account Name=USER_0005, Logon Type=N/A, Target User Domain=DOMAIN_0001.LOCAL, Account Security ID=S-1-5-21-0001, Share Name=N/A, Authentication Package=N/A, sysmon-processguid=N/A, Logon Account Name=USER_0004, Realm=DOMAIN_0001.LOCAL, EventIDCode=4689, Account ID=S-1-5-21-0002, Status Code=N/A, User Domain=DOMAIN_0002.LOCAL, Key Length=N/A, Target Username=USER_0004, Event ID=4689, ProgramName=N/A, sysmon-user=USER_0004, Machine Identifier=HOST_0003, Object Type=N/A, Target Account Security ID=S-1-5-21-0002, Device Name=HOST_0003}",false,MAC_0001,MAC_0002,[REDACTED_DUPLICATE_PAYLOAD],3,18223,0,12,false,0:0:0:0:0:0:0:0,N/A,0,N/A,8010,<13>Jul 24 08:48:16 10.0.0.2.new AgentDevice=WindowsLog	AgentLogFile=Security	PluginVersion=7.3.1.28	Source=Microsoft-Windows-Security-Auditing	Computer=cds-upgrade	OriginatingComputer=cds-upgrade	User=	Domain=	EventID=4689	EventIDCode=4689	EventType=8	EventCategory=13313	RecordNumber=13418852	TimeGenerated=1784857695	TimeWritten=1784857695	Level=Log Always	Keywords=Audit Success	Task=SE_ADT_DETAILEDTRACKING_PROCESSTERMINATION	Opcode=Info	Message=A process has exited.  Subject:  Security ID:  DOMAIN_0002.LOCAL\USER_0005  Account Name: USER_0005  Account Domain: DOMAIN_0002.LOCAL  Logon ID:  0xECE3E7AA8  Process Information:  Process ID: 0x5c6c  Process Name: C:\Windows\explorer.exe  Exit Status: 0x1 ,Service Stopped,N/A,1,0,unknown,N/A,Success Audit: A process has exited,unknown,0,null,1784857695000,255,0,false,0,"true""""",Success Audit,HOST_0004,Success Audit: A process has exited.,0,1784857699410,No Offense,255,HOST_0005 @ 10.0.0.2,false,3,false,N/A,10.0.0.2,false,1784857699410,5,NETWORK_0002,35,4689,0,1,-1,HOST_0004,[REDACTED_DUPLICATE_PAYLOAD],USER_0005,5000863,false,null,N/A,"08:48:19, 24 thg 7, 2026","08:48:15, 24 thg 7, 2026",MAC_0002,HOST_0006,439,0,false,10.0.0.2,0,N/A,10.0.0.3,1,"08:48:19, 24 thg 7, 2026",0:0:0:0:0:0:0:0,N/A,null,"100221,100265,109237,109187,156193,100272,123037,123937,134937,166353"
N/A,false,0,0,USER_0004,HOST_0002,"{sysmon-eventid=1, Parent Process Name=npp.203.0.0.1.Installer.x64.exe, Pipe Name=N/A, File Directory=N/A, sysmon-processid=23660, channel=Microsoft-Windows-Sysmon/Operational, sysmon-username= DOMAIN_0002.LOCAL\USER_0005, Parent Command=""C:\Users\USER_0005\AppData\Local\Temp\16\Rar$DOMAIN_0003.LOCAL\USER_0006"" , Object Name=N/A, Account Name=USER_0004, sysmon-currentdirectory=C:\Program DOMAIN_0004.LOCAL\USER_0007++\contextMenu\, Target User Domain=DOMAIN_0001.LOCAL, Logon Account Name=USER_0004, Product Description=Windows Explorer, EventIDCode=1, Terminated Process Name=N/A, MD5 Hash=79EF9CC16B1ECF09E424077014473E4B, Filename=N/A, Key Length=N/A, sysmon-logonid=0xECE3E7AA8, ProgramName=N/A, Process GUID=82c1a4dc-c45c-6a62-17ea-0b0000002700, SHA1 Hash=AEDF41ADC7A2D1B9BEC091ECE86A6FCC1E63E1D2, File Extension=N/A, Object Type=N/A, sysmon-hash=SHA1=AEDF41ADC7A2D1B9BEC091ECE86A6FCC1E63E1D2,MD5=79EF9CC16B1ECF09E424077014473E4B,SHA256=E1A139C25D9069CA030BC6C6ACDD1BE4A8D5D81FF7ED219527A1D7997254E206,IMPHASH=E320D3313A399467D02924191A7D3D11, SHA256 Hash=E1A139C25D9069CA030BC6C6ACDD1BE4A8D5D81FF7ED219527A1D7997254E206, Parent Process GUID=82c1a4dc-c44b-6a62-16ea-0b0000002700, Integrity Level=High, sysmon-parentimage=C:\Users\qtht_duclc\AppData\Local\Temp\16\Rar$EXa288.30766.rartemp\npp.8.9.6.2.Installer.x64.exe, Description=Description: Windows Explorer Product, File Hash=AEDF41ADC7A2D1B9BEC091ECE86A6FCC1E63E1D2, Token Elevation Type=N/A, Message=N/A, sysmon-rulename=-, Encoded Command=N/A, Logon Account Domain=DOMAIN_0001.LOCAL, Process Name=explorer.exe, Parent Process ID=17472, sysmon-parentcommandline=""C:\Users\USER_0005\AppData\Local\Temp\16\Rar$DOMAIN_0003.LOCAL\USER_0006"", Logon Type=N/A, sysmon-integritylevel=High, sysmon-logonguid={82c1a4dc-2e1f-6a3a-a87a-3ece0e000000}, Account Security ID=S-1-5-21-0002, Share Name=N/A, Authentication Package=N/A, sysmon-processguid={82c1a4dc-c45c-6a62-17ea-0b0000002700}, Realm=DOMAIN_0001.LOCAL, Account ID=S-1-5-21-0002, sysmon-description=Windows Explorer, Process Path=C:\Windows\explorer.exe, Status Code=N/A, Product Name=Microsoft® Windows® Operating System, User Domain=DOMAIN_0001.LOCAL, Encoded Argument=N/A, Target Username=USER_0004, Event ID=1, sysmon-parentprocessid=17472, Product Company=Microsoft Corporation, sysmon-fileversion=10.0.17763.4840 (WinBuild.160101.0800), sysmon-parentprocessguid={82c1a4dc-c44b-6a62-16ea-0b0000002700}, sysmon-user=USER_0002, Command=""C:\Windows\explorer.exe"" ""C:\Program DOMAIN_0004.LOCAL\USER_0007++\notepad++.exe"", sysmon-originalfilename=EXPLORER.EXE, Process ID=23660, sysmon-image=C:\Windows\explorer.exe, Machine Identifier=HOST_0003, Target Account Security ID=S-1-5-21-0002, sysmon-commandline=""C:\Windows\explorer.exe"" ""C:\Program DOMAIN_0004.LOCAL\USER_0007++\notepad++.exe"", Device Name=HOST_0003, IMP Hash=E320D3313A399467D02924191A7D3D11, Current Working Directory=C:\Program Files\Notepad++\contextMenu\, Parent Process Path=C:\Users\USER_0005\AppData\Local\Temp\16\Rar$DOMAIN_0003.LOCAL\USER_0006, sysmon-terminalsessionid=16}",false,MAC_0001,MAC_0002,[REDACTED_DUPLICATE_PAYLOAD],6,18223,0,12,false,0:0:0:0:0:0:0:0,N/A,0,N/A,8110,"<13>Jul 24 08:48:15 10.0.0.2.new AgentDevice=WindowsLog	AgentLogFile=Microsoft-Windows-Sysmon/Operational	PluginVersion=7.3.1.28	Source=Microsoft-Windows-Sysmon	Computer=cds-upgrade	OriginatingComputer=cds-upgrade	User=USER_0002	Domain=DOMAIN_0006.LOCAL	EventID=1	EventIDCode=1	EventType=4	EventCategory=1	RecordNumber=427755379	TimeGenerated=1784857692	TimeWritten=1784857692	Level=Informational	Keywords=0x8000000000000000	Task=SysmonTask-SYSMON_CREATE_PROCESS	Opcode=Info	Message=Process Create: RuleName: - UtcTime: 2026-07-24 01:48:12.135 ProcessGuid: {82c1a4dc-c45c-6a62-17ea-0b0000002700} ProcessId: 23660 Image: C:\Windows\explorer.exe FileVersion: 10.0.17763.4840 (WinBuild.160101.0800) Description: Windows Explorer Product: Microsoft® Windows® Operating System Company: Microsoft Corporation OriginalFileName: EXPLORER.EXE CommandLine: ""C:\Windows\explorer.exe"" ""C:\Program DOMAIN_0004.LOCAL\USER_0007++\notepad++.exe"" CurrentDirectory: C:\Program DOMAIN_0004.LOCAL\USER_0007++\contextMenu\ User: DOMAIN_0002.LOCAL\USER_0005 LogonGuid: {82c1a4dc-2e1f-6a3a-a87a-3ece0e000000} LogonId: 0xECE3E7AA8 TerminalSessionId: 16 IntegrityLevel: High Hashes: SHA1=AEDF41ADC7A2D1B9BEC091ECE86A6FCC1E63E1D2,MD5=79EF9CC16B1ECF09E424077014473E4B,SHA256=E1A139C25D9069CA030BC6C6ACDD1BE4A8D5D81FF7ED219527A1D7997254E206,IMPHASH=E320D3313A399467D02924191A7D3D11 ParentProcessGuid: {82c1a4dc-c44b-6a62-16ea-0b0000002700} ParentProcessId: 17472 ParentImage: C:\Users\USER_0005\AppData\Local\Temp\16\Rar$DOMAIN_0003.LOCAL\USER_0006 ParentCommandLine: ""C:\Users\USER_0005\AppData\Local\Temp\16\Rar$DOMAIN_0003.LOCAL\USER_0006""  ",Process Creation Success,N/A,1,0,unknown,N/A,Process Create,unknown,0,null,1784857692000,255,0,false,0,"true""""",Microsoft-Windows-Sysmon/Operational,HOST_0004,The process creation event provides extended information about a newly created process.,0,1784857696428,No Offense,255,HOST_0005 @ 10.0.0.2,true,5,false,N/A,10.0.0.2,false,1784857696428,7,NETWORK_0002,35,1,0,7,-1,HOST_0004,[REDACTED_DUPLICATE_PAYLOAD],USER_0002,5001828,false,null,N/A,"08:48:16, 24 thg 7, 2026","08:48:12, 24 thg 7, 2026",MAC_0002,HOST_0006,439,0,false,10.0.0.2,0,N/A,10.0.0.3,1,"08:48:16, 24 thg 7, 2026",0:0:0:0:0:0:0:0,N/A,null,"100636,100221,100265,109237,109187,100668,156193,100272,134937,166353"
N/A,false,0,0,USER_0004,HOST_0002,"{sysmon-eventid=4688, Parent Process Name=npp.203.0.0.1.Installer.x64.exe, Pipe Name=N/A, File Directory=N/A, sysmon-processid=N/A, channel=Security, Object Name=N/A, Account Name=USER_0005, Target User Domain=DOMAIN_0005.LOCAL, mandatory_label=Mandatory Label\High Mandatory Level, Logon Account Name=USER_0004, EventIDCode=4688, Terminated Process Name=N/A, MD5 Hash=N/A, Filename=N/A, Key Length=N/A, ProgramName=N/A, Process GUID=N/A, SHA1 Hash=N/A, File Extension=N/A, Object Type=N/A, SHA256 Hash=N/A, Parent Process GUID=N/A, Integrity Level=N/A, sysmon-parentimage=C:\Users\qtht_duclc\AppData\Local\Temp\16\Rar$EXa288.30766.rartemp\npp.8.9.6.2.Installer.x64.exe, Description=N/A, Token Elevation Type=%%1937, Message=N/A, Encoded Command=N/A, Logon Account Domain=DOMAIN_0001.LOCAL, Process Name=explorer.exe, Parent Process ID=N/A, Logon Type=N/A, Account Security ID=S-1-5-21-0001, Share Name=N/A, Authentication Package=N/A, sysmon-processguid=N/A, Realm=DOMAIN_0001.LOCAL, Account ID=S-1-5-21-0002, Process Path=C:\Windows\explorer.exe, Status Code=N/A, User Domain=DOMAIN_0002.LOCAL, Encoded Argument=N/A, Target Username=USER_0008, Event ID=4688, sysmon-user=USER_0004, Command=""C:\Windows\explorer.exe"" ""C:\Program DOMAIN_0004.LOCAL\USER_0007++\notepad++.exe"", Process ID=0x5c6c, Machine Identifier=HOST_0003, Target Account Security ID=S-1-5-21-0003, Device Name=HOST_0003, IMP Hash=N/A, Parent Process Path=C:\Users\USER_0005\AppData\Local\Temp\16\Rar$DOMAIN_0003.LOCAL\USER_0006}",false,MAC_0001,MAC_0002,[REDACTED_DUPLICATE_PAYLOAD],3,18223,0,12,false,0:0:0:0:0:0:0:0,N/A,0,N/A,8110,"<13>Jul 24 08:48:13 10.0.0.2.new AgentDevice=WindowsLog	AgentLogFile=Security	PluginVersion=7.3.1.28	Source=Microsoft-Windows-Security-Auditing	Computer=cds-upgrade	OriginatingComputer=cds-upgrade	User=	Domain=	EventID=4688	EventIDCode=4688	EventType=8	EventCategory=13312	RecordNumber=13418847	TimeGenerated=1784857692	TimeWritten=1784857692	Level=Log Always	Keywords=Audit Success	Task=SE_ADT_DETAILEDTRACKING_PROCESSCREATION	Opcode=Info	Message=A new process has been created.  Creator Subject:  Security ID:  DOMAIN_0002.LOCAL\USER_0005  Account Name: USER_0005  Account Domain: DOMAIN_0002.LOCAL  Logon ID:  0xECE3E7AA8  Target Subject:  Security ID:  NULL SID  Account Name:  -  Account Domain:  -  Logon ID:  0x0  Process Information:  New Process ID:  0x5c6c  New Process Name: C:\Windows\explorer.exe  Token Elevation Type: %%1937  Mandatory Label:  Mandatory Label\High Mandatory Level  Creator Process ID: 0x4440  Creator Process Name: C:\Users\USER_0005\AppData\Local\Temp\16\Rar$DOMAIN_0003.LOCAL\USER_0006  Process Command Line: ""C:\Windows\explorer.exe"" ""C:\Program DOMAIN_0004.LOCAL\USER_0007++\notepad++.exe""  Token Elevation Type indicates the type of token that was assigned to the new process in accordance with User Account Control policy.  Type 1 is a full token with no privileges removed or groups disabled.  A full token is only used if User Account Control is disabled or if the user is the built-in Administrator account or a service account.  Type 2 is an elevated token with no privileges removed or groups disabled.  An elevated token is used when User Account Control is enabled and the user chooses to start the program using Run as administrator.  An elevated token is also used when an application is configured to always require administrative privilege or to always require maximum privilege, and the user is a member of the Administrators group.  Type 3 is a limited token with administrative privileges removed and administrative groups disabled.  The limited token is used when User Account Control is enabled, the application does not require administrative privilege, and the user does not choose to start the program using Run as administrator. ",Process Creation Success,N/A,1,0,unknown,N/A,Success Audit: A new process has been created,unknown,0,null,1784857692000,255,0,false,0,"true""""",Success Audit,HOST_0004,Success Audit: A new process has been created.,0,1784857696428,No Offense,255,HOST_0005 @ 10.0.0.2,false,3,false,N/A,10.0.0.2,false,1784857696428,5,NETWORK_0002,35,4688,0,2,-1,HOST_0004,[REDACTED_DUPLICATE_PAYLOAD],USER_0005,5000862,false,null,N/A,"08:48:16, 24 thg 7, 2026","08:48:12, 24 thg 7, 2026",MAC_0002,HOST_0006,439,0,false,10.0.0.2,0,N/A,10.0.0.3,1,"08:48:16, 24 thg 7, 2026",0:0:0:0:0:0:0:0,N/A,null,"100221,100265,109237,109187,100668,156193,100272,134937,166353"
N/A,false,0,0,USER_0004,HOST_0002,"{sysmon-eventid=4688, Parent Process Name=WinRAR.exe, Pipe Name=N/A, File Directory=N/A, sysmon-processid=N/A, channel=Security, Object Name=C:\Users\USER_0005\AppData\Local\Temp\16\Rar$DOMAIN_0003.LOCAL\USER_0006  Token Elevation Type: %%1937  Mandatory Label:  Mandatory Label\High Mandatory Level  Creator Process ID: 0x120  Creator Process Name: C:\Program Files\WinRAR\WinRAR.exe  Process Command Line: ""C:\Users\USER_0005\AppData\Local\Temp\16\Rar$DOMAIN_0003.LOCAL\USER_0006"", Account Name=USER_0009, Target User Domain=DOMAIN_0002.LOCAL, mandatory_label=Mandatory Label\High Mandatory Level, Logon Account Name=USER_0004, EventIDCode=4688, Terminated Process Name=N/A, MD5 Hash=N/A, Filename=N/A, Key Length=N/A, ProgramName=N/A, Process GUID=N/A, SHA1 Hash=N/A, File Extension=N/A, Object Type=N/A, SHA256 Hash=N/A, Parent Process GUID=N/A, Integrity Level=N/A, sysmon-parentimage=C:\Program Files\WinRAR\WinRAR.exe, Description=N/A, Token Elevation Type=%%1937, Message=N/A, Encoded Command=N/A, Logon Account Domain=DOMAIN_0001.LOCAL, Process Name=npp.203.0.0.1.Installer.x64.exe, Parent Process ID=N/A, Logon Type=N/A, Account Security ID=S-1-5-21-0004, Share Name=N/A, Authentication Package=N/A, sysmon-processguid=N/A, Realm=DOMAIN_0001.LOCAL, Account ID=S-1-5-21-0002, Process Path=C:\Users\USER_0005\AppData\Local\Temp\16\Rar$DOMAIN_0003.LOCAL\USER_0006, Status Code=N/A, User Domain=DOMAIN_0007.LOCAL, Encoded Argument=N/A, Target Username=USER_0005, Event ID=4688, sysmon-user=USER_0004, Command=""C:\Users\USER_0005\AppData\Local\Temp\16\Rar$DOMAIN_0003.LOCAL\USER_0006"" , Process ID=0x4440, Machine Identifier=HOST_0003, Target Account Security ID=S-1-5-21-0001, Device Name=HOST_0003, IMP Hash=N/A, Parent Process Path=C:\Program Files\WinRAR\WinRAR.exe}",false,MAC_0001,MAC_0002,[REDACTED_DUPLICATE_PAYLOAD],5,18223,0,12,false,0:0:0:0:0:0:0:0,N/A,0,N/A,8110,"<13>Jul 24 08:47:58 10.0.0.2.new AgentDevice=WindowsLog	AgentLogFile=Security	PluginVersion=7.3.1.28	Source=Microsoft-Windows-Security-Auditing	Computer=cds-upgrade	OriginatingComputer=cds-upgrade	User=	Domain=	EventID=4688	EventIDCode=4688	EventType=8	EventCategory=13312	RecordNumber=13418839	TimeGenerated=1784857675	TimeWritten=1784857675	Level=Log Always	Keywords=Audit Success	Task=SE_ADT_DETAILEDTRACKING_PROCESSCREATION	Opcode=Info	Message=A new process has been created.  Creator Subject:  Security ID:  NT DOMAIN_0008.LOCAL\USER_0002  Account Name: USER_0009  Account Domain: DOMAIN_0007.LOCAL  Logon ID:  0x3E7  Target Subject:  Security ID:  DOMAIN_0002.LOCAL\USER_0005  Account Name: USER_0005  Account Domain: DOMAIN_0002.LOCAL  Logon ID:  0xECE3E7AA8  Process Information:  New Process ID:  0x4440  New Process Name: C:\Users\USER_0005\AppData\Local\Temp\16\Rar$DOMAIN_0003.LOCAL\USER_0006  Token Elevation Type: %%1937  Mandatory Label:  Mandatory Label\High Mandatory Level  Creator Process ID: 0x120  Creator Process Name: C:\Program Files\WinRAR\WinRAR.exe  Process Command Line: ""C:\Users\USER_0005\AppData\Local\Temp\16\Rar$DOMAIN_0003.LOCAL\USER_0006""   Token Elevation Type indicates the type of token that was assigned to the new process in accordance with User Account Control policy.  Type 1 is a full token with no privileges removed or groups disabled.  A full token is only used if User Account Control is disabled or if the user is the built-in Administrator account or a service account.  Type 2 is an elevated token with no privileges removed or groups disabled.  An elevated token is used when User Account Control is enabled and the user chooses to start the program using Run as administrator.  An elevated token is also used when an application is configured to always require administrative privilege or to always require maximum privilege, and the user is a member of the Administrators group.  Type 3 is a limited token with administrative privileges removed and administrative groups disabled.  The limited token is used when User Account Control is enabled, the application does not require administrative privilege, and the user does not choose to start the program using Run as administrator. ",Process Creation Success,N/A,1,0,unknown,N/A,Success Audit: A new process has been created,unknown,0,null,1784857675000,255,0,false,0,"true""""",Success Audit,HOST_0004,Success Audit: A new process has been created.,0,1784857685474,No Offense,255,HOST_0005 @ 10.0.0.2,true,3,false,N/A,10.0.0.2,false,1784857685474,5,NETWORK_0002,35,4688,0,8,-1,HOST_0004,[REDACTED_DUPLICATE_PAYLOAD],USER_0004,5000862,false,null,N/A,"08:48:05, 24 thg 7, 2026","08:47:55, 24 thg 7, 2026",MAC_0002,HOST_0006,439,0,false,10.0.0.2,0,N/A,10.0.0.3,1,"08:48:05, 24 thg 7, 2026",0:0:0:0:0:0:0:0,N/A,null,"100221,100265,109237,156193,155587,100272,134937,166353"
N/A,false,0,0,USER_0004,HOST_0002,"{sysmon-eventid=4673, Description=N/A, Message=N/A, Pipe Name=N/A, sysmon-processid=N/A, channel=Security, Logon Account Domain=DOMAIN_0001.LOCAL, Object Name=N/A, Process Name=svchost.exe, Account Name=USER_0005, Logon Type=N/A, Target User Domain=DOMAIN_0001.LOCAL, Accesses=N/A, Account Security ID=S-1-5-21-0001, Share Name=N/A, Authentication Package=N/A, sysmon-processguid=N/A, Logon Account Name=USER_0004, Realm=DOMAIN_0001.LOCAL, EventIDCode=4673, Account ID=S-1-5-21-0002, Process Path=C:\Windows\System32, Status Code=N/A, User Domain=DOMAIN_0002.LOCAL, Key Length=N/A, Target Username=USER_0004, Event ID=4673, ProgramName=N/A, sysmon-user=USER_0004, Machine Identifier=HOST_0003, Object Type=N/A, Target Account Security ID=S-1-5-21-0002, Device Name=HOST_0003, Access Mask=N/A}",false,MAC_0001,MAC_0002,[REDACTED_DUPLICATE_PAYLOAD],3,18223,0,12,false,0:0:0:0:0:0:0:0,N/A,0,N/A,4011,<13>Jul 24 08:47:58 10.0.0.2.new AgentDevice=WindowsLog	AgentLogFile=Security	PluginVersion=7.3.1.28	Source=Microsoft-Windows-Security-Auditing	Computer=cds-upgrade	OriginatingComputer=cds-upgrade	User=	Domain=	EventID=4673	EventIDCode=4673	EventType=16	EventCategory=13056	RecordNumber=13418837	TimeGenerated=1784857674	TimeWritten=1784857674	Level=Log Always	Keywords=Audit Failure	Task=SE_ADT_PRIVILEGEUSE_SENSITIVE	Opcode=Info	Message=A privileged service was called.  Subject:  Security ID:  DOMAIN_0002.LOCAL\USER_0005  Account Name: USER_0005  Account Domain: DOMAIN_0002.LOCAL  Logon ID:  0xECE3E7AA8  Service:  Server: Security  Service Name: -  Process:  Process ID: 0x73c  Process Name: C:\Windows\System32\svchost.exe  Service Request Information:  Privileges:  SeTcbPrivilege ,Misc Authorization,N/A,1,0,unknown,N/A,Failure Audit: A privileged service was called,unknown,0,null,1784857674000,255,0,false,0,"true""""",Failure Audit,HOST_0004,Failure Audit: A privileged service was called.,0,1784857685474,No Offense,255,HOST_0005 @ 10.0.0.2,false,3,false,N/A,10.0.0.2,false,1784857685474,5,NETWORK_0002,35,4673,0,2,-1,HOST_0004,[REDACTED_DUPLICATE_PAYLOAD],USER_0005,5000503,false,null,N/A,"08:48:05, 24 thg 7, 2026","08:47:54, 24 thg 7, 2026",MAC_0002,HOST_0006,439,0,false,10.0.0.2,0,N/A,10.0.0.3,1,"08:48:05, 24 thg 7, 2026",0:0:0:0:0:0:0:0,N/A,null,"100221,100265,109237,109187,100668,156193,100272,134937,166353"
N/A,false,0,0,USER_0004,HOST_0002,"{sysmon-eventid=4673, Description=N/A, Message=N/A, Pipe Name=N/A, sysmon-processid=N/A, channel=Security, Logon Account Domain=DOMAIN_0001.LOCAL, Object Name=N/A, Process Name=svchost.exe, Account Name=USER_0005, Logon Type=N/A, Target User Domain=DOMAIN_0001.LOCAL, Accesses=N/A, Account Security ID=S-1-5-21-0001, Share Name=N/A, Authentication Package=N/A, sysmon-processguid=N/A, Logon Account Name=USER_0004, Realm=DOMAIN_0001.LOCAL, EventIDCode=4673, Account ID=S-1-5-21-0002, Process Path=C:\Windows\System32, Status Code=N/A, User Domain=DOMAIN_0002.LOCAL, Key Length=N/A, Target Username=USER_0004, Event ID=4673, ProgramName=N/A, sysmon-user=USER_0004, Machine Identifier=HOST_0003, Object Type=N/A, Target Account Security ID=S-1-5-21-0002, Device Name=HOST_0003, Access Mask=N/A}",false,MAC_0001,MAC_0002,[REDACTED_DUPLICATE_PAYLOAD],3,18223,0,12,false,0:0:0:0:0:0:0:0,N/A,0,N/A,4011,<13>Jul 24 08:47:58 10.0.0.2.new AgentDevice=WindowsLog	AgentLogFile=Security	PluginVersion=7.3.1.28	Source=Microsoft-Windows-Security-Auditing	Computer=cds-upgrade	OriginatingComputer=cds-upgrade	User=	Domain=	EventID=4673	EventIDCode=4673	EventType=16	EventCategory=13056	RecordNumber=13418833	TimeGenerated=1784857674	TimeWritten=1784857674	Level=Log Always	Keywords=Audit Failure	Task=SE_ADT_PRIVILEGEUSE_SENSITIVE	Opcode=Info	Message=A privileged service was called.  Subject:  Security ID:  DOMAIN_0002.LOCAL\USER_0005  Account Name: USER_0005  Account Domain: DOMAIN_0002.LOCAL  Logon ID:  0xECE3E7AA8  Service:  Server: Security  Service Name: -  Process:  Process ID: 0x73c  Process Name: C:\Windows\System32\svchost.exe  Service Request Information:  Privileges:  SeTcbPrivilege ,Misc Authorization,N/A,1,0,unknown,N/A,Failure Audit: A privileged service was called,unknown,0,null,1784857674000,255,0,false,0,"true""""",Failure Audit,HOST_0004,Failure Audit: A privileged service was called.,0,1784857685474,No Offense,255,HOST_0005 @ 10.0.0.2,false,3,false,N/A,10.0.0.2,false,1784857685474,5,NETWORK_0002,35,4673,0,2,-1,HOST_0004,[REDACTED_DUPLICATE_PAYLOAD],USER_0005,5000503,false,null,N/A,"08:48:05, 24 thg 7, 2026","08:47:54, 24 thg 7, 2026",MAC_0002,HOST_0006,439,0,false,10.0.0.2,0,N/A,10.0.0.3,1,"08:48:05, 24 thg 7, 2026",0:0:0:0:0:0:0:0,N/A,null,"100221,100265,109237,109187,100668,156193,100272,134937,166353"
N/A,false,0,0,USER_0004,HOST_0002,"{sysmon-eventid=1, Parent Process Name=WinRAR.exe, Pipe Name=N/A, File Directory=N/A, sysmon-processid=17472, channel=Microsoft-Windows-Sysmon/Operational, sysmon-username= DOMAIN_0002.LOCAL\USER_0005, Parent Command=""C:\Program Files\WinRAR\WinRAR.exe"" ""E:\npp.203.0.0.1.Installer.x64.zip"", Object Name=N/A, Account Name=USER_0004, sysmon-currentdirectory=C:\Users\USER_0010\AppData\Local\Temp\16\Rar$EXa288.30766.rartemp\, Target User Domain=DOMAIN_0001.LOCAL, Logon Account Name=USER_0004, Product Description=Notepad++ : a free (GNU) source code editor, EventIDCode=1, Terminated Process Name=N/A, MD5 Hash=C84F188A37397BF5B607EB02A4BFDE05, Filename=N/A, Key Length=N/A, sysmon-logonid=0xECE3E7AA8, ProgramName=N/A, Process GUID=82c1a4dc-c44b-6a62-16ea-0b0000002700, SHA1 Hash=1A184BD17637E156A51FBD870E1215877B097A5B, File Extension=N/A, Object Type=N/A, sysmon-hash=SHA1=1A184BD17637E156A51FBD870E1215877B097A5B,MD5=C84F188A37397BF5B607EB02A4BFDE05,SHA256=7C243203265CE8FDAC76C839BF744AE35DCF620760EB97C2EA279AF498560E45,IMPHASH=46CE5C12B293FEBBEB513B196AA7F843, SHA256 Hash=7C243203265CE8FDAC76C839BF744AE35DCF620760EB97C2EA279AF498560E45, Parent Process GUID=82c1a4dc-c43c-6a62-0fea-0b0000002700, Integrity Level=High, sysmon-parentimage=C:\Program Files\WinRAR\WinRAR.exe, Description=Description: Notepad++ : a free (GNU) source code editor Product, File Hash=1A184BD17637E156A51FBD870E1215877B097A5B, Token Elevation Type=N/A, Message=N/A, sysmon-rulename=-, Encoded Command=N/A, Logon Account Domain=DOMAIN_0001.LOCAL, Process Name=npp.203.0.0.1.Installer.x64.exe, Parent Process ID=288, sysmon-parentcommandline=""C:\Program Files\WinRAR\WinRAR.exe"" ""E:\npp.203.0.0.1.Installer.x64.zip"", Logon Type=N/A, sysmon-integritylevel=High, sysmon-logonguid={82c1a4dc-2e1f-6a3a-a87a-3ece0e000000}, Account Security ID=S-1-5-21-0002, Share Name=N/A, Authentication Package=N/A, sysmon-processguid={82c1a4dc-c44b-6a62-16ea-0b0000002700}, Realm=DOMAIN_0001.LOCAL, Account ID=S-1-5-21-0002, sysmon-description=Notepad++ : a free (GNU) source code editor, Process Path=C:\Users\USER_0005\AppData\Local\Temp\16\Rar$DOMAIN_0003.LOCAL\USER_0006, Status Code=N/A, Product Name=Notepad++, User Domain=DOMAIN_0001.LOCAL, Encoded Argument=N/A, Target Username=USER_0004, Event ID=1, sysmon-parentprocessid=288, Product Company=Don HO don.h@free.fr, sysmon-fileversion=8.9.6.2, sysmon-parentprocessguid={82c1a4dc-c43c-6a62-0fea-0b0000002700}, sysmon-user=USER_0002, Command=""C:\Users\USER_0005\AppData\Local\Temp\16\Rar$DOMAIN_0003.LOCAL\USER_0006"" , sysmon-originalfilename=-, Process ID=17472, sysmon-image=C:\Users\qtht_duclc\AppData\Local\Temp\16\Rar$EXa288.30766.rartemp\npp.8.9.6.2.Installer.x64.exe, Machine Identifier=HOST_0003, Target Account Security ID=S-1-5-21-0002, sysmon-commandline=""C:\Users\USER_0005\AppData\Local\Temp\16\Rar$DOMAIN_0003.LOCAL\USER_0006"" , Device Name=HOST_0003, IMP Hash=46CE5C12B293FEBBEB513B196AA7F843, Current Working Directory=C:\Users\QTHT_D~1\AppData\Local\Temp\16\Rar$EXa288.30766.rartemp\, Parent Process Path=C:\Program Files\WinRAR\WinRAR.exe, sysmon-terminalsessionid=16}",false,MAC_0001,MAC_0002,[REDACTED_DUPLICATE_PAYLOAD],5,18223,0,12,false,0:0:0:0:0:0:0:0,N/A,0,N/A,8110,"<13>Jul 24 08:47:57 10.0.0.2.new AgentDevice=WindowsLog	AgentLogFile=Microsoft-Windows-Sysmon/Operational	PluginVersion=7.3.1.28	Source=Microsoft-Windows-Sysmon	Computer=cds-upgrade	OriginatingComputer=cds-upgrade	User=USER_0002	Domain=DOMAIN_0006.LOCAL	EventID=1	EventIDCode=1	EventType=4	EventCategory=1	RecordNumber=427753721	TimeGenerated=1784857675	TimeWritten=1784857675	Level=Informational	Keywords=0x8000000000000000	Task=SysmonTask-SYSMON_CREATE_PROCESS	Opcode=Info	Message=Process Create: RuleName: - UtcTime: 2026-07-24 01:47:55.209 ProcessGuid: {82c1a4dc-c44b-6a62-16ea-0b0000002700} ProcessId: 17472 Image: C:\Users\USER_0005\AppData\Local\Temp\16\Rar$DOMAIN_0003.LOCAL\USER_0006 FileVersion: 203.0.0.1 Description: Notepad++ : a free (GNU) source code editor Product: Notepad++ Company: Don HO user_0011@domain_0009.example OriginalFileName: - CommandLine: ""C:\Users\USER_0005\AppData\Local\Temp\16\Rar$DOMAIN_0003.LOCAL\USER_0006""  CurrentDirectory: C:\Users\USER_0010\AppData\Local\Temp\16\Rar$EXa288.30766.rartemp\ User: DOMAIN_0002.LOCAL\USER_0005 LogonGuid: {82c1a4dc-2e1f-6a3a-a87a-3ece0e000000} LogonId: 0xECE3E7AA8 TerminalSessionId: 16 IntegrityLevel: High Hashes: SHA1=1A184BD17637E156A51FBD870E1215877B097A5B,MD5=C84F188A37397BF5B607EB02A4BFDE05,SHA256=7C243203265CE8FDAC76C839BF744AE35DCF620760EB97C2EA279AF498560E45,IMPHASH=46CE5C12B293FEBBEB513B196AA7F843 ParentProcessGuid: {82c1a4dc-c43c-6a62-0fea-0b0000002700} ParentProcessId: 288 ParentImage: C:\Program Files\WinRAR\WinRAR.exe ParentCommandLine: ""C:\Program Files\WinRAR\WinRAR.exe"" ""E:\npp.203.0.0.1.Installer.x64.zip"" ",Process Creation Success,N/A,1,0,unknown,N/A,Process Create,unknown,0,null,1784857675000,255,0,false,0,"true""""",Microsoft-Windows-Sysmon/Operational,HOST_0004,The process creation event provides extended information about a newly created process.,0,1784857685460,No Offense,255,HOST_0005 @ 10.0.0.2,true,3,false,N/A,10.0.0.2,false,1784857685460,5,NETWORK_0002,35,1,0,8,-1,HOST_0004,[REDACTED_DUPLICATE_PAYLOAD],USER_0002,5001828,false,null,N/A,"08:48:05, 24 thg 7, 2026","08:47:55, 24 thg 7, 2026",MAC_0002,HOST_0006,439,0,false,10.0.0.2,0,N/A,10.0.0.3,1,"08:48:05, 24 thg 7, 2026",0:0:0:0:0:0:0:0,N/A,null,"100221,100265,109237,109187,156193,155587,100272,134937,166353"
