N/A,false,0,0,USER_0004,10.0.0.12,"{sysmon-eventid=12, Description=N/A, Message=N/A, Pipe Name=N/A, Registry Key=\System\CurrentControlSet\Services\Tcpip\Parameters, sysmon-processid=6200, channel=Microsoft-Windows-Sysmon/Operational, Logon Account Domain=DOMAIN_0001.LOCAL, Object Name=HKLM\System\CurrentControlSet\Services\Tcpip\Parameters, Registry Value Data=N/A, Account Name=USER_0004, Logon Type=N/A, sysmon-targetobject=HKLM\System\CurrentControlSet\Services\Tcpip\Parameters, Target User Domain=DOMAIN_0001.LOCAL, Accesses=CreateKey, Rule Name=-, Account Security ID=S-1-5-21-0002, Share Name=N/A, Authentication Package=N/A, sysmon-processguid={C20AB55E-3287-67BC-BD08-000000001C00}, Logon Account Name=USER_0004, Realm=DOMAIN_0001.LOCAL, EventIDCode=12, Account ID=S-1-5-21-0002, Process Path=C:\Windows\system32\ServerManager.exe, sysmon-utctime=2026-07-24 05:47:15.863, Status Code=N/A, Registry Value Name=Parameters, User Domain=DOMAIN_0001.LOCAL, Key Length=N/A, Target Username=USER_0004, Event ID=12, ProgramName=N/A, Registry Hive=HKLM, sysmon-eventtype=CreateKey, sysmon-user=USER_0002, Process GUID=C20AB55E-3287-67BC-BD08-000000001C00, Process ID=6200, sysmon-image=C:\Windows\system32\ServerManager.exe, Machine Identifier=HOST_0028, Object Type=N/A, Target Account Security ID=S-1-5-21-0002, Device Name=HOST_0028}",false,MAC_0001,MAC_0002,[REDACTED_DUPLICATE_PAYLOAD],3,40791,0,12,false,0:0:0:0:0:0:0:0,N/A,0,N/A,8012,<13>Jul 24 12:47:17 10.0.0.12 AgentDevice=WindowsLog	AgentLogFile=Microsoft-Windows-Sysmon/Operational	PluginVersion=7.3.1.28	Source=Microsoft-Windows-Sysmon	Computer=HCC-LLTP-DB	OriginatingComputer=HCC-LLTP-DB	User=USER_0002	Domain=DOMAIN_0006.LOCAL	EventID=12	EventIDCode=12	EventType=4	EventCategory=12	RecordNumber=2037396447	TimeGenerated=1784872035	TimeWritten=1784872035	Level=Informational	Keywords=0x8000000000000000	Task=SysmonTask-SYSMON_REG_KEY	Opcode=Info	Message=Registry object added or deleted: RuleName: - EventType: CreateKey UtcTime: 2026-07-24 05:47:15.863 ProcessGuid: {C20AB55E-3287-67BC-BD08-000000001C00} ProcessId: 6200 Image: C:\Windows\system32\ServerManager.exe TargetObject: HKLM\System\CurrentControlSet\Services\Tcpip\Parameters ,Successful Registry Modification,N/A,1,0,unknown,N/A,RegistryEvent (Object create and delete),unknown,0,null,1784872035000,255,0,false,0,"true""""",Microsoft-Windows-Sysmon/Operational,HOST_0004,"Registry key and value create and delete operations map to this event type, which can be useful for monitoring for changes to Registry autostart locations, or specific malware registry modifications.",0,1784872040647,No Offense,255,HOST_0029 @ 10.0.0.12,false,3,false,N/A,10.0.0.12,false,1784872040647,5,NETWORK_0002,35,12,0,1,-1,HOST_0004,[REDACTED_DUPLICATE_PAYLOAD],USER_0002,5001831,false,null,N/A,"12:47:20, 24 thg 7, 2026","12:47:15, 24 thg 7, 2026",MAC_0002,HOST_0006,439,0,false,10.0.0.12,0,N/A,10.0.0.3,1,"12:47:20, 24 thg 7, 2026",0:0:0:0:0:0:0:0,N/A,null,"100221,100265,109237,109187,100668,156193,100276,100272,123237,123937,134937,166353"
N/A,false,0,0,USER_0004,10.0.0.12,"{sysmon-eventid=10, sysmon-sourceprocessid=6200, Pipe Name=N/A, sysmon-processid=6200, sysmon-sourceimage=C:\Windows\system32\ServerManager.exe, channel=Microsoft-Windows-Sysmon/Operational, Object Name=N/A, Target Details=N/A, Account Name=USER_0004, Target User Domain=DOMAIN_0001.LOCAL, sysmon-sourceprocessguid={C20AB55E-3287-67BC-BD08-000000001C00}, Logon Account Name=USER_0004, EventIDCode=10, HostApplication=N/A, sysmon-targetprocessid=4656, EngineVersion=N/A, sysmon-grantedaccess=0x1FFFFF, sysmon-utctime=2026-07-24 05:45:35.853, Key Length=N/A, HostId=N/A, ProgramName=N/A, Process GUID=C20AB55E-3287-67BC-BD08-000000001C00, ScriptName=N/A, Object Type=N/A, sysmon-targetprocessguid={C20AB55E-FBEB-6A62-0220-160000001C00}, Description=N/A, Message=N/A, Logon Account Domain=DOMAIN_0001.LOCAL, Target Process GUID=C20AB55E-FBEB-6A62-0220-160000001C00, Logon Type=N/A, PipelineId=N/A, sysmon-sourcethreadid=23636, Account Security ID=S-1-5-21-0002, Share Name=N/A, Authentication Package=N/A, sysmon-processguid=N/A, Realm=DOMAIN_0001.LOCAL, Account ID=S-1-5-21-0002, Process Path=C:\Windows\system32\ServerManager.exe, Status Code=N/A, RunspaceId=N/A, User Domain=DOMAIN_0001.LOCAL, Target Username=USER_0004, Event ID=10, HostVersion=N/A, sysmon-user=USER_0002, Command=N/A, Process ID=6200, Machine Identifier=HOST_0028, Target Account Security ID=S-1-5-21-0002, Device Name=HOST_0028, sysmon-targetimage=C:\Windows\system32\Configure-SMRemoting.exe, Access Mask=N/A}",false,MAC_0001,MAC_0002,[REDACTED_DUPLICATE_PAYLOAD],3,40791,0,12,false,0:0:0:0:0:0:0:0,N/A,0,N/A,8052,<13>Jul 24 12:45:38 10.0.0.12 AgentDevice=WindowsLog	AgentLogFile=Microsoft-Windows-Sysmon/Operational	PluginVersion=7.3.1.28	Source=Microsoft-Windows-Sysmon	Computer=HCC-LLTP-DB	OriginatingComputer=HCC-LLTP-DB	User=USER_0002	Domain=DOMAIN_0006.LOCAL	EventID=10	EventIDCode=10	EventType=4	EventCategory=10	RecordNumber=2037392924	TimeGenerated=1784871935	TimeWritten=1784871935	Level=Informational	Keywords=0x8000000000000000	Task=SysmonTask-SYSMON_ACCESS_PROCESS	Opcode=Info	Message=Process accessed: RuleName: - UtcTime: 2026-07-24 05:45:35.853 SourceProcessGUID: {C20AB55E-3287-67BC-BD08-000000001C00} SourceProcessId: 6200 SourceThreadId: 23636 SourceImage: C:\Windows\system32\ServerManager.exe TargetProcessGUID: {C20AB55E-FBEB-6A62-0220-160000001C00} TargetProcessId: 4656 TargetImage: C:\Windows\system32\Configure-SMRemoting.exe GrantedAccess: 0x1FFFFF CallTrace: C:\Windows\SYSTEM32\ntdll.dll+90d6a|C:\Windows\system32\KERNELBASE.dll+e120|C:\Windows\system32\KERNELBASE.dll+10d76|C:\Windows\system32\KERNEL32.dll+7983|C:\Windows\assembly\NativeImages_v4.0.30319_64\System\e30408788e6ae58b13026d86d4904782\System.ni.dll+32e550|C:\Windows\assembly\NativeImages_v4.0.30319_64\System\e30408788e6ae58b13026d86d4904782\System.ni.dll+28b2fd|C:\Windows\assembly\NativeImages_v4.0.30319_64\System\e30408788e6ae58b13026d86d4904782\System.ni.dll+28ac9c|C:\Windows\assembly\NativeImages_v4DOMAIN_0013.LOCAL\USER_0051#\36151302c744518974a412b74e6beb49\Microsoft.Windows.ServerManager.Common.ni.dll+0(wow64)|C:\Windows\assembly\NativeImages_v4DOMAIN_0013.LOCAL\USER_0051#\36151302c744518974a412b74e6beb49\Microsoft.Windows.ServerManager.Common.ni.dll+0(wow64)|C:\Windows\assembly\NativeImages_v4DOMAIN_0013.LOCAL\USER_0051#\36151302c744518974a412b74e6beb49\Microsoft.Windows.ServerManager.Common.ni.dll+0(wow64)|C:\Windows\Microsoft.NET\Framework64\v4DOMAIN_0015.LOCAL\USER_0033+5c93|C:\Windows\Microsoft.NET\Framework64\v4DOMAIN_0015.LOCAL\USER_0033+5b36|C:\Windows\Microsoft.NET\Framework64\v4DOMAIN_0015.LOCAL\USER_0033+1132c1|C:\Windows\Microsoft.NET\Framework64\v4DOMAIN_0015.LOCAL\USER_0033+11360f|C:\Windows\assembly\NativeImages_v4.0.30319_64\mscorlib\ccb48f84a5cca36e9b0205b6a65ee54a\mscorlib.ni.dll+f1fc34|C:\Windows\assembly\NativeImages_v4.0.30319_64\mscorlib\ccb48f84a5cca36e9b0205b6a65ee54a\mscorlib.ni.dll+4f4770|C:\Windows\assembly\NativeImages_v4.0.30319_64\mscorlib\ccb48f84a5cca36e9b0205b6a65ee54a\mscorlib.ni.dll+4f4604|C:\Windows\assembly\NativeImages_v4.0.30319_64\mscorlib\ccb48f84a5cca36e9b0205b6a65ee54a\mscorlib.ni.dll+4ff150|C:\Windows\assembly\NativeImages_v4.0.30319_64\mscorlib\ccb48f84a5cca36e9b0205b6a65ee54a\mscorlib.ni.dll+4ff76e|C:\Windows\Microsoft.NET\Framework64\v4DOMAIN_0015.LOCAL\USER_0033+5c93|C:\Windows\Microsoft.NET\Framework64\v4DOMAIN_0015.LOCAL\USER_0033+5b36|C:\Windows\Microsoft.NET\Framework64\v4DOMAIN_0015.LOCAL\USER_0033+6249|C:\Windows\Microsoft.NET\Framework64\v4DOMAIN_0015.LOCAL\USER_0033+ad89|C:\Windows\Microsoft.NET\Framework64\v4DOMAIN_0015.LOCAL\USER_0033+6a01 ,Information,N/A,1,0,unknown,N/A,ProcessAccess,unknown,0,null,1784871935000,255,0,false,0,"true""""",Microsoft-Windows-Sysmon/Operational,HOST_0004,"The process accessed event reports when a process opens another process, an operation that’s often followed by information queries or reading and writing the address space of the target process.",0,1784871946296,No Offense,255,HOST_0029 @ 10.0.0.12,false,3,false,N/A,10.0.0.12,false,1784871946296,5,NETWORK_0002,35,10,0,2,-1,HOST_0004,[REDACTED_DUPLICATE_PAYLOAD],USER_0002,5001829,false,null,N/A,"12:45:46, 24 thg 7, 2026","12:45:35, 24 thg 7, 2026",MAC_0002,HOST_0006,439,0,false,10.0.0.12,0,N/A,10.0.0.3,1,"12:45:46, 24 thg 7, 2026",0:0:0:0:0:0:0:0,N/A,null,"100221,100265,109237,109187,100668,156193,100272,134937,166353"
N/A,false,0,0,USER_0004,10.0.0.12,"{sysmon-eventid=8, Description=N/A, Message=N/A, Pipe Name=N/A, sysmon-processid=6200, sysmon-sourceimage=C:\Windows\System32\ServerManager.exe, channel=Microsoft-Windows-Sysmon/Operational, Logon Account Domain=DOMAIN_0001.LOCAL, Object Name=N/A, Target Process Path=C:\Windows\System32\Configure-SMRemoting.exe, Process Name=ServerManager.exe, Account Name=USER_0004, Logon Type=N/A, Target User Domain=DOMAIN_0001.LOCAL, Account Security ID=S-1-5-21-0002, Share Name=N/A, Authentication Package=N/A, sysmon-processguid={C20AB55E-3287-67BC-BD08-000000001C00}, sysmon-sourceprocessguid={C20AB55E-3287-67BC-BD08-000000001C00}, Logon Account Name=USER_0004, Realm=DOMAIN_0001.LOCAL, Source Process Path=C:\Windows\System32\ServerManager.exe, EventIDCode=8, Account ID=S-1-5-21-0002, sysmon-targetprocessid=4656, Process Path=C:\Windows\System32\ServerManager.exe, sysmon-utctime=2026-07-24 05:45:35.853, Status Code=N/A, User Domain=DOMAIN_0001.LOCAL, Key Length=N/A, Target Username=USER_0004, Event ID=8, Target Process Name=Configure-SMRemoting.exe, sysmon-startmodule=C:\Windows\system32\Configure-SMRemoting.exe, ProgramName=N/A, Start Module=C:\Windows\system32\Configure-SMRemoting.exe, sysmon-startfunction=-, sysmon-user=USER_0002, SourceImageTempPath=N/A, Process GUID=C20AB55E-3287-67BC-BD08-000000001C00, Machine Identifier=HOST_0028, Object Type=N/A, Start Address=0x00007FF7C5A87DA0, Target Account Security ID=S-1-5-21-0002, Start Function=-, sysmon-startaddress=0x00007FF7C5A87DA0, Device Name=HOST_0028, sysmon-targetimage=C:\Windows\System32\Configure-SMRemoting.exe}",false,MAC_0001,MAC_0002,[REDACTED_DUPLICATE_PAYLOAD],3,40791,0,12,false,0:0:0:0:0:0:0:0,N/A,0,N/A,7036,<13>Jul 24 12:45:38 10.0.0.12 AgentDevice=WindowsLog	AgentLogFile=Microsoft-Windows-Sysmon/Operational	PluginVersion=7.3.1.28	Source=Microsoft-Windows-Sysmon	Computer=HCC-LLTP-DB	OriginatingComputer=HCC-LLTP-DB	User=USER_0002	Domain=DOMAIN_0006.LOCAL	EventID=8	EventIDCode=8	EventType=4	EventCategory=8	RecordNumber=2037392923	TimeGenerated=1784871935	TimeWritten=1784871935	Level=Informational	Keywords=0x8000000000000000	Task=SysmonTask-SYSMON_CREATE_REMOTE_THREAD	Opcode=Info	Message=CreateRemoteThread detected: RuleName: - UtcTime: 2026-07-24 05:45:35.853 SourceProcessGuid: {C20AB55E-3287-67BC-BD08-000000001C00} SourceProcessId: 6200 SourceImage: C:\Windows\System32\ServerManager.exe TargetProcessGuid: {C20AB55E-FBEB-6A62-0220-160000001C00} TargetProcessId: 4656 TargetImage: C:\Windows\System32\Configure-SMRemoting.exe NewThreadId: 14088 StartAddress: 0x00007FF7C5A87DA0 StartModule: C:\Windows\system32\Configure-SMRemoting.exe StartFunction: - ,Suspicious Windows Events,N/A,1,0,unknown,N/A,CreateRemoteThread,unknown,0,null,1784871935000,255,0,false,0,"true""""",Microsoft-Windows-Sysmon/Operational,HOST_0004,The CreateRemoteThread event detects when a process creates a thread in another process.,0,1784871946296,No Offense,255,HOST_0029 @ 10.0.0.12,true,3,false,N/A,10.0.0.12,false,1784871946296,5,NETWORK_0002,35,8,0,2,-1,HOST_0004,[REDACTED_DUPLICATE_PAYLOAD],USER_0002,5001845,false,null,N/A,"12:45:46, 24 thg 7, 2026","12:45:35, 24 thg 7, 2026",MAC_0002,HOST_0006,439,0,false,10.0.0.12,0,N/A,10.0.0.3,1,"12:45:46, 24 thg 7, 2026",0:0:0:0:0:0:0:0,N/A,null,"100164,100146,100221,100265,109237,109187,100668,156193,100691,100626,100272,134937,166353"
N/A,false,0,0,USER_0004,10.0.0.12,"{sysmon-eventid=10, sysmon-sourceprocessid=6200, Pipe Name=N/A, sysmon-processid=6200, sysmon-sourceimage=C:\Windows\system32\ServerManager.exe, channel=Microsoft-Windows-Sysmon/Operational, Object Name=N/A, Target Details=N/A, Account Name=USER_0004, Target User Domain=DOMAIN_0001.LOCAL, sysmon-sourceprocessguid={C20AB55E-3287-67BC-BD08-000000001C00}, Logon Account Name=USER_0004, EventIDCode=10, HostApplication=N/A, sysmon-targetprocessid=8552, EngineVersion=N/A, sysmon-grantedaccess=0x1FFFFF, sysmon-utctime=2026-07-24 05:43:36.264, Key Length=N/A, HostId=N/A, ProgramName=N/A, Process GUID=C20AB55E-3287-67BC-BD08-000000001C00, ScriptName=N/A, Object Type=N/A, sysmon-targetprocessguid={C20AB55E-FB73-6A62-FC1F-160000001C00}, Description=N/A, Message=N/A, Logon Account Domain=DOMAIN_0001.LOCAL, Target Process GUID=C20AB55E-FB73-6A62-FC1F-160000001C00, Logon Type=N/A, PipelineId=N/A, sysmon-sourcethreadid=4652, Account Security ID=S-1-5-21-0002, Share Name=N/A, Authentication Package=N/A, sysmon-processguid=N/A, Realm=DOMAIN_0001.LOCAL, Account ID=S-1-5-21-0002, Process Path=C:\Windows\system32\ServerManager.exe, Status Code=N/A, RunspaceId=N/A, User Domain=DOMAIN_0001.LOCAL, Target Username=USER_0004, Event ID=10, HostVersion=N/A, sysmon-user=USER_0002, Command=N/A, Process ID=6200, Machine Identifier=HOST_0028, Target Account Security ID=S-1-5-21-0002, Device Name=HOST_0028, sysmon-targetimage=C:\Windows\system32\Configure-SMRemoting.exe, Access Mask=N/A}",false,MAC_0001,MAC_0002,[REDACTED_DUPLICATE_PAYLOAD],3,40791,0,12,false,0:0:0:0:0:0:0:0,N/A,0,N/A,8052,<13>Jul 24 12:43:38 10.0.0.12 AgentDevice=WindowsLog	AgentLogFile=Microsoft-Windows-Sysmon/Operational	PluginVersion=7.3.1.28	Source=Microsoft-Windows-Sysmon	Computer=HCC-LLTP-DB	OriginatingComputer=HCC-LLTP-DB	User=USER_0002	Domain=DOMAIN_0006.LOCAL	EventID=10	EventIDCode=10	EventType=4	EventCategory=10	RecordNumber=2037388241	TimeGenerated=1784871816	TimeWritten=1784871816	Level=Informational	Keywords=0x8000000000000000	Task=SysmonTask-SYSMON_ACCESS_PROCESS	Opcode=Info	Message=Process accessed: RuleName: - UtcTime: 2026-07-24 05:43:36.264 SourceProcessGUID: {C20AB55E-3287-67BC-BD08-000000001C00} SourceProcessId: 6200 SourceThreadId: 4652 SourceImage: C:\Windows\system32\ServerManager.exe TargetProcessGUID: {C20AB55E-FB73-6A62-FC1F-160000001C00} TargetProcessId: 8552 TargetImage: C:\Windows\system32\Configure-SMRemoting.exe GrantedAccess: 0x1FFFFF CallTrace: C:\Windows\SYSTEM32\ntdll.dll+90d6a|C:\Windows\system32\KERNELBASE.dll+e120|C:\Windows\system32\KERNELBASE.dll+10d76|C:\Windows\system32\KERNEL32.dll+7983|C:\Windows\assembly\NativeImages_v4.0.30319_64\System\e30408788e6ae58b13026d86d4904782\System.ni.dll+32e550|C:\Windows\assembly\NativeImages_v4.0.30319_64\System\e30408788e6ae58b13026d86d4904782\System.ni.dll+28b2fd|C:\Windows\assembly\NativeImages_v4.0.30319_64\System\e30408788e6ae58b13026d86d4904782\System.ni.dll+28ac9c|C:\Windows\assembly\NativeImages_v4DOMAIN_0013.LOCAL\USER_0051#\36151302c744518974a412b74e6beb49\Microsoft.Windows.ServerManager.Common.ni.dll+0(wow64)|C:\Windows\assembly\NativeImages_v4DOMAIN_0013.LOCAL\USER_0051#\36151302c744518974a412b74e6beb49\Microsoft.Windows.ServerManager.Common.ni.dll+0(wow64)|C:\Windows\assembly\NativeImages_v4DOMAIN_0013.LOCAL\USER_0051#\36151302c744518974a412b74e6beb49\Microsoft.Windows.ServerManager.Common.ni.dll+0(wow64)|C:\Windows\Microsoft.NET\Framework64\v4DOMAIN_0015.LOCAL\USER_0033+5c93|C:\Windows\Microsoft.NET\Framework64\v4DOMAIN_0015.LOCAL\USER_0033+5b36|C:\Windows\Microsoft.NET\Framework64\v4DOMAIN_0015.LOCAL\USER_0033+1132c1|C:\Windows\Microsoft.NET\Framework64\v4DOMAIN_0015.LOCAL\USER_0033+11360f|C:\Windows\assembly\NativeImages_v4.0.30319_64\mscorlib\ccb48f84a5cca36e9b0205b6a65ee54a\mscorlib.ni.dll+f1fc34|C:\Windows\assembly\NativeImages_v4.0.30319_64\mscorlib\ccb48f84a5cca36e9b0205b6a65ee54a\mscorlib.ni.dll+4f4770|C:\Windows\assembly\NativeImages_v4.0.30319_64\mscorlib\ccb48f84a5cca36e9b0205b6a65ee54a\mscorlib.ni.dll+4f4604|C:\Windows\assembly\NativeImages_v4.0.30319_64\mscorlib\ccb48f84a5cca36e9b0205b6a65ee54a\mscorlib.ni.dll+4ff150|C:\Windows\assembly\NativeImages_v4.0.30319_64\mscorlib\ccb48f84a5cca36e9b0205b6a65ee54a\mscorlib.ni.dll+4ff76e|C:\Windows\Microsoft.NET\Framework64\v4DOMAIN_0015.LOCAL\USER_0033+5c93|C:\Windows\Microsoft.NET\Framework64\v4DOMAIN_0015.LOCAL\USER_0033+5b36|C:\Windows\Microsoft.NET\Framework64\v4DOMAIN_0015.LOCAL\USER_0033+6249|C:\Windows\Microsoft.NET\Framework64\v4DOMAIN_0015.LOCAL\USER_0033+ad89|C:\Windows\Microsoft.NET\Framework64\v4DOMAIN_0015.LOCAL\USER_0033+6a01 ,Information,N/A,1,0,unknown,N/A,ProcessAccess,unknown,0,null,1784871816000,255,0,false,0,"true""""",Microsoft-Windows-Sysmon/Operational,HOST_0004,"The process accessed event reports when a process opens another process, an operation that’s often followed by information queries or reading and writing the address space of the target process.",0,1784871820213,No Offense,255,HOST_0029 @ 10.0.0.12,false,3,false,N/A,10.0.0.12,false,1784871820213,5,NETWORK_0002,35,10,0,2,-1,HOST_0004,[REDACTED_DUPLICATE_PAYLOAD],USER_0002,5001829,false,null,N/A,"12:43:40, 24 thg 7, 2026","12:43:36, 24 thg 7, 2026",MAC_0002,HOST_0006,439,0,false,10.0.0.12,0,N/A,10.0.0.3,4,"12:43:40, 24 thg 7, 2026",0:0:0:0:0:0:0:0,N/A,null,"100221,100265,109237,109187,100668,156193,100272,134937,166353"
N/A,false,0,0,USER_0004,10.0.0.12,"{sysmon-eventid=13, Description=N/A, Message=N/A, Pipe Name=N/A, Registry Key=\MuiCache\15b\52C64B7E, sysmon-processid=6200, channel=Microsoft-Windows-Sysmon/Operational, Target Object=HKU\S-1-5-21-728566140-106364507-3694018187-500_CLASSES\Local Settings\MuiCache\15b\52C64B7E\LanguageList, Logon Account Domain=DOMAIN_0001.LOCAL, Object Name=DOMAIN_0020.LOCAL\USER_0049DOMAIN_0021.LOCAL\USER_0050 Settings\MuiCache\15b\52C64B7E\LanguageList, Target Details=Binary Data, Process Name=ServerManager.exe, Registry Value Data=Binary Data, Account Name=USER_0004, Logon Type=N/A, sysmon-targetobject=HKU\S-1-5-21-728566140-106364507-3694018187-500_CLASSES\Local Settings\MuiCache\15b\52C64B7E\LanguageList, Target User Domain=DOMAIN_0001.LOCAL, Rule Name=-, Account Security ID=S-1-5-21-0002, Share Name=N/A, Authentication Package=N/A, sysmon-processguid={C20AB55E-3287-67BC-BD08-000000001C00}, Logon Account Name=USER_0004, Realm=DOMAIN_0001.LOCAL, EventIDCode=13, Account ID=S-1-5-21-0002, Process Path=C:\Windows\system32\ServerManager.exe, sysmon-utctime=2026-07-24 05:43:16.053, Status Code=N/A, Registry Value Name=LanguageList, User Domain=DOMAIN_0001.LOCAL, Key Length=N/A, Target Username=USER_0004, Event ID=13, ProgramName=N/A, Registry Hive=HKU, sysmon-eventtype=SetValue, sysmon-user=USER_0002, Process GUID=C20AB55E-3287-67BC-BD08-000000001C00, Process ID=6200, Machine Identifier=HOST_0028, Object Type=N/A, Target Account Security ID=S-1-5-21-0002, Device Name=HOST_0028, sysmon-details=Binary Data}",false,MAC_0001,MAC_0002,[REDACTED_DUPLICATE_PAYLOAD],3,40791,0,12,false,0:0:0:0:0:0:0:0,N/A,0,N/A,8012,<13>Jul 24 12:43:17 10.0.0.12 AgentDevice=WindowsLog	AgentLogFile=Microsoft-Windows-Sysmon/Operational	PluginVersion=7.3.1.28	Source=Microsoft-Windows-Sysmon	Computer=HCC-LLTP-DB	OriginatingComputer=HCC-LLTP-DB	User=USER_0002	Domain=DOMAIN_0006.LOCAL	EventID=13	EventIDCode=13	EventType=4	EventCategory=13	RecordNumber=2037387430	TimeGenerated=1784871796	TimeWritten=1784871796	Level=Informational	Keywords=0x8000000000000000	Task=SysmonTask-SYSMON_REG_SETVALUE	Opcode=Info	Message=Registry value set: RuleName: - EventType: SetValue UtcTime: 2026-07-24 05:43:16.053 ProcessGuid: {C20AB55E-3287-67BC-BD08-000000001C00} ProcessId: 6200 Image: C:\Windows\system32\ServerManager.exe TargetObject: DOMAIN_0020.LOCAL\USER_0049DOMAIN_0021.LOCAL\USER_0050 Settings\MuiCache\15b\52C64B7E\LanguageList Details: Binary Data ,Successful Registry Modification,N/A,1,0,unknown,N/A,RegistryEvent (Value Set),unknown,0,null,1784871796000,255,0,false,0,"true""""",Microsoft-Windows-Sysmon/Operational,HOST_0004,This Registry event type identifies Registry value modifications.,0,1784871799106,No Offense,255,HOST_0029 @ 10.0.0.12,false,3,false,N/A,10.0.0.12,false,1784871799106,5,NETWORK_0002,35,13,0,1,-1,HOST_0004,[REDACTED_DUPLICATE_PAYLOAD],USER_0002,5001832,false,null,N/A,"12:43:19, 24 thg 7, 2026","12:43:16, 24 thg 7, 2026",MAC_0002,HOST_0006,439,0,false,10.0.0.12,0,N/A,10.0.0.3,320,"12:43:19, 24 thg 7, 2026",0:0:0:0:0:0:0:0,N/A,null,"100221,100265,109237,109187,100617,100668,156193,100276,100272,123237,123937,134937,166353"
N/A,false,0,0,USER_0004,10.0.0.12,"{sysmon-eventid=10, sysmon-sourceprocessid=6200, Pipe Name=N/A, sysmon-processid=6200, sysmon-sourceimage=C:\Windows\system32\ServerManager.exe, channel=Microsoft-Windows-Sysmon/Operational, Object Name=N/A, Target Details=N/A, Account Name=USER_0004, Target User Domain=DOMAIN_0001.LOCAL, sysmon-sourceprocessguid={C20AB55E-3287-67BC-BD08-000000001C00}, Logon Account Name=USER_0004, EventIDCode=10, HostApplication=N/A, sysmon-targetprocessid=23736, EngineVersion=N/A, sysmon-grantedaccess=0x1FFFFF, sysmon-utctime=2026-07-24 05:41:36.213, Key Length=N/A, HostId=N/A, ProgramName=N/A, Process GUID=C20AB55E-3287-67BC-BD08-000000001C00, ScriptName=N/A, Object Type=N/A, sysmon-targetprocessguid={C20AB55E-FAFB-6A62-F61F-160000001C00}, Description=N/A, Message=N/A, Logon Account Domain=DOMAIN_0001.LOCAL, Target Process GUID=C20AB55E-FAFB-6A62-F61F-160000001C00, Logon Type=N/A, PipelineId=N/A, sysmon-sourcethreadid=19180, Account Security ID=S-1-5-21-0002, Share Name=N/A, Authentication Package=N/A, sysmon-processguid=N/A, Realm=DOMAIN_0001.LOCAL, Account ID=S-1-5-21-0002, Process Path=C:\Windows\system32\ServerManager.exe, Status Code=N/A, RunspaceId=N/A, User Domain=DOMAIN_0001.LOCAL, Target Username=USER_0004, Event ID=10, HostVersion=N/A, sysmon-user=USER_0002, Command=N/A, Process ID=6200, Machine Identifier=HOST_0028, Target Account Security ID=S-1-5-21-0002, Device Name=HOST_0028, sysmon-targetimage=C:\Windows\system32\Configure-SMRemoting.exe, Access Mask=N/A}",false,MAC_0001,MAC_0002,[REDACTED_DUPLICATE_PAYLOAD],3,40791,0,12,false,0:0:0:0:0:0:0:0,N/A,0,N/A,8052,<13>Jul 24 12:41:38 10.0.0.12 AgentDevice=WindowsLog	AgentLogFile=Microsoft-Windows-Sysmon/Operational	PluginVersion=7.3.1.28	Source=Microsoft-Windows-Sysmon	Computer=HCC-LLTP-DB	OriginatingComputer=HCC-LLTP-DB	User=USER_0002	Domain=DOMAIN_0006.LOCAL	EventID=10	EventIDCode=10	EventType=4	EventCategory=10	RecordNumber=2037383783	TimeGenerated=1784871696	TimeWritten=1784871696	Level=Informational	Keywords=0x8000000000000000	Task=SysmonTask-SYSMON_ACCESS_PROCESS	Opcode=Info	Message=Process accessed: RuleName: - UtcTime: 2026-07-24 05:41:36.213 SourceProcessGUID: {C20AB55E-3287-67BC-BD08-000000001C00} SourceProcessId: 6200 SourceThreadId: 19180 SourceImage: C:\Windows\system32\ServerManager.exe TargetProcessGUID: {C20AB55E-FAFB-6A62-F61F-160000001C00} TargetProcessId: 23736 TargetImage: C:\Windows\system32\Configure-SMRemoting.exe GrantedAccess: 0x1FFFFF CallTrace: C:\Windows\SYSTEM32\ntdll.dll+90d6a|C:\Windows\system32\KERNELBASE.dll+e120|C:\Windows\system32\KERNELBASE.dll+10d76|C:\Windows\system32\KERNEL32.dll+7983|C:\Windows\assembly\NativeImages_v4.0.30319_64\System\e30408788e6ae58b13026d86d4904782\System.ni.dll+32e550|C:\Windows\assembly\NativeImages_v4.0.30319_64\System\e30408788e6ae58b13026d86d4904782\System.ni.dll+28b2fd|C:\Windows\assembly\NativeImages_v4.0.30319_64\System\e30408788e6ae58b13026d86d4904782\System.ni.dll+28ac9c|C:\Windows\assembly\NativeImages_v4DOMAIN_0013.LOCAL\USER_0051#\36151302c744518974a412b74e6beb49\Microsoft.Windows.ServerManager.Common.ni.dll+0(wow64)|C:\Windows\assembly\NativeImages_v4DOMAIN_0013.LOCAL\USER_0051#\36151302c744518974a412b74e6beb49\Microsoft.Windows.ServerManager.Common.ni.dll+0(wow64)|C:\Windows\assembly\NativeImages_v4DOMAIN_0013.LOCAL\USER_0051#\36151302c744518974a412b74e6beb49\Microsoft.Windows.ServerManager.Common.ni.dll+0(wow64)|C:\Windows\Microsoft.NET\Framework64\v4DOMAIN_0015.LOCAL\USER_0033+5c93|C:\Windows\Microsoft.NET\Framework64\v4DOMAIN_0015.LOCAL\USER_0033+5b36|C:\Windows\Microsoft.NET\Framework64\v4DOMAIN_0015.LOCAL\USER_0033+1132c1|C:\Windows\Microsoft.NET\Framework64\v4DOMAIN_0015.LOCAL\USER_0033+11360f|C:\Windows\assembly\NativeImages_v4.0.30319_64\mscorlib\ccb48f84a5cca36e9b0205b6a65ee54a\mscorlib.ni.dll+f1fc34|C:\Windows\assembly\NativeImages_v4.0.30319_64\mscorlib\ccb48f84a5cca36e9b0205b6a65ee54a\mscorlib.ni.dll+4f4770|C:\Windows\assembly\NativeImages_v4.0.30319_64\mscorlib\ccb48f84a5cca36e9b0205b6a65ee54a\mscorlib.ni.dll+4f4604|C:\Windows\assembly\NativeImages_v4.0.30319_64\mscorlib\ccb48f84a5cca36e9b0205b6a65ee54a\mscorlib.ni.dll+4ff150|C:\Windows\assembly\NativeImages_v4.0.30319_64\mscorlib\ccb48f84a5cca36e9b0205b6a65ee54a\mscorlib.ni.dll+4ff76e|C:\Windows\Microsoft.NET\Framework64\v4DOMAIN_0015.LOCAL\USER_0033+5c93|C:\Windows\Microsoft.NET\Framework64\v4DOMAIN_0015.LOCAL\USER_0033+5b36|C:\Windows\Microsoft.NET\Framework64\v4DOMAIN_0015.LOCAL\USER_0033+6249|C:\Windows\Microsoft.NET\Framework64\v4DOMAIN_0015.LOCAL\USER_0033+ad89|C:\Windows\Microsoft.NET\Framework64\v4DOMAIN_0015.LOCAL\USER_0033+6a01 ,Information,N/A,1,0,unknown,N/A,ProcessAccess,unknown,0,null,1784871696000,255,0,false,0,"true""""",Microsoft-Windows-Sysmon/Operational,HOST_0004,"The process accessed event reports when a process opens another process, an operation that’s often followed by information queries or reading and writing the address space of the target process.",0,1784871704633,No Offense,255,HOST_0029 @ 10.0.0.12,false,3,false,N/A,10.0.0.12,false,1784871704633,5,NETWORK_0002,35,10,0,2,-1,HOST_0004,[REDACTED_DUPLICATE_PAYLOAD],USER_0002,5001829,false,null,N/A,"12:41:44, 24 thg 7, 2026","12:41:36, 24 thg 7, 2026",MAC_0002,HOST_0006,439,0,false,10.0.0.12,0,N/A,10.0.0.3,1,"12:41:44, 24 thg 7, 2026",0:0:0:0:0:0:0:0,N/A,null,"100221,100265,109237,109187,100668,156193,100272,134937,166353"
N/A,false,0,0,USER_0004,10.0.0.12,"{sysmon-eventid=13, Description=N/A, Message=N/A, Pipe Name=N/A, Registry Key=\MuiCache\15b\52C64B7E, sysmon-processid=6200, channel=Microsoft-Windows-Sysmon/Operational, Target Object=HKU\S-1-5-21-728566140-106364507-3694018187-500_CLASSES\Local Settings\MuiCache\15b\52C64B7E\LanguageList, Logon Account Domain=DOMAIN_0001.LOCAL, Object Name=DOMAIN_0020.LOCAL\USER_0049DOMAIN_0021.LOCAL\USER_0050 Settings\MuiCache\15b\52C64B7E\LanguageList, Target Details=Binary Data, Process Name=ServerManager.exe, Registry Value Data=Binary Data, Account Name=USER_0004, Logon Type=N/A, sysmon-targetobject=HKU\S-1-5-21-728566140-106364507-3694018187-500_CLASSES\Local Settings\MuiCache\15b\52C64B7E\LanguageList, Target User Domain=DOMAIN_0001.LOCAL, Rule Name=-, Account Security ID=S-1-5-21-0002, Share Name=N/A, Authentication Package=N/A, sysmon-processguid={C20AB55E-3287-67BC-BD08-000000001C00}, Logon Account Name=USER_0004, Realm=DOMAIN_0001.LOCAL, EventIDCode=13, Account ID=S-1-5-21-0002, Process Path=C:\Windows\system32\ServerManager.exe, sysmon-utctime=2026-07-24 05:41:16.087, Status Code=N/A, Registry Value Name=LanguageList, User Domain=DOMAIN_0001.LOCAL, Key Length=N/A, Target Username=USER_0004, Event ID=13, ProgramName=N/A, Registry Hive=HKU, sysmon-eventtype=SetValue, sysmon-user=USER_0002, Process GUID=C20AB55E-3287-67BC-BD08-000000001C00, Process ID=6200, Machine Identifier=HOST_0028, Object Type=N/A, Target Account Security ID=S-1-5-21-0002, Device Name=HOST_0028, sysmon-details=Binary Data}",false,MAC_0001,MAC_0002,[REDACTED_DUPLICATE_PAYLOAD],3,40791,0,12,false,0:0:0:0:0:0:0:0,N/A,0,N/A,8012,<13>Jul 24 12:41:17 10.0.0.12 AgentDevice=WindowsLog	AgentLogFile=Microsoft-Windows-Sysmon/Operational	PluginVersion=7.3.1.28	Source=Microsoft-Windows-Sysmon	Computer=HCC-LLTP-DB	OriginatingComputer=HCC-LLTP-DB	User=USER_0002	Domain=DOMAIN_0006.LOCAL	EventID=13	EventIDCode=13	EventType=4	EventCategory=13	RecordNumber=2037383060	TimeGenerated=1784871676	TimeWritten=1784871676	Level=Informational	Keywords=0x8000000000000000	Task=SysmonTask-SYSMON_REG_SETVALUE	Opcode=Info	Message=Registry value set: RuleName: - EventType: SetValue UtcTime: 2026-07-24 05:41:16.087 ProcessGuid: {C20AB55E-3287-67BC-BD08-000000001C00} ProcessId: 6200 Image: C:\Windows\system32\ServerManager.exe TargetObject: DOMAIN_0020.LOCAL\USER_0049DOMAIN_0021.LOCAL\USER_0050 Settings\MuiCache\15b\52C64B7E\LanguageList Details: Binary Data ,Successful Registry Modification,N/A,1,0,unknown,N/A,RegistryEvent (Value Set),unknown,0,null,1784871676000,255,0,false,0,"true""""",Microsoft-Windows-Sysmon/Operational,HOST_0004,This Registry event type identifies Registry value modifications.,0,1784871683256,No Offense,255,HOST_0029 @ 10.0.0.12,false,3,false,N/A,10.0.0.12,false,1784871683256,5,NETWORK_0002,35,13,0,1,-1,HOST_0004,[REDACTED_DUPLICATE_PAYLOAD],USER_0002,5001832,false,null,N/A,"12:41:23, 24 thg 7, 2026","12:41:16, 24 thg 7, 2026",MAC_0002,HOST_0006,439,0,false,10.0.0.12,0,N/A,10.0.0.3,318,"12:41:23, 24 thg 7, 2026",0:0:0:0:0:0:0:0,N/A,null,"100221,100265,109237,109187,100617,100668,156193,100276,100272,123237,123937,134937,166353"
N/A,false,0,0,USER_0004,10.0.0.12,"{sysmon-eventid=10, sysmon-sourceprocessid=6200, Pipe Name=N/A, sysmon-processid=6200, sysmon-sourceimage=C:\Windows\system32\ServerManager.exe, channel=Microsoft-Windows-Sysmon/Operational, Object Name=N/A, Target Details=N/A, Account Name=USER_0004, Target User Domain=DOMAIN_0001.LOCAL, sysmon-sourceprocessguid={C20AB55E-3287-67BC-BD08-000000001C00}, Logon Account Name=USER_0004, EventIDCode=10, HostApplication=N/A, sysmon-targetprocessid=19592, EngineVersion=N/A, sysmon-grantedaccess=0x1FFFFF, sysmon-utctime=2026-07-24 05:39:36.177, Key Length=N/A, HostId=N/A, ProgramName=N/A, Process GUID=C20AB55E-3287-67BC-BD08-000000001C00, ScriptName=N/A, Object Type=N/A, sysmon-targetprocessguid={C20AB55E-FA83-6A62-F31F-160000001C00}, Description=N/A, Message=N/A, Logon Account Domain=DOMAIN_0001.LOCAL, Target Process GUID=C20AB55E-FA83-6A62-F31F-160000001C00, Logon Type=N/A, PipelineId=N/A, sysmon-sourcethreadid=9924, Account Security ID=S-1-5-21-0002, Share Name=N/A, Authentication Package=N/A, sysmon-processguid=N/A, Realm=DOMAIN_0001.LOCAL, Account ID=S-1-5-21-0002, Process Path=C:\Windows\system32\ServerManager.exe, Status Code=N/A, RunspaceId=N/A, User Domain=DOMAIN_0001.LOCAL, Target Username=USER_0004, Event ID=10, HostVersion=N/A, sysmon-user=USER_0002, Command=N/A, Process ID=6200, Machine Identifier=HOST_0028, Target Account Security ID=S-1-5-21-0002, Device Name=HOST_0028, sysmon-targetimage=C:\Windows\system32\Configure-SMRemoting.exe, Access Mask=N/A}",false,MAC_0001,MAC_0002,[REDACTED_DUPLICATE_PAYLOAD],3,40791,0,12,false,0:0:0:0:0:0:0:0,N/A,0,N/A,8052,<13>Jul 24 12:39:38 10.0.0.12 AgentDevice=WindowsLog	AgentLogFile=Microsoft-Windows-Sysmon/Operational	PluginVersion=7.3.1.28	Source=Microsoft-Windows-Sysmon	Computer=HCC-LLTP-DB	OriginatingComputer=HCC-LLTP-DB	User=USER_0002	Domain=DOMAIN_0006.LOCAL	EventID=10	EventIDCode=10	EventType=4	EventCategory=10	RecordNumber=2037379335	TimeGenerated=1784871576	TimeWritten=1784871576	Level=Informational	Keywords=0x8000000000000000	Task=SysmonTask-SYSMON_ACCESS_PROCESS	Opcode=Info	Message=Process accessed: RuleName: - UtcTime: 2026-07-24 05:39:36.177 SourceProcessGUID: {C20AB55E-3287-67BC-BD08-000000001C00} SourceProcessId: 6200 SourceThreadId: 9924 SourceImage: C:\Windows\system32\ServerManager.exe TargetProcessGUID: {C20AB55E-FA83-6A62-F31F-160000001C00} TargetProcessId: 19592 TargetImage: C:\Windows\system32\Configure-SMRemoting.exe GrantedAccess: 0x1FFFFF CallTrace: C:\Windows\SYSTEM32\ntdll.dll+90d6a|C:\Windows\system32\KERNELBASE.dll+e120|C:\Windows\system32\KERNELBASE.dll+10d76|C:\Windows\system32\KERNEL32.dll+7983|C:\Windows\assembly\NativeImages_v4.0.30319_64\System\e30408788e6ae58b13026d86d4904782\System.ni.dll+32e550|C:\Windows\assembly\NativeImages_v4.0.30319_64\System\e30408788e6ae58b13026d86d4904782\System.ni.dll+28b2fd|C:\Windows\assembly\NativeImages_v4.0.30319_64\System\e30408788e6ae58b13026d86d4904782\System.ni.dll+28ac9c|C:\Windows\assembly\NativeImages_v4DOMAIN_0013.LOCAL\USER_0051#\36151302c744518974a412b74e6beb49\Microsoft.Windows.ServerManager.Common.ni.dll+0(wow64)|C:\Windows\assembly\NativeImages_v4DOMAIN_0013.LOCAL\USER_0051#\36151302c744518974a412b74e6beb49\Microsoft.Windows.ServerManager.Common.ni.dll+0(wow64)|C:\Windows\assembly\NativeImages_v4DOMAIN_0013.LOCAL\USER_0051#\36151302c744518974a412b74e6beb49\Microsoft.Windows.ServerManager.Common.ni.dll+0(wow64)|C:\Windows\Microsoft.NET\Framework64\v4DOMAIN_0015.LOCAL\USER_0033+5c93|C:\Windows\Microsoft.NET\Framework64\v4DOMAIN_0015.LOCAL\USER_0033+5b36|C:\Windows\Microsoft.NET\Framework64\v4DOMAIN_0015.LOCAL\USER_0033+1132c1|C:\Windows\Microsoft.NET\Framework64\v4DOMAIN_0015.LOCAL\USER_0033+11360f|C:\Windows\assembly\NativeImages_v4.0.30319_64\mscorlib\ccb48f84a5cca36e9b0205b6a65ee54a\mscorlib.ni.dll+f1fc34|C:\Windows\assembly\NativeImages_v4.0.30319_64\mscorlib\ccb48f84a5cca36e9b0205b6a65ee54a\mscorlib.ni.dll+4f4770|C:\Windows\assembly\NativeImages_v4.0.30319_64\mscorlib\ccb48f84a5cca36e9b0205b6a65ee54a\mscorlib.ni.dll+4f4604|C:\Windows\assembly\NativeImages_v4.0.30319_64\mscorlib\ccb48f84a5cca36e9b0205b6a65ee54a\mscorlib.ni.dll+4ff150|C:\Windows\assembly\NativeImages_v4.0.30319_64\mscorlib\ccb48f84a5cca36e9b0205b6a65ee54a\mscorlib.ni.dll+4ff76e|C:\Windows\Microsoft.NET\Framework64\v4DOMAIN_0015.LOCAL\USER_0033+5c93|C:\Windows\Microsoft.NET\Framework64\v4DOMAIN_0015.LOCAL\USER_0033+5b36|C:\Windows\Microsoft.NET\Framework64\v4DOMAIN_0015.LOCAL\USER_0033+6249|C:\Windows\Microsoft.NET\Framework64\v4DOMAIN_0015.LOCAL\USER_0033+ad89|C:\Windows\Microsoft.NET\Framework64\v4DOMAIN_0015.LOCAL\USER_0033+6a01 ,Information,N/A,1,0,unknown,N/A,ProcessAccess,unknown,0,null,1784871576000,255,0,false,0,"true""""",Microsoft-Windows-Sysmon/Operational,HOST_0004,"The process accessed event reports when a process opens another process, an operation that’s often followed by information queries or reading and writing the address space of the target process.",0,1784871589190,No Offense,255,HOST_0029 @ 10.0.0.12,false,3,false,N/A,10.0.0.12,false,1784871589190,5,NETWORK_0002,35,10,0,2,-1,HOST_0004,[REDACTED_DUPLICATE_PAYLOAD],USER_0002,5001829,false,null,N/A,"12:39:49, 24 thg 7, 2026","12:39:36, 24 thg 7, 2026",MAC_0002,HOST_0006,439,0,false,10.0.0.12,0,N/A,10.0.0.3,1,"12:39:49, 24 thg 7, 2026",0:0:0:0:0:0:0:0,N/A,null,"100221,100265,109237,109187,100668,156193,100272,134937,166353"
N/A,false,0,0,USER_0004,10.0.0.12,"{sysmon-eventid=12, Description=N/A, Message=N/A, Pipe Name=N/A, Registry Key=\System\CurrentControlSet\Services\Tcpip\Parameters, sysmon-processid=6200, channel=Microsoft-Windows-Sysmon/Operational, Logon Account Domain=DOMAIN_0001.LOCAL, Object Name=HKLM\System\CurrentControlSet\Services\Tcpip\Parameters, Registry Value Data=N/A, Account Name=USER_0004, Logon Type=N/A, sysmon-targetobject=HKLM\System\CurrentControlSet\Services\Tcpip\Parameters, Target User Domain=DOMAIN_0001.LOCAL, Accesses=CreateKey, Rule Name=-, Account Security ID=S-1-5-21-0002, Share Name=N/A, Authentication Package=N/A, sysmon-processguid={C20AB55E-3287-67BC-BD08-000000001C00}, Logon Account Name=USER_0004, Realm=DOMAIN_0001.LOCAL, EventIDCode=12, Account ID=S-1-5-21-0002, Process Path=C:\Windows\system32\ServerManager.exe, sysmon-utctime=2026-07-24 05:39:15.840, Status Code=N/A, Registry Value Name=Parameters, User Domain=DOMAIN_0001.LOCAL, Key Length=N/A, Target Username=USER_0004, Event ID=12, ProgramName=N/A, Registry Hive=HKLM, sysmon-eventtype=CreateKey, sysmon-user=USER_0002, Process GUID=C20AB55E-3287-67BC-BD08-000000001C00, Process ID=6200, sysmon-image=C:\Windows\system32\ServerManager.exe, Machine Identifier=HOST_0028, Object Type=N/A, Target Account Security ID=S-1-5-21-0002, Device Name=HOST_0028}",false,MAC_0001,MAC_0002,[REDACTED_DUPLICATE_PAYLOAD],3,40791,0,12,false,0:0:0:0:0:0:0:0,N/A,0,N/A,8012,<13>Jul 24 12:39:17 10.0.0.12 AgentDevice=WindowsLog	AgentLogFile=Microsoft-Windows-Sysmon/Operational	PluginVersion=7.3.1.28	Source=Microsoft-Windows-Sysmon	Computer=HCC-LLTP-DB	OriginatingComputer=HCC-LLTP-DB	User=USER_0002	Domain=DOMAIN_0006.LOCAL	EventID=12	EventIDCode=12	EventType=4	EventCategory=12	RecordNumber=2037378417	TimeGenerated=1784871555	TimeWritten=1784871555	Level=Informational	Keywords=0x8000000000000000	Task=SysmonTask-SYSMON_REG_KEY	Opcode=Info	Message=Registry object added or deleted: RuleName: - EventType: CreateKey UtcTime: 2026-07-24 05:39:15.840 ProcessGuid: {C20AB55E-3287-67BC-BD08-000000001C00} ProcessId: 6200 Image: C:\Windows\system32\ServerManager.exe TargetObject: HKLM\System\CurrentControlSet\Services\Tcpip\Parameters ,Successful Registry Modification,N/A,1,0,unknown,N/A,RegistryEvent (Object create and delete),unknown,0,null,1784871555000,255,0,false,0,"true""""",Microsoft-Windows-Sysmon/Operational,HOST_0004,"Registry key and value create and delete operations map to this event type, which can be useful for monitoring for changes to Registry autostart locations, or specific malware registry modifications.",0,1784871568105,No Offense,255,HOST_0029 @ 10.0.0.12,false,3,false,N/A,10.0.0.12,false,1784871568105,5,NETWORK_0002,35,12,0,1,-1,HOST_0004,[REDACTED_DUPLICATE_PAYLOAD],USER_0002,5001831,false,null,N/A,"12:39:28, 24 thg 7, 2026","12:39:15, 24 thg 7, 2026",MAC_0002,HOST_0006,439,0,false,10.0.0.12,0,N/A,10.0.0.3,1,"12:39:28, 24 thg 7, 2026",0:0:0:0:0:0:0:0,N/A,null,"100221,100265,109237,109187,100668,156193,100276,100272,123237,123937,134937,166353"
N/A,false,0,0,USER_0004,10.0.0.12,"{sysmon-eventid=12, Description=N/A, Message=N/A, Pipe Name=N/A, Registry Key=\System\CurrentControlSet\Services\Tcpip\Parameters, sysmon-processid=6200, channel=Microsoft-Windows-Sysmon/Operational, Logon Account Domain=DOMAIN_0001.LOCAL, Object Name=HKLM\System\CurrentControlSet\Services\Tcpip\Parameters, Registry Value Data=N/A, Account Name=USER_0004, Logon Type=N/A, sysmon-targetobject=HKLM\System\CurrentControlSet\Services\Tcpip\Parameters, Target User Domain=DOMAIN_0001.LOCAL, Accesses=CreateKey, Rule Name=-, Account Security ID=S-1-5-21-0002, Share Name=N/A, Authentication Package=N/A, sysmon-processguid={C20AB55E-3287-67BC-BD08-000000001C00}, Logon Account Name=USER_0004, Realm=DOMAIN_0001.LOCAL, EventIDCode=12, Account ID=S-1-5-21-0002, Process Path=C:\Windows\system32\ServerManager.exe, sysmon-utctime=2026-07-24 05:39:15.840, Status Code=N/A, Registry Value Name=Parameters, User Domain=DOMAIN_0001.LOCAL, Key Length=N/A, Target Username=USER_0004, Event ID=12, ProgramName=N/A, Registry Hive=HKLM, sysmon-eventtype=CreateKey, sysmon-user=USER_0002, Process GUID=C20AB55E-3287-67BC-BD08-000000001C00, Process ID=6200, sysmon-image=C:\Windows\system32\ServerManager.exe, Machine Identifier=HOST_0028, Object Type=N/A, Target Account Security ID=S-1-5-21-0002, Device Name=HOST_0028}",false,MAC_0001,MAC_0002,[REDACTED_DUPLICATE_PAYLOAD],3,40791,0,12,false,0:0:0:0:0:0:0:0,N/A,0,N/A,8012,<13>Jul 24 12:39:17 10.0.0.12 AgentDevice=WindowsLog	AgentLogFile=Microsoft-Windows-Sysmon/Operational	PluginVersion=7.3.1.28	Source=Microsoft-Windows-Sysmon	Computer=HCC-LLTP-DB	OriginatingComputer=HCC-LLTP-DB	User=USER_0002	Domain=DOMAIN_0006.LOCAL	EventID=12	EventIDCode=12	EventType=4	EventCategory=12	RecordNumber=2037378415	TimeGenerated=1784871555	TimeWritten=1784871555	Level=Informational	Keywords=0x8000000000000000	Task=SysmonTask-SYSMON_REG_KEY	Opcode=Info	Message=Registry object added or deleted: RuleName: - EventType: CreateKey UtcTime: 2026-07-24 05:39:15.840 ProcessGuid: {C20AB55E-3287-67BC-BD08-000000001C00} ProcessId: 6200 Image: C:\Windows\system32\ServerManager.exe TargetObject: HKLM\System\CurrentControlSet\Services\Tcpip\Parameters ,Successful Registry Modification,N/A,1,0,unknown,N/A,RegistryEvent (Object create and delete),unknown,0,null,1784871555000,255,0,false,0,"true""""",Microsoft-Windows-Sysmon/Operational,HOST_0004,"Registry key and value create and delete operations map to this event type, which can be useful for monitoring for changes to Registry autostart locations, or specific malware registry modifications.",0,1784871568105,No Offense,255,HOST_0029 @ 10.0.0.12,false,3,false,N/A,10.0.0.12,false,1784871568105,5,NETWORK_0002,35,12,0,1,-1,HOST_0004,[REDACTED_DUPLICATE_PAYLOAD],USER_0002,5001831,false,null,N/A,"12:39:28, 24 thg 7, 2026","12:39:15, 24 thg 7, 2026",MAC_0002,HOST_0006,439,0,false,10.0.0.12,0,N/A,10.0.0.3,1,"12:39:28, 24 thg 7, 2026",0:0:0:0:0:0:0:0,N/A,null,"100221,100265,109237,109187,100668,156193,100276,100272,123237,123937,134937,166353"
N/A,false,0,0,USER_0004,10.0.0.12,"{sysmon-eventid=12, Description=N/A, Message=N/A, Pipe Name=N/A, Registry Key=\System\CurrentControlSet\Services\Tcpip\Parameters, sysmon-processid=6200, channel=Microsoft-Windows-Sysmon/Operational, Logon Account Domain=DOMAIN_0001.LOCAL, Object Name=HKLM\System\CurrentControlSet\Services\Tcpip\Parameters, Registry Value Data=N/A, Account Name=USER_0004, Logon Type=N/A, sysmon-targetobject=HKLM\System\CurrentControlSet\Services\Tcpip\Parameters, Target User Domain=DOMAIN_0001.LOCAL, Accesses=CreateKey, Rule Name=-, Account Security ID=S-1-5-21-0002, Share Name=N/A, Authentication Package=N/A, sysmon-processguid={C20AB55E-3287-67BC-BD08-000000001C00}, Logon Account Name=USER_0004, Realm=DOMAIN_0001.LOCAL, EventIDCode=12, Account ID=S-1-5-21-0002, Process Path=C:\Windows\system32\ServerManager.exe, sysmon-utctime=2026-07-24 05:39:15.840, Status Code=N/A, Registry Value Name=Parameters, User Domain=DOMAIN_0001.LOCAL, Key Length=N/A, Target Username=USER_0004, Event ID=12, ProgramName=N/A, Registry Hive=HKLM, sysmon-eventtype=CreateKey, sysmon-user=USER_0002, Process GUID=C20AB55E-3287-67BC-BD08-000000001C00, Process ID=6200, sysmon-image=C:\Windows\system32\ServerManager.exe, Machine Identifier=HOST_0028, Object Type=N/A, Target Account Security ID=S-1-5-21-0002, Device Name=HOST_0028}",false,MAC_0001,MAC_0002,[REDACTED_DUPLICATE_PAYLOAD],3,40791,0,12,false,0:0:0:0:0:0:0:0,N/A,0,N/A,8012,<13>Jul 24 12:39:17 10.0.0.12 AgentDevice=WindowsLog	AgentLogFile=Microsoft-Windows-Sysmon/Operational	PluginVersion=7.3.1.28	Source=Microsoft-Windows-Sysmon	Computer=HCC-LLTP-DB	OriginatingComputer=HCC-LLTP-DB	User=USER_0002	Domain=DOMAIN_0006.LOCAL	EventID=12	EventIDCode=12	EventType=4	EventCategory=12	RecordNumber=2037378416	TimeGenerated=1784871555	TimeWritten=1784871555	Level=Informational	Keywords=0x8000000000000000	Task=SysmonTask-SYSMON_REG_KEY	Opcode=Info	Message=Registry object added or deleted: RuleName: - EventType: CreateKey UtcTime: 2026-07-24 05:39:15.840 ProcessGuid: {C20AB55E-3287-67BC-BD08-000000001C00} ProcessId: 6200 Image: C:\Windows\system32\ServerManager.exe TargetObject: HKLM\System\CurrentControlSet\Services\Tcpip\Parameters ,Successful Registry Modification,N/A,1,0,unknown,N/A,RegistryEvent (Object create and delete),unknown,0,null,1784871555000,255,0,false,0,"true""""",Microsoft-Windows-Sysmon/Operational,HOST_0004,"Registry key and value create and delete operations map to this event type, which can be useful for monitoring for changes to Registry autostart locations, or specific malware registry modifications.",0,1784871568105,No Offense,255,HOST_0029 @ 10.0.0.12,false,3,false,N/A,10.0.0.12,false,1784871568105,5,NETWORK_0002,35,12,0,1,-1,HOST_0004,[REDACTED_DUPLICATE_PAYLOAD],USER_0002,5001831,false,null,N/A,"12:39:28, 24 thg 7, 2026","12:39:15, 24 thg 7, 2026",MAC_0002,HOST_0006,439,0,false,10.0.0.12,0,N/A,10.0.0.3,1,"12:39:28, 24 thg 7, 2026",0:0:0:0:0:0:0:0,N/A,null,"100221,100265,109237,109187,100668,156193,100276,100272,123237,123937,134937,166353"
N/A,false,0,0,USER_0004,10.0.0.12,"{sysmon-eventid=12, Description=N/A, Message=N/A, Pipe Name=N/A, Registry Key=\System\CurrentControlSet\Services\Tcpip\Parameters, sysmon-processid=6200, channel=Microsoft-Windows-Sysmon/Operational, Logon Account Domain=DOMAIN_0001.LOCAL, Object Name=HKLM\System\CurrentControlSet\Services\Tcpip\Parameters, Registry Value Data=N/A, Account Name=USER_0004, Logon Type=N/A, sysmon-targetobject=HKLM\System\CurrentControlSet\Services\Tcpip\Parameters, Target User Domain=DOMAIN_0001.LOCAL, Accesses=CreateKey, Rule Name=-, Account Security ID=S-1-5-21-0002, Share Name=N/A, Authentication Package=N/A, sysmon-processguid={C20AB55E-3287-67BC-BD08-000000001C00}, Logon Account Name=USER_0004, Realm=DOMAIN_0001.LOCAL, EventIDCode=12, Account ID=S-1-5-21-0002, Process Path=C:\Windows\system32\ServerManager.exe, sysmon-utctime=2026-07-24 05:37:15.819, Status Code=N/A, Registry Value Name=Parameters, User Domain=DOMAIN_0001.LOCAL, Key Length=N/A, Target Username=USER_0004, Event ID=12, ProgramName=N/A, Registry Hive=HKLM, sysmon-eventtype=CreateKey, sysmon-user=USER_0002, Process GUID=C20AB55E-3287-67BC-BD08-000000001C00, Process ID=6200, sysmon-image=C:\Windows\system32\ServerManager.exe, Machine Identifier=HOST_0028, Object Type=N/A, Target Account Security ID=S-1-5-21-0002, Device Name=HOST_0028}",false,MAC_0001,MAC_0002,[REDACTED_DUPLICATE_PAYLOAD],3,40791,0,12,false,0:0:0:0:0:0:0:0,N/A,0,N/A,8012,<13>Jul 24 12:37:17 10.0.0.12 AgentDevice=WindowsLog	AgentLogFile=Microsoft-Windows-Sysmon/Operational	PluginVersion=7.3.1.28	Source=Microsoft-Windows-Sysmon	Computer=HCC-LLTP-DB	OriginatingComputer=HCC-LLTP-DB	User=USER_0002	Domain=DOMAIN_0006.LOCAL	EventID=12	EventIDCode=12	EventType=4	EventCategory=12	RecordNumber=2037373787	TimeGenerated=1784871435	TimeWritten=1784871435	Level=Informational	Keywords=0x8000000000000000	Task=SysmonTask-SYSMON_REG_KEY	Opcode=Info	Message=Registry object added or deleted: RuleName: - EventType: CreateKey UtcTime: 2026-07-24 05:37:15.819 ProcessGuid: {C20AB55E-3287-67BC-BD08-000000001C00} ProcessId: 6200 Image: C:\Windows\system32\ServerManager.exe TargetObject: HKLM\System\CurrentControlSet\Services\Tcpip\Parameters ,Successful Registry Modification,N/A,1,0,unknown,N/A,RegistryEvent (Object create and delete),unknown,0,null,1784871435000,255,0,false,0,"true""""",Microsoft-Windows-Sysmon/Operational,HOST_0004,"Registry key and value create and delete operations map to this event type, which can be useful for monitoring for changes to Registry autostart locations, or specific malware registry modifications.",0,1784871442303,No Offense,255,HOST_0029 @ 10.0.0.12,false,3,false,N/A,10.0.0.12,false,1784871442303,5,NETWORK_0002,35,12,0,1,-1,HOST_0004,[REDACTED_DUPLICATE_PAYLOAD],USER_0002,5001831,false,null,N/A,"12:37:22, 24 thg 7, 2026","12:37:15, 24 thg 7, 2026",MAC_0002,HOST_0006,439,0,false,10.0.0.12,0,N/A,10.0.0.3,1,"12:37:22, 24 thg 7, 2026",0:0:0:0:0:0:0:0,N/A,null,"100221,100265,109237,109187,100668,156193,100276,100272,123237,123937,134937,166353"
N/A,false,0,0,USER_0004,10.0.0.12,"{sysmon-eventid=12, Description=N/A, Message=N/A, Pipe Name=N/A, Registry Key=\System\CurrentControlSet\Services\Tcpip\Parameters, sysmon-processid=6200, channel=Microsoft-Windows-Sysmon/Operational, Logon Account Domain=DOMAIN_0001.LOCAL, Object Name=HKLM\System\CurrentControlSet\Services\Tcpip\Parameters, Registry Value Data=N/A, Account Name=USER_0004, Logon Type=N/A, sysmon-targetobject=HKLM\System\CurrentControlSet\Services\Tcpip\Parameters, Target User Domain=DOMAIN_0001.LOCAL, Accesses=CreateKey, Rule Name=-, Account Security ID=S-1-5-21-0002, Share Name=N/A, Authentication Package=N/A, sysmon-processguid={C20AB55E-3287-67BC-BD08-000000001C00}, Logon Account Name=USER_0004, Realm=DOMAIN_0001.LOCAL, EventIDCode=12, Account ID=S-1-5-21-0002, Process Path=C:\Windows\system32\ServerManager.exe, sysmon-utctime=2026-07-24 05:37:15.819, Status Code=N/A, Registry Value Name=Parameters, User Domain=DOMAIN_0001.LOCAL, Key Length=N/A, Target Username=USER_0004, Event ID=12, ProgramName=N/A, Registry Hive=HKLM, sysmon-eventtype=CreateKey, sysmon-user=USER_0002, Process GUID=C20AB55E-3287-67BC-BD08-000000001C00, Process ID=6200, sysmon-image=C:\Windows\system32\ServerManager.exe, Machine Identifier=HOST_0028, Object Type=N/A, Target Account Security ID=S-1-5-21-0002, Device Name=HOST_0028}",false,MAC_0001,MAC_0002,[REDACTED_DUPLICATE_PAYLOAD],3,40791,0,12,false,0:0:0:0:0:0:0:0,N/A,0,N/A,8012,<13>Jul 24 12:37:17 10.0.0.12 AgentDevice=WindowsLog	AgentLogFile=Microsoft-Windows-Sysmon/Operational	PluginVersion=7.3.1.28	Source=Microsoft-Windows-Sysmon	Computer=HCC-LLTP-DB	OriginatingComputer=HCC-LLTP-DB	User=USER_0002	Domain=DOMAIN_0006.LOCAL	EventID=12	EventIDCode=12	EventType=4	EventCategory=12	RecordNumber=2037373785	TimeGenerated=1784871435	TimeWritten=1784871435	Level=Informational	Keywords=0x8000000000000000	Task=SysmonTask-SYSMON_REG_KEY	Opcode=Info	Message=Registry object added or deleted: RuleName: - EventType: CreateKey UtcTime: 2026-07-24 05:37:15.819 ProcessGuid: {C20AB55E-3287-67BC-BD08-000000001C00} ProcessId: 6200 Image: C:\Windows\system32\ServerManager.exe TargetObject: HKLM\System\CurrentControlSet\Services\Tcpip\Parameters ,Successful Registry Modification,N/A,1,0,unknown,N/A,RegistryEvent (Object create and delete),unknown,0,null,1784871435000,255,0,false,0,"true""""",Microsoft-Windows-Sysmon/Operational,HOST_0004,"Registry key and value create and delete operations map to this event type, which can be useful for monitoring for changes to Registry autostart locations, or specific malware registry modifications.",0,1784871442303,No Offense,255,HOST_0029 @ 10.0.0.12,false,3,false,N/A,10.0.0.12,false,1784871442303,5,NETWORK_0002,35,12,0,1,-1,HOST_0004,[REDACTED_DUPLICATE_PAYLOAD],USER_0002,5001831,false,null,N/A,"12:37:22, 24 thg 7, 2026","12:37:15, 24 thg 7, 2026",MAC_0002,HOST_0006,439,0,false,10.0.0.12,0,N/A,10.0.0.3,1,"12:37:22, 24 thg 7, 2026",0:0:0:0:0:0:0:0,N/A,null,"100221,100265,109237,109187,100668,156193,100276,100272,123237,123937,134937,166353"
