dstPreNATIP,hasIdentityFlag,destinationPostNatPortDescription,destinationPort,identityUsername,logSourceIdentifier,customProps,srcPortInvalid,identityMAC,sourcMACAddress,payloadAsBase64,magnitude,deviceId,protocolConfigId,deviceType,dstPortInvalid,sourceV6Ip,identityGroupName,srcPreNATPort,srcPreNATIP,category,payloadAsUTF,categoryDescription,aDEAnomalyCount,deviceCategory,deviceEventId,pcapId,identityExtendedField,eventName,pcapIp,sourcePort,obfuscationProperties,deviceTime,protocol,sourcePreNatPortDescription,pcapEvent,dstPostNATPort,tLVProperties,qidEventCategory,identityNetBiosName,eventDescription,dstPreNATPort,startTime,offenseName,protocolName,deviceName,mPCEvent,relevance,logOnly,dstPostNATIP,srcIp,storedForPerformance,stopTime,credibility,domainName,domainID,qidEventId,sourcePostNatPortDescription,severity,offenseId,identityHostname,payloadAsHexOneLine,userName,qid,truncated,obfuscationNormalizedEventProperties,aDEAnomalyDescription,startDateTime,deviceDateTime,destinationMACAddress,eventCollectorName,eventCollectorId,srcPostNATPort,rawEvent,destIp,destinationPreNatPortDescription,osvbidsDesc,identityIpOfHost,eventCount,stopDateTime,destinationV6Ip,srcPostNATIP,identity,ruleIds
N/A,false,0,0,USER_0004,10.0.0.24,"{sysmon-eventid=4697, Description=N/A, Message=N/A, Pipe Name=N/A, sysmon-processid=N/A, channel=Security, Logon Account Domain=DOMAIN_0001.LOCAL, Object Name=N/A, Account Name=USER_0310, Logon Type=N/A, Target User Domain=DOMAIN_0001.LOCAL, Account Security ID=S-1-5-21-0004, Share Name=N/A, Authentication Package=N/A, sysmon-processguid=N/A, Logon Account Name=USER_0004, Realm=DOMAIN_0001.LOCAL, EventIDCode=4697, Account ID=S-1-5-21-0002, Status Code=N/A, User Domain=DOMAIN_0007.LOCAL, Key Length=N/A, Target Username=USER_0004, Event ID=4697, ProgramName=UnistoreSvc_b51dc30d6, Service Name=UnistoreSvc_b51dc30d6, sysmon-user=USER_0004, Machine Identifier=HOST_0060, Object Type=N/A, Target Account Security ID=S-1-5-21-0002, Service Filename=C:\Windows\System32\svchost.exe -k UnistackSvcGroup , Device Name=HOST_0060}",false,MAC_0001,MAC_0002,[REDACTED_DUPLICATE_PAYLOAD],4,20516,0,12,false,0:0:0:0:0:0:0:0,N/A,0,N/A,8030,<13>Aug 07 14:11:34 10.0.0.24 AgentDevice=WindowsLog	AgentLogFile=Security	PluginVersion=7.3.1.28	Source=Microsoft-Windows-Security-Auditing	Computer=Jump-host-tcbc	OriginatingComputer=Jump-host-tcbc	User=	Domain=	EventID=4697	EventIDCode=4697	EventType=8	EventCategory=12289	RecordNumber=10330263	TimeGenerated=1786086691	TimeWritten=1786086691	Level=Log Always	Keywords=Audit Success	Task=SE_ADT_SYSTEM_SECURITYSUBSYSTEMEXTENSION	Opcode=Info	Message=A service was installed in the system.  Subject:  Security ID:  NT DOMAIN_0008.LOCAL\USER_0002  Account Name: USER_0310  Account Domain: DOMAIN_0007.LOCAL  Logon ID:  0x3E7  Service Information:  Service Name:   UnistoreSvc_b51dc30d6  Service File Name: C:\Windows\System32\svchost.exe -k UnistackSvcGroup  Service Type:   0xE0  Service Start Type: 3  Service Account:   LocalSystem ,Service Installed,N/A,1,0,unknown,N/A,Success Audit: A service was installed in the system,unknown,0,null,1786086691000,255,0,false,0,"true""""",Success Audit,HOST_0004,Success Audit: A service was installed in the system.,0,1786086702301,No Offense,255,HOST_0061 @ 10.0.0.24,true,3,false,N/A,10.0.0.24,false,1786086702301,5,NETWORK_0002,35,4697,0,5,-1,HOST_0004,[REDACTED_DUPLICATE_PAYLOAD],USER_0004,5000871,false,null,N/A,"14:11:42, 7 thg 8, 2026","14:11:31, 7 thg 8, 2026",MAC_0002,HOST_0006,439,0,false,10.0.0.24,0,N/A,10.0.0.3,3,"14:11:42, 7 thg 8, 2026",0:0:0:0:0:0:0:0,N/A,null,"100101,100221,153742,100265,109237,156193,100282,100277,100276,100272,123237,123937,134937,166353,100223"
N/A,false,0,0,USER_0004,10.0.0.24,"{sysmon-eventid=4697, Description=N/A, Message=N/A, Pipe Name=N/A, sysmon-processid=N/A, channel=Security, Logon Account Domain=DOMAIN_0001.LOCAL, Object Name=N/A, Account Name=USER_0310, Logon Type=N/A, Target User Domain=DOMAIN_0001.LOCAL, Account Security ID=S-1-5-21-0004, Share Name=N/A, Authentication Package=N/A, sysmon-processguid=N/A, Logon Account Name=USER_0004, Realm=DOMAIN_0001.LOCAL, EventIDCode=4697, Account ID=S-1-5-21-0002, Status Code=N/A, User Domain=DOMAIN_0007.LOCAL, Key Length=N/A, Target Username=USER_0004, Event ID=4697, ProgramName=OneSyncSvc_b51dc30d6, Service Name=OneSyncSvc_b51dc30d6, sysmon-user=USER_0004, Machine Identifier=HOST_0060, Object Type=N/A, Target Account Security ID=S-1-5-21-0002, Service Filename=C:\Windows\system32\svchost.exe -k UnistackSvcGroup , Device Name=HOST_0060}",false,MAC_0001,MAC_0002,[REDACTED_DUPLICATE_PAYLOAD],4,20516,0,12,false,0:0:0:0:0:0:0:0,N/A,0,N/A,8030,<13>Aug 07 14:11:34 10.0.0.24 AgentDevice=WindowsLog	AgentLogFile=Security	PluginVersion=7.3.1.28	Source=Microsoft-Windows-Security-Auditing	Computer=Jump-host-tcbc	OriginatingComputer=Jump-host-tcbc	User=	Domain=	EventID=4697	EventIDCode=4697	EventType=8	EventCategory=12289	RecordNumber=10330260	TimeGenerated=1786086691	TimeWritten=1786086691	Level=Log Always	Keywords=Audit Success	Task=SE_ADT_SYSTEM_SECURITYSUBSYSTEMEXTENSION	Opcode=Info	Message=A service was installed in the system.  Subject:  Security ID:  NT DOMAIN_0008.LOCAL\USER_0002  Account Name: USER_0310  Account Domain: DOMAIN_0007.LOCAL  Logon ID:  0x3E7  Service Information:  Service Name:   OneSyncSvc_b51dc30d6  Service File Name: C:\Windows\system32\svchost.exe -k UnistackSvcGroup  Service Type:   0xE0  Service Start Type: 2  Service Account:   LocalSystem ,Service Installed,N/A,1,0,unknown,N/A,Success Audit: A service was installed in the system,unknown,0,null,1786086691000,255,0,false,0,"true""""",Success Audit,HOST_0004,Success Audit: A service was installed in the system.,0,1786086702301,No Offense,255,HOST_0061 @ 10.0.0.24,true,3,false,N/A,10.0.0.24,false,1786086702301,5,NETWORK_0002,35,4697,0,5,-1,HOST_0004,[REDACTED_DUPLICATE_PAYLOAD],USER_0004,5000871,false,null,N/A,"14:11:42, 7 thg 8, 2026","14:11:31, 7 thg 8, 2026",MAC_0002,HOST_0006,439,0,false,10.0.0.24,0,N/A,10.0.0.3,1,"14:11:42, 7 thg 8, 2026",0:0:0:0:0:0:0:0,N/A,null,"100101,100221,153742,100265,109237,156193,100282,100277,100276,100272,123237,123937,134937,166353,100223"
N/A,false,0,0,USER_0004,10.0.0.24,"{sysmon-eventid=4697, Description=N/A, Message=N/A, Pipe Name=N/A, sysmon-processid=N/A, channel=Security, Logon Account Domain=DOMAIN_0001.LOCAL, Object Name=N/A, Account Name=USER_0310, Logon Type=N/A, Target User Domain=DOMAIN_0001.LOCAL, Account Security ID=S-1-5-21-0004, Share Name=N/A, Authentication Package=N/A, sysmon-processguid=N/A, Logon Account Name=USER_0004, Realm=DOMAIN_0001.LOCAL, EventIDCode=4697, Account ID=S-1-5-21-0002, Status Code=N/A, User Domain=DOMAIN_0007.LOCAL, Key Length=N/A, Target Username=USER_0004, Event ID=4697, ProgramName=UserDataSvc_b51dc30d6, Service Name=UserDataSvc_b51dc30d6, sysmon-user=USER_0004, Machine Identifier=HOST_0060, Object Type=N/A, Target Account Security ID=S-1-5-21-0002, Service Filename=C:\Windows\system32\svchost.exe -k UnistackSvcGroup , Device Name=HOST_0060}",false,MAC_0001,MAC_0002,[REDACTED_DUPLICATE_PAYLOAD],4,20516,0,12,false,0:0:0:0:0:0:0:0,N/A,0,N/A,8030,<13>Aug 07 14:11:34 10.0.0.24 AgentDevice=WindowsLog	AgentLogFile=Security	PluginVersion=7.3.1.28	Source=Microsoft-Windows-Security-Auditing	Computer=Jump-host-tcbc	OriginatingComputer=Jump-host-tcbc	User=	Domain=	EventID=4697	EventIDCode=4697	EventType=8	EventCategory=12289	RecordNumber=10330264	TimeGenerated=1786086691	TimeWritten=1786086691	Level=Log Always	Keywords=Audit Success	Task=SE_ADT_SYSTEM_SECURITYSUBSYSTEMEXTENSION	Opcode=Info	Message=A service was installed in the system.  Subject:  Security ID:  NT DOMAIN_0008.LOCAL\USER_0002  Account Name: USER_0310  Account Domain: DOMAIN_0007.LOCAL  Logon ID:  0x3E7  Service Information:  Service Name:   UserDataSvc_b51dc30d6  Service File Name: C:\Windows\system32\svchost.exe -k UnistackSvcGroup  Service Type:   0xE0  Service Start Type: 3  Service Account:   LocalSystem ,Service Installed,N/A,1,0,unknown,N/A,Success Audit: A service was installed in the system,unknown,0,null,1786086691000,255,0,false,0,"true""""",Success Audit,HOST_0004,Success Audit: A service was installed in the system.,0,1786086702301,No Offense,255,HOST_0061 @ 10.0.0.24,true,3,false,N/A,10.0.0.24,false,1786086702301,5,NETWORK_0002,35,4697,0,5,-1,HOST_0004,[REDACTED_DUPLICATE_PAYLOAD],USER_0004,5000871,false,null,N/A,"14:11:42, 7 thg 8, 2026","14:11:31, 7 thg 8, 2026",MAC_0002,HOST_0006,439,0,false,10.0.0.24,0,N/A,10.0.0.3,1,"14:11:42, 7 thg 8, 2026",0:0:0:0:0:0:0:0,N/A,null,"100101,100221,153742,100265,109237,156193,100282,100277,100276,100272,123237,123937,134937,166353,100223"
N/A,false,0,0,USER_0004,10.0.0.24,"{sysmon-eventid=4697, Description=N/A, Message=N/A, Pipe Name=N/A, sysmon-processid=N/A, channel=Security, Logon Account Domain=DOMAIN_0001.LOCAL, Object Name=N/A, Account Name=USER_0310, Logon Type=N/A, Target User Domain=DOMAIN_0001.LOCAL, Account Security ID=S-1-5-21-0004, Share Name=N/A, Authentication Package=N/A, sysmon-processguid=N/A, Logon Account Name=USER_0004, Realm=DOMAIN_0001.LOCAL, EventIDCode=4697, Account ID=S-1-5-21-0002, Status Code=N/A, User Domain=DOMAIN_0007.LOCAL, Key Length=N/A, Target Username=USER_0004, Event ID=4697, ProgramName=PimIndexMaintenanceSvc_b51dc30d6, Service Name=PimIndexMaintenanceSvc_b51dc30d6, sysmon-user=USER_0004, Machine Identifier=HOST_0060, Object Type=N/A, Target Account Security ID=S-1-5-21-0002, Service Filename=C:\Windows\system32\svchost.exe -k UnistackSvcGroup , Device Name=HOST_0060}",false,MAC_0001,MAC_0002,[REDACTED_DUPLICATE_PAYLOAD],4,20516,0,12,false,0:0:0:0:0:0:0:0,N/A,0,N/A,8030,<13>Aug 07 14:11:34 10.0.0.24 AgentDevice=WindowsLog	AgentLogFile=Security	PluginVersion=7.3.1.28	Source=Microsoft-Windows-Security-Auditing	Computer=Jump-host-tcbc	OriginatingComputer=Jump-host-tcbc	User=	Domain=	EventID=4697	EventIDCode=4697	EventType=8	EventCategory=12289	RecordNumber=10330261	TimeGenerated=1786086691	TimeWritten=1786086691	Level=Log Always	Keywords=Audit Success	Task=SE_ADT_SYSTEM_SECURITYSUBSYSTEMEXTENSION	Opcode=Info	Message=A service was installed in the system.  Subject:  Security ID:  NT DOMAIN_0008.LOCAL\USER_0002  Account Name: USER_0310  Account Domain: DOMAIN_0007.LOCAL  Logon ID:  0x3E7  Service Information:  Service Name:   PimIndexMaintenanceSvc_b51dc30d6  Service File Name: C:\Windows\system32\svchost.exe -k UnistackSvcGroup  Service Type:   0xE0  Service Start Type: 3  Service Account:   LocalSystem ,Service Installed,N/A,1,0,unknown,N/A,Success Audit: A service was installed in the system,unknown,0,null,1786086691000,255,0,false,0,"true""""",Success Audit,HOST_0004,Success Audit: A service was installed in the system.,0,1786086702301,No Offense,255,HOST_0061 @ 10.0.0.24,true,3,false,N/A,10.0.0.24,false,1786086702301,5,NETWORK_0002,35,4697,0,5,-1,HOST_0004,[REDACTED_DUPLICATE_PAYLOAD],USER_0004,5000871,false,null,N/A,"14:11:42, 7 thg 8, 2026","14:11:31, 7 thg 8, 2026",MAC_0002,HOST_0006,439,0,false,10.0.0.24,0,N/A,10.0.0.3,1,"14:11:42, 7 thg 8, 2026",0:0:0:0:0:0:0:0,N/A,null,"100101,100221,153742,100265,109237,156193,100282,100277,100276,100272,123237,123937,134937,166353,100223"
