N/A,false,0,0,USER_0004,10.0.0.27,"{sysmon-eventid=1, Parent Process Name=HIS.exe, Pipe Name=N/A, File Directory=N/A, sysmon-processid=64816, channel=Microsoft-Windows-Sysmon/Operational, sysmon-username= DOMAIN_0071.LOCAL\USER_0030, Parent Command=""F:\Hispro\HISpro\HIS.exe"" , Object Name=N/A, Account Name=USER_0004, sysmon-currentdirectory=F:\Hispro\HISpro\, Target User Domain=DOMAIN_0001.LOCAL, Logon Account Name=USER_0004, Product Description=HLS.WCFClient, EventIDCode=1, Terminated Process Name=N/A, MD5 Hash=CC5C79BE16BFE24469D44F5B0DE46E0F, Filename=N/A, Key Length=N/A, sysmon-logonid=0x56F0A0, ProgramName=N/A, Process GUID=5E5FB9E6-E3EF-6A77-84E4-020000003000, SHA1 Hash=5819F95410DA6624FA8F214148CDC80C5901D419, File Extension=N/A, Object Type=N/A, sysmon-hash=SHA1=5819F95410DA6624FA8F214148CDC80C5901D419,MD5=CC5C79BE16BFE24469D44F5B0DE46E0F,SHA256=E8DBB3EF4534F5593EEE974CE1EB051E13D9550C13235188E25CA80833295D4C,IMPHASH=F34D5F2D4577ED6D9CEEC516C1F5A744, SHA256 Hash=E8DBB3EF4534F5593EEE974CE1EB051E13D9550C13235188E25CA80833295D4C, Parent Process GUID=5E5FB9E6-F446-6A43-98D6-010000003000, Integrity Level=High, sysmon-parentimage=F:\Hispro\HISpro\HIS.exe, Description=Description: HLS.WCFClient Product, File Hash=5819F95410DA6624FA8F214148CDC80C5901D419, Token Elevation Type=N/A, Message=N/A, sysmon-rulename=-, Encoded Command=N/A, Logon Account Domain=DOMAIN_0001.LOCAL, Process Name=HLS.WCFClient.exe, Parent Process ID=16056, sysmon-parentcommandline=""F:\Hispro\HISpro\HIS.exe"", Logon Type=N/A, sysmon-integritylevel=High, sysmon-logonguid={5E5FB9E6-E5AA-6981-A0F0-560000000000}, Account Security ID=S-1-5-21-0002, Share Name=N/A, Authentication Package=N/A, sysmon-processguid={5E5FB9E6-E3EF-6A77-84E4-020000003000}, Realm=DOMAIN_0001.LOCAL, Account ID=S-1-5-21-0002, sysmon-description=HLS.WCFClient, Process Path=F:\Hispro\HISpro\HLS.WCFClient.exe, Status Code=N/A, Product Name=HLS.WCFClient, User Domain=DOMAIN_0001.LOCAL, Encoded Argument=N/A, Target Username=USER_0004, Event ID=1, sysmon-parentprocessid=16056, Product Company=Microsoft, sysmon-fileversion=1.0.0.0, sysmon-parentprocessguid={5E5FB9E6-F446-6A43-98D6-010000003000}, sysmon-user=USER_0002, Command=""F:\Hispro\HISpro\HLS.WCFClient.exe"" |AcsBaseUri|http://10.0.0.27:1401/|SdaBaseUri|http://10.0.0.27:1410/|SarBaseUri|http://10.0.0.27:1409/|MosBaseUri|http://10.0.0.27:1408/|ApplicationCode|HIS|TokenCode|21f33f4a09f028134e479dba730560f01ca6930b3c18c05ed2bb9abbbc46b106|CacheType|1|RedisSaveType|0|PreNamespaceFolder||isReloadAllCache|0, sysmon-originalfilename=HLS.WCFClient.exe, Process ID=64816, sysmon-image=F:\Hispro\HISpro\HLS.WCFClient.exe, Machine Identifier=HOST_0067, Target Account Security ID=S-1-5-21-0002, sysmon-commandline=""F:\Hispro\HISpro\HLS.WCFClient.exe"" |AcsBaseUri|http://10.0.0.27:1401/|SdaBaseUri|http://10.0.0.27:1410/|SarBaseUri|http://10.0.0.27:1409/|MosBaseUri|http://10.0.0.27:1408/|ApplicationCode|HIS|TokenCode|21f33f4a09f028134e479dba730560f01ca6930b3c18c05ed2bb9abbbc46b106|CacheType|1|RedisSaveType|0|PreNamespaceFolder||isReloadAllCache|0, Device Name=HOST_0067, IMP Hash=F34D5F2D4577ED6D9CEEC516C1F5A744, Current Working Directory=F:\Hispro\HISpro\, Parent Process Path=F:\Hispro\HISpro\HIS.exe, sysmon-terminalsessionid=2}",false,MAC_0001,MAC_0002,[REDACTED_DUPLICATE_PAYLOAD],3,27863,0,12,false,0:0:0:0:0:0:0:0,N/A,0,N/A,8110,"<13>Aug 09 09:20:33 10.0.0.27 AgentDevice=WindowsLog	AgentLogFile=Microsoft-Windows-Sysmon/Operational	PluginVersion=7.3.1.28	Source=Microsoft-Windows-Sysmon	Computer=EMR_APP_1_111	OriginatingComputer=EMR_APP_1_111	User=USER_0002	Domain=DOMAIN_0006.LOCAL	EventID=1	EventIDCode=1	EventType=4	EventCategory=1	RecordNumber=1372419234	TimeGenerated=1786242031	TimeWritten=1786242031	Level=Informational	Keywords=0x8000000000000000	Task=SysmonTask-SYSMON_CREATE_PROCESS	Opcode=Info	Message=Process Create: RuleName: - UtcTime: 2026-08-09 02:20:31.884 ProcessGuid: {5E5FB9E6-E3EF-6A77-84E4-020000003000} ProcessId: 64816 Image: F:\Hispro\HISpro\HLS.WCFClient.exe FileVersion: 203.0.0.12 Description: HLS.WCFClient Product: HLS.WCFClient Company: Microsoft OriginalFileName: HLS.WCFClient.exe CommandLine: ""F:\Hispro\HISpro\HLS.WCFClient.exe"" |AcsBaseUri|http://10.0.0.27:1401/|SdaBaseUri|http://10.0.0.27:1410/|SarBaseUri|http://10.0.0.27:1409/|MosBaseUri|http://10.0.0.27:1408/|ApplicationCode|HIS|TokenCode|21f33f4a09f028134e479dba730560f01ca6930b3c18c05ed2bb9abbbc46b106|CacheType|1|RedisSaveType|0|PreNamespaceFolder||isReloadAllCache|0 CurrentDirectory: F:\Hispro\HISpro\ User: DOMAIN_0071.LOCAL\USER_0030 LogonGuid: {5E5FB9E6-E5AA-6981-A0F0-560000000000} LogonId: 0x56F0A0 TerminalSessionId: 2 IntegrityLevel: High Hashes: SHA1=5819F95410DA6624FA8F214148CDC80C5901D419,MD5=CC5C79BE16BFE24469D44F5B0DE46E0F,SHA256=E8DBB3EF4534F5593EEE974CE1EB051E13D9550C13235188E25CA80833295D4C,IMPHASH=F34D5F2D4577ED6D9CEEC516C1F5A744 ParentProcessGuid: {5E5FB9E6-F446-6A43-98D6-010000003000} ParentProcessId: 16056 ParentImage: F:\Hispro\HISpro\HIS.exe ParentCommandLine: ""F:\Hispro\HISpro\HIS.exe""  ",Process Creation Success,N/A,1,0,unknown,N/A,Process Create,unknown,0,null,1786242031000,255,0,false,0,"true""""",Microsoft-Windows-Sysmon/Operational,HOST_0004,The process creation event provides extended information about a newly created process.,0,1786242035011,No Offense,255,HOST_0068 @ 10.0.0.27,false,3,false,N/A,10.0.0.27,false,1786242035011,5,NETWORK_0011,43,1,0,2,-1,HOST_0004,[REDACTED_DUPLICATE_PAYLOAD],USER_0002,5001828,false,null,N/A,"09:20:35, 9 thg 8, 2026","09:20:31, 9 thg 8, 2026",MAC_0002,HOST_0046,482,0,false,10.0.0.27,0,N/A,10.0.0.3,1,"09:20:35, 9 thg 8, 2026",0:0:0:0:0:0:0:0,N/A,null,"100221,100265,109237,109187,156193,166362,100272,134937,166353"
N/A,false,0,0,USER_0004,10.0.0.27,"{sysmon-eventid=1, Parent Process Name=cmd.exe, Pipe Name=N/A, File Directory=N/A, sysmon-processid=58032, channel=Microsoft-Windows-Sysmon/Operational, sysmon-username= NT DOMAIN_0008.LOCAL\USER_0002, Parent Command=C:\Windows\system32\cmd.exe /c cscript //nologo %windir%\system32\slmgr.vbs /dli 2>&1, Object Name=N/A, Account Name=USER_0004, sysmon-currentdirectory=C:\Windows\system32\, Target User Domain=DOMAIN_0001.LOCAL, Logon Account Name=USER_0004, Product Description=Microsoft ® Console Based Script Host, EventIDCode=1, Terminated Process Name=N/A, MD5 Hash=9578AFF0AC49AAADB5A028B9B6D13C6E, Filename=N/A, Key Length=N/A, sysmon-logonid=0x3E7, ProgramName=N/A, Process GUID=5E5FB9E6-E377-6A77-83E4-020000003000, SHA1 Hash=D67986B9CFE1397EBE27E16D9852B52AEE9B95C6, File Extension=N/A, Object Type=N/A, sysmon-hash=SHA1=D67986B9CFE1397EBE27E16D9852B52AEE9B95C6,MD5=9578AFF0AC49AAADB5A028B9B6D13C6E,SHA256=67A0A3413A99DFFD421992E2AD6DECBF4A78C3E063F414201B5D2232AE96B0F7,IMPHASH=77838A7D26CC1C7050C41CF6165BAD0E, SHA256 Hash=67A0A3413A99DFFD421992E2AD6DECBF4A78C3E063F414201B5D2232AE96B0F7, Parent Process GUID=5E5FB9E6-E377-6A77-81E4-020000003000, Integrity Level=System, sysmon-parentimage=C:\Windows\System32\cmd.exe, Description=Description: Microsoft ® Console Based Script Host Product, File Hash=D67986B9CFE1397EBE27E16D9852B52AEE9B95C6, Token Elevation Type=N/A, Message=N/A, sysmon-rulename=-, Encoded Command=N/A, Logon Account Domain=DOMAIN_0001.LOCAL, Process Name=cscript.exe, Parent Process ID=20052, sysmon-parentcommandline=C:\Windows\system32\cmd.exe /c cscript //nologo %windir%\system32\slmgr.vbs /dli 2>&1, Logon Type=N/A, sysmon-integritylevel=System, sysmon-logonguid={5E5FB9E6-DEE1-6981-E703-000000000000}, Account Security ID=S-1-5-21-0002, Share Name=N/A, Authentication Package=N/A, sysmon-processguid={5E5FB9E6-E377-6A77-83E4-020000003000}, Realm=DOMAIN_0001.LOCAL, Account ID=S-1-5-21-0002, sysmon-description=Microsoft ® Console Based Script Host, Process Path=C:\Windows\System32\cscript.exe, Status Code=N/A, Product Name=Microsoft ® Windows Script Host, User Domain=DOMAIN_0001.LOCAL, Encoded Argument=N/A, Target Username=USER_0004, Event ID=1, sysmon-parentprocessid=20052, Product Company=Microsoft Corporation, sysmon-fileversion=5.812.10240.16384, sysmon-parentprocessguid={5E5FB9E6-E377-6A77-81E4-020000003000}, sysmon-user=USER_0002, Command=cscript  //nologo C:\Windows\system32\slmgr.vbs /dli , sysmon-originalfilename=cscript.exe, Process ID=58032, sysmon-image=C:\Windows\System32\cscript.exe, Machine Identifier=HOST_0067, Target Account Security ID=S-1-5-21-0002, sysmon-commandline=cscript  //nologo C:\Windows\system32\slmgr.vbs /dli , Device Name=HOST_0067, IMP Hash=77838A7D26CC1C7050C41CF6165BAD0E, Current Working Directory=C:\Windows\system32\, Parent Process Path=C:\Windows\System32\cmd.exe, sysmon-terminalsessionid=0}",false,MAC_0001,MAC_0002,[REDACTED_DUPLICATE_PAYLOAD],3,27863,0,12,false,0:0:0:0:0:0:0:0,N/A,0,N/A,8110,"<13>Aug 09 09:18:33 10.0.0.27 AgentDevice=WindowsLog	AgentLogFile=Microsoft-Windows-Sysmon/Operational	PluginVersion=7.3.1.28	Source=Microsoft-Windows-Sysmon	Computer=EMR_APP_1_111	OriginatingComputer=EMR_APP_1_111	User=USER_0002	Domain=DOMAIN_0006.LOCAL	EventID=1	EventIDCode=1	EventType=4	EventCategory=1	RecordNumber=1372416564	TimeGenerated=1786241911	TimeWritten=1786241911	Level=Informational	Keywords=0x8000000000000000	Task=SysmonTask-SYSMON_CREATE_PROCESS	Opcode=Info	Message=Process Create: RuleName: - UtcTime: 2026-08-09 02:18:31.650 ProcessGuid: {5E5FB9E6-E377-6A77-83E4-020000003000} ProcessId: 58032 Image: C:\Windows\System32\cscript.exe FileVersion: 5.812.10240.16384 Description: Microsoft ® Console Based Script Host Product: Microsoft ® Windows Script Host Company: Microsoft Corporation OriginalFileName: cscript.exe CommandLine: cscript  //nologo C:\Windows\system32\slmgr.vbs /dli  CurrentDirectory: C:\Windows\system32\ User: NT DOMAIN_0008.LOCAL\USER_0002 LogonGuid: {5E5FB9E6-DEE1-6981-E703-000000000000} LogonId: 0x3E7 TerminalSessionId: 0 IntegrityLevel: System Hashes: SHA1=D67986B9CFE1397EBE27E16D9852B52AEE9B95C6,MD5=9578AFF0AC49AAADB5A028B9B6D13C6E,SHA256=67A0A3413A99DFFD421992E2AD6DECBF4A78C3E063F414201B5D2232AE96B0F7,IMPHASH=77838A7D26CC1C7050C41CF6165BAD0E ParentProcessGuid: {5E5FB9E6-E377-6A77-81E4-020000003000} ParentProcessId: 20052 ParentImage: C:\Windows\System32\cmd.exe ParentCommandLine: C:\Windows\system32\cmd.exe /c cscript //nologo %windir%\system32\slmgr.vbs /dli 2>&1 ",Process Creation Success,N/A,1,0,unknown,N/A,Process Create,unknown,0,null,1786241911000,255,0,false,0,"true""""",Microsoft-Windows-Sysmon/Operational,HOST_0004,The process creation event provides extended information about a newly created process.,0,1786241920996,No Offense,255,HOST_0068 @ 10.0.0.27,false,3,false,N/A,10.0.0.27,false,1786241920996,5,NETWORK_0011,43,1,0,2,-1,HOST_0004,[REDACTED_DUPLICATE_PAYLOAD],USER_0002,5001828,false,null,N/A,"09:18:40, 9 thg 8, 2026","09:18:31, 9 thg 8, 2026",MAC_0002,HOST_0046,482,0,false,10.0.0.27,0,N/A,10.0.0.3,2,"09:18:40, 9 thg 8, 2026",0:0:0:0:0:0:0:0,N/A,null,"100221,100265,109237,109187,100668,156193,146162,166362,100272,100677,134937,166353"
N/A,false,0,0,USER_0004,10.0.0.27,"{sysmon-eventid=1, Parent Process Name=HIS.exe, Pipe Name=N/A, File Directory=N/A, sysmon-processid=64280, channel=Microsoft-Windows-Sysmon/Operational, sysmon-username= DOMAIN_0071.LOCAL\USER_0030, Parent Command=""F:\Hispro\HISpro\HIS.exe"" , Object Name=N/A, Account Name=USER_0004, sysmon-currentdirectory=F:\Hispro\HISpro\, Target User Domain=DOMAIN_0001.LOCAL, Logon Account Name=USER_0004, Product Description=HLS.WCFClient, EventIDCode=1, Terminated Process Name=N/A, MD5 Hash=CC5C79BE16BFE24469D44F5B0DE46E0F, Filename=N/A, Key Length=N/A, sysmon-logonid=0x56F0A0, ProgramName=N/A, Process GUID=5E5FB9E6-E321-6A77-80E4-020000003000, SHA1 Hash=5819F95410DA6624FA8F214148CDC80C5901D419, File Extension=N/A, Object Type=N/A, sysmon-hash=SHA1=5819F95410DA6624FA8F214148CDC80C5901D419,MD5=CC5C79BE16BFE24469D44F5B0DE46E0F,SHA256=E8DBB3EF4534F5593EEE974CE1EB051E13D9550C13235188E25CA80833295D4C,IMPHASH=F34D5F2D4577ED6D9CEEC516C1F5A744, SHA256 Hash=E8DBB3EF4534F5593EEE974CE1EB051E13D9550C13235188E25CA80833295D4C, Parent Process GUID=5E5FB9E6-F446-6A43-98D6-010000003000, Integrity Level=High, sysmon-parentimage=F:\Hispro\HISpro\HIS.exe, Description=Description: HLS.WCFClient Product, File Hash=5819F95410DA6624FA8F214148CDC80C5901D419, Token Elevation Type=N/A, Message=N/A, sysmon-rulename=-, Encoded Command=N/A, Logon Account Domain=DOMAIN_0001.LOCAL, Process Name=HLS.WCFClient.exe, Parent Process ID=16056, sysmon-parentcommandline=""F:\Hispro\HISpro\HIS.exe"", Logon Type=N/A, sysmon-integritylevel=High, sysmon-logonguid={5E5FB9E6-E5AA-6981-A0F0-560000000000}, Account Security ID=S-1-5-21-0002, Share Name=N/A, Authentication Package=N/A, sysmon-processguid={5E5FB9E6-E321-6A77-80E4-020000003000}, Realm=DOMAIN_0001.LOCAL, Account ID=S-1-5-21-0002, sysmon-description=HLS.WCFClient, Process Path=F:\Hispro\HISpro\HLS.WCFClient.exe, Status Code=N/A, Product Name=HLS.WCFClient, User Domain=DOMAIN_0001.LOCAL, Encoded Argument=N/A, Target Username=USER_0004, Event ID=1, sysmon-parentprocessid=16056, Product Company=Microsoft, sysmon-fileversion=1.0.0.0, sysmon-parentprocessguid={5E5FB9E6-F446-6A43-98D6-010000003000}, sysmon-user=USER_0002, Command=""F:\Hispro\HISpro\HLS.WCFClient.exe"" |AcsBaseUri|http://10.0.0.27:1401/|SdaBaseUri|http://10.0.0.27:1410/|SarBaseUri|http://10.0.0.27:1409/|MosBaseUri|http://10.0.0.27:1408/|ApplicationCode|HIS|TokenCode|21f33f4a09f028134e479dba730560f01ca6930b3c18c05ed2bb9abbbc46b106|CacheType|1|RedisSaveType|0|PreNamespaceFolder||isReloadAllCache|0, sysmon-originalfilename=HLS.WCFClient.exe, Process ID=64280, sysmon-image=F:\Hispro\HISpro\HLS.WCFClient.exe, Machine Identifier=HOST_0067, Target Account Security ID=S-1-5-21-0002, sysmon-commandline=""F:\Hispro\HISpro\HLS.WCFClient.exe"" |AcsBaseUri|http://10.0.0.27:1401/|SdaBaseUri|http://10.0.0.27:1410/|SarBaseUri|http://10.0.0.27:1409/|MosBaseUri|http://10.0.0.27:1408/|ApplicationCode|HIS|TokenCode|21f33f4a09f028134e479dba730560f01ca6930b3c18c05ed2bb9abbbc46b106|CacheType|1|RedisSaveType|0|PreNamespaceFolder||isReloadAllCache|0, Device Name=HOST_0067, IMP Hash=F34D5F2D4577ED6D9CEEC516C1F5A744, Current Working Directory=F:\Hispro\HISpro\, Parent Process Path=F:\Hispro\HISpro\HIS.exe, sysmon-terminalsessionid=2}",false,MAC_0001,MAC_0002,[REDACTED_DUPLICATE_PAYLOAD],3,27863,0,12,false,0:0:0:0:0:0:0:0,N/A,0,N/A,8110,"<13>Aug 09 09:17:06 10.0.0.27 AgentDevice=WindowsLog	AgentLogFile=Microsoft-Windows-Sysmon/Operational	PluginVersion=7.3.1.28	Source=Microsoft-Windows-Sysmon	Computer=EMR_APP_1_111	OriginatingComputer=EMR_APP_1_111	User=USER_0002	Domain=DOMAIN_0006.LOCAL	EventID=1	EventIDCode=1	EventType=4	EventCategory=1	RecordNumber=1372414575	TimeGenerated=1786241825	TimeWritten=1786241825	Level=Informational	Keywords=0x8000000000000000	Task=SysmonTask-SYSMON_CREATE_PROCESS	Opcode=Info	Message=Process Create: RuleName: - UtcTime: 2026-08-09 02:17:05.812 ProcessGuid: {5E5FB9E6-E321-6A77-80E4-020000003000} ProcessId: 64280 Image: F:\Hispro\HISpro\HLS.WCFClient.exe FileVersion: 203.0.0.12 Description: HLS.WCFClient Product: HLS.WCFClient Company: Microsoft OriginalFileName: HLS.WCFClient.exe CommandLine: ""F:\Hispro\HISpro\HLS.WCFClient.exe"" |AcsBaseUri|http://10.0.0.27:1401/|SdaBaseUri|http://10.0.0.27:1410/|SarBaseUri|http://10.0.0.27:1409/|MosBaseUri|http://10.0.0.27:1408/|ApplicationCode|HIS|TokenCode|21f33f4a09f028134e479dba730560f01ca6930b3c18c05ed2bb9abbbc46b106|CacheType|1|RedisSaveType|0|PreNamespaceFolder||isReloadAllCache|0 CurrentDirectory: F:\Hispro\HISpro\ User: DOMAIN_0071.LOCAL\USER_0030 LogonGuid: {5E5FB9E6-E5AA-6981-A0F0-560000000000} LogonId: 0x56F0A0 TerminalSessionId: 2 IntegrityLevel: High Hashes: SHA1=5819F95410DA6624FA8F214148CDC80C5901D419,MD5=CC5C79BE16BFE24469D44F5B0DE46E0F,SHA256=E8DBB3EF4534F5593EEE974CE1EB051E13D9550C13235188E25CA80833295D4C,IMPHASH=F34D5F2D4577ED6D9CEEC516C1F5A744 ParentProcessGuid: {5E5FB9E6-F446-6A43-98D6-010000003000} ParentProcessId: 16056 ParentImage: F:\Hispro\HISpro\HIS.exe ParentCommandLine: ""F:\Hispro\HISpro\HIS.exe""  ",Process Creation Success,N/A,1,0,unknown,N/A,Process Create,unknown,0,null,1786241825000,255,0,false,0,"true""""",Microsoft-Windows-Sysmon/Operational,HOST_0004,The process creation event provides extended information about a newly created process.,0,1786241836995,No Offense,255,HOST_0068 @ 10.0.0.27,false,3,false,N/A,10.0.0.27,false,1786241836995,5,NETWORK_0011,43,1,0,2,-1,HOST_0004,[REDACTED_DUPLICATE_PAYLOAD],USER_0002,5001828,false,null,N/A,"09:17:16, 9 thg 8, 2026","09:17:05, 9 thg 8, 2026",MAC_0002,HOST_0046,482,0,false,10.0.0.27,0,N/A,10.0.0.3,1,"09:17:16, 9 thg 8, 2026",0:0:0:0:0:0:0:0,N/A,null,"100221,100265,109237,109187,156193,166362,100272,134937,166353"
N/A,false,0,0,USER_0004,10.0.0.27,"{sysmon-eventid=1, Parent Process Name=HIS.exe, Pipe Name=N/A, File Directory=N/A, sysmon-processid=65240, channel=Microsoft-Windows-Sysmon/Operational, sysmon-username= DOMAIN_0071.LOCAL\USER_0030, Parent Command=""F:\Hispro\HISpro\HIS.exe"" , Object Name=N/A, Account Name=USER_0004, sysmon-currentdirectory=F:\Hispro\HISpro\, Target User Domain=DOMAIN_0001.LOCAL, Logon Account Name=USER_0004, Product Description=HLS.WCFClient, EventIDCode=1, Terminated Process Name=N/A, MD5 Hash=CC5C79BE16BFE24469D44F5B0DE46E0F, Filename=N/A, Key Length=N/A, sysmon-logonid=0x56F0A0, ProgramName=N/A, Process GUID=5E5FB9E6-E253-6A77-7FE4-020000003000, SHA1 Hash=5819F95410DA6624FA8F214148CDC80C5901D419, File Extension=N/A, Object Type=N/A, sysmon-hash=SHA1=5819F95410DA6624FA8F214148CDC80C5901D419,MD5=CC5C79BE16BFE24469D44F5B0DE46E0F,SHA256=E8DBB3EF4534F5593EEE974CE1EB051E13D9550C13235188E25CA80833295D4C,IMPHASH=F34D5F2D4577ED6D9CEEC516C1F5A744, SHA256 Hash=E8DBB3EF4534F5593EEE974CE1EB051E13D9550C13235188E25CA80833295D4C, Parent Process GUID=5E5FB9E6-F446-6A43-98D6-010000003000, Integrity Level=High, sysmon-parentimage=F:\Hispro\HISpro\HIS.exe, Description=Description: HLS.WCFClient Product, File Hash=5819F95410DA6624FA8F214148CDC80C5901D419, Token Elevation Type=N/A, Message=N/A, sysmon-rulename=-, Encoded Command=N/A, Logon Account Domain=DOMAIN_0001.LOCAL, Process Name=HLS.WCFClient.exe, Parent Process ID=16056, sysmon-parentcommandline=""F:\Hispro\HISpro\HIS.exe"", Logon Type=N/A, sysmon-integritylevel=High, sysmon-logonguid={5E5FB9E6-E5AA-6981-A0F0-560000000000}, Account Security ID=S-1-5-21-0002, Share Name=N/A, Authentication Package=N/A, sysmon-processguid={5E5FB9E6-E253-6A77-7FE4-020000003000}, Realm=DOMAIN_0001.LOCAL, Account ID=S-1-5-21-0002, sysmon-description=HLS.WCFClient, Process Path=F:\Hispro\HISpro\HLS.WCFClient.exe, Status Code=N/A, Product Name=HLS.WCFClient, User Domain=DOMAIN_0001.LOCAL, Encoded Argument=N/A, Target Username=USER_0004, Event ID=1, sysmon-parentprocessid=16056, Product Company=Microsoft, sysmon-fileversion=1.0.0.0, sysmon-parentprocessguid={5E5FB9E6-F446-6A43-98D6-010000003000}, sysmon-user=USER_0002, Command=""F:\Hispro\HISpro\HLS.WCFClient.exe"" |AcsBaseUri|http://10.0.0.27:1401/|SdaBaseUri|http://10.0.0.27:1410/|SarBaseUri|http://10.0.0.27:1409/|MosBaseUri|http://10.0.0.27:1408/|ApplicationCode|HIS|TokenCode|21f33f4a09f028134e479dba730560f01ca6930b3c18c05ed2bb9abbbc46b106|CacheType|1|RedisSaveType|0|PreNamespaceFolder||isReloadAllCache|0, sysmon-originalfilename=HLS.WCFClient.exe, Process ID=65240, sysmon-image=F:\Hispro\HISpro\HLS.WCFClient.exe, Machine Identifier=HOST_0067, Target Account Security ID=S-1-5-21-0002, sysmon-commandline=""F:\Hispro\HISpro\HLS.WCFClient.exe"" |AcsBaseUri|http://10.0.0.27:1401/|SdaBaseUri|http://10.0.0.27:1410/|SarBaseUri|http://10.0.0.27:1409/|MosBaseUri|http://10.0.0.27:1408/|ApplicationCode|HIS|TokenCode|21f33f4a09f028134e479dba730560f01ca6930b3c18c05ed2bb9abbbc46b106|CacheType|1|RedisSaveType|0|PreNamespaceFolder||isReloadAllCache|0, Device Name=HOST_0067, IMP Hash=F34D5F2D4577ED6D9CEEC516C1F5A744, Current Working Directory=F:\Hispro\HISpro\, Parent Process Path=F:\Hispro\HISpro\HIS.exe, sysmon-terminalsessionid=2}",false,MAC_0001,MAC_0002,[REDACTED_DUPLICATE_PAYLOAD],3,27863,0,12,false,0:0:0:0:0:0:0:0,N/A,0,N/A,8110,"<13>Aug 09 09:13:39 10.0.0.27 AgentDevice=WindowsLog	AgentLogFile=Microsoft-Windows-Sysmon/Operational	PluginVersion=7.3.1.28	Source=Microsoft-Windows-Sysmon	Computer=EMR_APP_1_111	OriginatingComputer=EMR_APP_1_111	User=USER_0002	Domain=DOMAIN_0006.LOCAL	EventID=1	EventIDCode=1	EventType=4	EventCategory=1	RecordNumber=1372410113	TimeGenerated=1786241619	TimeWritten=1786241619	Level=Informational	Keywords=0x8000000000000000	Task=SysmonTask-SYSMON_CREATE_PROCESS	Opcode=Info	Message=Process Create: RuleName: - UtcTime: 2026-08-09 02:13:39.736 ProcessGuid: {5E5FB9E6-E253-6A77-7FE4-020000003000} ProcessId: 65240 Image: F:\Hispro\HISpro\HLS.WCFClient.exe FileVersion: 203.0.0.12 Description: HLS.WCFClient Product: HLS.WCFClient Company: Microsoft OriginalFileName: HLS.WCFClient.exe CommandLine: ""F:\Hispro\HISpro\HLS.WCFClient.exe"" |AcsBaseUri|http://10.0.0.27:1401/|SdaBaseUri|http://10.0.0.27:1410/|SarBaseUri|http://10.0.0.27:1409/|MosBaseUri|http://10.0.0.27:1408/|ApplicationCode|HIS|TokenCode|21f33f4a09f028134e479dba730560f01ca6930b3c18c05ed2bb9abbbc46b106|CacheType|1|RedisSaveType|0|PreNamespaceFolder||isReloadAllCache|0 CurrentDirectory: F:\Hispro\HISpro\ User: DOMAIN_0071.LOCAL\USER_0030 LogonGuid: {5E5FB9E6-E5AA-6981-A0F0-560000000000} LogonId: 0x56F0A0 TerminalSessionId: 2 IntegrityLevel: High Hashes: SHA1=5819F95410DA6624FA8F214148CDC80C5901D419,MD5=CC5C79BE16BFE24469D44F5B0DE46E0F,SHA256=E8DBB3EF4534F5593EEE974CE1EB051E13D9550C13235188E25CA80833295D4C,IMPHASH=F34D5F2D4577ED6D9CEEC516C1F5A744 ParentProcessGuid: {5E5FB9E6-F446-6A43-98D6-010000003000} ParentProcessId: 16056 ParentImage: F:\Hispro\HISpro\HIS.exe ParentCommandLine: ""F:\Hispro\HISpro\HIS.exe""  ",Process Creation Success,N/A,1,0,unknown,N/A,Process Create,unknown,0,null,1786241619000,255,0,false,0,"true""""",Microsoft-Windows-Sysmon/Operational,HOST_0004,The process creation event provides extended information about a newly created process.,0,1786241616005,No Offense,255,HOST_0068 @ 10.0.0.27,false,3,false,N/A,10.0.0.27,false,1786241616005,5,NETWORK_0011,43,1,0,2,-1,HOST_0004,[REDACTED_DUPLICATE_PAYLOAD],USER_0002,5001828,false,null,N/A,"09:13:36, 9 thg 8, 2026","09:13:39, 9 thg 8, 2026",MAC_0002,HOST_0046,482,0,false,10.0.0.27,0,N/A,10.0.0.3,3,"09:13:36, 9 thg 8, 2026",0:0:0:0:0:0:0:0,N/A,null,"100221,100265,109237,109187,156193,166362,100272,134937,166353"
N/A,false,0,0,USER_0004,10.0.0.27,"{sysmon-eventid=1, Parent Process Name=HIS.exe, Pipe Name=N/A, File Directory=N/A, sysmon-processid=59412, channel=Microsoft-Windows-Sysmon/Operational, sysmon-username= DOMAIN_0071.LOCAL\USER_0030, Parent Command=""F:\Hispro\HISpro\HIS.exe"" , Object Name=N/A, Account Name=USER_0004, sysmon-currentdirectory=F:\Hispro\HISpro\, Target User Domain=DOMAIN_0001.LOCAL, Logon Account Name=USER_0004, Product Description=HLS.WCFClient, EventIDCode=1, Terminated Process Name=N/A, MD5 Hash=CC5C79BE16BFE24469D44F5B0DE46E0F, Filename=N/A, Key Length=N/A, sysmon-logonid=0x56F0A0, ProgramName=N/A, Process GUID=5E5FB9E6-E185-6A77-7BE4-020000003000, SHA1 Hash=5819F95410DA6624FA8F214148CDC80C5901D419, File Extension=N/A, Object Type=N/A, sysmon-hash=SHA1=5819F95410DA6624FA8F214148CDC80C5901D419,MD5=CC5C79BE16BFE24469D44F5B0DE46E0F,SHA256=E8DBB3EF4534F5593EEE974CE1EB051E13D9550C13235188E25CA80833295D4C,IMPHASH=F34D5F2D4577ED6D9CEEC516C1F5A744, SHA256 Hash=E8DBB3EF4534F5593EEE974CE1EB051E13D9550C13235188E25CA80833295D4C, Parent Process GUID=5E5FB9E6-F446-6A43-98D6-010000003000, Integrity Level=High, sysmon-parentimage=F:\Hispro\HISpro\HIS.exe, Description=Description: HLS.WCFClient Product, File Hash=5819F95410DA6624FA8F214148CDC80C5901D419, Token Elevation Type=N/A, Message=N/A, sysmon-rulename=-, Encoded Command=N/A, Logon Account Domain=DOMAIN_0001.LOCAL, Process Name=HLS.WCFClient.exe, Parent Process ID=16056, sysmon-parentcommandline=""F:\Hispro\HISpro\HIS.exe"", Logon Type=N/A, sysmon-integritylevel=High, sysmon-logonguid={5E5FB9E6-E5AA-6981-A0F0-560000000000}, Account Security ID=S-1-5-21-0002, Share Name=N/A, Authentication Package=N/A, sysmon-processguid={5E5FB9E6-E185-6A77-7BE4-020000003000}, Realm=DOMAIN_0001.LOCAL, Account ID=S-1-5-21-0002, sysmon-description=HLS.WCFClient, Process Path=F:\Hispro\HISpro\HLS.WCFClient.exe, Status Code=N/A, Product Name=HLS.WCFClient, User Domain=DOMAIN_0001.LOCAL, Encoded Argument=N/A, Target Username=USER_0004, Event ID=1, sysmon-parentprocessid=16056, Product Company=Microsoft, sysmon-fileversion=1.0.0.0, sysmon-parentprocessguid={5E5FB9E6-F446-6A43-98D6-010000003000}, sysmon-user=USER_0002, Command=""F:\Hispro\HISpro\HLS.WCFClient.exe"" |AcsBaseUri|http://10.0.0.27:1401/|SdaBaseUri|http://10.0.0.27:1410/|SarBaseUri|http://10.0.0.27:1409/|MosBaseUri|http://10.0.0.27:1408/|ApplicationCode|HIS|TokenCode|21f33f4a09f028134e479dba730560f01ca6930b3c18c05ed2bb9abbbc46b106|CacheType|1|RedisSaveType|0|PreNamespaceFolder||isReloadAllCache|0, sysmon-originalfilename=HLS.WCFClient.exe, Process ID=59412, sysmon-image=F:\Hispro\HISpro\HLS.WCFClient.exe, Machine Identifier=HOST_0067, Target Account Security ID=S-1-5-21-0002, sysmon-commandline=""F:\Hispro\HISpro\HLS.WCFClient.exe"" |AcsBaseUri|http://10.0.0.27:1401/|SdaBaseUri|http://10.0.0.27:1410/|SarBaseUri|http://10.0.0.27:1409/|MosBaseUri|http://10.0.0.27:1408/|ApplicationCode|HIS|TokenCode|21f33f4a09f028134e479dba730560f01ca6930b3c18c05ed2bb9abbbc46b106|CacheType|1|RedisSaveType|0|PreNamespaceFolder||isReloadAllCache|0, Device Name=HOST_0067, IMP Hash=F34D5F2D4577ED6D9CEEC516C1F5A744, Current Working Directory=F:\Hispro\HISpro\, Parent Process Path=F:\Hispro\HISpro\HIS.exe, sysmon-terminalsessionid=2}",false,MAC_0001,MAC_0002,[REDACTED_DUPLICATE_PAYLOAD],3,27863,0,12,false,0:0:0:0:0:0:0:0,N/A,0,N/A,8110,"<13>Aug 09 09:10:15 10.0.0.27 AgentDevice=WindowsLog	AgentLogFile=Microsoft-Windows-Sysmon/Operational	PluginVersion=7.3.1.28	Source=Microsoft-Windows-Sysmon	Computer=EMR_APP_1_111	OriginatingComputer=EMR_APP_1_111	User=USER_0002	Domain=DOMAIN_0006.LOCAL	EventID=1	EventIDCode=1	EventType=4	EventCategory=1	RecordNumber=1372405690	TimeGenerated=1786241413	TimeWritten=1786241413	Level=Informational	Keywords=0x8000000000000000	Task=SysmonTask-SYSMON_CREATE_PROCESS	Opcode=Info	Message=Process Create: RuleName: - UtcTime: 2026-08-09 02:10:13.667 ProcessGuid: {5E5FB9E6-E185-6A77-7BE4-020000003000} ProcessId: 59412 Image: F:\Hispro\HISpro\HLS.WCFClient.exe FileVersion: 203.0.0.12 Description: HLS.WCFClient Product: HLS.WCFClient Company: Microsoft OriginalFileName: HLS.WCFClient.exe CommandLine: ""F:\Hispro\HISpro\HLS.WCFClient.exe"" |AcsBaseUri|http://10.0.0.27:1401/|SdaBaseUri|http://10.0.0.27:1410/|SarBaseUri|http://10.0.0.27:1409/|MosBaseUri|http://10.0.0.27:1408/|ApplicationCode|HIS|TokenCode|21f33f4a09f028134e479dba730560f01ca6930b3c18c05ed2bb9abbbc46b106|CacheType|1|RedisSaveType|0|PreNamespaceFolder||isReloadAllCache|0 CurrentDirectory: F:\Hispro\HISpro\ User: DOMAIN_0071.LOCAL\USER_0030 LogonGuid: {5E5FB9E6-E5AA-6981-A0F0-560000000000} LogonId: 0x56F0A0 TerminalSessionId: 2 IntegrityLevel: High Hashes: SHA1=5819F95410DA6624FA8F214148CDC80C5901D419,MD5=CC5C79BE16BFE24469D44F5B0DE46E0F,SHA256=E8DBB3EF4534F5593EEE974CE1EB051E13D9550C13235188E25CA80833295D4C,IMPHASH=F34D5F2D4577ED6D9CEEC516C1F5A744 ParentProcessGuid: {5E5FB9E6-F446-6A43-98D6-010000003000} ParentProcessId: 16056 ParentImage: F:\Hispro\HISpro\HIS.exe ParentCommandLine: ""F:\Hispro\HISpro\HIS.exe""  ",Process Creation Success,N/A,1,0,unknown,N/A,Process Create,unknown,0,null,1786241413000,255,0,false,0,"true""""",Microsoft-Windows-Sysmon/Operational,HOST_0004,The process creation event provides extended information about a newly created process.,0,1786241426992,No Offense,255,HOST_0068 @ 10.0.0.27,false,3,false,N/A,10.0.0.27,false,1786241426992,5,NETWORK_0011,43,1,0,2,-1,HOST_0004,[REDACTED_DUPLICATE_PAYLOAD],USER_0002,5001828,false,null,N/A,"09:10:26, 9 thg 8, 2026","09:10:13, 9 thg 8, 2026",MAC_0002,HOST_0046,482,0,false,10.0.0.27,0,N/A,10.0.0.3,1,"09:10:26, 9 thg 8, 2026",0:0:0:0:0:0:0:0,N/A,null,"100221,100265,109237,109187,156193,166362,100272,134937,166353"
N/A,false,0,0,USER_0004,10.0.0.27,"{sysmon-eventid=1, Parent Process Name=cmd.exe, Pipe Name=N/A, File Directory=N/A, sysmon-processid=61820, channel=Microsoft-Windows-Sysmon/Operational, sysmon-username= NT DOMAIN_0008.LOCAL\USER_0002, Parent Command=C:\Windows\system32\cmd.exe /c cscript //nologo %windir%\system32\slmgr.vbs /dli 2>&1, Object Name=N/A, Account Name=USER_0004, sysmon-currentdirectory=C:\Windows\system32\, Target User Domain=DOMAIN_0001.LOCAL, Logon Account Name=USER_0004, Product Description=Microsoft ® Console Based Script Host, EventIDCode=1, Terminated Process Name=N/A, MD5 Hash=9578AFF0AC49AAADB5A028B9B6D13C6E, Filename=N/A, Key Length=N/A, sysmon-logonid=0x3E7, ProgramName=N/A, Process GUID=5E5FB9E6-E11B-6A77-7AE4-020000003000, SHA1 Hash=D67986B9CFE1397EBE27E16D9852B52AEE9B95C6, File Extension=N/A, Object Type=N/A, sysmon-hash=SHA1=D67986B9CFE1397EBE27E16D9852B52AEE9B95C6,MD5=9578AFF0AC49AAADB5A028B9B6D13C6E,SHA256=67A0A3413A99DFFD421992E2AD6DECBF4A78C3E063F414201B5D2232AE96B0F7,IMPHASH=77838A7D26CC1C7050C41CF6165BAD0E, SHA256 Hash=67A0A3413A99DFFD421992E2AD6DECBF4A78C3E063F414201B5D2232AE96B0F7, Parent Process GUID=5E5FB9E6-E11B-6A77-78E4-020000003000, Integrity Level=System, sysmon-parentimage=C:\Windows\System32\cmd.exe, Description=Description: Microsoft ® Console Based Script Host Product, File Hash=D67986B9CFE1397EBE27E16D9852B52AEE9B95C6, Token Elevation Type=N/A, Message=N/A, sysmon-rulename=-, Encoded Command=N/A, Logon Account Domain=DOMAIN_0001.LOCAL, Process Name=cscript.exe, Parent Process ID=45352, sysmon-parentcommandline=C:\Windows\system32\cmd.exe /c cscript //nologo %windir%\system32\slmgr.vbs /dli 2>&1, Logon Type=N/A, sysmon-integritylevel=System, sysmon-logonguid={5E5FB9E6-DEE1-6981-E703-000000000000}, Account Security ID=S-1-5-21-0002, Share Name=N/A, Authentication Package=N/A, sysmon-processguid={5E5FB9E6-E11B-6A77-7AE4-020000003000}, Realm=DOMAIN_0001.LOCAL, Account ID=S-1-5-21-0002, sysmon-description=Microsoft ® Console Based Script Host, Process Path=C:\Windows\System32\cscript.exe, Status Code=N/A, Product Name=Microsoft ® Windows Script Host, User Domain=DOMAIN_0001.LOCAL, Encoded Argument=N/A, Target Username=USER_0004, Event ID=1, sysmon-parentprocessid=45352, Product Company=Microsoft Corporation, sysmon-fileversion=5.812.10240.16384, sysmon-parentprocessguid={5E5FB9E6-E11B-6A77-78E4-020000003000}, sysmon-user=USER_0002, Command=cscript  //nologo C:\Windows\system32\slmgr.vbs /dli , sysmon-originalfilename=cscript.exe, Process ID=61820, sysmon-image=C:\Windows\System32\cscript.exe, Machine Identifier=HOST_0067, Target Account Security ID=S-1-5-21-0002, sysmon-commandline=cscript  //nologo C:\Windows\system32\slmgr.vbs /dli , Device Name=HOST_0067, IMP Hash=77838A7D26CC1C7050C41CF6165BAD0E, Current Working Directory=C:\Windows\system32\, Parent Process Path=C:\Windows\System32\cmd.exe, sysmon-terminalsessionid=0}",false,MAC_0001,MAC_0002,[REDACTED_DUPLICATE_PAYLOAD],3,27863,0,12,false,0:0:0:0:0:0:0:0,N/A,0,N/A,8110,"<13>Aug 09 09:08:30 10.0.0.27 AgentDevice=WindowsLog	AgentLogFile=Microsoft-Windows-Sysmon/Operational	PluginVersion=7.3.1.28	Source=Microsoft-Windows-Sysmon	Computer=EMR_APP_1_111	OriginatingComputer=EMR_APP_1_111	User=USER_0002	Domain=DOMAIN_0006.LOCAL	EventID=1	EventIDCode=1	EventType=4	EventCategory=1	RecordNumber=1372403396	TimeGenerated=1786241307	TimeWritten=1786241307	Level=Informational	Keywords=0x8000000000000000	Task=SysmonTask-SYSMON_CREATE_PROCESS	Opcode=Info	Message=Process Create: RuleName: - UtcTime: 2026-08-09 02:08:27.958 ProcessGuid: {5E5FB9E6-E11B-6A77-7AE4-020000003000} ProcessId: 61820 Image: C:\Windows\System32\cscript.exe FileVersion: 5.812.10240.16384 Description: Microsoft ® Console Based Script Host Product: Microsoft ® Windows Script Host Company: Microsoft Corporation OriginalFileName: cscript.exe CommandLine: cscript  //nologo C:\Windows\system32\slmgr.vbs /dli  CurrentDirectory: C:\Windows\system32\ User: NT DOMAIN_0008.LOCAL\USER_0002 LogonGuid: {5E5FB9E6-DEE1-6981-E703-000000000000} LogonId: 0x3E7 TerminalSessionId: 0 IntegrityLevel: System Hashes: SHA1=D67986B9CFE1397EBE27E16D9852B52AEE9B95C6,MD5=9578AFF0AC49AAADB5A028B9B6D13C6E,SHA256=67A0A3413A99DFFD421992E2AD6DECBF4A78C3E063F414201B5D2232AE96B0F7,IMPHASH=77838A7D26CC1C7050C41CF6165BAD0E ParentProcessGuid: {5E5FB9E6-E11B-6A77-78E4-020000003000} ParentProcessId: 45352 ParentImage: C:\Windows\System32\cmd.exe ParentCommandLine: C:\Windows\system32\cmd.exe /c cscript //nologo %windir%\system32\slmgr.vbs /dli 2>&1 ",Process Creation Success,N/A,1,0,unknown,N/A,Process Create,unknown,0,null,1786241307000,255,0,false,0,"true""""",Microsoft-Windows-Sysmon/Operational,HOST_0004,The process creation event provides extended information about a newly created process.,0,1786241319994,No Offense,255,HOST_0068 @ 10.0.0.27,false,3,false,N/A,10.0.0.27,false,1786241319994,5,NETWORK_0011,43,1,0,2,-1,HOST_0004,[REDACTED_DUPLICATE_PAYLOAD],USER_0002,5001828,false,null,N/A,"09:08:39, 9 thg 8, 2026","09:08:27, 9 thg 8, 2026",MAC_0002,HOST_0046,482,0,false,10.0.0.27,0,N/A,10.0.0.3,2,"09:08:39, 9 thg 8, 2026",0:0:0:0:0:0:0:0,N/A,null,"100221,100265,109237,109187,100668,156193,146162,166362,100272,100677,134937,166353"
N/A,false,0,0,USER_0004,10.0.0.27,"{sysmon-eventid=1, Parent Process Name=HIS.exe, Pipe Name=N/A, File Directory=N/A, sysmon-processid=59108, channel=Microsoft-Windows-Sysmon/Operational, sysmon-username= DOMAIN_0071.LOCAL\USER_0030, Parent Command=""F:\Hispro\HISpro\HIS.exe"" , Object Name=N/A, Account Name=USER_0004, sysmon-currentdirectory=F:\Hispro\HISpro\, Target User Domain=DOMAIN_0001.LOCAL, Logon Account Name=USER_0004, Product Description=HLS.WCFClient, EventIDCode=1, Terminated Process Name=N/A, MD5 Hash=CC5C79BE16BFE24469D44F5B0DE46E0F, Filename=N/A, Key Length=N/A, sysmon-logonid=0x56F0A0, ProgramName=N/A, Process GUID=5E5FB9E6-E0B7-6A77-77E4-020000003000, SHA1 Hash=5819F95410DA6624FA8F214148CDC80C5901D419, File Extension=N/A, Object Type=N/A, sysmon-hash=SHA1=5819F95410DA6624FA8F214148CDC80C5901D419,MD5=CC5C79BE16BFE24469D44F5B0DE46E0F,SHA256=E8DBB3EF4534F5593EEE974CE1EB051E13D9550C13235188E25CA80833295D4C,IMPHASH=F34D5F2D4577ED6D9CEEC516C1F5A744, SHA256 Hash=E8DBB3EF4534F5593EEE974CE1EB051E13D9550C13235188E25CA80833295D4C, Parent Process GUID=5E5FB9E6-F446-6A43-98D6-010000003000, Integrity Level=High, sysmon-parentimage=F:\Hispro\HISpro\HIS.exe, Description=Description: HLS.WCFClient Product, File Hash=5819F95410DA6624FA8F214148CDC80C5901D419, Token Elevation Type=N/A, Message=N/A, sysmon-rulename=-, Encoded Command=N/A, Logon Account Domain=DOMAIN_0001.LOCAL, Process Name=HLS.WCFClient.exe, Parent Process ID=16056, sysmon-parentcommandline=""F:\Hispro\HISpro\HIS.exe"", Logon Type=N/A, sysmon-integritylevel=High, sysmon-logonguid={5E5FB9E6-E5AA-6981-A0F0-560000000000}, Account Security ID=S-1-5-21-0002, Share Name=N/A, Authentication Package=N/A, sysmon-processguid={5E5FB9E6-E0B7-6A77-77E4-020000003000}, Realm=DOMAIN_0001.LOCAL, Account ID=S-1-5-21-0002, sysmon-description=HLS.WCFClient, Process Path=F:\Hispro\HISpro\HLS.WCFClient.exe, Status Code=N/A, Product Name=HLS.WCFClient, User Domain=DOMAIN_0001.LOCAL, Encoded Argument=N/A, Target Username=USER_0004, Event ID=1, sysmon-parentprocessid=16056, Product Company=Microsoft, sysmon-fileversion=1.0.0.0, sysmon-parentprocessguid={5E5FB9E6-F446-6A43-98D6-010000003000}, sysmon-user=USER_0002, Command=""F:\Hispro\HISpro\HLS.WCFClient.exe"" |AcsBaseUri|http://10.0.0.27:1401/|SdaBaseUri|http://10.0.0.27:1410/|SarBaseUri|http://10.0.0.27:1409/|MosBaseUri|http://10.0.0.27:1408/|ApplicationCode|HIS|TokenCode|21f33f4a09f028134e479dba730560f01ca6930b3c18c05ed2bb9abbbc46b106|CacheType|1|RedisSaveType|0|PreNamespaceFolder||isReloadAllCache|0, sysmon-originalfilename=HLS.WCFClient.exe, Process ID=59108, sysmon-image=F:\Hispro\HISpro\HLS.WCFClient.exe, Machine Identifier=HOST_0067, Target Account Security ID=S-1-5-21-0002, sysmon-commandline=""F:\Hispro\HISpro\HLS.WCFClient.exe"" |AcsBaseUri|http://10.0.0.27:1401/|SdaBaseUri|http://10.0.0.27:1410/|SarBaseUri|http://10.0.0.27:1409/|MosBaseUri|http://10.0.0.27:1408/|ApplicationCode|HIS|TokenCode|21f33f4a09f028134e479dba730560f01ca6930b3c18c05ed2bb9abbbc46b106|CacheType|1|RedisSaveType|0|PreNamespaceFolder||isReloadAllCache|0, Device Name=HOST_0067, IMP Hash=F34D5F2D4577ED6D9CEEC516C1F5A744, Current Working Directory=F:\Hispro\HISpro\, Parent Process Path=F:\Hispro\HISpro\HIS.exe, sysmon-terminalsessionid=2}",false,MAC_0001,MAC_0002,[REDACTED_DUPLICATE_PAYLOAD],3,27863,0,12,false,0:0:0:0:0:0:0:0,N/A,0,N/A,8110,"<13>Aug 09 09:06:48 10.0.0.27 AgentDevice=WindowsLog	AgentLogFile=Microsoft-Windows-Sysmon/Operational	PluginVersion=7.3.1.28	Source=Microsoft-Windows-Sysmon	Computer=EMR_APP_1_111	OriginatingComputer=EMR_APP_1_111	User=USER_0002	Domain=DOMAIN_0006.LOCAL	EventID=1	EventIDCode=1	EventType=4	EventCategory=1	RecordNumber=1372401087	TimeGenerated=1786241207	TimeWritten=1786241207	Level=Informational	Keywords=0x8000000000000000	Task=SysmonTask-SYSMON_CREATE_PROCESS	Opcode=Info	Message=Process Create: RuleName: - UtcTime: 2026-08-09 02:06:47.597 ProcessGuid: {5E5FB9E6-E0B7-6A77-77E4-020000003000} ProcessId: 59108 Image: F:\Hispro\HISpro\HLS.WCFClient.exe FileVersion: 203.0.0.12 Description: HLS.WCFClient Product: HLS.WCFClient Company: Microsoft OriginalFileName: HLS.WCFClient.exe CommandLine: ""F:\Hispro\HISpro\HLS.WCFClient.exe"" |AcsBaseUri|http://10.0.0.27:1401/|SdaBaseUri|http://10.0.0.27:1410/|SarBaseUri|http://10.0.0.27:1409/|MosBaseUri|http://10.0.0.27:1408/|ApplicationCode|HIS|TokenCode|21f33f4a09f028134e479dba730560f01ca6930b3c18c05ed2bb9abbbc46b106|CacheType|1|RedisSaveType|0|PreNamespaceFolder||isReloadAllCache|0 CurrentDirectory: F:\Hispro\HISpro\ User: DOMAIN_0071.LOCAL\USER_0030 LogonGuid: {5E5FB9E6-E5AA-6981-A0F0-560000000000} LogonId: 0x56F0A0 TerminalSessionId: 2 IntegrityLevel: High Hashes: SHA1=5819F95410DA6624FA8F214148CDC80C5901D419,MD5=CC5C79BE16BFE24469D44F5B0DE46E0F,SHA256=E8DBB3EF4534F5593EEE974CE1EB051E13D9550C13235188E25CA80833295D4C,IMPHASH=F34D5F2D4577ED6D9CEEC516C1F5A744 ParentProcessGuid: {5E5FB9E6-F446-6A43-98D6-010000003000} ParentProcessId: 16056 ParentImage: F:\Hispro\HISpro\HIS.exe ParentCommandLine: ""F:\Hispro\HISpro\HIS.exe""  ",Process Creation Success,N/A,1,0,unknown,N/A,Process Create,unknown,0,null,1786241207000,255,0,false,0,"true""""",Microsoft-Windows-Sysmon/Operational,HOST_0004,The process creation event provides extended information about a newly created process.,0,1786241214992,No Offense,255,HOST_0068 @ 10.0.0.27,false,3,false,N/A,10.0.0.27,false,1786241274992,5,NETWORK_0011,43,1,0,2,-1,HOST_0004,[REDACTED_DUPLICATE_PAYLOAD],USER_0002,5001828,false,null,N/A,"09:06:54, 9 thg 8, 2026","09:06:47, 9 thg 8, 2026",MAC_0002,HOST_0046,482,0,false,10.0.0.27,0,N/A,10.0.0.3,1,"09:07:54, 9 thg 8, 2026",0:0:0:0:0:0:0:0,N/A,null,"100221,100265,109237,109187,156193,166362,100272,134937,166353"
N/A,false,0,0,USER_0004,10.0.0.27,"{sysmon-eventid=1, Parent Process Name=cmd.exe, Pipe Name=N/A, File Directory=N/A, sysmon-processid=20580, channel=Microsoft-Windows-Sysmon/Operational, sysmon-username= NT DOMAIN_0008.LOCAL\USER_0002, Parent Command=C:\Windows\system32\cmd.exe /c cscript //nologo %windir%\system32\slmgr.vbs /dli 2>&1, Object Name=N/A, Account Name=USER_0004, sysmon-currentdirectory=C:\Windows\system32\, Target User Domain=DOMAIN_0001.LOCAL, Logon Account Name=USER_0004, Product Description=Microsoft ® Console Based Script Host, EventIDCode=1, Terminated Process Name=N/A, MD5 Hash=9578AFF0AC49AAADB5A028B9B6D13C6E, Filename=N/A, Key Length=N/A, sysmon-logonid=0x3E7, ProgramName=N/A, Process GUID=5E5FB9E6-DFEE-6A77-76E4-020000003000, SHA1 Hash=D67986B9CFE1397EBE27E16D9852B52AEE9B95C6, File Extension=N/A, Object Type=N/A, sysmon-hash=SHA1=D67986B9CFE1397EBE27E16D9852B52AEE9B95C6,MD5=9578AFF0AC49AAADB5A028B9B6D13C6E,SHA256=67A0A3413A99DFFD421992E2AD6DECBF4A78C3E063F414201B5D2232AE96B0F7,IMPHASH=77838A7D26CC1C7050C41CF6165BAD0E, SHA256 Hash=67A0A3413A99DFFD421992E2AD6DECBF4A78C3E063F414201B5D2232AE96B0F7, Parent Process GUID=5E5FB9E6-DFED-6A77-74E4-020000003000, Integrity Level=System, sysmon-parentimage=C:\Windows\System32\cmd.exe, Description=Description: Microsoft ® Console Based Script Host Product, File Hash=D67986B9CFE1397EBE27E16D9852B52AEE9B95C6, Token Elevation Type=N/A, Message=N/A, sysmon-rulename=-, Encoded Command=N/A, Logon Account Domain=DOMAIN_0001.LOCAL, Process Name=cscript.exe, Parent Process ID=59864, sysmon-parentcommandline=C:\Windows\system32\cmd.exe /c cscript //nologo %windir%\system32\slmgr.vbs /dli 2>&1, Logon Type=N/A, sysmon-integritylevel=System, sysmon-logonguid={5E5FB9E6-DEE1-6981-E703-000000000000}, Account Security ID=S-1-5-21-0002, Share Name=N/A, Authentication Package=N/A, sysmon-processguid={5E5FB9E6-DFEE-6A77-76E4-020000003000}, Realm=DOMAIN_0001.LOCAL, Account ID=S-1-5-21-0002, sysmon-description=Microsoft ® Console Based Script Host, Process Path=C:\Windows\System32\cscript.exe, Status Code=N/A, Product Name=Microsoft ® Windows Script Host, User Domain=DOMAIN_0001.LOCAL, Encoded Argument=N/A, Target Username=USER_0004, Event ID=1, sysmon-parentprocessid=59864, Product Company=Microsoft Corporation, sysmon-fileversion=5.812.10240.16384, sysmon-parentprocessguid={5E5FB9E6-DFED-6A77-74E4-020000003000}, sysmon-user=USER_0002, Command=cscript  //nologo C:\Windows\system32\slmgr.vbs /dli , sysmon-originalfilename=cscript.exe, Process ID=20580, sysmon-image=C:\Windows\System32\cscript.exe, Machine Identifier=HOST_0067, Target Account Security ID=S-1-5-21-0002, sysmon-commandline=cscript  //nologo C:\Windows\system32\slmgr.vbs /dli , Device Name=HOST_0067, IMP Hash=77838A7D26CC1C7050C41CF6165BAD0E, Current Working Directory=C:\Windows\system32\, Parent Process Path=C:\Windows\System32\cmd.exe, sysmon-terminalsessionid=0}",false,MAC_0001,MAC_0002,[REDACTED_DUPLICATE_PAYLOAD],3,27863,0,12,false,0:0:0:0:0:0:0:0,N/A,0,N/A,8110,"<13>Aug 09 09:03:27 10.0.0.27 AgentDevice=WindowsLog	AgentLogFile=Microsoft-Windows-Sysmon/Operational	PluginVersion=7.3.1.28	Source=Microsoft-Windows-Sysmon	Computer=EMR_APP_1_111	OriginatingComputer=EMR_APP_1_111	User=USER_0002	Domain=DOMAIN_0006.LOCAL	EventID=1	EventIDCode=1	EventType=4	EventCategory=1	RecordNumber=1372396759	TimeGenerated=1786241006	TimeWritten=1786241006	Level=Informational	Keywords=0x8000000000000000	Task=SysmonTask-SYSMON_CREATE_PROCESS	Opcode=Info	Message=Process Create: RuleName: - UtcTime: 2026-08-09 02:03:26.053 ProcessGuid: {5E5FB9E6-DFEE-6A77-76E4-020000003000} ProcessId: 20580 Image: C:\Windows\System32\cscript.exe FileVersion: 5.812.10240.16384 Description: Microsoft ® Console Based Script Host Product: Microsoft ® Windows Script Host Company: Microsoft Corporation OriginalFileName: cscript.exe CommandLine: cscript  //nologo C:\Windows\system32\slmgr.vbs /dli  CurrentDirectory: C:\Windows\system32\ User: NT DOMAIN_0008.LOCAL\USER_0002 LogonGuid: {5E5FB9E6-DEE1-6981-E703-000000000000} LogonId: 0x3E7 TerminalSessionId: 0 IntegrityLevel: System Hashes: SHA1=D67986B9CFE1397EBE27E16D9852B52AEE9B95C6,MD5=9578AFF0AC49AAADB5A028B9B6D13C6E,SHA256=67A0A3413A99DFFD421992E2AD6DECBF4A78C3E063F414201B5D2232AE96B0F7,IMPHASH=77838A7D26CC1C7050C41CF6165BAD0E ParentProcessGuid: {5E5FB9E6-DFED-6A77-74E4-020000003000} ParentProcessId: 59864 ParentImage: C:\Windows\System32\cmd.exe ParentCommandLine: C:\Windows\system32\cmd.exe /c cscript //nologo %windir%\system32\slmgr.vbs /dli 2>&1 ",Process Creation Success,N/A,1,0,unknown,N/A,Process Create,unknown,0,null,1786241006000,255,0,false,0,"true""""",Microsoft-Windows-Sysmon/Operational,HOST_0004,The process creation event provides extended information about a newly created process.,0,1786241014997,No Offense,255,HOST_0068 @ 10.0.0.27,false,3,false,N/A,10.0.0.27,false,1786241014997,5,NETWORK_0011,43,1,0,2,-1,HOST_0004,[REDACTED_DUPLICATE_PAYLOAD],USER_0002,5001828,false,null,N/A,"09:03:34, 9 thg 8, 2026","09:03:26, 9 thg 8, 2026",MAC_0002,HOST_0046,482,0,false,10.0.0.27,0,N/A,10.0.0.3,3,"09:03:34, 9 thg 8, 2026",0:0:0:0:0:0:0:0,N/A,null,"100221,100265,109237,109187,100668,156193,146162,166362,100272,100677,134937,166353"
