N/A,false,0,0,USER_0004,10.0.0.27,"{sysmon-eventid=1, Parent Process Name=HIS.exe, Pipe Name=N/A, File Directory=N/A, sysmon-processid=37120, channel=Microsoft-Windows-Sysmon/Operational, sysmon-username= DOMAIN_0071.LOCAL\USER_0030, Parent Command=""F:\Hispro\HISpro\HIS.exe"" , Object Name=N/A, Account Name=USER_0004, sysmon-currentdirectory=F:\Hispro\HISpro\, Target User Domain=DOMAIN_0001.LOCAL, Logon Account Name=USER_0004, Product Description=HLS.WCFClient, EventIDCode=1, Terminated Process Name=N/A, MD5 Hash=CC5C79BE16BFE24469D44F5B0DE46E0F, Filename=N/A, Key Length=N/A, sysmon-logonid=0x56F0A0, ProgramName=N/A, Process GUID=5E5FB9E6-EF34-6A77-B3E4-020000003000, SHA1 Hash=5819F95410DA6624FA8F214148CDC80C5901D419, File Extension=N/A, Object Type=N/A, sysmon-hash=SHA1=5819F95410DA6624FA8F214148CDC80C5901D419,MD5=CC5C79BE16BFE24469D44F5B0DE46E0F,SHA256=E8DBB3EF4534F5593EEE974CE1EB051E13D9550C13235188E25CA80833295D4C,IMPHASH=F34D5F2D4577ED6D9CEEC516C1F5A744, SHA256 Hash=E8DBB3EF4534F5593EEE974CE1EB051E13D9550C13235188E25CA80833295D4C, Parent Process GUID=5E5FB9E6-F446-6A43-98D6-010000003000, Integrity Level=High, sysmon-parentimage=F:\Hispro\HISpro\HIS.exe, Description=Description: HLS.WCFClient Product, File Hash=5819F95410DA6624FA8F214148CDC80C5901D419, Token Elevation Type=N/A, Message=N/A, sysmon-rulename=-, Encoded Command=N/A, Logon Account Domain=DOMAIN_0001.LOCAL, Process Name=HLS.WCFClient.exe, Parent Process ID=16056, sysmon-parentcommandline=""F:\Hispro\HISpro\HIS.exe"", Logon Type=N/A, sysmon-integritylevel=High, sysmon-logonguid={5E5FB9E6-E5AA-6981-A0F0-560000000000}, Account Security ID=S-1-5-21-0002, Share Name=N/A, Authentication Package=N/A, sysmon-processguid={5E5FB9E6-EF34-6A77-B3E4-020000003000}, Realm=DOMAIN_0001.LOCAL, Account ID=S-1-5-21-0002, sysmon-description=HLS.WCFClient, Process Path=F:\Hispro\HISpro\HLS.WCFClient.exe, Status Code=N/A, Product Name=HLS.WCFClient, User Domain=DOMAIN_0001.LOCAL, Encoded Argument=N/A, Target Username=USER_0004, Event ID=1, sysmon-parentprocessid=16056, Product Company=Microsoft, sysmon-fileversion=1.0.0.0, sysmon-parentprocessguid={5E5FB9E6-F446-6A43-98D6-010000003000}, sysmon-user=USER_0002, Command=""F:\Hispro\HISpro\HLS.WCFClient.exe"" |AcsBaseUri|http://10.0.0.27:1401/|SdaBaseUri|http://10.0.0.27:1410/|SarBaseUri|http://10.0.0.27:1409/|MosBaseUri|http://10.0.0.27:1408/|ApplicationCode|HIS|TokenCode|21f33f4a09f028134e479dba730560f01ca6930b3c18c05ed2bb9abbbc46b106|CacheType|1|RedisSaveType|0|PreNamespaceFolder||isReloadAllCache|0, sysmon-originalfilename=HLS.WCFClient.exe, Process ID=37120, sysmon-image=F:\Hispro\HISpro\HLS.WCFClient.exe, Machine Identifier=HOST_0067, Target Account Security ID=S-1-5-21-0002, sysmon-commandline=""F:\Hispro\HISpro\HLS.WCFClient.exe"" |AcsBaseUri|http://10.0.0.27:1401/|SdaBaseUri|http://10.0.0.27:1410/|SarBaseUri|http://10.0.0.27:1409/|MosBaseUri|http://10.0.0.27:1408/|ApplicationCode|HIS|TokenCode|21f33f4a09f028134e479dba730560f01ca6930b3c18c05ed2bb9abbbc46b106|CacheType|1|RedisSaveType|0|PreNamespaceFolder||isReloadAllCache|0, Device Name=HOST_0067, IMP Hash=F34D5F2D4577ED6D9CEEC516C1F5A744, Current Working Directory=F:\Hispro\HISpro\, Parent Process Path=F:\Hispro\HISpro\HIS.exe, sysmon-terminalsessionid=2}",false,MAC_0001,MAC_0002,[REDACTED_DUPLICATE_PAYLOAD],3,27863,0,12,false,0:0:0:0:0:0:0:0,N/A,0,N/A,8110,"<13>Aug 09 10:08:39 10.0.0.27 AgentDevice=WindowsLog	AgentLogFile=Microsoft-Windows-Sysmon/Operational	PluginVersion=7.3.1.28	Source=Microsoft-Windows-Sysmon	Computer=EMR_APP_1_111	OriginatingComputer=EMR_APP_1_111	User=USER_0002	Domain=DOMAIN_0006.LOCAL	EventID=1	EventIDCode=1	EventType=4	EventCategory=1	RecordNumber=1372483583	TimeGenerated=1786244916	TimeWritten=1786244916	Level=Informational	Keywords=0x8000000000000000	Task=SysmonTask-SYSMON_CREATE_PROCESS	Opcode=Info	Message=Process Create: RuleName: - UtcTime: 2026-08-09 03:08:36.872 ProcessGuid: {5E5FB9E6-EF34-6A77-B3E4-020000003000} ProcessId: 37120 Image: F:\Hispro\HISpro\HLS.WCFClient.exe FileVersion: 203.0.0.12 Description: HLS.WCFClient Product: HLS.WCFClient Company: Microsoft OriginalFileName: HLS.WCFClient.exe CommandLine: ""F:\Hispro\HISpro\HLS.WCFClient.exe"" |AcsBaseUri|http://10.0.0.27:1401/|SdaBaseUri|http://10.0.0.27:1410/|SarBaseUri|http://10.0.0.27:1409/|MosBaseUri|http://10.0.0.27:1408/|ApplicationCode|HIS|TokenCode|21f33f4a09f028134e479dba730560f01ca6930b3c18c05ed2bb9abbbc46b106|CacheType|1|RedisSaveType|0|PreNamespaceFolder||isReloadAllCache|0 CurrentDirectory: F:\Hispro\HISpro\ User: DOMAIN_0071.LOCAL\USER_0030 LogonGuid: {5E5FB9E6-E5AA-6981-A0F0-560000000000} LogonId: 0x56F0A0 TerminalSessionId: 2 IntegrityLevel: High Hashes: SHA1=5819F95410DA6624FA8F214148CDC80C5901D419,MD5=CC5C79BE16BFE24469D44F5B0DE46E0F,SHA256=E8DBB3EF4534F5593EEE974CE1EB051E13D9550C13235188E25CA80833295D4C,IMPHASH=F34D5F2D4577ED6D9CEEC516C1F5A744 ParentProcessGuid: {5E5FB9E6-F446-6A43-98D6-010000003000} ParentProcessId: 16056 ParentImage: F:\Hispro\HISpro\HIS.exe ParentCommandLine: ""F:\Hispro\HISpro\HIS.exe""  ",Process Creation Success,N/A,1,0,unknown,N/A,Process Create,unknown,0,null,1786244916000,255,0,false,0,"true""""",Microsoft-Windows-Sysmon/Operational,HOST_0004,The process creation event provides extended information about a newly created process.,0,1786244921019,No Offense,255,HOST_0068 @ 10.0.0.27,false,3,false,N/A,10.0.0.27,false,1786244921019,5,NETWORK_0011,43,1,0,2,-1,HOST_0004,[REDACTED_DUPLICATE_PAYLOAD],USER_0002,5001828,false,null,N/A,"10:08:41, 9 thg 8, 2026","10:08:36, 9 thg 8, 2026",MAC_0002,HOST_0046,482,0,false,10.0.0.27,0,N/A,10.0.0.3,1,"10:08:41, 9 thg 8, 2026",0:0:0:0:0:0:0:0,N/A,null,"100221,100265,109237,109187,156193,166362,100272,134937,166353"
N/A,false,0,0,USER_0004,10.0.0.27,"{sysmon-eventid=1, Parent Process Name=HIS.exe, Pipe Name=N/A, File Directory=N/A, sysmon-processid=15028, channel=Microsoft-Windows-Sysmon/Operational, sysmon-username= DOMAIN_0071.LOCAL\USER_0030, Parent Command=""F:\Hispro\HISpro\HIS.exe"" , Object Name=N/A, Account Name=USER_0004, sysmon-currentdirectory=F:\Hispro\HISpro\, Target User Domain=DOMAIN_0001.LOCAL, Logon Account Name=USER_0004, Product Description=HLS.WCFClient, EventIDCode=1, Terminated Process Name=N/A, MD5 Hash=CC5C79BE16BFE24469D44F5B0DE46E0F, Filename=N/A, Key Length=N/A, sysmon-logonid=0x56F0A0, ProgramName=N/A, Process GUID=5E5FB9E6-EE66-6A77-B2E4-020000003000, SHA1 Hash=5819F95410DA6624FA8F214148CDC80C5901D419, File Extension=N/A, Object Type=N/A, sysmon-hash=SHA1=5819F95410DA6624FA8F214148CDC80C5901D419,MD5=CC5C79BE16BFE24469D44F5B0DE46E0F,SHA256=E8DBB3EF4534F5593EEE974CE1EB051E13D9550C13235188E25CA80833295D4C,IMPHASH=F34D5F2D4577ED6D9CEEC516C1F5A744, SHA256 Hash=E8DBB3EF4534F5593EEE974CE1EB051E13D9550C13235188E25CA80833295D4C, Parent Process GUID=5E5FB9E6-F446-6A43-98D6-010000003000, Integrity Level=High, sysmon-parentimage=F:\Hispro\HISpro\HIS.exe, Description=Description: HLS.WCFClient Product, File Hash=5819F95410DA6624FA8F214148CDC80C5901D419, Token Elevation Type=N/A, Message=N/A, sysmon-rulename=-, Encoded Command=N/A, Logon Account Domain=DOMAIN_0001.LOCAL, Process Name=HLS.WCFClient.exe, Parent Process ID=16056, sysmon-parentcommandline=""F:\Hispro\HISpro\HIS.exe"", Logon Type=N/A, sysmon-integritylevel=High, sysmon-logonguid={5E5FB9E6-E5AA-6981-A0F0-560000000000}, Account Security ID=S-1-5-21-0002, Share Name=N/A, Authentication Package=N/A, sysmon-processguid={5E5FB9E6-EE66-6A77-B2E4-020000003000}, Realm=DOMAIN_0001.LOCAL, Account ID=S-1-5-21-0002, sysmon-description=HLS.WCFClient, Process Path=F:\Hispro\HISpro\HLS.WCFClient.exe, Status Code=N/A, Product Name=HLS.WCFClient, User Domain=DOMAIN_0001.LOCAL, Encoded Argument=N/A, Target Username=USER_0004, Event ID=1, sysmon-parentprocessid=16056, Product Company=Microsoft, sysmon-fileversion=1.0.0.0, sysmon-parentprocessguid={5E5FB9E6-F446-6A43-98D6-010000003000}, sysmon-user=USER_0002, Command=""F:\Hispro\HISpro\HLS.WCFClient.exe"" |AcsBaseUri|http://10.0.0.27:1401/|SdaBaseUri|http://10.0.0.27:1410/|SarBaseUri|http://10.0.0.27:1409/|MosBaseUri|http://10.0.0.27:1408/|ApplicationCode|HIS|TokenCode|21f33f4a09f028134e479dba730560f01ca6930b3c18c05ed2bb9abbbc46b106|CacheType|1|RedisSaveType|0|PreNamespaceFolder||isReloadAllCache|0, sysmon-originalfilename=HLS.WCFClient.exe, Process ID=15028, sysmon-image=F:\Hispro\HISpro\HLS.WCFClient.exe, Machine Identifier=HOST_0067, Target Account Security ID=S-1-5-21-0002, sysmon-commandline=""F:\Hispro\HISpro\HLS.WCFClient.exe"" |AcsBaseUri|http://10.0.0.27:1401/|SdaBaseUri|http://10.0.0.27:1410/|SarBaseUri|http://10.0.0.27:1409/|MosBaseUri|http://10.0.0.27:1408/|ApplicationCode|HIS|TokenCode|21f33f4a09f028134e479dba730560f01ca6930b3c18c05ed2bb9abbbc46b106|CacheType|1|RedisSaveType|0|PreNamespaceFolder||isReloadAllCache|0, Device Name=HOST_0067, IMP Hash=F34D5F2D4577ED6D9CEEC516C1F5A744, Current Working Directory=F:\Hispro\HISpro\, Parent Process Path=F:\Hispro\HISpro\HIS.exe, sysmon-terminalsessionid=2}",false,MAC_0001,MAC_0002,[REDACTED_DUPLICATE_PAYLOAD],3,27863,0,12,false,0:0:0:0:0:0:0:0,N/A,0,N/A,8110,"<13>Aug 09 10:05:12 10.0.0.27 AgentDevice=WindowsLog	AgentLogFile=Microsoft-Windows-Sysmon/Operational	PluginVersion=7.3.1.28	Source=Microsoft-Windows-Sysmon	Computer=EMR_APP_1_111	OriginatingComputer=EMR_APP_1_111	User=USER_0002	Domain=DOMAIN_0006.LOCAL	EventID=1	EventIDCode=1	EventType=4	EventCategory=1	RecordNumber=1372479071	TimeGenerated=1786244710	TimeWritten=1786244710	Level=Informational	Keywords=0x8000000000000000	Task=SysmonTask-SYSMON_CREATE_PROCESS	Opcode=Info	Message=Process Create: RuleName: - UtcTime: 2026-08-09 03:05:10.803 ProcessGuid: {5E5FB9E6-EE66-6A77-B2E4-020000003000} ProcessId: 15028 Image: F:\Hispro\HISpro\HLS.WCFClient.exe FileVersion: 203.0.0.12 Description: HLS.WCFClient Product: HLS.WCFClient Company: Microsoft OriginalFileName: HLS.WCFClient.exe CommandLine: ""F:\Hispro\HISpro\HLS.WCFClient.exe"" |AcsBaseUri|http://10.0.0.27:1401/|SdaBaseUri|http://10.0.0.27:1410/|SarBaseUri|http://10.0.0.27:1409/|MosBaseUri|http://10.0.0.27:1408/|ApplicationCode|HIS|TokenCode|21f33f4a09f028134e479dba730560f01ca6930b3c18c05ed2bb9abbbc46b106|CacheType|1|RedisSaveType|0|PreNamespaceFolder||isReloadAllCache|0 CurrentDirectory: F:\Hispro\HISpro\ User: DOMAIN_0071.LOCAL\USER_0030 LogonGuid: {5E5FB9E6-E5AA-6981-A0F0-560000000000} LogonId: 0x56F0A0 TerminalSessionId: 2 IntegrityLevel: High Hashes: SHA1=5819F95410DA6624FA8F214148CDC80C5901D419,MD5=CC5C79BE16BFE24469D44F5B0DE46E0F,SHA256=E8DBB3EF4534F5593EEE974CE1EB051E13D9550C13235188E25CA80833295D4C,IMPHASH=F34D5F2D4577ED6D9CEEC516C1F5A744 ParentProcessGuid: {5E5FB9E6-F446-6A43-98D6-010000003000} ParentProcessId: 16056 ParentImage: F:\Hispro\HISpro\HIS.exe ParentCommandLine: ""F:\Hispro\HISpro\HIS.exe""  ",Process Creation Success,N/A,1,0,unknown,N/A,Process Create,unknown,0,null,1786244710000,255,0,false,0,"true""""",Microsoft-Windows-Sysmon/Operational,HOST_0004,The process creation event provides extended information about a newly created process.,0,1786244719995,No Offense,255,HOST_0068 @ 10.0.0.27,false,3,false,N/A,10.0.0.27,false,1786244719995,5,NETWORK_0011,43,1,0,2,-1,HOST_0004,[REDACTED_DUPLICATE_PAYLOAD],USER_0002,5001828,false,null,N/A,"10:05:19, 9 thg 8, 2026","10:05:10, 9 thg 8, 2026",MAC_0002,HOST_0046,482,0,false,10.0.0.27,0,N/A,10.0.0.3,1,"10:05:19, 9 thg 8, 2026",0:0:0:0:0:0:0:0,N/A,null,"100221,100265,109237,109187,156193,166362,100272,134937,166353"
N/A,false,0,0,USER_0004,10.0.0.27,"{sysmon-eventid=1, Parent Process Name=cmd.exe, Pipe Name=N/A, File Directory=N/A, sysmon-processid=44968, channel=Microsoft-Windows-Sysmon/Operational, sysmon-username= NT DOMAIN_0008.LOCAL\USER_0002, Parent Command=C:\Windows\system32\cmd.exe /c cscript //nologo %windir%\system32\slmgr.vbs /dli 2>&1, Object Name=N/A, Account Name=USER_0004, sysmon-currentdirectory=C:\Windows\system32\, Target User Domain=DOMAIN_0001.LOCAL, Logon Account Name=USER_0004, Product Description=Microsoft ® Console Based Script Host, EventIDCode=1, Terminated Process Name=N/A, MD5 Hash=9578AFF0AC49AAADB5A028B9B6D13C6E, Filename=N/A, Key Length=N/A, sysmon-logonid=0x3E7, ProgramName=N/A, Process GUID=5E5FB9E6-EE14-6A77-B1E4-020000003000, SHA1 Hash=D67986B9CFE1397EBE27E16D9852B52AEE9B95C6, File Extension=N/A, Object Type=N/A, sysmon-hash=SHA1=D67986B9CFE1397EBE27E16D9852B52AEE9B95C6,MD5=9578AFF0AC49AAADB5A028B9B6D13C6E,SHA256=67A0A3413A99DFFD421992E2AD6DECBF4A78C3E063F414201B5D2232AE96B0F7,IMPHASH=77838A7D26CC1C7050C41CF6165BAD0E, SHA256 Hash=67A0A3413A99DFFD421992E2AD6DECBF4A78C3E063F414201B5D2232AE96B0F7, Parent Process GUID=5E5FB9E6-EE14-6A77-AFE4-020000003000, Integrity Level=System, sysmon-parentimage=C:\Windows\System32\cmd.exe, Description=Description: Microsoft ® Console Based Script Host Product, File Hash=D67986B9CFE1397EBE27E16D9852B52AEE9B95C6, Token Elevation Type=N/A, Message=N/A, sysmon-rulename=-, Encoded Command=N/A, Logon Account Domain=DOMAIN_0001.LOCAL, Process Name=cscript.exe, Parent Process ID=8820, sysmon-parentcommandline=C:\Windows\system32\cmd.exe /c cscript //nologo %windir%\system32\slmgr.vbs /dli 2>&1, Logon Type=N/A, sysmon-integritylevel=System, sysmon-logonguid={5E5FB9E6-DEE1-6981-E703-000000000000}, Account Security ID=S-1-5-21-0002, Share Name=N/A, Authentication Package=N/A, sysmon-processguid={5E5FB9E6-EE14-6A77-B1E4-020000003000}, Realm=DOMAIN_0001.LOCAL, Account ID=S-1-5-21-0002, sysmon-description=Microsoft ® Console Based Script Host, Process Path=C:\Windows\System32\cscript.exe, Status Code=N/A, Product Name=Microsoft ® Windows Script Host, User Domain=DOMAIN_0001.LOCAL, Encoded Argument=N/A, Target Username=USER_0004, Event ID=1, sysmon-parentprocessid=8820, Product Company=Microsoft Corporation, sysmon-fileversion=5.812.10240.16384, sysmon-parentprocessguid={5E5FB9E6-EE14-6A77-AFE4-020000003000}, sysmon-user=USER_0002, Command=cscript  //nologo C:\Windows\system32\slmgr.vbs /dli , sysmon-originalfilename=cscript.exe, Process ID=44968, sysmon-image=C:\Windows\System32\cscript.exe, Machine Identifier=HOST_0067, Target Account Security ID=S-1-5-21-0002, sysmon-commandline=cscript  //nologo C:\Windows\system32\slmgr.vbs /dli , Device Name=HOST_0067, IMP Hash=77838A7D26CC1C7050C41CF6165BAD0E, Current Working Directory=C:\Windows\system32\, Parent Process Path=C:\Windows\System32\cmd.exe, sysmon-terminalsessionid=0}",false,MAC_0001,MAC_0002,[REDACTED_DUPLICATE_PAYLOAD],3,27863,0,12,false,0:0:0:0:0:0:0:0,N/A,0,N/A,8110,"<13>Aug 09 10:03:51 10.0.0.27 AgentDevice=WindowsLog	AgentLogFile=Microsoft-Windows-Sysmon/Operational	PluginVersion=7.3.1.28	Source=Microsoft-Windows-Sysmon	Computer=EMR_APP_1_111	OriginatingComputer=EMR_APP_1_111	User=USER_0002	Domain=DOMAIN_0006.LOCAL	EventID=1	EventIDCode=1	EventType=4	EventCategory=1	RecordNumber=1372477094	TimeGenerated=1786244628	TimeWritten=1786244628	Level=Informational	Keywords=0x8000000000000000	Task=SysmonTask-SYSMON_CREATE_PROCESS	Opcode=Info	Message=Process Create: RuleName: - UtcTime: 2026-08-09 03:03:48.666 ProcessGuid: {5E5FB9E6-EE14-6A77-B1E4-020000003000} ProcessId: 44968 Image: C:\Windows\System32\cscript.exe FileVersion: 5.812.10240.16384 Description: Microsoft ® Console Based Script Host Product: Microsoft ® Windows Script Host Company: Microsoft Corporation OriginalFileName: cscript.exe CommandLine: cscript  //nologo C:\Windows\system32\slmgr.vbs /dli  CurrentDirectory: C:\Windows\system32\ User: NT DOMAIN_0008.LOCAL\USER_0002 LogonGuid: {5E5FB9E6-DEE1-6981-E703-000000000000} LogonId: 0x3E7 TerminalSessionId: 0 IntegrityLevel: System Hashes: SHA1=D67986B9CFE1397EBE27E16D9852B52AEE9B95C6,MD5=9578AFF0AC49AAADB5A028B9B6D13C6E,SHA256=67A0A3413A99DFFD421992E2AD6DECBF4A78C3E063F414201B5D2232AE96B0F7,IMPHASH=77838A7D26CC1C7050C41CF6165BAD0E ParentProcessGuid: {5E5FB9E6-EE14-6A77-AFE4-020000003000} ParentProcessId: 8820 ParentImage: C:\Windows\System32\cmd.exe ParentCommandLine: C:\Windows\system32\cmd.exe /c cscript //nologo %windir%\system32\slmgr.vbs /dli 2>&1 ",Process Creation Success,N/A,1,0,unknown,N/A,Process Create,unknown,0,null,1786244628000,255,0,false,0,"true""""",Microsoft-Windows-Sysmon/Operational,HOST_0004,The process creation event provides extended information about a newly created process.,0,1786244635999,No Offense,255,HOST_0068 @ 10.0.0.27,false,3,false,N/A,10.0.0.27,false,1786244695999,5,NETWORK_0011,43,1,0,2,-1,HOST_0004,[REDACTED_DUPLICATE_PAYLOAD],USER_0002,5001828,false,null,N/A,"10:03:55, 9 thg 8, 2026","10:03:48, 9 thg 8, 2026",MAC_0002,HOST_0046,482,0,false,10.0.0.27,0,N/A,10.0.0.3,2,"10:04:55, 9 thg 8, 2026",0:0:0:0:0:0:0:0,N/A,null,"100221,100265,109237,109187,100668,156193,146162,166362,100272,100677,134937,166353"
N/A,false,0,0,USER_0004,10.0.0.27,"{sysmon-eventid=1, Parent Process Name=HIS.exe, Pipe Name=N/A, File Directory=N/A, sysmon-processid=49848, channel=Microsoft-Windows-Sysmon/Operational, sysmon-username= DOMAIN_0071.LOCAL\USER_0030, Parent Command=""F:\Hispro\HISpro\HIS.exe"" , Object Name=N/A, Account Name=USER_0004, sysmon-currentdirectory=F:\Hispro\HISpro\, Target User Domain=DOMAIN_0001.LOCAL, Logon Account Name=USER_0004, Product Description=HLS.WCFClient, EventIDCode=1, Terminated Process Name=N/A, MD5 Hash=CC5C79BE16BFE24469D44F5B0DE46E0F, Filename=N/A, Key Length=N/A, sysmon-logonid=0x56F0A0, ProgramName=N/A, Process GUID=5E5FB9E6-ED98-6A77-AEE4-020000003000, SHA1 Hash=5819F95410DA6624FA8F214148CDC80C5901D419, File Extension=N/A, Object Type=N/A, sysmon-hash=SHA1=5819F95410DA6624FA8F214148CDC80C5901D419,MD5=CC5C79BE16BFE24469D44F5B0DE46E0F,SHA256=E8DBB3EF4534F5593EEE974CE1EB051E13D9550C13235188E25CA80833295D4C,IMPHASH=F34D5F2D4577ED6D9CEEC516C1F5A744, SHA256 Hash=E8DBB3EF4534F5593EEE974CE1EB051E13D9550C13235188E25CA80833295D4C, Parent Process GUID=5E5FB9E6-F446-6A43-98D6-010000003000, Integrity Level=High, sysmon-parentimage=F:\Hispro\HISpro\HIS.exe, Description=Description: HLS.WCFClient Product, File Hash=5819F95410DA6624FA8F214148CDC80C5901D419, Token Elevation Type=N/A, Message=N/A, sysmon-rulename=-, Encoded Command=N/A, Logon Account Domain=DOMAIN_0001.LOCAL, Process Name=HLS.WCFClient.exe, Parent Process ID=16056, sysmon-parentcommandline=""F:\Hispro\HISpro\HIS.exe"", Logon Type=N/A, sysmon-integritylevel=High, sysmon-logonguid={5E5FB9E6-E5AA-6981-A0F0-560000000000}, Account Security ID=S-1-5-21-0002, Share Name=N/A, Authentication Package=N/A, sysmon-processguid={5E5FB9E6-ED98-6A77-AEE4-020000003000}, Realm=DOMAIN_0001.LOCAL, Account ID=S-1-5-21-0002, sysmon-description=HLS.WCFClient, Process Path=F:\Hispro\HISpro\HLS.WCFClient.exe, Status Code=N/A, Product Name=HLS.WCFClient, User Domain=DOMAIN_0001.LOCAL, Encoded Argument=N/A, Target Username=USER_0004, Event ID=1, sysmon-parentprocessid=16056, Product Company=Microsoft, sysmon-fileversion=1.0.0.0, sysmon-parentprocessguid={5E5FB9E6-F446-6A43-98D6-010000003000}, sysmon-user=USER_0002, Command=""F:\Hispro\HISpro\HLS.WCFClient.exe"" |AcsBaseUri|http://10.0.0.27:1401/|SdaBaseUri|http://10.0.0.27:1410/|SarBaseUri|http://10.0.0.27:1409/|MosBaseUri|http://10.0.0.27:1408/|ApplicationCode|HIS|TokenCode|21f33f4a09f028134e479dba730560f01ca6930b3c18c05ed2bb9abbbc46b106|CacheType|1|RedisSaveType|0|PreNamespaceFolder||isReloadAllCache|0, sysmon-originalfilename=HLS.WCFClient.exe, Process ID=49848, sysmon-image=F:\Hispro\HISpro\HLS.WCFClient.exe, Machine Identifier=HOST_0067, Target Account Security ID=S-1-5-21-0002, sysmon-commandline=""F:\Hispro\HISpro\HLS.WCFClient.exe"" |AcsBaseUri|http://10.0.0.27:1401/|SdaBaseUri|http://10.0.0.27:1410/|SarBaseUri|http://10.0.0.27:1409/|MosBaseUri|http://10.0.0.27:1408/|ApplicationCode|HIS|TokenCode|21f33f4a09f028134e479dba730560f01ca6930b3c18c05ed2bb9abbbc46b106|CacheType|1|RedisSaveType|0|PreNamespaceFolder||isReloadAllCache|0, Device Name=HOST_0067, IMP Hash=F34D5F2D4577ED6D9CEEC516C1F5A744, Current Working Directory=F:\Hispro\HISpro\, Parent Process Path=F:\Hispro\HISpro\HIS.exe, sysmon-terminalsessionid=2}",false,MAC_0001,MAC_0002,[REDACTED_DUPLICATE_PAYLOAD],3,27863,0,12,false,0:0:0:0:0:0:0:0,N/A,0,N/A,8110,"<13>Aug 09 10:01:45 10.0.0.27 AgentDevice=WindowsLog	AgentLogFile=Microsoft-Windows-Sysmon/Operational	PluginVersion=7.3.1.28	Source=Microsoft-Windows-Sysmon	Computer=EMR_APP_1_111	OriginatingComputer=EMR_APP_1_111	User=USER_0002	Domain=DOMAIN_0006.LOCAL	EventID=1	EventIDCode=1	EventType=4	EventCategory=1	RecordNumber=1372474305	TimeGenerated=1786244504	TimeWritten=1786244504	Level=Informational	Keywords=0x8000000000000000	Task=SysmonTask-SYSMON_CREATE_PROCESS	Opcode=Info	Message=Process Create: RuleName: - UtcTime: 2026-08-09 03:01:44.727 ProcessGuid: {5E5FB9E6-ED98-6A77-AEE4-020000003000} ProcessId: 49848 Image: F:\Hispro\HISpro\HLS.WCFClient.exe FileVersion: 203.0.0.12 Description: HLS.WCFClient Product: HLS.WCFClient Company: Microsoft OriginalFileName: HLS.WCFClient.exe CommandLine: ""F:\Hispro\HISpro\HLS.WCFClient.exe"" |AcsBaseUri|http://10.0.0.27:1401/|SdaBaseUri|http://10.0.0.27:1410/|SarBaseUri|http://10.0.0.27:1409/|MosBaseUri|http://10.0.0.27:1408/|ApplicationCode|HIS|TokenCode|21f33f4a09f028134e479dba730560f01ca6930b3c18c05ed2bb9abbbc46b106|CacheType|1|RedisSaveType|0|PreNamespaceFolder||isReloadAllCache|0 CurrentDirectory: F:\Hispro\HISpro\ User: DOMAIN_0071.LOCAL\USER_0030 LogonGuid: {5E5FB9E6-E5AA-6981-A0F0-560000000000} LogonId: 0x56F0A0 TerminalSessionId: 2 IntegrityLevel: High Hashes: SHA1=5819F95410DA6624FA8F214148CDC80C5901D419,MD5=CC5C79BE16BFE24469D44F5B0DE46E0F,SHA256=E8DBB3EF4534F5593EEE974CE1EB051E13D9550C13235188E25CA80833295D4C,IMPHASH=F34D5F2D4577ED6D9CEEC516C1F5A744 ParentProcessGuid: {5E5FB9E6-F446-6A43-98D6-010000003000} ParentProcessId: 16056 ParentImage: F:\Hispro\HISpro\HIS.exe ParentCommandLine: ""F:\Hispro\HISpro\HIS.exe""  ",Process Creation Success,N/A,1,0,unknown,N/A,Process Create,unknown,0,null,1786244504000,255,0,false,0,"true""""",Microsoft-Windows-Sysmon/Operational,HOST_0004,The process creation event provides extended information about a newly created process.,0,1786244509104,No Offense,255,HOST_0068 @ 10.0.0.27,false,3,false,N/A,10.0.0.27,false,1786244509104,5,NETWORK_0011,43,1,0,2,-1,HOST_0004,[REDACTED_DUPLICATE_PAYLOAD],USER_0002,5001828,false,null,N/A,"10:01:49, 9 thg 8, 2026","10:01:44, 9 thg 8, 2026",MAC_0002,HOST_0046,482,0,false,10.0.0.27,0,N/A,10.0.0.3,1,"10:01:49, 9 thg 8, 2026",0:0:0:0:0:0:0:0,N/A,null,"100221,100265,109237,109187,156193,166362,100272,134937,166353"
N/A,false,0,0,USER_0004,10.0.0.27,"{sysmon-eventid=1, Parent Process Name=cmd.exe, Pipe Name=N/A, File Directory=N/A, sysmon-processid=63816, channel=Microsoft-Windows-Sysmon/Operational, sysmon-username= NT DOMAIN_0008.LOCAL\USER_0002, Parent Command=C:\Windows\system32\cmd.exe /c cscript //nologo %windir%\system32\slmgr.vbs /dli 2>&1, Object Name=N/A, Account Name=USER_0004, sysmon-currentdirectory=C:\Windows\system32\, Target User Domain=DOMAIN_0001.LOCAL, Logon Account Name=USER_0004, Product Description=Microsoft ® Console Based Script Host, EventIDCode=1, Terminated Process Name=N/A, MD5 Hash=9578AFF0AC49AAADB5A028B9B6D13C6E, Filename=N/A, Key Length=N/A, sysmon-logonid=0x3E7, ProgramName=N/A, Process GUID=5E5FB9E6-ECE6-6A77-ADE4-020000003000, SHA1 Hash=D67986B9CFE1397EBE27E16D9852B52AEE9B95C6, File Extension=N/A, Object Type=N/A, sysmon-hash=SHA1=D67986B9CFE1397EBE27E16D9852B52AEE9B95C6,MD5=9578AFF0AC49AAADB5A028B9B6D13C6E,SHA256=67A0A3413A99DFFD421992E2AD6DECBF4A78C3E063F414201B5D2232AE96B0F7,IMPHASH=77838A7D26CC1C7050C41CF6165BAD0E, SHA256 Hash=67A0A3413A99DFFD421992E2AD6DECBF4A78C3E063F414201B5D2232AE96B0F7, Parent Process GUID=5E5FB9E6-ECE6-6A77-ABE4-020000003000, Integrity Level=System, sysmon-parentimage=C:\Windows\System32\cmd.exe, Description=Description: Microsoft ® Console Based Script Host Product, File Hash=D67986B9CFE1397EBE27E16D9852B52AEE9B95C6, Token Elevation Type=N/A, Message=N/A, sysmon-rulename=-, Encoded Command=N/A, Logon Account Domain=DOMAIN_0001.LOCAL, Process Name=cscript.exe, Parent Process ID=33348, sysmon-parentcommandline=C:\Windows\system32\cmd.exe /c cscript //nologo %windir%\system32\slmgr.vbs /dli 2>&1, Logon Type=N/A, sysmon-integritylevel=System, sysmon-logonguid={5E5FB9E6-DEE1-6981-E703-000000000000}, Account Security ID=S-1-5-21-0002, Share Name=N/A, Authentication Package=N/A, sysmon-processguid={5E5FB9E6-ECE6-6A77-ADE4-020000003000}, Realm=DOMAIN_0001.LOCAL, Account ID=S-1-5-21-0002, sysmon-description=Microsoft ® Console Based Script Host, Process Path=C:\Windows\System32\cscript.exe, Status Code=N/A, Product Name=Microsoft ® Windows Script Host, User Domain=DOMAIN_0001.LOCAL, Encoded Argument=N/A, Target Username=USER_0004, Event ID=1, sysmon-parentprocessid=33348, Product Company=Microsoft Corporation, sysmon-fileversion=5.812.10240.16384, sysmon-parentprocessguid={5E5FB9E6-ECE6-6A77-ABE4-020000003000}, sysmon-user=USER_0002, Command=cscript  //nologo C:\Windows\system32\slmgr.vbs /dli , sysmon-originalfilename=cscript.exe, Process ID=63816, sysmon-image=C:\Windows\System32\cscript.exe, Machine Identifier=HOST_0067, Target Account Security ID=S-1-5-21-0002, sysmon-commandline=cscript  //nologo C:\Windows\system32\slmgr.vbs /dli , Device Name=HOST_0067, IMP Hash=77838A7D26CC1C7050C41CF6165BAD0E, Current Working Directory=C:\Windows\system32\, Parent Process Path=C:\Windows\System32\cmd.exe, sysmon-terminalsessionid=0}",false,MAC_0001,MAC_0002,[REDACTED_DUPLICATE_PAYLOAD],3,27863,0,12,false,0:0:0:0:0:0:0:0,N/A,0,N/A,8110,"<13>Aug 09 09:58:48 10.0.0.27 AgentDevice=WindowsLog	AgentLogFile=Microsoft-Windows-Sysmon/Operational	PluginVersion=7.3.1.28	Source=Microsoft-Windows-Sysmon	Computer=EMR_APP_1_111	OriginatingComputer=EMR_APP_1_111	User=USER_0002	Domain=DOMAIN_0006.LOCAL	EventID=1	EventIDCode=1	EventType=4	EventCategory=1	RecordNumber=1372470348	TimeGenerated=1786244326	TimeWritten=1786244326	Level=Informational	Keywords=0x8000000000000000	Task=SysmonTask-SYSMON_CREATE_PROCESS	Opcode=Info	Message=Process Create: RuleName: - UtcTime: 2026-08-09 02:58:46.811 ProcessGuid: {5E5FB9E6-ECE6-6A77-ADE4-020000003000} ProcessId: 63816 Image: C:\Windows\System32\cscript.exe FileVersion: 5.812.10240.16384 Description: Microsoft ® Console Based Script Host Product: Microsoft ® Windows Script Host Company: Microsoft Corporation OriginalFileName: cscript.exe CommandLine: cscript  //nologo C:\Windows\system32\slmgr.vbs /dli  CurrentDirectory: C:\Windows\system32\ User: NT DOMAIN_0008.LOCAL\USER_0002 LogonGuid: {5E5FB9E6-DEE1-6981-E703-000000000000} LogonId: 0x3E7 TerminalSessionId: 0 IntegrityLevel: System Hashes: SHA1=D67986B9CFE1397EBE27E16D9852B52AEE9B95C6,MD5=9578AFF0AC49AAADB5A028B9B6D13C6E,SHA256=67A0A3413A99DFFD421992E2AD6DECBF4A78C3E063F414201B5D2232AE96B0F7,IMPHASH=77838A7D26CC1C7050C41CF6165BAD0E ParentProcessGuid: {5E5FB9E6-ECE6-6A77-ABE4-020000003000} ParentProcessId: 33348 ParentImage: C:\Windows\System32\cmd.exe ParentCommandLine: C:\Windows\system32\cmd.exe /c cscript //nologo %windir%\system32\slmgr.vbs /dli 2>&1 ",Process Creation Success,N/A,1,0,unknown,N/A,Process Create,unknown,0,null,1786244326000,255,0,false,0,"true""""",Microsoft-Windows-Sysmon/Operational,HOST_0004,The process creation event provides extended information about a newly created process.,0,1786244332107,No Offense,255,HOST_0068 @ 10.0.0.27,false,3,false,N/A,10.0.0.27,false,1786244392107,5,NETWORK_0011,43,1,0,2,-1,HOST_0004,[REDACTED_DUPLICATE_PAYLOAD],USER_0002,5001828,false,null,N/A,"09:58:52, 9 thg 8, 2026","09:58:46, 9 thg 8, 2026",MAC_0002,HOST_0046,482,0,false,10.0.0.27,0,N/A,10.0.0.3,2,"09:59:52, 9 thg 8, 2026",0:0:0:0:0:0:0:0,N/A,null,"100221,100265,109237,109187,100668,156193,146162,166362,100272,100677,134937,166353"
N/A,false,0,0,USER_0004,10.0.0.27,"{sysmon-eventid=1, Parent Process Name=HIS.exe, Pipe Name=N/A, File Directory=N/A, sysmon-processid=23580, channel=Microsoft-Windows-Sysmon/Operational, sysmon-username= DOMAIN_0071.LOCAL\USER_0030, Parent Command=""F:\Hispro\HISpro\HIS.exe"" , Object Name=N/A, Account Name=USER_0004, sysmon-currentdirectory=F:\Hispro\HISpro\, Target User Domain=DOMAIN_0001.LOCAL, Logon Account Name=USER_0004, Product Description=HLS.WCFClient, EventIDCode=1, Terminated Process Name=N/A, MD5 Hash=CC5C79BE16BFE24469D44F5B0DE46E0F, Filename=N/A, Key Length=N/A, sysmon-logonid=0x56F0A0, ProgramName=N/A, Process GUID=5E5FB9E6-ECCA-6A77-AAE4-020000003000, SHA1 Hash=5819F95410DA6624FA8F214148CDC80C5901D419, File Extension=N/A, Object Type=N/A, sysmon-hash=SHA1=5819F95410DA6624FA8F214148CDC80C5901D419,MD5=CC5C79BE16BFE24469D44F5B0DE46E0F,SHA256=E8DBB3EF4534F5593EEE974CE1EB051E13D9550C13235188E25CA80833295D4C,IMPHASH=F34D5F2D4577ED6D9CEEC516C1F5A744, SHA256 Hash=E8DBB3EF4534F5593EEE974CE1EB051E13D9550C13235188E25CA80833295D4C, Parent Process GUID=5E5FB9E6-F446-6A43-98D6-010000003000, Integrity Level=High, sysmon-parentimage=F:\Hispro\HISpro\HIS.exe, Description=Description: HLS.WCFClient Product, File Hash=5819F95410DA6624FA8F214148CDC80C5901D419, Token Elevation Type=N/A, Message=N/A, sysmon-rulename=-, Encoded Command=N/A, Logon Account Domain=DOMAIN_0001.LOCAL, Process Name=HLS.WCFClient.exe, Parent Process ID=16056, sysmon-parentcommandline=""F:\Hispro\HISpro\HIS.exe"", Logon Type=N/A, sysmon-integritylevel=High, sysmon-logonguid={5E5FB9E6-E5AA-6981-A0F0-560000000000}, Account Security ID=S-1-5-21-0002, Share Name=N/A, Authentication Package=N/A, sysmon-processguid={5E5FB9E6-ECCA-6A77-AAE4-020000003000}, Realm=DOMAIN_0001.LOCAL, Account ID=S-1-5-21-0002, sysmon-description=HLS.WCFClient, Process Path=F:\Hispro\HISpro\HLS.WCFClient.exe, Status Code=N/A, Product Name=HLS.WCFClient, User Domain=DOMAIN_0001.LOCAL, Encoded Argument=N/A, Target Username=USER_0004, Event ID=1, sysmon-parentprocessid=16056, Product Company=Microsoft, sysmon-fileversion=1.0.0.0, sysmon-parentprocessguid={5E5FB9E6-F446-6A43-98D6-010000003000}, sysmon-user=USER_0002, Command=""F:\Hispro\HISpro\HLS.WCFClient.exe"" |AcsBaseUri|http://10.0.0.27:1401/|SdaBaseUri|http://10.0.0.27:1410/|SarBaseUri|http://10.0.0.27:1409/|MosBaseUri|http://10.0.0.27:1408/|ApplicationCode|HIS|TokenCode|21f33f4a09f028134e479dba730560f01ca6930b3c18c05ed2bb9abbbc46b106|CacheType|1|RedisSaveType|0|PreNamespaceFolder||isReloadAllCache|0, sysmon-originalfilename=HLS.WCFClient.exe, Process ID=23580, sysmon-image=F:\Hispro\HISpro\HLS.WCFClient.exe, Machine Identifier=HOST_0067, Target Account Security ID=S-1-5-21-0002, sysmon-commandline=""F:\Hispro\HISpro\HLS.WCFClient.exe"" |AcsBaseUri|http://10.0.0.27:1401/|SdaBaseUri|http://10.0.0.27:1410/|SarBaseUri|http://10.0.0.27:1409/|MosBaseUri|http://10.0.0.27:1408/|ApplicationCode|HIS|TokenCode|21f33f4a09f028134e479dba730560f01ca6930b3c18c05ed2bb9abbbc46b106|CacheType|1|RedisSaveType|0|PreNamespaceFolder||isReloadAllCache|0, Device Name=HOST_0067, IMP Hash=F34D5F2D4577ED6D9CEEC516C1F5A744, Current Working Directory=F:\Hispro\HISpro\, Parent Process Path=F:\Hispro\HISpro\HIS.exe, sysmon-terminalsessionid=2}",false,MAC_0001,MAC_0002,[REDACTED_DUPLICATE_PAYLOAD],3,27863,0,12,false,0:0:0:0:0:0:0:0,N/A,0,N/A,8110,"<13>Aug 09 09:58:21 10.0.0.27 AgentDevice=WindowsLog	AgentLogFile=Microsoft-Windows-Sysmon/Operational	PluginVersion=7.3.1.28	Source=Microsoft-Windows-Sysmon	Computer=EMR_APP_1_111	OriginatingComputer=EMR_APP_1_111	User=USER_0002	Domain=DOMAIN_0006.LOCAL	EventID=1	EventIDCode=1	EventType=4	EventCategory=1	RecordNumber=1372469647	TimeGenerated=1786244298	TimeWritten=1786244298	Level=Informational	Keywords=0x8000000000000000	Task=SysmonTask-SYSMON_CREATE_PROCESS	Opcode=Info	Message=Process Create: RuleName: - UtcTime: 2026-08-09 02:58:18.659 ProcessGuid: {5E5FB9E6-ECCA-6A77-AAE4-020000003000} ProcessId: 23580 Image: F:\Hispro\HISpro\HLS.WCFClient.exe FileVersion: 203.0.0.12 Description: HLS.WCFClient Product: HLS.WCFClient Company: Microsoft OriginalFileName: HLS.WCFClient.exe CommandLine: ""F:\Hispro\HISpro\HLS.WCFClient.exe"" |AcsBaseUri|http://10.0.0.27:1401/|SdaBaseUri|http://10.0.0.27:1410/|SarBaseUri|http://10.0.0.27:1409/|MosBaseUri|http://10.0.0.27:1408/|ApplicationCode|HIS|TokenCode|21f33f4a09f028134e479dba730560f01ca6930b3c18c05ed2bb9abbbc46b106|CacheType|1|RedisSaveType|0|PreNamespaceFolder||isReloadAllCache|0 CurrentDirectory: F:\Hispro\HISpro\ User: DOMAIN_0071.LOCAL\USER_0030 LogonGuid: {5E5FB9E6-E5AA-6981-A0F0-560000000000} LogonId: 0x56F0A0 TerminalSessionId: 2 IntegrityLevel: High Hashes: SHA1=5819F95410DA6624FA8F214148CDC80C5901D419,MD5=CC5C79BE16BFE24469D44F5B0DE46E0F,SHA256=E8DBB3EF4534F5593EEE974CE1EB051E13D9550C13235188E25CA80833295D4C,IMPHASH=F34D5F2D4577ED6D9CEEC516C1F5A744 ParentProcessGuid: {5E5FB9E6-F446-6A43-98D6-010000003000} ParentProcessId: 16056 ParentImage: F:\Hispro\HISpro\HIS.exe ParentCommandLine: ""F:\Hispro\HISpro\HIS.exe""  ",Process Creation Success,N/A,1,0,unknown,N/A,Process Create,unknown,0,null,1786244298000,255,0,false,0,"true""""",Microsoft-Windows-Sysmon/Operational,HOST_0004,The process creation event provides extended information about a newly created process.,0,1786244310993,No Offense,255,HOST_0068 @ 10.0.0.27,false,3,false,N/A,10.0.0.27,false,1786244310993,5,NETWORK_0011,43,1,0,2,-1,HOST_0004,[REDACTED_DUPLICATE_PAYLOAD],USER_0002,5001828,false,null,N/A,"09:58:30, 9 thg 8, 2026","09:58:18, 9 thg 8, 2026",MAC_0002,HOST_0046,482,0,false,10.0.0.27,0,N/A,10.0.0.3,1,"09:58:30, 9 thg 8, 2026",0:0:0:0:0:0:0:0,N/A,null,"100221,100265,109237,109187,156193,166362,100272,134937,166353"
N/A,false,0,0,USER_0004,10.0.0.27,"{sysmon-eventid=1, Parent Process Name=HIS.exe, Pipe Name=N/A, File Directory=N/A, sysmon-processid=57084, channel=Microsoft-Windows-Sysmon/Operational, sysmon-username= DOMAIN_0071.LOCAL\USER_0030, Parent Command=""F:\Hispro\HISpro\HIS.exe"" , Object Name=N/A, Account Name=USER_0004, sysmon-currentdirectory=F:\Hispro\HISpro\, Target User Domain=DOMAIN_0001.LOCAL, Logon Account Name=USER_0004, Product Description=HLS.WCFClient, EventIDCode=1, Terminated Process Name=N/A, MD5 Hash=CC5C79BE16BFE24469D44F5B0DE46E0F, Filename=N/A, Key Length=N/A, sysmon-logonid=0x56F0A0, ProgramName=N/A, Process GUID=5E5FB9E6-EBFC-6A77-A9E4-020000003000, SHA1 Hash=5819F95410DA6624FA8F214148CDC80C5901D419, File Extension=N/A, Object Type=N/A, sysmon-hash=SHA1=5819F95410DA6624FA8F214148CDC80C5901D419,MD5=CC5C79BE16BFE24469D44F5B0DE46E0F,SHA256=E8DBB3EF4534F5593EEE974CE1EB051E13D9550C13235188E25CA80833295D4C,IMPHASH=F34D5F2D4577ED6D9CEEC516C1F5A744, SHA256 Hash=E8DBB3EF4534F5593EEE974CE1EB051E13D9550C13235188E25CA80833295D4C, Parent Process GUID=5E5FB9E6-F446-6A43-98D6-010000003000, Integrity Level=High, sysmon-parentimage=F:\Hispro\HISpro\HIS.exe, Description=Description: HLS.WCFClient Product, File Hash=5819F95410DA6624FA8F214148CDC80C5901D419, Token Elevation Type=N/A, Message=N/A, sysmon-rulename=-, Encoded Command=N/A, Logon Account Domain=DOMAIN_0001.LOCAL, Process Name=HLS.WCFClient.exe, Parent Process ID=16056, sysmon-parentcommandline=""F:\Hispro\HISpro\HIS.exe"", Logon Type=N/A, sysmon-integritylevel=High, sysmon-logonguid={5E5FB9E6-E5AA-6981-A0F0-560000000000}, Account Security ID=S-1-5-21-0002, Share Name=N/A, Authentication Package=N/A, sysmon-processguid={5E5FB9E6-EBFC-6A77-A9E4-020000003000}, Realm=DOMAIN_0001.LOCAL, Account ID=S-1-5-21-0002, sysmon-description=HLS.WCFClient, Process Path=F:\Hispro\HISpro\HLS.WCFClient.exe, Status Code=N/A, Product Name=HLS.WCFClient, User Domain=DOMAIN_0001.LOCAL, Encoded Argument=N/A, Target Username=USER_0004, Event ID=1, sysmon-parentprocessid=16056, Product Company=Microsoft, sysmon-fileversion=1.0.0.0, sysmon-parentprocessguid={5E5FB9E6-F446-6A43-98D6-010000003000}, sysmon-user=USER_0002, Command=""F:\Hispro\HISpro\HLS.WCFClient.exe"" |AcsBaseUri|http://10.0.0.27:1401/|SdaBaseUri|http://10.0.0.27:1410/|SarBaseUri|http://10.0.0.27:1409/|MosBaseUri|http://10.0.0.27:1408/|ApplicationCode|HIS|TokenCode|21f33f4a09f028134e479dba730560f01ca6930b3c18c05ed2bb9abbbc46b106|CacheType|1|RedisSaveType|0|PreNamespaceFolder||isReloadAllCache|0, sysmon-originalfilename=HLS.WCFClient.exe, Process ID=57084, sysmon-image=F:\Hispro\HISpro\HLS.WCFClient.exe, Machine Identifier=HOST_0067, Target Account Security ID=S-1-5-21-0002, sysmon-commandline=""F:\Hispro\HISpro\HLS.WCFClient.exe"" |AcsBaseUri|http://10.0.0.27:1401/|SdaBaseUri|http://10.0.0.27:1410/|SarBaseUri|http://10.0.0.27:1409/|MosBaseUri|http://10.0.0.27:1408/|ApplicationCode|HIS|TokenCode|21f33f4a09f028134e479dba730560f01ca6930b3c18c05ed2bb9abbbc46b106|CacheType|1|RedisSaveType|0|PreNamespaceFolder||isReloadAllCache|0, Device Name=HOST_0067, IMP Hash=F34D5F2D4577ED6D9CEEC516C1F5A744, Current Working Directory=F:\Hispro\HISpro\, Parent Process Path=F:\Hispro\HISpro\HIS.exe, sysmon-terminalsessionid=2}",false,MAC_0001,MAC_0002,[REDACTED_DUPLICATE_PAYLOAD],3,27863,0,12,false,0:0:0:0:0:0:0:0,N/A,0,N/A,8110,"<13>Aug 09 09:54:54 10.0.0.27 AgentDevice=WindowsLog	AgentLogFile=Microsoft-Windows-Sysmon/Operational	PluginVersion=7.3.1.28	Source=Microsoft-Windows-Sysmon	Computer=EMR_APP_1_111	OriginatingComputer=EMR_APP_1_111	User=USER_0002	Domain=DOMAIN_0006.LOCAL	EventID=1	EventIDCode=1	EventType=4	EventCategory=1	RecordNumber=1372465117	TimeGenerated=1786244092	TimeWritten=1786244092	Level=Informational	Keywords=0x8000000000000000	Task=SysmonTask-SYSMON_CREATE_PROCESS	Opcode=Info	Message=Process Create: RuleName: - UtcTime: 2026-08-09 02:54:52.592 ProcessGuid: {5E5FB9E6-EBFC-6A77-A9E4-020000003000} ProcessId: 57084 Image: F:\Hispro\HISpro\HLS.WCFClient.exe FileVersion: 203.0.0.12 Description: HLS.WCFClient Product: HLS.WCFClient Company: Microsoft OriginalFileName: HLS.WCFClient.exe CommandLine: ""F:\Hispro\HISpro\HLS.WCFClient.exe"" |AcsBaseUri|http://10.0.0.27:1401/|SdaBaseUri|http://10.0.0.27:1410/|SarBaseUri|http://10.0.0.27:1409/|MosBaseUri|http://10.0.0.27:1408/|ApplicationCode|HIS|TokenCode|21f33f4a09f028134e479dba730560f01ca6930b3c18c05ed2bb9abbbc46b106|CacheType|1|RedisSaveType|0|PreNamespaceFolder||isReloadAllCache|0 CurrentDirectory: F:\Hispro\HISpro\ User: DOMAIN_0071.LOCAL\USER_0030 LogonGuid: {5E5FB9E6-E5AA-6981-A0F0-560000000000} LogonId: 0x56F0A0 TerminalSessionId: 2 IntegrityLevel: High Hashes: SHA1=5819F95410DA6624FA8F214148CDC80C5901D419,MD5=CC5C79BE16BFE24469D44F5B0DE46E0F,SHA256=E8DBB3EF4534F5593EEE974CE1EB051E13D9550C13235188E25CA80833295D4C,IMPHASH=F34D5F2D4577ED6D9CEEC516C1F5A744 ParentProcessGuid: {5E5FB9E6-F446-6A43-98D6-010000003000} ParentProcessId: 16056 ParentImage: F:\Hispro\HISpro\HIS.exe ParentCommandLine: ""F:\Hispro\HISpro\HIS.exe""  ",Process Creation Success,N/A,1,0,unknown,N/A,Process Create,unknown,0,null,1786244092000,255,0,false,0,"true""""",Microsoft-Windows-Sysmon/Operational,HOST_0004,The process creation event provides extended information about a newly created process.,0,1786244099994,No Offense,255,HOST_0068 @ 10.0.0.27,false,3,false,N/A,10.0.0.27,false,1786244159994,5,NETWORK_0011,43,1,0,2,-1,HOST_0004,[REDACTED_DUPLICATE_PAYLOAD],USER_0002,5001828,false,null,N/A,"09:54:59, 9 thg 8, 2026","09:54:52, 9 thg 8, 2026",MAC_0002,HOST_0046,482,0,false,10.0.0.27,0,N/A,10.0.0.3,1,"09:55:59, 9 thg 8, 2026",0:0:0:0:0:0:0:0,N/A,null,"100221,100265,109237,109187,156193,166362,100272,134937,166353"
N/A,false,0,0,USER_0004,10.0.0.27,"{sysmon-eventid=1, Parent Process Name=cmd.exe, Pipe Name=N/A, File Directory=N/A, sysmon-processid=29992, channel=Microsoft-Windows-Sysmon/Operational, sysmon-username= NT DOMAIN_0008.LOCAL\USER_0002, Parent Command=C:\Windows\system32\cmd.exe /c cscript //nologo %windir%\system32\slmgr.vbs /dli 2>&1, Object Name=N/A, Account Name=USER_0004, sysmon-currentdirectory=C:\Windows\system32\, Target User Domain=DOMAIN_0001.LOCAL, Logon Account Name=USER_0004, Product Description=Microsoft ® Console Based Script Host, EventIDCode=1, Terminated Process Name=N/A, MD5 Hash=9578AFF0AC49AAADB5A028B9B6D13C6E, Filename=N/A, Key Length=N/A, sysmon-logonid=0x3E7, ProgramName=N/A, Process GUID=5E5FB9E6-EBB8-6A77-A8E4-020000003000, SHA1 Hash=D67986B9CFE1397EBE27E16D9852B52AEE9B95C6, File Extension=N/A, Object Type=N/A, sysmon-hash=SHA1=D67986B9CFE1397EBE27E16D9852B52AEE9B95C6,MD5=9578AFF0AC49AAADB5A028B9B6D13C6E,SHA256=67A0A3413A99DFFD421992E2AD6DECBF4A78C3E063F414201B5D2232AE96B0F7,IMPHASH=77838A7D26CC1C7050C41CF6165BAD0E, SHA256 Hash=67A0A3413A99DFFD421992E2AD6DECBF4A78C3E063F414201B5D2232AE96B0F7, Parent Process GUID=5E5FB9E6-EBB8-6A77-A6E4-020000003000, Integrity Level=System, sysmon-parentimage=C:\Windows\System32\cmd.exe, Description=Description: Microsoft ® Console Based Script Host Product, File Hash=D67986B9CFE1397EBE27E16D9852B52AEE9B95C6, Token Elevation Type=N/A, Message=N/A, sysmon-rulename=-, Encoded Command=N/A, Logon Account Domain=DOMAIN_0001.LOCAL, Process Name=cscript.exe, Parent Process ID=50304, sysmon-parentcommandline=C:\Windows\system32\cmd.exe /c cscript //nologo %windir%\system32\slmgr.vbs /dli 2>&1, Logon Type=N/A, sysmon-integritylevel=System, sysmon-logonguid={5E5FB9E6-DEE1-6981-E703-000000000000}, Account Security ID=S-1-5-21-0002, Share Name=N/A, Authentication Package=N/A, sysmon-processguid={5E5FB9E6-EBB8-6A77-A8E4-020000003000}, Realm=DOMAIN_0001.LOCAL, Account ID=S-1-5-21-0002, sysmon-description=Microsoft ® Console Based Script Host, Process Path=C:\Windows\System32\cscript.exe, Status Code=N/A, Product Name=Microsoft ® Windows Script Host, User Domain=DOMAIN_0001.LOCAL, Encoded Argument=N/A, Target Username=USER_0004, Event ID=1, sysmon-parentprocessid=50304, Product Company=Microsoft Corporation, sysmon-fileversion=5.812.10240.16384, sysmon-parentprocessguid={5E5FB9E6-EBB8-6A77-A6E4-020000003000}, sysmon-user=USER_0002, Command=cscript  //nologo C:\Windows\system32\slmgr.vbs /dli , sysmon-originalfilename=cscript.exe, Process ID=29992, sysmon-image=C:\Windows\System32\cscript.exe, Machine Identifier=HOST_0067, Target Account Security ID=S-1-5-21-0002, sysmon-commandline=cscript  //nologo C:\Windows\system32\slmgr.vbs /dli , Device Name=HOST_0067, IMP Hash=77838A7D26CC1C7050C41CF6165BAD0E, Current Working Directory=C:\Windows\system32\, Parent Process Path=C:\Windows\System32\cmd.exe, sysmon-terminalsessionid=0}",false,MAC_0001,MAC_0002,[REDACTED_DUPLICATE_PAYLOAD],3,27863,0,12,false,0:0:0:0:0:0:0:0,N/A,0,N/A,8110,"<13>Aug 09 09:53:45 10.0.0.27 AgentDevice=WindowsLog	AgentLogFile=Microsoft-Windows-Sysmon/Operational	PluginVersion=7.3.1.28	Source=Microsoft-Windows-Sysmon	Computer=EMR_APP_1_111	OriginatingComputer=EMR_APP_1_111	User=USER_0002	Domain=DOMAIN_0006.LOCAL	EventID=1	EventIDCode=1	EventType=4	EventCategory=1	RecordNumber=1372463609	TimeGenerated=1786244024	TimeWritten=1786244024	Level=Informational	Keywords=0x8000000000000000	Task=SysmonTask-SYSMON_CREATE_PROCESS	Opcode=Info	Message=Process Create: RuleName: - UtcTime: 2026-08-09 02:53:44.934 ProcessGuid: {5E5FB9E6-EBB8-6A77-A8E4-020000003000} ProcessId: 29992 Image: C:\Windows\System32\cscript.exe FileVersion: 5.812.10240.16384 Description: Microsoft ® Console Based Script Host Product: Microsoft ® Windows Script Host Company: Microsoft Corporation OriginalFileName: cscript.exe CommandLine: cscript  //nologo C:\Windows\system32\slmgr.vbs /dli  CurrentDirectory: C:\Windows\system32\ User: NT DOMAIN_0008.LOCAL\USER_0002 LogonGuid: {5E5FB9E6-DEE1-6981-E703-000000000000} LogonId: 0x3E7 TerminalSessionId: 0 IntegrityLevel: System Hashes: SHA1=D67986B9CFE1397EBE27E16D9852B52AEE9B95C6,MD5=9578AFF0AC49AAADB5A028B9B6D13C6E,SHA256=67A0A3413A99DFFD421992E2AD6DECBF4A78C3E063F414201B5D2232AE96B0F7,IMPHASH=77838A7D26CC1C7050C41CF6165BAD0E ParentProcessGuid: {5E5FB9E6-EBB8-6A77-A6E4-020000003000} ParentProcessId: 50304 ParentImage: C:\Windows\System32\cmd.exe ParentCommandLine: C:\Windows\system32\cmd.exe /c cscript //nologo %windir%\system32\slmgr.vbs /dli 2>&1 ",Process Creation Success,N/A,1,0,unknown,N/A,Process Create,unknown,0,null,1786244024000,255,0,false,0,"true""""",Microsoft-Windows-Sysmon/Operational,HOST_0004,The process creation event provides extended information about a newly created process.,0,1786244027014,No Offense,255,HOST_0068 @ 10.0.0.27,false,3,false,N/A,10.0.0.27,false,1786244027014,5,NETWORK_0011,43,1,0,2,-1,HOST_0004,[REDACTED_DUPLICATE_PAYLOAD],USER_0002,5001828,false,null,N/A,"09:53:47, 9 thg 8, 2026","09:53:44, 9 thg 8, 2026",MAC_0002,HOST_0046,482,0,false,10.0.0.27,0,N/A,10.0.0.3,2,"09:53:47, 9 thg 8, 2026",0:0:0:0:0:0:0:0,N/A,null,"100221,100265,109237,109187,100668,156193,146162,166362,100272,100677,134937,166353"
