dstPreNATIP,hasIdentityFlag,destinationPostNatPortDescription,destinationPort,identityUsername,logSourceIdentifier,customProps,srcPortInvalid,identityMAC,sourcMACAddress,payloadAsBase64,magnitude,deviceId,protocolConfigId,deviceType,dstPortInvalid,sourceV6Ip,identityGroupName,srcPreNATPort,srcPreNATIP,category,payloadAsUTF,categoryDescription,aDEAnomalyCount,deviceCategory,deviceEventId,pcapId,identityExtendedField,eventName,pcapIp,sourcePort,obfuscationProperties,deviceTime,protocol,sourcePreNatPortDescription,pcapEvent,dstPostNATPort,tLVProperties,qidEventCategory,identityNetBiosName,eventDescription,dstPreNATPort,startTime,offenseName,protocolName,deviceName,mPCEvent,relevance,logOnly,dstPostNATIP,srcIp,storedForPerformance,stopTime,credibility,domainName,domainID,qidEventId,sourcePostNatPortDescription,severity,offenseId,identityHostname,payloadAsHexOneLine,userName,qid,truncated,obfuscationNormalizedEventProperties,aDEAnomalyDescription,startDateTime,deviceDateTime,destinationMACAddress,eventCollectorName,eventCollectorId,srcPostNATPort,rawEvent,destIp,destinationPreNatPortDescription,osvbidsDesc,identityIpOfHost,eventCount,stopDateTime,destinationV6Ip,srcPostNATIP,identity,ruleIds
N/A,false,0,0,USER_0004,HOST_0054,"{sysmon-eventid=4688, Parent Process Name=services.exe, Pipe Name=N/A, File Directory=N/A, sysmon-processid=N/A, channel=Security, Object Name=N/A, Account Name=USER_0296, Target User Domain=DOMAIN_0005.LOCAL, mandatory_label=Mandatory Label\System Mandatory Level, Logon Account Name=USER_0004, EventIDCode=4688, Terminated Process Name=N/A, MD5 Hash=N/A, Filename=N/A, Key Length=N/A, ProgramName=N/A, Process GUID=N/A, SHA1 Hash=N/A, File Extension=N/A, Object Type=N/A, SHA256 Hash=N/A, Parent Process GUID=N/A, Integrity Level=N/A, sysmon-parentimage=C:\Windows\System32\services.exe, Description=N/A, Token Elevation Type=N/A, Message=N/A, Encoded Command=N/A, Logon Account Domain=DOMAIN_0001.LOCAL, Process Name=svchost.exe, Parent Process ID=N/A, Logon Type=N/A, Account Security ID=S-1-5-21-0004, Share Name=N/A, Authentication Package=N/A, sysmon-processguid=N/A, Realm=DOMAIN_0001.LOCAL, Account ID=S-1-5-21-0002, Process Path=C:\Windows\System32\svchost.exe, Status Code=N/A, User Domain=DOMAIN_0067.LOCAL, Encoded Argument=N/A, Target Username=USER_0008, Event ID=4688, sysmon-user=USER_0004, Command=C:\WINDOWS\system32\svchost.exe -k netsvcs -p -s wuauserv, Process ID=0x2bb4, Machine Identifier=HOST_0055, Target Account Security ID=S-1-5-21-0003, Device Name=HOST_0055, IMP Hash=N/A, Parent Process Path=C:\Windows\System32\services.exe}",false,MAC_0001,MAC_0002,[REDACTED_DUPLICATE_PAYLOAD],3,54185,0,12,false,0:0:0:0:0:0:0:0,N/A,0,N/A,8110,"<13>Aug 07 10:36:39 MST-EX-02.10.100.10.188 AgentDevice=WindowsLog	AgentLogFile=Security	PluginVersion=7.3.1.28	Source=Microsoft-Windows-Security-Auditing	Computer=MST-EX-02.mic.gov.vn	OriginatingComputer=10.100.10.188	User=	Domain=	EventID=4688	EventIDCode=4688	EventType=8	EventCategory=13312	RecordNumber=26705050	TimeGenerated=1786073797	TimeWritten=1786073797	Level=Log Always	Keywords=Audit Success	Task=SE_ADT_DETAILEDTRACKING_PROCESSCREATION	Opcode=Info	Message=A new process has been created.  Creator Subject:  Security ID:  NT DOMAIN_0008.LOCAL\USER_0002  Account Name: USER_0296  Account Domain: DOMAIN_0067.LOCAL  Logon ID:  0x3E7  Target Subject:  Security ID:  NULL SID  Account Name:  -  Account Domain:  -  Logon ID:  0x0  Process Information:  New Process ID:  0x2bb4  New Process Name: C:\Windows\System32\svchost.exe  Token Elevation Type: TokenElevationTypeDefault (1)  Mandatory Label:  Mandatory Label\System Mandatory Level  Creator Process ID: 0x3d8  Creator Process Name: C:\Windows\System32\services.exe  Process Command Line: C:\WINDOWS\system32\svchost.exe -k netsvcs -p -s wuauserv  Token Elevation Type indicates the type of token that was assigned to the new process in accordance with User Account Control policy.  Type 1 is a full token with no privileges removed or groups disabled.  A full token is only used if User Account Control is disabled or if the user is the built-in Administrator account or a service account.  Type 2 is an elevated token with no privileges removed or groups disabled.  An elevated token is used when User Account Control is enabled and the user chooses to start the program using Run as administrator.  An elevated token is also used when an application is configured to always require administrative privilege or to always require maximum privilege, and the user is a member of the Administrators group.  Type 3 is a limited token with administrative privileges removed and administrative groups disabled.  The limited token is used when User Account Control is enabled, the application does not require administrative privilege, and the user does not choose to start the program using Run as administrator. ",Process Creation Success,N/A,1,0,unknown,N/A,Success Audit: A new process has been created,unknown,0,null,1786073797000,255,0,false,0,"true""""",Success Audit,HOST_0004,Success Audit: A new process has been created.,0,1786074103615,No Offense,255,HOST_0056 @ 10.0.0.22,false,3,false,N/A,10.0.0.22,false,1786074103615,5,NETWORK_0016,58,4688,0,3,-1,HOST_0004,[REDACTED_DUPLICATE_PAYLOAD],USER_0004,5000862,false,null,N/A,"10:41:43, 7 thg 8, 2026","10:36:37, 7 thg 8, 2026",MAC_0002,HOST_0057,584,0,false,10.0.0.22,0,N/A,10.0.0.3,1,"10:41:43, 7 thg 8, 2026",0:0:0:0:0:0:0:0,N/A,null,"100101,100221,100265,109237,100668,156193,100277,100272,134937,166353,100223"
N/A,false,0,0,USER_0004,HOST_0054,"{sysmon-eventid=1, Parent Process Name=services.exe, Pipe Name=N/A, File Directory=N/A, sysmon-processid=11188, channel=Microsoft-Windows-Sysmon/Operational, sysmon-username= NT DOMAIN_0008.LOCAL\USER_0002, Parent Command=C:\WINDOWS\system32\services.exe, Object Name=N/A, Account Name=USER_0004, sysmon-currentdirectory=C:\WINDOWS\system32\, Target User Domain=DOMAIN_0001.LOCAL, Logon Account Name=USER_0004, Product Description=Host Process for Windows Services, EventIDCode=1, Terminated Process Name=N/A, MD5 Hash=FC55D2355B72F4500CD9904F1184F0BA, Filename=N/A, Key Length=N/A, sysmon-logonid=0x3E7, ProgramName=N/A, Process GUID=d1bff887-52c5-6a75-bfaa-000000000e00, SHA1 Hash=B2917E343016A77036329A2368A8AD242DEFEB0F, File Extension=N/A, Object Type=N/A, sysmon-hash=SHA1=B2917E343016A77036329A2368A8AD242DEFEB0F,MD5=FC55D2355B72F4500CD9904F1184F0BA,SHA256=D7F10571F58ADBE122F615B869EB42B05286770148067CBF88054C38F1BCA4C4,IMPHASH=D8C4E4978657CEA220B495778C972E64, SHA256 Hash=D7F10571F58ADBE122F615B869EB42B05286770148067CBF88054C38F1BCA4C4, Parent Process GUID=d1bff887-bd0c-6a57-0b00-000000000e00, Integrity Level=System, sysmon-parentimage=C:\Windows\System32\services.exe, Description=Description: Host Process for Windows Services Product, File Hash=B2917E343016A77036329A2368A8AD242DEFEB0F, Token Elevation Type=N/A, Message=N/A, sysmon-rulename=-, Encoded Command=N/A, Logon Account Domain=DOMAIN_0001.LOCAL, Process Name=svchost.exe, Parent Process ID=984, sysmon-parentcommandline=C:\WINDOWS\system32\services.exe, Logon Type=N/A, sysmon-integritylevel=System, sysmon-logonguid={d1bff887-bd0c-6a57-e703-000000000000}, Account Security ID=S-1-5-21-0002, Share Name=N/A, Authentication Package=N/A, sysmon-processguid={d1bff887-52c5-6a75-bfaa-000000000e00}, Realm=DOMAIN_0001.LOCAL, Account ID=S-1-5-21-0002, sysmon-description=Host Process for Windows Services, Process Path=C:\Windows\System32\svchost.exe, Status Code=N/A, Product Name=Microsoft® Windows® Operating System, User Domain=DOMAIN_0001.LOCAL, Encoded Argument=N/A, Target Username=USER_0004, Event ID=1, sysmon-parentprocessid=984, Product Company=Microsoft Corporation, sysmon-fileversion=10.0.20348.3451 (WinBuild.160101.0800), sysmon-parentprocessguid={d1bff887-bd0c-6a57-0b00-000000000e00}, sysmon-user=USER_0002, Command=C:\WINDOWS\system32\svchost.exe -k netsvcs -p -s wuauserv, sysmon-originalfilename=svchost.exe, Process ID=11188, sysmon-image=C:\Windows\System32\svchost.exe, Machine Identifier=HOST_0055, Target Account Security ID=S-1-5-21-0002, sysmon-commandline=C:\WINDOWS\system32\svchost.exe -k netsvcs -p -s wuauserv, Device Name=HOST_0055, IMP Hash=D8C4E4978657CEA220B495778C972E64, Current Working Directory=C:\WINDOWS\system32\, Parent Process Path=C:\Windows\System32\services.exe, sysmon-terminalsessionid=0}",false,MAC_0001,MAC_0002,[REDACTED_DUPLICATE_PAYLOAD],3,54185,0,12,false,0:0:0:0:0:0:0:0,N/A,0,N/A,8110,"<13>Aug 07 10:36:38 MST-EX-02.10.100.10.188 AgentDevice=WindowsLog	AgentLogFile=Microsoft-Windows-Sysmon/Operational	PluginVersion=7.3.1.28	Source=Microsoft-Windows-Sysmon	Computer=MST-EX-02.mic.gov.vn	OriginatingComputer=10.100.10.188	User=USER_0002	Domain=DOMAIN_0006.LOCAL	EventID=1	EventIDCode=1	EventType=4	EventCategory=1	RecordNumber=8417809	TimeGenerated=1786073797	TimeWritten=1786073797	Level=Informational	Keywords=0x8000000000000000	Task=SysmonTask-SYSMON_CREATE_PROCESS	Opcode=Info	Message=Process Create: RuleName: - UtcTime: 2026-08-07 03:36:37.421 ProcessGuid: {d1bff887-52c5-6a75-bfaa-000000000e00} ProcessId: 11188 Image: C:\Windows\System32\svchost.exe FileVersion: 10.0.20348.3451 (WinBuild.160101.0800) Description: Host Process for Windows Services Product: Microsoft® Windows® Operating System Company: Microsoft Corporation OriginalFileName: svchost.exe CommandLine: C:\WINDOWS\system32\svchost.exe -k netsvcs -p -s wuauserv CurrentDirectory: C:\WINDOWS\system32\ User: NT DOMAIN_0008.LOCAL\USER_0002 LogonGuid: {d1bff887-bd0c-6a57-e703-000000000000} LogonId: 0x3E7 TerminalSessionId: 0 IntegrityLevel: System Hashes: SHA1=B2917E343016A77036329A2368A8AD242DEFEB0F,MD5=FC55D2355B72F4500CD9904F1184F0BA,SHA256=D7F10571F58ADBE122F615B869EB42B05286770148067CBF88054C38F1BCA4C4,IMPHASH=D8C4E4978657CEA220B495778C972E64 ParentProcessGuid: {d1bff887-bd0c-6a57-0b00-000000000e00} ParentProcessId: 984 ParentImage: C:\Windows\System32\services.exe ParentCommandLine: C:\WINDOWS\system32\services.exe ",Process Creation Success,N/A,1,0,unknown,N/A,Process Create,unknown,0,null,1786073797000,255,0,false,0,"true""""",Microsoft-Windows-Sysmon/Operational,HOST_0004,The process creation event provides extended information about a newly created process.,0,1786074103615,No Offense,255,HOST_0056 @ 10.0.0.22,false,3,false,N/A,10.0.0.22,false,1786074103615,5,NETWORK_0016,58,1,0,3,-1,HOST_0004,[REDACTED_DUPLICATE_PAYLOAD],USER_0002,5001828,false,null,N/A,"10:41:43, 7 thg 8, 2026","10:36:37, 7 thg 8, 2026",MAC_0002,HOST_0057,584,0,false,10.0.0.22,0,N/A,10.0.0.3,1,"10:41:43, 7 thg 8, 2026",0:0:0:0:0:0:0:0,N/A,null,"100101,100221,100265,109237,109187,100668,156193,100277,100272,134937,166353,100223"
N/A,false,0,0,USER_0004,HOST_0054,"{sysmon-eventid=4688, Parent Process Name=MSExchangeHMWorker.exe, Pipe Name=N/A, File Directory=N/A, sysmon-processid=N/A, channel=Security, Object Name=N/A, Account Name=USER_0296, Target User Domain=DOMAIN_0005.LOCAL, mandatory_label=Mandatory Label\System Mandatory Level, Logon Account Name=USER_0004, EventIDCode=4688, Terminated Process Name=N/A, MD5 Hash=N/A, Filename=N/A, Key Length=N/A, ProgramName=N/A, Process GUID=N/A, SHA1 Hash=N/A, File Extension=N/A, Object Type=N/A, SHA256 Hash=N/A, Parent Process GUID=N/A, Integrity Level=N/A, sysmon-parentimage=D:\Exchange Server\V15\Bin\MSExchangeHMWorker.exe, Description=N/A, Token Elevation Type=N/A, Message=N/A, Encoded Command=N/A, Logon Account Domain=DOMAIN_0001.LOCAL, Process Name=netsh.exe, Parent Process ID=N/A, Logon Type=N/A, Account Security ID=S-1-5-21-0004, Share Name=N/A, Authentication Package=N/A, sysmon-processguid=N/A, Realm=DOMAIN_0001.LOCAL, Account ID=S-1-5-21-0002, Process Path=C:\Windows\System32\netsh.exe, Status Code=N/A, User Domain=DOMAIN_0067.LOCAL, Encoded Argument=N/A, Target Username=USER_0008, Event ID=4688, sysmon-user=USER_0004, Command=""netsh"" interface tcp show global, Process ID=0x8fc4, Machine Identifier=HOST_0055, Target Account Security ID=S-1-5-21-0003, Device Name=HOST_0055, IMP Hash=N/A, Parent Process Path=D:\Exchange Server\V15\Bin\MSExchangeHMWorker.exe}",false,MAC_0001,MAC_0002,[REDACTED_DUPLICATE_PAYLOAD],3,54185,0,12,false,0:0:0:0:0:0:0:0,N/A,0,N/A,8110,"<13>Aug 07 10:34:45 MST-EX-02.10.100.10.188 AgentDevice=WindowsLog	AgentLogFile=Security	PluginVersion=7.3.1.28	Source=Microsoft-Windows-Security-Auditing	Computer=MST-EX-02.mic.gov.vn	OriginatingComputer=10.100.10.188	User=	Domain=	EventID=4688	EventIDCode=4688	EventType=8	EventCategory=13312	RecordNumber=26702321	TimeGenerated=1786073683	TimeWritten=1786073683	Level=Log Always	Keywords=Audit Success	Task=SE_ADT_DETAILEDTRACKING_PROCESSCREATION	Opcode=Info	Message=A new process has been created.  Creator Subject:  Security ID:  NT DOMAIN_0008.LOCAL\USER_0002  Account Name: USER_0296  Account Domain: DOMAIN_0067.LOCAL  Logon ID:  0x3E7  Target Subject:  Security ID:  NULL SID  Account Name:  -  Account Domain:  -  Logon ID:  0x0  Process Information:  New Process ID:  0x8fc4  New Process Name: C:\Windows\System32\netsh.exe  Token Elevation Type: TokenElevationTypeDefault (1)  Mandatory Label:  Mandatory Label\System Mandatory Level  Creator Process ID: 0x5a00  Creator Process Name: D:\Exchange Server\V15\Bin\MSExchangeHMWorker.exe  Process Command Line: ""netsh"" interface tcp show global  Token Elevation Type indicates the type of token that was assigned to the new process in accordance with User Account Control policy.  Type 1 is a full token with no privileges removed or groups disabled.  A full token is only used if User Account Control is disabled or if the user is the built-in Administrator account or a service account.  Type 2 is an elevated token with no privileges removed or groups disabled.  An elevated token is used when User Account Control is enabled and the user chooses to start the program using Run as administrator.  An elevated token is also used when an application is configured to always require administrative privilege or to always require maximum privilege, and the user is a member of the Administrators group.  Type 3 is a limited token with administrative privileges removed and administrative groups disabled.  The limited token is used when User Account Control is enabled, the application does not require administrative privilege, and the user does not choose to start the program using Run as administrator. ",Process Creation Success,N/A,1,0,unknown,N/A,Success Audit: A new process has been created,unknown,0,null,1786073683000,255,0,false,0,"true""""",Success Audit,HOST_0004,Success Audit: A new process has been created.,0,1786073995565,No Offense,255,HOST_0056 @ 10.0.0.22,false,3,false,N/A,10.0.0.22,false,1786073995565,5,NETWORK_0016,58,4688,0,3,-1,HOST_0004,[REDACTED_DUPLICATE_PAYLOAD],USER_0004,5000862,false,null,N/A,"10:39:55, 7 thg 8, 2026","10:34:43, 7 thg 8, 2026",MAC_0002,HOST_0057,584,0,false,10.0.0.22,0,N/A,10.0.0.3,1,"10:39:55, 7 thg 8, 2026",0:0:0:0:0:0:0:0,N/A,null,"100101,100221,100265,109237,100668,156193,100277,100272,134937,166353,100223"
N/A,false,0,0,USER_0004,HOST_0054,"{sysmon-eventid=1, Parent Process Name=MSExchangeHMWorker.exe, Pipe Name=N/A, File Directory=N/A, sysmon-processid=36804, channel=Microsoft-Windows-Sysmon/Operational, sysmon-username= NT DOMAIN_0008.LOCAL\USER_0002, Parent Command=""D:\Exchange Server\V15\Bin\MSExchangeHMWorker.exe"" -pipe:2520 -stopkey:DOMAIN_0028.LOCAL\USER_0297 -resetkey:DOMAIN_0028.LOCAL\USER_0298 -readykey:DOMAIN_0028.LOCAL\USER_0299 -hangkey:DOMAIN_0028.LOCAL\USER_0300 -startUpProgressKey:DOMAIN_0028.LOCAL\USER_0301 -workerListening, Object Name=N/A, Account Name=USER_0004, sysmon-currentdirectory=C:\WINDOWS\system32\, Target User Domain=DOMAIN_0001.LOCAL, Logon Account Name=USER_0004, Product Description=Network Command Shell, EventIDCode=1, Terminated Process Name=N/A, MD5 Hash=28B5A3688253FD5822EE90BCAE2633F7, Filename=N/A, Key Length=N/A, sysmon-logonid=0x3E7, ProgramName=N/A, Process GUID=d1bff887-5253-6a75-beaa-000000000e00, SHA1 Hash=E444D7967EC82652D723DCC1609146794EAFF6B7, File Extension=N/A, Object Type=N/A, sysmon-hash=SHA1=E444D7967EC82652D723DCC1609146794EAFF6B7,MD5=28B5A3688253FD5822EE90BCAE2633F7,SHA256=7482890B1875BDCEC826F3385EAC7DCDC38F17358A13B1B8C790BDB895FF5054,IMPHASH=06F091DBEC9C3F0DD14808FFE59B95DE, SHA256 Hash=7482890B1875BDCEC826F3385EAC7DCDC38F17358A13B1B8C790BDB895FF5054, Parent Process GUID=d1bff887-705b-6a58-d10f-000000000e00, Integrity Level=System, sysmon-parentimage=D:\Exchange Server\V15\Bin\MSExchangeHMWorker.exe, Description=Description: Network Command Shell Product, File Hash=E444D7967EC82652D723DCC1609146794EAFF6B7, Token Elevation Type=N/A, Message=N/A, sysmon-rulename=-, Encoded Command=N/A, Logon Account Domain=DOMAIN_0001.LOCAL, Process Name=netsh.exe, Parent Process ID=23040, sysmon-parentcommandline=""D:\Exchange Server\V15\Bin\MSExchangeHMWorker.exe"" -pipe:2520 -stopkey:DOMAIN_0028.LOCAL\USER_0297 -resetkey:DOMAIN_0028.LOCAL\USER_0298 -readykey:DOMAIN_0028.LOCAL\USER_0299 -hangkey:DOMAIN_0028.LOCAL\USER_0300 -startUpProgressKey:DOMAIN_0028.LOCAL\USER_0301 -workerListening, Logon Type=N/A, sysmon-integritylevel=System, sysmon-logonguid={d1bff887-bd0c-6a57-e703-000000000000}, Account Security ID=S-1-5-21-0002, Share Name=N/A, Authentication Package=N/A, sysmon-processguid={d1bff887-5253-6a75-beaa-000000000e00}, Realm=DOMAIN_0001.LOCAL, Account ID=S-1-5-21-0002, sysmon-description=Network Command Shell, Process Path=C:\Windows\System32\netsh.exe, Status Code=N/A, Product Name=Microsoft® Windows® Operating System, User Domain=DOMAIN_0001.LOCAL, Encoded Argument=N/A, Target Username=USER_0004, Event ID=1, sysmon-parentprocessid=23040, Product Company=Microsoft Corporation, sysmon-fileversion=10.0.20348.1 (WinBuild.160101.0800), sysmon-parentprocessguid={d1bff887-705b-6a58-d10f-000000000e00}, sysmon-user=USER_0002, Command=""netsh"" interface tcp show global, sysmon-originalfilename=netsh.exe, Process ID=36804, sysmon-image=C:\Windows\System32\netsh.exe, Machine Identifier=HOST_0055, Target Account Security ID=S-1-5-21-0002, sysmon-commandline=""netsh"" interface tcp show global, Device Name=HOST_0055, IMP Hash=06F091DBEC9C3F0DD14808FFE59B95DE, Current Working Directory=C:\WINDOWS\system32\, Parent Process Path=D:\Exchange Server\V15\Bin\MSExchangeHMWorker.exe, sysmon-terminalsessionid=0}",false,MAC_0001,MAC_0002,[REDACTED_DUPLICATE_PAYLOAD],3,54185,0,12,false,0:0:0:0:0:0:0:0,N/A,0,N/A,8110,"<13>Aug 07 10:34:44 MST-EX-02.10.100.10.188 AgentDevice=WindowsLog	AgentLogFile=Microsoft-Windows-Sysmon/Operational	PluginVersion=7.3.1.28	Source=Microsoft-Windows-Sysmon	Computer=MST-EX-02.mic.gov.vn	OriginatingComputer=10.100.10.188	User=USER_0002	Domain=DOMAIN_0006.LOCAL	EventID=1	EventIDCode=1	EventType=4	EventCategory=1	RecordNumber=8413592	TimeGenerated=1786073683	TimeWritten=1786073683	Level=Informational	Keywords=0x8000000000000000	Task=SysmonTask-SYSMON_CREATE_PROCESS	Opcode=Info	Message=Process Create: RuleName: - UtcTime: 2026-08-07 03:34:43.672 ProcessGuid: {d1bff887-5253-6a75-beaa-000000000e00} ProcessId: 36804 Image: C:\Windows\System32\netsh.exe FileVersion: 10.0.20348.1 (WinBuild.160101.0800) Description: Network Command Shell Product: Microsoft® Windows® Operating System Company: Microsoft Corporation OriginalFileName: netsh.exe CommandLine: ""netsh"" interface tcp show global CurrentDirectory: C:\WINDOWS\system32\ User: NT DOMAIN_0008.LOCAL\USER_0002 LogonGuid: {d1bff887-bd0c-6a57-e703-000000000000} LogonId: 0x3E7 TerminalSessionId: 0 IntegrityLevel: System Hashes: SHA1=E444D7967EC82652D723DCC1609146794EAFF6B7,MD5=28B5A3688253FD5822EE90BCAE2633F7,SHA256=7482890B1875BDCEC826F3385EAC7DCDC38F17358A13B1B8C790BDB895FF5054,IMPHASH=06F091DBEC9C3F0DD14808FFE59B95DE ParentProcessGuid: {d1bff887-705b-6a58-d10f-000000000e00} ParentProcessId: 23040 ParentImage: D:\Exchange Server\V15\Bin\MSExchangeHMWorker.exe ParentCommandLine: ""D:\Exchange Server\V15\Bin\MSExchangeHMWorker.exe"" -pipe:2520 -stopkey:DOMAIN_0028.LOCAL\USER_0297 -resetkey:DOMAIN_0028.LOCAL\USER_0298 -readykey:DOMAIN_0028.LOCAL\USER_0299 -hangkey:DOMAIN_0028.LOCAL\USER_0300 -startUpProgressKey:DOMAIN_0028.LOCAL\USER_0301 -workerListening ",Process Creation Success,N/A,1,0,unknown,N/A,Process Create,unknown,0,null,1786073683000,255,0,false,0,"true""""",Microsoft-Windows-Sysmon/Operational,HOST_0004,The process creation event provides extended information about a newly created process.,0,1786073985010,No Offense,255,HOST_0056 @ 10.0.0.22,false,3,false,N/A,10.0.0.22,false,1786073985010,5,NETWORK_0016,58,1,0,3,-1,HOST_0004,[REDACTED_DUPLICATE_PAYLOAD],USER_0002,5001828,false,null,N/A,"10:39:45, 7 thg 8, 2026","10:34:43, 7 thg 8, 2026",MAC_0002,HOST_0057,584,0,false,10.0.0.22,0,N/A,10.0.0.3,1,"10:39:45, 7 thg 8, 2026",0:0:0:0:0:0:0:0,N/A,null,"100101,100221,100265,109237,109187,100668,156193,100277,100272,134937,166353,100223"
N/A,false,0,0,USER_0004,HOST_0054,"{sysmon-eventid=1, Parent Process Name=svchost.exe, Pipe Name=N/A, File Directory=N/A, sysmon-processid=45380, channel=Microsoft-Windows-Sysmon/Operational, sysmon-username= NT DOMAIN_0008.LOCAL\USER_0002, Parent Command=C:\WINDOWS\system32\svchost.exe -k netsvcs -p -s Schedule, Object Name=N/A, Account Name=USER_0004, sysmon-currentdirectory=C:\WINDOWS\system32\, Target User Domain=DOMAIN_0001.LOCAL, Logon Account Name=USER_0004, Product Description=Host Process for Windows Tasks, EventIDCode=1, Terminated Process Name=N/A, MD5 Hash=E890D9A2DDCBC873E135294DAEDE01F4, Filename=N/A, Key Length=N/A, sysmon-logonid=0x3E7, ProgramName=N/A, Process GUID=d1bff887-523c-6a75-bdaa-000000000e00, SHA1 Hash=6AD8CE3F2B7A377C3AD27A45CF1659DBBECB470C, File Extension=N/A, Object Type=N/A, sysmon-hash=SHA1=6AD8CE3F2B7A377C3AD27A45CF1659DBBECB470C,MD5=E890D9A2DDCBC873E135294DAEDE01F4,SHA256=45D8D8C878BE23E1A41509FF0139DC3AA107956365F75B0F752E8B162357C2EB,IMPHASH=1C4E2D9936E4D9F2490B08AAB4D24260, SHA256 Hash=45D8D8C878BE23E1A41509FF0139DC3AA107956365F75B0F752E8B162357C2EB, Parent Process GUID=d1bff887-bd10-6a57-1f00-000000000e00, Integrity Level=System, sysmon-parentimage=C:\Windows\System32\svchost.exe, Description=Description: Host Process for Windows Tasks Product, File Hash=6AD8CE3F2B7A377C3AD27A45CF1659DBBECB470C, Token Elevation Type=N/A, Message=N/A, sysmon-rulename=-, Encoded Command=N/A, Logon Account Domain=DOMAIN_0001.LOCAL, Process Name=taskhostw.exe, Parent Process ID=1936, sysmon-parentcommandline=C:\WINDOWS\system32\svchost.exe -k netsvcs -p -s Schedule, Logon Type=N/A, sysmon-integritylevel=System, sysmon-logonguid={d1bff887-bd0c-6a57-e703-000000000000}, Account Security ID=S-1-5-21-0002, Share Name=N/A, Authentication Package=N/A, sysmon-processguid={d1bff887-523c-6a75-bdaa-000000000e00}, Realm=DOMAIN_0001.LOCAL, Account ID=S-1-5-21-0002, sysmon-description=Host Process for Windows Tasks, Process Path=C:\Windows\System32\taskhostw.exe, Status Code=N/A, Product Name=Microsoft® Windows® Operating System, User Domain=DOMAIN_0001.LOCAL, Encoded Argument=N/A, Target Username=USER_0004, Event ID=1, sysmon-parentprocessid=1936, Product Company=Microsoft Corporation, sysmon-fileversion=10.0.20348.3451 (WinBuild.160101.0800), sysmon-parentprocessguid={d1bff887-bd10-6a57-1f00-000000000e00}, sysmon-user=USER_0002, Command=taskhostw.exe ExchangeDiagnosticsDailyPerformanceLog|$(Arg0), sysmon-originalfilename=taskhostw.exe, Process ID=45380, sysmon-image=C:\Windows\System32\taskhostw.exe, Machine Identifier=HOST_0055, Target Account Security ID=S-1-5-21-0002, sysmon-commandline=taskhostw.exe ExchangeDiagnosticsDailyPerformanceLog|$(Arg0), Device Name=HOST_0055, IMP Hash=1C4E2D9936E4D9F2490B08AAB4D24260, Current Working Directory=C:\WINDOWS\system32\, Parent Process Path=C:\Windows\System32\svchost.exe, sysmon-terminalsessionid=0}",false,MAC_0001,MAC_0002,[REDACTED_DUPLICATE_PAYLOAD],3,54185,0,12,false,0:0:0:0:0:0:0:0,N/A,0,N/A,8110,"<13>Aug 07 10:34:23 MST-EX-02.10.100.10.188 AgentDevice=WindowsLog	AgentLogFile=Microsoft-Windows-Sysmon/Operational	PluginVersion=7.3.1.28	Source=Microsoft-Windows-Sysmon	Computer=MST-EX-02.mic.gov.vn	OriginatingComputer=10.100.10.188	User=USER_0002	Domain=DOMAIN_0006.LOCAL	EventID=1	EventIDCode=1	EventType=4	EventCategory=1	RecordNumber=8412929	TimeGenerated=1786073660	TimeWritten=1786073660	Level=Informational	Keywords=0x8000000000000000	Task=SysmonTask-SYSMON_CREATE_PROCESS	Opcode=Info	Message=Process Create: RuleName: - UtcTime: 2026-08-07 03:34:20.493 ProcessGuid: {d1bff887-523c-6a75-bdaa-000000000e00} ProcessId: 45380 Image: C:\Windows\System32\taskhostw.exe FileVersion: 10.0.20348.3451 (WinBuild.160101.0800) Description: Host Process for Windows Tasks Product: Microsoft® Windows® Operating System Company: Microsoft Corporation OriginalFileName: taskhostw.exe CommandLine: taskhostw.exe ExchangeDiagnosticsDailyPerformanceLog|$(Arg0) CurrentDirectory: C:\WINDOWS\system32\ User: NT DOMAIN_0008.LOCAL\USER_0002 LogonGuid: {d1bff887-bd0c-6a57-e703-000000000000} LogonId: 0x3E7 TerminalSessionId: 0 IntegrityLevel: System Hashes: SHA1=6AD8CE3F2B7A377C3AD27A45CF1659DBBECB470C,MD5=E890D9A2DDCBC873E135294DAEDE01F4,SHA256=45D8D8C878BE23E1A41509FF0139DC3AA107956365F75B0F752E8B162357C2EB,IMPHASH=1C4E2D9936E4D9F2490B08AAB4D24260 ParentProcessGuid: {d1bff887-bd10-6a57-1f00-000000000e00} ParentProcessId: 1936 ParentImage: C:\Windows\System32\svchost.exe ParentCommandLine: C:\WINDOWS\system32\svchost.exe -k netsvcs -p -s Schedule ",Process Creation Success,N/A,1,0,unknown,N/A,Process Create,unknown,0,null,1786073660000,255,0,false,0,"true""""",Microsoft-Windows-Sysmon/Operational,HOST_0004,The process creation event provides extended information about a newly created process.,0,1786073963671,No Offense,255,HOST_0056 @ 10.0.0.22,false,3,false,N/A,10.0.0.22,false,1786073963671,5,NETWORK_0016,58,1,0,3,-1,HOST_0004,[REDACTED_DUPLICATE_PAYLOAD],USER_0002,5001828,false,null,N/A,"10:39:23, 7 thg 8, 2026","10:34:20, 7 thg 8, 2026",MAC_0002,HOST_0057,584,0,false,10.0.0.22,0,N/A,10.0.0.3,1,"10:39:23, 7 thg 8, 2026",0:0:0:0:0:0:0:0,N/A,null,"100101,100221,100265,109237,109187,100668,156193,100277,100272,134937,166353,100223"
N/A,false,0,0,USER_0004,HOST_0054,"{sysmon-eventid=4688, Parent Process Name=svchost.exe, Pipe Name=N/A, File Directory=N/A, sysmon-processid=N/A, channel=Security, Object Name=N/A, Account Name=USER_0296, Target User Domain=DOMAIN_0005.LOCAL, mandatory_label=Mandatory Label\System Mandatory Level, Logon Account Name=USER_0004, EventIDCode=4688, Terminated Process Name=N/A, MD5 Hash=N/A, Filename=N/A, Key Length=N/A, ProgramName=N/A, Process GUID=N/A, SHA1 Hash=N/A, File Extension=N/A, Object Type=N/A, SHA256 Hash=N/A, Parent Process GUID=N/A, Integrity Level=N/A, sysmon-parentimage=C:\Windows\System32\svchost.exe, Description=N/A, Token Elevation Type=N/A, Message=N/A, Encoded Command=N/A, Logon Account Domain=DOMAIN_0001.LOCAL, Process Name=taskhostw.exe, Parent Process ID=N/A, Logon Type=N/A, Account Security ID=S-1-5-21-0004, Share Name=N/A, Authentication Package=N/A, sysmon-processguid=N/A, Realm=DOMAIN_0001.LOCAL, Account ID=S-1-5-21-0002, Process Path=C:\Windows\System32\taskhostw.exe, Status Code=N/A, User Domain=DOMAIN_0067.LOCAL, Encoded Argument=N/A, Target Username=USER_0008, Event ID=4688, sysmon-user=USER_0004, Command=taskhostw.exe ExchangeDiagnosticsDailyPerformanceLog|$(Arg0), Process ID=0xb144, Machine Identifier=HOST_0055, Target Account Security ID=S-1-5-21-0003, Device Name=HOST_0055, IMP Hash=N/A, Parent Process Path=C:\Windows\System32\svchost.exe}",false,MAC_0001,MAC_0002,[REDACTED_DUPLICATE_PAYLOAD],3,54185,0,12,false,0:0:0:0:0:0:0:0,N/A,0,N/A,8110,"<13>Aug 07 10:34:21 MST-EX-02.10.100.10.188 AgentDevice=WindowsLog	AgentLogFile=Security	PluginVersion=7.3.1.28	Source=Microsoft-Windows-Security-Auditing	Computer=MST-EX-02.mic.gov.vn	OriginatingComputer=10.100.10.188	User=	Domain=	EventID=4688	EventIDCode=4688	EventType=8	EventCategory=13312	RecordNumber=26701980	TimeGenerated=1786073660	TimeWritten=1786073660	Level=Log Always	Keywords=Audit Success	Task=SE_ADT_DETAILEDTRACKING_PROCESSCREATION	Opcode=Info	Message=A new process has been created.  Creator Subject:  Security ID:  NT DOMAIN_0008.LOCAL\USER_0002  Account Name: USER_0296  Account Domain: DOMAIN_0067.LOCAL  Logon ID:  0x3E7  Target Subject:  Security ID:  NULL SID  Account Name:  -  Account Domain:  -  Logon ID:  0x0  Process Information:  New Process ID:  0xb144  New Process Name: C:\Windows\System32\taskhostw.exe  Token Elevation Type: TokenElevationTypeDefault (1)  Mandatory Label:  Mandatory Label\System Mandatory Level  Creator Process ID: 0x790  Creator Process Name: C:\Windows\System32\svchost.exe  Process Command Line: taskhostw.exe ExchangeDiagnosticsDailyPerformanceLog|$(Arg0)  Token Elevation Type indicates the type of token that was assigned to the new process in accordance with User Account Control policy.  Type 1 is a full token with no privileges removed or groups disabled.  A full token is only used if User Account Control is disabled or if the user is the built-in Administrator account or a service account.  Type 2 is an elevated token with no privileges removed or groups disabled.  An elevated token is used when User Account Control is enabled and the user chooses to start the program using Run as administrator.  An elevated token is also used when an application is configured to always require administrative privilege or to always require maximum privilege, and the user is a member of the Administrators group.  Type 3 is a limited token with administrative privileges removed and administrative groups disabled.  The limited token is used when User Account Control is enabled, the application does not require administrative privilege, and the user does not choose to start the program using Run as administrator. ",Process Creation Success,N/A,1,0,unknown,N/A,Success Audit: A new process has been created,unknown,0,null,1786073660000,255,0,false,0,"true""""",Success Audit,HOST_0004,Success Audit: A new process has been created.,0,1786073963567,No Offense,255,HOST_0056 @ 10.0.0.22,false,3,false,N/A,10.0.0.22,false,1786073963567,5,NETWORK_0016,58,4688,0,3,-1,HOST_0004,[REDACTED_DUPLICATE_PAYLOAD],USER_0004,5000862,false,null,N/A,"10:39:23, 7 thg 8, 2026","10:34:20, 7 thg 8, 2026",MAC_0002,HOST_0057,584,0,false,10.0.0.22,0,N/A,10.0.0.3,1,"10:39:23, 7 thg 8, 2026",0:0:0:0:0:0:0:0,N/A,null,"100101,100221,100265,109237,100668,156193,100277,100272,134937,166353,100223"
N/A,false,0,0,USER_0004,HOST_0054,"{sysmon-eventid=4688, Parent Process Name=services.exe, Pipe Name=N/A, File Directory=N/A, sysmon-processid=N/A, channel=Security, Object Name=N/A, Account Name=USER_0296, Target User Domain=DOMAIN_0005.LOCAL, mandatory_label=Mandatory Label\System Mandatory Level, Logon Account Name=USER_0004, EventIDCode=4688, Terminated Process Name=N/A, MD5 Hash=N/A, Filename=N/A, Key Length=N/A, ProgramName=N/A, Process GUID=N/A, SHA1 Hash=N/A, File Extension=N/A, Object Type=N/A, SHA256 Hash=N/A, Parent Process GUID=N/A, Integrity Level=N/A, sysmon-parentimage=C:\Windows\System32\services.exe, Description=N/A, Token Elevation Type=N/A, Message=N/A, Encoded Command=N/A, Logon Account Domain=DOMAIN_0001.LOCAL, Process Name=WmiApSrv.exe, Parent Process ID=N/A, Logon Type=N/A, Account Security ID=S-1-5-21-0004, Share Name=N/A, Authentication Package=N/A, sysmon-processguid=N/A, Realm=DOMAIN_0001.LOCAL, Account ID=S-1-5-21-0002, Process Path=C:\Windows\System32\wbem\WmiApSrv.exe, Status Code=N/A, User Domain=DOMAIN_0067.LOCAL, Encoded Argument=N/A, Target Username=USER_0008, Event ID=4688, sysmon-user=USER_0004, Command=C:\WINDOWS\system32\wbem\WmiApSrv.exe, Process ID=0x7848, Machine Identifier=HOST_0055, Target Account Security ID=S-1-5-21-0003, Device Name=HOST_0055, IMP Hash=N/A, Parent Process Path=C:\Windows\System32\services.exe}",false,MAC_0001,MAC_0002,[REDACTED_DUPLICATE_PAYLOAD],3,54185,0,12,false,0:0:0:0:0:0:0:0,N/A,0,N/A,8110,"<13>Aug 07 10:34:21 MST-EX-02.10.100.10.188 AgentDevice=WindowsLog	AgentLogFile=Security	PluginVersion=7.3.1.28	Source=Microsoft-Windows-Security-Auditing	Computer=MST-EX-02.mic.gov.vn	OriginatingComputer=10.100.10.188	User=	Domain=	EventID=4688	EventIDCode=4688	EventType=8	EventCategory=13312	RecordNumber=26701978	TimeGenerated=1786073660	TimeWritten=1786073660	Level=Log Always	Keywords=Audit Success	Task=SE_ADT_DETAILEDTRACKING_PROCESSCREATION	Opcode=Info	Message=A new process has been created.  Creator Subject:  Security ID:  NT DOMAIN_0008.LOCAL\USER_0002  Account Name: USER_0296  Account Domain: DOMAIN_0067.LOCAL  Logon ID:  0x3E7  Target Subject:  Security ID:  NULL SID  Account Name:  -  Account Domain:  -  Logon ID:  0x0  Process Information:  New Process ID:  0x7848  New Process Name: C:\Windows\System32\wbem\WmiApSrv.exe  Token Elevation Type: TokenElevationTypeDefault (1)  Mandatory Label:  Mandatory Label\System Mandatory Level  Creator Process ID: 0x3d8  Creator Process Name: C:\Windows\System32\services.exe  Process Command Line: C:\WINDOWS\system32\wbem\WmiApSrv.exe  Token Elevation Type indicates the type of token that was assigned to the new process in accordance with User Account Control policy.  Type 1 is a full token with no privileges removed or groups disabled.  A full token is only used if User Account Control is disabled or if the user is the built-in Administrator account or a service account.  Type 2 is an elevated token with no privileges removed or groups disabled.  An elevated token is used when User Account Control is enabled and the user chooses to start the program using Run as administrator.  An elevated token is also used when an application is configured to always require administrative privilege or to always require maximum privilege, and the user is a member of the Administrators group.  Type 3 is a limited token with administrative privileges removed and administrative groups disabled.  The limited token is used when User Account Control is enabled, the application does not require administrative privilege, and the user does not choose to start the program using Run as administrator. ",Process Creation Success,N/A,1,0,unknown,N/A,Success Audit: A new process has been created,unknown,0,null,1786073660000,255,0,false,0,"true""""",Success Audit,HOST_0004,Success Audit: A new process has been created.,0,1786073963567,No Offense,255,HOST_0056 @ 10.0.0.22,false,3,false,N/A,10.0.0.22,false,1786073963567,5,NETWORK_0016,58,4688,0,3,-1,HOST_0004,[REDACTED_DUPLICATE_PAYLOAD],USER_0004,5000862,false,null,N/A,"10:39:23, 7 thg 8, 2026","10:34:20, 7 thg 8, 2026",MAC_0002,HOST_0057,584,0,false,10.0.0.22,0,N/A,10.0.0.3,1,"10:39:23, 7 thg 8, 2026",0:0:0:0:0:0:0:0,N/A,null,"100101,100221,100265,109237,100668,156193,100277,100272,134937,166353,100223"
N/A,false,0,0,USER_0004,HOST_0054,"{sysmon-eventid=4688, Parent Process Name=svchost.exe, Pipe Name=N/A, File Directory=N/A, sysmon-processid=N/A, channel=Security, Object Name=N/A, Account Name=USER_0296, Target User Domain=DOMAIN_0005.LOCAL, mandatory_label=Mandatory Label\System Mandatory Level, Logon Account Name=USER_0004, EventIDCode=4688, Terminated Process Name=N/A, MD5 Hash=N/A, Filename=N/A, Key Length=N/A, ProgramName=N/A, Process GUID=N/A, SHA1 Hash=N/A, File Extension=N/A, Object Type=N/A, SHA256 Hash=N/A, Parent Process GUID=N/A, Integrity Level=N/A, sysmon-parentimage=C:\Windows\System32\svchost.exe, Description=N/A, Token Elevation Type=N/A, Message=N/A, Encoded Command=N/A, Logon Account Domain=DOMAIN_0001.LOCAL, Process Name=taskhostw.exe, Parent Process ID=N/A, Logon Type=N/A, Account Security ID=S-1-5-21-0004, Share Name=N/A, Authentication Package=N/A, sysmon-processguid=N/A, Realm=DOMAIN_0001.LOCAL, Account ID=S-1-5-21-0002, Process Path=C:\Windows\System32\taskhostw.exe, Status Code=N/A, User Domain=DOMAIN_0067.LOCAL, Encoded Argument=N/A, Target Username=USER_0008, Event ID=4688, sysmon-user=USER_0004, Command=taskhostw.exe ExchangeDiagnosticsPerformanceLog|$(Arg0), Process ID=0x73b0, Machine Identifier=HOST_0055, Target Account Security ID=S-1-5-21-0003, Device Name=HOST_0055, IMP Hash=N/A, Parent Process Path=C:\Windows\System32\svchost.exe}",false,MAC_0001,MAC_0002,[REDACTED_DUPLICATE_PAYLOAD],3,54185,0,12,false,0:0:0:0:0:0:0:0,N/A,0,N/A,8110,"<13>Aug 07 10:34:21 MST-EX-02.10.100.10.188 AgentDevice=WindowsLog	AgentLogFile=Security	PluginVersion=7.3.1.28	Source=Microsoft-Windows-Security-Auditing	Computer=MST-EX-02.mic.gov.vn	OriginatingComputer=10.100.10.188	User=	Domain=	EventID=4688	EventIDCode=4688	EventType=8	EventCategory=13312	RecordNumber=26701951	TimeGenerated=1786073659	TimeWritten=1786073659	Level=Log Always	Keywords=Audit Success	Task=SE_ADT_DETAILEDTRACKING_PROCESSCREATION	Opcode=Info	Message=A new process has been created.  Creator Subject:  Security ID:  NT DOMAIN_0008.LOCAL\USER_0002  Account Name: USER_0296  Account Domain: DOMAIN_0067.LOCAL  Logon ID:  0x3E7  Target Subject:  Security ID:  NULL SID  Account Name:  -  Account Domain:  -  Logon ID:  0x0  Process Information:  New Process ID:  0x73b0  New Process Name: C:\Windows\System32\taskhostw.exe  Token Elevation Type: TokenElevationTypeDefault (1)  Mandatory Label:  Mandatory Label\System Mandatory Level  Creator Process ID: 0x790  Creator Process Name: C:\Windows\System32\svchost.exe  Process Command Line: taskhostw.exe ExchangeDiagnosticsPerformanceLog|$(Arg0)  Token Elevation Type indicates the type of token that was assigned to the new process in accordance with User Account Control policy.  Type 1 is a full token with no privileges removed or groups disabled.  A full token is only used if User Account Control is disabled or if the user is the built-in Administrator account or a service account.  Type 2 is an elevated token with no privileges removed or groups disabled.  An elevated token is used when User Account Control is enabled and the user chooses to start the program using Run as administrator.  An elevated token is also used when an application is configured to always require administrative privilege or to always require maximum privilege, and the user is a member of the Administrators group.  Type 3 is a limited token with administrative privileges removed and administrative groups disabled.  The limited token is used when User Account Control is enabled, the application does not require administrative privilege, and the user does not choose to start the program using Run as administrator. ",Process Creation Success,N/A,1,0,unknown,N/A,Success Audit: A new process has been created,unknown,0,null,1786073659000,255,0,false,0,"true""""",Success Audit,HOST_0004,Success Audit: A new process has been created.,0,1786073963567,No Offense,255,HOST_0056 @ 10.0.0.22,false,3,false,N/A,10.0.0.22,false,1786073963567,5,NETWORK_0016,58,4688,0,3,-1,HOST_0004,[REDACTED_DUPLICATE_PAYLOAD],USER_0004,5000862,false,null,N/A,"10:39:23, 7 thg 8, 2026","10:34:19, 7 thg 8, 2026",MAC_0002,HOST_0057,584,0,false,10.0.0.22,0,N/A,10.0.0.3,1,"10:39:23, 7 thg 8, 2026",0:0:0:0:0:0:0:0,N/A,null,"100101,100221,100265,109237,100668,156193,100277,100272,134937,166353,100223"
N/A,false,0,0,USER_0004,HOST_0054,"{sysmon-eventid=1, Parent Process Name=svchost.exe, Pipe Name=N/A, File Directory=N/A, sysmon-processid=29616, channel=Microsoft-Windows-Sysmon/Operational, sysmon-username= NT DOMAIN_0008.LOCAL\USER_0002, Parent Command=C:\WINDOWS\system32\svchost.exe -k netsvcs -p -s Schedule, Object Name=N/A, Account Name=USER_0004, sysmon-currentdirectory=C:\WINDOWS\system32\, Target User Domain=DOMAIN_0001.LOCAL, Logon Account Name=USER_0004, Product Description=Host Process for Windows Tasks, EventIDCode=1, Terminated Process Name=N/A, MD5 Hash=E890D9A2DDCBC873E135294DAEDE01F4, Filename=N/A, Key Length=N/A, sysmon-logonid=0x3E7, ProgramName=N/A, Process GUID=d1bff887-523b-6a75-bbaa-000000000e00, SHA1 Hash=6AD8CE3F2B7A377C3AD27A45CF1659DBBECB470C, File Extension=N/A, Object Type=N/A, sysmon-hash=SHA1=6AD8CE3F2B7A377C3AD27A45CF1659DBBECB470C,MD5=E890D9A2DDCBC873E135294DAEDE01F4,SHA256=45D8D8C878BE23E1A41509FF0139DC3AA107956365F75B0F752E8B162357C2EB,IMPHASH=1C4E2D9936E4D9F2490B08AAB4D24260, SHA256 Hash=45D8D8C878BE23E1A41509FF0139DC3AA107956365F75B0F752E8B162357C2EB, Parent Process GUID=d1bff887-bd10-6a57-1f00-000000000e00, Integrity Level=System, sysmon-parentimage=C:\Windows\System32\svchost.exe, Description=Description: Host Process for Windows Tasks Product, File Hash=6AD8CE3F2B7A377C3AD27A45CF1659DBBECB470C, Token Elevation Type=N/A, Message=N/A, sysmon-rulename=-, Encoded Command=N/A, Logon Account Domain=DOMAIN_0001.LOCAL, Process Name=taskhostw.exe, Parent Process ID=1936, sysmon-parentcommandline=C:\WINDOWS\system32\svchost.exe -k netsvcs -p -s Schedule, Logon Type=N/A, sysmon-integritylevel=System, sysmon-logonguid={d1bff887-bd0c-6a57-e703-000000000000}, Account Security ID=S-1-5-21-0002, Share Name=N/A, Authentication Package=N/A, sysmon-processguid={d1bff887-523b-6a75-bbaa-000000000e00}, Realm=DOMAIN_0001.LOCAL, Account ID=S-1-5-21-0002, sysmon-description=Host Process for Windows Tasks, Process Path=C:\Windows\System32\taskhostw.exe, Status Code=N/A, Product Name=Microsoft® Windows® Operating System, User Domain=DOMAIN_0001.LOCAL, Encoded Argument=N/A, Target Username=USER_0004, Event ID=1, sysmon-parentprocessid=1936, Product Company=Microsoft Corporation, sysmon-fileversion=10.0.20348.3451 (WinBuild.160101.0800), sysmon-parentprocessguid={d1bff887-bd10-6a57-1f00-000000000e00}, sysmon-user=USER_0002, Command=taskhostw.exe ExchangeDiagnosticsPerformanceLog|$(Arg0), sysmon-originalfilename=taskhostw.exe, Process ID=29616, sysmon-image=C:\Windows\System32\taskhostw.exe, Machine Identifier=HOST_0055, Target Account Security ID=S-1-5-21-0002, sysmon-commandline=taskhostw.exe ExchangeDiagnosticsPerformanceLog|$(Arg0), Device Name=HOST_0055, IMP Hash=1C4E2D9936E4D9F2490B08AAB4D24260, Current Working Directory=C:\WINDOWS\system32\, Parent Process Path=C:\Windows\System32\svchost.exe, sysmon-terminalsessionid=0}",false,MAC_0001,MAC_0002,[REDACTED_DUPLICATE_PAYLOAD],3,54185,0,12,false,0:0:0:0:0:0:0:0,N/A,0,N/A,8110,"<13>Aug 07 10:34:20 MST-EX-02.10.100.10.188 AgentDevice=WindowsLog	AgentLogFile=Microsoft-Windows-Sysmon/Operational	PluginVersion=7.3.1.28	Source=Microsoft-Windows-Sysmon	Computer=MST-EX-02.mic.gov.vn	OriginatingComputer=10.100.10.188	User=USER_0002	Domain=DOMAIN_0006.LOCAL	EventID=1	EventIDCode=1	EventType=4	EventCategory=1	RecordNumber=8412814	TimeGenerated=1786073659	TimeWritten=1786073659	Level=Informational	Keywords=0x8000000000000000	Task=SysmonTask-SYSMON_CREATE_PROCESS	Opcode=Info	Message=Process Create: RuleName: - UtcTime: 2026-08-07 03:34:19.245 ProcessGuid: {d1bff887-523b-6a75-bbaa-000000000e00} ProcessId: 29616 Image: C:\Windows\System32\taskhostw.exe FileVersion: 10.0.20348.3451 (WinBuild.160101.0800) Description: Host Process for Windows Tasks Product: Microsoft® Windows® Operating System Company: Microsoft Corporation OriginalFileName: taskhostw.exe CommandLine: taskhostw.exe ExchangeDiagnosticsPerformanceLog|$(Arg0) CurrentDirectory: C:\WINDOWS\system32\ User: NT DOMAIN_0008.LOCAL\USER_0002 LogonGuid: {d1bff887-bd0c-6a57-e703-000000000000} LogonId: 0x3E7 TerminalSessionId: 0 IntegrityLevel: System Hashes: SHA1=6AD8CE3F2B7A377C3AD27A45CF1659DBBECB470C,MD5=E890D9A2DDCBC873E135294DAEDE01F4,SHA256=45D8D8C878BE23E1A41509FF0139DC3AA107956365F75B0F752E8B162357C2EB,IMPHASH=1C4E2D9936E4D9F2490B08AAB4D24260 ParentProcessGuid: {d1bff887-bd10-6a57-1f00-000000000e00} ParentProcessId: 1936 ParentImage: C:\Windows\System32\svchost.exe ParentCommandLine: C:\WINDOWS\system32\svchost.exe -k netsvcs -p -s Schedule ",Process Creation Success,N/A,1,0,unknown,N/A,Process Create,unknown,0,null,1786073659000,255,0,false,0,"true""""",Microsoft-Windows-Sysmon/Operational,HOST_0004,The process creation event provides extended information about a newly created process.,0,1786073963562,No Offense,255,HOST_0056 @ 10.0.0.22,false,3,false,N/A,10.0.0.22,false,1786073963562,5,NETWORK_0016,58,1,0,3,-1,HOST_0004,[REDACTED_DUPLICATE_PAYLOAD],USER_0002,5001828,false,null,N/A,"10:39:23, 7 thg 8, 2026","10:34:19, 7 thg 8, 2026",MAC_0002,HOST_0057,584,0,false,10.0.0.22,0,N/A,10.0.0.3,1,"10:39:23, 7 thg 8, 2026",0:0:0:0:0:0:0:0,N/A,null,"100101,100221,100265,109237,109187,100668,156193,100277,100272,134937,166353,100223"
