N/A,false,0,0,USER_0004,HOST_0021,"{sysmon-eventid=1, Parent Process Name=svchost.exe, Pipe Name=N/A, File Directory=N/A, sysmon-processid=12832, channel=Microsoft-Windows-Sysmon/Operational, sysmon-username= DOMAIN_0014.LOCAL\USER_0031, Parent Command=C:\WINDOWS\system32\svchost.exe -k DcomLaunch -p, Object Name=N/A, Account Name=USER_0004, sysmon-currentdirectory=C:\WINDOWS\system32\, Target User Domain=DOMAIN_0001.LOCAL, Logon Account Name=USER_0004, Product Description=Host process for WinRM plug-ins, EventIDCode=1, Terminated Process Name=N/A, MD5 Hash=CF847821027B21C569E1251C7B8730F0, Filename=N/A, Key Length=N/A, sysmon-logonid=0xC681C1F7, ProgramName=N/A, Process GUID=b59a7af0-2752-6a63-97f7-010000000b00, SHA1 Hash=49B171C632B4E1FB16A25FF374DDF8399E4D797B, File Extension=N/A, Object Type=N/A, sysmon-hash=SHA1=49B171C632B4E1FB16A25FF374DDF8399E4D797B,MD5=CF847821027B21C569E1251C7B8730F0,SHA256=4A2388D16E02925956DFF1E92B2B146C89E267B85637069EB1F18B2FA5AF3049,IMPHASH=7FEF88FAEC37D0AC077432BF7E65BA27, SHA256 Hash=4A2388D16E02925956DFF1E92B2B146C89E267B85637069EB1F18B2FA5AF3049, Parent Process GUID=b59a7af0-d22d-69f7-0f00-000000000b00, Integrity Level=High, sysmon-parentimage=C:\Windows\System32\svchost.exe, Description=Description: Host process for WinRM plug-ins Product, File Hash=49B171C632B4E1FB16A25FF374DDF8399E4D797B, Token Elevation Type=N/A, Message=N/A, sysmon-rulename=-, Encoded Command=N/A, Logon Account Domain=DOMAIN_0001.LOCAL, Process Name=wsmprovhost.exe, Parent Process ID=1228, sysmon-parentcommandline=C:\WINDOWS\system32\svchost.exe -k DcomLaunch -p, Logon Type=N/A, sysmon-integritylevel=High, sysmon-logonguid={b59a7af0-2752-6a63-f7c1-81c600000000}, Account Security ID=S-1-5-21-0002, Share Name=N/A, Authentication Package=N/A, sysmon-processguid={b59a7af0-2752-6a63-97f7-010000000b00}, Realm=DOMAIN_0001.LOCAL, Account ID=S-1-5-21-0002, sysmon-description=Host process for WinRM plug-ins, Process Path=C:\Windows\System32\wsmprovhost.exe, Status Code=N/A, Product Name=Microsoft® Windows® Operating System, User Domain=DOMAIN_0001.LOCAL, Encoded Argument=N/A, Target Username=USER_0004, Event ID=1, sysmon-parentprocessid=1228, Product Company=Microsoft Corporation, sysmon-fileversion=10.0.26100.1 (WinBuild.160101.0800), sysmon-parentprocessguid={b59a7af0-d22d-69f7-0f00-000000000b00}, sysmon-user=USER_0002, Command=C:\WINDOWS\system32\wsmprovhost.exe -Embedding, sysmon-originalfilename=wsmprovhost.exe, Process ID=12832, sysmon-image=C:\Windows\System32\wsmprovhost.exe, Machine Identifier=HOST_0022, Target Account Security ID=S-1-5-21-0002, sysmon-commandline=C:\WINDOWS\system32\wsmprovhost.exe -Embedding, Device Name=HOST_0022, IMP Hash=7FEF88FAEC37D0AC077432BF7E65BA27, Current Working Directory=C:\WINDOWS\system32\, Parent Process Path=C:\Windows\System32\svchost.exe, sysmon-terminalsessionid=2}",false,MAC_0001,MAC_0002,[REDACTED_DUPLICATE_PAYLOAD],3,52869,0,12,false,0:0:0:0:0:0:0:0,N/A,0,N/A,8110,"<13>Jul 24 15:50:26 10.0.0.10.Ptit AgentDevice=WindowsLog	AgentLogFile=Microsoft-Windows-Sysmon/Operational	PluginVersion=7.3.1.28	Source=Microsoft-Windows-Sysmon	Computer=AD01.ptit.edu.vn	OriginatingComputer=10.2.3.10	User=USER_0002	Domain=DOMAIN_0006.LOCAL	EventID=1	EventIDCode=1	EventType=4	EventCategory=1	RecordNumber=52952316	TimeGenerated=1784883026	TimeWritten=1784883026	Level=Informational	Keywords=0x8000000000000000	Task=SysmonTask-SYSMON_CREATE_PROCESS	Opcode=Info	Message=Process Create: RuleName: - UtcTime: 2026-07-24 08:50:26.622 ProcessGuid: {b59a7af0-2752-6a63-97f7-010000000b00} ProcessId: 12832 Image: C:\Windows\System32\wsmprovhost.exe FileVersion: 10.0.26100.1 (WinBuild.160101.0800) Description: Host process for WinRM plug-ins Product: Microsoft® Windows® Operating System Company: Microsoft Corporation OriginalFileName: wsmprovhost.exe CommandLine: C:\WINDOWS\system32\wsmprovhost.exe -Embedding CurrentDirectory: C:\WINDOWS\system32\ User: DOMAIN_0014.LOCAL\USER_0031 LogonGuid: {b59a7af0-2752-6a63-f7c1-81c600000000} LogonId: 0xC681C1F7 TerminalSessionId: 2 IntegrityLevel: High Hashes: SHA1=49B171C632B4E1FB16A25FF374DDF8399E4D797B,MD5=CF847821027B21C569E1251C7B8730F0,SHA256=4A2388D16E02925956DFF1E92B2B146C89E267B85637069EB1F18B2FA5AF3049,IMPHASH=7FEF88FAEC37D0AC077432BF7E65BA27 ParentProcessGuid: {b59a7af0-d22d-69f7-0f00-000000000b00} ParentProcessId: 1228 ParentImage: C:\Windows\System32\svchost.exe ParentCommandLine: C:\WINDOWS\system32\svchost.exe -k DcomLaunch -p",Process Creation Success,N/A,1,0,unknown,N/A,Process Create,unknown,0,null,1784883026000,255,0,false,0,"true""""",Microsoft-Windows-Sysmon/Operational,HOST_0004,The process creation event provides extended information about a newly created process.,0,1784883034554,No Offense,255,HOST_0023 @ 10.0.0.10,false,3,false,N/A,10.0.0.10,false,1784883034554,5,NETWORK_0009,68,1,0,2,-1,HOST_0004,[REDACTED_DUPLICATE_PAYLOAD],USER_0002,5001828,false,null,N/A,"15:50:34, 24 thg 7, 2026","15:50:26, 24 thg 7, 2026",MAC_0002,HOST_0024,630,0,false,10.0.0.10,0,N/A,10.0.0.3,1,"15:50:34, 24 thg 7, 2026",0:0:0:0:0:0:0:0,N/A,null,"100221,100265,109237,109187,100668,156193,100272,134937,166353"
N/A,false,0,0,USER_0004,HOST_0021,"{sysmon-eventid=5, Description=N/A, Message=N/A, Pipe Name=N/A, sysmon-processid=3704, channel=Microsoft-Windows-Sysmon/Operational, Logon Account Domain=DOMAIN_0001.LOCAL, Object Name=N/A, Process Name=wsmprovhost.exe, Account Name=USER_0004, Logon Type=N/A, Target User Domain=DOMAIN_0001.LOCAL, Account Security ID=S-1-5-21-0002, Share Name=N/A, Authentication Package=N/A, sysmon-processguid={b59a7af0-2626-6a63-95f7-010000000b00}, Logon Account Name=USER_0004, Realm=DOMAIN_0001.LOCAL, EventIDCode=5, Account ID=S-1-5-21-0002, Process Path=C:\Windows\System32\wsmprovhost.exe, sysmon-utctime=2026-07-24 08:45:27.614, Status Code=N/A, User Domain=DOMAIN_0001.LOCAL, Key Length=N/A, Target Username=USER_0004, Event ID=5, ProgramName=N/A, sysmon-user=USER_0002, Process GUID=N/A, Process ID=3704, sysmon-image=C:\Windows\System32\wsmprovhost.exe, Machine Identifier=HOST_0022, Object Type=N/A, Target Account Security ID=S-1-5-21-0002, Device Name=HOST_0022}",false,MAC_0001,MAC_0002,[REDACTED_DUPLICATE_PAYLOAD],3,52869,0,12,false,0:0:0:0:0:0:0:0,N/A,0,N/A,8113,<13>Jul 24 15:45:29 10.0.0.10.Ptit AgentDevice=WindowsLog	AgentLogFile=Microsoft-Windows-Sysmon/Operational	PluginVersion=7.3.1.28	Source=Microsoft-Windows-Sysmon	Computer=AD01.ptit.edu.vn	OriginatingComputer=10.2.3.10	User=USER_0002	Domain=DOMAIN_0006.LOCAL	EventID=5	EventIDCode=5	EventType=4	EventCategory=5	RecordNumber=52951600	TimeGenerated=1784882727	TimeWritten=1784882727	Level=Informational	Keywords=0x8000000000000000	Task=SysmonTask-SYSMON_PROCESS_TERMINATE	Opcode=Info	Message=Process terminated: RuleName: - UtcTime: 2026-07-24 08:45:27.614 ProcessGuid: {b59a7af0-2626-6a63-95f7-010000000b00} ProcessId: 3704 Image: C:\Windows\System32\wsmprovhost.exe,Process Termination Success,N/A,1,0,unknown,N/A,Process terminated,unknown,0,null,1784882727000,255,0,false,0,"true""""",Microsoft-Windows-Sysmon/Operational,HOST_0004,The process terminate event reports when a process terminates.,0,1784882740668,No Offense,255,HOST_0023 @ 10.0.0.10,false,3,false,N/A,10.0.0.10,false,1784882740668,5,NETWORK_0009,68,5,0,2,-1,HOST_0004,[REDACTED_DUPLICATE_PAYLOAD],USER_0002,5001842,false,null,N/A,"15:45:40, 24 thg 7, 2026","15:45:27, 24 thg 7, 2026",MAC_0002,HOST_0024,630,0,false,10.0.0.10,0,N/A,10.0.0.3,1,"15:45:40, 24 thg 7, 2026",0:0:0:0:0:0:0:0,N/A,null,"100221,100265,109237,109187,100668,156193,100272,134937,166353"
N/A,false,0,0,USER_0004,HOST_0021,"{sysmon-eventid=7, Pipe Name=N/A, Signature Status=Unavailable, File Directory=C:\Windows\assembly\NativeImages_v4DOMAIN_0013.LOCAL\USER_0036#\43d6670eb9862f8121ada3dbde5632cb, sysmon-processid=3704, channel=Microsoft-Windows-Sysmon/Operational, Object Name=N/A, Account Name=USER_0004, Target User Domain=DOMAIN_0001.LOCAL, Logon Account Name=USER_0004, Product Description=.NET Framework, EventIDCode=7, sysmon-utctime=2026-07-24 08:45:27.574, Signed=false, MD5 Hash=F945AA8707C33B6FD5F4662ED7E1FB71, Filename=System.Configuration.Install.ni.dll, Key Length=N/A, ProgramName=N/A, Process GUID=N/A, SHA1 Hash=EDACE9F5BF69A3558B0C5CCF38EE0C871051B821, File Extension=N/A, Object Type=N/A, sysmon-hash=SHA1=EDACE9F5BF69A3558B0C5CCF38EE0C871051B821,MD5=F945AA8707C33B6FD5F4662ED7E1FB71,SHA256=0DB012F90FAEB65025079EFFA0E3B174760338678C9F4AFCA42BBD70CDB574F6,IMPHASH=00000000000000000000000000000000, SHA256 Hash=0DB012F90FAEB65025079EFFA0E3B174760338678C9F4AFCA42BBD70CDB574F6, File Path=C:\Windows\assembly\NativeImages_v4.0.30319_64\System.Confe64a9051#\43d6670eb9862f8121ada3dbde5632cb\System.Configuration.Install.ni.dll, Description=Description: .NET Framework Product, Message=N/A, sysmon-signaturestatus=Unavailable, Logon Account Domain=DOMAIN_0001.LOCAL, Process Name=wsmprovhost.exe, Logon Type=N/A, sysmon-signature=- , Image Loaded=C:\Windows\assembly\NativeImages_v4.0.30319_64\System.Confe64a9051#\43d6670eb9862f8121ada3dbde5632cb\System.Configuration.Install.ni.dll, Account Security ID=S-1-5-21-0002, Share Name=N/A, Authentication Package=N/A, sysmon-processguid={b59a7af0-2626-6a63-95f7-010000000b00}, Realm=DOMAIN_0001.LOCAL, Account ID=S-1-5-21-0002, Process Path=C:\Windows\System32\wsmprovhost.exe, sysmon-signed=false, Status Code=N/A, Product Name=Microsoft® .NET Framework, User Domain=DOMAIN_0001.LOCAL, Target Username=USER_0004, Event ID=7, Product Company=Microsoft Corporation, sysmon-user=USER_0002, sysmon-originalfilename=System.Configuration.Install.dll, Process ID=3704, Machine Identifier=HOST_0022, Signature=-, Target Account Security ID=S-1-5-21-0002, Device Name=HOST_0022, IMP Hash=00000000000000000000000000000000}",false,MAC_0001,MAC_0002,[REDACTED_DUPLICATE_PAYLOAD],3,52869,0,12,false,0:0:0:0:0:0:0:0,N/A,0,N/A,19247,"<13>Jul 24 15:45:29 10.0.0.10.Ptit AgentDevice=WindowsLog	AgentLogFile=Microsoft-Windows-Sysmon/Operational	PluginVersion=7.3.1.28	Source=Microsoft-Windows-Sysmon	Computer=AD01.ptit.edu.vn	OriginatingComputer=10.2.3.10	User=USER_0002	Domain=DOMAIN_0006.LOCAL	EventID=7	EventIDCode=7	EventType=4	EventCategory=7	RecordNumber=52951590	TimeGenerated=1784882727	TimeWritten=1784882727	Level=Informational	Keywords=0x8000000000000000	Task=SysmonTask-SYSMON_IMAGE_LOAD	Opcode=Info	Message=Image loaded: RuleName: - UtcTime: 2026-07-24 08:45:27.574 ProcessGuid: {b59a7af0-2626-6a63-95f7-010000000b00} ProcessId: 3704 Image: C:\Windows\System32\wsmprovhost.exe ImageLoaded: C:\Windows\assembly\NativeImages_v4DOMAIN_0013.LOCAL\USER_0036#\43d6670eb9862f8121ada3dbde5632cb\System.Configuration.Install.ni.dll FileVersion: 4.8.9032.0 built by: NET481REL1 Description: .NET Framework Product: Microsoft® .NET Framework Company: Microsoft Corporation OriginalFileName: System.Configuration.Install.dll Hashes: SHA1=EDACE9F5BF69A3558B0C5CCF38EE0C871051B821,MD5=F945AA8707C33B6FD5F4662ED7E1FB71,SHA256=0DB012F90FAEB65025079EFFA0E3B174760338678C9F4AFCA42BBD70CDB574F6,IMPHASH=00000000000000000000000000000000 Signed: false Signature: - SignatureStatus: Unavailable",Object Load Success,N/A,1,0,unknown,N/A,Image loaded,unknown,0,null,1784882727000,255,0,false,0,"true""""",Microsoft-Windows-Sysmon/Operational,HOST_0004,The image loaded event logs when a module is loaded in a specific process.,0,1784882740471,No Offense,255,HOST_0023 @ 10.0.0.10,false,3,false,N/A,10.0.0.10,false,1784882740471,5,NETWORK_0009,68,7,0,1,-1,HOST_0004,[REDACTED_DUPLICATE_PAYLOAD],USER_0002,5001844,false,null,N/A,"15:45:40, 24 thg 7, 2026","15:45:27, 24 thg 7, 2026",MAC_0002,HOST_0024,630,0,false,10.0.0.10,0,N/A,10.0.0.3,19,"15:45:40, 24 thg 7, 2026",0:0:0:0:0:0:0:0,N/A,null,"100221,100265,109237,109187,100668,156193,100272,100659,134937,166353"
N/A,false,0,0,USER_0004,HOST_0021,"{sysmon-eventid=11, Description=N/A, Message=N/A, Pipe Name=N/A, File Directory=C:\Users\USER_0029\AppData\Local\Temp, sysmon-processid=3704, channel=Microsoft-Windows-Sysmon/Operational, Logon Account Domain=DOMAIN_0001.LOCAL, Object Name=N/A, Process Name=wsmprovhost.exe, Account Name=USER_0004, Logon Type=N/A, Target User Domain=DOMAIN_0001.LOCAL, Account Security ID=S-1-5-21-0002, Share Name=N/A, Authentication Package=N/A, sysmon-processguid={b59a7af0-2626-6a63-95f7-010000000b00}, Logon Account Name=USER_0004, Realm=DOMAIN_0001.LOCAL, EventIDCode=11, Account ID=S-1-5-21-0002, Process Path=C:\WINDOWS\system32\wsmprovhost.exe, sysmon-creationutctime=2026-07-24 08:45:27.341, sysmon-utctime=2026-07-24 08:45:27.341, Status Code=N/A, Filename=__PSScriptPolicyTest_xg4odrnk.5ul.ps1, User Domain=DOMAIN_0001.LOCAL, Key Length=N/A, Target Username=USER_0004, Event ID=11, ProgramName=N/A, sysmon-targetfilename=C:\Users\administrator.PTIT\AppData\Local\Temp\__PSScriptPolicyTest_xg4odrnk.5ul.ps1, sysmon-user=USER_0002, Process GUID=N/A, Process ID=3704, Target File Directory=C:\Users\administrator.PTIT\AppData\Local\Temp\__PSScriptPolicyTest_xg4odrnk.5ul.ps1, sysmon-image=C:\WINDOWS\system32\wsmprovhost.exe, File Extension=ps1, Machine Identifier=HOST_0022, Task Name=N/A, Object Type=N/A, Target Account Security ID=S-1-5-21-0002, Device Name=HOST_0022, File Path=C:\Users\administrator.PTIT\AppData\Local\Temp\__PSScriptPolicyTest_xg4odrnk.5ul.ps1}",false,MAC_0001,MAC_0002,[REDACTED_DUPLICATE_PAYLOAD],6,52869,0,12,false,0:0:0:0:0:0:0:0,N/A,0,N/A,8028,<13>Jul 24 15:45:29 10.0.0.10.Ptit AgentDevice=WindowsLog	AgentLogFile=Microsoft-Windows-Sysmon/Operational	PluginVersion=7.3.1.28	Source=Microsoft-Windows-Sysmon	Computer=AD01.ptit.edu.vn	OriginatingComputer=10.2.3.10	User=USER_0002	Domain=DOMAIN_0006.LOCAL	EventID=11	EventIDCode=11	EventType=4	EventCategory=11	RecordNumber=52951426	TimeGenerated=1784882727	TimeWritten=1784882727	Level=Informational	Keywords=0x8000000000000000	Task=SysmonTask-SYSMON_FILE_CREATE	Opcode=Info	Message=File created: RuleName: - UtcTime: 2026-07-24 08:45:27.341 ProcessGuid: {b59a7af0-2626-6a63-95f7-010000000b00} ProcessId: 3704 Image: C:\WINDOWS\system32\wsmprovhost.exe TargetFilename: C:\Users\USER_0029\AppData\Local\Temp\__PSScriptPolicyTest_xg4odrnk.5ul.ps1 CreationUtcTime: 2026-07-24 08:45:27.341,File Created,N/A,1,0,unknown,N/A,FileCreate,unknown,0,null,1784882727000,255,0,false,0,"true""""",Microsoft-Windows-Sysmon/Operational,HOST_0004,File create operations are logged when a file is created or overwritten.,0,1784882740471,No Offense,255,HOST_0023 @ 10.0.0.10,true,6,false,N/A,10.0.0.10,false,1784882740471,6,NETWORK_0009,68,11,0,6,-1,HOST_0004,[REDACTED_DUPLICATE_PAYLOAD],USER_0002,5001830,false,null,N/A,"15:45:40, 24 thg 7, 2026","15:45:27, 24 thg 7, 2026",MAC_0002,HOST_0024,630,0,false,10.0.0.10,0,N/A,10.0.0.3,1,"15:45:40, 24 thg 7, 2026",0:0:0:0:0:0:0:0,N/A,null,"100221,100265,109237,109187,100620,100668,156193,100276,100272,100764,123237,123937,134937,166353"
N/A,false,0,0,USER_0004,HOST_0021,"{sysmon-eventid=11, Description=N/A, Message=N/A, Pipe Name=N/A, File Directory=C:\Users\USER_0029\AppData\Local\Temp, sysmon-processid=3704, channel=Microsoft-Windows-Sysmon/Operational, Logon Account Domain=DOMAIN_0001.LOCAL, Object Name=N/A, Process Name=wsmprovhost.exe, Account Name=USER_0004, Logon Type=N/A, Target User Domain=DOMAIN_0001.LOCAL, Account Security ID=S-1-5-21-0002, Share Name=N/A, Authentication Package=N/A, sysmon-processguid={b59a7af0-2626-6a63-95f7-010000000b00}, Logon Account Name=USER_0004, Realm=DOMAIN_0001.LOCAL, EventIDCode=11, Account ID=S-1-5-21-0002, Process Path=C:\WINDOWS\system32\wsmprovhost.exe, sysmon-creationutctime=2026-07-24 08:45:27.341, sysmon-utctime=2026-07-24 08:45:27.341, Status Code=N/A, Filename=__PSScriptPolicyTest_3t2hj3ni.nij.psm1, User Domain=DOMAIN_0001.LOCAL, Key Length=N/A, Target Username=USER_0004, Event ID=11, ProgramName=N/A, sysmon-targetfilename=C:\Users\administrator.PTIT\AppData\Local\Temp\__PSScriptPolicyTest_3t2hj3ni.nij.psm1, sysmon-user=USER_0002, Process GUID=N/A, Process ID=3704, Target File Directory=C:\Users\administrator.PTIT\AppData\Local\Temp\__PSScriptPolicyTest_3t2hj3ni.nij.psm1, sysmon-image=C:\WINDOWS\system32\wsmprovhost.exe, File Extension=psm1, Machine Identifier=HOST_0022, Task Name=N/A, Object Type=N/A, Target Account Security ID=S-1-5-21-0002, Device Name=HOST_0022, File Path=C:\Users\administrator.PTIT\AppData\Local\Temp\__PSScriptPolicyTest_3t2hj3ni.nij.psm1}",false,MAC_0001,MAC_0002,[REDACTED_DUPLICATE_PAYLOAD],6,52869,0,12,false,0:0:0:0:0:0:0:0,N/A,0,N/A,8028,<13>Jul 24 15:45:29 10.0.0.10.Ptit AgentDevice=WindowsLog	AgentLogFile=Microsoft-Windows-Sysmon/Operational	PluginVersion=7.3.1.28	Source=Microsoft-Windows-Sysmon	Computer=AD01.ptit.edu.vn	OriginatingComputer=10.2.3.10	User=USER_0002	Domain=DOMAIN_0006.LOCAL	EventID=11	EventIDCode=11	EventType=4	EventCategory=11	RecordNumber=52951427	TimeGenerated=1784882727	TimeWritten=1784882727	Level=Informational	Keywords=0x8000000000000000	Task=SysmonTask-SYSMON_FILE_CREATE	Opcode=Info	Message=File created: RuleName: - UtcTime: 2026-07-24 08:45:27.341 ProcessGuid: {b59a7af0-2626-6a63-95f7-010000000b00} ProcessId: 3704 Image: C:\WINDOWS\system32\wsmprovhost.exe TargetFilename: C:\Users\USER_0029\AppData\Local\Temp\__PSScriptPolicyTest_3t2hj3ni.nij.psm1 CreationUtcTime: 2026-07-24 08:45:27.341,File Created,N/A,1,0,unknown,N/A,FileCreate,unknown,0,null,1784882727000,255,0,false,0,"true""""",Microsoft-Windows-Sysmon/Operational,HOST_0004,File create operations are logged when a file is created or overwritten.,0,1784882740471,No Offense,255,HOST_0023 @ 10.0.0.10,true,6,false,N/A,10.0.0.10,false,1784882740471,6,NETWORK_0009,68,11,0,6,-1,HOST_0004,[REDACTED_DUPLICATE_PAYLOAD],USER_0002,5001830,false,null,N/A,"15:45:40, 24 thg 7, 2026","15:45:27, 24 thg 7, 2026",MAC_0002,HOST_0024,630,0,false,10.0.0.10,0,N/A,10.0.0.3,1,"15:45:40, 24 thg 7, 2026",0:0:0:0:0:0:0:0,N/A,null,"100221,100265,109237,109187,100620,100668,156193,100276,100272,100764,123237,123937,134937,166353"
N/A,false,0,0,USER_0004,HOST_0021,"{sysmon-eventid=17, Description=N/A, Message=N/A, Pipe Name=PSHost.134293563263481212.3704.DefaultAppDomain.wsmprovhost, sysmon-processid=3704, channel=Microsoft-Windows-Sysmon/Operational, Logon Account Domain=DOMAIN_0001.LOCAL, Object Name=N/A, Process Name=wsmprovhost.exe, sysmon-pipename=\PSHost.134293563263481212.3704.DefaultAppDomain.wsmprovhost, Account Name=USER_0004, Logon Type=N/A, Target User Domain=DOMAIN_0001.LOCAL, Account Security ID=S-1-5-21-0002, Share Name=N/A, Authentication Package=N/A, sysmon-processguid={b59a7af0-2626-6a63-95f7-010000000b00}, Logon Account Name=USER_0004, Realm=DOMAIN_0001.LOCAL, EventIDCode=17, Account ID=S-1-5-21-0002, Process Path=C:\WINDOWS\system32\wsmprovhost.exe, sysmon-utctime=2026-07-24 08:45:27.413, Status Code=N/A, User Domain=DOMAIN_0001.LOCAL, Key Length=N/A, Target Username=USER_0004, Event ID=17, ProgramName=N/A, sysmon-user=USER_0002, Process GUID=N/A, Process ID=3704, sysmon-image=C:\WINDOWS\system32\wsmprovhost.exe, Machine Identifier=HOST_0022, Object Type=N/A, Target Account Security ID=S-1-5-21-0002, Device Name=HOST_0022}",false,MAC_0001,MAC_0002,[REDACTED_DUPLICATE_PAYLOAD],3,52869,0,12,false,0:0:0:0:0:0:0:0,N/A,0,N/A,19012,<13>Jul 24 15:45:29 10.0.0.10.Ptit AgentDevice=WindowsLog	AgentLogFile=Microsoft-Windows-Sysmon/Operational	PluginVersion=7.3.1.28	Source=Microsoft-Windows-Sysmon	Computer=AD01.ptit.edu.vn	OriginatingComputer=10.2.3.10	User=USER_0002	Domain=DOMAIN_0006.LOCAL	EventID=17	EventIDCode=17	EventType=4	EventCategory=17	RecordNumber=52951430	TimeGenerated=1784882727	TimeWritten=1784882727	Level=Informational	Keywords=0x8000000000000000	Task=SysmonTask-SYSMON_CREATE_NAMEDPIPE	Opcode=Info	Message=Pipe Created: RuleName: - EventType: CreatePipe UtcTime: 2026-07-24 08:45:27.413 ProcessGuid: {b59a7af0-2626-6a63-95f7-010000000b00} ProcessId: 3704 PipeName: \PSHost.134293563263481212.3704.DefaultAppDomain.wsmprovhost Image: C:\WINDOWS\system32\wsmprovhost.exe,Create Activity Succeeded,N/A,1,0,unknown,N/A,PipeEvent (Pipe Created),unknown,0,null,1784882727000,255,0,false,0,"true""""",Microsoft-Windows-Sysmon/Operational,HOST_0004,Named pipe created,0,1784882740471,No Offense,255,HOST_0023 @ 10.0.0.10,false,3,false,N/A,10.0.0.10,false,1784882740471,5,NETWORK_0009,68,17,0,1,-1,HOST_0004,[REDACTED_DUPLICATE_PAYLOAD],USER_0002,5001836,false,null,N/A,"15:45:40, 24 thg 7, 2026","15:45:27, 24 thg 7, 2026",MAC_0002,HOST_0024,630,0,false,10.0.0.10,0,N/A,10.0.0.3,1,"15:45:40, 24 thg 7, 2026",0:0:0:0:0:0:0:0,N/A,null,"100221,100737,100265,109237,109187,100668,156193,100272,134937,166353"
N/A,false,0,0,USER_0004,HOST_0021,"{sysmon-eventid=7, Pipe Name=N/A, Signature Status=Valid, File Directory=C:\Windows\System32, sysmon-processid=3704, channel=Microsoft-Windows-Sysmon/Operational, Object Name=N/A, Account Name=USER_0004, Target User Domain=DOMAIN_0001.LOCAL, Logon Account Name=USER_0004, Product Description=Microsoft® C Runtime Library, EventIDCode=7, sysmon-utctime=2026-07-24 08:45:26.515, Signed=true, MD5 Hash=D700512821D0095DA8A9E7B6DA106BD9, Filename=vcruntime140_1_clr0400.dll, Key Length=N/A, ProgramName=N/A, Process GUID=N/A, SHA1 Hash=213ED334C610E589FCAAB65A8B5427EFFBB28AA3, File Extension=dll, Object Type=N/A, sysmon-hash=SHA1=213ED334C610E589FCAAB65A8B5427EFFBB28AA3,MD5=D700512821D0095DA8A9E7B6DA106BD9,SHA256=B25EC2AFFBEFC2B2009502F7445625DF9E8AEB16C3E56E4C816946049396C320,IMPHASH=24E88EFF41F99973F22FC9338EF664E9, SHA256 Hash=B25EC2AFFBEFC2B2009502F7445625DF9E8AEB16C3E56E4C816946049396C320, File Path=C:\Windows\System32\vcruntime140_1_clr0400.dll, Description=Description: Microsoft® C Runtime Library Product, Message=N/A, sysmon-signaturestatus=Valid, Logon Account Domain=DOMAIN_0001.LOCAL, Process Name=wsmprovhost.exe, Logon Type=N/A, sysmon-signature=Microsoft Corporation , Image Loaded=C:\Windows\System32\vcruntime140_1_clr0400.dll, Account Security ID=S-1-5-21-0002, Share Name=N/A, Authentication Package=N/A, sysmon-processguid={b59a7af0-2626-6a63-95f7-010000000b00}, Realm=DOMAIN_0001.LOCAL, Account ID=S-1-5-21-0002, Process Path=C:\Windows\System32\wsmprovhost.exe, sysmon-signed=true, Status Code=N/A, Product Name=Microsoft® Visual Studio®, User Domain=DOMAIN_0001.LOCAL, Target Username=USER_0004, Event ID=7, Product Company=Microsoft Corporation, sysmon-user=USER_0002, sysmon-originalfilename=vcruntime140_1_clr0400.dll, Process ID=3704, Machine Identifier=HOST_0022, Signature=Microsoft Corporation, Target Account Security ID=S-1-5-21-0002, Device Name=HOST_0022, IMP Hash=24E88EFF41F99973F22FC9338EF664E9}",false,MAC_0001,MAC_0002,[REDACTED_DUPLICATE_PAYLOAD],3,52869,0,12,false,0:0:0:0:0:0:0:0,N/A,0,N/A,19247,"<13>Jul 24 15:45:26 10.0.0.10.Ptit AgentDevice=WindowsLog	AgentLogFile=Microsoft-Windows-Sysmon/Operational	PluginVersion=7.3.1.28	Source=Microsoft-Windows-Sysmon	Computer=AD01.ptit.edu.vn	OriginatingComputer=10.2.3.10	User=USER_0002	Domain=DOMAIN_0006.LOCAL	EventID=7	EventIDCode=7	EventType=4	EventCategory=7	RecordNumber=52951408	TimeGenerated=1784882726	TimeWritten=1784882726	Level=Informational	Keywords=0x8000000000000000	Task=SysmonTask-SYSMON_IMAGE_LOAD	Opcode=Info	Message=Image loaded: RuleName: - UtcTime: 2026-07-24 08:45:26.515 ProcessGuid: {b59a7af0-2626-6a63-95f7-010000000b00} ProcessId: 3704 Image: C:\Windows\System32\wsmprovhost.exe ImageLoaded: C:\Windows\System32\vcruntime140_1_clr0400.dll FileVersion: 14.32.31326.0 Description: Microsoft® C Runtime Library Product: Microsoft® Visual Studio® Company: Microsoft Corporation OriginalFileName: vcruntime140_1_clr0400.dll Hashes: SHA1=213ED334C610E589FCAAB65A8B5427EFFBB28AA3,MD5=D700512821D0095DA8A9E7B6DA106BD9,SHA256=B25EC2AFFBEFC2B2009502F7445625DF9E8AEB16C3E56E4C816946049396C320,IMPHASH=24E88EFF41F99973F22FC9338EF664E9 Signed: true Signature: Microsoft Corporation SignatureStatus: Valid",Object Load Success,N/A,1,0,unknown,N/A,Image loaded,unknown,0,null,1784882726000,255,0,false,0,"true""""",Microsoft-Windows-Sysmon/Operational,HOST_0004,The image loaded event logs when a module is loaded in a specific process.,0,1784882729594,No Offense,255,HOST_0023 @ 10.0.0.10,false,3,false,N/A,10.0.0.10,false,1784882729594,5,NETWORK_0009,68,7,0,1,-1,HOST_0004,[REDACTED_DUPLICATE_PAYLOAD],USER_0002,5001844,false,null,N/A,"15:45:29, 24 thg 7, 2026","15:45:26, 24 thg 7, 2026",MAC_0002,HOST_0024,630,0,false,10.0.0.10,0,N/A,10.0.0.3,3,"15:45:29, 24 thg 7, 2026",0:0:0:0:0:0:0:0,N/A,null,"100221,100265,109237,109187,100668,156193,100272,134937,166353"
N/A,false,0,0,USER_0004,HOST_0021,"{sysmon-eventid=1, Parent Process Name=svchost.exe, Pipe Name=N/A, File Directory=N/A, sysmon-processid=3704, channel=Microsoft-Windows-Sysmon/Operational, sysmon-username= DOMAIN_0014.LOCAL\USER_0031, Parent Command=C:\WINDOWS\system32\svchost.exe -k DcomLaunch -p, Object Name=N/A, Account Name=USER_0004, sysmon-currentdirectory=C:\WINDOWS\system32\, Target User Domain=DOMAIN_0001.LOCAL, Logon Account Name=USER_0004, Product Description=Host process for WinRM plug-ins, EventIDCode=1, Terminated Process Name=N/A, MD5 Hash=CF847821027B21C569E1251C7B8730F0, Filename=N/A, Key Length=N/A, sysmon-logonid=0xC6805B41, ProgramName=N/A, Process GUID=b59a7af0-2626-6a63-95f7-010000000b00, SHA1 Hash=49B171C632B4E1FB16A25FF374DDF8399E4D797B, File Extension=N/A, Object Type=N/A, sysmon-hash=SHA1=49B171C632B4E1FB16A25FF374DDF8399E4D797B,MD5=CF847821027B21C569E1251C7B8730F0,SHA256=4A2388D16E02925956DFF1E92B2B146C89E267B85637069EB1F18B2FA5AF3049,IMPHASH=7FEF88FAEC37D0AC077432BF7E65BA27, SHA256 Hash=4A2388D16E02925956DFF1E92B2B146C89E267B85637069EB1F18B2FA5AF3049, Parent Process GUID=b59a7af0-d22d-69f7-0f00-000000000b00, Integrity Level=High, sysmon-parentimage=C:\Windows\System32\svchost.exe, Description=Description: Host process for WinRM plug-ins Product, File Hash=49B171C632B4E1FB16A25FF374DDF8399E4D797B, Token Elevation Type=N/A, Message=N/A, sysmon-rulename=-, Encoded Command=N/A, Logon Account Domain=DOMAIN_0001.LOCAL, Process Name=wsmprovhost.exe, Parent Process ID=1228, sysmon-parentcommandline=C:\WINDOWS\system32\svchost.exe -k DcomLaunch -p, Logon Type=N/A, sysmon-integritylevel=High, sysmon-logonguid={b59a7af0-2626-6a63-415b-80c600000000}, Account Security ID=S-1-5-21-0002, Share Name=N/A, Authentication Package=N/A, sysmon-processguid={b59a7af0-2626-6a63-95f7-010000000b00}, Realm=DOMAIN_0001.LOCAL, Account ID=S-1-5-21-0002, sysmon-description=Host process for WinRM plug-ins, Process Path=C:\Windows\System32\wsmprovhost.exe, Status Code=N/A, Product Name=Microsoft® Windows® Operating System, User Domain=DOMAIN_0001.LOCAL, Encoded Argument=N/A, Target Username=USER_0004, Event ID=1, sysmon-parentprocessid=1228, Product Company=Microsoft Corporation, sysmon-fileversion=10.0.26100.1 (WinBuild.160101.0800), sysmon-parentprocessguid={b59a7af0-d22d-69f7-0f00-000000000b00}, sysmon-user=USER_0002, Command=C:\WINDOWS\system32\wsmprovhost.exe -Embedding, sysmon-originalfilename=wsmprovhost.exe, Process ID=3704, sysmon-image=C:\Windows\System32\wsmprovhost.exe, Machine Identifier=HOST_0022, Target Account Security ID=S-1-5-21-0002, sysmon-commandline=C:\WINDOWS\system32\wsmprovhost.exe -Embedding, Device Name=HOST_0022, IMP Hash=7FEF88FAEC37D0AC077432BF7E65BA27, Current Working Directory=C:\WINDOWS\system32\, Parent Process Path=C:\Windows\System32\svchost.exe, sysmon-terminalsessionid=2}",false,MAC_0001,MAC_0002,[REDACTED_DUPLICATE_PAYLOAD],3,52869,0,12,false,0:0:0:0:0:0:0:0,N/A,0,N/A,8110,"<13>Jul 24 15:45:26 10.0.0.10.Ptit AgentDevice=WindowsLog	AgentLogFile=Microsoft-Windows-Sysmon/Operational	PluginVersion=7.3.1.28	Source=Microsoft-Windows-Sysmon	Computer=AD01.ptit.edu.vn	OriginatingComputer=10.2.3.10	User=USER_0002	Domain=DOMAIN_0006.LOCAL	EventID=1	EventIDCode=1	EventType=4	EventCategory=1	RecordNumber=52951390	TimeGenerated=1784882726	TimeWritten=1784882726	Level=Informational	Keywords=0x8000000000000000	Task=SysmonTask-SYSMON_CREATE_PROCESS	Opcode=Info	Message=Process Create: RuleName: - UtcTime: 2026-07-24 08:45:26.348 ProcessGuid: {b59a7af0-2626-6a63-95f7-010000000b00} ProcessId: 3704 Image: C:\Windows\System32\wsmprovhost.exe FileVersion: 10.0.26100.1 (WinBuild.160101.0800) Description: Host process for WinRM plug-ins Product: Microsoft® Windows® Operating System Company: Microsoft Corporation OriginalFileName: wsmprovhost.exe CommandLine: C:\WINDOWS\system32\wsmprovhost.exe -Embedding CurrentDirectory: C:\WINDOWS\system32\ User: DOMAIN_0014.LOCAL\USER_0031 LogonGuid: {b59a7af0-2626-6a63-415b-80c600000000} LogonId: 0xC6805B41 TerminalSessionId: 2 IntegrityLevel: High Hashes: SHA1=49B171C632B4E1FB16A25FF374DDF8399E4D797B,MD5=CF847821027B21C569E1251C7B8730F0,SHA256=4A2388D16E02925956DFF1E92B2B146C89E267B85637069EB1F18B2FA5AF3049,IMPHASH=7FEF88FAEC37D0AC077432BF7E65BA27 ParentProcessGuid: {b59a7af0-d22d-69f7-0f00-000000000b00} ParentProcessId: 1228 ParentImage: C:\Windows\System32\svchost.exe ParentCommandLine: C:\WINDOWS\system32\svchost.exe -k DcomLaunch -p",Process Creation Success,N/A,1,0,unknown,N/A,Process Create,unknown,0,null,1784882726000,255,0,false,0,"true""""",Microsoft-Windows-Sysmon/Operational,HOST_0004,The process creation event provides extended information about a newly created process.,0,1784882729594,No Offense,255,HOST_0023 @ 10.0.0.10,false,3,false,N/A,10.0.0.10,false,1784882729594,5,NETWORK_0009,68,1,0,2,-1,HOST_0004,[REDACTED_DUPLICATE_PAYLOAD],USER_0002,5001828,false,null,N/A,"15:45:29, 24 thg 7, 2026","15:45:26, 24 thg 7, 2026",MAC_0002,HOST_0024,630,0,false,10.0.0.10,0,N/A,10.0.0.3,1,"15:45:29, 24 thg 7, 2026",0:0:0:0:0:0:0:0,N/A,null,"100221,100265,109237,109187,100668,156193,100272,134937,166353"
N/A,false,0,0,USER_0004,HOST_0021,"{sysmon-eventid=7, Pipe Name=N/A, Signature Status=Valid, File Directory=C:\Windows\Microsoft.NET\Framework64\v4.0.30319, sysmon-processid=3704, channel=Microsoft-Windows-Sysmon/Operational, Object Name=N/A, Account Name=USER_0004, Target User Domain=DOMAIN_0001.LOCAL, Logon Account Name=USER_0004, Product Description=Microsoft .NET Runtime Execution Engine, EventIDCode=7, sysmon-utctime=2026-07-24 08:45:26.451, Signed=true, MD5 Hash=21F240C8019E5125044508ACF5FC9C09, Filename=mscoreei.dll, Key Length=N/A, ProgramName=N/A, Process GUID=N/A, SHA1 Hash=086D56AF8A8BE29E21DDD85EE5221725DBDA9F7C, File Extension=dll, Object Type=N/A, sysmon-hash=SHA1=086D56AF8A8BE29E21DDD85EE5221725DBDA9F7C,MD5=21F240C8019E5125044508ACF5FC9C09,SHA256=BC19C902FE2D59344687338A412D687FAC950F8C0E1AEAD7BD051573E2C62A15,IMPHASH=BDAAD270BEE58C9A3A7622CD1CA3EF79, SHA256 Hash=BC19C902FE2D59344687338A412D687FAC950F8C0E1AEAD7BD051573E2C62A15, File Path=C:\Windows\Microsoft.NET\Framework64\v4.0.30319\mscoreei.dll, Description=Description: Microsoft .NET Runtime Execution Engine Product, Message=N/A, sysmon-signaturestatus=Valid, Logon Account Domain=DOMAIN_0001.LOCAL, Process Name=wsmprovhost.exe, Logon Type=N/A, sysmon-signature=Microsoft Corporation , Image Loaded=C:\Windows\Microsoft.NET\Framework64\v4.0.30319\mscoreei.dll, Account Security ID=S-1-5-21-0002, Share Name=N/A, Authentication Package=N/A, sysmon-processguid={b59a7af0-2626-6a63-95f7-010000000b00}, Realm=DOMAIN_0001.LOCAL, Account ID=S-1-5-21-0002, Process Path=C:\Windows\System32\wsmprovhost.exe, sysmon-signed=true, Status Code=N/A, Product Name=Microsoft® .NET Framework, User Domain=DOMAIN_0001.LOCAL, Target Username=USER_0004, Event ID=7, Product Company=Microsoft Corporation, sysmon-user=USER_0002, sysmon-originalfilename=mscoreei.dll, Process ID=3704, Machine Identifier=HOST_0022, Signature=Microsoft Corporation, Target Account Security ID=S-1-5-21-0002, Device Name=HOST_0022, IMP Hash=BDAAD270BEE58C9A3A7622CD1CA3EF79}",false,MAC_0001,MAC_0002,[REDACTED_DUPLICATE_PAYLOAD],3,52869,0,12,false,0:0:0:0:0:0:0:0,N/A,0,N/A,19247,"<13>Jul 24 15:45:26 10.0.0.10.Ptit AgentDevice=WindowsLog	AgentLogFile=Microsoft-Windows-Sysmon/Operational	PluginVersion=7.3.1.28	Source=Microsoft-Windows-Sysmon	Computer=AD01.ptit.edu.vn	OriginatingComputer=10.2.3.10	User=USER_0002	Domain=DOMAIN_0006.LOCAL	EventID=7	EventIDCode=7	EventType=4	EventCategory=7	RecordNumber=52951405	TimeGenerated=1784882726	TimeWritten=1784882726	Level=Informational	Keywords=0x8000000000000000	Task=SysmonTask-SYSMON_IMAGE_LOAD	Opcode=Info	Message=Image loaded: RuleName: - UtcTime: 2026-07-24 08:45:26.451 ProcessGuid: {b59a7af0-2626-6a63-95f7-010000000b00} ProcessId: 3704 Image: C:\Windows\System32\wsmprovhost.exe ImageLoaded: C:\Windows\Microsoft.NET\Framework64\v4DOMAIN_0015.LOCAL\USER_0034 FileVersion: 4.8.9065.0 built by: NET481REL1LAST_C Description: Microsoft .NET Runtime Execution Engine Product: Microsoft® .NET Framework Company: Microsoft Corporation OriginalFileName: mscoreei.dll Hashes: SHA1=086D56AF8A8BE29E21DDD85EE5221725DBDA9F7C,MD5=21F240C8019E5125044508ACF5FC9C09,SHA256=BC19C902FE2D59344687338A412D687FAC950F8C0E1AEAD7BD051573E2C62A15,IMPHASH=BDAAD270BEE58C9A3A7622CD1CA3EF79 Signed: true Signature: Microsoft Corporation SignatureStatus: Valid",Object Load Success,N/A,1,0,unknown,N/A,Image loaded,unknown,0,null,1784882726000,255,0,false,0,"true""""",Microsoft-Windows-Sysmon/Operational,HOST_0004,The image loaded event logs when a module is loaded in a specific process.,0,1784882729594,No Offense,255,HOST_0023 @ 10.0.0.10,false,3,false,N/A,10.0.0.10,false,1784882729594,5,NETWORK_0009,68,7,0,1,-1,HOST_0004,[REDACTED_DUPLICATE_PAYLOAD],USER_0002,5001844,false,null,N/A,"15:45:29, 24 thg 7, 2026","15:45:26, 24 thg 7, 2026",MAC_0002,HOST_0024,630,0,false,10.0.0.10,0,N/A,10.0.0.3,1,"15:45:29, 24 thg 7, 2026",0:0:0:0:0:0:0:0,N/A,null,"100221,100265,109237,109187,100668,156193,100272,134937,166353"
N/A,false,0,0,USER_0004,HOST_0021,"{sysmon-eventid=7, Pipe Name=N/A, Signature Status=Valid, File Directory=C:\Windows\Microsoft.NET\Framework64\v4.0.30319, sysmon-processid=3704, channel=Microsoft-Windows-Sysmon/Operational, Object Name=N/A, Account Name=USER_0004, Target User Domain=DOMAIN_0001.LOCAL, Logon Account Name=USER_0004, Product Description=Microsoft .NET Runtime Common Language Runtime - WorkStation, EventIDCode=7, sysmon-utctime=2026-07-24 08:45:26.514, Signed=true, MD5 Hash=92468614F9629FA127476D0062F87905, Filename=clr.dll, Key Length=N/A, ProgramName=N/A, Process GUID=N/A, SHA1 Hash=61E04AC8DB08D31243F3C34BE05997CA3BF13AC7, File Extension=dll, Object Type=N/A, sysmon-hash=SHA1=61E04AC8DB08D31243F3C34BE05997CA3BF13AC7,MD5=92468614F9629FA127476D0062F87905,SHA256=49F9F13966C176C8F8943FBAA73D420192543A892BFB28259598D18DE8316D86,IMPHASH=01E0958B232430E87E27DC8010111684, SHA256 Hash=49F9F13966C176C8F8943FBAA73D420192543A892BFB28259598D18DE8316D86, File Path=C:\Windows\Microsoft.NET\Framework64\v4.0.30319\clr.dll, Description=Description: Microsoft .NET Runtime Common Language Runtime - WorkStation Product, Message=N/A, sysmon-signaturestatus=Valid, Logon Account Domain=DOMAIN_0001.LOCAL, Process Name=wsmprovhost.exe, Logon Type=N/A, sysmon-signature=Microsoft Corporation , Image Loaded=C:\Windows\Microsoft.NET\Framework64\v4.0.30319\clr.dll, Account Security ID=S-1-5-21-0002, Share Name=N/A, Authentication Package=N/A, sysmon-processguid={b59a7af0-2626-6a63-95f7-010000000b00}, Realm=DOMAIN_0001.LOCAL, Account ID=S-1-5-21-0002, Process Path=C:\Windows\System32\wsmprovhost.exe, sysmon-signed=true, Status Code=N/A, Product Name=Microsoft® .NET Framework, User Domain=DOMAIN_0001.LOCAL, Target Username=USER_0004, Event ID=7, Product Company=Microsoft Corporation, sysmon-user=USER_0002, sysmon-originalfilename=clr.dll, Process ID=3704, Machine Identifier=HOST_0022, Signature=Microsoft Corporation, Target Account Security ID=S-1-5-21-0002, Device Name=HOST_0022, IMP Hash=01E0958B232430E87E27DC8010111684}",false,MAC_0001,MAC_0002,[REDACTED_DUPLICATE_PAYLOAD],3,52869,0,12,false,0:0:0:0:0:0:0:0,N/A,0,N/A,19247,"<13>Jul 24 15:45:26 10.0.0.10.Ptit AgentDevice=WindowsLog	AgentLogFile=Microsoft-Windows-Sysmon/Operational	PluginVersion=7.3.1.28	Source=Microsoft-Windows-Sysmon	Computer=AD01.ptit.edu.vn	OriginatingComputer=10.2.3.10	User=USER_0002	Domain=DOMAIN_0006.LOCAL	EventID=7	EventIDCode=7	EventType=4	EventCategory=7	RecordNumber=52951406	TimeGenerated=1784882726	TimeWritten=1784882726	Level=Informational	Keywords=0x8000000000000000	Task=SysmonTask-SYSMON_IMAGE_LOAD	Opcode=Info	Message=Image loaded: RuleName: - UtcTime: 2026-07-24 08:45:26.514 ProcessGuid: {b59a7af0-2626-6a63-95f7-010000000b00} ProcessId: 3704 Image: C:\Windows\System32\wsmprovhost.exe ImageLoaded: C:\Windows\Microsoft.NET\Framework64\v4DOMAIN_0015.LOCAL\USER_0033 FileVersion: 4.8.9266.0 built by: NET481REL1LAST_B Description: Microsoft .NET Runtime Common Language Runtime - WorkStation Product: Microsoft® .NET Framework Company: Microsoft Corporation OriginalFileName: clr.dll Hashes: SHA1=61E04AC8DB08D31243F3C34BE05997CA3BF13AC7,MD5=92468614F9629FA127476D0062F87905,SHA256=49F9F13966C176C8F8943FBAA73D420192543A892BFB28259598D18DE8316D86,IMPHASH=01E0958B232430E87E27DC8010111684 Signed: true Signature: Microsoft Corporation SignatureStatus: Valid",Object Load Success,N/A,1,0,unknown,N/A,Image loaded,unknown,0,null,1784882726000,255,0,false,0,"true""""",Microsoft-Windows-Sysmon/Operational,HOST_0004,The image loaded event logs when a module is loaded in a specific process.,0,1784882729594,No Offense,255,HOST_0023 @ 10.0.0.10,false,3,false,N/A,10.0.0.10,false,1784882729594,5,NETWORK_0009,68,7,0,1,-1,HOST_0004,[REDACTED_DUPLICATE_PAYLOAD],USER_0002,5001844,false,null,N/A,"15:45:29, 24 thg 7, 2026","15:45:26, 24 thg 7, 2026",MAC_0002,HOST_0024,630,0,false,10.0.0.10,0,N/A,10.0.0.3,1,"15:45:29, 24 thg 7, 2026",0:0:0:0:0:0:0:0,N/A,null,"100221,100265,109237,109187,100668,156193,100272,134937,166353"
N/A,false,0,0,USER_0004,HOST_0021,"{sysmon-eventid=7, Pipe Name=N/A, Signature Status=Valid, File Directory=C:\Windows\System32, sysmon-processid=3704, channel=Microsoft-Windows-Sysmon/Operational, Object Name=N/A, Account Name=USER_0004, Target User Domain=DOMAIN_0001.LOCAL, Logon Account Name=USER_0004, Product Description=Microsoft® C Runtime Library, EventIDCode=7, sysmon-utctime=2026-07-24 08:45:26.515, Signed=true, MD5 Hash=14BC224C1040570FD58A452973B93591, Filename=ucrtbase_clr0400.dll, Key Length=N/A, ProgramName=N/A, Process GUID=N/A, SHA1 Hash=7B05CA87FA6DAB617DE5B79F6EEDBC4D34360A46, File Extension=dll, Object Type=N/A, sysmon-hash=SHA1=7B05CA87FA6DAB617DE5B79F6EEDBC4D34360A46,MD5=14BC224C1040570FD58A452973B93591,SHA256=F5189277B5AC83B754462F259188B0E876706CEC5A56BF6F5C35539F1D6510CD,IMPHASH=95C62E6C11D54D65EA2CCAC62EABE0F3, SHA256 Hash=F5189277B5AC83B754462F259188B0E876706CEC5A56BF6F5C35539F1D6510CD, File Path=C:\Windows\System32\ucrtbase_clr0400.dll, Description=Description: Microsoft® C Runtime Library Product, Message=N/A, sysmon-signaturestatus=Valid, Logon Account Domain=DOMAIN_0001.LOCAL, Process Name=wsmprovhost.exe, Logon Type=N/A, sysmon-signature=Microsoft Corporation , Image Loaded=C:\Windows\System32\ucrtbase_clr0400.dll, Account Security ID=S-1-5-21-0002, Share Name=N/A, Authentication Package=N/A, sysmon-processguid={b59a7af0-2626-6a63-95f7-010000000b00}, Realm=DOMAIN_0001.LOCAL, Account ID=S-1-5-21-0002, Process Path=C:\Windows\System32\wsmprovhost.exe, sysmon-signed=true, Status Code=N/A, Product Name=Microsoft® Visual Studio®, User Domain=DOMAIN_0001.LOCAL, Target Username=USER_0004, Event ID=7, Product Company=Microsoft Corporation, sysmon-user=USER_0002, sysmon-originalfilename=ucrtbase_clr0400.dll, Process ID=3704, Machine Identifier=HOST_0022, Signature=Microsoft Corporation, Target Account Security ID=S-1-5-21-0002, Device Name=HOST_0022, IMP Hash=95C62E6C11D54D65EA2CCAC62EABE0F3}",false,MAC_0001,MAC_0002,[REDACTED_DUPLICATE_PAYLOAD],3,52869,0,12,false,0:0:0:0:0:0:0:0,N/A,0,N/A,19247,"<13>Jul 24 15:45:26 10.0.0.10.Ptit AgentDevice=WindowsLog	AgentLogFile=Microsoft-Windows-Sysmon/Operational	PluginVersion=7.3.1.28	Source=Microsoft-Windows-Sysmon	Computer=AD01.ptit.edu.vn	OriginatingComputer=10.2.3.10	User=USER_0002	Domain=DOMAIN_0006.LOCAL	EventID=7	EventIDCode=7	EventType=4	EventCategory=7	RecordNumber=52951407	TimeGenerated=1784882726	TimeWritten=1784882726	Level=Informational	Keywords=0x8000000000000000	Task=SysmonTask-SYSMON_IMAGE_LOAD	Opcode=Info	Message=Image loaded: RuleName: - UtcTime: 2026-07-24 08:45:26.515 ProcessGuid: {b59a7af0-2626-6a63-95f7-010000000b00} ProcessId: 3704 Image: C:\Windows\System32\wsmprovhost.exe ImageLoaded: C:\Windows\System32\ucrtbase_clr0400.dll FileVersion: 14.32.31326.0 Description: Microsoft® C Runtime Library Product: Microsoft® Visual Studio® Company: Microsoft Corporation OriginalFileName: ucrtbase_clr0400.dll Hashes: SHA1=7B05CA87FA6DAB617DE5B79F6EEDBC4D34360A46,MD5=14BC224C1040570FD58A452973B93591,SHA256=F5189277B5AC83B754462F259188B0E876706CEC5A56BF6F5C35539F1D6510CD,IMPHASH=95C62E6C11D54D65EA2CCAC62EABE0F3 Signed: true Signature: Microsoft Corporation SignatureStatus: Valid",Object Load Success,N/A,1,0,unknown,N/A,Image loaded,unknown,0,null,1784882726000,255,0,false,0,"true""""",Microsoft-Windows-Sysmon/Operational,HOST_0004,The image loaded event logs when a module is loaded in a specific process.,0,1784882729594,No Offense,255,HOST_0023 @ 10.0.0.10,false,3,false,N/A,10.0.0.10,false,1784882729594,5,NETWORK_0009,68,7,0,1,-1,HOST_0004,[REDACTED_DUPLICATE_PAYLOAD],USER_0002,5001844,false,null,N/A,"15:45:29, 24 thg 7, 2026","15:45:26, 24 thg 7, 2026",MAC_0002,HOST_0024,630,0,false,10.0.0.10,0,N/A,10.0.0.3,1,"15:45:29, 24 thg 7, 2026",0:0:0:0:0:0:0:0,N/A,null,"100221,100265,109237,109187,100668,156193,100272,134937,166353"
N/A,false,0,0,USER_0004,HOST_0021,"{sysmon-eventid=9, Description=N/A, Message=N/A, Pipe Name=N/A, sysmon-processid=14304, channel=Microsoft-Windows-Sysmon/Operational, Logon Account Domain=DOMAIN_0001.LOCAL, Object Name=N/A, Process Name=svchost.exe, Account Name=USER_0004, Logon Type=N/A, Target User Domain=DOMAIN_0001.LOCAL, Account Security ID=S-1-5-21-0002, Share Name=N/A, Authentication Package=N/A, sysmon-processguid={b59a7af0-254d-6a63-90f7-010000000b00}, Logon Account Name=USER_0004, Realm=DOMAIN_0001.LOCAL, EventIDCode=9, Account ID=S-1-5-21-0002, Process Path=C:\Windows\System32\svchost.exe, sysmon-utctime=2026-07-24 08:41:49.524, Status Code=N/A, User Domain=DOMAIN_0001.LOCAL, Key Length=N/A, Target Username=USER_0004, Event ID=9, ProgramName=N/A, sysmon-user=USER_0002, Process GUID=N/A, Process ID=14304, sysmon-image=C:\Windows\System32\svchost.exe, Machine Identifier=HOST_0022, Object Type=N/A, Target Account Security ID=S-1-5-21-0002, Device Name=HOST_0022}",false,MAC_0001,MAC_0002,[REDACTED_DUPLICATE_PAYLOAD],3,52869,0,12,false,0:0:0:0:0:0:0:0,N/A,0,N/A,7036,<13>Jul 24 15:41:50 10.0.0.10.Ptit AgentDevice=WindowsLog	AgentLogFile=Microsoft-Windows-Sysmon/Operational	PluginVersion=7.3.1.28	Source=Microsoft-Windows-Sysmon	Computer=AD01.ptit.edu.vn	OriginatingComputer=10.2.3.10	User=USER_0002	Domain=DOMAIN_0006.LOCAL	EventID=9	EventIDCode=9	EventType=4	EventCategory=9	RecordNumber=52947749	TimeGenerated=1784882509	TimeWritten=1784882509	Level=Informational	Keywords=0x8000000000000000	Task=SysmonTask-SYSMON_RAWACCESS_READ	Opcode=Info	Message=RawAccessRead detected: RuleName: - UtcTime: 2026-07-24 08:41:49.524 ProcessGuid: {b59a7af0-254d-6a63-90f7-010000000b00} ProcessId: 14304 Image: C:\Windows\System32\svchost.exe Device: \Device\HarddiskVolume3,Suspicious Windows Events,N/A,1,0,unknown,N/A,RawAccessRead,unknown,0,null,1784882509000,255,0,false,0,"true""""",Microsoft-Windows-Sysmon/Operational,HOST_0004,The RawAccessRead event detects when a process conducts reading operations from the drive using the \\.\ denotation.,0,1784882522481,No Offense,255,HOST_0023 @ 10.0.0.10,false,3,false,N/A,10.0.0.10,false,1784882522481,5,NETWORK_0009,68,9,0,2,-1,HOST_0004,[REDACTED_DUPLICATE_PAYLOAD],USER_0002,5001846,false,null,N/A,"15:42:02, 24 thg 7, 2026","15:41:49, 24 thg 7, 2026",MAC_0002,HOST_0024,630,0,false,10.0.0.10,0,N/A,10.0.0.3,1,"15:42:02, 24 thg 7, 2026",0:0:0:0:0:0:0:0,N/A,null,"100164,100146,100221,100265,109237,109187,100668,156193,100272,134937,166353"
N/A,false,0,0,USER_0004,HOST_0021,"{sysmon-eventid=1, Parent Process Name=services.exe, Pipe Name=N/A, File Directory=N/A, sysmon-processid=14304, channel=Microsoft-Windows-Sysmon/Operational, sysmon-username= NT DOMAIN_0008.LOCAL\USER_0002, Parent Command=C:\WINDOWS\system32\services.exe, Object Name=N/A, Account Name=USER_0004, sysmon-currentdirectory=C:\WINDOWS\system32\, Target User Domain=DOMAIN_0001.LOCAL, Logon Account Name=USER_0004, Product Description=Host Process for Windows Services, EventIDCode=1, Terminated Process Name=N/A, MD5 Hash=0CD128F416A04C06D50EC56392C25D9F, Filename=N/A, Key Length=N/A, sysmon-logonid=0x3E7, ProgramName=N/A, Process GUID=b59a7af0-254d-6a63-90f7-010000000b00, SHA1 Hash=55EFB424933087D755B18468BC574DB4463D9CE6, File Extension=N/A, Object Type=N/A, sysmon-hash=SHA1=55EFB424933087D755B18468BC574DB4463D9CE6,MD5=0CD128F416A04C06D50EC56392C25D9F,SHA256=324451797AC909A4DD40C7A2F7347EF91F6B7C786941AD5035F609C0FC15EDAA,IMPHASH=DE43BD45CC98C143357416C7519ECCFD, SHA256 Hash=324451797AC909A4DD40C7A2F7347EF91F6B7C786941AD5035F609C0FC15EDAA, Parent Process GUID=b59a7af0-d229-69f7-0c00-000000000b00, Integrity Level=System, sysmon-parentimage=C:\Windows\System32\services.exe, Description=Description: Host Process for Windows Services Product, File Hash=55EFB424933087D755B18468BC574DB4463D9CE6, Token Elevation Type=N/A, Message=N/A, sysmon-rulename=-, Encoded Command=N/A, Logon Account Domain=DOMAIN_0001.LOCAL, Process Name=svchost.exe, Parent Process ID=652, sysmon-parentcommandline=C:\WINDOWS\system32\services.exe, Logon Type=N/A, sysmon-integritylevel=System, sysmon-logonguid={b59a7af0-d22b-69f7-e703-000000000000}, Account Security ID=S-1-5-21-0002, Share Name=N/A, Authentication Package=N/A, sysmon-processguid={b59a7af0-254d-6a63-90f7-010000000b00}, Realm=DOMAIN_0001.LOCAL, Account ID=S-1-5-21-0002, sysmon-description=Host Process for Windows Services, Process Path=C:\Windows\System32\svchost.exe, Status Code=N/A, Product Name=Microsoft® Windows® Operating System, User Domain=DOMAIN_0001.LOCAL, Encoded Argument=N/A, Target Username=USER_0004, Event ID=1, sysmon-parentprocessid=652, Product Company=Microsoft Corporation, sysmon-fileversion=10.0.26100.1150 (WinBuild.160101.0800), sysmon-parentprocessguid={b59a7af0-d229-69f7-0c00-000000000b00}, sysmon-user=USER_0002, Command=C:\WINDOWS\system32\svchost.exe -k netsvcs -p -s wuauserv, sysmon-originalfilename=svchost.exe, Process ID=14304, sysmon-image=C:\Windows\System32\svchost.exe, Machine Identifier=HOST_0022, Target Account Security ID=S-1-5-21-0002, sysmon-commandline=C:\WINDOWS\system32\svchost.exe -k netsvcs -p -s wuauserv, Device Name=HOST_0022, IMP Hash=DE43BD45CC98C143357416C7519ECCFD, Current Working Directory=C:\WINDOWS\system32\, Parent Process Path=C:\Windows\System32\services.exe, sysmon-terminalsessionid=0}",false,MAC_0001,MAC_0002,[REDACTED_DUPLICATE_PAYLOAD],3,52869,0,12,false,0:0:0:0:0:0:0:0,N/A,0,N/A,8110,"<13>Jul 24 15:41:50 10.0.0.10.Ptit AgentDevice=WindowsLog	AgentLogFile=Microsoft-Windows-Sysmon/Operational	PluginVersion=7.3.1.28	Source=Microsoft-Windows-Sysmon	Computer=AD01.ptit.edu.vn	OriginatingComputer=10.2.3.10	User=USER_0002	Domain=DOMAIN_0006.LOCAL	EventID=1	EventIDCode=1	EventType=4	EventCategory=1	RecordNumber=52947212	TimeGenerated=1784882509	TimeWritten=1784882509	Level=Informational	Keywords=0x8000000000000000	Task=SysmonTask-SYSMON_CREATE_PROCESS	Opcode=Info	Message=Process Create: RuleName: - UtcTime: 2026-07-24 08:41:49.284 ProcessGuid: {b59a7af0-254d-6a63-90f7-010000000b00} ProcessId: 14304 Image: C:\Windows\System32\svchost.exe FileVersion: 10.0.26100.1150 (WinBuild.160101.0800) Description: Host Process for Windows Services Product: Microsoft® Windows® Operating System Company: Microsoft Corporation OriginalFileName: svchost.exe CommandLine: C:\WINDOWS\system32\svchost.exe -k netsvcs -p -s wuauserv CurrentDirectory: C:\WINDOWS\system32\ User: NT DOMAIN_0008.LOCAL\USER_0002 LogonGuid: {b59a7af0-d22b-69f7-e703-000000000000} LogonId: 0x3E7 TerminalSessionId: 0 IntegrityLevel: System Hashes: SHA1=55EFB424933087D755B18468BC574DB4463D9CE6,MD5=0CD128F416A04C06D50EC56392C25D9F,SHA256=324451797AC909A4DD40C7A2F7347EF91F6B7C786941AD5035F609C0FC15EDAA,IMPHASH=DE43BD45CC98C143357416C7519ECCFD ParentProcessGuid: {b59a7af0-d229-69f7-0c00-000000000b00} ParentProcessId: 652 ParentImage: C:\Windows\System32\services.exe ParentCommandLine: C:\WINDOWS\system32\services.exe",Process Creation Success,N/A,1,0,unknown,N/A,Process Create,unknown,0,null,1784882509000,255,0,false,0,"true""""",Microsoft-Windows-Sysmon/Operational,HOST_0004,The process creation event provides extended information about a newly created process.,0,1784882522467,No Offense,255,HOST_0023 @ 10.0.0.10,false,3,false,N/A,10.0.0.10,false,1784882522467,5,NETWORK_0009,68,1,0,2,-1,HOST_0004,[REDACTED_DUPLICATE_PAYLOAD],USER_0002,5001828,false,null,N/A,"15:42:02, 24 thg 7, 2026","15:41:49, 24 thg 7, 2026",MAC_0002,HOST_0024,630,0,false,10.0.0.10,0,N/A,10.0.0.3,1,"15:42:02, 24 thg 7, 2026",0:0:0:0:0:0:0:0,N/A,null,"100221,100265,109237,109187,100668,156193,100272,134937,166353"
