N/A,false,0,0,USER_0004,HOST_0018,"{sysmon-eventid=17, Description=N/A, Message=N/A, Pipe Name=86DD3EC9-71FC-42E3-ADAA-03A59F78EE5D, sysmon-processid=5264, channel=Microsoft-Windows-Sysmon/Operational, Logon Account Domain=DOMAIN_0001.LOCAL, Object Name=N/A, Process Name=Veeam.AC.Agent.exe, sysmon-pipename=\86DD3EC9-71FC-42E3-ADAA-03A59F78EE5D, Account Name=USER_0004, Logon Type=N/A, Target User Domain=DOMAIN_0001.LOCAL, Account Security ID=S-1-5-21-0002, Share Name=N/A, Authentication Package=N/A, sysmon-processguid={3755dbef-5e18-6a5a-9c00-000000002100}, Logon Account Name=USER_0004, Realm=DOMAIN_0001.LOCAL, EventIDCode=17, Account ID=S-1-5-21-0002, Process Path=C:\Program Files\Veeam\Availability Console\CommunicationAgent\Veeam.AC.Agent.exe, sysmon-utctime=2026-07-24 07:40:06.695, Status Code=N/A, User Domain=DOMAIN_0001.LOCAL, Key Length=N/A, Target Username=USER_0004, Event ID=17, ProgramName=N/A, sysmon-user=USER_0002, Process GUID=N/A, Process ID=5264, sysmon-image=C:\Program Files\Veeam\Availability Console\CommunicationAgent\Veeam.AC.Agent.exe , Machine Identifier=HOST_0019, Object Type=N/A, Target Account Security ID=S-1-5-21-0002, Device Name=HOST_0019}",false,MAC_0001,MAC_0002,[REDACTED_DUPLICATE_PAYLOAD],8,53523,0,12,false,0:0:0:0:0:0:0:0,N/A,0,N/A,19012,<13>Jul 24 14:40:10 10.0.0.9.Thagaco AgentDevice=WindowsLog	AgentLogFile=Microsoft-Windows-Sysmon/Operational	PluginVersion=7.3.1.28	Source=Microsoft-Windows-Sysmon	Computer=VM-Bravo	OriginatingComputer=VM-Bravo	User=USER_0002	Domain=DOMAIN_0006.LOCAL	EventID=17	EventIDCode=17	EventType=4	EventCategory=17	RecordNumber=442311243	TimeGenerated=1784878806	TimeWritten=1784878806	Level=Informational	Keywords=0x8000000000000000	Task=SysmonTask-SYSMON_CREATE_NAMEDPIPE	Opcode=Info	Message=Pipe Created: RuleName: - EventType: CreatePipe UtcTime: 2026-07-24 07:40:06.695 ProcessGuid: {3755dbef-5e18-6a5a-9c00-000000002100} ProcessId: 5264 PipeName: \86DD3EC9-71FC-42E3-ADAA-03A59F78EE5D Image: C:\Program Files\Veeam\Availability Console\CommunicationAgent\Veeam.AC.Agent.exe ,Create Activity Succeeded,N/A,1,0,unknown,N/A,PipeEvent (Pipe Created),unknown,0,null,1784878806000,255,0,false,0,"true""""",Microsoft-Windows-Sysmon/Operational,HOST_0004,Named pipe created,0,1784878813190,No Offense,255,HOST_0020 @ 10.0.0.9,true,8,false,N/A,203.0.0.11,false,1784878813190,8,NETWORK_0007,55,17,0,8,-1,HOST_0004,[REDACTED_DUPLICATE_PAYLOAD],USER_0002,5001836,false,null,N/A,"14:40:13, 24 thg 7, 2026","14:40:06, 24 thg 7, 2026",MAC_0002,HOST_0016,447,0,false,203.0.0.11,0,N/A,10.0.0.3,6,"14:40:13, 24 thg 7, 2026",0:0:0:0:0:0:0:0,N/A,null,"100221,100737,100736,100265,109237,109187,156193,100337,100272,134937"
N/A,false,0,0,USER_0004,HOST_0018,"{sysmon-eventid=17, Description=N/A, Message=N/A, Pipe Name=86DD3EC9-71FC-42E3-ADAA-03A59F78EE5D, sysmon-processid=5264, channel=Microsoft-Windows-Sysmon/Operational, Logon Account Domain=DOMAIN_0001.LOCAL, Object Name=N/A, Process Name=Veeam.AC.Agent.exe, sysmon-pipename=\86DD3EC9-71FC-42E3-ADAA-03A59F78EE5D, Account Name=USER_0004, Logon Type=N/A, Target User Domain=DOMAIN_0001.LOCAL, Account Security ID=S-1-5-21-0002, Share Name=N/A, Authentication Package=N/A, sysmon-processguid={3755dbef-5e18-6a5a-9c00-000000002100}, Logon Account Name=USER_0004, Realm=DOMAIN_0001.LOCAL, EventIDCode=17, Account ID=S-1-5-21-0002, Process Path=C:\Program Files\Veeam\Availability Console\CommunicationAgent\Veeam.AC.Agent.exe, sysmon-utctime=2026-07-24 07:39:06.667, Status Code=N/A, User Domain=DOMAIN_0001.LOCAL, Key Length=N/A, Target Username=USER_0004, Event ID=17, ProgramName=N/A, sysmon-user=USER_0002, Process GUID=N/A, Process ID=5264, sysmon-image=C:\Program Files\Veeam\Availability Console\CommunicationAgent\Veeam.AC.Agent.exe , Machine Identifier=HOST_0019, Object Type=N/A, Target Account Security ID=S-1-5-21-0002, Device Name=HOST_0019}",false,MAC_0001,MAC_0002,[REDACTED_DUPLICATE_PAYLOAD],8,53523,0,12,false,0:0:0:0:0:0:0:0,N/A,0,N/A,19012,<13>Jul 24 14:39:10 10.0.0.9.Thagaco AgentDevice=WindowsLog	AgentLogFile=Microsoft-Windows-Sysmon/Operational	PluginVersion=7.3.1.28	Source=Microsoft-Windows-Sysmon	Computer=VM-Bravo	OriginatingComputer=VM-Bravo	User=USER_0002	Domain=DOMAIN_0006.LOCAL	EventID=17	EventIDCode=17	EventType=4	EventCategory=17	RecordNumber=442308952	TimeGenerated=1784878746	TimeWritten=1784878746	Level=Informational	Keywords=0x8000000000000000	Task=SysmonTask-SYSMON_CREATE_NAMEDPIPE	Opcode=Info	Message=Pipe Created: RuleName: - EventType: CreatePipe UtcTime: 2026-07-24 07:39:06.667 ProcessGuid: {3755dbef-5e18-6a5a-9c00-000000002100} ProcessId: 5264 PipeName: \86DD3EC9-71FC-42E3-ADAA-03A59F78EE5D Image: C:\Program Files\Veeam\Availability Console\CommunicationAgent\Veeam.AC.Agent.exe ,Create Activity Succeeded,N/A,1,0,unknown,N/A,PipeEvent (Pipe Created),unknown,0,null,1784878746000,255,0,false,0,"true""""",Microsoft-Windows-Sysmon/Operational,HOST_0004,Named pipe created,0,1784878753174,No Offense,255,HOST_0020 @ 10.0.0.9,true,8,false,N/A,203.0.0.11,false,1784878753174,8,NETWORK_0007,55,17,0,8,-1,HOST_0004,[REDACTED_DUPLICATE_PAYLOAD],USER_0002,5001836,false,null,N/A,"14:39:13, 24 thg 7, 2026","14:39:06, 24 thg 7, 2026",MAC_0002,HOST_0016,447,0,false,203.0.0.11,0,N/A,10.0.0.3,6,"14:39:13, 24 thg 7, 2026",0:0:0:0:0:0:0:0,N/A,null,"100221,100737,100736,100265,109237,109187,156193,100337,100272,134937"
N/A,false,0,0,USER_0004,HOST_0018,"{sysmon-eventid=17, Description=N/A, Message=N/A, Pipe Name=86DD3EC9-71FC-42E3-ADAA-03A59F78EE5D, sysmon-processid=5264, channel=Microsoft-Windows-Sysmon/Operational, Logon Account Domain=DOMAIN_0001.LOCAL, Object Name=N/A, Process Name=Veeam.AC.Agent.exe, sysmon-pipename=\86DD3EC9-71FC-42E3-ADAA-03A59F78EE5D, Account Name=USER_0004, Logon Type=N/A, Target User Domain=DOMAIN_0001.LOCAL, Account Security ID=S-1-5-21-0002, Share Name=N/A, Authentication Package=N/A, sysmon-processguid={3755dbef-5e18-6a5a-9c00-000000002100}, Logon Account Name=USER_0004, Realm=DOMAIN_0001.LOCAL, EventIDCode=17, Account ID=S-1-5-21-0002, Process Path=C:\Program Files\Veeam\Availability Console\CommunicationAgent\Veeam.AC.Agent.exe, sysmon-utctime=2026-07-24 07:35:36.609, Status Code=N/A, User Domain=DOMAIN_0001.LOCAL, Key Length=N/A, Target Username=USER_0004, Event ID=17, ProgramName=N/A, sysmon-user=USER_0002, Process GUID=N/A, Process ID=5264, sysmon-image=C:\Program Files\Veeam\Availability Console\CommunicationAgent\Veeam.AC.Agent.exe , Machine Identifier=HOST_0019, Object Type=N/A, Target Account Security ID=S-1-5-21-0002, Device Name=HOST_0019}",false,MAC_0001,MAC_0002,[REDACTED_DUPLICATE_PAYLOAD],8,53523,0,12,false,0:0:0:0:0:0:0:0,N/A,0,N/A,19012,<13>Jul 24 14:35:40 10.0.0.9.Thagaco AgentDevice=WindowsLog	AgentLogFile=Microsoft-Windows-Sysmon/Operational	PluginVersion=7.3.1.28	Source=Microsoft-Windows-Sysmon	Computer=VM-Bravo	OriginatingComputer=VM-Bravo	User=USER_0002	Domain=DOMAIN_0006.LOCAL	EventID=17	EventIDCode=17	EventType=4	EventCategory=17	RecordNumber=442289198	TimeGenerated=1784878536	TimeWritten=1784878536	Level=Informational	Keywords=0x8000000000000000	Task=SysmonTask-SYSMON_CREATE_NAMEDPIPE	Opcode=Info	Message=Pipe Created: RuleName: - EventType: CreatePipe UtcTime: 2026-07-24 07:35:36.609 ProcessGuid: {3755dbef-5e18-6a5a-9c00-000000002100} ProcessId: 5264 PipeName: \86DD3EC9-71FC-42E3-ADAA-03A59F78EE5D Image: C:\Program Files\Veeam\Availability Console\CommunicationAgent\Veeam.AC.Agent.exe ,Create Activity Succeeded,N/A,1,0,unknown,N/A,PipeEvent (Pipe Created),unknown,0,null,1784878536000,255,0,false,0,"true""""",Microsoft-Windows-Sysmon/Operational,HOST_0004,Named pipe created,0,1784878543263,No Offense,255,HOST_0020 @ 10.0.0.9,true,8,false,N/A,203.0.0.11,false,1784878543263,8,NETWORK_0007,55,17,0,8,-1,HOST_0004,[REDACTED_DUPLICATE_PAYLOAD],USER_0002,5001836,false,null,N/A,"14:35:43, 24 thg 7, 2026","14:35:36, 24 thg 7, 2026",MAC_0002,HOST_0016,447,0,false,203.0.0.11,0,N/A,10.0.0.3,6,"14:35:43, 24 thg 7, 2026",0:0:0:0:0:0:0:0,N/A,null,"100221,100737,100736,100265,109237,109187,156193,100337,100272,134937"
N/A,false,0,0,USER_0004,HOST_0018,"{sysmon-eventid=17, Description=N/A, Message=N/A, Pipe Name=86DD3EC9-71FC-42E3-ADAA-03A59F78EE5D, sysmon-processid=5264, channel=Microsoft-Windows-Sysmon/Operational, Logon Account Domain=DOMAIN_0001.LOCAL, Object Name=N/A, Process Name=Veeam.AC.Agent.exe, sysmon-pipename=\86DD3EC9-71FC-42E3-ADAA-03A59F78EE5D, Account Name=USER_0004, Logon Type=N/A, Target User Domain=DOMAIN_0001.LOCAL, Account Security ID=S-1-5-21-0002, Share Name=N/A, Authentication Package=N/A, sysmon-processguid={3755dbef-5e18-6a5a-9c00-000000002100}, Logon Account Name=USER_0004, Realm=DOMAIN_0001.LOCAL, EventIDCode=17, Account ID=S-1-5-21-0002, Process Path=C:\Program Files\Veeam\Availability Console\CommunicationAgent\Veeam.AC.Agent.exe, sysmon-utctime=2026-07-24 07:31:06.537, Status Code=N/A, User Domain=DOMAIN_0001.LOCAL, Key Length=N/A, Target Username=USER_0004, Event ID=17, ProgramName=N/A, sysmon-user=USER_0002, Process GUID=N/A, Process ID=5264, sysmon-image=C:\Program Files\Veeam\Availability Console\CommunicationAgent\Veeam.AC.Agent.exe , Machine Identifier=HOST_0019, Object Type=N/A, Target Account Security ID=S-1-5-21-0002, Device Name=HOST_0019}",false,MAC_0001,MAC_0002,[REDACTED_DUPLICATE_PAYLOAD],8,53523,0,12,false,0:0:0:0:0:0:0:0,N/A,0,N/A,19012,<13>Jul 24 14:31:07 10.0.0.9.Thagaco AgentDevice=WindowsLog	AgentLogFile=Microsoft-Windows-Sysmon/Operational	PluginVersion=7.3.1.28	Source=Microsoft-Windows-Sysmon	Computer=VM-Bravo	OriginatingComputer=VM-Bravo	User=USER_0002	Domain=DOMAIN_0006.LOCAL	EventID=17	EventIDCode=17	EventType=4	EventCategory=17	RecordNumber=442278875	TimeGenerated=1784878266	TimeWritten=1784878266	Level=Informational	Keywords=0x8000000000000000	Task=SysmonTask-SYSMON_CREATE_NAMEDPIPE	Opcode=Info	Message=Pipe Created: RuleName: - EventType: CreatePipe UtcTime: 2026-07-24 07:31:06.537 ProcessGuid: {3755dbef-5e18-6a5a-9c00-000000002100} ProcessId: 5264 PipeName: \86DD3EC9-71FC-42E3-ADAA-03A59F78EE5D Image: C:\Program Files\Veeam\Availability Console\CommunicationAgent\Veeam.AC.Agent.exe ,Create Activity Succeeded,N/A,1,0,unknown,N/A,PipeEvent (Pipe Created),unknown,0,null,1784878266000,255,0,false,0,"true""""",Microsoft-Windows-Sysmon/Operational,HOST_0004,Named pipe created,0,1784878274586,No Offense,255,HOST_0020 @ 10.0.0.9,true,8,false,N/A,203.0.0.11,false,1784878274586,8,NETWORK_0007,55,17,0,8,-1,HOST_0004,[REDACTED_DUPLICATE_PAYLOAD],USER_0002,5001836,false,null,N/A,"14:31:14, 24 thg 7, 2026","14:31:06, 24 thg 7, 2026",MAC_0002,HOST_0016,447,0,false,203.0.0.11,0,N/A,10.0.0.3,6,"14:31:14, 24 thg 7, 2026",0:0:0:0:0:0:0:0,N/A,null,"100221,100737,100736,100265,109237,109187,156193,100337,100272,134937"
N/A,false,0,0,USER_0004,HOST_0018,"{sysmon-eventid=17, Description=N/A, Message=N/A, Pipe Name=86DD3EC9-71FC-42E3-ADAA-03A59F78EE5D, sysmon-processid=5264, channel=Microsoft-Windows-Sysmon/Operational, Logon Account Domain=DOMAIN_0001.LOCAL, Object Name=N/A, Process Name=Veeam.AC.Agent.exe, sysmon-pipename=\86DD3EC9-71FC-42E3-ADAA-03A59F78EE5D, Account Name=USER_0004, Logon Type=N/A, Target User Domain=DOMAIN_0001.LOCAL, Account Security ID=S-1-5-21-0002, Share Name=N/A, Authentication Package=N/A, sysmon-processguid={3755dbef-5e18-6a5a-9c00-000000002100}, Logon Account Name=USER_0004, Realm=DOMAIN_0001.LOCAL, EventIDCode=17, Account ID=S-1-5-21-0002, Process Path=C:\Program Files\Veeam\Availability Console\CommunicationAgent\Veeam.AC.Agent.exe, sysmon-utctime=2026-07-24 07:27:36.464, Status Code=N/A, User Domain=DOMAIN_0001.LOCAL, Key Length=N/A, Target Username=USER_0004, Event ID=17, ProgramName=N/A, sysmon-user=USER_0002, Process GUID=N/A, Process ID=5264, sysmon-image=C:\Program Files\Veeam\Availability Console\CommunicationAgent\Veeam.AC.Agent.exe , Machine Identifier=HOST_0019, Object Type=N/A, Target Account Security ID=S-1-5-21-0002, Device Name=HOST_0019}",false,MAC_0001,MAC_0002,[REDACTED_DUPLICATE_PAYLOAD],8,53523,0,12,false,0:0:0:0:0:0:0:0,N/A,0,N/A,19012,<13>Jul 24 14:27:37 10.0.0.9.Thagaco AgentDevice=WindowsLog	AgentLogFile=Microsoft-Windows-Sysmon/Operational	PluginVersion=7.3.1.28	Source=Microsoft-Windows-Sysmon	Computer=VM-Bravo	OriginatingComputer=VM-Bravo	User=USER_0002	Domain=DOMAIN_0006.LOCAL	EventID=17	EventIDCode=17	EventType=4	EventCategory=17	RecordNumber=442271559	TimeGenerated=1784878056	TimeWritten=1784878056	Level=Informational	Keywords=0x8000000000000000	Task=SysmonTask-SYSMON_CREATE_NAMEDPIPE	Opcode=Info	Message=Pipe Created: RuleName: - EventType: CreatePipe UtcTime: 2026-07-24 07:27:36.464 ProcessGuid: {3755dbef-5e18-6a5a-9c00-000000002100} ProcessId: 5264 PipeName: \86DD3EC9-71FC-42E3-ADAA-03A59F78EE5D Image: C:\Program Files\Veeam\Availability Console\CommunicationAgent\Veeam.AC.Agent.exe ,Create Activity Succeeded,N/A,1,0,unknown,N/A,PipeEvent (Pipe Created),unknown,0,null,1784878056000,255,0,false,0,"true""""",Microsoft-Windows-Sysmon/Operational,HOST_0004,Named pipe created,0,1784878062586,No Offense,255,HOST_0020 @ 10.0.0.9,true,8,false,N/A,203.0.0.11,false,1784878062586,8,NETWORK_0007,55,17,0,8,-1,HOST_0004,[REDACTED_DUPLICATE_PAYLOAD],USER_0002,5001836,false,null,N/A,"14:27:42, 24 thg 7, 2026","14:27:36, 24 thg 7, 2026",MAC_0002,HOST_0016,447,0,false,203.0.0.11,0,N/A,10.0.0.3,6,"14:27:42, 24 thg 7, 2026",0:0:0:0:0:0:0:0,N/A,null,"100221,100737,100736,100265,109237,109187,156193,100337,100272,134937"
N/A,false,0,0,USER_0004,HOST_0018,"{sysmon-eventid=17, Description=N/A, Message=N/A, Pipe Name=86DD3EC9-71FC-42E3-ADAA-03A59F78EE5D, sysmon-processid=5264, channel=Microsoft-Windows-Sysmon/Operational, Logon Account Domain=DOMAIN_0001.LOCAL, Object Name=N/A, Process Name=Veeam.AC.Agent.exe, sysmon-pipename=\86DD3EC9-71FC-42E3-ADAA-03A59F78EE5D, Account Name=USER_0004, Logon Type=N/A, Target User Domain=DOMAIN_0001.LOCAL, Account Security ID=S-1-5-21-0002, Share Name=N/A, Authentication Package=N/A, sysmon-processguid={3755dbef-5e18-6a5a-9c00-000000002100}, Logon Account Name=USER_0004, Realm=DOMAIN_0001.LOCAL, EventIDCode=17, Account ID=S-1-5-21-0002, Process Path=C:\Program Files\Veeam\Availability Console\CommunicationAgent\Veeam.AC.Agent.exe, sysmon-utctime=2026-07-24 07:25:36.432, Status Code=N/A, User Domain=DOMAIN_0001.LOCAL, Key Length=N/A, Target Username=USER_0004, Event ID=17, ProgramName=N/A, sysmon-user=USER_0002, Process GUID=N/A, Process ID=5264, sysmon-image=C:\Program Files\Veeam\Availability Console\CommunicationAgent\Veeam.AC.Agent.exe , Machine Identifier=HOST_0019, Object Type=N/A, Target Account Security ID=S-1-5-21-0002, Device Name=HOST_0019}",false,MAC_0001,MAC_0002,[REDACTED_DUPLICATE_PAYLOAD],8,53523,0,12,false,0:0:0:0:0:0:0:0,N/A,0,N/A,19012,<13>Jul 24 14:25:40 10.0.0.9.Thagaco AgentDevice=WindowsLog	AgentLogFile=Microsoft-Windows-Sysmon/Operational	PluginVersion=7.3.1.28	Source=Microsoft-Windows-Sysmon	Computer=VM-Bravo	OriginatingComputer=VM-Bravo	User=USER_0002	Domain=DOMAIN_0006.LOCAL	EventID=17	EventIDCode=17	EventType=4	EventCategory=17	RecordNumber=442267032	TimeGenerated=1784877936	TimeWritten=1784877936	Level=Informational	Keywords=0x8000000000000000	Task=SysmonTask-SYSMON_CREATE_NAMEDPIPE	Opcode=Info	Message=Pipe Created: RuleName: - EventType: CreatePipe UtcTime: 2026-07-24 07:25:36.432 ProcessGuid: {3755dbef-5e18-6a5a-9c00-000000002100} ProcessId: 5264 PipeName: \86DD3EC9-71FC-42E3-ADAA-03A59F78EE5D Image: C:\Program Files\Veeam\Availability Console\CommunicationAgent\Veeam.AC.Agent.exe ,Create Activity Succeeded,N/A,1,0,unknown,N/A,PipeEvent (Pipe Created),unknown,0,null,1784877936000,255,0,false,0,"true""""",Microsoft-Windows-Sysmon/Operational,HOST_0004,Named pipe created,0,1784877943082,No Offense,255,HOST_0020 @ 10.0.0.9,true,8,false,N/A,203.0.0.11,false,1784877943082,8,NETWORK_0007,55,17,0,8,-1,HOST_0004,[REDACTED_DUPLICATE_PAYLOAD],USER_0002,5001836,false,null,N/A,"14:25:43, 24 thg 7, 2026","14:25:36, 24 thg 7, 2026",MAC_0002,HOST_0016,447,0,false,203.0.0.11,0,N/A,10.0.0.3,6,"14:25:43, 24 thg 7, 2026",0:0:0:0:0:0:0:0,N/A,null,"100221,100737,100736,100265,109237,109187,156193,100337,100272,134937"
N/A,false,0,0,USER_0004,HOST_0018,"{sysmon-eventid=17, Description=N/A, Message=N/A, Pipe Name=86DD3EC9-71FC-42E3-ADAA-03A59F78EE5D, sysmon-processid=5264, channel=Microsoft-Windows-Sysmon/Operational, Logon Account Domain=DOMAIN_0001.LOCAL, Object Name=N/A, Process Name=Veeam.AC.Agent.exe, sysmon-pipename=\86DD3EC9-71FC-42E3-ADAA-03A59F78EE5D, Account Name=USER_0004, Logon Type=N/A, Target User Domain=DOMAIN_0001.LOCAL, Account Security ID=S-1-5-21-0002, Share Name=N/A, Authentication Package=N/A, sysmon-processguid={3755dbef-5e18-6a5a-9c00-000000002100}, Logon Account Name=USER_0004, Realm=DOMAIN_0001.LOCAL, EventIDCode=17, Account ID=S-1-5-21-0002, Process Path=C:\Program Files\Veeam\Availability Console\CommunicationAgent\Veeam.AC.Agent.exe, sysmon-utctime=2026-07-24 07:25:06.412, Status Code=N/A, User Domain=DOMAIN_0001.LOCAL, Key Length=N/A, Target Username=USER_0004, Event ID=17, ProgramName=N/A, sysmon-user=USER_0002, Process GUID=N/A, Process ID=5264, sysmon-image=C:\Program Files\Veeam\Availability Console\CommunicationAgent\Veeam.AC.Agent.exe , Machine Identifier=HOST_0019, Object Type=N/A, Target Account Security ID=S-1-5-21-0002, Device Name=HOST_0019}",false,MAC_0001,MAC_0002,[REDACTED_DUPLICATE_PAYLOAD],8,53523,0,12,false,0:0:0:0:0:0:0:0,N/A,0,N/A,19012,<13>Jul 24 14:25:07 10.0.0.9.Thagaco AgentDevice=WindowsLog	AgentLogFile=Microsoft-Windows-Sysmon/Operational	PluginVersion=7.3.1.28	Source=Microsoft-Windows-Sysmon	Computer=VM-Bravo	OriginatingComputer=VM-Bravo	User=USER_0002	Domain=DOMAIN_0006.LOCAL	EventID=17	EventIDCode=17	EventType=4	EventCategory=17	RecordNumber=442265540	TimeGenerated=1784877906	TimeWritten=1784877906	Level=Informational	Keywords=0x8000000000000000	Task=SysmonTask-SYSMON_CREATE_NAMEDPIPE	Opcode=Info	Message=Pipe Created: RuleName: - EventType: CreatePipe UtcTime: 2026-07-24 07:25:06.412 ProcessGuid: {3755dbef-5e18-6a5a-9c00-000000002100} ProcessId: 5264 PipeName: \86DD3EC9-71FC-42E3-ADAA-03A59F78EE5D Image: C:\Program Files\Veeam\Availability Console\CommunicationAgent\Veeam.AC.Agent.exe ,Create Activity Succeeded,N/A,1,0,unknown,N/A,PipeEvent (Pipe Created),unknown,0,null,1784877906000,255,0,false,0,"true""""",Microsoft-Windows-Sysmon/Operational,HOST_0004,Named pipe created,0,1784877914582,No Offense,255,HOST_0020 @ 10.0.0.9,true,8,false,N/A,203.0.0.11,false,1784877914582,8,NETWORK_0007,55,17,0,8,-1,HOST_0004,[REDACTED_DUPLICATE_PAYLOAD],USER_0002,5001836,false,null,N/A,"14:25:14, 24 thg 7, 2026","14:25:06, 24 thg 7, 2026",MAC_0002,HOST_0016,447,0,false,203.0.0.11,0,N/A,10.0.0.3,6,"14:25:14, 24 thg 7, 2026",0:0:0:0:0:0:0:0,N/A,null,"100221,100737,100736,100265,109237,109187,156193,100337,100272,134937"
N/A,false,0,0,USER_0004,HOST_0018,"{sysmon-eventid=17, Description=N/A, Message=N/A, Pipe Name=86DD3EC9-71FC-42E3-ADAA-03A59F78EE5D, sysmon-processid=5264, channel=Microsoft-Windows-Sysmon/Operational, Logon Account Domain=DOMAIN_0001.LOCAL, Object Name=N/A, Process Name=Veeam.AC.Agent.exe, sysmon-pipename=\86DD3EC9-71FC-42E3-ADAA-03A59F78EE5D, Account Name=USER_0004, Logon Type=N/A, Target User Domain=DOMAIN_0001.LOCAL, Account Security ID=S-1-5-21-0002, Share Name=N/A, Authentication Package=N/A, sysmon-processguid={3755dbef-5e18-6a5a-9c00-000000002100}, Logon Account Name=USER_0004, Realm=DOMAIN_0001.LOCAL, EventIDCode=17, Account ID=S-1-5-21-0002, Process Path=C:\Program Files\Veeam\Availability Console\CommunicationAgent\Veeam.AC.Agent.exe, sysmon-utctime=2026-07-24 07:24:36.397, Status Code=N/A, User Domain=DOMAIN_0001.LOCAL, Key Length=N/A, Target Username=USER_0004, Event ID=17, ProgramName=N/A, sysmon-user=USER_0002, Process GUID=N/A, Process ID=5264, sysmon-image=C:\Program Files\Veeam\Availability Console\CommunicationAgent\Veeam.AC.Agent.exe , Machine Identifier=HOST_0019, Object Type=N/A, Target Account Security ID=S-1-5-21-0002, Device Name=HOST_0019}",false,MAC_0001,MAC_0002,[REDACTED_DUPLICATE_PAYLOAD],8,53523,0,12,false,0:0:0:0:0:0:0:0,N/A,0,N/A,19012,<13>Jul 24 14:24:40 10.0.0.9.Thagaco AgentDevice=WindowsLog	AgentLogFile=Microsoft-Windows-Sysmon/Operational	PluginVersion=7.3.1.28	Source=Microsoft-Windows-Sysmon	Computer=VM-Bravo	OriginatingComputer=VM-Bravo	User=USER_0002	Domain=DOMAIN_0006.LOCAL	EventID=17	EventIDCode=17	EventType=4	EventCategory=17	RecordNumber=442264972	TimeGenerated=1784877876	TimeWritten=1784877876	Level=Informational	Keywords=0x8000000000000000	Task=SysmonTask-SYSMON_CREATE_NAMEDPIPE	Opcode=Info	Message=Pipe Created: RuleName: - EventType: CreatePipe UtcTime: 2026-07-24 07:24:36.397 ProcessGuid: {3755dbef-5e18-6a5a-9c00-000000002100} ProcessId: 5264 PipeName: \86DD3EC9-71FC-42E3-ADAA-03A59F78EE5D Image: C:\Program Files\Veeam\Availability Console\CommunicationAgent\Veeam.AC.Agent.exe ,Create Activity Succeeded,N/A,1,0,unknown,N/A,PipeEvent (Pipe Created),unknown,0,null,1784877876000,255,0,false,0,"true""""",Microsoft-Windows-Sysmon/Operational,HOST_0004,Named pipe created,0,1784877882672,No Offense,255,HOST_0020 @ 10.0.0.9,true,8,false,N/A,203.0.0.11,false,1784877882672,8,NETWORK_0007,55,17,0,8,-1,HOST_0004,[REDACTED_DUPLICATE_PAYLOAD],USER_0002,5001836,false,null,N/A,"14:24:42, 24 thg 7, 2026","14:24:36, 24 thg 7, 2026",MAC_0002,HOST_0016,447,0,false,203.0.0.11,0,N/A,10.0.0.3,6,"14:24:42, 24 thg 7, 2026",0:0:0:0:0:0:0:0,N/A,null,"100221,100737,100736,100265,109237,109187,156193,100337,100272,134937"
N/A,false,0,0,USER_0004,HOST_0018,"{sysmon-eventid=17, Description=N/A, Message=N/A, Pipe Name=86DD3EC9-71FC-42E3-ADAA-03A59F78EE5D, sysmon-processid=5264, channel=Microsoft-Windows-Sysmon/Operational, Logon Account Domain=DOMAIN_0001.LOCAL, Object Name=N/A, Process Name=Veeam.AC.Agent.exe, sysmon-pipename=\86DD3EC9-71FC-42E3-ADAA-03A59F78EE5D, Account Name=USER_0004, Logon Type=N/A, Target User Domain=DOMAIN_0001.LOCAL, Account Security ID=S-1-5-21-0002, Share Name=N/A, Authentication Package=N/A, sysmon-processguid={3755dbef-5e18-6a5a-9c00-000000002100}, Logon Account Name=USER_0004, Realm=DOMAIN_0001.LOCAL, EventIDCode=17, Account ID=S-1-5-21-0002, Process Path=C:\Program Files\Veeam\Availability Console\CommunicationAgent\Veeam.AC.Agent.exe, sysmon-utctime=2026-07-24 07:21:36.344, Status Code=N/A, User Domain=DOMAIN_0001.LOCAL, Key Length=N/A, Target Username=USER_0004, Event ID=17, ProgramName=N/A, sysmon-user=USER_0002, Process GUID=N/A, Process ID=5264, sysmon-image=C:\Program Files\Veeam\Availability Console\CommunicationAgent\Veeam.AC.Agent.exe , Machine Identifier=HOST_0019, Object Type=N/A, Target Account Security ID=S-1-5-21-0002, Device Name=HOST_0019}",false,MAC_0001,MAC_0002,[REDACTED_DUPLICATE_PAYLOAD],8,53523,0,12,false,0:0:0:0:0:0:0:0,N/A,0,N/A,19012,<13>Jul 24 14:21:40 10.0.0.9.Thagaco AgentDevice=WindowsLog	AgentLogFile=Microsoft-Windows-Sysmon/Operational	PluginVersion=7.3.1.28	Source=Microsoft-Windows-Sysmon	Computer=VM-Bravo	OriginatingComputer=VM-Bravo	User=USER_0002	Domain=DOMAIN_0006.LOCAL	EventID=17	EventIDCode=17	EventType=4	EventCategory=17	RecordNumber=442252417	TimeGenerated=1784877696	TimeWritten=1784877696	Level=Informational	Keywords=0x8000000000000000	Task=SysmonTask-SYSMON_CREATE_NAMEDPIPE	Opcode=Info	Message=Pipe Created: RuleName: - EventType: CreatePipe UtcTime: 2026-07-24 07:21:36.344 ProcessGuid: {3755dbef-5e18-6a5a-9c00-000000002100} ProcessId: 5264 PipeName: \86DD3EC9-71FC-42E3-ADAA-03A59F78EE5D Image: C:\Program Files\Veeam\Availability Console\CommunicationAgent\Veeam.AC.Agent.exe ,Create Activity Succeeded,N/A,1,0,unknown,N/A,PipeEvent (Pipe Created),unknown,0,null,1784877696000,255,0,false,0,"true""""",Microsoft-Windows-Sysmon/Operational,HOST_0004,Named pipe created,0,1784877702611,No Offense,255,HOST_0020 @ 10.0.0.9,true,8,false,N/A,203.0.0.11,false,1784877702611,8,NETWORK_0007,55,17,0,8,-1,HOST_0004,[REDACTED_DUPLICATE_PAYLOAD],USER_0002,5001836,false,null,N/A,"14:21:42, 24 thg 7, 2026","14:21:36, 24 thg 7, 2026",MAC_0002,HOST_0016,447,0,false,203.0.0.11,0,N/A,10.0.0.3,6,"14:21:42, 24 thg 7, 2026",0:0:0:0:0:0:0:0,N/A,null,"100221,100737,100736,100265,109237,109187,156193,100337,100272,134937"
N/A,false,0,0,USER_0004,HOST_0018,"{sysmon-eventid=17, Description=N/A, Message=N/A, Pipe Name=86DD3EC9-71FC-42E3-ADAA-03A59F78EE5D, sysmon-processid=5264, channel=Microsoft-Windows-Sysmon/Operational, Logon Account Domain=DOMAIN_0001.LOCAL, Object Name=N/A, Process Name=Veeam.AC.Agent.exe, sysmon-pipename=\86DD3EC9-71FC-42E3-ADAA-03A59F78EE5D, Account Name=USER_0004, Logon Type=N/A, Target User Domain=DOMAIN_0001.LOCAL, Account Security ID=S-1-5-21-0002, Share Name=N/A, Authentication Package=N/A, sysmon-processguid={3755dbef-5e18-6a5a-9c00-000000002100}, Logon Account Name=USER_0004, Realm=DOMAIN_0001.LOCAL, EventIDCode=17, Account ID=S-1-5-21-0002, Process Path=C:\Program Files\Veeam\Availability Console\CommunicationAgent\Veeam.AC.Agent.exe, sysmon-utctime=2026-07-24 07:21:06.340, Status Code=N/A, User Domain=DOMAIN_0001.LOCAL, Key Length=N/A, Target Username=USER_0004, Event ID=17, ProgramName=N/A, sysmon-user=USER_0002, Process GUID=N/A, Process ID=5264, sysmon-image=C:\Program Files\Veeam\Availability Console\CommunicationAgent\Veeam.AC.Agent.exe , Machine Identifier=HOST_0019, Object Type=N/A, Target Account Security ID=S-1-5-21-0002, Device Name=HOST_0019}",false,MAC_0001,MAC_0002,[REDACTED_DUPLICATE_PAYLOAD],8,53523,0,12,false,0:0:0:0:0:0:0:0,N/A,0,N/A,19012,<13>Jul 24 14:21:10 10.0.0.9.Thagaco AgentDevice=WindowsLog	AgentLogFile=Microsoft-Windows-Sysmon/Operational	PluginVersion=7.3.1.28	Source=Microsoft-Windows-Sysmon	Computer=VM-Bravo	OriginatingComputer=VM-Bravo	User=USER_0002	Domain=DOMAIN_0006.LOCAL	EventID=17	EventIDCode=17	EventType=4	EventCategory=17	RecordNumber=442250432	TimeGenerated=1784877666	TimeWritten=1784877666	Level=Informational	Keywords=0x8000000000000000	Task=SysmonTask-SYSMON_CREATE_NAMEDPIPE	Opcode=Info	Message=Pipe Created: RuleName: - EventType: CreatePipe UtcTime: 2026-07-24 07:21:06.340 ProcessGuid: {3755dbef-5e18-6a5a-9c00-000000002100} ProcessId: 5264 PipeName: \86DD3EC9-71FC-42E3-ADAA-03A59F78EE5D Image: C:\Program Files\Veeam\Availability Console\CommunicationAgent\Veeam.AC.Agent.exe ,Create Activity Succeeded,N/A,1,0,unknown,N/A,PipeEvent (Pipe Created),unknown,0,null,1784877666000,255,0,false,0,"true""""",Microsoft-Windows-Sysmon/Operational,HOST_0004,Named pipe created,0,1784877673201,No Offense,255,HOST_0020 @ 10.0.0.9,true,8,false,N/A,203.0.0.11,false,1784877673201,8,NETWORK_0007,55,17,0,8,-1,HOST_0004,[REDACTED_DUPLICATE_PAYLOAD],USER_0002,5001836,false,null,N/A,"14:21:13, 24 thg 7, 2026","14:21:06, 24 thg 7, 2026",MAC_0002,HOST_0016,447,0,false,203.0.0.11,0,N/A,10.0.0.3,6,"14:21:13, 24 thg 7, 2026",0:0:0:0:0:0:0:0,N/A,null,"100221,100737,100736,100265,109237,109187,156193,100337,100272,134937"
N/A,false,0,0,USER_0004,HOST_0018,"{sysmon-eventid=17, Description=N/A, Message=N/A, Pipe Name=86DD3EC9-71FC-42E3-ADAA-03A59F78EE5D, sysmon-processid=5264, channel=Microsoft-Windows-Sysmon/Operational, Logon Account Domain=DOMAIN_0001.LOCAL, Object Name=N/A, Process Name=Veeam.AC.Agent.exe, sysmon-pipename=\86DD3EC9-71FC-42E3-ADAA-03A59F78EE5D, Account Name=USER_0004, Logon Type=N/A, Target User Domain=DOMAIN_0001.LOCAL, Account Security ID=S-1-5-21-0002, Share Name=N/A, Authentication Package=N/A, sysmon-processguid={3755dbef-5e18-6a5a-9c00-000000002100}, Logon Account Name=USER_0004, Realm=DOMAIN_0001.LOCAL, EventIDCode=17, Account ID=S-1-5-21-0002, Process Path=C:\Program Files\Veeam\Availability Console\CommunicationAgent\Veeam.AC.Agent.exe, sysmon-utctime=2026-07-24 07:17:06.284, Status Code=N/A, User Domain=DOMAIN_0001.LOCAL, Key Length=N/A, Target Username=USER_0004, Event ID=17, ProgramName=N/A, sysmon-user=USER_0002, Process GUID=N/A, Process ID=5264, sysmon-image=C:\Program Files\Veeam\Availability Console\CommunicationAgent\Veeam.AC.Agent.exe , Machine Identifier=HOST_0019, Object Type=N/A, Target Account Security ID=S-1-5-21-0002, Device Name=HOST_0019}",false,MAC_0001,MAC_0002,[REDACTED_DUPLICATE_PAYLOAD],8,53523,0,12,false,0:0:0:0:0:0:0:0,N/A,0,N/A,19012,<13>Jul 24 14:17:10 10.0.0.9.Thagaco AgentDevice=WindowsLog	AgentLogFile=Microsoft-Windows-Sysmon/Operational	PluginVersion=7.3.1.28	Source=Microsoft-Windows-Sysmon	Computer=VM-Bravo	OriginatingComputer=VM-Bravo	User=USER_0002	Domain=DOMAIN_0006.LOCAL	EventID=17	EventIDCode=17	EventType=4	EventCategory=17	RecordNumber=442241575	TimeGenerated=1784877426	TimeWritten=1784877426	Level=Informational	Keywords=0x8000000000000000	Task=SysmonTask-SYSMON_CREATE_NAMEDPIPE	Opcode=Info	Message=Pipe Created: RuleName: - EventType: CreatePipe UtcTime: 2026-07-24 07:17:06.284 ProcessGuid: {3755dbef-5e18-6a5a-9c00-000000002100} ProcessId: 5264 PipeName: \86DD3EC9-71FC-42E3-ADAA-03A59F78EE5D Image: C:\Program Files\Veeam\Availability Console\CommunicationAgent\Veeam.AC.Agent.exe ,Create Activity Succeeded,N/A,1,0,unknown,N/A,PipeEvent (Pipe Created),unknown,0,null,1784877426000,255,0,false,0,"true""""",Microsoft-Windows-Sysmon/Operational,HOST_0004,Named pipe created,0,1784877432618,No Offense,255,HOST_0020 @ 10.0.0.9,true,8,false,N/A,203.0.0.11,false,1784877432618,8,NETWORK_0007,55,17,0,8,-1,HOST_0004,[REDACTED_DUPLICATE_PAYLOAD],USER_0002,5001836,false,null,N/A,"14:17:12, 24 thg 7, 2026","14:17:06, 24 thg 7, 2026",MAC_0002,HOST_0016,447,0,false,203.0.0.11,0,N/A,10.0.0.3,6,"14:17:12, 24 thg 7, 2026",0:0:0:0:0:0:0:0,N/A,null,"100221,100737,100736,100265,109237,109187,156193,100337,100272,134937"
N/A,false,0,0,USER_0004,HOST_0018,"{sysmon-eventid=17, Description=N/A, Message=N/A, Pipe Name=86DD3EC9-71FC-42E3-ADAA-03A59F78EE5D, sysmon-processid=5264, channel=Microsoft-Windows-Sysmon/Operational, Logon Account Domain=DOMAIN_0001.LOCAL, Object Name=N/A, Process Name=Veeam.AC.Agent.exe, sysmon-pipename=\86DD3EC9-71FC-42E3-ADAA-03A59F78EE5D, Account Name=USER_0004, Logon Type=N/A, Target User Domain=DOMAIN_0001.LOCAL, Account Security ID=S-1-5-21-0002, Share Name=N/A, Authentication Package=N/A, sysmon-processguid={3755dbef-5e18-6a5a-9c00-000000002100}, Logon Account Name=USER_0004, Realm=DOMAIN_0001.LOCAL, EventIDCode=17, Account ID=S-1-5-21-0002, Process Path=C:\Program Files\Veeam\Availability Console\CommunicationAgent\Veeam.AC.Agent.exe, sysmon-utctime=2026-07-24 07:16:06.270, Status Code=N/A, User Domain=DOMAIN_0001.LOCAL, Key Length=N/A, Target Username=USER_0004, Event ID=17, ProgramName=N/A, sysmon-user=USER_0002, Process GUID=N/A, Process ID=5264, sysmon-image=C:\Program Files\Veeam\Availability Console\CommunicationAgent\Veeam.AC.Agent.exe , Machine Identifier=HOST_0019, Object Type=N/A, Target Account Security ID=S-1-5-21-0002, Device Name=HOST_0019}",false,MAC_0001,MAC_0002,[REDACTED_DUPLICATE_PAYLOAD],8,53523,0,12,false,0:0:0:0:0:0:0:0,N/A,0,N/A,19012,<13>Jul 24 14:16:10 10.0.0.9.Thagaco AgentDevice=WindowsLog	AgentLogFile=Microsoft-Windows-Sysmon/Operational	PluginVersion=7.3.1.28	Source=Microsoft-Windows-Sysmon	Computer=VM-Bravo	OriginatingComputer=VM-Bravo	User=USER_0002	Domain=DOMAIN_0006.LOCAL	EventID=17	EventIDCode=17	EventType=4	EventCategory=17	RecordNumber=442238483	TimeGenerated=1784877366	TimeWritten=1784877366	Level=Informational	Keywords=0x8000000000000000	Task=SysmonTask-SYSMON_CREATE_NAMEDPIPE	Opcode=Info	Message=Pipe Created: RuleName: - EventType: CreatePipe UtcTime: 2026-07-24 07:16:06.270 ProcessGuid: {3755dbef-5e18-6a5a-9c00-000000002100} ProcessId: 5264 PipeName: \86DD3EC9-71FC-42E3-ADAA-03A59F78EE5D Image: C:\Program Files\Veeam\Availability Console\CommunicationAgent\Veeam.AC.Agent.exe ,Create Activity Succeeded,N/A,1,0,unknown,N/A,PipeEvent (Pipe Created),unknown,0,null,1784877366000,255,0,false,0,"true""""",Microsoft-Windows-Sysmon/Operational,HOST_0004,Named pipe created,0,1784877372603,No Offense,255,HOST_0020 @ 10.0.0.9,true,8,false,N/A,203.0.0.11,false,1784877372603,8,NETWORK_0007,55,17,0,8,-1,HOST_0004,[REDACTED_DUPLICATE_PAYLOAD],USER_0002,5001836,false,null,N/A,"14:16:12, 24 thg 7, 2026","14:16:06, 24 thg 7, 2026",MAC_0002,HOST_0016,447,0,false,203.0.0.11,0,N/A,10.0.0.3,6,"14:16:12, 24 thg 7, 2026",0:0:0:0:0:0:0:0,N/A,null,"100221,100737,100736,100265,109237,109187,156193,100337,100272,134937"
N/A,false,0,0,USER_0004,HOST_0018,"{sysmon-eventid=17, Description=N/A, Message=N/A, Pipe Name=86DD3EC9-71FC-42E3-ADAA-03A59F78EE5D, sysmon-processid=5264, channel=Microsoft-Windows-Sysmon/Operational, Logon Account Domain=DOMAIN_0001.LOCAL, Object Name=N/A, Process Name=Veeam.AC.Agent.exe, sysmon-pipename=\86DD3EC9-71FC-42E3-ADAA-03A59F78EE5D, Account Name=USER_0004, Logon Type=N/A, Target User Domain=DOMAIN_0001.LOCAL, Account Security ID=S-1-5-21-0002, Share Name=N/A, Authentication Package=N/A, sysmon-processguid={3755dbef-5e18-6a5a-9c00-000000002100}, Logon Account Name=USER_0004, Realm=DOMAIN_0001.LOCAL, EventIDCode=17, Account ID=S-1-5-21-0002, Process Path=C:\Program Files\Veeam\Availability Console\CommunicationAgent\Veeam.AC.Agent.exe, sysmon-utctime=2026-07-24 07:09:36.160, Status Code=N/A, User Domain=DOMAIN_0001.LOCAL, Key Length=N/A, Target Username=USER_0004, Event ID=17, ProgramName=N/A, sysmon-user=USER_0002, Process GUID=N/A, Process ID=5264, sysmon-image=C:\Program Files\Veeam\Availability Console\CommunicationAgent\Veeam.AC.Agent.exe , Machine Identifier=HOST_0019, Object Type=N/A, Target Account Security ID=S-1-5-21-0002, Device Name=HOST_0019}",false,MAC_0001,MAC_0002,[REDACTED_DUPLICATE_PAYLOAD],8,53523,0,12,false,0:0:0:0:0:0:0:0,N/A,0,N/A,19012,<13>Jul 24 14:09:37 10.0.0.9.Thagaco AgentDevice=WindowsLog	AgentLogFile=Microsoft-Windows-Sysmon/Operational	PluginVersion=7.3.1.28	Source=Microsoft-Windows-Sysmon	Computer=VM-Bravo	OriginatingComputer=VM-Bravo	User=USER_0002	Domain=DOMAIN_0006.LOCAL	EventID=17	EventIDCode=17	EventType=4	EventCategory=17	RecordNumber=442213303	TimeGenerated=1784876976	TimeWritten=1784876976	Level=Informational	Keywords=0x8000000000000000	Task=SysmonTask-SYSMON_CREATE_NAMEDPIPE	Opcode=Info	Message=Pipe Created: RuleName: - EventType: CreatePipe UtcTime: 2026-07-24 07:09:36.160 ProcessGuid: {3755dbef-5e18-6a5a-9c00-000000002100} ProcessId: 5264 PipeName: \86DD3EC9-71FC-42E3-ADAA-03A59F78EE5D Image: C:\Program Files\Veeam\Availability Console\CommunicationAgent\Veeam.AC.Agent.exe ,Create Activity Succeeded,N/A,1,0,unknown,N/A,PipeEvent (Pipe Created),unknown,0,null,1784876976000,255,0,false,0,"true""""",Microsoft-Windows-Sysmon/Operational,HOST_0004,Named pipe created,0,1784876980589,No Offense,255,HOST_0020 @ 10.0.0.9,true,8,false,N/A,203.0.0.11,false,1784876980589,8,NETWORK_0007,55,17,0,8,-1,HOST_0004,[REDACTED_DUPLICATE_PAYLOAD],USER_0002,5001836,false,null,N/A,"14:09:40, 24 thg 7, 2026","14:09:36, 24 thg 7, 2026",MAC_0002,HOST_0016,447,0,false,203.0.0.11,0,N/A,10.0.0.3,6,"14:09:40, 24 thg 7, 2026",0:0:0:0:0:0:0:0,N/A,null,"100221,100737,100736,100265,109237,109187,156193,100337,100272,134937"
N/A,false,0,0,USER_0004,HOST_0018,"{sysmon-eventid=17, Description=N/A, Message=N/A, Pipe Name=86DD3EC9-71FC-42E3-ADAA-03A59F78EE5D, sysmon-processid=5264, channel=Microsoft-Windows-Sysmon/Operational, Logon Account Domain=DOMAIN_0001.LOCAL, Object Name=N/A, Process Name=Veeam.AC.Agent.exe, sysmon-pipename=\86DD3EC9-71FC-42E3-ADAA-03A59F78EE5D, Account Name=USER_0004, Logon Type=N/A, Target User Domain=DOMAIN_0001.LOCAL, Account Security ID=S-1-5-21-0002, Share Name=N/A, Authentication Package=N/A, sysmon-processguid={3755dbef-5e18-6a5a-9c00-000000002100}, Logon Account Name=USER_0004, Realm=DOMAIN_0001.LOCAL, EventIDCode=17, Account ID=S-1-5-21-0002, Process Path=C:\Program Files\Veeam\Availability Console\CommunicationAgent\Veeam.AC.Agent.exe, sysmon-utctime=2026-07-24 07:04:06.085, Status Code=N/A, User Domain=DOMAIN_0001.LOCAL, Key Length=N/A, Target Username=USER_0004, Event ID=17, ProgramName=N/A, sysmon-user=USER_0002, Process GUID=N/A, Process ID=5264, sysmon-image=C:\Program Files\Veeam\Availability Console\CommunicationAgent\Veeam.AC.Agent.exe , Machine Identifier=HOST_0019, Object Type=N/A, Target Account Security ID=S-1-5-21-0002, Device Name=HOST_0019}",false,MAC_0001,MAC_0002,[REDACTED_DUPLICATE_PAYLOAD],8,53523,0,12,false,0:0:0:0:0:0:0:0,N/A,0,N/A,19012,<13>Jul 24 14:04:07 10.0.0.9.Thagaco AgentDevice=WindowsLog	AgentLogFile=Microsoft-Windows-Sysmon/Operational	PluginVersion=7.3.1.28	Source=Microsoft-Windows-Sysmon	Computer=VM-Bravo	OriginatingComputer=VM-Bravo	User=USER_0002	Domain=DOMAIN_0006.LOCAL	EventID=17	EventIDCode=17	EventType=4	EventCategory=17	RecordNumber=442191201	TimeGenerated=1784876646	TimeWritten=1784876646	Level=Informational	Keywords=0x8000000000000000	Task=SysmonTask-SYSMON_CREATE_NAMEDPIPE	Opcode=Info	Message=Pipe Created: RuleName: - EventType: CreatePipe UtcTime: 2026-07-24 07:04:06.085 ProcessGuid: {3755dbef-5e18-6a5a-9c00-000000002100} ProcessId: 5264 PipeName: \86DD3EC9-71FC-42E3-ADAA-03A59F78EE5D Image: C:\Program Files\Veeam\Availability Console\CommunicationAgent\Veeam.AC.Agent.exe ,Create Activity Succeeded,N/A,1,0,unknown,N/A,PipeEvent (Pipe Created),unknown,0,null,1784876646000,255,0,false,0,"true""""",Microsoft-Windows-Sysmon/Operational,HOST_0004,Named pipe created,0,1784876656611,No Offense,255,HOST_0020 @ 10.0.0.9,true,8,false,N/A,203.0.0.11,false,1784876656611,8,NETWORK_0007,55,17,0,8,-1,HOST_0004,[REDACTED_DUPLICATE_PAYLOAD],USER_0002,5001836,false,null,N/A,"14:04:16, 24 thg 7, 2026","14:04:06, 24 thg 7, 2026",MAC_0002,HOST_0016,447,0,false,203.0.0.11,0,N/A,10.0.0.3,6,"14:04:16, 24 thg 7, 2026",0:0:0:0:0:0:0:0,N/A,null,"100221,100737,100736,100265,109237,109187,156193,100337,100272,134937"
