dstPreNATIP,hasIdentityFlag,destinationPostNatPortDescription,destinationPort,identityUsername,logSourceIdentifier,customProps,srcPortInvalid,identityMAC,sourcMACAddress,payloadAsBase64,magnitude,deviceId,protocolConfigId,deviceType,dstPortInvalid,sourceV6Ip,identityGroupName,srcPreNATPort,srcPreNATIP,category,payloadAsUTF,categoryDescription,aDEAnomalyCount,deviceCategory,deviceEventId,pcapId,identityExtendedField,eventName,pcapIp,sourcePort,obfuscationProperties,deviceTime,protocol,sourcePreNatPortDescription,pcapEvent,dstPostNATPort,tLVProperties,qidEventCategory,identityNetBiosName,eventDescription,dstPreNATPort,startTime,offenseName,protocolName,deviceName,mPCEvent,relevance,logOnly,dstPostNATIP,srcIp,storedForPerformance,stopTime,credibility,domainName,domainID,qidEventId,sourcePostNatPortDescription,severity,offenseId,identityHostname,payloadAsHexOneLine,userName,qid,truncated,obfuscationNormalizedEventProperties,aDEAnomalyDescription,startDateTime,deviceDateTime,destinationMACAddress,eventCollectorName,eventCollectorId,srcPostNATPort,rawEvent,destIp,destinationPreNatPortDescription,osvbidsDesc,identityIpOfHost,eventCount,stopDateTime,destinationV6Ip,srcPostNATIP,identity,ruleIds
N/A,false,0,0,USER_0004,10.0.0.17,"{sysmon-eventid=11, Description=N/A, Message=N/A, Pipe Name=N/A, File Directory=C:\Users\USER_0287\Desktop, sysmon-processid=18424, channel=Microsoft-Windows-Sysmon/Operational, Logon Account Domain=DOMAIN_0001.LOCAL, Object Name=N/A, Process Name=WinRAR.exe, Account Name=USER_0004, Logon Type=N/A, Target User Domain=DOMAIN_0001.LOCAL, Account Security ID=S-1-5-21-0002, Share Name=N/A, Authentication Package=N/A, sysmon-processguid={b3eca096-ecc0-6a71-371e-000000001300}, Logon Account Name=USER_0004, Realm=DOMAIN_0001.LOCAL, EventIDCode=11, Account ID=S-1-5-21-0002, Process Path=C:\Program Files\WinRAR\WinRAR.exe, sysmon-creationutctime=2026-08-04 13:44:32.311, sysmon-utctime=2026-08-04 13:44:32.311, Status Code=N/A, Filename=log.rar, User Domain=DOMAIN_0001.LOCAL, Key Length=N/A, Target Username=USER_0004, Event ID=11, ProgramName=N/A, sysmon-targetfilename=C:\Users\namnh1\Desktop\log.rar, sysmon-user=USER_0002, Process GUID=N/A, Process ID=18424, Target File Directory=C:\Users\namnh1\Desktop\log.rar, sysmon-image=C:\Program Files\WinRAR\WinRAR.exe, File Extension=rar, Machine Identifier=HOST_0042, Task Name=N/A, Object Type=N/A, Target Account Security ID=S-1-5-21-0002, Device Name=HOST_0042, File Path=C:\Users\namnh1\Desktop\log.rar}",false,MAC_0001,MAC_0002,[REDACTED_DUPLICATE_PAYLOAD],9,48901,0,12,false,0:0:0:0:0:0:0:0,N/A,0,N/A,8028,<13>Aug 04 20:44:33 10.0.0.17 AgentDevice=WindowsLog	AgentLogFile=Microsoft-Windows-Sysmon/Operational	PluginVersion=7.3.1.28	Source=Microsoft-Windows-Sysmon	Computer=DESKTOP-TT3V4AP	OriginatingComputer=DESKTOP-TT3V4AP	User=USER_0002	Domain=DOMAIN_0006.LOCAL	EventID=11	EventIDCode=11	EventType=4	EventCategory=11	RecordNumber=290849674	TimeGenerated=1785851072	TimeWritten=1785851072	Level=Informational	Keywords=0x8000000000000000	Task=SysmonTask-SYSMON_FILE_CREATE	Opcode=Info	Message=File created: RuleName: - UtcTime: 2026-08-04 13:44:32.311 ProcessGuid: {b3eca096-ecc0-6a71-371e-000000001300} ProcessId: 18424 Image: C:\Program Files\WinRAR\WinRAR.exe TargetFilename: C:\Users\USER_0287\Desktop\log.rar CreationUtcTime: 2026-08-04 13:44:32.311 ,File Created,N/A,1,0,unknown,N/A,FileCreate,unknown,0,null,1785851072000,255,0,false,0,"true""""",Microsoft-Windows-Sysmon/Operational,HOST_0004,File create operations are logged when a file is created or overwritten.,0,1785851089635,No Offense,255,HOST_0043 @ 10.0.0.17,true,10,false,N/A,10.0.0.17,false,1785851089635,10,NETWORK_0002,35,11,0,7,-1,HOST_0004,[REDACTED_DUPLICATE_PAYLOAD],USER_0002,5001830,false,null,N/A,"20:44:49, 4 thg 8, 2026","20:44:32, 4 thg 8, 2026",MAC_0002,HOST_0006,439,0,false,10.0.0.17,0,N/A,10.0.0.3,1,"20:44:49, 4 thg 8, 2026",0:0:0:0:0:0:0:0,N/A,null,"100221,100265,109237,109187,100620,156193,166363,100276,100272,123237,123937,156396,134937,166353,100225"
N/A,false,0,0,USER_0004,10.0.0.17,"{sysmon-eventid=11, Description=N/A, Message=N/A, Pipe Name=N/A, File Directory=C:\Users\USER_0287\Desktop, sysmon-processid=14032, channel=Microsoft-Windows-Sysmon/Operational, Logon Account Domain=DOMAIN_0001.LOCAL, Object Name=N/A, Process Name=Explorer.EXE, Account Name=USER_0004, Logon Type=N/A, Target User Domain=DOMAIN_0001.LOCAL, Account Security ID=S-1-5-21-0002, Share Name=N/A, Authentication Package=N/A, sysmon-processguid={b3eca096-0fd9-6a70-ca06-000000001300}, Logon Account Name=USER_0004, Realm=DOMAIN_0001.LOCAL, EventIDCode=11, Account ID=S-1-5-21-0002, Process Path=C:\WINDOWS\Explorer.EXE, sysmon-creationutctime=2026-08-04 13:35:55.263, sysmon-utctime=2026-08-04 13:37:34.560, Status Code=N/A, Filename=log.zip, User Domain=DOMAIN_0001.LOCAL, Key Length=N/A, Target Username=USER_0004, Event ID=11, ProgramName=N/A, sysmon-targetfilename=C:\Users\namnh1\Desktop\log.zip, sysmon-user=USER_0002, Process GUID=N/A, Process ID=14032, Target File Directory=C:\Users\namnh1\Desktop\log.zip, sysmon-image=C:\WINDOWS\Explorer.EXE, File Extension=zip, Machine Identifier=HOST_0042, Task Name=N/A, Object Type=N/A, Target Account Security ID=S-1-5-21-0002, Device Name=HOST_0042, File Path=C:\Users\namnh1\Desktop\log.zip}",false,MAC_0001,MAC_0002,[REDACTED_DUPLICATE_PAYLOAD],9,48901,0,12,false,0:0:0:0:0:0:0:0,N/A,0,N/A,8028,<13>Aug 04 20:37:36 10.0.0.17 AgentDevice=WindowsLog	AgentLogFile=Microsoft-Windows-Sysmon/Operational	PluginVersion=7.3.1.28	Source=Microsoft-Windows-Sysmon	Computer=DESKTOP-TT3V4AP	OriginatingComputer=DESKTOP-TT3V4AP	User=USER_0002	Domain=DOMAIN_0006.LOCAL	EventID=11	EventIDCode=11	EventType=4	EventCategory=11	RecordNumber=290821842	TimeGenerated=1785850654	TimeWritten=1785850654	Level=Informational	Keywords=0x8000000000000000	Task=SysmonTask-SYSMON_FILE_CREATE	Opcode=Info	Message=File created: RuleName: - UtcTime: 2026-08-04 13:37:34.560 ProcessGuid: {b3eca096-0fd9-6a70-ca06-000000001300} ProcessId: 14032 Image: C:\WINDOWS\Explorer.EXE TargetFilename: C:\Users\USER_0287\Desktop\log.zip CreationUtcTime: 2026-08-04 13:35:55.263 ,File Created,N/A,1,0,unknown,N/A,FileCreate,unknown,0,null,1785850654000,255,0,false,0,"true""""",Microsoft-Windows-Sysmon/Operational,HOST_0004,File create operations are logged when a file is created or overwritten.,0,1785850670992,No Offense,255,HOST_0043 @ 10.0.0.17,true,10,false,N/A,10.0.0.17,false,1785850670992,10,NETWORK_0002,35,11,0,7,-1,HOST_0004,[REDACTED_DUPLICATE_PAYLOAD],USER_0002,5001830,false,null,N/A,"20:37:50, 4 thg 8, 2026","20:37:34, 4 thg 8, 2026",MAC_0002,HOST_0006,439,0,false,10.0.0.17,0,N/A,10.0.0.3,1,"20:37:50, 4 thg 8, 2026",0:0:0:0:0:0:0:0,N/A,null,"100221,100265,109237,109187,100620,100668,156193,166363,100276,100272,123237,123937,156396,134937,166353,100225"
N/A,false,0,0,USER_0004,10.0.0.17,"{sysmon-eventid=11, Description=N/A, Message=N/A, Pipe Name=N/A, File Directory=C:\Users\USER_0287\Desktop, sysmon-processid=16816, channel=Microsoft-Windows-Sysmon/Operational, Logon Account Domain=DOMAIN_0001.LOCAL, Object Name=N/A, Process Name=WinRAR.exe, Account Name=USER_0004, Logon Type=N/A, Target User Domain=DOMAIN_0001.LOCAL, Account Security ID=S-1-5-21-0002, Share Name=N/A, Authentication Package=N/A, sysmon-processguid={b3eca096-eb0a-6a71-251e-000000001300}, Logon Account Name=USER_0004, Realm=DOMAIN_0001.LOCAL, EventIDCode=11, Account ID=S-1-5-21-0002, Process Path=C:\Program Files\WinRAR\WinRAR.exe, sysmon-creationutctime=2026-08-04 13:35:55.263, sysmon-utctime=2026-08-04 13:37:16.967, Status Code=N/A, Filename=log.zip, User Domain=DOMAIN_0001.LOCAL, Key Length=N/A, Target Username=USER_0004, Event ID=11, ProgramName=N/A, sysmon-targetfilename=C:\Users\namnh1\Desktop\log.zip, sysmon-user=USER_0002, Process GUID=N/A, Process ID=16816, Target File Directory=C:\Users\namnh1\Desktop\log.zip, sysmon-image=C:\Program Files\WinRAR\WinRAR.exe, File Extension=zip, Machine Identifier=HOST_0042, Task Name=N/A, Object Type=N/A, Target Account Security ID=S-1-5-21-0002, Device Name=HOST_0042, File Path=C:\Users\namnh1\Desktop\log.zip}",false,MAC_0001,MAC_0002,[REDACTED_DUPLICATE_PAYLOAD],9,48901,0,12,false,0:0:0:0:0:0:0:0,N/A,0,N/A,8028,<13>Aug 04 20:37:18 10.0.0.17 AgentDevice=WindowsLog	AgentLogFile=Microsoft-Windows-Sysmon/Operational	PluginVersion=7.3.1.28	Source=Microsoft-Windows-Sysmon	Computer=DESKTOP-TT3V4AP	OriginatingComputer=DESKTOP-TT3V4AP	User=USER_0002	Domain=DOMAIN_0006.LOCAL	EventID=11	EventIDCode=11	EventType=4	EventCategory=11	RecordNumber=290820478	TimeGenerated=1785850636	TimeWritten=1785850636	Level=Informational	Keywords=0x8000000000000000	Task=SysmonTask-SYSMON_FILE_CREATE	Opcode=Info	Message=File created: RuleName: - UtcTime: 2026-08-04 13:37:16.967 ProcessGuid: {b3eca096-eb0a-6a71-251e-000000001300} ProcessId: 16816 Image: C:\Program Files\WinRAR\WinRAR.exe TargetFilename: C:\Users\USER_0287\Desktop\log.zip CreationUtcTime: 2026-08-04 13:35:55.263 ,File Created,N/A,1,0,unknown,N/A,FileCreate,unknown,0,null,1785850636000,255,0,false,0,"true""""",Microsoft-Windows-Sysmon/Operational,HOST_0004,File create operations are logged when a file is created or overwritten.,0,1785850650017,No Offense,255,HOST_0043 @ 10.0.0.17,true,10,false,N/A,10.0.0.17,false,1785850650017,10,NETWORK_0002,35,11,0,7,-1,HOST_0004,[REDACTED_DUPLICATE_PAYLOAD],USER_0002,5001830,false,null,N/A,"20:37:30, 4 thg 8, 2026","20:37:16, 4 thg 8, 2026",MAC_0002,HOST_0006,439,0,false,10.0.0.17,0,N/A,10.0.0.3,1,"20:37:30, 4 thg 8, 2026",0:0:0:0:0:0:0:0,N/A,null,"100221,100265,109237,109187,100620,156193,166363,100276,100272,123237,123937,156396,134937,166353,100225"
N/A,false,0,0,USER_0004,10.0.0.17,"{sysmon-eventid=11, Description=N/A, Message=N/A, Pipe Name=N/A, File Directory=C:\Users\USER_0287\Desktop, sysmon-processid=16120, channel=Microsoft-Windows-Sysmon/Operational, Logon Account Domain=DOMAIN_0001.LOCAL, Object Name=N/A, Process Name=WinRAR.exe, Account Name=USER_0004, Logon Type=N/A, Target User Domain=DOMAIN_0001.LOCAL, Account Security ID=S-1-5-21-0002, Share Name=N/A, Authentication Package=N/A, sysmon-processguid={b3eca096-eab8-6a71-211e-000000001300}, Logon Account Name=USER_0004, Realm=DOMAIN_0001.LOCAL, EventIDCode=11, Account ID=S-1-5-21-0002, Process Path=C:\Program Files\WinRAR\WinRAR.exe, sysmon-creationutctime=2026-08-04 13:35:55.263, sysmon-utctime=2026-08-04 13:35:55.263, Status Code=N/A, Filename=log.zip, User Domain=DOMAIN_0001.LOCAL, Key Length=N/A, Target Username=USER_0004, Event ID=11, ProgramName=N/A, sysmon-targetfilename=C:\Users\namnh1\Desktop\log.zip, sysmon-user=USER_0002, Process GUID=N/A, Process ID=16120, Target File Directory=C:\Users\namnh1\Desktop\log.zip, sysmon-image=C:\Program Files\WinRAR\WinRAR.exe, File Extension=zip, Machine Identifier=HOST_0042, Task Name=N/A, Object Type=N/A, Target Account Security ID=S-1-5-21-0002, Device Name=HOST_0042, File Path=C:\Users\namnh1\Desktop\log.zip}",false,MAC_0001,MAC_0002,[REDACTED_DUPLICATE_PAYLOAD],9,48901,0,12,false,0:0:0:0:0:0:0:0,N/A,0,N/A,8028,<13>Aug 04 20:35:57 10.0.0.17 AgentDevice=WindowsLog	AgentLogFile=Microsoft-Windows-Sysmon/Operational	PluginVersion=7.3.1.28	Source=Microsoft-Windows-Sysmon	Computer=DESKTOP-TT3V4AP	OriginatingComputer=DESKTOP-TT3V4AP	User=USER_0002	Domain=DOMAIN_0006.LOCAL	EventID=11	EventIDCode=11	EventType=4	EventCategory=11	RecordNumber=290813770	TimeGenerated=1785850555	TimeWritten=1785850555	Level=Informational	Keywords=0x8000000000000000	Task=SysmonTask-SYSMON_FILE_CREATE	Opcode=Info	Message=File created: RuleName: - UtcTime: 2026-08-04 13:35:55.263 ProcessGuid: {b3eca096-eab8-6a71-211e-000000001300} ProcessId: 16120 Image: C:\Program Files\WinRAR\WinRAR.exe TargetFilename: C:\Users\USER_0287\Desktop\log.zip CreationUtcTime: 2026-08-04 13:35:55.263 ,File Created,N/A,1,0,unknown,N/A,FileCreate,unknown,0,null,1785850555000,255,0,false,0,"true""""",Microsoft-Windows-Sysmon/Operational,HOST_0004,File create operations are logged when a file is created or overwritten.,0,1785850566041,No Offense,255,HOST_0043 @ 10.0.0.17,true,10,false,N/A,10.0.0.17,false,1785850566041,10,NETWORK_0002,35,11,0,7,-1,HOST_0004,[REDACTED_DUPLICATE_PAYLOAD],USER_0002,5001830,false,null,N/A,"20:36:06, 4 thg 8, 2026","20:35:55, 4 thg 8, 2026",MAC_0002,HOST_0006,439,0,false,10.0.0.17,0,N/A,10.0.0.3,1,"20:36:06, 4 thg 8, 2026",0:0:0:0:0:0:0:0,N/A,null,"100221,100265,109237,109187,100620,156193,166363,100276,100272,123237,123937,156396,134937,166353,100225"
N/A,false,0,0,USER_0004,10.0.0.17,"{sysmon-eventid=1, Parent Process Name=WinRAR.exe, Pipe Name=N/A, File Directory=N/A, sysmon-processid=26140, channel=Microsoft-Windows-Sysmon/Operational, sysmon-username= DOMAIN_0062.LOCAL\USER_0287, Parent Command=""C:\Program Files\WinRAR\WinRAR.exe"" ""C:\Users\USER_0287\Downloads\MobaXterm_Installer_v26.4.zip"", Object Name=N/A, Account Name=USER_0004, sysmon-currentdirectory=C:\Users\USER_0287\AppData\Local\Temp\Rar$EXa26384.23893.rartemp\, Target User Domain=DOMAIN_0001.LOCAL, Logon Account Name=USER_0004, Product Description=Windows® installer, EventIDCode=1, Terminated Process Name=N/A, MD5 Hash=78912EA8790DE51D2C7CEB9B8C572346, Filename=N/A, Key Length=N/A, sysmon-logonid=0x46FE7E1, ProgramName=N/A, Process GUID=b3eca096-ac6d-6a71-3b1c-000000001300, SHA1 Hash=6A795B8A432514F20FF884F1A5286EA82E32E150, File Extension=N/A, Object Type=N/A, sysmon-hash=SHA1=6A795B8A432514F20FF884F1A5286EA82E32E150,MD5=78912EA8790DE51D2C7CEB9B8C572346,SHA256=D53E90AF814F61E09BFF87A883A3B0DCB7DCF883F17A2425A62A2D4B5A9407FB,IMPHASH=0990A9500FF8DF93E0E059EE13E7C796, SHA256 Hash=D53E90AF814F61E09BFF87A883A3B0DCB7DCF883F17A2425A62A2D4B5A9407FB, Parent Process GUID=b3eca096-ac68-6a71-391c-000000001300, Integrity Level=Medium, sysmon-parentimage=C:\Program Files\WinRAR\WinRAR.exe, Description=Description: Windows® installer Product, File Hash=6A795B8A432514F20FF884F1A5286EA82E32E150, Token Elevation Type=N/A, Message=N/A, sysmon-rulename=-, Encoded Command=N/A, Logon Account Domain=DOMAIN_0001.LOCAL, Process Name=msiexec.exe, Parent Process ID=26384, sysmon-parentcommandline=""C:\Program Files\WinRAR\WinRAR.exe"" ""C:\Users\USER_0287\Downloads\MobaXterm_Installer_v26.4.zip"", Logon Type=N/A, sysmon-integritylevel=Medium, sysmon-logonguid={b3eca096-0fd7-6a70-e1e7-6f0400000000}, Account Security ID=S-1-5-21-0002, Share Name=N/A, Authentication Package=N/A, sysmon-processguid={b3eca096-ac6d-6a71-3b1c-000000001300}, Realm=DOMAIN_0001.LOCAL, Account ID=S-1-5-21-0002, sysmon-description=Windows® installer, Process Path=C:\Windows\System32\msiexec.exe, Status Code=N/A, Product Name=Windows Installer - Unicode, User Domain=DOMAIN_0001.LOCAL, Encoded Argument=N/A, Target Username=USER_0004, Event ID=1, sysmon-parentprocessid=26384, Product Company=Microsoft Corporation, sysmon-fileversion=5.0.19041.4651 (WinBuild.160101.0800), sysmon-parentprocessguid={b3eca096-ac68-6a71-391c-000000001300}, sysmon-user=USER_0002, Command=""C:\WINDOWS\System32\msiexec.exe"" /i ""C:\Users\USER_0287\AppData\Local\Temp\Rar$DOMAIN_0063.LOCAL\USER_0288"" , sysmon-originalfilename=msiexec.exe, Process ID=26140, sysmon-image=C:\Windows\System32\msiexec.exe, Machine Identifier=HOST_0042, Target Account Security ID=S-1-5-21-0002, sysmon-commandline=""C:\WINDOWS\System32\msiexec.exe"" /i ""C:\Users\USER_0287\AppData\Local\Temp\Rar$DOMAIN_0063.LOCAL\USER_0288"" , Device Name=HOST_0042, IMP Hash=0990A9500FF8DF93E0E059EE13E7C796, Current Working Directory=C:\Users\namnh1\AppData\Local\Temp\Rar$EXa26384.23893.rartemp\, Parent Process Path=C:\Program Files\WinRAR\WinRAR.exe, sysmon-terminalsessionid=7}",false,MAC_0001,MAC_0002,[REDACTED_DUPLICATE_PAYLOAD],9,48901,0,12,false,0:0:0:0:0:0:0:0,N/A,0,N/A,8110,"<13>Aug 04 16:10:06 10.0.0.17 AgentDevice=WindowsLog	AgentLogFile=Microsoft-Windows-Sysmon/Operational	PluginVersion=7.3.1.28	Source=Microsoft-Windows-Sysmon	Computer=DESKTOP-TT3V4AP	OriginatingComputer=DESKTOP-TT3V4AP	User=USER_0002	Domain=DOMAIN_0006.LOCAL	EventID=1	EventIDCode=1	EventType=4	EventCategory=1	RecordNumber=290002553	TimeGenerated=1785834605	TimeWritten=1785834605	Level=Informational	Keywords=0x8000000000000000	Task=SysmonTask-SYSMON_CREATE_PROCESS	Opcode=Info	Message=Process Create: RuleName: - UtcTime: 2026-08-04 09:10:05.057 ProcessGuid: {b3eca096-ac6d-6a71-3b1c-000000001300} ProcessId: 26140 Image: C:\Windows\System32\msiexec.exe FileVersion: 5.0.19041.4651 (WinBuild.160101.0800) Description: Windows® installer Product: Windows Installer - Unicode Company: Microsoft Corporation OriginalFileName: msiexec.exe CommandLine: ""C:\WINDOWS\System32\msiexec.exe"" /i ""C:\Users\USER_0287\AppData\Local\Temp\Rar$DOMAIN_0063.LOCAL\USER_0288""  CurrentDirectory: C:\Users\USER_0287\AppData\Local\Temp\Rar$EXa26384.23893.rartemp\ User: DOMAIN_0062.LOCAL\USER_0287 LogonGuid: {b3eca096-0fd7-6a70-e1e7-6f0400000000} LogonId: 0x46FE7E1 TerminalSessionId: 7 IntegrityLevel: Medium Hashes: SHA1=6A795B8A432514F20FF884F1A5286EA82E32E150,MD5=78912EA8790DE51D2C7CEB9B8C572346,SHA256=D53E90AF814F61E09BFF87A883A3B0DCB7DCF883F17A2425A62A2D4B5A9407FB,IMPHASH=0990A9500FF8DF93E0E059EE13E7C796 ParentProcessGuid: {b3eca096-ac68-6a71-391c-000000001300} ParentProcessId: 26384 ParentImage: C:\Program Files\WinRAR\WinRAR.exe ParentCommandLine: ""C:\Program Files\WinRAR\WinRAR.exe"" ""C:\Users\USER_0287\Downloads\MobaXterm_Installer_v26.4.zip"" ",Process Creation Success,N/A,1,0,unknown,N/A,Process Create,unknown,0,null,1785834605000,255,0,false,0,"true""""",Microsoft-Windows-Sysmon/Operational,HOST_0004,The process creation event provides extended information about a newly created process.,0,1785834619691,No Offense,255,HOST_0043 @ 10.0.0.17,true,10,false,N/A,10.0.0.17,false,1785834619691,10,NETWORK_0002,35,1,0,8,-1,HOST_0004,[REDACTED_DUPLICATE_PAYLOAD],USER_0002,5001828,false,null,N/A,"16:10:19, 4 thg 8, 2026","16:10:05, 4 thg 8, 2026",MAC_0002,HOST_0006,439,0,false,10.0.0.17,0,N/A,10.0.0.3,1,"16:10:19, 4 thg 8, 2026",0:0:0:0:0:0:0:0,N/A,null,"100221,100265,109237,109187,100668,156193,155587,100272,134937,166353,100225"
