dstPreNATIP,hasIdentityFlag,destinationPostNatPortDescription,destinationPort,identityUsername,logSourceIdentifier,customProps,srcPortInvalid,identityMAC,sourcMACAddress,payloadAsBase64,magnitude,deviceId,protocolConfigId,deviceType,dstPortInvalid,sourceV6Ip,identityGroupName,srcPreNATPort,srcPreNATIP,category,payloadAsUTF,categoryDescription,aDEAnomalyCount,deviceCategory,deviceEventId,pcapId,identityExtendedField,eventName,pcapIp,sourcePort,obfuscationProperties,deviceTime,protocol,sourcePreNatPortDescription,pcapEvent,dstPostNATPort,tLVProperties,qidEventCategory,identityNetBiosName,eventDescription,dstPreNATPort,startTime,offenseName,protocolName,deviceName,mPCEvent,relevance,logOnly,dstPostNATIP,srcIp,storedForPerformance,stopTime,credibility,domainName,domainID,qidEventId,sourcePostNatPortDescription,severity,offenseId,identityHostname,payloadAsHexOneLine,userName,qid,truncated,obfuscationNormalizedEventProperties,aDEAnomalyDescription,startDateTime,deviceDateTime,destinationMACAddress,eventCollectorName,eventCollectorId,srcPostNATPort,rawEvent,destIp,destinationPreNatPortDescription,osvbidsDesc,identityIpOfHost,eventCount,stopDateTime,destinationV6Ip,srcPostNATIP,identity,ruleIds
N/A,false,0,0,USER_0004,10.0.0.18,"{sysmon-eventid=13, Description=N/A, Message=N/A, Pipe Name=N/A, Registry Key=\SOFTWARE\Microsoft\Windows NT\CurrentVersion\Schedule\TaskCache\Tasks\{5679B6F1-0B05-4230-872B-BB64877ABA76}, sysmon-processid=1748, channel=Microsoft-Windows-Sysmon/Operational, Target Object=HKLM\SOFTWARE\Microsoft\Windows NT\CurrentVersion\Schedule\TaskCache\Tasks\{5679B6F1-0B05-4230-872B-BB64877ABA76}\DynamicInfo, Logon Account Domain=DOMAIN_0001.LOCAL, Object Name=HKLM\SOFTWARE\Microsoft\Windows NT\CurrentVersion\Schedule\TaskCache\Tasks\{5679B6F1-0B05-4230-872B-BB64877ABA76}\DynamicInfo, Target Details=Binary Data, Process Name=svchost.exe, Registry Value Data=Binary Data, Account Name=USER_0004, Logon Type=N/A, sysmon-targetobject=HKLM\SOFTWARE\Microsoft\Windows NT\CurrentVersion\Schedule\TaskCache\Tasks\{5679B6F1-0B05-4230-872B-BB64877ABA76}\DynamicInfo, Target User Domain=DOMAIN_0001.LOCAL, Rule Name=-, Account Security ID=S-1-5-21-0002, Share Name=N/A, Authentication Package=N/A, sysmon-processguid={58617919-dde5-6a1d-2000-000000003202}, Logon Account Name=USER_0004, Realm=DOMAIN_0001.LOCAL, EventIDCode=13, Account ID=S-1-5-21-0002, Process Path=C:\WINDOWS\system32\svchost.exe, sysmon-utctime=2026-08-06 01:31:07.080, Status Code=N/A, Registry Value Name=DynamicInfo, User Domain=DOMAIN_0001.LOCAL, Key Length=N/A, Target Username=USER_0004, Event ID=13, ProgramName=N/A, Registry Hive=HKLM, sysmon-eventtype=SetValue, sysmon-user=USER_0002, Process GUID=N/A, Process ID=1748, Machine Identifier=HOST_0044, Object Type=N/A, Target Account Security ID=S-1-5-21-0002, Device Name=HOST_0044, sysmon-details=Binary Data}",false,MAC_0001,MAC_0002,[REDACTED_DUPLICATE_PAYLOAD],3,27862,0,12,false,0:0:0:0:0:0:0:0,N/A,0,N/A,8012,<13>Aug 06 08:31:07 10.0.0.18 AgentDevice=WindowsLog	AgentLogFile=Microsoft-Windows-Sysmon/Operational	PluginVersion=7.3.1.28	Source=Microsoft-Windows-Sysmon	Computer=DESKTOP-KVVN1C6	OriginatingComputer=DESKTOP-KVVN1C6	User=USER_0002	Domain=DOMAIN_0006.LOCAL	EventID=13	EventIDCode=13	EventType=4	EventCategory=13	RecordNumber=910719069	TimeGenerated=1785979867	TimeWritten=1785979867	Level=Informational	Keywords=0x8000000000000000	Task=SysmonTask-SYSMON_REG_SETVALUE	Opcode=Info	Message=Registry value set: RuleName: - EventType: SetValue UtcTime: 2026-08-06 01:31:07.080 ProcessGuid: {58617919-dde5-6a1d-2000-000000003202} ProcessId: 1748 Image: C:\WINDOWS\system32\svchost.exe TargetObject: HKLM\SOFTWARE\Microsoft\Windows NT\CurrentVersion\Schedule\TaskCache\Tasks\{5679B6F1-0B05-4230-872B-BB64877ABA76}\DynamicInfo Details: Binary Data ,Successful Registry Modification,N/A,1,0,unknown,N/A,RegistryEvent (Value Set),unknown,0,null,1785979867000,255,0,false,0,"true""""",Microsoft-Windows-Sysmon/Operational,HOST_0004,This Registry event type identifies Registry value modifications.,0,1785979865087,No Offense,255,HOST_0045 @ 10.0.0.18,false,3,false,N/A,10.0.0.18,false,1785979865087,5,NETWORK_0011,43,13,0,1,-1,HOST_0004,[REDACTED_DUPLICATE_PAYLOAD],USER_0002,5001832,false,null,N/A,"08:31:05, 6 thg 8, 2026","08:31:07, 6 thg 8, 2026",MAC_0002,HOST_0046,482,0,false,10.0.0.18,0,N/A,10.0.0.3,26,"08:31:05, 6 thg 8, 2026",0:0:0:0:0:0:0:0,N/A,null,"100221,100265,109237,109187,100617,100668,156193,100276,100272,123237,123937,134937,166353"
N/A,false,0,0,USER_0004,10.0.0.18,"{sysmon-eventid=1, Parent Process Name=svchost.exe, Pipe Name=N/A, File Directory=N/A, sysmon-processid=37640, channel=Microsoft-Windows-Sysmon/Operational, sysmon-username= NT DOMAIN_0008.LOCAL\USER_0002, Parent Command=C:\WINDOWS\system32\svchost.exe -k netsvcs -p -s Schedule, Object Name=N/A, Account Name=USER_0004, sysmon-currentdirectory=C:\WINDOWS\system32\, Target User Domain=DOMAIN_0001.LOCAL, Logon Account Name=USER_0004, Product Description=Disk Defragmenter Module, EventIDCode=1, Terminated Process Name=N/A, MD5 Hash=0299574987697EE1F7AF992B0DD88CBE, Filename=N/A, Key Length=N/A, sysmon-logonid=0x3E7, ProgramName=N/A, Process GUID=58617919-e3db-6a73-1cc4-030000003202, SHA1 Hash=17BC203E5DAA57EF484A82523704B6874612C141, File Extension=N/A, Object Type=N/A, sysmon-hash=SHA1=17BC203E5DAA57EF484A82523704B6874612C141,MD5=0299574987697EE1F7AF992B0DD88CBE,SHA256=15337FC3BF35F2B17D565ECA7E7E0EB04779DAE207D14A41E0332752C8466B78,IMPHASH=C451FEB9457D50EB689BA55A85F91B2C, SHA256 Hash=15337FC3BF35F2B17D565ECA7E7E0EB04779DAE207D14A41E0332752C8466B78, Parent Process GUID=58617919-dde5-6a1d-2000-000000003202, Integrity Level=System, sysmon-parentimage=C:\Windows\System32\svchost.exe, Description=Description: Disk Defragmenter Module Product, File Hash=17BC203E5DAA57EF484A82523704B6874612C141, Token Elevation Type=N/A, Message=N/A, sysmon-rulename=-, Encoded Command=N/A, Logon Account Domain=DOMAIN_0001.LOCAL, Process Name=Defrag.exe, Parent Process ID=1748, sysmon-parentcommandline=C:\WINDOWS\system32\svchost.exe -k netsvcs -p -s Schedule, Logon Type=N/A, sysmon-integritylevel=System, sysmon-logonguid={58617919-dde3-6a1d-e703-000000000000}, Account Security ID=S-1-5-21-0002, Share Name=N/A, Authentication Package=N/A, sysmon-processguid={58617919-e3db-6a73-1cc4-030000003202}, Realm=DOMAIN_0001.LOCAL, Account ID=S-1-5-21-0002, sysmon-description=Disk Defragmenter Module, Process Path=C:\Windows\System32\Defrag.exe, Status Code=N/A, Product Name=Windows Drive Optimizer, User Domain=DOMAIN_0001.LOCAL, Encoded Argument=N/A, Target Username=USER_0004, Event ID=1, sysmon-parentprocessid=1748, Product Company=Microsoft Corp., sysmon-fileversion=10.0.18362.1316 (WinBuild.160101.0800), sysmon-parentprocessguid={58617919-dde5-6a1d-2000-000000003202}, sysmon-user=USER_0002, Command=C:\WINDOWS\system32\defrag.exe -c -h -o -$, sysmon-originalfilename=Defrag.EXE, Process ID=37640, sysmon-image=C:\Windows\System32\Defrag.exe, Machine Identifier=HOST_0044, Target Account Security ID=S-1-5-21-0002, sysmon-commandline=C:\WINDOWS\system32\defrag.exe -c -h -o -$, Device Name=HOST_0044, IMP Hash=C451FEB9457D50EB689BA55A85F91B2C, Current Working Directory=C:\WINDOWS\system32\, Parent Process Path=C:\Windows\System32\svchost.exe, sysmon-terminalsessionid=0}",false,MAC_0001,MAC_0002,[REDACTED_DUPLICATE_PAYLOAD],3,27862,0,12,false,0:0:0:0:0:0:0:0,N/A,0,N/A,8110,"<13>Aug 06 08:31:07 10.0.0.18 AgentDevice=WindowsLog	AgentLogFile=Microsoft-Windows-Sysmon/Operational	PluginVersion=7.3.1.28	Source=Microsoft-Windows-Sysmon	Computer=DESKTOP-KVVN1C6	OriginatingComputer=DESKTOP-KVVN1C6	User=USER_0002	Domain=DOMAIN_0006.LOCAL	EventID=1	EventIDCode=1	EventType=4	EventCategory=1	RecordNumber=910719065	TimeGenerated=1785979867	TimeWritten=1785979867	Level=Informational	Keywords=0x8000000000000000	Task=SysmonTask-SYSMON_CREATE_PROCESS	Opcode=Info	Message=Process Create: RuleName: - UtcTime: 2026-08-06 01:31:07.041 ProcessGuid: {58617919-e3db-6a73-1cc4-030000003202} ProcessId: 37640 Image: C:\Windows\System32\Defrag.exe FileVersion: 10.0.18362.1316 (WinBuild.160101.0800) Description: Disk Defragmenter Module Product: Windows Drive Optimizer Company: Microsoft Corp. OriginalFileName: Defrag.EXE CommandLine: C:\WINDOWS\system32\defrag.exe -c -h -o -$ CurrentDirectory: C:\WINDOWS\system32\ User: NT DOMAIN_0008.LOCAL\USER_0002 LogonGuid: {58617919-dde3-6a1d-e703-000000000000} LogonId: 0x3E7 TerminalSessionId: 0 IntegrityLevel: System Hashes: SHA1=17BC203E5DAA57EF484A82523704B6874612C141,MD5=0299574987697EE1F7AF992B0DD88CBE,SHA256=15337FC3BF35F2B17D565ECA7E7E0EB04779DAE207D14A41E0332752C8466B78,IMPHASH=C451FEB9457D50EB689BA55A85F91B2C ParentProcessGuid: {58617919-dde5-6a1d-2000-000000003202} ParentProcessId: 1748 ParentImage: C:\Windows\System32\svchost.exe ParentCommandLine: C:\WINDOWS\system32\svchost.exe -k netsvcs -p -s Schedule ",Process Creation Success,N/A,1,0,unknown,N/A,Process Create,unknown,0,null,1785979867000,255,0,false,0,"true""""",Microsoft-Windows-Sysmon/Operational,HOST_0004,The process creation event provides extended information about a newly created process.,0,1785979874930,No Offense,255,HOST_0045 @ 10.0.0.18,false,3,false,N/A,10.0.0.18,false,1785979874930,5,NETWORK_0011,43,1,0,2,-1,HOST_0004,[REDACTED_DUPLICATE_PAYLOAD],USER_0002,5001828,false,null,N/A,"08:31:14, 6 thg 8, 2026","08:31:07, 6 thg 8, 2026",MAC_0002,HOST_0046,482,0,false,10.0.0.18,0,N/A,10.0.0.3,1,"08:31:14, 6 thg 8, 2026",0:0:0:0:0:0:0:0,N/A,null,"100221,100265,109237,109187,100668,156193,100272,134937,166353"
N/A,false,0,0,USER_0004,10.0.0.18,"{sysmon-eventid=1, Parent Process Name=svchost.exe, Pipe Name=N/A, File Directory=N/A, sysmon-processid=17432, channel=Microsoft-Windows-Sysmon/Operational, sysmon-username= NT DOMAIN_0008.LOCAL\USER_0002, Parent Command=C:\WINDOWS\system32\svchost.exe -k netsvcs -p -s Schedule, Object Name=N/A, Account Name=USER_0004, sysmon-currentdirectory=C:\WINDOWS\system32\, Target User Domain=DOMAIN_0001.LOCAL, Logon Account Name=USER_0004, Product Description=Microsoft Edge Update, EventIDCode=1, Terminated Process Name=N/A, MD5 Hash=352C33641CBBD193AF127D306CB960C8, Filename=N/A, Key Length=N/A, sysmon-logonid=0x3E7, ProgramName=N/A, Process GUID=58617919-e472-6a73-28c4-030000003202, SHA1 Hash=A3281440828DE514B0FC7BEBFEF3CFD37A418DC6, File Extension=N/A, Object Type=N/A, sysmon-hash=SHA1=A3281440828DE514B0FC7BEBFEF3CFD37A418DC6,MD5=352C33641CBBD193AF127D306CB960C8,SHA256=F56701783D22D0E17E126D09ACA62B1969259D4B7B00DEDD9A0001C6D1ABEAD2,IMPHASH=CD3B2D99C6655A5D4A14E30E380F5BF9, SHA256 Hash=F56701783D22D0E17E126D09ACA62B1969259D4B7B00DEDD9A0001C6D1ABEAD2, Parent Process GUID=58617919-dde5-6a1d-2000-000000003202, Integrity Level=System, sysmon-parentimage=C:\Windows\System32\svchost.exe, Description=Description: Microsoft Edge Update Product, File Hash=A3281440828DE514B0FC7BEBFEF3CFD37A418DC6, Token Elevation Type=N/A, Message=N/A, sysmon-rulename=-, Encoded Command=N/A, Logon Account Domain=DOMAIN_0001.LOCAL, Process Name=MicrosoftEdgeUpdate.exe, Parent Process ID=1748, sysmon-parentcommandline=C:\WINDOWS\system32\svchost.exe -k netsvcs -p -s Schedule, Logon Type=N/A, sysmon-integritylevel=System, sysmon-logonguid={58617919-dde3-6a1d-e703-000000000000}, Account Security ID=S-1-5-21-0002, Share Name=N/A, Authentication Package=N/A, sysmon-processguid={58617919-e472-6a73-28c4-030000003202}, Realm=DOMAIN_0001.LOCAL, Account ID=S-1-5-21-0002, sysmon-description=Microsoft Edge Update, Process Path=C:\Program Files (x86)\Microsoft\EdgeUpdate\MicrosoftEdgeUpdate.exe, Status Code=N/A, Product Name=Microsoft Edge Update, User Domain=DOMAIN_0001.LOCAL, Encoded Argument=N/A, Target Username=USER_0004, Event ID=1, sysmon-parentprocessid=1748, Product Company=Microsoft Corporation, sysmon-fileversion=1.3.225.7, sysmon-parentprocessguid={58617919-dde5-6a1d-2000-000000003202}, sysmon-user=USER_0002, Command=""C:\Program Files (x86)\Microsoft\EdgeUpdate\MicrosoftEdgeUpdate.exe"" /ua /installsource scheduler, sysmon-originalfilename=MicrosoftEdgeUpdate.exe, Process ID=17432, sysmon-image=C:\Program Files (x86)\Microsoft\EdgeUpdate\MicrosoftEdgeUpdate.exe, Machine Identifier=HOST_0044, Target Account Security ID=S-1-5-21-0002, sysmon-commandline=""C:\Program Files (x86)\Microsoft\EdgeUpdate\MicrosoftEdgeUpdate.exe"" /ua /installsource scheduler, Device Name=HOST_0044, IMP Hash=CD3B2D99C6655A5D4A14E30E380F5BF9, Current Working Directory=C:\WINDOWS\system32\, Parent Process Path=C:\Windows\System32\svchost.exe, sysmon-terminalsessionid=0}",false,MAC_0001,MAC_0002,[REDACTED_DUPLICATE_PAYLOAD],3,27862,0,12,false,0:0:0:0:0:0:0:0,N/A,0,N/A,8110,"<13>Aug 06 08:33:40 10.0.0.18 AgentDevice=WindowsLog	AgentLogFile=Microsoft-Windows-Sysmon/Operational	PluginVersion=7.3.1.28	Source=Microsoft-Windows-Sysmon	Computer=DESKTOP-KVVN1C6	OriginatingComputer=DESKTOP-KVVN1C6	User=USER_0002	Domain=DOMAIN_0006.LOCAL	EventID=1	EventIDCode=1	EventType=4	EventCategory=1	RecordNumber=910721787	TimeGenerated=1785980018	TimeWritten=1785980018	Level=Informational	Keywords=0x8000000000000000	Task=SysmonTask-SYSMON_CREATE_PROCESS	Opcode=Info	Message=Process Create: RuleName: - UtcTime: 2026-08-06 01:33:38.588 ProcessGuid: {58617919-e472-6a73-28c4-030000003202} ProcessId: 17432 Image: C:\Program Files (x86)\Microsoft\EdgeUpdate\MicrosoftEdgeUpdate.exe FileVersion: 203.0.0.18 Description: Microsoft Edge Update Product: Microsoft Edge Update Company: Microsoft Corporation OriginalFileName: MicrosoftEdgeUpdate.exe CommandLine: ""C:\Program Files (x86)\Microsoft\EdgeUpdate\MicrosoftEdgeUpdate.exe"" /ua /installsource scheduler CurrentDirectory: C:\WINDOWS\system32\ User: NT DOMAIN_0008.LOCAL\USER_0002 LogonGuid: {58617919-dde3-6a1d-e703-000000000000} LogonId: 0x3E7 TerminalSessionId: 0 IntegrityLevel: System Hashes: SHA1=A3281440828DE514B0FC7BEBFEF3CFD37A418DC6,MD5=352C33641CBBD193AF127D306CB960C8,SHA256=F56701783D22D0E17E126D09ACA62B1969259D4B7B00DEDD9A0001C6D1ABEAD2,IMPHASH=CD3B2D99C6655A5D4A14E30E380F5BF9 ParentProcessGuid: {58617919-dde5-6a1d-2000-000000003202} ParentProcessId: 1748 ParentImage: C:\Windows\System32\svchost.exe ParentCommandLine: C:\WINDOWS\system32\svchost.exe -k netsvcs -p -s Schedule ",Process Creation Success,N/A,1,0,unknown,N/A,Process Create,unknown,0,null,1785980018000,255,0,false,0,"true""""",Microsoft-Windows-Sysmon/Operational,HOST_0004,The process creation event provides extended information about a newly created process.,0,1785980032891,No Offense,255,HOST_0045 @ 10.0.0.18,false,3,false,N/A,10.0.0.18,false,1785980092891,5,NETWORK_0011,43,1,0,2,-1,HOST_0004,[REDACTED_DUPLICATE_PAYLOAD],USER_0002,5001828,false,null,N/A,"08:33:52, 6 thg 8, 2026","08:33:38, 6 thg 8, 2026",MAC_0002,HOST_0046,482,0,false,10.0.0.18,0,N/A,10.0.0.3,1,"08:34:52, 6 thg 8, 2026",0:0:0:0:0:0:0:0,N/A,null,"100221,100265,109237,109187,156193,100272,134937,166353"
N/A,false,0,0,USER_0004,10.0.0.18,"{sysmon-eventid=1, Parent Process Name=svchost.exe, Pipe Name=N/A, File Directory=N/A, sysmon-processid=40536, channel=Microsoft-Windows-Sysmon/Operational, sysmon-username= DOMAIN_0065.LOCAL\USER_0292, Parent Command=C:\WINDOWS\system32\svchost.exe -k netsvcs -p -s Schedule, Object Name=N/A, Account Name=USER_0004, sysmon-currentdirectory=C:\WINDOWS\system32\, Target User Domain=DOMAIN_0001.LOCAL, Logon Account Name=USER_0004, Product Description=Windows Command Processor, EventIDCode=1, Terminated Process Name=N/A, MD5 Hash=F58A3879A07F63BD0F74B022339555D4, Filename=N/A, Key Length=N/A, sysmon-logonid=0xCE1E3E8, ProgramName=N/A, Process GUID=58617919-e63d-6a73-39c4-030000003202, SHA1 Hash=3D7A84C1E63362D1213CCF9F25A869FE936C8156, File Extension=N/A, Object Type=N/A, sysmon-hash=SHA1=3D7A84C1E63362D1213CCF9F25A869FE936C8156,MD5=F58A3879A07F63BD0F74B022339555D4,SHA256=F2C736C4B8A82858E06DFFCB08B2D22D2D9D36A7FF92FAE2812FC14D16234E10,IMPHASH=272245E2988E1E430500B852C4FB5E18, SHA256 Hash=F2C736C4B8A82858E06DFFCB08B2D22D2D9D36A7FF92FAE2812FC14D16234E10, Parent Process GUID=58617919-dde5-6a1d-2000-000000003202, Integrity Level=Medium, sysmon-parentimage=C:\Windows\System32\svchost.exe, Description=Description: Windows Command Processor Product, File Hash=3D7A84C1E63362D1213CCF9F25A869FE936C8156, Token Elevation Type=N/A, Message=N/A, sysmon-rulename=-, Encoded Command=N/A, Logon Account Domain=DOMAIN_0001.LOCAL, Process Name=cmd.exe, Parent Process ID=1748, sysmon-parentcommandline=C:\WINDOWS\system32\svchost.exe -k netsvcs -p -s Schedule, Logon Type=N/A, sysmon-integritylevel=Medium, sysmon-logonguid={58617919-25e8-6a1e-e8e3-e10c00000000}, Account Security ID=S-1-5-21-0002, Share Name=N/A, Authentication Package=N/A, sysmon-processguid={58617919-e63d-6a73-39c4-030000003202}, Realm=DOMAIN_0001.LOCAL, Account ID=S-1-5-21-0002, sysmon-description=Windows Command Processor, Process Path=C:\Windows\System32\cmd.exe, Status Code=N/A, Product Name=Microsoft® Windows® Operating System, User Domain=DOMAIN_0001.LOCAL, Encoded Argument=N/A, Target Username=USER_0004, Event ID=1, sysmon-parentprocessid=1748, Product Company=Microsoft Corporation, sysmon-fileversion=10.0.18362.1316 (WinBuild.160101.0800), sysmon-parentprocessguid={58617919-dde5-6a1d-2000-000000003202}, sysmon-user=USER_0002, Command=C:\WINDOWS\SYSTEM32\cmd.exe /c ""C:\scripts\ping.bat"", sysmon-originalfilename=Cmd.Exe, Process ID=40536, sysmon-image=C:\Windows\System32\cmd.exe, Machine Identifier=HOST_0044, Target Account Security ID=S-1-5-21-0002, sysmon-commandline=C:\WINDOWS\SYSTEM32\cmd.exe /c ""C:\scripts\ping.bat"", Device Name=HOST_0044, IMP Hash=272245E2988E1E430500B852C4FB5E18, Current Working Directory=C:\WINDOWS\system32\, Parent Process Path=C:\Windows\System32\svchost.exe, sysmon-terminalsessionid=2}",false,MAC_0001,MAC_0002,[REDACTED_DUPLICATE_PAYLOAD],3,27862,0,12,false,0:0:0:0:0:0:0:0,N/A,0,N/A,8110,"<13>Aug 06 08:41:22 10.0.0.18 AgentDevice=WindowsLog	AgentLogFile=Microsoft-Windows-Sysmon/Operational	PluginVersion=7.3.1.28	Source=Microsoft-Windows-Sysmon	Computer=DESKTOP-KVVN1C6	OriginatingComputer=DESKTOP-KVVN1C6	User=USER_0002	Domain=DOMAIN_0006.LOCAL	EventID=1	EventIDCode=1	EventType=4	EventCategory=1	RecordNumber=910729714	TimeGenerated=1785980479	TimeWritten=1785980479	Level=Informational	Keywords=0x8000000000000000	Task=SysmonTask-SYSMON_CREATE_PROCESS	Opcode=Info	Message=Process Create: RuleName: - UtcTime: 2026-08-06 01:41:17.556 ProcessGuid: {58617919-e63d-6a73-39c4-030000003202} ProcessId: 40536 Image: C:\Windows\System32\cmd.exe FileVersion: 10.0.18362.1316 (WinBuild.160101.0800) Description: Windows Command Processor Product: Microsoft® Windows® Operating System Company: Microsoft Corporation OriginalFileName: Cmd.Exe CommandLine: C:\WINDOWS\SYSTEM32\cmd.exe /c ""C:\scripts\ping.bat"" CurrentDirectory: C:\WINDOWS\system32\ User: DOMAIN_0065.LOCAL\USER_0292 LogonGuid: {58617919-25e8-6a1e-e8e3-e10c00000000} LogonId: 0xCE1E3E8 TerminalSessionId: 2 IntegrityLevel: Medium Hashes: SHA1=3D7A84C1E63362D1213CCF9F25A869FE936C8156,MD5=F58A3879A07F63BD0F74B022339555D4,SHA256=F2C736C4B8A82858E06DFFCB08B2D22D2D9D36A7FF92FAE2812FC14D16234E10,IMPHASH=272245E2988E1E430500B852C4FB5E18 ParentProcessGuid: {58617919-dde5-6a1d-2000-000000003202} ParentProcessId: 1748 ParentImage: C:\Windows\System32\svchost.exe ParentCommandLine: C:\WINDOWS\system32\svchost.exe -k netsvcs -p -s Schedule ",Process Creation Success,N/A,1,0,unknown,N/A,Process Create,unknown,0,null,1785980479000,255,0,false,0,"true""""",Microsoft-Windows-Sysmon/Operational,HOST_0004,The process creation event provides extended information about a newly created process.,0,1785980490687,No Offense,255,HOST_0045 @ 10.0.0.18,false,3,false,N/A,10.0.0.18,false,1785980490687,5,NETWORK_0011,43,1,0,2,-1,HOST_0004,[REDACTED_DUPLICATE_PAYLOAD],USER_0002,5001828,false,null,N/A,"08:41:30, 6 thg 8, 2026","08:41:19, 6 thg 8, 2026",MAC_0002,HOST_0046,482,0,false,10.0.0.18,0,N/A,10.0.0.3,1,"08:41:30, 6 thg 8, 2026",0:0:0:0:0:0:0:0,N/A,null,"100221,100265,109237,109187,100668,156193,100272,100677,134937,166353"
N/A,false,0,0,USER_0004,10.0.0.18,"{sysmon-eventid=1, Parent Process Name=svchost.exe, Pipe Name=N/A, File Directory=N/A, sysmon-processid=44280, channel=Microsoft-Windows-Sysmon/Operational, sysmon-username= DOMAIN_0065.LOCAL\USER_0292, Parent Command=C:\WINDOWS\system32\svchost.exe -k netsvcs -p -s Schedule, Object Name=N/A, Account Name=USER_0004, sysmon-currentdirectory=C:\WINDOWS\system32\, Target User Domain=DOMAIN_0001.LOCAL, Logon Account Name=USER_0004, Product Description=Host Process for Windows Tasks, EventIDCode=1, Terminated Process Name=N/A, MD5 Hash=9B805D9045970BEDCAC0C621A59C9348, Filename=N/A, Key Length=N/A, sysmon-logonid=0xCE1E3E8, ProgramName=N/A, Process GUID=58617919-e693-6a73-40c4-030000003202, SHA1 Hash=57A250ACC07653388F4A7F782FE256250CD01DE6, File Extension=N/A, Object Type=N/A, sysmon-hash=SHA1=57A250ACC07653388F4A7F782FE256250CD01DE6,MD5=9B805D9045970BEDCAC0C621A59C9348,SHA256=E460BE652A4EC661945554062E8DAFE5F5F9576EB6A756102C7F2FF11889D529,IMPHASH=9CB27CAED52CB0AFFB32788922A0D083, SHA256 Hash=E460BE652A4EC661945554062E8DAFE5F5F9576EB6A756102C7F2FF11889D529, Parent Process GUID=58617919-dde5-6a1d-2000-000000003202, Integrity Level=Medium, sysmon-parentimage=C:\Windows\System32\svchost.exe, Description=Description: Host Process for Windows Tasks Product, File Hash=57A250ACC07653388F4A7F782FE256250CD01DE6, Token Elevation Type=N/A, Message=N/A, sysmon-rulename=-, Encoded Command=N/A, Logon Account Domain=DOMAIN_0001.LOCAL, Process Name=taskhostw.exe, Parent Process ID=1748, sysmon-parentcommandline=C:\WINDOWS\system32\svchost.exe -k netsvcs -p -s Schedule, Logon Type=N/A, sysmon-integritylevel=Medium, sysmon-logonguid={58617919-25e8-6a1e-e8e3-e10c00000000}, Account Security ID=S-1-5-21-0002, Share Name=N/A, Authentication Package=N/A, sysmon-processguid={58617919-e693-6a73-40c4-030000003202}, Realm=DOMAIN_0001.LOCAL, Account ID=S-1-5-21-0002, sysmon-description=Host Process for Windows Tasks, Process Path=C:\Windows\System32\taskhostw.exe, Status Code=N/A, Product Name=Microsoft® Windows® Operating System, User Domain=DOMAIN_0001.LOCAL, Encoded Argument=N/A, Target Username=USER_0004, Event ID=1, sysmon-parentprocessid=1748, Product Company=Microsoft Corporation, sysmon-fileversion=10.0.18362.1474 (WinBuild.160101.0800), sysmon-parentprocessguid={58617919-dde5-6a1d-2000-000000003202}, sysmon-user=USER_0002, Command=taskhostw.exe Install $(Arg0), sysmon-originalfilename=taskhostw.exe, Process ID=44280, sysmon-image=C:\Windows\System32\taskhostw.exe, Machine Identifier=HOST_0044, Target Account Security ID=S-1-5-21-0002, sysmon-commandline=taskhostw.exe Install $(Arg0), Device Name=HOST_0044, IMP Hash=9CB27CAED52CB0AFFB32788922A0D083, Current Working Directory=C:\WINDOWS\system32\, Parent Process Path=C:\Windows\System32\svchost.exe, sysmon-terminalsessionid=2}",false,MAC_0001,MAC_0002,[REDACTED_DUPLICATE_PAYLOAD],3,27862,0,12,false,0:0:0:0:0:0:0:0,N/A,0,N/A,8110,"<13>Aug 06 08:42:46 10.0.0.18 AgentDevice=WindowsLog	AgentLogFile=Microsoft-Windows-Sysmon/Operational	PluginVersion=7.3.1.28	Source=Microsoft-Windows-Sysmon	Computer=DESKTOP-KVVN1C6	OriginatingComputer=DESKTOP-KVVN1C6	User=USER_0002	Domain=DOMAIN_0006.LOCAL	EventID=1	EventIDCode=1	EventType=4	EventCategory=1	RecordNumber=910731044	TimeGenerated=1785980565	TimeWritten=1785980565	Level=Informational	Keywords=0x8000000000000000	Task=SysmonTask-SYSMON_CREATE_PROCESS	Opcode=Info	Message=Process Create: RuleName: - UtcTime: 2026-08-06 01:42:43.447 ProcessGuid: {58617919-e693-6a73-40c4-030000003202} ProcessId: 44280 Image: C:\Windows\System32\taskhostw.exe FileVersion: 10.0.18362.1474 (WinBuild.160101.0800) Description: Host Process for Windows Tasks Product: Microsoft® Windows® Operating System Company: Microsoft Corporation OriginalFileName: taskhostw.exe CommandLine: taskhostw.exe Install $(Arg0) CurrentDirectory: C:\WINDOWS\system32\ User: DOMAIN_0065.LOCAL\USER_0292 LogonGuid: {58617919-25e8-6a1e-e8e3-e10c00000000} LogonId: 0xCE1E3E8 TerminalSessionId: 2 IntegrityLevel: Medium Hashes: SHA1=57A250ACC07653388F4A7F782FE256250CD01DE6,MD5=9B805D9045970BEDCAC0C621A59C9348,SHA256=E460BE652A4EC661945554062E8DAFE5F5F9576EB6A756102C7F2FF11889D529,IMPHASH=9CB27CAED52CB0AFFB32788922A0D083 ParentProcessGuid: {58617919-dde5-6a1d-2000-000000003202} ParentProcessId: 1748 ParentImage: C:\Windows\System32\svchost.exe ParentCommandLine: C:\WINDOWS\system32\svchost.exe -k netsvcs -p -s Schedule ",Process Creation Success,N/A,1,0,unknown,N/A,Process Create,unknown,0,null,1785980565000,255,0,false,0,"true""""",Microsoft-Windows-Sysmon/Operational,HOST_0004,The process creation event provides extended information about a newly created process.,0,1785980575895,No Offense,255,HOST_0045 @ 10.0.0.18,false,3,false,N/A,10.0.0.18,false,1785980635895,5,NETWORK_0011,43,1,0,2,-1,HOST_0004,[REDACTED_DUPLICATE_PAYLOAD],USER_0002,5001828,false,null,N/A,"08:42:55, 6 thg 8, 2026","08:42:45, 6 thg 8, 2026",MAC_0002,HOST_0046,482,0,false,10.0.0.18,0,N/A,10.0.0.3,1,"08:43:55, 6 thg 8, 2026",0:0:0:0:0:0:0:0,N/A,null,"100221,100265,109237,109187,100668,156193,100272,134937,166353"
N/A,false,0,0,USER_0004,10.0.0.18,"{sysmon-eventid=13, Description=N/A, Message=N/A, Pipe Name=N/A, Registry Key=\SOFTWARE\Microsoft\Windows NT\CurrentVersion\Schedule\TaskCache\Tasks\{FA103B2E-5EB2-499F-9443-9765F29C7B5B}, sysmon-processid=1748, channel=Microsoft-Windows-Sysmon/Operational, Target Object=HKLM\SOFTWARE\Microsoft\Windows NT\CurrentVersion\Schedule\TaskCache\Tasks\{FA103B2E-5EB2-499F-9443-9765F29C7B5B}\DynamicInfo, Logon Account Domain=DOMAIN_0001.LOCAL, Object Name=HKLM\SOFTWARE\Microsoft\Windows NT\CurrentVersion\Schedule\TaskCache\Tasks\{FA103B2E-5EB2-499F-9443-9765F29C7B5B}\DynamicInfo, Target Details=Binary Data, Process Name=svchost.exe, Registry Value Data=Binary Data, Account Name=USER_0004, Logon Type=N/A, sysmon-targetobject=HKLM\SOFTWARE\Microsoft\Windows NT\CurrentVersion\Schedule\TaskCache\Tasks\{FA103B2E-5EB2-499F-9443-9765F29C7B5B}\DynamicInfo, Target User Domain=DOMAIN_0001.LOCAL, Rule Name=-, Account Security ID=S-1-5-21-0002, Share Name=N/A, Authentication Package=N/A, sysmon-processguid={58617919-dde5-6a1d-2000-000000003202}, Logon Account Name=USER_0004, Realm=DOMAIN_0001.LOCAL, EventIDCode=13, Account ID=S-1-5-21-0002, Process Path=C:\WINDOWS\system32\svchost.exe, sysmon-utctime=2026-08-06 01:43:11.802, Status Code=N/A, Registry Value Name=DynamicInfo, User Domain=DOMAIN_0001.LOCAL, Key Length=N/A, Target Username=USER_0004, Event ID=13, ProgramName=N/A, Registry Hive=HKLM, sysmon-eventtype=SetValue, sysmon-user=USER_0002, Process GUID=N/A, Process ID=1748, Machine Identifier=HOST_0044, Object Type=N/A, Target Account Security ID=S-1-5-21-0002, Device Name=HOST_0044, sysmon-details=Binary Data}",false,MAC_0001,MAC_0002,[REDACTED_DUPLICATE_PAYLOAD],3,27862,0,12,false,0:0:0:0:0:0:0:0,N/A,0,N/A,8012,<13>Aug 06 08:43:13 10.0.0.18 AgentDevice=WindowsLog	AgentLogFile=Microsoft-Windows-Sysmon/Operational	PluginVersion=7.3.1.28	Source=Microsoft-Windows-Sysmon	Computer=DESKTOP-KVVN1C6	OriginatingComputer=DESKTOP-KVVN1C6	User=USER_0002	Domain=DOMAIN_0006.LOCAL	EventID=13	EventIDCode=13	EventType=4	EventCategory=13	RecordNumber=910731956	TimeGenerated=1785980591	TimeWritten=1785980591	Level=Informational	Keywords=0x8000000000000000	Task=SysmonTask-SYSMON_REG_SETVALUE	Opcode=Info	Message=Registry value set: RuleName: - EventType: SetValue UtcTime: 2026-08-06 01:43:11.802 ProcessGuid: {58617919-dde5-6a1d-2000-000000003202} ProcessId: 1748 Image: C:\WINDOWS\system32\svchost.exe TargetObject: HKLM\SOFTWARE\Microsoft\Windows NT\CurrentVersion\Schedule\TaskCache\Tasks\{FA103B2E-5EB2-499F-9443-9765F29C7B5B}\DynamicInfo Details: Binary Data ,Successful Registry Modification,N/A,1,0,unknown,N/A,RegistryEvent (Value Set),unknown,0,null,1785980591000,255,0,false,0,"true""""",Microsoft-Windows-Sysmon/Operational,HOST_0004,This Registry event type identifies Registry value modifications.,0,1785980597006,No Offense,255,HOST_0045 @ 10.0.0.18,false,3,false,N/A,10.0.0.18,false,1785980597006,5,NETWORK_0011,43,13,0,1,-1,HOST_0004,[REDACTED_DUPLICATE_PAYLOAD],USER_0002,5001832,false,null,N/A,"08:43:17, 6 thg 8, 2026","08:43:11, 6 thg 8, 2026",MAC_0002,HOST_0046,482,0,false,10.0.0.18,0,N/A,10.0.0.3,23,"08:43:17, 6 thg 8, 2026",0:0:0:0:0:0:0:0,N/A,null,"100221,100265,109237,109187,100617,100668,156193,100276,100272,123237,123937,134937,166353"
N/A,false,0,0,USER_0004,10.0.0.18,"{sysmon-eventid=13, Description=N/A, Message=N/A, Pipe Name=N/A, Registry Key=\SOFTWARE\Microsoft\Windows NT\CurrentVersion\Schedule\TaskCache\Tasks\{06CB5155-D57C-421F-A93D-6408E7D7FF94}, sysmon-processid=1748, channel=Microsoft-Windows-Sysmon/Operational, Target Object=HKLM\SOFTWARE\Microsoft\Windows NT\CurrentVersion\Schedule\TaskCache\Tasks\{06CB5155-D57C-421F-A93D-6408E7D7FF94}\DynamicInfo, Logon Account Domain=DOMAIN_0001.LOCAL, Object Name=HKLM\SOFTWARE\Microsoft\Windows NT\CurrentVersion\Schedule\TaskCache\Tasks\{06CB5155-D57C-421F-A93D-6408E7D7FF94}\DynamicInfo, Target Details=Binary Data, Process Name=svchost.exe, Registry Value Data=Binary Data, Account Name=USER_0004, Logon Type=N/A, sysmon-targetobject=HKLM\SOFTWARE\Microsoft\Windows NT\CurrentVersion\Schedule\TaskCache\Tasks\{06CB5155-D57C-421F-A93D-6408E7D7FF94}\DynamicInfo, Target User Domain=DOMAIN_0001.LOCAL, Rule Name=-, Account Security ID=S-1-5-21-0002, Share Name=N/A, Authentication Package=N/A, sysmon-processguid={58617919-dde5-6a1d-2000-000000003202}, Logon Account Name=USER_0004, Realm=DOMAIN_0001.LOCAL, EventIDCode=13, Account ID=S-1-5-21-0002, Process Path=C:\WINDOWS\system32\svchost.exe, sysmon-utctime=2026-08-06 01:58:58.091, Status Code=N/A, Registry Value Name=DynamicInfo, User Domain=DOMAIN_0001.LOCAL, Key Length=N/A, Target Username=USER_0004, Event ID=13, ProgramName=N/A, Registry Hive=HKLM, sysmon-eventtype=SetValue, sysmon-user=USER_0002, Process GUID=N/A, Process ID=1748, Machine Identifier=HOST_0044, Object Type=N/A, Target Account Security ID=S-1-5-21-0002, Device Name=HOST_0044, sysmon-details=Binary Data}",false,MAC_0001,MAC_0002,[REDACTED_DUPLICATE_PAYLOAD],3,27862,0,12,false,0:0:0:0:0:0:0:0,N/A,0,N/A,8012,<13>Aug 06 08:58:58 10.0.0.18 AgentDevice=WindowsLog	AgentLogFile=Microsoft-Windows-Sysmon/Operational	PluginVersion=7.3.1.28	Source=Microsoft-Windows-Sysmon	Computer=DESKTOP-KVVN1C6	OriginatingComputer=DESKTOP-KVVN1C6	User=USER_0002	Domain=DOMAIN_0006.LOCAL	EventID=13	EventIDCode=13	EventType=4	EventCategory=13	RecordNumber=910747138	TimeGenerated=1785981538	TimeWritten=1785981538	Level=Informational	Keywords=0x8000000000000000	Task=SysmonTask-SYSMON_REG_SETVALUE	Opcode=Info	Message=Registry value set: RuleName: - EventType: SetValue UtcTime: 2026-08-06 01:58:58.091 ProcessGuid: {58617919-dde5-6a1d-2000-000000003202} ProcessId: 1748 Image: C:\WINDOWS\system32\svchost.exe TargetObject: HKLM\SOFTWARE\Microsoft\Windows NT\CurrentVersion\Schedule\TaskCache\Tasks\{06CB5155-D57C-421F-A93D-6408E7D7FF94}\DynamicInfo Details: Binary Data ,Successful Registry Modification,N/A,1,0,unknown,N/A,RegistryEvent (Value Set),unknown,0,null,1785981538000,255,0,false,0,"true""""",Microsoft-Windows-Sysmon/Operational,HOST_0004,This Registry event type identifies Registry value modifications.,0,1785981541986,No Offense,255,HOST_0045 @ 10.0.0.18,false,3,false,N/A,10.0.0.18,false,1785981541986,5,NETWORK_0011,43,13,0,1,-1,HOST_0004,[REDACTED_DUPLICATE_PAYLOAD],USER_0002,5001832,false,null,N/A,"08:59:01, 6 thg 8, 2026","08:58:58, 6 thg 8, 2026",MAC_0002,HOST_0046,482,0,false,10.0.0.18,0,N/A,10.0.0.3,14,"08:59:01, 6 thg 8, 2026",0:0:0:0:0:0:0:0,N/A,null,"100221,100265,109237,109187,100617,100668,156193,100276,100272,123237,123937,134937,166353"
N/A,false,0,0,USER_0004,10.0.0.18,"{sysmon-eventid=1, Parent Process Name=svchost.exe, Pipe Name=N/A, File Directory=N/A, sysmon-processid=20944, channel=Microsoft-Windows-Sysmon/Operational, sysmon-username= NT DOMAIN_0008.LOCAL\USER_0002, Parent Command=C:\WINDOWS\system32\svchost.exe -k netsvcs -p -s Schedule, Object Name=N/A, Account Name=USER_0004, sysmon-currentdirectory=C:\WINDOWS\system32\, Target User Domain=DOMAIN_0001.LOCAL, Logon Account Name=USER_0004, Product Description=Host Process for Windows Tasks, EventIDCode=1, Terminated Process Name=N/A, MD5 Hash=9B805D9045970BEDCAC0C621A59C9348, Filename=N/A, Key Length=N/A, sysmon-logonid=0x3E7, ProgramName=N/A, Process GUID=58617919-ea62-6a73-64c4-030000003202, SHA1 Hash=57A250ACC07653388F4A7F782FE256250CD01DE6, File Extension=N/A, Object Type=N/A, sysmon-hash=SHA1=57A250ACC07653388F4A7F782FE256250CD01DE6,MD5=9B805D9045970BEDCAC0C621A59C9348,SHA256=E460BE652A4EC661945554062E8DAFE5F5F9576EB6A756102C7F2FF11889D529,IMPHASH=9CB27CAED52CB0AFFB32788922A0D083, SHA256 Hash=E460BE652A4EC661945554062E8DAFE5F5F9576EB6A756102C7F2FF11889D529, Parent Process GUID=58617919-dde5-6a1d-2000-000000003202, Integrity Level=System, sysmon-parentimage=C:\Windows\System32\svchost.exe, Description=Description: Host Process for Windows Tasks Product, File Hash=57A250ACC07653388F4A7F782FE256250CD01DE6, Token Elevation Type=N/A, Message=N/A, sysmon-rulename=-, Encoded Command=N/A, Logon Account Domain=DOMAIN_0001.LOCAL, Process Name=taskhostw.exe, Parent Process ID=1748, sysmon-parentcommandline=C:\WINDOWS\system32\svchost.exe -k netsvcs -p -s Schedule, Logon Type=N/A, sysmon-integritylevel=System, sysmon-logonguid={58617919-dde3-6a1d-e703-000000000000}, Account Security ID=S-1-5-21-0002, Share Name=N/A, Authentication Package=N/A, sysmon-processguid={58617919-ea62-6a73-64c4-030000003202}, Realm=DOMAIN_0001.LOCAL, Account ID=S-1-5-21-0002, sysmon-description=Host Process for Windows Tasks, Process Path=C:\Windows\System32\taskhostw.exe, Status Code=N/A, Product Name=Microsoft® Windows® Operating System, User Domain=DOMAIN_0001.LOCAL, Encoded Argument=N/A, Target Username=USER_0004, Event ID=1, sysmon-parentprocessid=1748, Product Company=Microsoft Corporation, sysmon-fileversion=10.0.18362.1474 (WinBuild.160101.0800), sysmon-parentprocessguid={58617919-dde5-6a1d-2000-000000003202}, sysmon-user=USER_0002, Command=taskhostw.exe, sysmon-originalfilename=taskhostw.exe, Process ID=20944, sysmon-image=C:\Windows\System32\taskhostw.exe, Machine Identifier=HOST_0044, Target Account Security ID=S-1-5-21-0002, sysmon-commandline=taskhostw.exe, Device Name=HOST_0044, IMP Hash=9CB27CAED52CB0AFFB32788922A0D083, Current Working Directory=C:\WINDOWS\system32\, Parent Process Path=C:\Windows\System32\svchost.exe, sysmon-terminalsessionid=0}",false,MAC_0001,MAC_0002,[REDACTED_DUPLICATE_PAYLOAD],3,27862,0,12,false,0:0:0:0:0:0:0:0,N/A,0,N/A,8110,"<13>Aug 06 08:58:58 10.0.0.18 AgentDevice=WindowsLog	AgentLogFile=Microsoft-Windows-Sysmon/Operational	PluginVersion=7.3.1.28	Source=Microsoft-Windows-Sysmon	Computer=DESKTOP-KVVN1C6	OriginatingComputer=DESKTOP-KVVN1C6	User=USER_0002	Domain=DOMAIN_0006.LOCAL	EventID=1	EventIDCode=1	EventType=4	EventCategory=1	RecordNumber=910747128	TimeGenerated=1785981538	TimeWritten=1785981538	Level=Informational	Keywords=0x8000000000000000	Task=SysmonTask-SYSMON_CREATE_PROCESS	Opcode=Info	Message=Process Create: RuleName: - UtcTime: 2026-08-06 01:58:58.033 ProcessGuid: {58617919-ea62-6a73-64c4-030000003202} ProcessId: 20944 Image: C:\Windows\System32\taskhostw.exe FileVersion: 10.0.18362.1474 (WinBuild.160101.0800) Description: Host Process for Windows Tasks Product: Microsoft® Windows® Operating System Company: Microsoft Corporation OriginalFileName: taskhostw.exe CommandLine: taskhostw.exe CurrentDirectory: C:\WINDOWS\system32\ User: NT DOMAIN_0008.LOCAL\USER_0002 LogonGuid: {58617919-dde3-6a1d-e703-000000000000} LogonId: 0x3E7 TerminalSessionId: 0 IntegrityLevel: System Hashes: SHA1=57A250ACC07653388F4A7F782FE256250CD01DE6,MD5=9B805D9045970BEDCAC0C621A59C9348,SHA256=E460BE652A4EC661945554062E8DAFE5F5F9576EB6A756102C7F2FF11889D529,IMPHASH=9CB27CAED52CB0AFFB32788922A0D083 ParentProcessGuid: {58617919-dde5-6a1d-2000-000000003202} ParentProcessId: 1748 ParentImage: C:\Windows\System32\svchost.exe ParentCommandLine: C:\WINDOWS\system32\svchost.exe -k netsvcs -p -s Schedule ",Process Creation Success,N/A,1,0,unknown,N/A,Process Create,unknown,0,null,1785981538000,255,0,false,0,"true""""",Microsoft-Windows-Sysmon/Operational,HOST_0004,The process creation event provides extended information about a newly created process.,0,1785981541987,No Offense,255,HOST_0045 @ 10.0.0.18,false,3,false,N/A,10.0.0.18,false,1785981541987,5,NETWORK_0011,43,1,0,2,-1,HOST_0004,[REDACTED_DUPLICATE_PAYLOAD],USER_0002,5001828,false,null,N/A,"08:59:01, 6 thg 8, 2026","08:58:58, 6 thg 8, 2026",MAC_0002,HOST_0046,482,0,false,10.0.0.18,0,N/A,10.0.0.3,3,"08:59:01, 6 thg 8, 2026",0:0:0:0:0:0:0:0,N/A,null,"100221,100265,109237,109187,100668,156193,100272,134937,166353"
N/A,false,0,0,USER_0004,10.0.0.18,"{sysmon-eventid=1, Parent Process Name=svchost.exe, Pipe Name=N/A, File Directory=N/A, sysmon-processid=41740, channel=Microsoft-Windows-Sysmon/Operational, sysmon-username= NT DOMAIN_0008.LOCAL\USER_0002, Parent Command=C:\WINDOWS\system32\svchost.exe -k netsvcs -p -s Schedule, Object Name=N/A, Account Name=USER_0004, sysmon-currentdirectory=C:\WINDOWS\system32\, Target User Domain=DOMAIN_0001.LOCAL, Logon Account Name=USER_0004, Product Description=Google Updater (x64), EventIDCode=1, Terminated Process Name=N/A, MD5 Hash=26F8189E8EA79C850ED24086E07CDE85, Filename=N/A, Key Length=N/A, sysmon-logonid=0x3E7, ProgramName=N/A, Process GUID=58617919-ea69-6a73-65c4-030000003202, SHA1 Hash=1B067B2DB27EFD93C3466EE0EDC577ED6625DEF4, File Extension=N/A, Object Type=N/A, sysmon-hash=SHA1=1B067B2DB27EFD93C3466EE0EDC577ED6625DEF4,MD5=26F8189E8EA79C850ED24086E07CDE85,SHA256=B676C1145F17A9C3D74CC66AD2708550698F1E6A789E37B1715E32CF0127BFDC,IMPHASH=0AD1312AEEF2A359250067CD0C300E42, SHA256 Hash=B676C1145F17A9C3D74CC66AD2708550698F1E6A789E37B1715E32CF0127BFDC, Parent Process GUID=58617919-dde5-6a1d-2000-000000003202, Integrity Level=System, sysmon-parentimage=C:\Windows\System32\svchost.exe, Description=Description: Google Updater (x64) Product, File Hash=1B067B2DB27EFD93C3466EE0EDC577ED6625DEF4, Token Elevation Type=N/A, Message=N/A, sysmon-rulename=-, Encoded Command=N/A, Logon Account Domain=DOMAIN_0001.LOCAL, Process Name=updater.exe, Parent Process ID=1748, sysmon-parentcommandline=C:\WINDOWS\system32\svchost.exe -k netsvcs -p -s Schedule, Logon Type=N/A, sysmon-integritylevel=System, sysmon-logonguid={58617919-dde3-6a1d-e703-000000000000}, Account Security ID=S-1-5-21-0002, Share Name=N/A, Authentication Package=N/A, sysmon-processguid={58617919-ea69-6a73-65c4-030000003202}, Realm=DOMAIN_0001.LOCAL, Account ID=S-1-5-21-0002, sysmon-description=Google Updater (x64), Process Path=C:\Program Files (x86)\Google\GoogleUpdater\152DOMAIN_0066.LOCAL\USER_0020, Status Code=N/A, Product Name=Google Updater (x64), User Domain=DOMAIN_0001.LOCAL, Encoded Argument=N/A, Target Username=USER_0004, Event ID=1, sysmon-parentprocessid=1748, Product Company=Google LLC, sysmon-fileversion=152.0.7933.0, sysmon-parentprocessguid={58617919-dde5-6a1d-2000-000000003202}, sysmon-user=USER_0002, Command=""C:\Program Files (x86)\Google\GoogleUpdater\152DOMAIN_0066.LOCAL\USER_0020"" --wake --system, sysmon-originalfilename=updater.exe, Process ID=41740, sysmon-image=C:\Program Files (x86)\Google\GoogleUpdater\152.0.7933.0\updater.exe, Machine Identifier=HOST_0044, Target Account Security ID=S-1-5-21-0002, sysmon-commandline=""C:\Program Files (x86)\Google\GoogleUpdater\152DOMAIN_0066.LOCAL\USER_0020"" --wake --system, Device Name=HOST_0044, IMP Hash=0AD1312AEEF2A359250067CD0C300E42, Current Working Directory=C:\WINDOWS\system32\, Parent Process Path=C:\Windows\System32\svchost.exe, sysmon-terminalsessionid=0}",false,MAC_0001,MAC_0002,[REDACTED_DUPLICATE_PAYLOAD],3,27862,0,12,false,0:0:0:0:0:0:0:0,N/A,0,N/A,8110,"<13>Aug 06 08:59:07 10.0.0.18 AgentDevice=WindowsLog	AgentLogFile=Microsoft-Windows-Sysmon/Operational	PluginVersion=7.3.1.28	Source=Microsoft-Windows-Sysmon	Computer=DESKTOP-KVVN1C6	OriginatingComputer=DESKTOP-KVVN1C6	User=USER_0002	Domain=DOMAIN_0006.LOCAL	EventID=1	EventIDCode=1	EventType=4	EventCategory=1	RecordNumber=910747954	TimeGenerated=1785981546	TimeWritten=1785981546	Level=Informational	Keywords=0x8000000000000000	Task=SysmonTask-SYSMON_CREATE_PROCESS	Opcode=Info	Message=Process Create: RuleName: - UtcTime: 2026-08-06 01:59:05.803 ProcessGuid: {58617919-ea69-6a73-65c4-030000003202} ProcessId: 41740 Image: C:\Program Files (x86)\Google\GoogleUpdater\152DOMAIN_0066.LOCAL\USER_0020 FileVersion: 152.0.7933.0 Description: Google Updater (x64) Product: Google Updater (x64) Company: Google LLC OriginalFileName: updater.exe CommandLine: ""C:\Program Files (x86)\Google\GoogleUpdater\152DOMAIN_0066.LOCAL\USER_0020"" --wake --system CurrentDirectory: C:\WINDOWS\system32\ User: NT DOMAIN_0008.LOCAL\USER_0002 LogonGuid: {58617919-dde3-6a1d-e703-000000000000} LogonId: 0x3E7 TerminalSessionId: 0 IntegrityLevel: System Hashes: SHA1=1B067B2DB27EFD93C3466EE0EDC577ED6625DEF4,MD5=26F8189E8EA79C850ED24086E07CDE85,SHA256=B676C1145F17A9C3D74CC66AD2708550698F1E6A789E37B1715E32CF0127BFDC,IMPHASH=0AD1312AEEF2A359250067CD0C300E42 ParentProcessGuid: {58617919-dde5-6a1d-2000-000000003202} ParentProcessId: 1748 ParentImage: C:\Windows\System32\svchost.exe ParentCommandLine: C:\WINDOWS\system32\svchost.exe -k netsvcs -p -s Schedule ",Process Creation Success,N/A,1,0,unknown,N/A,Process Create,unknown,0,null,1785981546000,255,0,false,0,"true""""",Microsoft-Windows-Sysmon/Operational,HOST_0004,The process creation event provides extended information about a newly created process.,0,1785981552549,No Offense,255,HOST_0045 @ 10.0.0.18,false,3,false,N/A,10.0.0.18,false,1785981552549,5,NETWORK_0011,43,1,0,2,-1,HOST_0004,[REDACTED_DUPLICATE_PAYLOAD],USER_0002,5001828,false,null,N/A,"08:59:12, 6 thg 8, 2026","08:59:06, 6 thg 8, 2026",MAC_0002,HOST_0046,482,0,false,10.0.0.18,0,N/A,10.0.0.3,1,"08:59:12, 6 thg 8, 2026",0:0:0:0:0:0:0:0,N/A,null,"100221,100265,109237,109187,156193,100272,134937,166353"
N/A,false,0,0,USER_0004,10.0.0.18,"{sysmon-eventid=1, Parent Process Name=svchost.exe, Pipe Name=N/A, File Directory=N/A, sysmon-processid=41004, channel=Microsoft-Windows-Sysmon/Operational, sysmon-username= DOMAIN_0065.LOCAL\USER_0292, Parent Command=C:\WINDOWS\system32\svchost.exe -k netsvcs -p -s Schedule, Object Name=N/A, Account Name=USER_0004, sysmon-currentdirectory=C:\WINDOWS\system32\, Target User Domain=DOMAIN_0001.LOCAL, Logon Account Name=USER_0004, Product Description=Windows PowerShell, EventIDCode=1, Terminated Process Name=N/A, MD5 Hash=CDA48FC75952AD12D99E526D0B6BF70A, Filename=N/A, Key Length=N/A, sysmon-logonid=0xCE1E3E8, ProgramName=N/A, Process GUID=58617919-eaa1-6a73-6bc4-030000003202, SHA1 Hash=36C5D12033B2EAF251BAE61C00690FFB17FDDC87, File Extension=N/A, Object Type=N/A, sysmon-hash=SHA1=36C5D12033B2EAF251BAE61C00690FFB17FDDC87,MD5=CDA48FC75952AD12D99E526D0B6BF70A,SHA256=908B64B1971A979C7E3E8CE4621945CBA84854CB98D76367B791A6E22B5F6D53,IMPHASH=A7CEFACDDA74B13CD330390769752481, SHA256 Hash=908B64B1971A979C7E3E8CE4621945CBA84854CB98D76367B791A6E22B5F6D53, Parent Process GUID=58617919-dde5-6a1d-2000-000000003202, Integrity Level=Medium, sysmon-parentimage=C:\Windows\System32\svchost.exe, Description=Description: Windows PowerShell Product, File Hash=36C5D12033B2EAF251BAE61C00690FFB17FDDC87, Token Elevation Type=N/A, Message=N/A, sysmon-rulename=-, Encoded Command=N/A, Logon Account Domain=DOMAIN_0001.LOCAL, Process Name=powershell.exe, Parent Process ID=1748, sysmon-parentcommandline=C:\WINDOWS\system32\svchost.exe -k netsvcs -p -s Schedule, Logon Type=N/A, sysmon-integritylevel=Medium, sysmon-logonguid={58617919-25e8-6a1e-e8e3-e10c00000000}, Account Security ID=S-1-5-21-0002, Share Name=N/A, Authentication Package=N/A, sysmon-processguid={58617919-eaa1-6a73-6bc4-030000003202}, Realm=DOMAIN_0001.LOCAL, Account ID=S-1-5-21-0002, sysmon-description=Windows PowerShell, Process Path=C:\Windows\System32\WindowsPowerShell\v1DOMAIN_0056.LOCAL\USER_0244, Status Code=N/A, Product Name=Microsoft® Windows® Operating System, User Domain=DOMAIN_0001.LOCAL, Encoded Argument=N/A, Target Username=USER_0004, Event ID=1, sysmon-parentprocessid=1748, Product Company=Microsoft Corporation, sysmon-fileversion=10.0.18362.1 (WinBuild.160101.0800), sysmon-parentprocessguid={58617919-dde5-6a1d-2000-000000003202}, sysmon-user=USER_0002, Command=C:\Windows\System32\WindowsPowerShell\v1DOMAIN_0056.LOCAL\USER_0244 -ExecutionPolicy Bypass -File ""F:\rclone\lenhsys.ps1"", sysmon-originalfilename=PowerShell.EXE, Process ID=41004, sysmon-image=C:\Windows\System32\WindowsPowerShell\v1.0\powershell.exe, Machine Identifier=HOST_0044, Target Account Security ID=S-1-5-21-0002, sysmon-commandline=C:\Windows\System32\WindowsPowerShell\v1DOMAIN_0056.LOCAL\USER_0244 -ExecutionPolicy Bypass -File ""F:\rclone\lenhsys.ps1"", Device Name=HOST_0044, IMP Hash=A7CEFACDDA74B13CD330390769752481, Current Working Directory=C:\WINDOWS\system32\, Parent Process Path=C:\Windows\System32\svchost.exe, sysmon-terminalsessionid=2}",false,MAC_0001,MAC_0002,[REDACTED_DUPLICATE_PAYLOAD],6,27862,0,12,false,0:0:0:0:0:0:0:0,N/A,0,N/A,8110,"<13>Aug 06 09:00:04 10.0.0.18 AgentDevice=WindowsLog	AgentLogFile=Microsoft-Windows-Sysmon/Operational	PluginVersion=7.3.1.28	Source=Microsoft-Windows-Sysmon	Computer=DESKTOP-KVVN1C6	OriginatingComputer=DESKTOP-KVVN1C6	User=USER_0002	Domain=DOMAIN_0006.LOCAL	EventID=1	EventIDCode=1	EventType=4	EventCategory=1	RecordNumber=910748950	TimeGenerated=1785981601	TimeWritten=1785981601	Level=Informational	Keywords=0x8000000000000000	Task=SysmonTask-SYSMON_CREATE_PROCESS	Opcode=Info	Message=Process Create: RuleName: - UtcTime: 2026-08-06 02:00:01.629 ProcessGuid: {58617919-eaa1-6a73-6bc4-030000003202} ProcessId: 41004 Image: C:\Windows\System32\WindowsPowerShell\v1DOMAIN_0056.LOCAL\USER_0244 FileVersion: 10.0.18362.1 (WinBuild.160101.0800) Description: Windows PowerShell Product: Microsoft® Windows® Operating System Company: Microsoft Corporation OriginalFileName: PowerShell.EXE CommandLine: C:\Windows\System32\WindowsPowerShell\v1DOMAIN_0056.LOCAL\USER_0244 -ExecutionPolicy Bypass -File ""F:\rclone\lenhsys.ps1"" CurrentDirectory: C:\WINDOWS\system32\ User: DOMAIN_0065.LOCAL\USER_0292 LogonGuid: {58617919-25e8-6a1e-e8e3-e10c00000000} LogonId: 0xCE1E3E8 TerminalSessionId: 2 IntegrityLevel: Medium Hashes: SHA1=36C5D12033B2EAF251BAE61C00690FFB17FDDC87,MD5=CDA48FC75952AD12D99E526D0B6BF70A,SHA256=908B64B1971A979C7E3E8CE4621945CBA84854CB98D76367B791A6E22B5F6D53,IMPHASH=A7CEFACDDA74B13CD330390769752481 ParentProcessGuid: {58617919-dde5-6a1d-2000-000000003202} ParentProcessId: 1748 ParentImage: C:\Windows\System32\svchost.exe ParentCommandLine: C:\WINDOWS\system32\svchost.exe -k netsvcs -p -s Schedule ",Process Creation Success,N/A,1,0,unknown,N/A,Process Create,unknown,0,null,1785981601000,255,0,false,0,"true""""",Microsoft-Windows-Sysmon/Operational,HOST_0004,The process creation event provides extended information about a newly created process.,0,1785981617086,No Offense,255,HOST_0045 @ 10.0.0.18,true,3,false,N/A,10.0.0.18,false,1785981617086,5,NETWORK_0011,43,1,0,9,-1,HOST_0004,[REDACTED_DUPLICATE_PAYLOAD],USER_0002,5001828,false,null,N/A,"09:00:17, 6 thg 8, 2026","09:00:01, 6 thg 8, 2026",MAC_0002,HOST_0046,482,0,false,10.0.0.18,0,N/A,10.0.0.3,1,"09:00:17, 6 thg 8, 2026",0:0:0:0:0:0:0:0,N/A,null,"100631,100221,100265,109237,109187,100668,156193,146159,146154,100272,100677,134937,166353"
