dstPreNATIP,hasIdentityFlag,destinationPostNatPortDescription,destinationPort,identityUsername,logSourceIdentifier,customProps,srcPortInvalid,identityMAC,sourcMACAddress,payloadAsBase64,magnitude,deviceId,protocolConfigId,deviceType,dstPortInvalid,sourceV6Ip,identityGroupName,srcPreNATPort,srcPreNATIP,category,payloadAsUTF,categoryDescription,aDEAnomalyCount,deviceCategory,deviceEventId,pcapId,identityExtendedField,eventName,pcapIp,sourcePort,obfuscationProperties,deviceTime,protocol,sourcePreNatPortDescription,pcapEvent,dstPostNATPort,tLVProperties,qidEventCategory,identityNetBiosName,eventDescription,dstPreNATPort,startTime,offenseName,protocolName,deviceName,mPCEvent,relevance,logOnly,dstPostNATIP,srcIp,storedForPerformance,stopTime,credibility,domainName,domainID,qidEventId,sourcePostNatPortDescription,severity,offenseId,identityHostname,payloadAsHexOneLine,userName,qid,truncated,obfuscationNormalizedEventProperties,aDEAnomalyDescription,startDateTime,deviceDateTime,destinationMACAddress,eventCollectorName,eventCollectorId,srcPostNATPort,rawEvent,destIp,destinationPreNatPortDescription,osvbidsDesc,identityIpOfHost,eventCount,stopDateTime,destinationV6Ip,srcPostNATIP,identity,ruleIds
N/A,false,0,0,USER_0004,HOST_0021,"{sysmon-eventid=7, Pipe Name=N/A, Signature Status=Unavailable, File Directory=C:\Windows\assembly\NativeImages_v4DOMAIN_0013.LOCAL\USER_0030#\1636a569b6dd7d91d7643a3de248893b, sysmon-processid=6512, channel=Microsoft-Windows-Sysmon/Operational, Object Name=N/A, Account Name=USER_0004, Target User Domain=DOMAIN_0001.LOCAL, Logon Account Name=USER_0004, Product Description=Microsoft Windows PowerShell Management Commands, EventIDCode=7, sysmon-utctime=2026-07-24 09:05:26.707, Signed=false, MD5 Hash=2833B0DCB9B477322DA397B48B78E24F, Filename=Microsoft.PowerShell.Commands.Management.ni.dll, Key Length=N/A, ProgramName=N/A, Process GUID=N/A, SHA1 Hash=4A76ABA8B817AC8CB35D11D4933CA5EB522128B8, File Extension=N/A, Object Type=N/A, sysmon-hash=SHA1=4A76ABA8B817AC8CB35D11D4933CA5EB522128B8,MD5=2833B0DCB9B477322DA397B48B78E24F,SHA256=1AD3C94ADCA66B22546E4D1DEA455CB66F78CC14D971EF4FD8FAFAE10614F79A,IMPHASH=00000000000000000000000000000000, SHA256 Hash=1AD3C94ADCA66B22546E4D1DEA455CB66F78CC14D971EF4FD8FAFAE10614F79A, File Path=C:\Windows\assembly\NativeImages_v4.0.30319_64\Microsoft.Pae3498d9#\1636a569b6dd7d91d7643a3de248893b\Microsoft.PowerShell.Commands.Management.ni.dll, Description=Description: Microsoft Windows PowerShell Management Commands Product, Message=N/A, sysmon-signaturestatus=Unavailable, Logon Account Domain=DOMAIN_0001.LOCAL, Process Name=wsmprovhost.exe, Logon Type=N/A, sysmon-signature=- , Image Loaded=C:\Windows\assembly\NativeImages_v4.0.30319_64\Microsoft.Pae3498d9#\1636a569b6dd7d91d7643a3de248893b\Microsoft.PowerShell.Commands.Management.ni.dll, Account Security ID=S-1-5-21-0002, Share Name=N/A, Authentication Package=N/A, sysmon-processguid={b59a7af0-2ad6-6a63-a8f7-010000000b00}, Realm=DOMAIN_0001.LOCAL, Account ID=S-1-5-21-0002, Process Path=C:\Windows\System32\wsmprovhost.exe, sysmon-signed=false, Status Code=N/A, Product Name=Microsoft (R) Windows (R) Operating System, User Domain=DOMAIN_0001.LOCAL, Target Username=USER_0004, Event ID=7, Product Company=Microsoft Corporation, sysmon-user=USER_0002, sysmon-originalfilename=Microsoft.PowerShell.Commands.Management.dll, Process ID=6512, Machine Identifier=HOST_0022, Signature=-, Target Account Security ID=S-1-5-21-0002, Device Name=HOST_0022, IMP Hash=00000000000000000000000000000000}",false,MAC_0001,MAC_0002,[REDACTED_DUPLICATE_PAYLOAD],3,52869,0,12,false,0:0:0:0:0:0:0:0,N/A,0,N/A,19247,"<13>Jul 24 16:05:29 10.0.0.10.Ptit AgentDevice=WindowsLog	AgentLogFile=Microsoft-Windows-Sysmon/Operational	PluginVersion=7.3.1.28	Source=Microsoft-Windows-Sysmon	Computer=AD01.ptit.edu.vn	OriginatingComputer=10.2.3.10	User=USER_0002	Domain=DOMAIN_0006.LOCAL	EventID=7	EventIDCode=7	EventType=4	EventCategory=7	RecordNumber=52959286	TimeGenerated=1784883926	TimeWritten=1784883926	Level=Informational	Keywords=0x8000000000000000	Task=SysmonTask-SYSMON_IMAGE_LOAD	Opcode=Info	Message=Image loaded: RuleName: - UtcTime: 2026-07-24 09:05:26.707 ProcessGuid: {b59a7af0-2ad6-6a63-a8f7-010000000b00} ProcessId: 6512 Image: C:\Windows\System32\wsmprovhost.exe ImageLoaded: C:\Windows\assembly\NativeImages_v4DOMAIN_0013.LOCAL\USER_0030#\1636a569b6dd7d91d7643a3de248893b\Microsoft.PowerShell.Commands.Management.ni.dll FileVersion: 10.0.26100.1 Description: Microsoft Windows PowerShell Management Commands Product: Microsoft (R) Windows (R) Operating System Company: Microsoft Corporation OriginalFileName: Microsoft.PowerShell.Commands.Management.dll Hashes: SHA1=4A76ABA8B817AC8CB35D11D4933CA5EB522128B8,MD5=2833B0DCB9B477322DA397B48B78E24F,SHA256=1AD3C94ADCA66B22546E4D1DEA455CB66F78CC14D971EF4FD8FAFAE10614F79A,IMPHASH=00000000000000000000000000000000 Signed: false Signature: - SignatureStatus: Unavailable",Object Load Success,N/A,1,0,unknown,N/A,Image loaded,unknown,0,null,1784883926000,255,0,false,0,"true""""",Microsoft-Windows-Sysmon/Operational,HOST_0004,The image loaded event logs when a module is loaded in a specific process.,0,1784883940787,No Offense,255,HOST_0023 @ 10.0.0.10,false,3,false,N/A,10.0.0.10,false,1784883940787,5,NETWORK_0009,68,7,0,1,-1,HOST_0004,[REDACTED_DUPLICATE_PAYLOAD],USER_0002,5001844,false,null,N/A,"16:05:40, 24 thg 7, 2026","16:05:26, 24 thg 7, 2026",MAC_0002,HOST_0024,630,0,false,10.0.0.10,0,N/A,10.0.0.3,2,"16:05:40, 24 thg 7, 2026",0:0:0:0:0:0:0:0,N/A,null,"100221,100265,109237,109187,100668,156193,100272,100659,134937,166353"
N/A,false,0,0,USER_0004,HOST_0021,"{sysmon-eventid=5, Description=N/A, Message=N/A, Pipe Name=N/A, sysmon-processid=6512, channel=Microsoft-Windows-Sysmon/Operational, Logon Account Domain=DOMAIN_0001.LOCAL, Object Name=N/A, Process Name=wsmprovhost.exe, Account Name=USER_0004, Logon Type=N/A, Target User Domain=DOMAIN_0001.LOCAL, Account Security ID=S-1-5-21-0002, Share Name=N/A, Authentication Package=N/A, sysmon-processguid={b59a7af0-2ad6-6a63-a8f7-010000000b00}, Logon Account Name=USER_0004, Realm=DOMAIN_0001.LOCAL, EventIDCode=5, Account ID=S-1-5-21-0002, Process Path=C:\Windows\System32\wsmprovhost.exe, sysmon-utctime=2026-07-24 09:05:26.751, Status Code=N/A, User Domain=DOMAIN_0001.LOCAL, Key Length=N/A, Target Username=USER_0004, Event ID=5, ProgramName=N/A, sysmon-user=USER_0002, Process GUID=N/A, Process ID=6512, sysmon-image=C:\Windows\System32\wsmprovhost.exe, Machine Identifier=HOST_0022, Object Type=N/A, Target Account Security ID=S-1-5-21-0002, Device Name=HOST_0022}",false,MAC_0001,MAC_0002,[REDACTED_DUPLICATE_PAYLOAD],3,52869,0,12,false,0:0:0:0:0:0:0:0,N/A,0,N/A,8113,<13>Jul 24 16:05:29 10.0.0.10.Ptit AgentDevice=WindowsLog	AgentLogFile=Microsoft-Windows-Sysmon/Operational	PluginVersion=7.3.1.28	Source=Microsoft-Windows-Sysmon	Computer=AD01.ptit.edu.vn	OriginatingComputer=10.2.3.10	User=USER_0002	Domain=DOMAIN_0006.LOCAL	EventID=5	EventIDCode=5	EventType=4	EventCategory=5	RecordNumber=52959297	TimeGenerated=1784883926	TimeWritten=1784883926	Level=Informational	Keywords=0x8000000000000000	Task=SysmonTask-SYSMON_PROCESS_TERMINATE	Opcode=Info	Message=Process terminated: RuleName: - UtcTime: 2026-07-24 09:05:26.751 ProcessGuid: {b59a7af0-2ad6-6a63-a8f7-010000000b00} ProcessId: 6512 Image: C:\Windows\System32\wsmprovhost.exe,Process Termination Success,N/A,1,0,unknown,N/A,Process terminated,unknown,0,null,1784883926000,255,0,false,0,"true""""",Microsoft-Windows-Sysmon/Operational,HOST_0004,The process terminate event reports when a process terminates.,0,1784883940787,No Offense,255,HOST_0023 @ 10.0.0.10,false,3,false,N/A,10.0.0.10,false,1784883940787,5,NETWORK_0009,68,5,0,2,-1,HOST_0004,[REDACTED_DUPLICATE_PAYLOAD],USER_0002,5001842,false,null,N/A,"16:05:40, 24 thg 7, 2026","16:05:26, 24 thg 7, 2026",MAC_0002,HOST_0024,630,0,false,10.0.0.10,0,N/A,10.0.0.3,1,"16:05:40, 24 thg 7, 2026",0:0:0:0:0:0:0:0,N/A,null,"100221,100265,109237,109187,100668,156193,100272,134937,166353"
N/A,false,0,0,USER_0004,HOST_0021,"{sysmon-eventid=17, Description=N/A, Message=N/A, Pipe Name=PSHost.134293575264604042.6512.DefaultAppDomain.wsmprovhost, sysmon-processid=6512, channel=Microsoft-Windows-Sysmon/Operational, Logon Account Domain=DOMAIN_0001.LOCAL, Object Name=N/A, Process Name=wsmprovhost.exe, sysmon-pipename=\PSHost.134293575264604042.6512.DefaultAppDomain.wsmprovhost, Account Name=USER_0004, Logon Type=N/A, Target User Domain=DOMAIN_0001.LOCAL, Account Security ID=S-1-5-21-0002, Share Name=N/A, Authentication Package=N/A, sysmon-processguid={b59a7af0-2ad6-6a63-a8f7-010000000b00}, Logon Account Name=USER_0004, Realm=DOMAIN_0001.LOCAL, EventIDCode=17, Account ID=S-1-5-21-0002, Process Path=C:\WINDOWS\system32\wsmprovhost.exe, sysmon-utctime=2026-07-24 09:05:26.610, Status Code=N/A, User Domain=DOMAIN_0001.LOCAL, Key Length=N/A, Target Username=USER_0004, Event ID=17, ProgramName=N/A, sysmon-user=USER_0002, Process GUID=N/A, Process ID=6512, sysmon-image=C:\WINDOWS\system32\wsmprovhost.exe, Machine Identifier=HOST_0022, Object Type=N/A, Target Account Security ID=S-1-5-21-0002, Device Name=HOST_0022}",false,MAC_0001,MAC_0002,[REDACTED_DUPLICATE_PAYLOAD],3,52869,0,12,false,0:0:0:0:0:0:0:0,N/A,0,N/A,19012,<13>Jul 24 16:05:26 10.0.0.10.Ptit AgentDevice=WindowsLog	AgentLogFile=Microsoft-Windows-Sysmon/Operational	PluginVersion=7.3.1.28	Source=Microsoft-Windows-Sysmon	Computer=AD01.ptit.edu.vn	OriginatingComputer=10.2.3.10	User=USER_0002	Domain=DOMAIN_0006.LOCAL	EventID=17	EventIDCode=17	EventType=4	EventCategory=17	RecordNumber=52959127	TimeGenerated=1784883926	TimeWritten=1784883926	Level=Informational	Keywords=0x8000000000000000	Task=SysmonTask-SYSMON_CREATE_NAMEDPIPE	Opcode=Info	Message=Pipe Created: RuleName: - EventType: CreatePipe UtcTime: 2026-07-24 09:05:26.610 ProcessGuid: {b59a7af0-2ad6-6a63-a8f7-010000000b00} ProcessId: 6512 PipeName: \PSHost.134293575264604042.6512.DefaultAppDomain.wsmprovhost Image: C:\WINDOWS\system32\wsmprovhost.exe,Create Activity Succeeded,N/A,1,0,unknown,N/A,PipeEvent (Pipe Created),unknown,0,null,1784883926000,255,0,false,0,"true""""",Microsoft-Windows-Sysmon/Operational,HOST_0004,Named pipe created,0,1784883929719,No Offense,255,HOST_0023 @ 10.0.0.10,false,3,false,N/A,10.0.0.10,false,1784883929719,5,NETWORK_0009,68,17,0,1,-1,HOST_0004,[REDACTED_DUPLICATE_PAYLOAD],USER_0002,5001836,false,null,N/A,"16:05:29, 24 thg 7, 2026","16:05:26, 24 thg 7, 2026",MAC_0002,HOST_0024,630,0,false,10.0.0.10,0,N/A,10.0.0.3,1,"16:05:29, 24 thg 7, 2026",0:0:0:0:0:0:0:0,N/A,null,"100221,100737,100265,109237,109187,100668,156193,100272,134937,166353"
N/A,false,0,0,USER_0004,HOST_0021,"{sysmon-eventid=11, Description=N/A, Message=N/A, Pipe Name=N/A, File Directory=C:\Users\USER_0029\AppData\Local\Temp, sysmon-processid=6512, channel=Microsoft-Windows-Sysmon/Operational, Logon Account Domain=DOMAIN_0001.LOCAL, Object Name=N/A, Process Name=wsmprovhost.exe, Account Name=USER_0004, Logon Type=N/A, Target User Domain=DOMAIN_0001.LOCAL, Account Security ID=S-1-5-21-0002, Share Name=N/A, Authentication Package=N/A, sysmon-processguid={b59a7af0-2ad6-6a63-a8f7-010000000b00}, Logon Account Name=USER_0004, Realm=DOMAIN_0001.LOCAL, EventIDCode=11, Account ID=S-1-5-21-0002, Process Path=C:\WINDOWS\system32\wsmprovhost.exe, sysmon-creationutctime=2026-07-24 09:05:26.576, sysmon-utctime=2026-07-24 09:05:26.576, Status Code=N/A, Filename=__PSScriptPolicyTest_54m1fxv3.tnp.psm1, User Domain=DOMAIN_0001.LOCAL, Key Length=N/A, Target Username=USER_0004, Event ID=11, ProgramName=N/A, sysmon-targetfilename=C:\Users\administrator.PTIT\AppData\Local\Temp\__PSScriptPolicyTest_54m1fxv3.tnp.psm1, sysmon-user=USER_0002, Process GUID=N/A, Process ID=6512, Target File Directory=C:\Users\administrator.PTIT\AppData\Local\Temp\__PSScriptPolicyTest_54m1fxv3.tnp.psm1, sysmon-image=C:\WINDOWS\system32\wsmprovhost.exe, File Extension=psm1, Machine Identifier=HOST_0022, Task Name=N/A, Object Type=N/A, Target Account Security ID=S-1-5-21-0002, Device Name=HOST_0022, File Path=C:\Users\administrator.PTIT\AppData\Local\Temp\__PSScriptPolicyTest_54m1fxv3.tnp.psm1}",false,MAC_0001,MAC_0002,[REDACTED_DUPLICATE_PAYLOAD],6,52869,0,12,false,0:0:0:0:0:0:0:0,N/A,0,N/A,8028,<13>Jul 24 16:05:26 10.0.0.10.Ptit AgentDevice=WindowsLog	AgentLogFile=Microsoft-Windows-Sysmon/Operational	PluginVersion=7.3.1.28	Source=Microsoft-Windows-Sysmon	Computer=AD01.ptit.edu.vn	OriginatingComputer=10.2.3.10	User=USER_0002	Domain=DOMAIN_0006.LOCAL	EventID=11	EventIDCode=11	EventType=4	EventCategory=11	RecordNumber=52959124	TimeGenerated=1784883926	TimeWritten=1784883926	Level=Informational	Keywords=0x8000000000000000	Task=SysmonTask-SYSMON_FILE_CREATE	Opcode=Info	Message=File created: RuleName: - UtcTime: 2026-07-24 09:05:26.576 ProcessGuid: {b59a7af0-2ad6-6a63-a8f7-010000000b00} ProcessId: 6512 Image: C:\WINDOWS\system32\wsmprovhost.exe TargetFilename: C:\Users\USER_0029\AppData\Local\Temp\__PSScriptPolicyTest_54m1fxv3.tnp.psm1 CreationUtcTime: 2026-07-24 09:05:26.576,File Created,N/A,1,0,unknown,N/A,FileCreate,unknown,0,null,1784883926000,255,0,false,0,"true""""",Microsoft-Windows-Sysmon/Operational,HOST_0004,File create operations are logged when a file is created or overwritten.,0,1784883929617,No Offense,255,HOST_0023 @ 10.0.0.10,true,6,false,N/A,10.0.0.10,false,1784883929617,6,NETWORK_0009,68,11,0,6,-1,HOST_0004,[REDACTED_DUPLICATE_PAYLOAD],USER_0002,5001830,false,null,N/A,"16:05:29, 24 thg 7, 2026","16:05:26, 24 thg 7, 2026",MAC_0002,HOST_0024,630,0,false,10.0.0.10,0,N/A,10.0.0.3,2,"16:05:29, 24 thg 7, 2026",0:0:0:0:0:0:0:0,N/A,null,"100221,100265,109237,109187,100620,100668,156193,100276,100272,100764,123237,123937,134937,166353"
N/A,false,0,0,USER_0004,HOST_0021,"{sysmon-eventid=1, Parent Process Name=svchost.exe, Pipe Name=N/A, File Directory=N/A, sysmon-processid=6512, channel=Microsoft-Windows-Sysmon/Operational, sysmon-username= DOMAIN_0014.LOCAL\USER_0031, Parent Command=C:\WINDOWS\system32\svchost.exe -k DcomLaunch -p, Object Name=N/A, Account Name=USER_0004, sysmon-currentdirectory=C:\WINDOWS\system32\, Target User Domain=DOMAIN_0001.LOCAL, Logon Account Name=USER_0004, Product Description=Host process for WinRM plug-ins, EventIDCode=1, Terminated Process Name=N/A, MD5 Hash=CF847821027B21C569E1251C7B8730F0, Filename=N/A, Key Length=N/A, sysmon-logonid=0xC68716D9, ProgramName=N/A, Process GUID=b59a7af0-2ad6-6a63-a8f7-010000000b00, SHA1 Hash=49B171C632B4E1FB16A25FF374DDF8399E4D797B, File Extension=N/A, Object Type=N/A, sysmon-hash=SHA1=49B171C632B4E1FB16A25FF374DDF8399E4D797B,MD5=CF847821027B21C569E1251C7B8730F0,SHA256=4A2388D16E02925956DFF1E92B2B146C89E267B85637069EB1F18B2FA5AF3049,IMPHASH=7FEF88FAEC37D0AC077432BF7E65BA27, SHA256 Hash=4A2388D16E02925956DFF1E92B2B146C89E267B85637069EB1F18B2FA5AF3049, Parent Process GUID=b59a7af0-d22d-69f7-0f00-000000000b00, Integrity Level=High, sysmon-parentimage=C:\Windows\System32\svchost.exe, Description=Description: Host process for WinRM plug-ins Product, File Hash=49B171C632B4E1FB16A25FF374DDF8399E4D797B, Token Elevation Type=N/A, Message=N/A, sysmon-rulename=-, Encoded Command=N/A, Logon Account Domain=DOMAIN_0001.LOCAL, Process Name=wsmprovhost.exe, Parent Process ID=1228, sysmon-parentcommandline=C:\WINDOWS\system32\svchost.exe -k DcomLaunch -p, Logon Type=N/A, sysmon-integritylevel=High, sysmon-logonguid={b59a7af0-2ad6-6a63-d916-87c600000000}, Account Security ID=S-1-5-21-0002, Share Name=N/A, Authentication Package=N/A, sysmon-processguid={b59a7af0-2ad6-6a63-a8f7-010000000b00}, Realm=DOMAIN_0001.LOCAL, Account ID=S-1-5-21-0002, sysmon-description=Host process for WinRM plug-ins, Process Path=C:\Windows\System32\wsmprovhost.exe, Status Code=N/A, Product Name=Microsoft® Windows® Operating System, User Domain=DOMAIN_0001.LOCAL, Encoded Argument=N/A, Target Username=USER_0004, Event ID=1, sysmon-parentprocessid=1228, Product Company=Microsoft Corporation, sysmon-fileversion=10.0.26100.1 (WinBuild.160101.0800), sysmon-parentprocessguid={b59a7af0-d22d-69f7-0f00-000000000b00}, sysmon-user=USER_0002, Command=C:\WINDOWS\system32\wsmprovhost.exe -Embedding, sysmon-originalfilename=wsmprovhost.exe, Process ID=6512, sysmon-image=C:\Windows\System32\wsmprovhost.exe, Machine Identifier=HOST_0022, Target Account Security ID=S-1-5-21-0002, sysmon-commandline=C:\WINDOWS\system32\wsmprovhost.exe -Embedding, Device Name=HOST_0022, IMP Hash=7FEF88FAEC37D0AC077432BF7E65BA27, Current Working Directory=C:\WINDOWS\system32\, Parent Process Path=C:\Windows\System32\svchost.exe, sysmon-terminalsessionid=2}",false,MAC_0001,MAC_0002,[REDACTED_DUPLICATE_PAYLOAD],3,52869,0,12,false,0:0:0:0:0:0:0:0,N/A,0,N/A,8110,"<13>Jul 24 16:05:26 10.0.0.10.Ptit AgentDevice=WindowsLog	AgentLogFile=Microsoft-Windows-Sysmon/Operational	PluginVersion=7.3.1.28	Source=Microsoft-Windows-Sysmon	Computer=AD01.ptit.edu.vn	OriginatingComputer=10.2.3.10	User=USER_0002	Domain=DOMAIN_0006.LOCAL	EventID=1	EventIDCode=1	EventType=4	EventCategory=1	RecordNumber=52959089	TimeGenerated=1784883926	TimeWritten=1784883926	Level=Informational	Keywords=0x8000000000000000	Task=SysmonTask-SYSMON_CREATE_PROCESS	Opcode=Info	Message=Process Create: RuleName: - UtcTime: 2026-07-24 09:05:26.460 ProcessGuid: {b59a7af0-2ad6-6a63-a8f7-010000000b00} ProcessId: 6512 Image: C:\Windows\System32\wsmprovhost.exe FileVersion: 10.0.26100.1 (WinBuild.160101.0800) Description: Host process for WinRM plug-ins Product: Microsoft® Windows® Operating System Company: Microsoft Corporation OriginalFileName: wsmprovhost.exe CommandLine: C:\WINDOWS\system32\wsmprovhost.exe -Embedding CurrentDirectory: C:\WINDOWS\system32\ User: DOMAIN_0014.LOCAL\USER_0031 LogonGuid: {b59a7af0-2ad6-6a63-d916-87c600000000} LogonId: 0xC68716D9 TerminalSessionId: 2 IntegrityLevel: High Hashes: SHA1=49B171C632B4E1FB16A25FF374DDF8399E4D797B,MD5=CF847821027B21C569E1251C7B8730F0,SHA256=4A2388D16E02925956DFF1E92B2B146C89E267B85637069EB1F18B2FA5AF3049,IMPHASH=7FEF88FAEC37D0AC077432BF7E65BA27 ParentProcessGuid: {b59a7af0-d22d-69f7-0f00-000000000b00} ParentProcessId: 1228 ParentImage: C:\Windows\System32\svchost.exe ParentCommandLine: C:\WINDOWS\system32\svchost.exe -k DcomLaunch -p",Process Creation Success,N/A,1,0,unknown,N/A,Process Create,unknown,0,null,1784883926000,255,0,false,0,"true""""",Microsoft-Windows-Sysmon/Operational,HOST_0004,The process creation event provides extended information about a newly created process.,0,1784883929617,No Offense,255,HOST_0023 @ 10.0.0.10,false,3,false,N/A,10.0.0.10,false,1784883929617,5,NETWORK_0009,68,1,0,2,-1,HOST_0004,[REDACTED_DUPLICATE_PAYLOAD],USER_0002,5001828,false,null,N/A,"16:05:29, 24 thg 7, 2026","16:05:26, 24 thg 7, 2026",MAC_0002,HOST_0024,630,0,false,10.0.0.10,0,N/A,10.0.0.3,1,"16:05:29, 24 thg 7, 2026",0:0:0:0:0:0:0:0,N/A,null,"100221,100265,109237,109187,100668,156193,100272,134937,166353"
N/A,false,0,0,USER_0004,HOST_0021,"{sysmon-eventid=7, Pipe Name=N/A, Signature Status=Valid, File Directory=C:\Windows\Microsoft.NET\Framework64\v4.0.30319, sysmon-processid=6512, channel=Microsoft-Windows-Sysmon/Operational, Object Name=N/A, Account Name=USER_0004, Target User Domain=DOMAIN_0001.LOCAL, Logon Account Name=USER_0004, Product Description=Dia based SymReader, EventIDCode=7, sysmon-utctime=2026-07-24 09:05:26.644, Signed=true, MD5 Hash=055073ABE773DD5FD6CAF9D341CC01AA, Filename=diasymreader.dll, Key Length=N/A, ProgramName=N/A, Process GUID=N/A, SHA1 Hash=6E52595B88D2B428AF82FF0838321E6D55A5F599, File Extension=dll, Object Type=N/A, sysmon-hash=SHA1=6E52595B88D2B428AF82FF0838321E6D55A5F599,MD5=055073ABE773DD5FD6CAF9D341CC01AA,SHA256=B25B004D1C5D0B69509B185FEE070ED2FDBFA4D8AD5975AAF165A3F54118FB0D,IMPHASH=47857E2DAE4F31E9E6549F036DB186BA, SHA256 Hash=B25B004D1C5D0B69509B185FEE070ED2FDBFA4D8AD5975AAF165A3F54118FB0D, File Path=C:\Windows\Microsoft.NET\Framework64\v4.0.30319\diasymreader.dll, Description=Description: Dia based SymReader Product, Message=N/A, sysmon-signaturestatus=Valid, Logon Account Domain=DOMAIN_0001.LOCAL, Process Name=wsmprovhost.exe, Logon Type=N/A, sysmon-signature=Microsoft Corporation , Image Loaded=C:\Windows\Microsoft.NET\Framework64\v4.0.30319\diasymreader.dll, Account Security ID=S-1-5-21-0002, Share Name=N/A, Authentication Package=N/A, sysmon-processguid={b59a7af0-2ad6-6a63-a8f7-010000000b00}, Realm=DOMAIN_0001.LOCAL, Account ID=S-1-5-21-0002, Process Path=C:\Windows\System32\wsmprovhost.exe, sysmon-signed=true, Status Code=N/A, Product Name=Microsoft® .NET Framework, User Domain=DOMAIN_0001.LOCAL, Target Username=USER_0004, Event ID=7, Product Company=Microsoft Corporation, sysmon-user=USER_0002, sysmon-originalfilename=diasymreader.dll, Process ID=6512, Machine Identifier=HOST_0022, Signature=Microsoft Corporation, Target Account Security ID=S-1-5-21-0002, Device Name=HOST_0022, IMP Hash=47857E2DAE4F31E9E6549F036DB186BA}",false,MAC_0001,MAC_0002,[REDACTED_DUPLICATE_PAYLOAD],3,52869,0,12,false,0:0:0:0:0:0:0:0,N/A,0,N/A,19247,"<13>Jul 24 16:05:26 10.0.0.10.Ptit AgentDevice=WindowsLog	AgentLogFile=Microsoft-Windows-Sysmon/Operational	PluginVersion=7.3.1.28	Source=Microsoft-Windows-Sysmon	Computer=AD01.ptit.edu.vn	OriginatingComputer=10.2.3.10	User=USER_0002	Domain=DOMAIN_0006.LOCAL	EventID=7	EventIDCode=7	EventType=4	EventCategory=7	RecordNumber=52959133	TimeGenerated=1784883926	TimeWritten=1784883926	Level=Informational	Keywords=0x8000000000000000	Task=SysmonTask-SYSMON_IMAGE_LOAD	Opcode=Info	Message=Image loaded: RuleName: - UtcTime: 2026-07-24 09:05:26.644 ProcessGuid: {b59a7af0-2ad6-6a63-a8f7-010000000b00} ProcessId: 6512 Image: C:\Windows\System32\wsmprovhost.exe ImageLoaded: C:\Windows\Microsoft.NET\Framework64\v4DOMAIN_0015.LOCAL\USER_0032 FileVersion: 14.8.9241.0 built by: NET481REL1LAST_C Description: Dia based SymReader Product: Microsoft® .NET Framework Company: Microsoft Corporation OriginalFileName: diasymreader.dll Hashes: SHA1=6E52595B88D2B428AF82FF0838321E6D55A5F599,MD5=055073ABE773DD5FD6CAF9D341CC01AA,SHA256=B25B004D1C5D0B69509B185FEE070ED2FDBFA4D8AD5975AAF165A3F54118FB0D,IMPHASH=47857E2DAE4F31E9E6549F036DB186BA Signed: true Signature: Microsoft Corporation SignatureStatus: Valid",Object Load Success,N/A,1,0,unknown,N/A,Image loaded,unknown,0,null,1784883926000,255,0,false,0,"true""""",Microsoft-Windows-Sysmon/Operational,HOST_0004,The image loaded event logs when a module is loaded in a specific process.,0,1784883929617,No Offense,255,HOST_0023 @ 10.0.0.10,false,3,false,N/A,10.0.0.10,false,1784883929617,5,NETWORK_0009,68,7,0,1,-1,HOST_0004,[REDACTED_DUPLICATE_PAYLOAD],USER_0002,5001844,false,null,N/A,"16:05:29, 24 thg 7, 2026","16:05:26, 24 thg 7, 2026",MAC_0002,HOST_0024,630,0,false,10.0.0.10,0,N/A,10.0.0.3,19,"16:05:29, 24 thg 7, 2026",0:0:0:0:0:0:0:0,N/A,null,"100221,100265,109237,109187,100668,156193,100272,134937,166353"
N/A,false,0,0,USER_0004,HOST_0021,"{sysmon-eventid=7, Pipe Name=N/A, Signature Status=Valid, File Directory=C:\Windows\Microsoft.NET\Framework64\v4.0.30319, sysmon-processid=6512, channel=Microsoft-Windows-Sysmon/Operational, Object Name=N/A, Account Name=USER_0004, Target User Domain=DOMAIN_0001.LOCAL, Logon Account Name=USER_0004, Product Description=Microsoft .NET Runtime Common Language Runtime - WorkStation, EventIDCode=7, sysmon-utctime=2026-07-24 09:05:26.523, Signed=true, MD5 Hash=92468614F9629FA127476D0062F87905, Filename=clr.dll, Key Length=N/A, ProgramName=N/A, Process GUID=N/A, SHA1 Hash=61E04AC8DB08D31243F3C34BE05997CA3BF13AC7, File Extension=dll, Object Type=N/A, sysmon-hash=SHA1=61E04AC8DB08D31243F3C34BE05997CA3BF13AC7,MD5=92468614F9629FA127476D0062F87905,SHA256=49F9F13966C176C8F8943FBAA73D420192543A892BFB28259598D18DE8316D86,IMPHASH=01E0958B232430E87E27DC8010111684, SHA256 Hash=49F9F13966C176C8F8943FBAA73D420192543A892BFB28259598D18DE8316D86, File Path=C:\Windows\Microsoft.NET\Framework64\v4.0.30319\clr.dll, Description=Description: Microsoft .NET Runtime Common Language Runtime - WorkStation Product, Message=N/A, sysmon-signaturestatus=Valid, Logon Account Domain=DOMAIN_0001.LOCAL, Process Name=wsmprovhost.exe, Logon Type=N/A, sysmon-signature=Microsoft Corporation , Image Loaded=C:\Windows\Microsoft.NET\Framework64\v4.0.30319\clr.dll, Account Security ID=S-1-5-21-0002, Share Name=N/A, Authentication Package=N/A, sysmon-processguid={b59a7af0-2ad6-6a63-a8f7-010000000b00}, Realm=DOMAIN_0001.LOCAL, Account ID=S-1-5-21-0002, Process Path=C:\Windows\System32\wsmprovhost.exe, sysmon-signed=true, Status Code=N/A, Product Name=Microsoft® .NET Framework, User Domain=DOMAIN_0001.LOCAL, Target Username=USER_0004, Event ID=7, Product Company=Microsoft Corporation, sysmon-user=USER_0002, sysmon-originalfilename=clr.dll, Process ID=6512, Machine Identifier=HOST_0022, Signature=Microsoft Corporation, Target Account Security ID=S-1-5-21-0002, Device Name=HOST_0022, IMP Hash=01E0958B232430E87E27DC8010111684}",false,MAC_0001,MAC_0002,[REDACTED_DUPLICATE_PAYLOAD],3,52869,0,12,false,0:0:0:0:0:0:0:0,N/A,0,N/A,19247,"<13>Jul 24 16:05:26 10.0.0.10.Ptit AgentDevice=WindowsLog	AgentLogFile=Microsoft-Windows-Sysmon/Operational	PluginVersion=7.3.1.28	Source=Microsoft-Windows-Sysmon	Computer=AD01.ptit.edu.vn	OriginatingComputer=10.2.3.10	User=USER_0002	Domain=DOMAIN_0006.LOCAL	EventID=7	EventIDCode=7	EventType=4	EventCategory=7	RecordNumber=52959105	TimeGenerated=1784883926	TimeWritten=1784883926	Level=Informational	Keywords=0x8000000000000000	Task=SysmonTask-SYSMON_IMAGE_LOAD	Opcode=Info	Message=Image loaded: RuleName: - UtcTime: 2026-07-24 09:05:26.523 ProcessGuid: {b59a7af0-2ad6-6a63-a8f7-010000000b00} ProcessId: 6512 Image: C:\Windows\System32\wsmprovhost.exe ImageLoaded: C:\Windows\Microsoft.NET\Framework64\v4DOMAIN_0015.LOCAL\USER_0033 FileVersion: 4.8.9266.0 built by: NET481REL1LAST_B Description: Microsoft .NET Runtime Common Language Runtime - WorkStation Product: Microsoft® .NET Framework Company: Microsoft Corporation OriginalFileName: clr.dll Hashes: SHA1=61E04AC8DB08D31243F3C34BE05997CA3BF13AC7,MD5=92468614F9629FA127476D0062F87905,SHA256=49F9F13966C176C8F8943FBAA73D420192543A892BFB28259598D18DE8316D86,IMPHASH=01E0958B232430E87E27DC8010111684 Signed: true Signature: Microsoft Corporation SignatureStatus: Valid",Object Load Success,N/A,1,0,unknown,N/A,Image loaded,unknown,0,null,1784883926000,255,0,false,0,"true""""",Microsoft-Windows-Sysmon/Operational,HOST_0004,The image loaded event logs when a module is loaded in a specific process.,0,1784883929617,No Offense,255,HOST_0023 @ 10.0.0.10,false,3,false,N/A,10.0.0.10,false,1784883929617,5,NETWORK_0009,68,7,0,1,-1,HOST_0004,[REDACTED_DUPLICATE_PAYLOAD],USER_0002,5001844,false,null,N/A,"16:05:29, 24 thg 7, 2026","16:05:26, 24 thg 7, 2026",MAC_0002,HOST_0024,630,0,false,10.0.0.10,0,N/A,10.0.0.3,1,"16:05:29, 24 thg 7, 2026",0:0:0:0:0:0:0:0,N/A,null,"100221,100265,109237,109187,100668,156193,100272,134937,166353"
N/A,false,0,0,USER_0004,HOST_0021,"{sysmon-eventid=7, Pipe Name=N/A, Signature Status=Valid, File Directory=C:\Windows\Microsoft.NET\Framework64\v4.0.30319, sysmon-processid=6512, channel=Microsoft-Windows-Sysmon/Operational, Object Name=N/A, Account Name=USER_0004, Target User Domain=DOMAIN_0001.LOCAL, Logon Account Name=USER_0004, Product Description=Microsoft .NET Runtime Execution Engine, EventIDCode=7, sysmon-utctime=2026-07-24 09:05:26.506, Signed=true, MD5 Hash=21F240C8019E5125044508ACF5FC9C09, Filename=mscoreei.dll, Key Length=N/A, ProgramName=N/A, Process GUID=N/A, SHA1 Hash=086D56AF8A8BE29E21DDD85EE5221725DBDA9F7C, File Extension=dll, Object Type=N/A, sysmon-hash=SHA1=086D56AF8A8BE29E21DDD85EE5221725DBDA9F7C,MD5=21F240C8019E5125044508ACF5FC9C09,SHA256=BC19C902FE2D59344687338A412D687FAC950F8C0E1AEAD7BD051573E2C62A15,IMPHASH=BDAAD270BEE58C9A3A7622CD1CA3EF79, SHA256 Hash=BC19C902FE2D59344687338A412D687FAC950F8C0E1AEAD7BD051573E2C62A15, File Path=C:\Windows\Microsoft.NET\Framework64\v4.0.30319\mscoreei.dll, Description=Description: Microsoft .NET Runtime Execution Engine Product, Message=N/A, sysmon-signaturestatus=Valid, Logon Account Domain=DOMAIN_0001.LOCAL, Process Name=wsmprovhost.exe, Logon Type=N/A, sysmon-signature=Microsoft Corporation , Image Loaded=C:\Windows\Microsoft.NET\Framework64\v4.0.30319\mscoreei.dll, Account Security ID=S-1-5-21-0002, Share Name=N/A, Authentication Package=N/A, sysmon-processguid={b59a7af0-2ad6-6a63-a8f7-010000000b00}, Realm=DOMAIN_0001.LOCAL, Account ID=S-1-5-21-0002, Process Path=C:\Windows\System32\wsmprovhost.exe, sysmon-signed=true, Status Code=N/A, Product Name=Microsoft® .NET Framework, User Domain=DOMAIN_0001.LOCAL, Target Username=USER_0004, Event ID=7, Product Company=Microsoft Corporation, sysmon-user=USER_0002, sysmon-originalfilename=mscoreei.dll, Process ID=6512, Machine Identifier=HOST_0022, Signature=Microsoft Corporation, Target Account Security ID=S-1-5-21-0002, Device Name=HOST_0022, IMP Hash=BDAAD270BEE58C9A3A7622CD1CA3EF79}",false,MAC_0001,MAC_0002,[REDACTED_DUPLICATE_PAYLOAD],3,52869,0,12,false,0:0:0:0:0:0:0:0,N/A,0,N/A,19247,"<13>Jul 24 16:05:26 10.0.0.10.Ptit AgentDevice=WindowsLog	AgentLogFile=Microsoft-Windows-Sysmon/Operational	PluginVersion=7.3.1.28	Source=Microsoft-Windows-Sysmon	Computer=AD01.ptit.edu.vn	OriginatingComputer=10.2.3.10	User=USER_0002	Domain=DOMAIN_0006.LOCAL	EventID=7	EventIDCode=7	EventType=4	EventCategory=7	RecordNumber=52959104	TimeGenerated=1784883926	TimeWritten=1784883926	Level=Informational	Keywords=0x8000000000000000	Task=SysmonTask-SYSMON_IMAGE_LOAD	Opcode=Info	Message=Image loaded: RuleName: - UtcTime: 2026-07-24 09:05:26.506 ProcessGuid: {b59a7af0-2ad6-6a63-a8f7-010000000b00} ProcessId: 6512 Image: C:\Windows\System32\wsmprovhost.exe ImageLoaded: C:\Windows\Microsoft.NET\Framework64\v4DOMAIN_0015.LOCAL\USER_0034 FileVersion: 4.8.9065.0 built by: NET481REL1LAST_C Description: Microsoft .NET Runtime Execution Engine Product: Microsoft® .NET Framework Company: Microsoft Corporation OriginalFileName: mscoreei.dll Hashes: SHA1=086D56AF8A8BE29E21DDD85EE5221725DBDA9F7C,MD5=21F240C8019E5125044508ACF5FC9C09,SHA256=BC19C902FE2D59344687338A412D687FAC950F8C0E1AEAD7BD051573E2C62A15,IMPHASH=BDAAD270BEE58C9A3A7622CD1CA3EF79 Signed: true Signature: Microsoft Corporation SignatureStatus: Valid",Object Load Success,N/A,1,0,unknown,N/A,Image loaded,unknown,0,null,1784883926000,255,0,false,0,"true""""",Microsoft-Windows-Sysmon/Operational,HOST_0004,The image loaded event logs when a module is loaded in a specific process.,0,1784883929617,No Offense,255,HOST_0023 @ 10.0.0.10,false,3,false,N/A,10.0.0.10,false,1784883929617,5,NETWORK_0009,68,7,0,1,-1,HOST_0004,[REDACTED_DUPLICATE_PAYLOAD],USER_0002,5001844,false,null,N/A,"16:05:29, 24 thg 7, 2026","16:05:26, 24 thg 7, 2026",MAC_0002,HOST_0024,630,0,false,10.0.0.10,0,N/A,10.0.0.3,1,"16:05:29, 24 thg 7, 2026",0:0:0:0:0:0:0:0,N/A,null,"100221,100265,109237,109187,100668,156193,100272,134937,166353"
N/A,false,0,0,USER_0004,HOST_0021,"{sysmon-eventid=7, Pipe Name=N/A, Signature Status=Valid, File Directory=C:\Windows\System32, sysmon-processid=6512, channel=Microsoft-Windows-Sysmon/Operational, Object Name=N/A, Account Name=USER_0004, Target User Domain=DOMAIN_0001.LOCAL, Logon Account Name=USER_0004, Product Description=Microsoft® C Runtime Library, EventIDCode=7, sysmon-utctime=2026-07-24 09:05:26.524, Signed=true, MD5 Hash=006520D546D4E15378B11B1D269559E4, Filename=vcruntime140_clr0400.dll, Key Length=N/A, ProgramName=N/A, Process GUID=N/A, SHA1 Hash=2B5A4B93C98CF1CB8DD5E337F5EFDA83BB928A25, File Extension=dll, Object Type=N/A, sysmon-hash=SHA1=2B5A4B93C98CF1CB8DD5E337F5EFDA83BB928A25,MD5=006520D546D4E15378B11B1D269559E4,SHA256=7FC846ABD97D7112D6CD1973D5C9F250331A1413A57A1E1456AE55308CA843C0,IMPHASH=86E3224A57B98BECA76A3656422A23F6, SHA256 Hash=7FC846ABD97D7112D6CD1973D5C9F250331A1413A57A1E1456AE55308CA843C0, File Path=C:\Windows\System32\vcruntime140_clr0400.dll, Description=Description: Microsoft® C Runtime Library Product, Message=N/A, sysmon-signaturestatus=Valid, Logon Account Domain=DOMAIN_0001.LOCAL, Process Name=wsmprovhost.exe, Logon Type=N/A, sysmon-signature=Microsoft Corporation , Image Loaded=C:\Windows\System32\vcruntime140_clr0400.dll, Account Security ID=S-1-5-21-0002, Share Name=N/A, Authentication Package=N/A, sysmon-processguid={b59a7af0-2ad6-6a63-a8f7-010000000b00}, Realm=DOMAIN_0001.LOCAL, Account ID=S-1-5-21-0002, Process Path=C:\Windows\System32\wsmprovhost.exe, sysmon-signed=true, Status Code=N/A, Product Name=Microsoft® Visual Studio®, User Domain=DOMAIN_0001.LOCAL, Target Username=USER_0004, Event ID=7, Product Company=Microsoft Corporation, sysmon-user=USER_0002, sysmon-originalfilename=vcruntime140_clr0400.dll, Process ID=6512, Machine Identifier=HOST_0022, Signature=Microsoft Corporation, Target Account Security ID=S-1-5-21-0002, Device Name=HOST_0022, IMP Hash=86E3224A57B98BECA76A3656422A23F6}",false,MAC_0001,MAC_0002,[REDACTED_DUPLICATE_PAYLOAD],3,52869,0,12,false,0:0:0:0:0:0:0:0,N/A,0,N/A,19247,"<13>Jul 24 16:05:26 10.0.0.10.Ptit AgentDevice=WindowsLog	AgentLogFile=Microsoft-Windows-Sysmon/Operational	PluginVersion=7.3.1.28	Source=Microsoft-Windows-Sysmon	Computer=AD01.ptit.edu.vn	OriginatingComputer=10.2.3.10	User=USER_0002	Domain=DOMAIN_0006.LOCAL	EventID=7	EventIDCode=7	EventType=4	EventCategory=7	RecordNumber=52959106	TimeGenerated=1784883926	TimeWritten=1784883926	Level=Informational	Keywords=0x8000000000000000	Task=SysmonTask-SYSMON_IMAGE_LOAD	Opcode=Info	Message=Image loaded: RuleName: - UtcTime: 2026-07-24 09:05:26.524 ProcessGuid: {b59a7af0-2ad6-6a63-a8f7-010000000b00} ProcessId: 6512 Image: C:\Windows\System32\wsmprovhost.exe ImageLoaded: C:\Windows\System32\vcruntime140_clr0400.dll FileVersion: 14.32.31326.0 Description: Microsoft® C Runtime Library Product: Microsoft® Visual Studio® Company: Microsoft Corporation OriginalFileName: vcruntime140_clr0400.dll Hashes: SHA1=2B5A4B93C98CF1CB8DD5E337F5EFDA83BB928A25,MD5=006520D546D4E15378B11B1D269559E4,SHA256=7FC846ABD97D7112D6CD1973D5C9F250331A1413A57A1E1456AE55308CA843C0,IMPHASH=86E3224A57B98BECA76A3656422A23F6 Signed: true Signature: Microsoft Corporation SignatureStatus: Valid",Object Load Success,N/A,1,0,unknown,N/A,Image loaded,unknown,0,null,1784883926000,255,0,false,0,"true""""",Microsoft-Windows-Sysmon/Operational,HOST_0004,The image loaded event logs when a module is loaded in a specific process.,0,1784883929617,No Offense,255,HOST_0023 @ 10.0.0.10,false,3,false,N/A,10.0.0.10,false,1784883929617,5,NETWORK_0009,68,7,0,1,-1,HOST_0004,[REDACTED_DUPLICATE_PAYLOAD],USER_0002,5001844,false,null,N/A,"16:05:29, 24 thg 7, 2026","16:05:26, 24 thg 7, 2026",MAC_0002,HOST_0024,630,0,false,10.0.0.10,0,N/A,10.0.0.3,1,"16:05:29, 24 thg 7, 2026",0:0:0:0:0:0:0:0,N/A,null,"100221,100265,109237,109187,100668,156193,100272,134937,166353"
N/A,false,0,0,USER_0004,HOST_0021,"{sysmon-eventid=12, Description=N/A, Message=N/A, Pipe Name=N/A, Registry Key=\SOFTWARE\Microsoft\Windows\CurrentVersion\WinTrust\Trust Providers\Software Publishing, sysmon-processid=6512, channel=Microsoft-Windows-Sysmon/Operational, Logon Account Domain=DOMAIN_0001.LOCAL, Object Name=HKU\PTIT\Administrator\SOFTWARE\Microsoft\Windows\CurrentVersion\WinTrust\Trust DOMAIN_0016.LOCAL\USER_0035 Publishing, Registry Value Data=N/A, Account Name=USER_0004, Logon Type=N/A, sysmon-targetobject=HKU\PTIT\Administrator\SOFTWARE\Microsoft\Windows\CurrentVersion\WinTrust\Trust Providers\Software Publishing, Target User Domain=DOMAIN_0001.LOCAL, Accesses=CreateKey, Rule Name=-, Account Security ID=S-1-5-21-0002, Share Name=N/A, Authentication Package=N/A, sysmon-processguid={b59a7af0-2ad6-6a63-a8f7-010000000b00}, Logon Account Name=USER_0004, Realm=DOMAIN_0001.LOCAL, EventIDCode=12, Account ID=S-1-5-21-0002, Process Path=C:\WINDOWS\system32\wsmprovhost.exe, sysmon-utctime=2026-07-24 09:05:26.584, Status Code=N/A, Registry Value Name=Trust, User Domain=DOMAIN_0001.LOCAL, Key Length=N/A, Target Username=USER_0004, Event ID=12, ProgramName=N/A, Registry Hive=HKU, sysmon-eventtype=CreateKey, sysmon-user=USER_0002, Process GUID=N/A, Process ID=6512, sysmon-image=C:\WINDOWS\system32\wsmprovhost.exe, Machine Identifier=HOST_0022, Object Type=N/A, Target Account Security ID=S-1-5-21-0002, Device Name=HOST_0022}",false,MAC_0001,MAC_0002,[REDACTED_DUPLICATE_PAYLOAD],3,52869,0,12,false,0:0:0:0:0:0:0:0,N/A,0,N/A,8012,<13>Jul 24 16:05:26 10.0.0.10.Ptit AgentDevice=WindowsLog	AgentLogFile=Microsoft-Windows-Sysmon/Operational	PluginVersion=7.3.1.28	Source=Microsoft-Windows-Sysmon	Computer=AD01.ptit.edu.vn	OriginatingComputer=10.2.3.10	User=USER_0002	Domain=DOMAIN_0006.LOCAL	EventID=12	EventIDCode=12	EventType=4	EventCategory=12	RecordNumber=52959125	TimeGenerated=1784883926	TimeWritten=1784883926	Level=Informational	Keywords=0x8000000000000000	Task=SysmonTask-SYSMON_REG_KEY	Opcode=Info	Message=Registry object added or deleted: RuleName: - EventType: CreateKey UtcTime: 2026-07-24 09:05:26.584 ProcessGuid: {b59a7af0-2ad6-6a63-a8f7-010000000b00} ProcessId: 6512 Image: C:\WINDOWS\system32\wsmprovhost.exe TargetObject: HKU\PTIT\Administrator\SOFTWARE\Microsoft\Windows\CurrentVersion\WinTrust\Trust DOMAIN_0016.LOCAL\USER_0035 Publishing,Successful Registry Modification,N/A,1,0,unknown,N/A,RegistryEvent (Object create and delete),unknown,0,null,1784883926000,255,0,false,0,"true""""",Microsoft-Windows-Sysmon/Operational,HOST_0004,"Registry key and value create and delete operations map to this event type, which can be useful for monitoring for changes to Registry autostart locations, or specific malware registry modifications.",0,1784883929609,No Offense,255,HOST_0023 @ 10.0.0.10,false,3,false,N/A,10.0.0.10,false,1784883929609,5,NETWORK_0009,68,12,0,1,-1,HOST_0004,[REDACTED_DUPLICATE_PAYLOAD],USER_0002,5001831,false,null,N/A,"16:05:29, 24 thg 7, 2026","16:05:26, 24 thg 7, 2026",MAC_0002,HOST_0024,630,0,false,10.0.0.10,0,N/A,10.0.0.3,266,"16:05:29, 24 thg 7, 2026",0:0:0:0:0:0:0:0,N/A,null,"100221,100265,109237,109187,100668,156193,100276,100272,123237,123937,134937,166353"
N/A,false,0,0,USER_0004,HOST_0021,"{sysmon-eventid=5, Description=N/A, Message=N/A, Pipe Name=N/A, sysmon-processid=12900, channel=Microsoft-Windows-Sysmon/Operational, Logon Account Domain=DOMAIN_0001.LOCAL, Object Name=N/A, Process Name=conhost.exe, Account Name=USER_0004, Logon Type=N/A, Target User Domain=DOMAIN_0001.LOCAL, Account Security ID=S-1-5-21-0002, Share Name=N/A, Authentication Package=N/A, sysmon-processguid={b59a7af0-2a9b-6a63-a3f7-010000000b00}, Logon Account Name=USER_0004, Realm=DOMAIN_0001.LOCAL, EventIDCode=5, Account ID=S-1-5-21-0002, Process Path=C:\Windows\System32\conhost.exe, sysmon-utctime=2026-07-24 09:04:27.191, Status Code=N/A, User Domain=DOMAIN_0001.LOCAL, Key Length=N/A, Target Username=USER_0004, Event ID=5, ProgramName=N/A, sysmon-user=USER_0002, Process GUID=N/A, Process ID=12900, sysmon-image=C:\Windows\System32\conhost.exe, Machine Identifier=HOST_0022, Object Type=N/A, Target Account Security ID=S-1-5-21-0002, Device Name=HOST_0022}",false,MAC_0001,MAC_0002,[REDACTED_DUPLICATE_PAYLOAD],3,52869,0,12,false,0:0:0:0:0:0:0:0,N/A,0,N/A,8113,<13>Jul 24 16:04:29 10.0.0.10.Ptit AgentDevice=WindowsLog	AgentLogFile=Microsoft-Windows-Sysmon/Operational	PluginVersion=7.3.1.28	Source=Microsoft-Windows-Sysmon	Computer=AD01.ptit.edu.vn	OriginatingComputer=10.2.3.10	User=USER_0002	Domain=DOMAIN_0006.LOCAL	EventID=5	EventIDCode=5	EventType=4	EventCategory=5	RecordNumber=52958588	TimeGenerated=1784883867	TimeWritten=1784883867	Level=Informational	Keywords=0x8000000000000000	Task=SysmonTask-SYSMON_PROCESS_TERMINATE	Opcode=Info	Message=Process terminated: RuleName: - UtcTime: 2026-07-24 09:04:27.191 ProcessGuid: {b59a7af0-2a9b-6a63-a3f7-010000000b00} ProcessId: 12900 Image: C:\Windows\System32\conhost.exe,Process Termination Success,N/A,1,0,unknown,N/A,Process terminated,unknown,0,null,1784883867000,255,0,false,0,"true""""",Microsoft-Windows-Sysmon/Operational,HOST_0004,The process terminate event reports when a process terminates.,0,1784883876502,No Offense,255,HOST_0023 @ 10.0.0.10,false,3,false,N/A,10.0.0.10,false,1784883876502,5,NETWORK_0009,68,5,0,2,-1,HOST_0004,[REDACTED_DUPLICATE_PAYLOAD],USER_0002,5001842,false,null,N/A,"16:04:36, 24 thg 7, 2026","16:04:27, 24 thg 7, 2026",MAC_0002,HOST_0024,630,0,false,10.0.0.10,0,N/A,10.0.0.3,1,"16:04:36, 24 thg 7, 2026",0:0:0:0:0:0:0:0,N/A,null,"100221,100265,109237,109187,100668,156193,100272,134937,166353"
N/A,false,0,0,USER_0004,HOST_0021,"{sysmon-eventid=5, Description=N/A, Message=N/A, Pipe Name=N/A, sysmon-processid=9060, channel=Microsoft-Windows-Sysmon/Operational, Logon Account Domain=DOMAIN_0001.LOCAL, Object Name=N/A, Process Name=wsmprovhost.exe, Account Name=USER_0004, Logon Type=N/A, Target User Domain=DOMAIN_0001.LOCAL, Account Security ID=S-1-5-21-0002, Share Name=N/A, Authentication Package=N/A, sysmon-processguid={b59a7af0-29aa-6a63-a1f7-010000000b00}, Logon Account Name=USER_0004, Realm=DOMAIN_0001.LOCAL, EventIDCode=5, Account ID=S-1-5-21-0002, Process Path=C:\Windows\System32\wsmprovhost.exe, sysmon-utctime=2026-07-24 09:00:26.679, Status Code=N/A, User Domain=DOMAIN_0001.LOCAL, Key Length=N/A, Target Username=USER_0004, Event ID=5, ProgramName=N/A, sysmon-user=USER_0002, Process GUID=N/A, Process ID=9060, sysmon-image=C:\Windows\System32\wsmprovhost.exe, Machine Identifier=HOST_0022, Object Type=N/A, Target Account Security ID=S-1-5-21-0002, Device Name=HOST_0022}",false,MAC_0001,MAC_0002,[REDACTED_DUPLICATE_PAYLOAD],3,52869,0,12,false,0:0:0:0:0:0:0:0,N/A,0,N/A,8113,<13>Jul 24 16:00:29 10.0.0.10.Ptit AgentDevice=WindowsLog	AgentLogFile=Microsoft-Windows-Sysmon/Operational	PluginVersion=7.3.1.28	Source=Microsoft-Windows-Sysmon	Computer=AD01.ptit.edu.vn	OriginatingComputer=10.2.3.10	User=USER_0002	Domain=DOMAIN_0006.LOCAL	EventID=5	EventIDCode=5	EventType=4	EventCategory=5	RecordNumber=52958128	TimeGenerated=1784883626	TimeWritten=1784883626	Level=Informational	Keywords=0x8000000000000000	Task=SysmonTask-SYSMON_PROCESS_TERMINATE	Opcode=Info	Message=Process terminated: RuleName: - UtcTime: 2026-07-24 09:00:26.679 ProcessGuid: {b59a7af0-29aa-6a63-a1f7-010000000b00} ProcessId: 9060 Image: C:\Windows\System32\wsmprovhost.exe,Process Termination Success,N/A,1,0,unknown,N/A,Process terminated,unknown,0,null,1784883626000,255,0,false,0,"true""""",Microsoft-Windows-Sysmon/Operational,HOST_0004,The process terminate event reports when a process terminates.,0,1784883635870,No Offense,255,HOST_0023 @ 10.0.0.10,false,3,false,N/A,10.0.0.10,false,1784883635870,5,NETWORK_0009,68,5,0,2,-1,HOST_0004,[REDACTED_DUPLICATE_PAYLOAD],USER_0002,5001842,false,null,N/A,"16:00:35, 24 thg 7, 2026","16:00:26, 24 thg 7, 2026",MAC_0002,HOST_0024,630,0,false,10.0.0.10,0,N/A,10.0.0.3,1,"16:00:35, 24 thg 7, 2026",0:0:0:0:0:0:0:0,N/A,null,"100221,100265,109237,109187,100668,156193,100272,134937,166353"
N/A,false,0,0,USER_0004,HOST_0021,"{sysmon-eventid=7, Pipe Name=N/A, Signature Status=Unavailable, File Directory=C:\Windows\assembly\NativeImages_v4DOMAIN_0013.LOCAL\USER_0036#\43d6670eb9862f8121ada3dbde5632cb, sysmon-processid=9060, channel=Microsoft-Windows-Sysmon/Operational, Object Name=N/A, Account Name=USER_0004, Target User Domain=DOMAIN_0001.LOCAL, Logon Account Name=USER_0004, Product Description=.NET Framework, EventIDCode=7, sysmon-utctime=2026-07-24 09:00:26.635, Signed=false, MD5 Hash=F945AA8707C33B6FD5F4662ED7E1FB71, Filename=System.Configuration.Install.ni.dll, Key Length=N/A, ProgramName=N/A, Process GUID=N/A, SHA1 Hash=EDACE9F5BF69A3558B0C5CCF38EE0C871051B821, File Extension=N/A, Object Type=N/A, sysmon-hash=SHA1=EDACE9F5BF69A3558B0C5CCF38EE0C871051B821,MD5=F945AA8707C33B6FD5F4662ED7E1FB71,SHA256=0DB012F90FAEB65025079EFFA0E3B174760338678C9F4AFCA42BBD70CDB574F6,IMPHASH=00000000000000000000000000000000, SHA256 Hash=0DB012F90FAEB65025079EFFA0E3B174760338678C9F4AFCA42BBD70CDB574F6, File Path=C:\Windows\assembly\NativeImages_v4.0.30319_64\System.Confe64a9051#\43d6670eb9862f8121ada3dbde5632cb\System.Configuration.Install.ni.dll, Description=Description: .NET Framework Product, Message=N/A, sysmon-signaturestatus=Unavailable, Logon Account Domain=DOMAIN_0001.LOCAL, Process Name=wsmprovhost.exe, Logon Type=N/A, sysmon-signature=- , Image Loaded=C:\Windows\assembly\NativeImages_v4.0.30319_64\System.Confe64a9051#\43d6670eb9862f8121ada3dbde5632cb\System.Configuration.Install.ni.dll, Account Security ID=S-1-5-21-0002, Share Name=N/A, Authentication Package=N/A, sysmon-processguid={b59a7af0-29aa-6a63-a1f7-010000000b00}, Realm=DOMAIN_0001.LOCAL, Account ID=S-1-5-21-0002, Process Path=C:\Windows\System32\wsmprovhost.exe, sysmon-signed=false, Status Code=N/A, Product Name=Microsoft® .NET Framework, User Domain=DOMAIN_0001.LOCAL, Target Username=USER_0004, Event ID=7, Product Company=Microsoft Corporation, sysmon-user=USER_0002, sysmon-originalfilename=System.Configuration.Install.dll, Process ID=9060, Machine Identifier=HOST_0022, Signature=-, Target Account Security ID=S-1-5-21-0002, Device Name=HOST_0022, IMP Hash=00000000000000000000000000000000}",false,MAC_0001,MAC_0002,[REDACTED_DUPLICATE_PAYLOAD],3,52869,0,12,false,0:0:0:0:0:0:0:0,N/A,0,N/A,19247,"<13>Jul 24 16:00:29 10.0.0.10.Ptit AgentDevice=WindowsLog	AgentLogFile=Microsoft-Windows-Sysmon/Operational	PluginVersion=7.3.1.28	Source=Microsoft-Windows-Sysmon	Computer=AD01.ptit.edu.vn	OriginatingComputer=10.2.3.10	User=USER_0002	Domain=DOMAIN_0006.LOCAL	EventID=7	EventIDCode=7	EventType=4	EventCategory=7	RecordNumber=52958118	TimeGenerated=1784883626	TimeWritten=1784883626	Level=Informational	Keywords=0x8000000000000000	Task=SysmonTask-SYSMON_IMAGE_LOAD	Opcode=Info	Message=Image loaded: RuleName: - UtcTime: 2026-07-24 09:00:26.635 ProcessGuid: {b59a7af0-29aa-6a63-a1f7-010000000b00} ProcessId: 9060 Image: C:\Windows\System32\wsmprovhost.exe ImageLoaded: C:\Windows\assembly\NativeImages_v4DOMAIN_0013.LOCAL\USER_0036#\43d6670eb9862f8121ada3dbde5632cb\System.Configuration.Install.ni.dll FileVersion: 4.8.9032.0 built by: NET481REL1 Description: .NET Framework Product: Microsoft® .NET Framework Company: Microsoft Corporation OriginalFileName: System.Configuration.Install.dll Hashes: SHA1=EDACE9F5BF69A3558B0C5CCF38EE0C871051B821,MD5=F945AA8707C33B6FD5F4662ED7E1FB71,SHA256=0DB012F90FAEB65025079EFFA0E3B174760338678C9F4AFCA42BBD70CDB574F6,IMPHASH=00000000000000000000000000000000 Signed: false Signature: - SignatureStatus: Unavailable",Object Load Success,N/A,1,0,unknown,N/A,Image loaded,unknown,0,null,1784883626000,255,0,false,0,"true""""",Microsoft-Windows-Sysmon/Operational,HOST_0004,The image loaded event logs when a module is loaded in a specific process.,0,1784883635753,No Offense,255,HOST_0023 @ 10.0.0.10,false,3,false,N/A,10.0.0.10,false,1784883635753,5,NETWORK_0009,68,7,0,1,-1,HOST_0004,[REDACTED_DUPLICATE_PAYLOAD],USER_0002,5001844,false,null,N/A,"16:00:35, 24 thg 7, 2026","16:00:26, 24 thg 7, 2026",MAC_0002,HOST_0024,630,0,false,10.0.0.10,0,N/A,10.0.0.3,22,"16:00:35, 24 thg 7, 2026",0:0:0:0:0:0:0:0,N/A,null,"100221,100265,109237,109187,100668,156193,100272,100659,134937,166353"
