dstPreNATIP,hasIdentityFlag,destinationPostNatPortDescription,destinationPort,identityUsername,logSourceIdentifier,customProps,srcPortInvalid,identityMAC,sourcMACAddress,payloadAsBase64,magnitude,deviceId,protocolConfigId,deviceType,dstPortInvalid,sourceV6Ip,identityGroupName,srcPreNATPort,srcPreNATIP,category,payloadAsUTF,categoryDescription,aDEAnomalyCount,deviceCategory,deviceEventId,pcapId,identityExtendedField,eventName,pcapIp,sourcePort,obfuscationProperties,deviceTime,protocol,sourcePreNatPortDescription,pcapEvent,dstPostNATPort,tLVProperties,qidEventCategory,identityNetBiosName,eventDescription,dstPreNATPort,startTime,offenseName,protocolName,deviceName,mPCEvent,relevance,logOnly,dstPostNATIP,srcIp,storedForPerformance,stopTime,credibility,domainName,domainID,qidEventId,sourcePostNatPortDescription,severity,offenseId,identityHostname,payloadAsHexOneLine,userName,qid,truncated,obfuscationNormalizedEventProperties,aDEAnomalyDescription,startDateTime,deviceDateTime,destinationMACAddress,eventCollectorName,eventCollectorId,srcPostNATPort,rawEvent,destIp,destinationPreNatPortDescription,osvbidsDesc,identityIpOfHost,eventCount,stopDateTime,destinationV6Ip,srcPostNATIP,identity,ruleIds
N/A,false,0,0,USER_0004,HOST_0018,"{sysmon-eventid=17, Description=N/A, Message=N/A, Pipe Name=86DD3EC9-71FC-42E3-ADAA-03A59F78EE5D, sysmon-processid=5264, channel=Microsoft-Windows-Sysmon/Operational, Logon Account Domain=DOMAIN_0001.LOCAL, Object Name=N/A, Process Name=Veeam.AC.Agent.exe, sysmon-pipename=\86DD3EC9-71FC-42E3-ADAA-03A59F78EE5D, Account Name=USER_0004, Logon Type=N/A, Target User Domain=DOMAIN_0001.LOCAL, Account Security ID=S-1-5-21-0002, Share Name=N/A, Authentication Package=N/A, sysmon-processguid={3755dbef-5e18-6a5a-9c00-000000002100}, Logon Account Name=USER_0004, Realm=DOMAIN_0001.LOCAL, EventIDCode=17, Account ID=S-1-5-21-0002, Process Path=C:\Program Files\Veeam\Availability Console\CommunicationAgent\Veeam.AC.Agent.exe, sysmon-utctime=2026-07-24 08:27:37.431, Status Code=N/A, User Domain=DOMAIN_0001.LOCAL, Key Length=N/A, Target Username=USER_0004, Event ID=17, ProgramName=N/A, sysmon-user=USER_0002, Process GUID=N/A, Process ID=5264, sysmon-image=C:\Program Files\Veeam\Availability Console\CommunicationAgent\Veeam.AC.Agent.exe , Machine Identifier=HOST_0019, Object Type=N/A, Target Account Security ID=S-1-5-21-0002, Device Name=HOST_0019}",false,MAC_0001,MAC_0002,[REDACTED_DUPLICATE_PAYLOAD],8,53523,0,12,false,0:0:0:0:0:0:0:0,N/A,0,N/A,19012,<13>Jul 24 15:27:40 10.0.0.9.Thagaco AgentDevice=WindowsLog	AgentLogFile=Microsoft-Windows-Sysmon/Operational	PluginVersion=7.3.1.28	Source=Microsoft-Windows-Sysmon	Computer=VM-Bravo	OriginatingComputer=VM-Bravo	User=USER_0002	Domain=DOMAIN_0006.LOCAL	EventID=17	EventIDCode=17	EventType=4	EventCategory=17	RecordNumber=442468975	TimeGenerated=1784881657	TimeWritten=1784881657	Level=Informational	Keywords=0x8000000000000000	Task=SysmonTask-SYSMON_CREATE_NAMEDPIPE	Opcode=Info	Message=Pipe Created: RuleName: - EventType: CreatePipe UtcTime: 2026-07-24 08:27:37.431 ProcessGuid: {3755dbef-5e18-6a5a-9c00-000000002100} ProcessId: 5264 PipeName: \86DD3EC9-71FC-42E3-ADAA-03A59F78EE5D Image: C:\Program Files\Veeam\Availability Console\CommunicationAgent\Veeam.AC.Agent.exe ,Create Activity Succeeded,N/A,1,0,unknown,N/A,PipeEvent (Pipe Created),unknown,0,null,1784881657000,255,0,false,0,"true""""",Microsoft-Windows-Sysmon/Operational,HOST_0004,Named pipe created,0,1784881668649,No Offense,255,HOST_0020 @ 10.0.0.9,true,8,false,N/A,203.0.0.11,false,1784881668649,8,NETWORK_0007,55,17,0,8,-1,HOST_0004,[REDACTED_DUPLICATE_PAYLOAD],USER_0002,5001836,false,null,N/A,"15:27:48, 24 thg 7, 2026","15:27:37, 24 thg 7, 2026",MAC_0002,HOST_0016,447,0,false,203.0.0.11,0,N/A,10.0.0.3,6,"15:27:48, 24 thg 7, 2026",0:0:0:0:0:0:0:0,N/A,null,"100221,100737,100736,100265,109237,109187,156193,100337,100272,134937"
N/A,false,0,0,USER_0004,HOST_0018,"{sysmon-eventid=17, Description=N/A, Message=N/A, Pipe Name=86DD3EC9-71FC-42E3-ADAA-03A59F78EE5D, sysmon-processid=5264, channel=Microsoft-Windows-Sysmon/Operational, Logon Account Domain=DOMAIN_0001.LOCAL, Object Name=N/A, Process Name=Veeam.AC.Agent.exe, sysmon-pipename=\86DD3EC9-71FC-42E3-ADAA-03A59F78EE5D, Account Name=USER_0004, Logon Type=N/A, Target User Domain=DOMAIN_0001.LOCAL, Account Security ID=S-1-5-21-0002, Share Name=N/A, Authentication Package=N/A, sysmon-processguid={3755dbef-5e18-6a5a-9c00-000000002100}, Logon Account Name=USER_0004, Realm=DOMAIN_0001.LOCAL, EventIDCode=17, Account ID=S-1-5-21-0002, Process Path=C:\Program Files\Veeam\Availability Console\CommunicationAgent\Veeam.AC.Agent.exe, sysmon-utctime=2026-07-24 08:23:37.358, Status Code=N/A, User Domain=DOMAIN_0001.LOCAL, Key Length=N/A, Target Username=USER_0004, Event ID=17, ProgramName=N/A, sysmon-user=USER_0002, Process GUID=N/A, Process ID=5264, sysmon-image=C:\Program Files\Veeam\Availability Console\CommunicationAgent\Veeam.AC.Agent.exe , Machine Identifier=HOST_0019, Object Type=N/A, Target Account Security ID=S-1-5-21-0002, Device Name=HOST_0019}",false,MAC_0001,MAC_0002,[REDACTED_DUPLICATE_PAYLOAD],8,53523,0,12,false,0:0:0:0:0:0:0:0,N/A,0,N/A,19012,<13>Jul 24 15:23:40 10.0.0.9.Thagaco AgentDevice=WindowsLog	AgentLogFile=Microsoft-Windows-Sysmon/Operational	PluginVersion=7.3.1.28	Source=Microsoft-Windows-Sysmon	Computer=VM-Bravo	OriginatingComputer=VM-Bravo	User=USER_0002	Domain=DOMAIN_0006.LOCAL	EventID=17	EventIDCode=17	EventType=4	EventCategory=17	RecordNumber=442460150	TimeGenerated=1784881417	TimeWritten=1784881417	Level=Informational	Keywords=0x8000000000000000	Task=SysmonTask-SYSMON_CREATE_NAMEDPIPE	Opcode=Info	Message=Pipe Created: RuleName: - EventType: CreatePipe UtcTime: 2026-07-24 08:23:37.358 ProcessGuid: {3755dbef-5e18-6a5a-9c00-000000002100} ProcessId: 5264 PipeName: \86DD3EC9-71FC-42E3-ADAA-03A59F78EE5D Image: C:\Program Files\Veeam\Availability Console\CommunicationAgent\Veeam.AC.Agent.exe ,Create Activity Succeeded,N/A,1,0,unknown,N/A,PipeEvent (Pipe Created),unknown,0,null,1784881417000,255,0,false,0,"true""""",Microsoft-Windows-Sysmon/Operational,HOST_0004,Named pipe created,0,1784881426635,No Offense,255,HOST_0020 @ 10.0.0.9,true,8,false,N/A,203.0.0.11,false,1784881426635,8,NETWORK_0007,55,17,0,8,-1,HOST_0004,[REDACTED_DUPLICATE_PAYLOAD],USER_0002,5001836,false,null,N/A,"15:23:46, 24 thg 7, 2026","15:23:37, 24 thg 7, 2026",MAC_0002,HOST_0016,447,0,false,203.0.0.11,0,N/A,10.0.0.3,6,"15:23:46, 24 thg 7, 2026",0:0:0:0:0:0:0:0,N/A,null,"100221,100737,100736,100265,109237,109187,156193,100337,100272,134937"
N/A,false,0,0,USER_0004,HOST_0018,"{sysmon-eventid=17, Description=N/A, Message=N/A, Pipe Name=86DD3EC9-71FC-42E3-ADAA-03A59F78EE5D, sysmon-processid=5264, channel=Microsoft-Windows-Sysmon/Operational, Logon Account Domain=DOMAIN_0001.LOCAL, Object Name=N/A, Process Name=Veeam.AC.Agent.exe, sysmon-pipename=\86DD3EC9-71FC-42E3-ADAA-03A59F78EE5D, Account Name=USER_0004, Logon Type=N/A, Target User Domain=DOMAIN_0001.LOCAL, Account Security ID=S-1-5-21-0002, Share Name=N/A, Authentication Package=N/A, sysmon-processguid={3755dbef-5e18-6a5a-9c00-000000002100}, Logon Account Name=USER_0004, Realm=DOMAIN_0001.LOCAL, EventIDCode=17, Account ID=S-1-5-21-0002, Process Path=C:\Program Files\Veeam\Availability Console\CommunicationAgent\Veeam.AC.Agent.exe, sysmon-utctime=2026-07-24 08:21:37.329, Status Code=N/A, User Domain=DOMAIN_0001.LOCAL, Key Length=N/A, Target Username=USER_0004, Event ID=17, ProgramName=N/A, sysmon-user=USER_0002, Process GUID=N/A, Process ID=5264, sysmon-image=C:\Program Files\Veeam\Availability Console\CommunicationAgent\Veeam.AC.Agent.exe , Machine Identifier=HOST_0019, Object Type=N/A, Target Account Security ID=S-1-5-21-0002, Device Name=HOST_0019}",false,MAC_0001,MAC_0002,[REDACTED_DUPLICATE_PAYLOAD],8,53523,0,12,false,0:0:0:0:0:0:0:0,N/A,0,N/A,19012,<13>Jul 24 15:21:40 10.0.0.9.Thagaco AgentDevice=WindowsLog	AgentLogFile=Microsoft-Windows-Sysmon/Operational	PluginVersion=7.3.1.28	Source=Microsoft-Windows-Sysmon	Computer=VM-Bravo	OriginatingComputer=VM-Bravo	User=USER_0002	Domain=DOMAIN_0006.LOCAL	EventID=17	EventIDCode=17	EventType=4	EventCategory=17	RecordNumber=442454938	TimeGenerated=1784881297	TimeWritten=1784881297	Level=Informational	Keywords=0x8000000000000000	Task=SysmonTask-SYSMON_CREATE_NAMEDPIPE	Opcode=Info	Message=Pipe Created: RuleName: - EventType: CreatePipe UtcTime: 2026-07-24 08:21:37.329 ProcessGuid: {3755dbef-5e18-6a5a-9c00-000000002100} ProcessId: 5264 PipeName: \86DD3EC9-71FC-42E3-ADAA-03A59F78EE5D Image: C:\Program Files\Veeam\Availability Console\CommunicationAgent\Veeam.AC.Agent.exe ,Create Activity Succeeded,N/A,1,0,unknown,N/A,PipeEvent (Pipe Created),unknown,0,null,1784881297000,255,0,false,0,"true""""",Microsoft-Windows-Sysmon/Operational,HOST_0004,Named pipe created,0,1784881305617,No Offense,255,HOST_0020 @ 10.0.0.9,true,8,false,N/A,203.0.0.11,false,1784881305617,8,NETWORK_0007,55,17,0,8,-1,HOST_0004,[REDACTED_DUPLICATE_PAYLOAD],USER_0002,5001836,false,null,N/A,"15:21:45, 24 thg 7, 2026","15:21:37, 24 thg 7, 2026",MAC_0002,HOST_0016,447,0,false,203.0.0.11,0,N/A,10.0.0.3,6,"15:21:45, 24 thg 7, 2026",0:0:0:0:0:0:0:0,N/A,null,"100221,100737,100736,100265,109237,109187,156193,100337,100272,134937"
N/A,false,0,0,USER_0004,HOST_0018,"{sysmon-eventid=17, Description=N/A, Message=N/A, Pipe Name=86DD3EC9-71FC-42E3-ADAA-03A59F78EE5D, sysmon-processid=5264, channel=Microsoft-Windows-Sysmon/Operational, Logon Account Domain=DOMAIN_0001.LOCAL, Object Name=N/A, Process Name=Veeam.AC.Agent.exe, sysmon-pipename=\86DD3EC9-71FC-42E3-ADAA-03A59F78EE5D, Account Name=USER_0004, Logon Type=N/A, Target User Domain=DOMAIN_0001.LOCAL, Account Security ID=S-1-5-21-0002, Share Name=N/A, Authentication Package=N/A, sysmon-processguid={3755dbef-5e18-6a5a-9c00-000000002100}, Logon Account Name=USER_0004, Realm=DOMAIN_0001.LOCAL, EventIDCode=17, Account ID=S-1-5-21-0002, Process Path=C:\Program Files\Veeam\Availability Console\CommunicationAgent\Veeam.AC.Agent.exe, sysmon-utctime=2026-07-24 08:20:07.314, Status Code=N/A, User Domain=DOMAIN_0001.LOCAL, Key Length=N/A, Target Username=USER_0004, Event ID=17, ProgramName=N/A, sysmon-user=USER_0002, Process GUID=N/A, Process ID=5264, sysmon-image=C:\Program Files\Veeam\Availability Console\CommunicationAgent\Veeam.AC.Agent.exe , Machine Identifier=HOST_0019, Object Type=N/A, Target Account Security ID=S-1-5-21-0002, Device Name=HOST_0019}",false,MAC_0001,MAC_0002,[REDACTED_DUPLICATE_PAYLOAD],8,53523,0,12,false,0:0:0:0:0:0:0:0,N/A,0,N/A,19012,<13>Jul 24 15:20:10 10.0.0.9.Thagaco AgentDevice=WindowsLog	AgentLogFile=Microsoft-Windows-Sysmon/Operational	PluginVersion=7.3.1.28	Source=Microsoft-Windows-Sysmon	Computer=VM-Bravo	OriginatingComputer=VM-Bravo	User=USER_0002	Domain=DOMAIN_0006.LOCAL	EventID=17	EventIDCode=17	EventType=4	EventCategory=17	RecordNumber=442450918	TimeGenerated=1784881207	TimeWritten=1784881207	Level=Informational	Keywords=0x8000000000000000	Task=SysmonTask-SYSMON_CREATE_NAMEDPIPE	Opcode=Info	Message=Pipe Created: RuleName: - EventType: CreatePipe UtcTime: 2026-07-24 08:20:07.314 ProcessGuid: {3755dbef-5e18-6a5a-9c00-000000002100} ProcessId: 5264 PipeName: \86DD3EC9-71FC-42E3-ADAA-03A59F78EE5D Image: C:\Program Files\Veeam\Availability Console\CommunicationAgent\Veeam.AC.Agent.exe ,Create Activity Succeeded,N/A,1,0,unknown,N/A,PipeEvent (Pipe Created),unknown,0,null,1784881207000,255,0,false,0,"true""""",Microsoft-Windows-Sysmon/Operational,HOST_0004,Named pipe created,0,1784881213196,No Offense,255,HOST_0020 @ 10.0.0.9,true,8,false,N/A,203.0.0.11,false,1784881213196,8,NETWORK_0007,55,17,0,8,-1,HOST_0004,[REDACTED_DUPLICATE_PAYLOAD],USER_0002,5001836,false,null,N/A,"15:20:13, 24 thg 7, 2026","15:20:07, 24 thg 7, 2026",MAC_0002,HOST_0016,447,0,false,203.0.0.11,0,N/A,10.0.0.3,6,"15:20:13, 24 thg 7, 2026",0:0:0:0:0:0:0:0,N/A,null,"100221,100737,100736,100265,109237,109187,156193,100337,100272,134937"
N/A,false,0,0,USER_0004,HOST_0018,"{sysmon-eventid=17, Description=N/A, Message=N/A, Pipe Name=86DD3EC9-71FC-42E3-ADAA-03A59F78EE5D, sysmon-processid=5264, channel=Microsoft-Windows-Sysmon/Operational, Logon Account Domain=DOMAIN_0001.LOCAL, Object Name=N/A, Process Name=Veeam.AC.Agent.exe, sysmon-pipename=\86DD3EC9-71FC-42E3-ADAA-03A59F78EE5D, Account Name=USER_0004, Logon Type=N/A, Target User Domain=DOMAIN_0001.LOCAL, Account Security ID=S-1-5-21-0002, Share Name=N/A, Authentication Package=N/A, sysmon-processguid={3755dbef-5e18-6a5a-9c00-000000002100}, Logon Account Name=USER_0004, Realm=DOMAIN_0001.LOCAL, EventIDCode=17, Account ID=S-1-5-21-0002, Process Path=C:\Program Files\Veeam\Availability Console\CommunicationAgent\Veeam.AC.Agent.exe, sysmon-utctime=2026-07-24 08:16:37.282, Status Code=N/A, User Domain=DOMAIN_0001.LOCAL, Key Length=N/A, Target Username=USER_0004, Event ID=17, ProgramName=N/A, sysmon-user=USER_0002, Process GUID=N/A, Process ID=5264, sysmon-image=C:\Program Files\Veeam\Availability Console\CommunicationAgent\Veeam.AC.Agent.exe , Machine Identifier=HOST_0019, Object Type=N/A, Target Account Security ID=S-1-5-21-0002, Device Name=HOST_0019}",false,MAC_0001,MAC_0002,[REDACTED_DUPLICATE_PAYLOAD],8,53523,0,12,false,0:0:0:0:0:0:0:0,N/A,0,N/A,19012,<13>Jul 24 15:16:40 10.0.0.9.Thagaco AgentDevice=WindowsLog	AgentLogFile=Microsoft-Windows-Sysmon/Operational	PluginVersion=7.3.1.28	Source=Microsoft-Windows-Sysmon	Computer=VM-Bravo	OriginatingComputer=VM-Bravo	User=USER_0002	Domain=DOMAIN_0006.LOCAL	EventID=17	EventIDCode=17	EventType=4	EventCategory=17	RecordNumber=442432410	TimeGenerated=1784880997	TimeWritten=1784880997	Level=Informational	Keywords=0x8000000000000000	Task=SysmonTask-SYSMON_CREATE_NAMEDPIPE	Opcode=Info	Message=Pipe Created: RuleName: - EventType: CreatePipe UtcTime: 2026-07-24 08:16:37.282 ProcessGuid: {3755dbef-5e18-6a5a-9c00-000000002100} ProcessId: 5264 PipeName: \86DD3EC9-71FC-42E3-ADAA-03A59F78EE5D Image: C:\Program Files\Veeam\Availability Console\CommunicationAgent\Veeam.AC.Agent.exe ,Create Activity Succeeded,N/A,1,0,unknown,N/A,PipeEvent (Pipe Created),unknown,0,null,1784880997000,255,0,false,0,"true""""",Microsoft-Windows-Sysmon/Operational,HOST_0004,Named pipe created,0,1784881004714,No Offense,255,HOST_0020 @ 10.0.0.9,true,8,false,N/A,203.0.0.11,false,1784881004714,8,NETWORK_0007,55,17,0,8,-1,HOST_0004,[REDACTED_DUPLICATE_PAYLOAD],USER_0002,5001836,false,null,N/A,"15:16:44, 24 thg 7, 2026","15:16:37, 24 thg 7, 2026",MAC_0002,HOST_0016,447,0,false,203.0.0.11,0,N/A,10.0.0.3,6,"15:16:44, 24 thg 7, 2026",0:0:0:0:0:0:0:0,N/A,null,"100221,100737,100736,100265,109237,109187,156193,100337,100272,134937"
N/A,false,0,0,USER_0004,HOST_0018,"{sysmon-eventid=17, Description=N/A, Message=N/A, Pipe Name=86DD3EC9-71FC-42E3-ADAA-03A59F78EE5D, sysmon-processid=5264, channel=Microsoft-Windows-Sysmon/Operational, Logon Account Domain=DOMAIN_0001.LOCAL, Object Name=N/A, Process Name=Veeam.AC.Agent.exe, sysmon-pipename=\86DD3EC9-71FC-42E3-ADAA-03A59F78EE5D, Account Name=USER_0004, Logon Type=N/A, Target User Domain=DOMAIN_0001.LOCAL, Account Security ID=S-1-5-21-0002, Share Name=N/A, Authentication Package=N/A, sysmon-processguid={3755dbef-5e18-6a5a-9c00-000000002100}, Logon Account Name=USER_0004, Realm=DOMAIN_0001.LOCAL, EventIDCode=17, Account ID=S-1-5-21-0002, Process Path=C:\Program Files\Veeam\Availability Console\CommunicationAgent\Veeam.AC.Agent.exe, sysmon-utctime=2026-07-24 08:13:37.242, Status Code=N/A, User Domain=DOMAIN_0001.LOCAL, Key Length=N/A, Target Username=USER_0004, Event ID=17, ProgramName=N/A, sysmon-user=USER_0002, Process GUID=N/A, Process ID=5264, sysmon-image=C:\Program Files\Veeam\Availability Console\CommunicationAgent\Veeam.AC.Agent.exe , Machine Identifier=HOST_0019, Object Type=N/A, Target Account Security ID=S-1-5-21-0002, Device Name=HOST_0019}",false,MAC_0001,MAC_0002,[REDACTED_DUPLICATE_PAYLOAD],8,53523,0,12,false,0:0:0:0:0:0:0:0,N/A,0,N/A,19012,<13>Jul 24 15:13:40 10.0.0.9.Thagaco AgentDevice=WindowsLog	AgentLogFile=Microsoft-Windows-Sysmon/Operational	PluginVersion=7.3.1.28	Source=Microsoft-Windows-Sysmon	Computer=VM-Bravo	OriginatingComputer=VM-Bravo	User=USER_0002	Domain=DOMAIN_0006.LOCAL	EventID=17	EventIDCode=17	EventType=4	EventCategory=17	RecordNumber=442417719	TimeGenerated=1784880817	TimeWritten=1784880817	Level=Informational	Keywords=0x8000000000000000	Task=SysmonTask-SYSMON_CREATE_NAMEDPIPE	Opcode=Info	Message=Pipe Created: RuleName: - EventType: CreatePipe UtcTime: 2026-07-24 08:13:37.242 ProcessGuid: {3755dbef-5e18-6a5a-9c00-000000002100} ProcessId: 5264 PipeName: \86DD3EC9-71FC-42E3-ADAA-03A59F78EE5D Image: C:\Program Files\Veeam\Availability Console\CommunicationAgent\Veeam.AC.Agent.exe ,Create Activity Succeeded,N/A,1,0,unknown,N/A,PipeEvent (Pipe Created),unknown,0,null,1784880817000,255,0,false,0,"true""""",Microsoft-Windows-Sysmon/Operational,HOST_0004,Named pipe created,0,1784880825598,No Offense,255,HOST_0020 @ 10.0.0.9,true,8,false,N/A,203.0.0.11,false,1784880825598,8,NETWORK_0007,55,17,0,8,-1,HOST_0004,[REDACTED_DUPLICATE_PAYLOAD],USER_0002,5001836,false,null,N/A,"15:13:45, 24 thg 7, 2026","15:13:37, 24 thg 7, 2026",MAC_0002,HOST_0016,447,0,false,203.0.0.11,0,N/A,10.0.0.3,6,"15:13:45, 24 thg 7, 2026",0:0:0:0:0:0:0:0,N/A,null,"100221,100737,100736,100265,109237,109187,156193,100337,100272,134937"
N/A,false,0,0,USER_0004,HOST_0018,"{sysmon-eventid=17, Description=N/A, Message=N/A, Pipe Name=86DD3EC9-71FC-42E3-ADAA-03A59F78EE5D, sysmon-processid=5264, channel=Microsoft-Windows-Sysmon/Operational, Logon Account Domain=DOMAIN_0001.LOCAL, Object Name=N/A, Process Name=Veeam.AC.Agent.exe, sysmon-pipename=\86DD3EC9-71FC-42E3-ADAA-03A59F78EE5D, Account Name=USER_0004, Logon Type=N/A, Target User Domain=DOMAIN_0001.LOCAL, Account Security ID=S-1-5-21-0002, Share Name=N/A, Authentication Package=N/A, sysmon-processguid={3755dbef-5e18-6a5a-9c00-000000002100}, Logon Account Name=USER_0004, Realm=DOMAIN_0001.LOCAL, EventIDCode=17, Account ID=S-1-5-21-0002, Process Path=C:\Program Files\Veeam\Availability Console\CommunicationAgent\Veeam.AC.Agent.exe, sysmon-utctime=2026-07-24 08:07:37.144, Status Code=N/A, User Domain=DOMAIN_0001.LOCAL, Key Length=N/A, Target Username=USER_0004, Event ID=17, ProgramName=N/A, sysmon-user=USER_0002, Process GUID=N/A, Process ID=5264, sysmon-image=C:\Program Files\Veeam\Availability Console\CommunicationAgent\Veeam.AC.Agent.exe , Machine Identifier=HOST_0019, Object Type=N/A, Target Account Security ID=S-1-5-21-0002, Device Name=HOST_0019}",false,MAC_0001,MAC_0002,[REDACTED_DUPLICATE_PAYLOAD],8,53523,0,12,false,0:0:0:0:0:0:0:0,N/A,0,N/A,19012,<13>Jul 24 15:07:40 10.0.0.9.Thagaco AgentDevice=WindowsLog	AgentLogFile=Microsoft-Windows-Sysmon/Operational	PluginVersion=7.3.1.28	Source=Microsoft-Windows-Sysmon	Computer=VM-Bravo	OriginatingComputer=VM-Bravo	User=USER_0002	Domain=DOMAIN_0006.LOCAL	EventID=17	EventIDCode=17	EventType=4	EventCategory=17	RecordNumber=442400283	TimeGenerated=1784880457	TimeWritten=1784880457	Level=Informational	Keywords=0x8000000000000000	Task=SysmonTask-SYSMON_CREATE_NAMEDPIPE	Opcode=Info	Message=Pipe Created: RuleName: - EventType: CreatePipe UtcTime: 2026-07-24 08:07:37.144 ProcessGuid: {3755dbef-5e18-6a5a-9c00-000000002100} ProcessId: 5264 PipeName: \86DD3EC9-71FC-42E3-ADAA-03A59F78EE5D Image: C:\Program Files\Veeam\Availability Console\CommunicationAgent\Veeam.AC.Agent.exe ,Create Activity Succeeded,N/A,1,0,unknown,N/A,PipeEvent (Pipe Created),unknown,0,null,1784880457000,255,0,false,0,"true""""",Microsoft-Windows-Sysmon/Operational,HOST_0004,Named pipe created,0,1784880463231,No Offense,255,HOST_0020 @ 10.0.0.9,true,8,false,N/A,203.0.0.11,false,1784880463231,8,NETWORK_0007,55,17,0,8,-1,HOST_0004,[REDACTED_DUPLICATE_PAYLOAD],USER_0002,5001836,false,null,N/A,"15:07:43, 24 thg 7, 2026","15:07:37, 24 thg 7, 2026",MAC_0002,HOST_0016,447,0,false,203.0.0.11,0,N/A,10.0.0.3,6,"15:07:43, 24 thg 7, 2026",0:0:0:0:0:0:0:0,N/A,null,"100221,100737,100736,100265,109237,109187,156193,100337,100272,134937"
N/A,false,0,0,USER_0004,HOST_0018,"{sysmon-eventid=17, Description=N/A, Message=N/A, Pipe Name=86DD3EC9-71FC-42E3-ADAA-03A59F78EE5D, sysmon-processid=5264, channel=Microsoft-Windows-Sysmon/Operational, Logon Account Domain=DOMAIN_0001.LOCAL, Object Name=N/A, Process Name=Veeam.AC.Agent.exe, sysmon-pipename=\86DD3EC9-71FC-42E3-ADAA-03A59F78EE5D, Account Name=USER_0004, Logon Type=N/A, Target User Domain=DOMAIN_0001.LOCAL, Account Security ID=S-1-5-21-0002, Share Name=N/A, Authentication Package=N/A, sysmon-processguid={3755dbef-5e18-6a5a-9c00-000000002100}, Logon Account Name=USER_0004, Realm=DOMAIN_0001.LOCAL, EventIDCode=17, Account ID=S-1-5-21-0002, Process Path=C:\Program Files\Veeam\Availability Console\CommunicationAgent\Veeam.AC.Agent.exe, sysmon-utctime=2026-07-24 08:03:07.060, Status Code=N/A, User Domain=DOMAIN_0001.LOCAL, Key Length=N/A, Target Username=USER_0004, Event ID=17, ProgramName=N/A, sysmon-user=USER_0002, Process GUID=N/A, Process ID=5264, sysmon-image=C:\Program Files\Veeam\Availability Console\CommunicationAgent\Veeam.AC.Agent.exe , Machine Identifier=HOST_0019, Object Type=N/A, Target Account Security ID=S-1-5-21-0002, Device Name=HOST_0019}",false,MAC_0001,MAC_0002,[REDACTED_DUPLICATE_PAYLOAD],8,53523,0,12,false,0:0:0:0:0:0:0:0,N/A,0,N/A,19012,<13>Jul 24 15:03:10 10.0.0.9.Thagaco AgentDevice=WindowsLog	AgentLogFile=Microsoft-Windows-Sysmon/Operational	PluginVersion=7.3.1.28	Source=Microsoft-Windows-Sysmon	Computer=VM-Bravo	OriginatingComputer=VM-Bravo	User=USER_0002	Domain=DOMAIN_0006.LOCAL	EventID=17	EventIDCode=17	EventType=4	EventCategory=17	RecordNumber=442380575	TimeGenerated=1784880187	TimeWritten=1784880187	Level=Informational	Keywords=0x8000000000000000	Task=SysmonTask-SYSMON_CREATE_NAMEDPIPE	Opcode=Info	Message=Pipe Created: RuleName: - EventType: CreatePipe UtcTime: 2026-07-24 08:03:07.060 ProcessGuid: {3755dbef-5e18-6a5a-9c00-000000002100} ProcessId: 5264 PipeName: \86DD3EC9-71FC-42E3-ADAA-03A59F78EE5D Image: C:\Program Files\Veeam\Availability Console\CommunicationAgent\Veeam.AC.Agent.exe ,Create Activity Succeeded,N/A,1,0,unknown,N/A,PipeEvent (Pipe Created),unknown,0,null,1784880187000,255,0,false,0,"true""""",Microsoft-Windows-Sysmon/Operational,HOST_0004,Named pipe created,0,1784880193195,No Offense,255,HOST_0020 @ 10.0.0.9,true,8,false,N/A,203.0.0.11,false,1784880193195,8,NETWORK_0007,55,17,0,8,-1,HOST_0004,[REDACTED_DUPLICATE_PAYLOAD],USER_0002,5001836,false,null,N/A,"15:03:13, 24 thg 7, 2026","15:03:07, 24 thg 7, 2026",MAC_0002,HOST_0016,447,0,false,203.0.0.11,0,N/A,10.0.0.3,6,"15:03:13, 24 thg 7, 2026",0:0:0:0:0:0:0:0,N/A,null,"100221,100737,100736,100265,109237,109187,156193,100337,100272,134937"
N/A,false,0,0,USER_0004,HOST_0018,"{sysmon-eventid=4688, Parent Process Name=svchost.exe, Pipe Name=N/A, File Directory=N/A, sysmon-processid=N/A, channel=Security, Object Name=N/A, Account Name=USER_0028, Target User Domain=DOMAIN_0005.LOCAL, mandatory_label=Mandatory Label\System Mandatory Level, Logon Account Name=USER_0004, EventIDCode=4688, Terminated Process Name=N/A, MD5 Hash=N/A, Filename=N/A, Key Length=N/A, ProgramName=N/A, Process GUID=N/A, SHA1 Hash=N/A, File Extension=N/A, Object Type=N/A, SHA256 Hash=N/A, Parent Process GUID=N/A, Integrity Level=N/A, sysmon-parentimage=C:\Windows\System32\svchost.exe, Description=N/A, Token Elevation Type=N/A, Message=N/A, Encoded Command=N/A, Logon Account Domain=DOMAIN_0001.LOCAL, Process Name=sdbinst.exe, Parent Process ID=N/A, Logon Type=N/A, Account Security ID=S-1-5-21-0004, Share Name=N/A, Authentication Package=N/A, sysmon-processguid=N/A, Realm=DOMAIN_0001.LOCAL, Account ID=S-1-5-21-0002, Process Path=C:\Windows\System32\sdbinst.exe, Status Code=N/A, User Domain=DOMAIN_0007.LOCAL, Encoded Argument=N/A, Target Username=USER_0008, Event ID=4688, sysmon-user=USER_0004, Command=C:\WINDOWS\System32\sdbinst.exe -m -bg, Process ID=0x2d7c, Machine Identifier=HOST_0019, Target Account Security ID=S-1-5-21-0003, Device Name=HOST_0019, IMP Hash=N/A, Parent Process Path=C:\Windows\System32\svchost.exe}",false,MAC_0001,MAC_0002,[REDACTED_DUPLICATE_PAYLOAD],3,53523,0,12,false,0:0:0:0:0:0:0:0,N/A,0,N/A,8110,"<13>Jul 24 14:54:44 10.0.0.9.Thagaco AgentDevice=WindowsLog	AgentLogFile=Security	PluginVersion=7.3.1.28	Source=Microsoft-Windows-Security-Auditing	Computer=VM-Bravo	OriginatingComputer=VM-Bravo	User=	Domain=	EventID=4688	EventIDCode=4688	EventType=8	EventCategory=13312	RecordNumber=16114338	TimeGenerated=1784879682	TimeWritten=1784879682	Level=Log Always	Keywords=Audit Success	Task=SE_ADT_DETAILEDTRACKING_PROCESSCREATION	Opcode=Info	Message=A new process has been created.  Creator Subject:  Security ID:  NT DOMAIN_0008.LOCAL\USER_0002  Account Name: USER_0028  Account Domain: DOMAIN_0007.LOCAL  Logon ID:  0x3E7  Target Subject:  Security ID:  NULL SID  Account Name:  -  Account Domain:  -  Logon ID:  0x0  Process Information:  New Process ID:  0x2d7c  New Process Name: C:\Windows\System32\sdbinst.exe  Token Elevation Type: TokenElevationTypeDefault (1)  Mandatory Label:  Mandatory Label\System Mandatory Level  Creator Process ID: 0x820  Creator Process Name: C:\Windows\System32\svchost.exe  Process Command Line: C:\WINDOWS\System32\sdbinst.exe -m -bg  Token Elevation Type indicates the type of token that was assigned to the new process in accordance with User Account Control policy.  Type 1 is a full token with no privileges removed or groups disabled.  A full token is only used if User Account Control is disabled or if the user is the built-in Administrator account or a service account.  Type 2 is an elevated token with no privileges removed or groups disabled.  An elevated token is used when User Account Control is enabled and the user chooses to start the program using Run as administrator.  An elevated token is also used when an application is configured to always require administrative privilege or to always require maximum privilege, and the user is a member of the Administrators group.  Type 3 is a limited token with administrative privileges removed and administrative groups disabled.  The limited token is used when User Account Control is enabled, the application does not require administrative privilege, and the user does not choose to start the program using Run as administrator. ",Process Creation Success,N/A,1,0,unknown,N/A,Success Audit: A new process has been created,unknown,0,null,1784879682000,255,0,false,0,"true""""",Success Audit,HOST_0004,Success Audit: A new process has been created.,0,1784879692195,No Offense,255,HOST_0020 @ 10.0.0.9,true,3,false,N/A,203.0.0.11,false,1784879692195,5,NETWORK_0007,55,4688,0,2,-1,HOST_0004,[REDACTED_DUPLICATE_PAYLOAD],USER_0004,5000862,false,null,N/A,"14:54:52, 24 thg 7, 2026","14:54:42, 24 thg 7, 2026",MAC_0002,HOST_0016,447,0,false,203.0.0.11,0,N/A,10.0.0.3,1,"14:54:52, 24 thg 7, 2026",0:0:0:0:0:0:0:0,N/A,null,"100221,100265,109237,100668,100623,156193,100272,134937"
N/A,false,0,0,USER_0004,HOST_0018,"{sysmon-eventid=11, Description=N/A, Message=N/A, Pipe Name=N/A, File Directory=C:\Windows\apppatch\MergeSdbFiles, sysmon-processid=11644, channel=Microsoft-Windows-Sysmon/Operational, Logon Account Domain=DOMAIN_0001.LOCAL, Object Name=N/A, Process Name=sdbinst.exe, Account Name=USER_0004, Logon Type=N/A, Target User Domain=DOMAIN_0001.LOCAL, Account Security ID=S-1-5-21-0002, Share Name=N/A, Authentication Package=N/A, sysmon-processguid={3755dbef-1a42-6a63-6546-000000002100}, Logon Account Name=USER_0004, Realm=DOMAIN_0001.LOCAL, EventIDCode=11, Account ID=S-1-5-21-0002, Process Path=C:\WINDOWS\System32\sdbinst.exe, sysmon-creationutctime=2026-07-11 03:14:16.526, sysmon-utctime=2026-07-24 07:54:42.355, Status Code=N/A, Filename=01DA54B25CE0D000.msimain.sdb, User Domain=DOMAIN_0001.LOCAL, Key Length=N/A, Target Username=USER_0004, Event ID=11, ProgramName=N/A, sysmon-targetfilename=C:\Windows\apppatch\MergeSdbFiles\01DA54B25CE0D000.msimain.sdb, sysmon-user=USER_0002, Process GUID=N/A, Process ID=11644, Target File Directory=C:\Windows\apppatch\MergeSdbFiles\01DA54B25CE0D000.msimain.sdb, sysmon-image=C:\WINDOWS\System32\sdbinst.exe, File Extension=sdb, Machine Identifier=HOST_0019, Task Name=N/A, Object Type=N/A, Target Account Security ID=S-1-5-21-0002, Device Name=HOST_0019, File Path=C:\Windows\apppatch\MergeSdbFiles\01DA54B25CE0D000.msimain.sdb}",false,MAC_0001,MAC_0002,[REDACTED_DUPLICATE_PAYLOAD],3,53523,0,12,false,0:0:0:0:0:0:0:0,N/A,0,N/A,8028,<13>Jul 24 14:54:43 10.0.0.9.Thagaco AgentDevice=WindowsLog	AgentLogFile=Microsoft-Windows-Sysmon/Operational	PluginVersion=7.3.1.28	Source=Microsoft-Windows-Sysmon	Computer=VM-Bravo	OriginatingComputer=VM-Bravo	User=USER_0002	Domain=DOMAIN_0006.LOCAL	EventID=11	EventIDCode=11	EventType=4	EventCategory=11	RecordNumber=442344905	TimeGenerated=1784879682	TimeWritten=1784879682	Level=Informational	Keywords=0x8000000000000000	Task=SysmonTask-SYSMON_FILE_CREATE	Opcode=Info	Message=File created: RuleName: - UtcTime: 2026-07-24 07:54:42.355 ProcessGuid: {3755dbef-1a42-6a63-6546-000000002100} ProcessId: 11644 Image: C:\WINDOWS\System32\sdbinst.exe TargetFilename: C:\Windows\apppatch\MergeSdbFiles\01DA54B25CE0D000.msimain.sdb CreationUtcTime: 2026-07-11 03:14:16.526 ,File Created,N/A,1,0,unknown,N/A,FileCreate,unknown,0,null,1784879682000,255,0,false,0,"true""""",Microsoft-Windows-Sysmon/Operational,HOST_0004,File create operations are logged when a file is created or overwritten.,0,1784879692185,No Offense,255,HOST_0020 @ 10.0.0.9,true,3,false,N/A,203.0.0.11,false,1784879752185,5,NETWORK_0007,55,11,0,1,-1,HOST_0004,[REDACTED_DUPLICATE_PAYLOAD],USER_0002,5001830,false,null,N/A,"14:54:52, 24 thg 7, 2026","14:54:42, 24 thg 7, 2026",MAC_0002,HOST_0016,447,0,false,203.0.0.11,0,N/A,10.0.0.3,2,"14:55:52, 24 thg 7, 2026",0:0:0:0:0:0:0:0,N/A,null,"100221,100265,109237,109187,100620,100668,156193,100619,100276,100272,123237,123937,134937"
N/A,false,0,0,USER_0004,HOST_0018,"{sysmon-eventid=1, Parent Process Name=svchost.exe, Pipe Name=N/A, File Directory=N/A, sysmon-processid=11644, channel=Microsoft-Windows-Sysmon/Operational, sysmon-username= NT DOMAIN_0008.LOCAL\USER_0002, Parent Command=C:\WINDOWS\system32\svchost.exe -k LocalSystemNetworkRestricted -p -s PcaSvc, Object Name=N/A, Account Name=USER_0004, sysmon-currentdirectory=C:\WINDOWS\system32\, Target User Domain=DOMAIN_0001.LOCAL, Logon Account Name=USER_0004, Product Description=Application Compatibility Database Installer, EventIDCode=1, Terminated Process Name=N/A, MD5 Hash=17F604297752530A5618C67C39D10FAE, Filename=N/A, Key Length=N/A, sysmon-logonid=0x3E7, ProgramName=N/A, Process GUID=3755dbef-1a42-6a63-6546-000000002100, SHA1 Hash=2C3EC91C31DBA60113689671C2FFF3C08A16A6B8, File Extension=N/A, Object Type=N/A, sysmon-hash=SHA1=2C3EC91C31DBA60113689671C2FFF3C08A16A6B8,MD5=17F604297752530A5618C67C39D10FAE,SHA256=12D06C54BB8E47A588E26D0F4E9FC923CC21B9619F680C533BA18E323A12793C,IMPHASH=1B6EE3C1899EA90A8A3811555E1DA64E, SHA256 Hash=12D06C54BB8E47A588E26D0F4E9FC923CC21B9619F680C533BA18E323A12793C, Parent Process GUID=3755dbef-5e10-6a5a-8d00-000000002100, Integrity Level=System, sysmon-parentimage=C:\Windows\System32\svchost.exe, Description=Description: Application Compatibility Database Installer Product, File Hash=2C3EC91C31DBA60113689671C2FFF3C08A16A6B8, Token Elevation Type=N/A, Message=N/A, sysmon-rulename=-, Encoded Command=N/A, Logon Account Domain=DOMAIN_0001.LOCAL, Process Name=sdbinst.exe, Parent Process ID=2080, sysmon-parentcommandline=C:\WINDOWS\system32\svchost.exe -k LocalSystemNetworkRestricted -p -s PcaSvc, Logon Type=N/A, sysmon-integritylevel=System, sysmon-logonguid={3755dbef-5d92-6a5a-e703-000000000000}, Account Security ID=S-1-5-21-0002, Share Name=N/A, Authentication Package=N/A, sysmon-processguid={3755dbef-1a42-6a63-6546-000000002100}, Realm=DOMAIN_0001.LOCAL, Account ID=S-1-5-21-0002, sysmon-description=Application Compatibility Database Installer, Process Path=C:\Windows\System32\sdbinst.exe, Status Code=N/A, Product Name=Microsoft® Windows® Operating System, User Domain=DOMAIN_0001.LOCAL, Encoded Argument=N/A, Target Username=USER_0004, Event ID=1, sysmon-parentprocessid=2080, Product Company=Microsoft Corporation, sysmon-fileversion=10.0.26100.33158 (WinBuild.160101.0800), sysmon-parentprocessguid={3755dbef-5e10-6a5a-8d00-000000002100}, sysmon-user=USER_0002, Command=C:\WINDOWS\System32\sdbinst.exe -m -bg, sysmon-originalfilename=sdbinst.exe, Process ID=11644, sysmon-image=C:\Windows\System32\sdbinst.exe, Machine Identifier=HOST_0019, Target Account Security ID=S-1-5-21-0002, sysmon-commandline=C:\WINDOWS\System32\sdbinst.exe -m -bg, Device Name=HOST_0019, IMP Hash=1B6EE3C1899EA90A8A3811555E1DA64E, Current Working Directory=C:\WINDOWS\system32\, Parent Process Path=C:\Windows\System32\svchost.exe, sysmon-terminalsessionid=0}",false,MAC_0001,MAC_0002,[REDACTED_DUPLICATE_PAYLOAD],3,53523,0,12,false,0:0:0:0:0:0:0:0,N/A,0,N/A,8110,"<13>Jul 24 14:54:43 10.0.0.9.Thagaco AgentDevice=WindowsLog	AgentLogFile=Microsoft-Windows-Sysmon/Operational	PluginVersion=7.3.1.28	Source=Microsoft-Windows-Sysmon	Computer=VM-Bravo	OriginatingComputer=VM-Bravo	User=USER_0002	Domain=DOMAIN_0006.LOCAL	EventID=1	EventIDCode=1	EventType=4	EventCategory=1	RecordNumber=442344673	TimeGenerated=1784879682	TimeWritten=1784879682	Level=Informational	Keywords=0x8000000000000000	Task=SysmonTask-SYSMON_CREATE_PROCESS	Opcode=Info	Message=Process Create: RuleName: - UtcTime: 2026-07-24 07:54:42.214 ProcessGuid: {3755dbef-1a42-6a63-6546-000000002100} ProcessId: 11644 Image: C:\Windows\System32\sdbinst.exe FileVersion: 10.0.26100.33158 (WinBuild.160101.0800) Description: Application Compatibility Database Installer Product: Microsoft® Windows® Operating System Company: Microsoft Corporation OriginalFileName: sdbinst.exe CommandLine: C:\WINDOWS\System32\sdbinst.exe -m -bg CurrentDirectory: C:\WINDOWS\system32\ User: NT DOMAIN_0008.LOCAL\USER_0002 LogonGuid: {3755dbef-5d92-6a5a-e703-000000000000} LogonId: 0x3E7 TerminalSessionId: 0 IntegrityLevel: System Hashes: SHA1=2C3EC91C31DBA60113689671C2FFF3C08A16A6B8,MD5=17F604297752530A5618C67C39D10FAE,SHA256=12D06C54BB8E47A588E26D0F4E9FC923CC21B9619F680C533BA18E323A12793C,IMPHASH=1B6EE3C1899EA90A8A3811555E1DA64E ParentProcessGuid: {3755dbef-5e10-6a5a-8d00-000000002100} ParentProcessId: 2080 ParentImage: C:\Windows\System32\svchost.exe ParentCommandLine: C:\WINDOWS\system32\svchost.exe -k LocalSystemNetworkRestricted -p -s PcaSvc ",Process Creation Success,N/A,1,0,unknown,N/A,Process Create,unknown,0,null,1784879682000,255,0,false,0,"true""""",Microsoft-Windows-Sysmon/Operational,HOST_0004,The process creation event provides extended information about a newly created process.,0,1784879692184,No Offense,255,HOST_0020 @ 10.0.0.9,true,3,false,N/A,203.0.0.11,false,1784879692184,5,NETWORK_0007,55,1,0,2,-1,HOST_0004,[REDACTED_DUPLICATE_PAYLOAD],USER_0002,5001828,false,null,N/A,"14:54:52, 24 thg 7, 2026","14:54:42, 24 thg 7, 2026",MAC_0002,HOST_0016,447,0,false,203.0.0.11,0,N/A,10.0.0.3,1,"14:54:52, 24 thg 7, 2026",0:0:0:0:0:0:0:0,N/A,null,"100221,100265,109237,109187,100668,100623,156193,100272,134937"
N/A,false,0,0,USER_0004,HOST_0018,"{sysmon-eventid=17, Description=N/A, Message=N/A, Pipe Name=86DD3EC9-71FC-42E3-ADAA-03A59F78EE5D, sysmon-processid=5264, channel=Microsoft-Windows-Sysmon/Operational, Logon Account Domain=DOMAIN_0001.LOCAL, Object Name=N/A, Process Name=Veeam.AC.Agent.exe, sysmon-pipename=\86DD3EC9-71FC-42E3-ADAA-03A59F78EE5D, Account Name=USER_0004, Logon Type=N/A, Target User Domain=DOMAIN_0001.LOCAL, Account Security ID=S-1-5-21-0002, Share Name=N/A, Authentication Package=N/A, sysmon-processguid={3755dbef-5e18-6a5a-9c00-000000002100}, Logon Account Name=USER_0004, Realm=DOMAIN_0001.LOCAL, EventIDCode=17, Account ID=S-1-5-21-0002, Process Path=C:\Program Files\Veeam\Availability Console\CommunicationAgent\Veeam.AC.Agent.exe, sysmon-utctime=2026-07-24 07:53:06.887, Status Code=N/A, User Domain=DOMAIN_0001.LOCAL, Key Length=N/A, Target Username=USER_0004, Event ID=17, ProgramName=N/A, sysmon-user=USER_0002, Process GUID=N/A, Process ID=5264, sysmon-image=C:\Program Files\Veeam\Availability Console\CommunicationAgent\Veeam.AC.Agent.exe , Machine Identifier=HOST_0019, Object Type=N/A, Target Account Security ID=S-1-5-21-0002, Device Name=HOST_0019}",false,MAC_0001,MAC_0002,[REDACTED_DUPLICATE_PAYLOAD],8,53523,0,12,false,0:0:0:0:0:0:0:0,N/A,0,N/A,19012,<13>Jul 24 14:53:10 10.0.0.9.Thagaco AgentDevice=WindowsLog	AgentLogFile=Microsoft-Windows-Sysmon/Operational	PluginVersion=7.3.1.28	Source=Microsoft-Windows-Sysmon	Computer=VM-Bravo	OriginatingComputer=VM-Bravo	User=USER_0002	Domain=DOMAIN_0006.LOCAL	EventID=17	EventIDCode=17	EventType=4	EventCategory=17	RecordNumber=442340503	TimeGenerated=1784879586	TimeWritten=1784879586	Level=Informational	Keywords=0x8000000000000000	Task=SysmonTask-SYSMON_CREATE_NAMEDPIPE	Opcode=Info	Message=Pipe Created: RuleName: - EventType: CreatePipe UtcTime: 2026-07-24 07:53:06.887 ProcessGuid: {3755dbef-5e18-6a5a-9c00-000000002100} ProcessId: 5264 PipeName: \86DD3EC9-71FC-42E3-ADAA-03A59F78EE5D Image: C:\Program Files\Veeam\Availability Console\CommunicationAgent\Veeam.AC.Agent.exe ,Create Activity Succeeded,N/A,1,0,unknown,N/A,PipeEvent (Pipe Created),unknown,0,null,1784879586000,255,0,false,0,"true""""",Microsoft-Windows-Sysmon/Operational,HOST_0004,Named pipe created,0,1784879593184,No Offense,255,HOST_0020 @ 10.0.0.9,true,8,false,N/A,203.0.0.11,false,1784879593184,8,NETWORK_0007,55,17,0,8,-1,HOST_0004,[REDACTED_DUPLICATE_PAYLOAD],USER_0002,5001836,false,null,N/A,"14:53:13, 24 thg 7, 2026","14:53:06, 24 thg 7, 2026",MAC_0002,HOST_0016,447,0,false,203.0.0.11,0,N/A,10.0.0.3,6,"14:53:13, 24 thg 7, 2026",0:0:0:0:0:0:0:0,N/A,null,"100221,100737,100736,100265,109237,109187,156193,100337,100272,134937"
N/A,false,0,0,USER_0004,HOST_0018,"{sysmon-eventid=17, Description=N/A, Message=N/A, Pipe Name=86DD3EC9-71FC-42E3-ADAA-03A59F78EE5D, sysmon-processid=5264, channel=Microsoft-Windows-Sysmon/Operational, Logon Account Domain=DOMAIN_0001.LOCAL, Object Name=N/A, Process Name=Veeam.AC.Agent.exe, sysmon-pipename=\86DD3EC9-71FC-42E3-ADAA-03A59F78EE5D, Account Name=USER_0004, Logon Type=N/A, Target User Domain=DOMAIN_0001.LOCAL, Account Security ID=S-1-5-21-0002, Share Name=N/A, Authentication Package=N/A, sysmon-processguid={3755dbef-5e18-6a5a-9c00-000000002100}, Logon Account Name=USER_0004, Realm=DOMAIN_0001.LOCAL, EventIDCode=17, Account ID=S-1-5-21-0002, Process Path=C:\Program Files\Veeam\Availability Console\CommunicationAgent\Veeam.AC.Agent.exe, sysmon-utctime=2026-07-24 07:51:06.873, Status Code=N/A, User Domain=DOMAIN_0001.LOCAL, Key Length=N/A, Target Username=USER_0004, Event ID=17, ProgramName=N/A, sysmon-user=USER_0002, Process GUID=N/A, Process ID=5264, sysmon-image=C:\Program Files\Veeam\Availability Console\CommunicationAgent\Veeam.AC.Agent.exe , Machine Identifier=HOST_0019, Object Type=N/A, Target Account Security ID=S-1-5-21-0002, Device Name=HOST_0019}",false,MAC_0001,MAC_0002,[REDACTED_DUPLICATE_PAYLOAD],8,53523,0,12,false,0:0:0:0:0:0:0:0,N/A,0,N/A,19012,<13>Jul 24 14:51:10 10.0.0.9.Thagaco AgentDevice=WindowsLog	AgentLogFile=Microsoft-Windows-Sysmon/Operational	PluginVersion=7.3.1.28	Source=Microsoft-Windows-Sysmon	Computer=VM-Bravo	OriginatingComputer=VM-Bravo	User=USER_0002	Domain=DOMAIN_0006.LOCAL	EventID=17	EventIDCode=17	EventType=4	EventCategory=17	RecordNumber=442335720	TimeGenerated=1784879466	TimeWritten=1784879466	Level=Informational	Keywords=0x8000000000000000	Task=SysmonTask-SYSMON_CREATE_NAMEDPIPE	Opcode=Info	Message=Pipe Created: RuleName: - EventType: CreatePipe UtcTime: 2026-07-24 07:51:06.873 ProcessGuid: {3755dbef-5e18-6a5a-9c00-000000002100} ProcessId: 5264 PipeName: \86DD3EC9-71FC-42E3-ADAA-03A59F78EE5D Image: C:\Program Files\Veeam\Availability Console\CommunicationAgent\Veeam.AC.Agent.exe ,Create Activity Succeeded,N/A,1,0,unknown,N/A,PipeEvent (Pipe Created),unknown,0,null,1784879466000,255,0,false,0,"true""""",Microsoft-Windows-Sysmon/Operational,HOST_0004,Named pipe created,0,1784879473177,No Offense,255,HOST_0020 @ 10.0.0.9,true,8,false,N/A,203.0.0.11,false,1784879473177,8,NETWORK_0007,55,17,0,8,-1,HOST_0004,[REDACTED_DUPLICATE_PAYLOAD],USER_0002,5001836,false,null,N/A,"14:51:13, 24 thg 7, 2026","14:51:06, 24 thg 7, 2026",MAC_0002,HOST_0016,447,0,false,203.0.0.11,0,N/A,10.0.0.3,6,"14:51:13, 24 thg 7, 2026",0:0:0:0:0:0:0:0,N/A,null,"100221,100737,100736,100265,109237,109187,156193,100337,100272,134937"
N/A,false,0,0,USER_0004,HOST_0018,"{sysmon-eventid=17, Description=N/A, Message=N/A, Pipe Name=86DD3EC9-71FC-42E3-ADAA-03A59F78EE5D, sysmon-processid=5264, channel=Microsoft-Windows-Sysmon/Operational, Logon Account Domain=DOMAIN_0001.LOCAL, Object Name=N/A, Process Name=Veeam.AC.Agent.exe, sysmon-pipename=\86DD3EC9-71FC-42E3-ADAA-03A59F78EE5D, Account Name=USER_0004, Logon Type=N/A, Target User Domain=DOMAIN_0001.LOCAL, Account Security ID=S-1-5-21-0002, Share Name=N/A, Authentication Package=N/A, sysmon-processguid={3755dbef-5e18-6a5a-9c00-000000002100}, Logon Account Name=USER_0004, Realm=DOMAIN_0001.LOCAL, EventIDCode=17, Account ID=S-1-5-21-0002, Process Path=C:\Program Files\Veeam\Availability Console\CommunicationAgent\Veeam.AC.Agent.exe, sysmon-utctime=2026-07-24 07:49:06.851, Status Code=N/A, User Domain=DOMAIN_0001.LOCAL, Key Length=N/A, Target Username=USER_0004, Event ID=17, ProgramName=N/A, sysmon-user=USER_0002, Process GUID=N/A, Process ID=5264, sysmon-image=C:\Program Files\Veeam\Availability Console\CommunicationAgent\Veeam.AC.Agent.exe , Machine Identifier=HOST_0019, Object Type=N/A, Target Account Security ID=S-1-5-21-0002, Device Name=HOST_0019}",false,MAC_0001,MAC_0002,[REDACTED_DUPLICATE_PAYLOAD],8,53523,0,12,false,0:0:0:0:0:0:0:0,N/A,0,N/A,19012,<13>Jul 24 14:49:10 10.0.0.9.Thagaco AgentDevice=WindowsLog	AgentLogFile=Microsoft-Windows-Sysmon/Operational	PluginVersion=7.3.1.28	Source=Microsoft-Windows-Sysmon	Computer=VM-Bravo	OriginatingComputer=VM-Bravo	User=USER_0002	Domain=DOMAIN_0006.LOCAL	EventID=17	EventIDCode=17	EventType=4	EventCategory=17	RecordNumber=442331533	TimeGenerated=1784879346	TimeWritten=1784879346	Level=Informational	Keywords=0x8000000000000000	Task=SysmonTask-SYSMON_CREATE_NAMEDPIPE	Opcode=Info	Message=Pipe Created: RuleName: - EventType: CreatePipe UtcTime: 2026-07-24 07:49:06.851 ProcessGuid: {3755dbef-5e18-6a5a-9c00-000000002100} ProcessId: 5264 PipeName: \86DD3EC9-71FC-42E3-ADAA-03A59F78EE5D Image: C:\Program Files\Veeam\Availability Console\CommunicationAgent\Veeam.AC.Agent.exe ,Create Activity Succeeded,N/A,1,0,unknown,N/A,PipeEvent (Pipe Created),unknown,0,null,1784879346000,255,0,false,0,"true""""",Microsoft-Windows-Sysmon/Operational,HOST_0004,Named pipe created,0,1784879353190,No Offense,255,HOST_0020 @ 10.0.0.9,true,8,false,N/A,203.0.0.11,false,1784879353190,8,NETWORK_0007,55,17,0,8,-1,HOST_0004,[REDACTED_DUPLICATE_PAYLOAD],USER_0002,5001836,false,null,N/A,"14:49:13, 24 thg 7, 2026","14:49:06, 24 thg 7, 2026",MAC_0002,HOST_0016,447,0,false,203.0.0.11,0,N/A,10.0.0.3,6,"14:49:13, 24 thg 7, 2026",0:0:0:0:0:0:0:0,N/A,null,"100221,100737,100736,100265,109237,109187,156193,100337,100272,134937"
N/A,false,0,0,USER_0004,HOST_0018,"{sysmon-eventid=17, Description=N/A, Message=N/A, Pipe Name=86DD3EC9-71FC-42E3-ADAA-03A59F78EE5D, sysmon-processid=5264, channel=Microsoft-Windows-Sysmon/Operational, Logon Account Domain=DOMAIN_0001.LOCAL, Object Name=N/A, Process Name=Veeam.AC.Agent.exe, sysmon-pipename=\86DD3EC9-71FC-42E3-ADAA-03A59F78EE5D, Account Name=USER_0004, Logon Type=N/A, Target User Domain=DOMAIN_0001.LOCAL, Account Security ID=S-1-5-21-0002, Share Name=N/A, Authentication Package=N/A, sysmon-processguid={3755dbef-5e18-6a5a-9c00-000000002100}, Logon Account Name=USER_0004, Realm=DOMAIN_0001.LOCAL, EventIDCode=17, Account ID=S-1-5-21-0002, Process Path=C:\Program Files\Veeam\Availability Console\CommunicationAgent\Veeam.AC.Agent.exe, sysmon-utctime=2026-07-24 07:42:06.724, Status Code=N/A, User Domain=DOMAIN_0001.LOCAL, Key Length=N/A, Target Username=USER_0004, Event ID=17, ProgramName=N/A, sysmon-user=USER_0002, Process GUID=N/A, Process ID=5264, sysmon-image=C:\Program Files\Veeam\Availability Console\CommunicationAgent\Veeam.AC.Agent.exe , Machine Identifier=HOST_0019, Object Type=N/A, Target Account Security ID=S-1-5-21-0002, Device Name=HOST_0019}",false,MAC_0001,MAC_0002,[REDACTED_DUPLICATE_PAYLOAD],8,53523,0,12,false,0:0:0:0:0:0:0:0,N/A,0,N/A,19012,<13>Jul 24 14:42:10 10.0.0.9.Thagaco AgentDevice=WindowsLog	AgentLogFile=Microsoft-Windows-Sysmon/Operational	PluginVersion=7.3.1.28	Source=Microsoft-Windows-Sysmon	Computer=VM-Bravo	OriginatingComputer=VM-Bravo	User=USER_0002	Domain=DOMAIN_0006.LOCAL	EventID=17	EventIDCode=17	EventType=4	EventCategory=17	RecordNumber=442315786	TimeGenerated=1784878926	TimeWritten=1784878926	Level=Informational	Keywords=0x8000000000000000	Task=SysmonTask-SYSMON_CREATE_NAMEDPIPE	Opcode=Info	Message=Pipe Created: RuleName: - EventType: CreatePipe UtcTime: 2026-07-24 07:42:06.724 ProcessGuid: {3755dbef-5e18-6a5a-9c00-000000002100} ProcessId: 5264 PipeName: \86DD3EC9-71FC-42E3-ADAA-03A59F78EE5D Image: C:\Program Files\Veeam\Availability Console\CommunicationAgent\Veeam.AC.Agent.exe ,Create Activity Succeeded,N/A,1,0,unknown,N/A,PipeEvent (Pipe Created),unknown,0,null,1784878926000,255,0,false,0,"true""""",Microsoft-Windows-Sysmon/Operational,HOST_0004,Named pipe created,0,1784878933618,No Offense,255,HOST_0020 @ 10.0.0.9,true,8,false,N/A,203.0.0.11,false,1784878933618,8,NETWORK_0007,55,17,0,8,-1,HOST_0004,[REDACTED_DUPLICATE_PAYLOAD],USER_0002,5001836,false,null,N/A,"14:42:13, 24 thg 7, 2026","14:42:06, 24 thg 7, 2026",MAC_0002,HOST_0016,447,0,false,203.0.0.11,0,N/A,10.0.0.3,6,"14:42:13, 24 thg 7, 2026",0:0:0:0:0:0:0:0,N/A,null,"100221,100737,100736,100265,109237,109187,156193,100337,100272,134937"
N/A,false,0,0,USER_0004,HOST_0018,"{sysmon-eventid=17, Description=N/A, Message=N/A, Pipe Name=86DD3EC9-71FC-42E3-ADAA-03A59F78EE5D, sysmon-processid=5264, channel=Microsoft-Windows-Sysmon/Operational, Logon Account Domain=DOMAIN_0001.LOCAL, Object Name=N/A, Process Name=Veeam.AC.Agent.exe, sysmon-pipename=\86DD3EC9-71FC-42E3-ADAA-03A59F78EE5D, Account Name=USER_0004, Logon Type=N/A, Target User Domain=DOMAIN_0001.LOCAL, Account Security ID=S-1-5-21-0002, Share Name=N/A, Authentication Package=N/A, sysmon-processguid={3755dbef-5e18-6a5a-9c00-000000002100}, Logon Account Name=USER_0004, Realm=DOMAIN_0001.LOCAL, EventIDCode=17, Account ID=S-1-5-21-0002, Process Path=C:\Program Files\Veeam\Availability Console\CommunicationAgent\Veeam.AC.Agent.exe, sysmon-utctime=2026-07-24 07:41:06.711, Status Code=N/A, User Domain=DOMAIN_0001.LOCAL, Key Length=N/A, Target Username=USER_0004, Event ID=17, ProgramName=N/A, sysmon-user=USER_0002, Process GUID=N/A, Process ID=5264, sysmon-image=C:\Program Files\Veeam\Availability Console\CommunicationAgent\Veeam.AC.Agent.exe , Machine Identifier=HOST_0019, Object Type=N/A, Target Account Security ID=S-1-5-21-0002, Device Name=HOST_0019}",false,MAC_0001,MAC_0002,[REDACTED_DUPLICATE_PAYLOAD],8,53523,0,12,false,0:0:0:0:0:0:0:0,N/A,0,N/A,19012,<13>Jul 24 14:41:10 10.0.0.9.Thagaco AgentDevice=WindowsLog	AgentLogFile=Microsoft-Windows-Sysmon/Operational	PluginVersion=7.3.1.28	Source=Microsoft-Windows-Sysmon	Computer=VM-Bravo	OriginatingComputer=VM-Bravo	User=USER_0002	Domain=DOMAIN_0006.LOCAL	EventID=17	EventIDCode=17	EventType=4	EventCategory=17	RecordNumber=442313277	TimeGenerated=1784878866	TimeWritten=1784878866	Level=Informational	Keywords=0x8000000000000000	Task=SysmonTask-SYSMON_CREATE_NAMEDPIPE	Opcode=Info	Message=Pipe Created: RuleName: - EventType: CreatePipe UtcTime: 2026-07-24 07:41:06.711 ProcessGuid: {3755dbef-5e18-6a5a-9c00-000000002100} ProcessId: 5264 PipeName: \86DD3EC9-71FC-42E3-ADAA-03A59F78EE5D Image: C:\Program Files\Veeam\Availability Console\CommunicationAgent\Veeam.AC.Agent.exe ,Create Activity Succeeded,N/A,1,0,unknown,N/A,PipeEvent (Pipe Created),unknown,0,null,1784878866000,255,0,false,0,"true""""",Microsoft-Windows-Sysmon/Operational,HOST_0004,Named pipe created,0,1784878873192,No Offense,255,HOST_0020 @ 10.0.0.9,true,8,false,N/A,203.0.0.11,false,1784878873192,8,NETWORK_0007,55,17,0,8,-1,HOST_0004,[REDACTED_DUPLICATE_PAYLOAD],USER_0002,5001836,false,null,N/A,"14:41:13, 24 thg 7, 2026","14:41:06, 24 thg 7, 2026",MAC_0002,HOST_0016,447,0,false,203.0.0.11,0,N/A,10.0.0.3,6,"14:41:13, 24 thg 7, 2026",0:0:0:0:0:0:0:0,N/A,null,"100221,100737,100736,100265,109237,109187,156193,100337,100272,134937"
