N/A,false,0,0,USER_0004,10.0.0.12,"{sysmon-eventid=13, Description=N/A, Message=N/A, Pipe Name=N/A, Registry Key=\MuiCache\15b\52C64B7E, sysmon-processid=6200, channel=Microsoft-Windows-Sysmon/Operational, Target Object=HKU\S-1-5-21-728566140-106364507-3694018187-500_CLASSES\Local Settings\MuiCache\15b\52C64B7E\LanguageList, Logon Account Domain=DOMAIN_0001.LOCAL, Object Name=DOMAIN_0020.LOCAL\USER_0049DOMAIN_0021.LOCAL\USER_0050 Settings\MuiCache\15b\52C64B7E\LanguageList, Target Details=Binary Data, Process Name=ServerManager.exe, Registry Value Data=Binary Data, Account Name=USER_0004, Logon Type=N/A, sysmon-targetobject=HKU\S-1-5-21-728566140-106364507-3694018187-500_CLASSES\Local Settings\MuiCache\15b\52C64B7E\LanguageList, Target User Domain=DOMAIN_0001.LOCAL, Rule Name=-, Account Security ID=S-1-5-21-0002, Share Name=N/A, Authentication Package=N/A, sysmon-processguid={C20AB55E-3287-67BC-BD08-000000001C00}, Logon Account Name=USER_0004, Realm=DOMAIN_0001.LOCAL, EventIDCode=13, Account ID=S-1-5-21-0002, Process Path=C:\Windows\system32\ServerManager.exe, sysmon-utctime=2026-07-24 05:36:40.225, Status Code=N/A, Registry Value Name=LanguageList, User Domain=DOMAIN_0001.LOCAL, Key Length=N/A, Target Username=USER_0004, Event ID=13, ProgramName=N/A, Registry Hive=HKU, sysmon-eventtype=SetValue, sysmon-user=USER_0002, Process GUID=C20AB55E-3287-67BC-BD08-000000001C00, Process ID=6200, Machine Identifier=HOST_0028, Object Type=N/A, Target Account Security ID=S-1-5-21-0002, Device Name=HOST_0028, sysmon-details=Binary Data}",false,MAC_0001,MAC_0002,[REDACTED_DUPLICATE_PAYLOAD],3,40791,0,12,false,0:0:0:0:0:0:0:0,N/A,0,N/A,8012,<13>Jul 24 12:36:41 10.0.0.12 AgentDevice=WindowsLog	AgentLogFile=Microsoft-Windows-Sysmon/Operational	PluginVersion=7.3.1.28	Source=Microsoft-Windows-Sysmon	Computer=HCC-LLTP-DB	OriginatingComputer=HCC-LLTP-DB	User=USER_0002	Domain=DOMAIN_0006.LOCAL	EventID=13	EventIDCode=13	EventType=4	EventCategory=13	RecordNumber=2037372607	TimeGenerated=1784871400	TimeWritten=1784871400	Level=Informational	Keywords=0x8000000000000000	Task=SysmonTask-SYSMON_REG_SETVALUE	Opcode=Info	Message=Registry value set: RuleName: - EventType: SetValue UtcTime: 2026-07-24 05:36:40.225 ProcessGuid: {C20AB55E-3287-67BC-BD08-000000001C00} ProcessId: 6200 Image: C:\Windows\system32\ServerManager.exe TargetObject: DOMAIN_0020.LOCAL\USER_0049DOMAIN_0021.LOCAL\USER_0050 Settings\MuiCache\15b\52C64B7E\LanguageList Details: Binary Data ,Successful Registry Modification,N/A,1,0,unknown,N/A,RegistryEvent (Value Set),unknown,0,null,1784871400000,255,0,false,0,"true""""",Microsoft-Windows-Sysmon/Operational,HOST_0004,This Registry event type identifies Registry value modifications.,0,1784871410707,No Offense,255,HOST_0029 @ 10.0.0.12,false,3,false,N/A,10.0.0.12,false,1784871410707,5,NETWORK_0002,35,13,0,1,-1,HOST_0004,[REDACTED_DUPLICATE_PAYLOAD],USER_0002,5001832,false,null,N/A,"12:36:50, 24 thg 7, 2026","12:36:40, 24 thg 7, 2026",MAC_0002,HOST_0006,439,0,false,10.0.0.12,0,N/A,10.0.0.3,1,"12:36:50, 24 thg 7, 2026",0:0:0:0:0:0:0:0,N/A,null,"100221,100265,109237,109187,100617,100668,156193,100276,100272,123237,123937,134937,166353"
N/A,false,0,0,USER_0004,10.0.0.12,"{sysmon-eventid=13, Description=N/A, Message=N/A, Pipe Name=N/A, Registry Key=\MuiCache\15b\52C64B7E, sysmon-processid=6200, channel=Microsoft-Windows-Sysmon/Operational, Target Object=HKU\S-1-5-21-728566140-106364507-3694018187-500_CLASSES\Local Settings\MuiCache\15b\52C64B7E\LanguageList, Logon Account Domain=DOMAIN_0001.LOCAL, Object Name=DOMAIN_0020.LOCAL\USER_0049DOMAIN_0021.LOCAL\USER_0050 Settings\MuiCache\15b\52C64B7E\LanguageList, Target Details=Binary Data, Process Name=ServerManager.exe, Registry Value Data=Binary Data, Account Name=USER_0004, Logon Type=N/A, sysmon-targetobject=HKU\S-1-5-21-728566140-106364507-3694018187-500_CLASSES\Local Settings\MuiCache\15b\52C64B7E\LanguageList, Target User Domain=DOMAIN_0001.LOCAL, Rule Name=-, Account Security ID=S-1-5-21-0002, Share Name=N/A, Authentication Package=N/A, sysmon-processguid={C20AB55E-3287-67BC-BD08-000000001C00}, Logon Account Name=USER_0004, Realm=DOMAIN_0001.LOCAL, EventIDCode=13, Account ID=S-1-5-21-0002, Process Path=C:\Windows\system32\ServerManager.exe, sysmon-utctime=2026-07-24 05:36:40.225, Status Code=N/A, Registry Value Name=LanguageList, User Domain=DOMAIN_0001.LOCAL, Key Length=N/A, Target Username=USER_0004, Event ID=13, ProgramName=N/A, Registry Hive=HKU, sysmon-eventtype=SetValue, sysmon-user=USER_0002, Process GUID=C20AB55E-3287-67BC-BD08-000000001C00, Process ID=6200, Machine Identifier=HOST_0028, Object Type=N/A, Target Account Security ID=S-1-5-21-0002, Device Name=HOST_0028, sysmon-details=Binary Data}",false,MAC_0001,MAC_0002,[REDACTED_DUPLICATE_PAYLOAD],3,40791,0,12,false,0:0:0:0:0:0:0:0,N/A,0,N/A,8012,<13>Jul 24 12:36:41 10.0.0.12 AgentDevice=WindowsLog	AgentLogFile=Microsoft-Windows-Sysmon/Operational	PluginVersion=7.3.1.28	Source=Microsoft-Windows-Sysmon	Computer=HCC-LLTP-DB	OriginatingComputer=HCC-LLTP-DB	User=USER_0002	Domain=DOMAIN_0006.LOCAL	EventID=13	EventIDCode=13	EventType=4	EventCategory=13	RecordNumber=2037372600	TimeGenerated=1784871400	TimeWritten=1784871400	Level=Informational	Keywords=0x8000000000000000	Task=SysmonTask-SYSMON_REG_SETVALUE	Opcode=Info	Message=Registry value set: RuleName: - EventType: SetValue UtcTime: 2026-07-24 05:36:40.225 ProcessGuid: {C20AB55E-3287-67BC-BD08-000000001C00} ProcessId: 6200 Image: C:\Windows\system32\ServerManager.exe TargetObject: DOMAIN_0020.LOCAL\USER_0049DOMAIN_0021.LOCAL\USER_0050 Settings\MuiCache\15b\52C64B7E\LanguageList Details: Binary Data ,Successful Registry Modification,N/A,1,0,unknown,N/A,RegistryEvent (Value Set),unknown,0,null,1784871400000,255,0,false,0,"true""""",Microsoft-Windows-Sysmon/Operational,HOST_0004,This Registry event type identifies Registry value modifications.,0,1784871410707,No Offense,255,HOST_0029 @ 10.0.0.12,false,3,false,N/A,10.0.0.12,false,1784871410707,5,NETWORK_0002,35,13,0,1,-1,HOST_0004,[REDACTED_DUPLICATE_PAYLOAD],USER_0002,5001832,false,null,N/A,"12:36:50, 24 thg 7, 2026","12:36:40, 24 thg 7, 2026",MAC_0002,HOST_0006,439,0,false,10.0.0.12,0,N/A,10.0.0.3,1,"12:36:50, 24 thg 7, 2026",0:0:0:0:0:0:0:0,N/A,null,"100221,100265,109237,109187,100617,100668,156193,100276,100272,123237,123937,134937,166353"
N/A,false,0,0,USER_0004,10.0.0.12,"{sysmon-eventid=13, Description=N/A, Message=N/A, Pipe Name=N/A, Registry Key=\MuiCache\15b\52C64B7E, sysmon-processid=6200, channel=Microsoft-Windows-Sysmon/Operational, Target Object=HKU\S-1-5-21-728566140-106364507-3694018187-500_CLASSES\Local Settings\MuiCache\15b\52C64B7E\LanguageList, Logon Account Domain=DOMAIN_0001.LOCAL, Object Name=DOMAIN_0020.LOCAL\USER_0049DOMAIN_0021.LOCAL\USER_0050 Settings\MuiCache\15b\52C64B7E\LanguageList, Target Details=Binary Data, Process Name=ServerManager.exe, Registry Value Data=Binary Data, Account Name=USER_0004, Logon Type=N/A, sysmon-targetobject=HKU\S-1-5-21-728566140-106364507-3694018187-500_CLASSES\Local Settings\MuiCache\15b\52C64B7E\LanguageList, Target User Domain=DOMAIN_0001.LOCAL, Rule Name=-, Account Security ID=S-1-5-21-0002, Share Name=N/A, Authentication Package=N/A, sysmon-processguid={C20AB55E-3287-67BC-BD08-000000001C00}, Logon Account Name=USER_0004, Realm=DOMAIN_0001.LOCAL, EventIDCode=13, Account ID=S-1-5-21-0002, Process Path=C:\Windows\system32\ServerManager.exe, sysmon-utctime=2026-07-24 05:36:40.225, Status Code=N/A, Registry Value Name=LanguageList, User Domain=DOMAIN_0001.LOCAL, Key Length=N/A, Target Username=USER_0004, Event ID=13, ProgramName=N/A, Registry Hive=HKU, sysmon-eventtype=SetValue, sysmon-user=USER_0002, Process GUID=C20AB55E-3287-67BC-BD08-000000001C00, Process ID=6200, Machine Identifier=HOST_0028, Object Type=N/A, Target Account Security ID=S-1-5-21-0002, Device Name=HOST_0028, sysmon-details=Binary Data}",false,MAC_0001,MAC_0002,[REDACTED_DUPLICATE_PAYLOAD],3,40791,0,12,false,0:0:0:0:0:0:0:0,N/A,0,N/A,8012,<13>Jul 24 12:36:41 10.0.0.12 AgentDevice=WindowsLog	AgentLogFile=Microsoft-Windows-Sysmon/Operational	PluginVersion=7.3.1.28	Source=Microsoft-Windows-Sysmon	Computer=HCC-LLTP-DB	OriginatingComputer=HCC-LLTP-DB	User=USER_0002	Domain=DOMAIN_0006.LOCAL	EventID=13	EventIDCode=13	EventType=4	EventCategory=13	RecordNumber=2037372601	TimeGenerated=1784871400	TimeWritten=1784871400	Level=Informational	Keywords=0x8000000000000000	Task=SysmonTask-SYSMON_REG_SETVALUE	Opcode=Info	Message=Registry value set: RuleName: - EventType: SetValue UtcTime: 2026-07-24 05:36:40.225 ProcessGuid: {C20AB55E-3287-67BC-BD08-000000001C00} ProcessId: 6200 Image: C:\Windows\system32\ServerManager.exe TargetObject: DOMAIN_0020.LOCAL\USER_0049DOMAIN_0021.LOCAL\USER_0050 Settings\MuiCache\15b\52C64B7E\LanguageList Details: Binary Data ,Successful Registry Modification,N/A,1,0,unknown,N/A,RegistryEvent (Value Set),unknown,0,null,1784871400000,255,0,false,0,"true""""",Microsoft-Windows-Sysmon/Operational,HOST_0004,This Registry event type identifies Registry value modifications.,0,1784871410707,No Offense,255,HOST_0029 @ 10.0.0.12,false,3,false,N/A,10.0.0.12,false,1784871410707,5,NETWORK_0002,35,13,0,1,-1,HOST_0004,[REDACTED_DUPLICATE_PAYLOAD],USER_0002,5001832,false,null,N/A,"12:36:50, 24 thg 7, 2026","12:36:40, 24 thg 7, 2026",MAC_0002,HOST_0006,439,0,false,10.0.0.12,0,N/A,10.0.0.3,1,"12:36:50, 24 thg 7, 2026",0:0:0:0:0:0:0:0,N/A,null,"100221,100265,109237,109187,100617,100668,156193,100276,100272,123237,123937,134937,166353"
N/A,false,0,0,USER_0004,10.0.0.12,"{sysmon-eventid=10, sysmon-sourceprocessid=6200, Pipe Name=N/A, sysmon-processid=6200, sysmon-sourceimage=C:\Windows\system32\ServerManager.exe, channel=Microsoft-Windows-Sysmon/Operational, Object Name=N/A, Target Details=N/A, Account Name=USER_0004, Target User Domain=DOMAIN_0001.LOCAL, sysmon-sourceprocessguid={C20AB55E-3287-67BC-BD08-000000001C00}, Logon Account Name=USER_0004, EventIDCode=10, HostApplication=N/A, sysmon-targetprocessid=16260, EngineVersion=N/A, sysmon-grantedaccess=0x1FFFFF, sysmon-utctime=2026-07-24 05:35:36.164, Key Length=N/A, HostId=N/A, ProgramName=N/A, Process GUID=C20AB55E-3287-67BC-BD08-000000001C00, ScriptName=N/A, Object Type=N/A, sysmon-targetprocessguid={C20AB55E-F993-6A62-EC1F-160000001C00}, Description=N/A, Message=N/A, Logon Account Domain=DOMAIN_0001.LOCAL, Target Process GUID=C20AB55E-F993-6A62-EC1F-160000001C00, Logon Type=N/A, PipelineId=N/A, sysmon-sourcethreadid=20068, Account Security ID=S-1-5-21-0002, Share Name=N/A, Authentication Package=N/A, sysmon-processguid=N/A, Realm=DOMAIN_0001.LOCAL, Account ID=S-1-5-21-0002, Process Path=C:\Windows\system32\ServerManager.exe, Status Code=N/A, RunspaceId=N/A, User Domain=DOMAIN_0001.LOCAL, Target Username=USER_0004, Event ID=10, HostVersion=N/A, sysmon-user=USER_0002, Command=N/A, Process ID=6200, Machine Identifier=HOST_0028, Target Account Security ID=S-1-5-21-0002, Device Name=HOST_0028, sysmon-targetimage=C:\Windows\system32\Configure-SMRemoting.exe, Access Mask=N/A}",false,MAC_0001,MAC_0002,[REDACTED_DUPLICATE_PAYLOAD],3,40791,0,12,false,0:0:0:0:0:0:0:0,N/A,0,N/A,8052,<13>Jul 24 12:35:38 10.0.0.12 AgentDevice=WindowsLog	AgentLogFile=Microsoft-Windows-Sysmon/Operational	PluginVersion=7.3.1.28	Source=Microsoft-Windows-Sysmon	Computer=HCC-LLTP-DB	OriginatingComputer=HCC-LLTP-DB	User=USER_0002	Domain=DOMAIN_0006.LOCAL	EventID=10	EventIDCode=10	EventType=4	EventCategory=10	RecordNumber=2037370236	TimeGenerated=1784871336	TimeWritten=1784871336	Level=Informational	Keywords=0x8000000000000000	Task=SysmonTask-SYSMON_ACCESS_PROCESS	Opcode=Info	Message=Process accessed: RuleName: - UtcTime: 2026-07-24 05:35:36.164 SourceProcessGUID: {C20AB55E-3287-67BC-BD08-000000001C00} SourceProcessId: 6200 SourceThreadId: 20068 SourceImage: C:\Windows\system32\ServerManager.exe TargetProcessGUID: {C20AB55E-F993-6A62-EC1F-160000001C00} TargetProcessId: 16260 TargetImage: C:\Windows\system32\Configure-SMRemoting.exe GrantedAccess: 0x1FFFFF CallTrace: C:\Windows\SYSTEM32\ntdll.dll+90d6a|C:\Windows\system32\KERNELBASE.dll+e120|C:\Windows\system32\KERNELBASE.dll+10d76|C:\Windows\system32\KERNEL32.dll+7983|C:\Windows\assembly\NativeImages_v4.0.30319_64\System\e30408788e6ae58b13026d86d4904782\System.ni.dll+32e550|C:\Windows\assembly\NativeImages_v4.0.30319_64\System\e30408788e6ae58b13026d86d4904782\System.ni.dll+28b2fd|C:\Windows\assembly\NativeImages_v4.0.30319_64\System\e30408788e6ae58b13026d86d4904782\System.ni.dll+28ac9c|C:\Windows\assembly\NativeImages_v4DOMAIN_0013.LOCAL\USER_0051#\36151302c744518974a412b74e6beb49\Microsoft.Windows.ServerManager.Common.ni.dll+0(wow64)|C:\Windows\assembly\NativeImages_v4DOMAIN_0013.LOCAL\USER_0051#\36151302c744518974a412b74e6beb49\Microsoft.Windows.ServerManager.Common.ni.dll+0(wow64)|C:\Windows\assembly\NativeImages_v4DOMAIN_0013.LOCAL\USER_0051#\36151302c744518974a412b74e6beb49\Microsoft.Windows.ServerManager.Common.ni.dll+0(wow64)|C:\Windows\Microsoft.NET\Framework64\v4DOMAIN_0015.LOCAL\USER_0033+5c93|C:\Windows\Microsoft.NET\Framework64\v4DOMAIN_0015.LOCAL\USER_0033+5b36|C:\Windows\Microsoft.NET\Framework64\v4DOMAIN_0015.LOCAL\USER_0033+1132c1|C:\Windows\Microsoft.NET\Framework64\v4DOMAIN_0015.LOCAL\USER_0033+11360f|C:\Windows\assembly\NativeImages_v4.0.30319_64\mscorlib\ccb48f84a5cca36e9b0205b6a65ee54a\mscorlib.ni.dll+f1fc34|C:\Windows\assembly\NativeImages_v4.0.30319_64\mscorlib\ccb48f84a5cca36e9b0205b6a65ee54a\mscorlib.ni.dll+4f4770|C:\Windows\assembly\NativeImages_v4.0.30319_64\mscorlib\ccb48f84a5cca36e9b0205b6a65ee54a\mscorlib.ni.dll+4f4604|C:\Windows\assembly\NativeImages_v4.0.30319_64\mscorlib\ccb48f84a5cca36e9b0205b6a65ee54a\mscorlib.ni.dll+4ff150|C:\Windows\assembly\NativeImages_v4.0.30319_64\mscorlib\ccb48f84a5cca36e9b0205b6a65ee54a\mscorlib.ni.dll+4ff76e|C:\Windows\Microsoft.NET\Framework64\v4DOMAIN_0015.LOCAL\USER_0033+5c93|C:\Windows\Microsoft.NET\Framework64\v4DOMAIN_0015.LOCAL\USER_0033+5b36|C:\Windows\Microsoft.NET\Framework64\v4DOMAIN_0015.LOCAL\USER_0033+6249|C:\Windows\Microsoft.NET\Framework64\v4DOMAIN_0015.LOCAL\USER_0033+ad89|C:\Windows\Microsoft.NET\Framework64\v4DOMAIN_0015.LOCAL\USER_0033+6a01 ,Information,N/A,1,0,unknown,N/A,ProcessAccess,unknown,0,null,1784871336000,255,0,false,0,"true""""",Microsoft-Windows-Sysmon/Operational,HOST_0004,"The process accessed event reports when a process opens another process, an operation that’s often followed by information queries or reading and writing the address space of the target process.",0,1784871347719,No Offense,255,HOST_0029 @ 10.0.0.12,false,3,false,N/A,10.0.0.12,false,1784871347719,5,NETWORK_0002,35,10,0,2,-1,HOST_0004,[REDACTED_DUPLICATE_PAYLOAD],USER_0002,5001829,false,null,N/A,"12:35:47, 24 thg 7, 2026","12:35:36, 24 thg 7, 2026",MAC_0002,HOST_0006,439,0,false,10.0.0.12,0,N/A,10.0.0.3,1,"12:35:47, 24 thg 7, 2026",0:0:0:0:0:0:0:0,N/A,null,"100221,100265,109237,109187,100668,156193,100272,134937,166353"
N/A,false,0,0,USER_0004,10.0.0.12,"{sysmon-eventid=12, Description=N/A, Message=N/A, Pipe Name=N/A, Registry Key=\System\CurrentControlSet\Services\Tcpip\Parameters, sysmon-processid=6200, channel=Microsoft-Windows-Sysmon/Operational, Logon Account Domain=DOMAIN_0001.LOCAL, Object Name=HKLM\System\CurrentControlSet\Services\Tcpip\Parameters, Registry Value Data=N/A, Account Name=USER_0004, Logon Type=N/A, sysmon-targetobject=HKLM\System\CurrentControlSet\Services\Tcpip\Parameters, Target User Domain=DOMAIN_0001.LOCAL, Accesses=CreateKey, Rule Name=-, Account Security ID=S-1-5-21-0002, Share Name=N/A, Authentication Package=N/A, sysmon-processguid={C20AB55E-3287-67BC-BD08-000000001C00}, Logon Account Name=USER_0004, Realm=DOMAIN_0001.LOCAL, EventIDCode=12, Account ID=S-1-5-21-0002, Process Path=C:\Windows\system32\ServerManager.exe, sysmon-utctime=2026-07-24 05:35:15.856, Status Code=N/A, Registry Value Name=Parameters, User Domain=DOMAIN_0001.LOCAL, Key Length=N/A, Target Username=USER_0004, Event ID=12, ProgramName=N/A, Registry Hive=HKLM, sysmon-eventtype=CreateKey, sysmon-user=USER_0002, Process GUID=C20AB55E-3287-67BC-BD08-000000001C00, Process ID=6200, sysmon-image=C:\Windows\system32\ServerManager.exe, Machine Identifier=HOST_0028, Object Type=N/A, Target Account Security ID=S-1-5-21-0002, Device Name=HOST_0028}",false,MAC_0001,MAC_0002,[REDACTED_DUPLICATE_PAYLOAD],3,40791,0,12,false,0:0:0:0:0:0:0:0,N/A,0,N/A,8012,<13>Jul 24 12:35:17 10.0.0.12 AgentDevice=WindowsLog	AgentLogFile=Microsoft-Windows-Sysmon/Operational	PluginVersion=7.3.1.28	Source=Microsoft-Windows-Sysmon	Computer=HCC-LLTP-DB	OriginatingComputer=HCC-LLTP-DB	User=USER_0002	Domain=DOMAIN_0006.LOCAL	EventID=12	EventIDCode=12	EventType=4	EventCategory=12	RecordNumber=2037369323	TimeGenerated=1784871315	TimeWritten=1784871315	Level=Informational	Keywords=0x8000000000000000	Task=SysmonTask-SYSMON_REG_KEY	Opcode=Info	Message=Registry object added or deleted: RuleName: - EventType: CreateKey UtcTime: 2026-07-24 05:35:15.856 ProcessGuid: {C20AB55E-3287-67BC-BD08-000000001C00} ProcessId: 6200 Image: C:\Windows\system32\ServerManager.exe TargetObject: HKLM\System\CurrentControlSet\Services\Tcpip\Parameters ,Successful Registry Modification,N/A,1,0,unknown,N/A,RegistryEvent (Object create and delete),unknown,0,null,1784871315000,255,0,false,0,"true""""",Microsoft-Windows-Sysmon/Operational,HOST_0004,"Registry key and value create and delete operations map to this event type, which can be useful for monitoring for changes to Registry autostart locations, or specific malware registry modifications.",0,1784871326715,No Offense,255,HOST_0029 @ 10.0.0.12,false,3,false,N/A,10.0.0.12,false,1784871326715,5,NETWORK_0002,35,12,0,1,-1,HOST_0004,[REDACTED_DUPLICATE_PAYLOAD],USER_0002,5001831,false,null,N/A,"12:35:26, 24 thg 7, 2026","12:35:15, 24 thg 7, 2026",MAC_0002,HOST_0006,439,0,false,10.0.0.12,0,N/A,10.0.0.3,1,"12:35:26, 24 thg 7, 2026",0:0:0:0:0:0:0:0,N/A,null,"100221,100265,109237,109187,100668,156193,100276,100272,123237,123937,134937,166353"
N/A,false,0,0,USER_0004,10.0.0.12,"{sysmon-eventid=12, Description=N/A, Message=N/A, Pipe Name=N/A, Registry Key=\System\CurrentControlSet\Services\Tcpip\Parameters, sysmon-processid=6200, channel=Microsoft-Windows-Sysmon/Operational, Logon Account Domain=DOMAIN_0001.LOCAL, Object Name=HKLM\System\CurrentControlSet\Services\Tcpip\Parameters, Registry Value Data=N/A, Account Name=USER_0004, Logon Type=N/A, sysmon-targetobject=HKLM\System\CurrentControlSet\Services\Tcpip\Parameters, Target User Domain=DOMAIN_0001.LOCAL, Accesses=CreateKey, Rule Name=-, Account Security ID=S-1-5-21-0002, Share Name=N/A, Authentication Package=N/A, sysmon-processguid={C20AB55E-3287-67BC-BD08-000000001C00}, Logon Account Name=USER_0004, Realm=DOMAIN_0001.LOCAL, EventIDCode=12, Account ID=S-1-5-21-0002, Process Path=C:\Windows\system32\ServerManager.exe, sysmon-utctime=2026-07-24 05:35:15.840, Status Code=N/A, Registry Value Name=Parameters, User Domain=DOMAIN_0001.LOCAL, Key Length=N/A, Target Username=USER_0004, Event ID=12, ProgramName=N/A, Registry Hive=HKLM, sysmon-eventtype=CreateKey, sysmon-user=USER_0002, Process GUID=C20AB55E-3287-67BC-BD08-000000001C00, Process ID=6200, sysmon-image=C:\Windows\system32\ServerManager.exe, Machine Identifier=HOST_0028, Object Type=N/A, Target Account Security ID=S-1-5-21-0002, Device Name=HOST_0028}",false,MAC_0001,MAC_0002,[REDACTED_DUPLICATE_PAYLOAD],3,40791,0,12,false,0:0:0:0:0:0:0:0,N/A,0,N/A,8012,<13>Jul 24 12:35:17 10.0.0.12 AgentDevice=WindowsLog	AgentLogFile=Microsoft-Windows-Sysmon/Operational	PluginVersion=7.3.1.28	Source=Microsoft-Windows-Sysmon	Computer=HCC-LLTP-DB	OriginatingComputer=HCC-LLTP-DB	User=USER_0002	Domain=DOMAIN_0006.LOCAL	EventID=12	EventIDCode=12	EventType=4	EventCategory=12	RecordNumber=2037369321	TimeGenerated=1784871315	TimeWritten=1784871315	Level=Informational	Keywords=0x8000000000000000	Task=SysmonTask-SYSMON_REG_KEY	Opcode=Info	Message=Registry object added or deleted: RuleName: - EventType: CreateKey UtcTime: 2026-07-24 05:35:15.840 ProcessGuid: {C20AB55E-3287-67BC-BD08-000000001C00} ProcessId: 6200 Image: C:\Windows\system32\ServerManager.exe TargetObject: HKLM\System\CurrentControlSet\Services\Tcpip\Parameters ,Successful Registry Modification,N/A,1,0,unknown,N/A,RegistryEvent (Object create and delete),unknown,0,null,1784871315000,255,0,false,0,"true""""",Microsoft-Windows-Sysmon/Operational,HOST_0004,"Registry key and value create and delete operations map to this event type, which can be useful for monitoring for changes to Registry autostart locations, or specific malware registry modifications.",0,1784871326715,No Offense,255,HOST_0029 @ 10.0.0.12,false,3,false,N/A,10.0.0.12,false,1784871326715,5,NETWORK_0002,35,12,0,1,-1,HOST_0004,[REDACTED_DUPLICATE_PAYLOAD],USER_0002,5001831,false,null,N/A,"12:35:26, 24 thg 7, 2026","12:35:15, 24 thg 7, 2026",MAC_0002,HOST_0006,439,0,false,10.0.0.12,0,N/A,10.0.0.3,1,"12:35:26, 24 thg 7, 2026",0:0:0:0:0:0:0:0,N/A,null,"100221,100265,109237,109187,100668,156193,100276,100272,123237,123937,134937,166353"
N/A,false,0,0,USER_0004,10.0.0.12,"{sysmon-eventid=12, Description=N/A, Message=N/A, Pipe Name=N/A, Registry Key=\System\CurrentControlSet\Services\Tcpip\Parameters, sysmon-processid=6200, channel=Microsoft-Windows-Sysmon/Operational, Logon Account Domain=DOMAIN_0001.LOCAL, Object Name=HKLM\System\CurrentControlSet\Services\Tcpip\Parameters, Registry Value Data=N/A, Account Name=USER_0004, Logon Type=N/A, sysmon-targetobject=HKLM\System\CurrentControlSet\Services\Tcpip\Parameters, Target User Domain=DOMAIN_0001.LOCAL, Accesses=CreateKey, Rule Name=-, Account Security ID=S-1-5-21-0002, Share Name=N/A, Authentication Package=N/A, sysmon-processguid={C20AB55E-3287-67BC-BD08-000000001C00}, Logon Account Name=USER_0004, Realm=DOMAIN_0001.LOCAL, EventIDCode=12, Account ID=S-1-5-21-0002, Process Path=C:\Windows\system32\ServerManager.exe, sysmon-utctime=2026-07-24 05:35:15.856, Status Code=N/A, Registry Value Name=Parameters, User Domain=DOMAIN_0001.LOCAL, Key Length=N/A, Target Username=USER_0004, Event ID=12, ProgramName=N/A, Registry Hive=HKLM, sysmon-eventtype=CreateKey, sysmon-user=USER_0002, Process GUID=C20AB55E-3287-67BC-BD08-000000001C00, Process ID=6200, sysmon-image=C:\Windows\system32\ServerManager.exe, Machine Identifier=HOST_0028, Object Type=N/A, Target Account Security ID=S-1-5-21-0002, Device Name=HOST_0028}",false,MAC_0001,MAC_0002,[REDACTED_DUPLICATE_PAYLOAD],3,40791,0,12,false,0:0:0:0:0:0:0:0,N/A,0,N/A,8012,<13>Jul 24 12:35:17 10.0.0.12 AgentDevice=WindowsLog	AgentLogFile=Microsoft-Windows-Sysmon/Operational	PluginVersion=7.3.1.28	Source=Microsoft-Windows-Sysmon	Computer=HCC-LLTP-DB	OriginatingComputer=HCC-LLTP-DB	User=USER_0002	Domain=DOMAIN_0006.LOCAL	EventID=12	EventIDCode=12	EventType=4	EventCategory=12	RecordNumber=2037369322	TimeGenerated=1784871315	TimeWritten=1784871315	Level=Informational	Keywords=0x8000000000000000	Task=SysmonTask-SYSMON_REG_KEY	Opcode=Info	Message=Registry object added or deleted: RuleName: - EventType: CreateKey UtcTime: 2026-07-24 05:35:15.856 ProcessGuid: {C20AB55E-3287-67BC-BD08-000000001C00} ProcessId: 6200 Image: C:\Windows\system32\ServerManager.exe TargetObject: HKLM\System\CurrentControlSet\Services\Tcpip\Parameters ,Successful Registry Modification,N/A,1,0,unknown,N/A,RegistryEvent (Object create and delete),unknown,0,null,1784871315000,255,0,false,0,"true""""",Microsoft-Windows-Sysmon/Operational,HOST_0004,"Registry key and value create and delete operations map to this event type, which can be useful for monitoring for changes to Registry autostart locations, or specific malware registry modifications.",0,1784871326715,No Offense,255,HOST_0029 @ 10.0.0.12,false,3,false,N/A,10.0.0.12,false,1784871326715,5,NETWORK_0002,35,12,0,1,-1,HOST_0004,[REDACTED_DUPLICATE_PAYLOAD],USER_0002,5001831,false,null,N/A,"12:35:26, 24 thg 7, 2026","12:35:15, 24 thg 7, 2026",MAC_0002,HOST_0006,439,0,false,10.0.0.12,0,N/A,10.0.0.3,1,"12:35:26, 24 thg 7, 2026",0:0:0:0:0:0:0:0,N/A,null,"100221,100265,109237,109187,100668,156193,100276,100272,123237,123937,134937,166353"
N/A,false,0,0,USER_0004,10.0.0.12,"{sysmon-eventid=10, sysmon-sourceprocessid=6200, Pipe Name=N/A, sysmon-processid=6200, sysmon-sourceimage=C:\Windows\system32\ServerManager.exe, channel=Microsoft-Windows-Sysmon/Operational, Object Name=N/A, Target Details=N/A, Account Name=USER_0004, Target User Domain=DOMAIN_0001.LOCAL, sysmon-sourceprocessguid={C20AB55E-3287-67BC-BD08-000000001C00}, Logon Account Name=USER_0004, EventIDCode=10, HostApplication=N/A, sysmon-targetprocessid=15524, EngineVersion=N/A, sysmon-grantedaccess=0x1FFFFF, sysmon-utctime=2026-07-24 05:33:36.095, Key Length=N/A, HostId=N/A, ProgramName=N/A, Process GUID=C20AB55E-3287-67BC-BD08-000000001C00, ScriptName=N/A, Object Type=N/A, sysmon-targetprocessguid={C20AB55E-F91B-6A62-E61F-160000001C00}, Description=N/A, Message=N/A, Logon Account Domain=DOMAIN_0001.LOCAL, Target Process GUID=C20AB55E-F91B-6A62-E61F-160000001C00, Logon Type=N/A, PipelineId=N/A, sysmon-sourcethreadid=8104, Account Security ID=S-1-5-21-0002, Share Name=N/A, Authentication Package=N/A, sysmon-processguid=N/A, Realm=DOMAIN_0001.LOCAL, Account ID=S-1-5-21-0002, Process Path=C:\Windows\system32\ServerManager.exe, Status Code=N/A, RunspaceId=N/A, User Domain=DOMAIN_0001.LOCAL, Target Username=USER_0004, Event ID=10, HostVersion=N/A, sysmon-user=USER_0002, Command=N/A, Process ID=6200, Machine Identifier=HOST_0028, Target Account Security ID=S-1-5-21-0002, Device Name=HOST_0028, sysmon-targetimage=C:\Windows\system32\Configure-SMRemoting.exe, Access Mask=N/A}",false,MAC_0001,MAC_0002,[REDACTED_DUPLICATE_PAYLOAD],3,40791,0,12,false,0:0:0:0:0:0:0:0,N/A,0,N/A,8052,<13>Jul 24 12:33:38 10.0.0.12 AgentDevice=WindowsLog	AgentLogFile=Microsoft-Windows-Sysmon/Operational	PluginVersion=7.3.1.28	Source=Microsoft-Windows-Sysmon	Computer=HCC-LLTP-DB	OriginatingComputer=HCC-LLTP-DB	User=USER_0002	Domain=DOMAIN_0006.LOCAL	EventID=10	EventIDCode=10	EventType=4	EventCategory=10	RecordNumber=2037365534	TimeGenerated=1784871216	TimeWritten=1784871216	Level=Informational	Keywords=0x8000000000000000	Task=SysmonTask-SYSMON_ACCESS_PROCESS	Opcode=Info	Message=Process accessed: RuleName: - UtcTime: 2026-07-24 05:33:36.095 SourceProcessGUID: {C20AB55E-3287-67BC-BD08-000000001C00} SourceProcessId: 6200 SourceThreadId: 8104 SourceImage: C:\Windows\system32\ServerManager.exe TargetProcessGUID: {C20AB55E-F91B-6A62-E61F-160000001C00} TargetProcessId: 15524 TargetImage: C:\Windows\system32\Configure-SMRemoting.exe GrantedAccess: 0x1FFFFF CallTrace: C:\Windows\SYSTEM32\ntdll.dll+90d6a|C:\Windows\system32\KERNELBASE.dll+e120|C:\Windows\system32\KERNELBASE.dll+10d76|C:\Windows\system32\KERNEL32.dll+7983|C:\Windows\assembly\NativeImages_v4.0.30319_64\System\e30408788e6ae58b13026d86d4904782\System.ni.dll+32e550|C:\Windows\assembly\NativeImages_v4.0.30319_64\System\e30408788e6ae58b13026d86d4904782\System.ni.dll+28b2fd|C:\Windows\assembly\NativeImages_v4.0.30319_64\System\e30408788e6ae58b13026d86d4904782\System.ni.dll+28ac9c|C:\Windows\assembly\NativeImages_v4DOMAIN_0013.LOCAL\USER_0051#\36151302c744518974a412b74e6beb49\Microsoft.Windows.ServerManager.Common.ni.dll+0(wow64)|C:\Windows\assembly\NativeImages_v4DOMAIN_0013.LOCAL\USER_0051#\36151302c744518974a412b74e6beb49\Microsoft.Windows.ServerManager.Common.ni.dll+0(wow64)|C:\Windows\assembly\NativeImages_v4DOMAIN_0013.LOCAL\USER_0051#\36151302c744518974a412b74e6beb49\Microsoft.Windows.ServerManager.Common.ni.dll+0(wow64)|C:\Windows\Microsoft.NET\Framework64\v4DOMAIN_0015.LOCAL\USER_0033+5c93|C:\Windows\Microsoft.NET\Framework64\v4DOMAIN_0015.LOCAL\USER_0033+5b36|C:\Windows\Microsoft.NET\Framework64\v4DOMAIN_0015.LOCAL\USER_0033+1132c1|C:\Windows\Microsoft.NET\Framework64\v4DOMAIN_0015.LOCAL\USER_0033+11360f|C:\Windows\assembly\NativeImages_v4.0.30319_64\mscorlib\ccb48f84a5cca36e9b0205b6a65ee54a\mscorlib.ni.dll+f1fc34|C:\Windows\assembly\NativeImages_v4.0.30319_64\mscorlib\ccb48f84a5cca36e9b0205b6a65ee54a\mscorlib.ni.dll+4f4770|C:\Windows\assembly\NativeImages_v4.0.30319_64\mscorlib\ccb48f84a5cca36e9b0205b6a65ee54a\mscorlib.ni.dll+4f4604|C:\Windows\assembly\NativeImages_v4.0.30319_64\mscorlib\ccb48f84a5cca36e9b0205b6a65ee54a\mscorlib.ni.dll+4ff150|C:\Windows\assembly\NativeImages_v4.0.30319_64\mscorlib\ccb48f84a5cca36e9b0205b6a65ee54a\mscorlib.ni.dll+4ff76e|C:\Windows\Microsoft.NET\Framework64\v4DOMAIN_0015.LOCAL\USER_0033+5c93|C:\Windows\Microsoft.NET\Framework64\v4DOMAIN_0015.LOCAL\USER_0033+5b36|C:\Windows\Microsoft.NET\Framework64\v4DOMAIN_0015.LOCAL\USER_0033+6249|C:\Windows\Microsoft.NET\Framework64\v4DOMAIN_0015.LOCAL\USER_0033+ad89|C:\Windows\Microsoft.NET\Framework64\v4DOMAIN_0015.LOCAL\USER_0033+6a01 ,Information,N/A,1,0,unknown,N/A,ProcessAccess,unknown,0,null,1784871216000,255,0,false,0,"true""""",Microsoft-Windows-Sysmon/Operational,HOST_0004,"The process accessed event reports when a process opens another process, an operation that’s often followed by information queries or reading and writing the address space of the target process.",0,1784871221659,No Offense,255,HOST_0029 @ 10.0.0.12,false,3,false,N/A,10.0.0.12,false,1784871221659,5,NETWORK_0002,35,10,0,2,-1,HOST_0004,[REDACTED_DUPLICATE_PAYLOAD],USER_0002,5001829,false,null,N/A,"12:33:41, 24 thg 7, 2026","12:33:36, 24 thg 7, 2026",MAC_0002,HOST_0006,439,0,false,10.0.0.12,0,N/A,10.0.0.3,1,"12:33:41, 24 thg 7, 2026",0:0:0:0:0:0:0:0,N/A,null,"100221,100265,109237,109187,100668,156193,100272,134937,166353"
N/A,false,0,0,USER_0004,10.0.0.12,"{sysmon-eventid=13, Description=N/A, Message=N/A, Pipe Name=N/A, Registry Key=\MuiCache\15b\52C64B7E, sysmon-processid=6200, channel=Microsoft-Windows-Sysmon/Operational, Target Object=HKU\S-1-5-21-728566140-106364507-3694018187-500_CLASSES\Local Settings\MuiCache\15b\52C64B7E\LanguageList, Logon Account Domain=DOMAIN_0001.LOCAL, Object Name=DOMAIN_0020.LOCAL\USER_0049DOMAIN_0021.LOCAL\USER_0050 Settings\MuiCache\15b\52C64B7E\LanguageList, Target Details=Binary Data, Process Name=ServerManager.exe, Registry Value Data=Binary Data, Account Name=USER_0004, Logon Type=N/A, sysmon-targetobject=HKU\S-1-5-21-728566140-106364507-3694018187-500_CLASSES\Local Settings\MuiCache\15b\52C64B7E\LanguageList, Target User Domain=DOMAIN_0001.LOCAL, Rule Name=-, Account Security ID=S-1-5-21-0002, Share Name=N/A, Authentication Package=N/A, sysmon-processguid={C20AB55E-3287-67BC-BD08-000000001C00}, Logon Account Name=USER_0004, Realm=DOMAIN_0001.LOCAL, EventIDCode=13, Account ID=S-1-5-21-0002, Process Path=C:\Windows\system32\ServerManager.exe, sysmon-utctime=2026-07-24 05:33:15.927, Status Code=N/A, Registry Value Name=LanguageList, User Domain=DOMAIN_0001.LOCAL, Key Length=N/A, Target Username=USER_0004, Event ID=13, ProgramName=N/A, Registry Hive=HKU, sysmon-eventtype=SetValue, sysmon-user=USER_0002, Process GUID=C20AB55E-3287-67BC-BD08-000000001C00, Process ID=6200, Machine Identifier=HOST_0028, Object Type=N/A, Target Account Security ID=S-1-5-21-0002, Device Name=HOST_0028, sysmon-details=Binary Data}",false,MAC_0001,MAC_0002,[REDACTED_DUPLICATE_PAYLOAD],3,40791,0,12,false,0:0:0:0:0:0:0:0,N/A,0,N/A,8012,<13>Jul 24 12:33:17 10.0.0.12 AgentDevice=WindowsLog	AgentLogFile=Microsoft-Windows-Sysmon/Operational	PluginVersion=7.3.1.28	Source=Microsoft-Windows-Sysmon	Computer=HCC-LLTP-DB	OriginatingComputer=HCC-LLTP-DB	User=USER_0002	Domain=DOMAIN_0006.LOCAL	EventID=13	EventIDCode=13	EventType=4	EventCategory=13	RecordNumber=2037364718	TimeGenerated=1784871195	TimeWritten=1784871195	Level=Informational	Keywords=0x8000000000000000	Task=SysmonTask-SYSMON_REG_SETVALUE	Opcode=Info	Message=Registry value set: RuleName: - EventType: SetValue UtcTime: 2026-07-24 05:33:15.927 ProcessGuid: {C20AB55E-3287-67BC-BD08-000000001C00} ProcessId: 6200 Image: C:\Windows\system32\ServerManager.exe TargetObject: DOMAIN_0020.LOCAL\USER_0049DOMAIN_0021.LOCAL\USER_0050 Settings\MuiCache\15b\52C64B7E\LanguageList Details: Binary Data ,Successful Registry Modification,N/A,1,0,unknown,N/A,RegistryEvent (Value Set),unknown,0,null,1784871195000,255,0,false,0,"true""""",Microsoft-Windows-Sysmon/Operational,HOST_0004,This Registry event type identifies Registry value modifications.,0,1784871200626,No Offense,255,HOST_0029 @ 10.0.0.12,false,3,false,N/A,10.0.0.12,false,1784871200626,5,NETWORK_0002,35,13,0,1,-1,HOST_0004,[REDACTED_DUPLICATE_PAYLOAD],USER_0002,5001832,false,null,N/A,"12:33:20, 24 thg 7, 2026","12:33:15, 24 thg 7, 2026",MAC_0002,HOST_0006,439,0,false,10.0.0.12,0,N/A,10.0.0.3,318,"12:33:20, 24 thg 7, 2026",0:0:0:0:0:0:0:0,N/A,null,"100221,100265,109237,109187,100617,100668,156193,100276,100272,123237,123937,134937,166353"
N/A,false,0,0,USER_0004,10.0.0.12,"{sysmon-eventid=10, sysmon-sourceprocessid=6200, Pipe Name=N/A, sysmon-processid=6200, sysmon-sourceimage=C:\Windows\system32\ServerManager.exe, channel=Microsoft-Windows-Sysmon/Operational, Object Name=N/A, Target Details=N/A, Account Name=USER_0004, Target User Domain=DOMAIN_0001.LOCAL, sysmon-sourceprocessguid={C20AB55E-3287-67BC-BD08-000000001C00}, Logon Account Name=USER_0004, EventIDCode=10, HostApplication=N/A, sysmon-targetprocessid=25300, EngineVersion=N/A, sysmon-grantedaccess=0x1FFFFF, sysmon-utctime=2026-07-24 05:31:36.213, Key Length=N/A, HostId=N/A, ProgramName=N/A, Process GUID=C20AB55E-3287-67BC-BD08-000000001C00, ScriptName=N/A, Object Type=N/A, sysmon-targetprocessguid={C20AB55E-F8A3-6A62-E31F-160000001C00}, Description=N/A, Message=N/A, Logon Account Domain=DOMAIN_0001.LOCAL, Target Process GUID=C20AB55E-F8A3-6A62-E31F-160000001C00, Logon Type=N/A, PipelineId=N/A, sysmon-sourcethreadid=15008, Account Security ID=S-1-5-21-0002, Share Name=N/A, Authentication Package=N/A, sysmon-processguid=N/A, Realm=DOMAIN_0001.LOCAL, Account ID=S-1-5-21-0002, Process Path=C:\Windows\system32\ServerManager.exe, Status Code=N/A, RunspaceId=N/A, User Domain=DOMAIN_0001.LOCAL, Target Username=USER_0004, Event ID=10, HostVersion=N/A, sysmon-user=USER_0002, Command=N/A, Process ID=6200, Machine Identifier=HOST_0028, Target Account Security ID=S-1-5-21-0002, Device Name=HOST_0028, sysmon-targetimage=C:\Windows\system32\Configure-SMRemoting.exe, Access Mask=N/A}",false,MAC_0001,MAC_0002,[REDACTED_DUPLICATE_PAYLOAD],3,40791,0,12,false,0:0:0:0:0:0:0:0,N/A,0,N/A,8052,<13>Jul 24 12:31:38 10.0.0.12 AgentDevice=WindowsLog	AgentLogFile=Microsoft-Windows-Sysmon/Operational	PluginVersion=7.3.1.28	Source=Microsoft-Windows-Sysmon	Computer=HCC-LLTP-DB	OriginatingComputer=HCC-LLTP-DB	User=USER_0002	Domain=DOMAIN_0006.LOCAL	EventID=10	EventIDCode=10	EventType=4	EventCategory=10	RecordNumber=2037361030	TimeGenerated=1784871096	TimeWritten=1784871096	Level=Informational	Keywords=0x8000000000000000	Task=SysmonTask-SYSMON_ACCESS_PROCESS	Opcode=Info	Message=Process accessed: RuleName: - UtcTime: 2026-07-24 05:31:36.213 SourceProcessGUID: {C20AB55E-3287-67BC-BD08-000000001C00} SourceProcessId: 6200 SourceThreadId: 15008 SourceImage: C:\Windows\system32\ServerManager.exe TargetProcessGUID: {C20AB55E-F8A3-6A62-E31F-160000001C00} TargetProcessId: 25300 TargetImage: C:\Windows\system32\Configure-SMRemoting.exe GrantedAccess: 0x1FFFFF CallTrace: C:\Windows\SYSTEM32\ntdll.dll+90d6a|C:\Windows\system32\KERNELBASE.dll+e120|C:\Windows\system32\KERNELBASE.dll+10d76|C:\Windows\system32\KERNEL32.dll+7983|C:\Windows\assembly\NativeImages_v4.0.30319_64\System\e30408788e6ae58b13026d86d4904782\System.ni.dll+32e550|C:\Windows\assembly\NativeImages_v4.0.30319_64\System\e30408788e6ae58b13026d86d4904782\System.ni.dll+28b2fd|C:\Windows\assembly\NativeImages_v4.0.30319_64\System\e30408788e6ae58b13026d86d4904782\System.ni.dll+28ac9c|C:\Windows\assembly\NativeImages_v4DOMAIN_0013.LOCAL\USER_0051#\36151302c744518974a412b74e6beb49\Microsoft.Windows.ServerManager.Common.ni.dll+0(wow64)|C:\Windows\assembly\NativeImages_v4DOMAIN_0013.LOCAL\USER_0051#\36151302c744518974a412b74e6beb49\Microsoft.Windows.ServerManager.Common.ni.dll+0(wow64)|C:\Windows\assembly\NativeImages_v4DOMAIN_0013.LOCAL\USER_0051#\36151302c744518974a412b74e6beb49\Microsoft.Windows.ServerManager.Common.ni.dll+0(wow64)|C:\Windows\Microsoft.NET\Framework64\v4DOMAIN_0015.LOCAL\USER_0033+5c93|C:\Windows\Microsoft.NET\Framework64\v4DOMAIN_0015.LOCAL\USER_0033+5b36|C:\Windows\Microsoft.NET\Framework64\v4DOMAIN_0015.LOCAL\USER_0033+1132c1|C:\Windows\Microsoft.NET\Framework64\v4DOMAIN_0015.LOCAL\USER_0033+11360f|C:\Windows\assembly\NativeImages_v4.0.30319_64\mscorlib\ccb48f84a5cca36e9b0205b6a65ee54a\mscorlib.ni.dll+f1fc34|C:\Windows\assembly\NativeImages_v4.0.30319_64\mscorlib\ccb48f84a5cca36e9b0205b6a65ee54a\mscorlib.ni.dll+4f4770|C:\Windows\assembly\NativeImages_v4.0.30319_64\mscorlib\ccb48f84a5cca36e9b0205b6a65ee54a\mscorlib.ni.dll+4f4604|C:\Windows\assembly\NativeImages_v4.0.30319_64\mscorlib\ccb48f84a5cca36e9b0205b6a65ee54a\mscorlib.ni.dll+4ff150|C:\Windows\assembly\NativeImages_v4.0.30319_64\mscorlib\ccb48f84a5cca36e9b0205b6a65ee54a\mscorlib.ni.dll+4ff76e|C:\Windows\Microsoft.NET\Framework64\v4DOMAIN_0015.LOCAL\USER_0033+5c93|C:\Windows\Microsoft.NET\Framework64\v4DOMAIN_0015.LOCAL\USER_0033+5b36|C:\Windows\Microsoft.NET\Framework64\v4DOMAIN_0015.LOCAL\USER_0033+6249|C:\Windows\Microsoft.NET\Framework64\v4DOMAIN_0015.LOCAL\USER_0033+ad89|C:\Windows\Microsoft.NET\Framework64\v4DOMAIN_0015.LOCAL\USER_0033+6a01 ,Information,N/A,1,0,unknown,N/A,ProcessAccess,unknown,0,null,1784871096000,255,0,false,0,"true""""",Microsoft-Windows-Sysmon/Operational,HOST_0004,"The process accessed event reports when a process opens another process, an operation that’s often followed by information queries or reading and writing the address space of the target process.",0,1784871106243,No Offense,255,HOST_0029 @ 10.0.0.12,false,3,false,N/A,10.0.0.12,false,1784871106243,5,NETWORK_0002,35,10,0,2,-1,HOST_0004,[REDACTED_DUPLICATE_PAYLOAD],USER_0002,5001829,false,null,N/A,"12:31:46, 24 thg 7, 2026","12:31:36, 24 thg 7, 2026",MAC_0002,HOST_0006,439,0,false,10.0.0.12,0,N/A,10.0.0.3,1,"12:31:46, 24 thg 7, 2026",0:0:0:0:0:0:0:0,N/A,null,"100221,100265,109237,109187,100668,156193,100272,134937,166353"
N/A,false,0,0,USER_0004,10.0.0.12,"{sysmon-eventid=12, Description=N/A, Message=N/A, Pipe Name=N/A, Registry Key=\System\CurrentControlSet\Services\Tcpip\Parameters, sysmon-processid=6200, channel=Microsoft-Windows-Sysmon/Operational, Logon Account Domain=DOMAIN_0001.LOCAL, Object Name=HKLM\System\CurrentControlSet\Services\Tcpip\Parameters, Registry Value Data=N/A, Account Name=USER_0004, Logon Type=N/A, sysmon-targetobject=HKLM\System\CurrentControlSet\Services\Tcpip\Parameters, Target User Domain=DOMAIN_0001.LOCAL, Accesses=CreateKey, Rule Name=-, Account Security ID=S-1-5-21-0002, Share Name=N/A, Authentication Package=N/A, sysmon-processguid={C20AB55E-3287-67BC-BD08-000000001C00}, Logon Account Name=USER_0004, Realm=DOMAIN_0001.LOCAL, EventIDCode=12, Account ID=S-1-5-21-0002, Process Path=C:\Windows\system32\ServerManager.exe, sysmon-utctime=2026-07-24 05:31:15.832, Status Code=N/A, Registry Value Name=Parameters, User Domain=DOMAIN_0001.LOCAL, Key Length=N/A, Target Username=USER_0004, Event ID=12, ProgramName=N/A, Registry Hive=HKLM, sysmon-eventtype=CreateKey, sysmon-user=USER_0002, Process GUID=C20AB55E-3287-67BC-BD08-000000001C00, Process ID=6200, sysmon-image=C:\Windows\system32\ServerManager.exe, Machine Identifier=HOST_0028, Object Type=N/A, Target Account Security ID=S-1-5-21-0002, Device Name=HOST_0028}",false,MAC_0001,MAC_0002,[REDACTED_DUPLICATE_PAYLOAD],3,40791,0,12,false,0:0:0:0:0:0:0:0,N/A,0,N/A,8012,<13>Jul 24 12:31:17 10.0.0.12 AgentDevice=WindowsLog	AgentLogFile=Microsoft-Windows-Sysmon/Operational	PluginVersion=7.3.1.28	Source=Microsoft-Windows-Sysmon	Computer=HCC-LLTP-DB	OriginatingComputer=HCC-LLTP-DB	User=USER_0002	Domain=DOMAIN_0006.LOCAL	EventID=12	EventIDCode=12	EventType=4	EventCategory=12	RecordNumber=2037360054	TimeGenerated=1784871075	TimeWritten=1784871075	Level=Informational	Keywords=0x8000000000000000	Task=SysmonTask-SYSMON_REG_KEY	Opcode=Info	Message=Registry object added or deleted: RuleName: - EventType: CreateKey UtcTime: 2026-07-24 05:31:15.832 ProcessGuid: {C20AB55E-3287-67BC-BD08-000000001C00} ProcessId: 6200 Image: C:\Windows\system32\ServerManager.exe TargetObject: HKLM\System\CurrentControlSet\Services\Tcpip\Parameters ,Successful Registry Modification,N/A,1,0,unknown,N/A,RegistryEvent (Object create and delete),unknown,0,null,1784871075000,255,0,false,0,"true""""",Microsoft-Windows-Sysmon/Operational,HOST_0004,"Registry key and value create and delete operations map to this event type, which can be useful for monitoring for changes to Registry autostart locations, or specific malware registry modifications.",0,1784871085117,No Offense,255,HOST_0029 @ 10.0.0.12,false,3,false,N/A,10.0.0.12,false,1784871085117,5,NETWORK_0002,35,12,0,1,-1,HOST_0004,[REDACTED_DUPLICATE_PAYLOAD],USER_0002,5001831,false,null,N/A,"12:31:25, 24 thg 7, 2026","12:31:15, 24 thg 7, 2026",MAC_0002,HOST_0006,439,0,false,10.0.0.12,0,N/A,10.0.0.3,1,"12:31:25, 24 thg 7, 2026",0:0:0:0:0:0:0:0,N/A,null,"100221,100265,109237,109187,100668,156193,100276,100272,123237,123937,134937,166353"
N/A,false,0,0,USER_0004,10.0.0.12,"{sysmon-eventid=12, Description=N/A, Message=N/A, Pipe Name=N/A, Registry Key=\System\CurrentControlSet\Services\Tcpip\Parameters, sysmon-processid=6200, channel=Microsoft-Windows-Sysmon/Operational, Logon Account Domain=DOMAIN_0001.LOCAL, Object Name=HKLM\System\CurrentControlSet\Services\Tcpip\Parameters, Registry Value Data=N/A, Account Name=USER_0004, Logon Type=N/A, sysmon-targetobject=HKLM\System\CurrentControlSet\Services\Tcpip\Parameters, Target User Domain=DOMAIN_0001.LOCAL, Accesses=CreateKey, Rule Name=-, Account Security ID=S-1-5-21-0002, Share Name=N/A, Authentication Package=N/A, sysmon-processguid={C20AB55E-3287-67BC-BD08-000000001C00}, Logon Account Name=USER_0004, Realm=DOMAIN_0001.LOCAL, EventIDCode=12, Account ID=S-1-5-21-0002, Process Path=C:\Windows\system32\ServerManager.exe, sysmon-utctime=2026-07-24 05:31:15.847, Status Code=N/A, Registry Value Name=Parameters, User Domain=DOMAIN_0001.LOCAL, Key Length=N/A, Target Username=USER_0004, Event ID=12, ProgramName=N/A, Registry Hive=HKLM, sysmon-eventtype=CreateKey, sysmon-user=USER_0002, Process GUID=C20AB55E-3287-67BC-BD08-000000001C00, Process ID=6200, sysmon-image=C:\Windows\system32\ServerManager.exe, Machine Identifier=HOST_0028, Object Type=N/A, Target Account Security ID=S-1-5-21-0002, Device Name=HOST_0028}",false,MAC_0001,MAC_0002,[REDACTED_DUPLICATE_PAYLOAD],3,40791,0,12,false,0:0:0:0:0:0:0:0,N/A,0,N/A,8012,<13>Jul 24 12:31:17 10.0.0.12 AgentDevice=WindowsLog	AgentLogFile=Microsoft-Windows-Sysmon/Operational	PluginVersion=7.3.1.28	Source=Microsoft-Windows-Sysmon	Computer=HCC-LLTP-DB	OriginatingComputer=HCC-LLTP-DB	User=USER_0002	Domain=DOMAIN_0006.LOCAL	EventID=12	EventIDCode=12	EventType=4	EventCategory=12	RecordNumber=2037360057	TimeGenerated=1784871075	TimeWritten=1784871075	Level=Informational	Keywords=0x8000000000000000	Task=SysmonTask-SYSMON_REG_KEY	Opcode=Info	Message=Registry object added or deleted: RuleName: - EventType: CreateKey UtcTime: 2026-07-24 05:31:15.847 ProcessGuid: {C20AB55E-3287-67BC-BD08-000000001C00} ProcessId: 6200 Image: C:\Windows\system32\ServerManager.exe TargetObject: HKLM\System\CurrentControlSet\Services\Tcpip\Parameters ,Successful Registry Modification,N/A,1,0,unknown,N/A,RegistryEvent (Object create and delete),unknown,0,null,1784871075000,255,0,false,0,"true""""",Microsoft-Windows-Sysmon/Operational,HOST_0004,"Registry key and value create and delete operations map to this event type, which can be useful for monitoring for changes to Registry autostart locations, or specific malware registry modifications.",0,1784871085117,No Offense,255,HOST_0029 @ 10.0.0.12,false,3,false,N/A,10.0.0.12,false,1784871085117,5,NETWORK_0002,35,12,0,1,-1,HOST_0004,[REDACTED_DUPLICATE_PAYLOAD],USER_0002,5001831,false,null,N/A,"12:31:25, 24 thg 7, 2026","12:31:15, 24 thg 7, 2026",MAC_0002,HOST_0006,439,0,false,10.0.0.12,0,N/A,10.0.0.3,1,"12:31:25, 24 thg 7, 2026",0:0:0:0:0:0:0:0,N/A,null,"100221,100265,109237,109187,100668,156193,100276,100272,123237,123937,134937,166353"
N/A,false,0,0,USER_0004,10.0.0.12,"{sysmon-eventid=12, Description=N/A, Message=N/A, Pipe Name=N/A, Registry Key=\System\CurrentControlSet\Services\Tcpip\Parameters, sysmon-processid=6200, channel=Microsoft-Windows-Sysmon/Operational, Logon Account Domain=DOMAIN_0001.LOCAL, Object Name=HKLM\System\CurrentControlSet\Services\Tcpip\Parameters, Registry Value Data=N/A, Account Name=USER_0004, Logon Type=N/A, sysmon-targetobject=HKLM\System\CurrentControlSet\Services\Tcpip\Parameters, Target User Domain=DOMAIN_0001.LOCAL, Accesses=CreateKey, Rule Name=-, Account Security ID=S-1-5-21-0002, Share Name=N/A, Authentication Package=N/A, sysmon-processguid={C20AB55E-3287-67BC-BD08-000000001C00}, Logon Account Name=USER_0004, Realm=DOMAIN_0001.LOCAL, EventIDCode=12, Account ID=S-1-5-21-0002, Process Path=C:\Windows\system32\ServerManager.exe, sysmon-utctime=2026-07-24 05:31:15.832, Status Code=N/A, Registry Value Name=Parameters, User Domain=DOMAIN_0001.LOCAL, Key Length=N/A, Target Username=USER_0004, Event ID=12, ProgramName=N/A, Registry Hive=HKLM, sysmon-eventtype=CreateKey, sysmon-user=USER_0002, Process GUID=C20AB55E-3287-67BC-BD08-000000001C00, Process ID=6200, sysmon-image=C:\Windows\system32\ServerManager.exe, Machine Identifier=HOST_0028, Object Type=N/A, Target Account Security ID=S-1-5-21-0002, Device Name=HOST_0028}",false,MAC_0001,MAC_0002,[REDACTED_DUPLICATE_PAYLOAD],3,40791,0,12,false,0:0:0:0:0:0:0:0,N/A,0,N/A,8012,<13>Jul 24 12:31:17 10.0.0.12 AgentDevice=WindowsLog	AgentLogFile=Microsoft-Windows-Sysmon/Operational	PluginVersion=7.3.1.28	Source=Microsoft-Windows-Sysmon	Computer=HCC-LLTP-DB	OriginatingComputer=HCC-LLTP-DB	User=USER_0002	Domain=DOMAIN_0006.LOCAL	EventID=12	EventIDCode=12	EventType=4	EventCategory=12	RecordNumber=2037360055	TimeGenerated=1784871075	TimeWritten=1784871075	Level=Informational	Keywords=0x8000000000000000	Task=SysmonTask-SYSMON_REG_KEY	Opcode=Info	Message=Registry object added or deleted: RuleName: - EventType: CreateKey UtcTime: 2026-07-24 05:31:15.832 ProcessGuid: {C20AB55E-3287-67BC-BD08-000000001C00} ProcessId: 6200 Image: C:\Windows\system32\ServerManager.exe TargetObject: HKLM\System\CurrentControlSet\Services\Tcpip\Parameters ,Successful Registry Modification,N/A,1,0,unknown,N/A,RegistryEvent (Object create and delete),unknown,0,null,1784871075000,255,0,false,0,"true""""",Microsoft-Windows-Sysmon/Operational,HOST_0004,"Registry key and value create and delete operations map to this event type, which can be useful for monitoring for changes to Registry autostart locations, or specific malware registry modifications.",0,1784871085117,No Offense,255,HOST_0029 @ 10.0.0.12,false,3,false,N/A,10.0.0.12,false,1784871085117,5,NETWORK_0002,35,12,0,1,-1,HOST_0004,[REDACTED_DUPLICATE_PAYLOAD],USER_0002,5001831,false,null,N/A,"12:31:25, 24 thg 7, 2026","12:31:15, 24 thg 7, 2026",MAC_0002,HOST_0006,439,0,false,10.0.0.12,0,N/A,10.0.0.3,1,"12:31:25, 24 thg 7, 2026",0:0:0:0:0:0:0:0,N/A,null,"100221,100265,109237,109187,100668,156193,100276,100272,123237,123937,134937,166353"
