dstPreNATIP,hasIdentityFlag,destinationPostNatPortDescription,destinationPort,identityUsername,logSourceIdentifier,customProps,srcPortInvalid,identityMAC,sourcMACAddress,payloadAsBase64,magnitude,deviceId,protocolConfigId,deviceType,dstPortInvalid,sourceV6Ip,identityGroupName,srcPreNATPort,srcPreNATIP,category,payloadAsUTF,categoryDescription,aDEAnomalyCount,deviceCategory,deviceEventId,pcapId,identityExtendedField,eventName,pcapIp,sourcePort,obfuscationProperties,deviceTime,protocol,sourcePreNatPortDescription,pcapEvent,dstPostNATPort,tLVProperties,qidEventCategory,identityNetBiosName,eventDescription,dstPreNATPort,startTime,offenseName,protocolName,deviceName,mPCEvent,relevance,logOnly,dstPostNATIP,srcIp,storedForPerformance,stopTime,credibility,domainName,domainID,qidEventId,sourcePostNatPortDescription,severity,offenseId,identityHostname,payloadAsHexOneLine,userName,qid,truncated,obfuscationNormalizedEventProperties,aDEAnomalyDescription,startDateTime,deviceDateTime,destinationMACAddress,eventCollectorName,eventCollectorId,srcPostNATPort,rawEvent,destIp,destinationPreNatPortDescription,osvbidsDesc,identityIpOfHost,eventCount,stopDateTime,destinationV6Ip,srcPostNATIP,identity,ruleIds
N/A,false,0,0,USER_0004,10.0.0.27,"{sysmon-eventid=1, Parent Process Name=w3wp.exe, Pipe Name=N/A, File Directory=N/A, sysmon-processid=35816, channel=Microsoft-Windows-Sysmon/Operational, sysmon-username= IIS DOMAIN_0059.LOCAL\USER_0317, Parent Command=c:\windows\system32\inetsrv\w3wp.exe -ap ""MOS"" -v ""v4.0"" -l ""webengine4.dll"" -a \\.\pipe\iisipm3310ff04-f919-4f19-af92-eba52b6cac38 -h ""C:\inetpub\temp\apppools\MOS\MOS.config"" -w """" -m 0, Object Name=N/A, Account Name=USER_0004, sysmon-currentdirectory=c:\windows\system32\inetsrv\, Target User Domain=DOMAIN_0001.LOCAL, Logon Account Name=USER_0004, Product Description=IP Configuration Utility, EventIDCode=1, Terminated Process Name=N/A, MD5 Hash=29916DCEA5377C19996B417D9235F42F, Filename=N/A, Key Length=N/A, sysmon-logonid=0x48F8D, ProgramName=N/A, Process GUID=5E5FB9E6-100B-6A78-4CE5-020000003000, SHA1 Hash=A95BEAA8B81FD799DB6051A79D959908FFBDB22F, File Extension=N/A, Object Type=N/A, sysmon-hash=SHA1=A95BEAA8B81FD799DB6051A79D959908FFBDB22F,MD5=29916DCEA5377C19996B417D9235F42F,SHA256=5EE3FD7CA1AC876D0DE539D469BFC333594FCA3DF9F377CC96C756D9648697F1,IMPHASH=3636F50089F8190E3308E8AEA8F2043A, SHA256 Hash=5EE3FD7CA1AC876D0DE539D469BFC333594FCA3DF9F377CC96C756D9648697F1, Parent Process GUID=5E5FB9E6-0F71-6A78-40E5-020000003000, Integrity Level=High, sysmon-parentimage=C:\Windows\System32\inetsrv\w3wp.exe, Description=Description: IP Configuration Utility Product, File Hash=A95BEAA8B81FD799DB6051A79D959908FFBDB22F, Token Elevation Type=N/A, Message=N/A, sysmon-rulename=-, Encoded Command=N/A, Logon Account Domain=DOMAIN_0001.LOCAL, Process Name=ipconfig.exe, Parent Process ID=48836, sysmon-parentcommandline=c:\windows\system32\inetsrv\w3wp.exe -ap ""MOS"" -v ""v4.0"" -l ""webengine4.dll"" -a \\.\pipe\iisipm3310ff04-f919-4f19-af92-eba52b6cac38 -h ""C:\inetpub\temp\apppools\MOS\MOS.config"" -w """" -m 0, Logon Type=N/A, sysmon-integritylevel=High, sysmon-logonguid={5E5FB9E6-DEE4-6981-8D8F-040000000000}, Account Security ID=S-1-5-21-0002, Share Name=N/A, Authentication Package=N/A, sysmon-processguid={5E5FB9E6-100B-6A78-4CE5-020000003000}, Realm=DOMAIN_0001.LOCAL, Account ID=S-1-5-21-0002, sysmon-description=IP Configuration Utility, Process Path=C:\Windows\System32\ipconfig.exe, Status Code=N/A, Product Name=Microsoft® Windows® Operating System, User Domain=DOMAIN_0001.LOCAL, Encoded Argument=N/A, Target Username=USER_0004, Event ID=1, sysmon-parentprocessid=48836, Product Company=Microsoft Corporation, sysmon-fileversion=10.0.14393.0 (rs1_release.160715-1616), sysmon-parentprocessguid={5E5FB9E6-0F71-6A78-40E5-020000003000}, sysmon-user=USER_0002, Command=""ipconfig"" /all, sysmon-originalfilename=ipconfig.exe, Process ID=35816, sysmon-image=C:\Windows\System32\ipconfig.exe, Machine Identifier=HOST_0067, Target Account Security ID=S-1-5-21-0002, sysmon-commandline=""ipconfig"" /all, Device Name=HOST_0067, IMP Hash=3636F50089F8190E3308E8AEA8F2043A, Current Working Directory=c:\windows\system32\inetsrv\, Parent Process Path=C:\Windows\System32\inetsrv\w3wp.exe, sysmon-terminalsessionid=0}",false,MAC_0001,MAC_0002,[REDACTED_DUPLICATE_PAYLOAD],5,27863,0,12,false,0:0:0:0:0:0:0:0,N/A,0,N/A,8110,"<13>Aug 09 12:28:45 10.0.0.27 AgentDevice=WindowsLog	AgentLogFile=Microsoft-Windows-Sysmon/Operational	PluginVersion=7.3.1.28	Source=Microsoft-Windows-Sysmon	Computer=EMR_APP_1_111	OriginatingComputer=EMR_APP_1_111	User=USER_0002	Domain=DOMAIN_0006.LOCAL	EventID=1	EventIDCode=1	EventType=4	EventCategory=1	RecordNumber=1372674186	TimeGenerated=1786253323	TimeWritten=1786253323	Level=Informational	Keywords=0x8000000000000000	Task=SysmonTask-SYSMON_CREATE_PROCESS	Opcode=Info	Message=Process Create: RuleName: - UtcTime: 2026-08-09 05:28:43.664 ProcessGuid: {5E5FB9E6-100B-6A78-4CE5-020000003000} ProcessId: 35816 Image: C:\Windows\System32\ipconfig.exe FileVersion: 10.0.14393.0 (rs1_release.160715-1616) Description: IP Configuration Utility Product: Microsoft® Windows® Operating System Company: Microsoft Corporation OriginalFileName: ipconfig.exe CommandLine: ""ipconfig"" /all CurrentDirectory: c:\windows\system32\inetsrv\ User: IIS DOMAIN_0059.LOCAL\USER_0317 LogonGuid: {5E5FB9E6-DEE4-6981-8D8F-040000000000} LogonId: 0x48F8D TerminalSessionId: 0 IntegrityLevel: High Hashes: SHA1=A95BEAA8B81FD799DB6051A79D959908FFBDB22F,MD5=29916DCEA5377C19996B417D9235F42F,SHA256=5EE3FD7CA1AC876D0DE539D469BFC333594FCA3DF9F377CC96C756D9648697F1,IMPHASH=3636F50089F8190E3308E8AEA8F2043A ParentProcessGuid: {5E5FB9E6-0F71-6A78-40E5-020000003000} ParentProcessId: 48836 ParentImage: C:\Windows\System32\inetsrv\w3wp.exe ParentCommandLine: c:\windows\system32\inetsrv\w3wp.exe -ap ""MOS"" -v ""v4.0"" -l ""webengine4.dll"" -a \\.\pipe\iisipm3310ff04-f919-4f19-af92-eba52b6cac38 -h ""C:\inetpub\temp\apppools\MOS\MOS.config"" -w """" -m 0 ",Process Creation Success,N/A,1,0,unknown,N/A,Process Create,unknown,0,null,1786253323000,255,0,false,0,"true""""",Microsoft-Windows-Sysmon/Operational,HOST_0004,The process creation event provides extended information about a newly created process.,0,1786253330009,No Offense,255,HOST_0068 @ 10.0.0.27,true,3,false,N/A,10.0.0.27,false,1786253390009,5,NETWORK_0011,43,1,0,8,-1,HOST_0004,[REDACTED_DUPLICATE_PAYLOAD],USER_0002,5001828,false,null,N/A,"12:28:50, 9 thg 8, 2026","12:28:43, 9 thg 8, 2026",MAC_0002,HOST_0046,482,0,false,10.0.0.27,0,N/A,10.0.0.3,1,"12:29:50, 9 thg 8, 2026",0:0:0:0:0:0:0:0,N/A,null,"100221,100265,109237,109187,100668,156193,166362,100272,147147,153551,134937,166353"
N/A,false,0,0,USER_0004,10.0.0.27,"{sysmon-eventid=1, Parent Process Name=w3wp.exe, Pipe Name=N/A, File Directory=N/A, sysmon-processid=49780, channel=Microsoft-Windows-Sysmon/Operational, sysmon-username= IIS DOMAIN_0059.LOCAL\USER_0317, Parent Command=c:\windows\system32\inetsrv\w3wp.exe -ap ""MOS"" -v ""v4.0"" -l ""webengine4.dll"" -a \\.\pipe\iisipm53c123fa-8465-4550-a593-2869a267e232 -h ""C:\inetpub\temp\apppools\MOS\MOS.config"" -w """" -m 0, Object Name=N/A, Account Name=USER_0004, sysmon-currentdirectory=c:\windows\system32\inetsrv\, Target User Domain=DOMAIN_0001.LOCAL, Logon Account Name=USER_0004, Product Description=IP Configuration Utility, EventIDCode=1, Terminated Process Name=N/A, MD5 Hash=29916DCEA5377C19996B417D9235F42F, Filename=N/A, Key Length=N/A, sysmon-logonid=0x48F8D, ProgramName=N/A, Process GUID=5E5FB9E6-783E-6A76-1FDE-020000003000, SHA1 Hash=A95BEAA8B81FD799DB6051A79D959908FFBDB22F, File Extension=N/A, Object Type=N/A, sysmon-hash=SHA1=A95BEAA8B81FD799DB6051A79D959908FFBDB22F,MD5=29916DCEA5377C19996B417D9235F42F,SHA256=5EE3FD7CA1AC876D0DE539D469BFC333594FCA3DF9F377CC96C756D9648697F1,IMPHASH=3636F50089F8190E3308E8AEA8F2043A, SHA256 Hash=5EE3FD7CA1AC876D0DE539D469BFC333594FCA3DF9F377CC96C756D9648697F1, Parent Process GUID=5E5FB9E6-779C-6A76-12DE-020000003000, Integrity Level=High, sysmon-parentimage=C:\Windows\System32\inetsrv\w3wp.exe, Description=Description: IP Configuration Utility Product, File Hash=A95BEAA8B81FD799DB6051A79D959908FFBDB22F, Token Elevation Type=N/A, Message=N/A, sysmon-rulename=-, Encoded Command=N/A, Logon Account Domain=DOMAIN_0001.LOCAL, Process Name=ipconfig.exe, Parent Process ID=6764, sysmon-parentcommandline=c:\windows\system32\inetsrv\w3wp.exe -ap ""MOS"" -v ""v4.0"" -l ""webengine4.dll"" -a \\.\pipe\iisipm53c123fa-8465-4550-a593-2869a267e232 -h ""C:\inetpub\temp\apppools\MOS\MOS.config"" -w """" -m 0, Logon Type=N/A, sysmon-integritylevel=High, sysmon-logonguid={5E5FB9E6-DEE4-6981-8D8F-040000000000}, Account Security ID=S-1-5-21-0002, Share Name=N/A, Authentication Package=N/A, sysmon-processguid={5E5FB9E6-783E-6A76-1FDE-020000003000}, Realm=DOMAIN_0001.LOCAL, Account ID=S-1-5-21-0002, sysmon-description=IP Configuration Utility, Process Path=C:\Windows\System32\ipconfig.exe, Status Code=N/A, Product Name=Microsoft® Windows® Operating System, User Domain=DOMAIN_0001.LOCAL, Encoded Argument=N/A, Target Username=USER_0004, Event ID=1, sysmon-parentprocessid=6764, Product Company=Microsoft Corporation, sysmon-fileversion=10.0.14393.0 (rs1_release.160715-1616), sysmon-parentprocessguid={5E5FB9E6-779C-6A76-12DE-020000003000}, sysmon-user=USER_0002, Command=""ipconfig"" /all, sysmon-originalfilename=ipconfig.exe, Process ID=49780, sysmon-image=C:\Windows\System32\ipconfig.exe, Machine Identifier=HOST_0067, Target Account Security ID=S-1-5-21-0002, sysmon-commandline=""ipconfig"" /all, Device Name=HOST_0067, IMP Hash=3636F50089F8190E3308E8AEA8F2043A, Current Working Directory=c:\windows\system32\inetsrv\, Parent Process Path=C:\Windows\System32\inetsrv\w3wp.exe, sysmon-terminalsessionid=0}",false,MAC_0001,MAC_0002,[REDACTED_DUPLICATE_PAYLOAD],5,27863,0,12,false,0:0:0:0:0:0:0:0,N/A,0,N/A,8110,"<13>Aug 08 07:28:48 10.0.0.27 AgentDevice=WindowsLog	AgentLogFile=Microsoft-Windows-Sysmon/Operational	PluginVersion=7.3.1.28	Source=Microsoft-Windows-Sysmon	Computer=EMR_APP_1_111	OriginatingComputer=EMR_APP_1_111	User=USER_0002	Domain=DOMAIN_0006.LOCAL	EventID=1	EventIDCode=1	EventType=4	EventCategory=1	RecordNumber=1370331035	TimeGenerated=1786148926	TimeWritten=1786148926	Level=Informational	Keywords=0x8000000000000000	Task=SysmonTask-SYSMON_CREATE_PROCESS	Opcode=Info	Message=Process Create: RuleName: - UtcTime: 2026-08-08 00:28:46.801 ProcessGuid: {5E5FB9E6-783E-6A76-1FDE-020000003000} ProcessId: 49780 Image: C:\Windows\System32\ipconfig.exe FileVersion: 10.0.14393.0 (rs1_release.160715-1616) Description: IP Configuration Utility Product: Microsoft® Windows® Operating System Company: Microsoft Corporation OriginalFileName: ipconfig.exe CommandLine: ""ipconfig"" /all CurrentDirectory: c:\windows\system32\inetsrv\ User: IIS DOMAIN_0059.LOCAL\USER_0317 LogonGuid: {5E5FB9E6-DEE4-6981-8D8F-040000000000} LogonId: 0x48F8D TerminalSessionId: 0 IntegrityLevel: High Hashes: SHA1=A95BEAA8B81FD799DB6051A79D959908FFBDB22F,MD5=29916DCEA5377C19996B417D9235F42F,SHA256=5EE3FD7CA1AC876D0DE539D469BFC333594FCA3DF9F377CC96C756D9648697F1,IMPHASH=3636F50089F8190E3308E8AEA8F2043A ParentProcessGuid: {5E5FB9E6-779C-6A76-12DE-020000003000} ParentProcessId: 6764 ParentImage: C:\Windows\System32\inetsrv\w3wp.exe ParentCommandLine: c:\windows\system32\inetsrv\w3wp.exe -ap ""MOS"" -v ""v4.0"" -l ""webengine4.dll"" -a \\.\pipe\iisipm53c123fa-8465-4550-a593-2869a267e232 -h ""C:\inetpub\temp\apppools\MOS\MOS.config"" -w """" -m 0 ",Process Creation Success,N/A,1,0,unknown,N/A,Process Create,unknown,0,null,1786148926000,255,0,false,0,"true""""",Microsoft-Windows-Sysmon/Operational,HOST_0004,The process creation event provides extended information about a newly created process.,0,1786148936994,No Offense,255,HOST_0068 @ 10.0.0.27,true,3,false,N/A,10.0.0.27,false,1786148996994,5,NETWORK_0011,43,1,0,8,-1,HOST_0004,[REDACTED_DUPLICATE_PAYLOAD],USER_0002,5001828,false,null,N/A,"07:28:56, 8 thg 8, 2026","07:28:46, 8 thg 8, 2026",MAC_0002,HOST_0046,482,0,false,10.0.0.27,0,N/A,10.0.0.3,1,"07:29:56, 8 thg 8, 2026",0:0:0:0:0:0:0:0,N/A,null,"100221,100265,109237,109187,100668,156193,166362,100272,147147,153551,134937,166353"
N/A,false,0,0,USER_0004,10.0.0.27,"{sysmon-eventid=1, Parent Process Name=w3wp.exe, Pipe Name=N/A, File Directory=N/A, sysmon-processid=22680, channel=Microsoft-Windows-Sysmon/Operational, sysmon-username= IIS DOMAIN_0059.LOCAL\USER_0317, Parent Command=c:\windows\system32\inetsrv\w3wp.exe -ap ""MOS"" -v ""v4.0"" -l ""webengine4.dll"" -a \\.\pipe\iisipm8c3418d5-9d8b-411b-9405-d37cd5944f6b -h ""C:\inetpub\temp\apppools\MOS\MOS.config"" -w """" -m 0, Object Name=N/A, Account Name=USER_0004, sysmon-currentdirectory=c:\windows\system32\inetsrv\, Target User Domain=DOMAIN_0001.LOCAL, Logon Account Name=USER_0004, Product Description=IP Configuration Utility, EventIDCode=1, Terminated Process Name=N/A, MD5 Hash=29916DCEA5377C19996B417D9235F42F, Filename=N/A, Key Length=N/A, sysmon-logonid=0x48F8D, ProgramName=N/A, Process GUID=5E5FB9E6-E082-6A74-E4D6-020000003000, SHA1 Hash=A95BEAA8B81FD799DB6051A79D959908FFBDB22F, File Extension=N/A, Object Type=N/A, sysmon-hash=SHA1=A95BEAA8B81FD799DB6051A79D959908FFBDB22F,MD5=29916DCEA5377C19996B417D9235F42F,SHA256=5EE3FD7CA1AC876D0DE539D469BFC333594FCA3DF9F377CC96C756D9648697F1,IMPHASH=3636F50089F8190E3308E8AEA8F2043A, SHA256 Hash=5EE3FD7CA1AC876D0DE539D469BFC333594FCA3DF9F377CC96C756D9648697F1, Parent Process GUID=5E5FB9E6-DFC8-6A74-D4D6-020000003000, Integrity Level=High, sysmon-parentimage=C:\Windows\System32\inetsrv\w3wp.exe, Description=Description: IP Configuration Utility Product, File Hash=A95BEAA8B81FD799DB6051A79D959908FFBDB22F, Token Elevation Type=N/A, Message=N/A, sysmon-rulename=-, Encoded Command=N/A, Logon Account Domain=DOMAIN_0001.LOCAL, Process Name=ipconfig.exe, Parent Process ID=57320, sysmon-parentcommandline=c:\windows\system32\inetsrv\w3wp.exe -ap ""MOS"" -v ""v4.0"" -l ""webengine4.dll"" -a \\.\pipe\iisipm8c3418d5-9d8b-411b-9405-d37cd5944f6b -h ""C:\inetpub\temp\apppools\MOS\MOS.config"" -w """" -m 0, Logon Type=N/A, sysmon-integritylevel=High, sysmon-logonguid={5E5FB9E6-DEE4-6981-8D8F-040000000000}, Account Security ID=S-1-5-21-0002, Share Name=N/A, Authentication Package=N/A, sysmon-processguid={5E5FB9E6-E082-6A74-E4D6-020000003000}, Realm=DOMAIN_0001.LOCAL, Account ID=S-1-5-21-0002, sysmon-description=IP Configuration Utility, Process Path=C:\Windows\System32\ipconfig.exe, Status Code=N/A, Product Name=Microsoft® Windows® Operating System, User Domain=DOMAIN_0001.LOCAL, Encoded Argument=N/A, Target Username=USER_0004, Event ID=1, sysmon-parentprocessid=57320, Product Company=Microsoft Corporation, sysmon-fileversion=10.0.14393.0 (rs1_release.160715-1616), sysmon-parentprocessguid={5E5FB9E6-DFC8-6A74-D4D6-020000003000}, sysmon-user=USER_0002, Command=""ipconfig"" /all, sysmon-originalfilename=ipconfig.exe, Process ID=22680, sysmon-image=C:\Windows\System32\ipconfig.exe, Machine Identifier=HOST_0067, Target Account Security ID=S-1-5-21-0002, sysmon-commandline=""ipconfig"" /all, Device Name=HOST_0067, IMP Hash=3636F50089F8190E3308E8AEA8F2043A, Current Working Directory=c:\windows\system32\inetsrv\, Parent Process Path=C:\Windows\System32\inetsrv\w3wp.exe, sysmon-terminalsessionid=0}",false,MAC_0001,MAC_0002,[REDACTED_DUPLICATE_PAYLOAD],5,27863,0,12,false,0:0:0:0:0:0:0:0,N/A,0,N/A,8110,"<13>Aug 07 02:29:09 10.0.0.27 AgentDevice=WindowsLog	AgentLogFile=Microsoft-Windows-Sysmon/Operational	PluginVersion=7.3.1.28	Source=Microsoft-Windows-Sysmon	Computer=EMR_APP_1_111	OriginatingComputer=EMR_APP_1_111	User=USER_0002	Domain=DOMAIN_0006.LOCAL	EventID=1	EventIDCode=1	EventType=4	EventCategory=1	RecordNumber=1367893857	TimeGenerated=1786044546	TimeWritten=1786044546	Level=Informational	Keywords=0x8000000000000000	Task=SysmonTask-SYSMON_CREATE_PROCESS	Opcode=Info	Message=Process Create: RuleName: - UtcTime: 2026-08-06 19:29:06.818 ProcessGuid: {5E5FB9E6-E082-6A74-E4D6-020000003000} ProcessId: 22680 Image: C:\Windows\System32\ipconfig.exe FileVersion: 10.0.14393.0 (rs1_release.160715-1616) Description: IP Configuration Utility Product: Microsoft® Windows® Operating System Company: Microsoft Corporation OriginalFileName: ipconfig.exe CommandLine: ""ipconfig"" /all CurrentDirectory: c:\windows\system32\inetsrv\ User: IIS DOMAIN_0059.LOCAL\USER_0317 LogonGuid: {5E5FB9E6-DEE4-6981-8D8F-040000000000} LogonId: 0x48F8D TerminalSessionId: 0 IntegrityLevel: High Hashes: SHA1=A95BEAA8B81FD799DB6051A79D959908FFBDB22F,MD5=29916DCEA5377C19996B417D9235F42F,SHA256=5EE3FD7CA1AC876D0DE539D469BFC333594FCA3DF9F377CC96C756D9648697F1,IMPHASH=3636F50089F8190E3308E8AEA8F2043A ParentProcessGuid: {5E5FB9E6-DFC8-6A74-D4D6-020000003000} ParentProcessId: 57320 ParentImage: C:\Windows\System32\inetsrv\w3wp.exe ParentCommandLine: c:\windows\system32\inetsrv\w3wp.exe -ap ""MOS"" -v ""v4.0"" -l ""webengine4.dll"" -a \\.\pipe\iisipm8c3418d5-9d8b-411b-9405-d37cd5944f6b -h ""C:\inetpub\temp\apppools\MOS\MOS.config"" -w """" -m 0 ",Process Creation Success,N/A,1,0,unknown,N/A,Process Create,unknown,0,null,1786044546000,255,0,false,0,"true""""",Microsoft-Windows-Sysmon/Operational,HOST_0004,The process creation event provides extended information about a newly created process.,0,1786044558983,No Offense,255,HOST_0068 @ 10.0.0.27,true,3,false,N/A,10.0.0.27,false,1786044558983,5,NETWORK_0011,43,1,0,8,-1,HOST_0004,[REDACTED_DUPLICATE_PAYLOAD],USER_0002,5001828,false,null,N/A,"02:29:18, 7 thg 8, 2026","02:29:06, 7 thg 8, 2026",MAC_0002,HOST_0046,482,0,false,10.0.0.27,0,N/A,10.0.0.3,1,"02:29:18, 7 thg 8, 2026",0:0:0:0:0:0:0:0,N/A,null,"100221,100265,109237,109187,100668,156193,166363,100272,147147,153551,134937,166353"
N/A,false,0,0,USER_0004,10.0.0.27,"{sysmon-eventid=1, Parent Process Name=w3wp.exe, Pipe Name=N/A, File Directory=N/A, sysmon-processid=57288, channel=Microsoft-Windows-Sysmon/Operational, sysmon-username= IIS DOMAIN_0059.LOCAL\USER_0317, Parent Command=c:\windows\system32\inetsrv\w3wp.exe -ap ""MOS"" -v ""v4.0"" -l ""webengine4.dll"" -a \\.\pipe\iisipm78062b08-991d-446d-8833-f89edd9966e0 -h ""C:\inetpub\temp\apppools\MOS\MOS.config"" -w """" -m 0, Object Name=N/A, Account Name=USER_0004, sysmon-currentdirectory=c:\windows\system32\inetsrv\, Target User Domain=DOMAIN_0001.LOCAL, Logon Account Name=USER_0004, Product Description=IP Configuration Utility, EventIDCode=1, Terminated Process Name=N/A, MD5 Hash=29916DCEA5377C19996B417D9235F42F, Filename=N/A, Key Length=N/A, sysmon-logonid=0x48F8D, ProgramName=N/A, Process GUID=5E5FB9E6-4889-6A73-B3CF-020000003000, SHA1 Hash=A95BEAA8B81FD799DB6051A79D959908FFBDB22F, File Extension=N/A, Object Type=N/A, sysmon-hash=SHA1=A95BEAA8B81FD799DB6051A79D959908FFBDB22F,MD5=29916DCEA5377C19996B417D9235F42F,SHA256=5EE3FD7CA1AC876D0DE539D469BFC333594FCA3DF9F377CC96C756D9648697F1,IMPHASH=3636F50089F8190E3308E8AEA8F2043A, SHA256 Hash=5EE3FD7CA1AC876D0DE539D469BFC333594FCA3DF9F377CC96C756D9648697F1, Parent Process GUID=5E5FB9E6-47F4-6A73-A4CF-020000003000, Integrity Level=High, sysmon-parentimage=C:\Windows\System32\inetsrv\w3wp.exe, Description=Description: IP Configuration Utility Product, File Hash=A95BEAA8B81FD799DB6051A79D959908FFBDB22F, Token Elevation Type=N/A, Message=N/A, sysmon-rulename=-, Encoded Command=N/A, Logon Account Domain=DOMAIN_0001.LOCAL, Process Name=ipconfig.exe, Parent Process ID=60596, sysmon-parentcommandline=c:\windows\system32\inetsrv\w3wp.exe -ap ""MOS"" -v ""v4.0"" -l ""webengine4.dll"" -a \\.\pipe\iisipm78062b08-991d-446d-8833-f89edd9966e0 -h ""C:\inetpub\temp\apppools\MOS\MOS.config"" -w """" -m 0, Logon Type=N/A, sysmon-integritylevel=High, sysmon-logonguid={5E5FB9E6-DEE4-6981-8D8F-040000000000}, Account Security ID=S-1-5-21-0002, Share Name=N/A, Authentication Package=N/A, sysmon-processguid={5E5FB9E6-4889-6A73-B3CF-020000003000}, Realm=DOMAIN_0001.LOCAL, Account ID=S-1-5-21-0002, sysmon-description=IP Configuration Utility, Process Path=C:\Windows\System32\ipconfig.exe, Status Code=N/A, Product Name=Microsoft® Windows® Operating System, User Domain=DOMAIN_0001.LOCAL, Encoded Argument=N/A, Target Username=USER_0004, Event ID=1, sysmon-parentprocessid=60596, Product Company=Microsoft Corporation, sysmon-fileversion=10.0.14393.0 (rs1_release.160715-1616), sysmon-parentprocessguid={5E5FB9E6-47F4-6A73-A4CF-020000003000}, sysmon-user=USER_0002, Command=""ipconfig"" /all, sysmon-originalfilename=ipconfig.exe, Process ID=57288, sysmon-image=C:\Windows\System32\ipconfig.exe, Machine Identifier=HOST_0067, Target Account Security ID=S-1-5-21-0002, sysmon-commandline=""ipconfig"" /all, Device Name=HOST_0067, IMP Hash=3636F50089F8190E3308E8AEA8F2043A, Current Working Directory=c:\windows\system32\inetsrv\, Parent Process Path=C:\Windows\System32\inetsrv\w3wp.exe, sysmon-terminalsessionid=0}",false,MAC_0001,MAC_0002,[REDACTED_DUPLICATE_PAYLOAD],5,27863,0,12,false,0:0:0:0:0:0:0:0,N/A,0,N/A,8110,"<13>Aug 05 21:28:27 10.0.0.27 AgentDevice=WindowsLog	AgentLogFile=Microsoft-Windows-Sysmon/Operational	PluginVersion=7.3.1.28	Source=Microsoft-Windows-Sysmon	Computer=EMR_APP_1_111	OriginatingComputer=EMR_APP_1_111	User=USER_0002	Domain=DOMAIN_0006.LOCAL	EventID=1	EventIDCode=1	EventType=4	EventCategory=1	RecordNumber=1365419833	TimeGenerated=1785940105	TimeWritten=1785940105	Level=Informational	Keywords=0x8000000000000000	Task=SysmonTask-SYSMON_CREATE_PROCESS	Opcode=Info	Message=Process Create: RuleName: - UtcTime: 2026-08-05 14:28:25.952 ProcessGuid: {5E5FB9E6-4889-6A73-B3CF-020000003000} ProcessId: 57288 Image: C:\Windows\System32\ipconfig.exe FileVersion: 10.0.14393.0 (rs1_release.160715-1616) Description: IP Configuration Utility Product: Microsoft® Windows® Operating System Company: Microsoft Corporation OriginalFileName: ipconfig.exe CommandLine: ""ipconfig"" /all CurrentDirectory: c:\windows\system32\inetsrv\ User: IIS DOMAIN_0059.LOCAL\USER_0317 LogonGuid: {5E5FB9E6-DEE4-6981-8D8F-040000000000} LogonId: 0x48F8D TerminalSessionId: 0 IntegrityLevel: High Hashes: SHA1=A95BEAA8B81FD799DB6051A79D959908FFBDB22F,MD5=29916DCEA5377C19996B417D9235F42F,SHA256=5EE3FD7CA1AC876D0DE539D469BFC333594FCA3DF9F377CC96C756D9648697F1,IMPHASH=3636F50089F8190E3308E8AEA8F2043A ParentProcessGuid: {5E5FB9E6-47F4-6A73-A4CF-020000003000} ParentProcessId: 60596 ParentImage: C:\Windows\System32\inetsrv\w3wp.exe ParentCommandLine: c:\windows\system32\inetsrv\w3wp.exe -ap ""MOS"" -v ""v4.0"" -l ""webengine4.dll"" -a \\.\pipe\iisipm78062b08-991d-446d-8833-f89edd9966e0 -h ""C:\inetpub\temp\apppools\MOS\MOS.config"" -w """" -m 0 ",Process Creation Success,N/A,1,0,unknown,N/A,Process Create,unknown,0,null,1785940105000,255,0,false,0,"true""""",Microsoft-Windows-Sysmon/Operational,HOST_0004,The process creation event provides extended information about a newly created process.,0,1785940109010,No Offense,255,HOST_0068 @ 10.0.0.27,true,3,false,N/A,10.0.0.27,false,1785940109010,5,NETWORK_0011,43,1,0,8,-1,HOST_0004,[REDACTED_DUPLICATE_PAYLOAD],USER_0002,5001828,false,null,N/A,"21:28:29, 5 thg 8, 2026","21:28:25, 5 thg 8, 2026",MAC_0002,HOST_0046,482,0,false,10.0.0.27,0,N/A,10.0.0.3,1,"21:28:29, 5 thg 8, 2026",0:0:0:0:0:0:0:0,N/A,null,"100221,100265,109237,109187,100668,156193,166363,100272,147147,153551,134937,166353"
N/A,false,0,0,USER_0004,10.0.0.27,"{sysmon-eventid=1, Parent Process Name=w3wp.exe, Pipe Name=N/A, File Directory=N/A, sysmon-processid=52012, channel=Microsoft-Windows-Sysmon/Operational, sysmon-username= IIS DOMAIN_0059.LOCAL\USER_0317, Parent Command=c:\windows\system32\inetsrv\w3wp.exe -ap ""MOS"" -v ""v4.0"" -l ""webengine4.dll"" -a \\.\pipe\iisipm11d85f3d-d940-4756-bbb8-14989278d2fe -h ""C:\inetpub\temp\apppools\MOS\MOS.config"" -w """" -m 0, Object Name=N/A, Account Name=USER_0004, sysmon-currentdirectory=c:\windows\system32\inetsrv\, Target User Domain=DOMAIN_0001.LOCAL, Logon Account Name=USER_0004, Product Description=IP Configuration Utility, EventIDCode=1, Terminated Process Name=N/A, MD5 Hash=29916DCEA5377C19996B417D9235F42F, Filename=N/A, Key Length=N/A, sysmon-logonid=0x48F8D, ProgramName=N/A, Process GUID=5E5FB9E6-B0C9-6A71-82C8-020000003000, SHA1 Hash=A95BEAA8B81FD799DB6051A79D959908FFBDB22F, File Extension=N/A, Object Type=N/A, sysmon-hash=SHA1=A95BEAA8B81FD799DB6051A79D959908FFBDB22F,MD5=29916DCEA5377C19996B417D9235F42F,SHA256=5EE3FD7CA1AC876D0DE539D469BFC333594FCA3DF9F377CC96C756D9648697F1,IMPHASH=3636F50089F8190E3308E8AEA8F2043A, SHA256 Hash=5EE3FD7CA1AC876D0DE539D469BFC333594FCA3DF9F377CC96C756D9648697F1, Parent Process GUID=5E5FB9E6-B01F-6A71-74C8-020000003000, Integrity Level=High, sysmon-parentimage=C:\Windows\System32\inetsrv\w3wp.exe, Description=Description: IP Configuration Utility Product, File Hash=A95BEAA8B81FD799DB6051A79D959908FFBDB22F, Token Elevation Type=N/A, Message=N/A, sysmon-rulename=-, Encoded Command=N/A, Logon Account Domain=DOMAIN_0001.LOCAL, Process Name=ipconfig.exe, Parent Process ID=59112, sysmon-parentcommandline=c:\windows\system32\inetsrv\w3wp.exe -ap ""MOS"" -v ""v4.0"" -l ""webengine4.dll"" -a \\.\pipe\iisipm11d85f3d-d940-4756-bbb8-14989278d2fe -h ""C:\inetpub\temp\apppools\MOS\MOS.config"" -w """" -m 0, Logon Type=N/A, sysmon-integritylevel=High, sysmon-logonguid={5E5FB9E6-DEE4-6981-8D8F-040000000000}, Account Security ID=S-1-5-21-0002, Share Name=N/A, Authentication Package=N/A, sysmon-processguid={5E5FB9E6-B0C9-6A71-82C8-020000003000}, Realm=DOMAIN_0001.LOCAL, Account ID=S-1-5-21-0002, sysmon-description=IP Configuration Utility, Process Path=C:\Windows\System32\ipconfig.exe, Status Code=N/A, Product Name=Microsoft® Windows® Operating System, User Domain=DOMAIN_0001.LOCAL, Encoded Argument=N/A, Target Username=USER_0004, Event ID=1, sysmon-parentprocessid=59112, Product Company=Microsoft Corporation, sysmon-fileversion=10.0.14393.0 (rs1_release.160715-1616), sysmon-parentprocessguid={5E5FB9E6-B01F-6A71-74C8-020000003000}, sysmon-user=USER_0002, Command=""ipconfig"" /all, sysmon-originalfilename=ipconfig.exe, Process ID=52012, sysmon-image=C:\Windows\System32\ipconfig.exe, Machine Identifier=HOST_0067, Target Account Security ID=S-1-5-21-0002, sysmon-commandline=""ipconfig"" /all, Device Name=HOST_0067, IMP Hash=3636F50089F8190E3308E8AEA8F2043A, Current Working Directory=c:\windows\system32\inetsrv\, Parent Process Path=C:\Windows\System32\inetsrv\w3wp.exe, sysmon-terminalsessionid=0}",false,MAC_0001,MAC_0002,[REDACTED_DUPLICATE_PAYLOAD],5,27863,0,12,false,0:0:0:0:0:0:0:0,N/A,0,N/A,8110,"<13>Aug 04 16:28:42 10.0.0.27 AgentDevice=WindowsLog	AgentLogFile=Microsoft-Windows-Sysmon/Operational	PluginVersion=7.3.1.28	Source=Microsoft-Windows-Sysmon	Computer=EMR_APP_1_111	OriginatingComputer=EMR_APP_1_111	User=USER_0002	Domain=DOMAIN_0006.LOCAL	EventID=1	EventIDCode=1	EventType=4	EventCategory=1	RecordNumber=1362930717	TimeGenerated=1785835721	TimeWritten=1785835721	Level=Informational	Keywords=0x8000000000000000	Task=SysmonTask-SYSMON_CREATE_PROCESS	Opcode=Info	Message=Process Create: RuleName: - UtcTime: 2026-08-04 09:28:41.209 ProcessGuid: {5E5FB9E6-B0C9-6A71-82C8-020000003000} ProcessId: 52012 Image: C:\Windows\System32\ipconfig.exe FileVersion: 10.0.14393.0 (rs1_release.160715-1616) Description: IP Configuration Utility Product: Microsoft® Windows® Operating System Company: Microsoft Corporation OriginalFileName: ipconfig.exe CommandLine: ""ipconfig"" /all CurrentDirectory: c:\windows\system32\inetsrv\ User: IIS DOMAIN_0059.LOCAL\USER_0317 LogonGuid: {5E5FB9E6-DEE4-6981-8D8F-040000000000} LogonId: 0x48F8D TerminalSessionId: 0 IntegrityLevel: High Hashes: SHA1=A95BEAA8B81FD799DB6051A79D959908FFBDB22F,MD5=29916DCEA5377C19996B417D9235F42F,SHA256=5EE3FD7CA1AC876D0DE539D469BFC333594FCA3DF9F377CC96C756D9648697F1,IMPHASH=3636F50089F8190E3308E8AEA8F2043A ParentProcessGuid: {5E5FB9E6-B01F-6A71-74C8-020000003000} ParentProcessId: 59112 ParentImage: C:\Windows\System32\inetsrv\w3wp.exe ParentCommandLine: c:\windows\system32\inetsrv\w3wp.exe -ap ""MOS"" -v ""v4.0"" -l ""webengine4.dll"" -a \\.\pipe\iisipm11d85f3d-d940-4756-bbb8-14989278d2fe -h ""C:\inetpub\temp\apppools\MOS\MOS.config"" -w """" -m 0 ",Process Creation Success,N/A,1,0,unknown,N/A,Process Create,unknown,0,null,1785835721000,255,0,false,0,"true""""",Microsoft-Windows-Sysmon/Operational,HOST_0004,The process creation event provides extended information about a newly created process.,0,1785835727991,No Offense,255,HOST_0068 @ 10.0.0.27,true,3,false,N/A,10.0.0.27,false,1785835727991,5,NETWORK_0011,43,1,0,8,-1,HOST_0004,[REDACTED_DUPLICATE_PAYLOAD],USER_0002,5001828,false,null,N/A,"16:28:47, 4 thg 8, 2026","16:28:41, 4 thg 8, 2026",MAC_0002,HOST_0046,482,0,false,10.0.0.27,0,N/A,10.0.0.3,1,"16:28:47, 4 thg 8, 2026",0:0:0:0:0:0:0:0,N/A,null,"100221,100265,109237,109187,100668,156193,100272,147147,153551,134937,166353"
N/A,false,0,0,USER_0004,10.0.0.27,"{sysmon-eventid=1, Parent Process Name=w3wp.exe, Pipe Name=N/A, File Directory=N/A, sysmon-processid=27448, channel=Microsoft-Windows-Sysmon/Operational, sysmon-username= IIS DOMAIN_0059.LOCAL\USER_0317, Parent Command=c:\windows\system32\inetsrv\w3wp.exe -ap ""MOS"" -v ""v4.0"" -l ""webengine4.dll"" -a \\.\pipe\iisipme40a4e3a-6dbb-4b12-af1b-4170934b404c -h ""C:\inetpub\temp\apppools\MOS\MOS.config"" -w """" -m 0, Object Name=N/A, Account Name=USER_0004, sysmon-currentdirectory=c:\windows\system32\inetsrv\, Target User Domain=DOMAIN_0001.LOCAL, Logon Account Name=USER_0004, Product Description=IP Configuration Utility, EventIDCode=1, Terminated Process Name=N/A, MD5 Hash=29916DCEA5377C19996B417D9235F42F, Filename=N/A, Key Length=N/A, sysmon-logonid=0x48F8D, ProgramName=N/A, Process GUID=5E5FB9E6-810E-6A6E-11BA-020000003000, SHA1 Hash=A95BEAA8B81FD799DB6051A79D959908FFBDB22F, File Extension=N/A, Object Type=N/A, sysmon-hash=SHA1=A95BEAA8B81FD799DB6051A79D959908FFBDB22F,MD5=29916DCEA5377C19996B417D9235F42F,SHA256=5EE3FD7CA1AC876D0DE539D469BFC333594FCA3DF9F377CC96C756D9648697F1,IMPHASH=3636F50089F8190E3308E8AEA8F2043A, SHA256 Hash=5EE3FD7CA1AC876D0DE539D469BFC333594FCA3DF9F377CC96C756D9648697F1, Parent Process GUID=5E5FB9E6-8076-6A6E-05BA-020000003000, Integrity Level=High, sysmon-parentimage=C:\Windows\System32\inetsrv\w3wp.exe, Description=Description: IP Configuration Utility Product, File Hash=A95BEAA8B81FD799DB6051A79D959908FFBDB22F, Token Elevation Type=N/A, Message=N/A, sysmon-rulename=-, Encoded Command=N/A, Logon Account Domain=DOMAIN_0001.LOCAL, Process Name=ipconfig.exe, Parent Process ID=12536, sysmon-parentcommandline=c:\windows\system32\inetsrv\w3wp.exe -ap ""MOS"" -v ""v4.0"" -l ""webengine4.dll"" -a \\.\pipe\iisipme40a4e3a-6dbb-4b12-af1b-4170934b404c -h ""C:\inetpub\temp\apppools\MOS\MOS.config"" -w """" -m 0, Logon Type=N/A, sysmon-integritylevel=High, sysmon-logonguid={5E5FB9E6-DEE4-6981-8D8F-040000000000}, Account Security ID=S-1-5-21-0002, Share Name=N/A, Authentication Package=N/A, sysmon-processguid={5E5FB9E6-810E-6A6E-11BA-020000003000}, Realm=DOMAIN_0001.LOCAL, Account ID=S-1-5-21-0002, sysmon-description=IP Configuration Utility, Process Path=C:\Windows\System32\ipconfig.exe, Status Code=N/A, Product Name=Microsoft® Windows® Operating System, User Domain=DOMAIN_0001.LOCAL, Encoded Argument=N/A, Target Username=USER_0004, Event ID=1, sysmon-parentprocessid=12536, Product Company=Microsoft Corporation, sysmon-fileversion=10.0.14393.0 (rs1_release.160715-1616), sysmon-parentprocessguid={5E5FB9E6-8076-6A6E-05BA-020000003000}, sysmon-user=USER_0002, Command=""ipconfig"" /all, sysmon-originalfilename=ipconfig.exe, Process ID=27448, sysmon-image=C:\Windows\System32\ipconfig.exe, Machine Identifier=HOST_0067, Target Account Security ID=S-1-5-21-0002, sysmon-commandline=""ipconfig"" /all, Device Name=HOST_0067, IMP Hash=3636F50089F8190E3308E8AEA8F2043A, Current Working Directory=c:\windows\system32\inetsrv\, Parent Process Path=C:\Windows\System32\inetsrv\w3wp.exe, sysmon-terminalsessionid=0}",false,MAC_0001,MAC_0002,[REDACTED_DUPLICATE_PAYLOAD],5,27863,0,12,false,0:0:0:0:0:0:0:0,N/A,0,N/A,8110,"<13>Aug 02 06:28:15 10.0.0.27 AgentDevice=WindowsLog	AgentLogFile=Microsoft-Windows-Sysmon/Operational	PluginVersion=7.3.1.28	Source=Microsoft-Windows-Sysmon	Computer=EMR_APP_1_111	OriginatingComputer=EMR_APP_1_111	User=USER_0002	Domain=DOMAIN_0006.LOCAL	EventID=1	EventIDCode=1	EventType=4	EventCategory=1	RecordNumber=1357872358	TimeGenerated=1785626894	TimeWritten=1785626894	Level=Informational	Keywords=0x8000000000000000	Task=SysmonTask-SYSMON_CREATE_PROCESS	Opcode=Info	Message=Process Create: RuleName: - UtcTime: 2026-08-01 23:28:14.555 ProcessGuid: {5E5FB9E6-810E-6A6E-11BA-020000003000} ProcessId: 27448 Image: C:\Windows\System32\ipconfig.exe FileVersion: 10.0.14393.0 (rs1_release.160715-1616) Description: IP Configuration Utility Product: Microsoft® Windows® Operating System Company: Microsoft Corporation OriginalFileName: ipconfig.exe CommandLine: ""ipconfig"" /all CurrentDirectory: c:\windows\system32\inetsrv\ User: IIS DOMAIN_0059.LOCAL\USER_0317 LogonGuid: {5E5FB9E6-DEE4-6981-8D8F-040000000000} LogonId: 0x48F8D TerminalSessionId: 0 IntegrityLevel: High Hashes: SHA1=A95BEAA8B81FD799DB6051A79D959908FFBDB22F,MD5=29916DCEA5377C19996B417D9235F42F,SHA256=5EE3FD7CA1AC876D0DE539D469BFC333594FCA3DF9F377CC96C756D9648697F1,IMPHASH=3636F50089F8190E3308E8AEA8F2043A ParentProcessGuid: {5E5FB9E6-8076-6A6E-05BA-020000003000} ParentProcessId: 12536 ParentImage: C:\Windows\System32\inetsrv\w3wp.exe ParentCommandLine: c:\windows\system32\inetsrv\w3wp.exe -ap ""MOS"" -v ""v4.0"" -l ""webengine4.dll"" -a \\.\pipe\iisipme40a4e3a-6dbb-4b12-af1b-4170934b404c -h ""C:\inetpub\temp\apppools\MOS\MOS.config"" -w """" -m 0 ",Process Creation Success,N/A,1,0,unknown,N/A,Process Create,unknown,0,null,1785626894000,255,0,false,0,"true""""",Microsoft-Windows-Sysmon/Operational,HOST_0004,The process creation event provides extended information about a newly created process.,0,1785626898137,No Offense,255,HOST_0068 @ 10.0.0.27,true,3,false,N/A,10.0.0.27,false,1785626898137,5,NETWORK_0011,43,1,0,8,-1,HOST_0004,[REDACTED_DUPLICATE_PAYLOAD],USER_0002,5001828,false,null,N/A,"06:28:18, 2 thg 8, 2026","06:28:14, 2 thg 8, 2026",MAC_0002,HOST_0046,482,0,false,10.0.0.27,0,N/A,10.0.0.3,1,"06:28:18, 2 thg 8, 2026",0:0:0:0:0:0:0:0,N/A,null,"100221,100265,109237,109187,100668,156193,166362,100272,147147,153551,134937,166353"
N/A,false,0,0,USER_0004,10.0.0.27,"{sysmon-eventid=1, Parent Process Name=w3wp.exe, Pipe Name=N/A, File Directory=N/A, sysmon-processid=58560, channel=Microsoft-Windows-Sysmon/Operational, sysmon-username= IIS DOMAIN_0059.LOCAL\USER_0317, Parent Command=c:\windows\system32\inetsrv\w3wp.exe -ap ""MOS"" -v ""v4.0"" -l ""webengine4.dll"" -a \\.\pipe\iisipmb0df65a4-595b-4fed-85a7-cec002958960 -h ""C:\inetpub\temp\apppools\MOS\MOS.config"" -w """" -m 0, Object Name=N/A, Account Name=USER_0004, sysmon-currentdirectory=c:\windows\system32\inetsrv\, Target User Domain=DOMAIN_0001.LOCAL, Logon Account Name=USER_0004, Product Description=IP Configuration Utility, EventIDCode=1, Terminated Process Name=N/A, MD5 Hash=29916DCEA5377C19996B417D9235F42F, Filename=N/A, Key Length=N/A, sysmon-logonid=0x48F8D, ProgramName=N/A, Process GUID=5E5FB9E6-E93E-6A6C-DAB2-020000003000, SHA1 Hash=A95BEAA8B81FD799DB6051A79D959908FFBDB22F, File Extension=N/A, Object Type=N/A, sysmon-hash=SHA1=A95BEAA8B81FD799DB6051A79D959908FFBDB22F,MD5=29916DCEA5377C19996B417D9235F42F,SHA256=5EE3FD7CA1AC876D0DE539D469BFC333594FCA3DF9F377CC96C756D9648697F1,IMPHASH=3636F50089F8190E3308E8AEA8F2043A, SHA256 Hash=5EE3FD7CA1AC876D0DE539D469BFC333594FCA3DF9F377CC96C756D9648697F1, Parent Process GUID=5E5FB9E6-E8A2-6A6C-CDB2-020000003000, Integrity Level=High, sysmon-parentimage=C:\Windows\System32\inetsrv\w3wp.exe, Description=Description: IP Configuration Utility Product, File Hash=A95BEAA8B81FD799DB6051A79D959908FFBDB22F, Token Elevation Type=N/A, Message=N/A, sysmon-rulename=-, Encoded Command=N/A, Logon Account Domain=DOMAIN_0001.LOCAL, Process Name=ipconfig.exe, Parent Process ID=51432, sysmon-parentcommandline=c:\windows\system32\inetsrv\w3wp.exe -ap ""MOS"" -v ""v4.0"" -l ""webengine4.dll"" -a \\.\pipe\iisipmb0df65a4-595b-4fed-85a7-cec002958960 -h ""C:\inetpub\temp\apppools\MOS\MOS.config"" -w """" -m 0, Logon Type=N/A, sysmon-integritylevel=High, sysmon-logonguid={5E5FB9E6-DEE4-6981-8D8F-040000000000}, Account Security ID=S-1-5-21-0002, Share Name=N/A, Authentication Package=N/A, sysmon-processguid={5E5FB9E6-E93E-6A6C-DAB2-020000003000}, Realm=DOMAIN_0001.LOCAL, Account ID=S-1-5-21-0002, sysmon-description=IP Configuration Utility, Process Path=C:\Windows\System32\ipconfig.exe, Status Code=N/A, Product Name=Microsoft® Windows® Operating System, User Domain=DOMAIN_0001.LOCAL, Encoded Argument=N/A, Target Username=USER_0004, Event ID=1, sysmon-parentprocessid=51432, Product Company=Microsoft Corporation, sysmon-fileversion=10.0.14393.0 (rs1_release.160715-1616), sysmon-parentprocessguid={5E5FB9E6-E8A2-6A6C-CDB2-020000003000}, sysmon-user=USER_0002, Command=""ipconfig"" /all, sysmon-originalfilename=ipconfig.exe, Process ID=58560, sysmon-image=C:\Windows\System32\ipconfig.exe, Machine Identifier=HOST_0067, Target Account Security ID=S-1-5-21-0002, sysmon-commandline=""ipconfig"" /all, Device Name=HOST_0067, IMP Hash=3636F50089F8190E3308E8AEA8F2043A, Current Working Directory=c:\windows\system32\inetsrv\, Parent Process Path=C:\Windows\System32\inetsrv\w3wp.exe, sysmon-terminalsessionid=0}",false,MAC_0001,MAC_0002,[REDACTED_DUPLICATE_PAYLOAD],5,27863,0,12,false,0:0:0:0:0:0:0:0,N/A,0,N/A,8110,"<13>Aug 01 01:28:15 10.0.0.27 AgentDevice=WindowsLog	AgentLogFile=Microsoft-Windows-Sysmon/Operational	PluginVersion=7.3.1.28	Source=Microsoft-Windows-Sysmon	Computer=EMR_APP_1_111	OriginatingComputer=EMR_APP_1_111	User=USER_0002	Domain=DOMAIN_0006.LOCAL	EventID=1	EventIDCode=1	EventType=4	EventCategory=1	RecordNumber=1355385912	TimeGenerated=1785522494	TimeWritten=1785522494	Level=Informational	Keywords=0x8000000000000000	Task=SysmonTask-SYSMON_CREATE_PROCESS	Opcode=Info	Message=Process Create: RuleName: - UtcTime: 2026-07-31 18:28:14.184 ProcessGuid: {5E5FB9E6-E93E-6A6C-DAB2-020000003000} ProcessId: 58560 Image: C:\Windows\System32\ipconfig.exe FileVersion: 10.0.14393.0 (rs1_release.160715-1616) Description: IP Configuration Utility Product: Microsoft® Windows® Operating System Company: Microsoft Corporation OriginalFileName: ipconfig.exe CommandLine: ""ipconfig"" /all CurrentDirectory: c:\windows\system32\inetsrv\ User: IIS DOMAIN_0059.LOCAL\USER_0317 LogonGuid: {5E5FB9E6-DEE4-6981-8D8F-040000000000} LogonId: 0x48F8D TerminalSessionId: 0 IntegrityLevel: High Hashes: SHA1=A95BEAA8B81FD799DB6051A79D959908FFBDB22F,MD5=29916DCEA5377C19996B417D9235F42F,SHA256=5EE3FD7CA1AC876D0DE539D469BFC333594FCA3DF9F377CC96C756D9648697F1,IMPHASH=3636F50089F8190E3308E8AEA8F2043A ParentProcessGuid: {5E5FB9E6-E8A2-6A6C-CDB2-020000003000} ParentProcessId: 51432 ParentImage: C:\Windows\System32\inetsrv\w3wp.exe ParentCommandLine: c:\windows\system32\inetsrv\w3wp.exe -ap ""MOS"" -v ""v4.0"" -l ""webengine4.dll"" -a \\.\pipe\iisipmb0df65a4-595b-4fed-85a7-cec002958960 -h ""C:\inetpub\temp\apppools\MOS\MOS.config"" -w """" -m 0 ",Process Creation Success,N/A,1,0,unknown,N/A,Process Create,unknown,0,null,1785522494000,255,0,false,0,"true""""",Microsoft-Windows-Sysmon/Operational,HOST_0004,The process creation event provides extended information about a newly created process.,0,1785522498194,No Offense,255,HOST_0068 @ 10.0.0.27,true,3,false,N/A,10.0.0.27,false,1785522498194,5,NETWORK_0011,43,1,0,8,-1,HOST_0004,[REDACTED_DUPLICATE_PAYLOAD],USER_0002,5001828,false,null,N/A,"01:28:18, 1 thg 8, 2026","01:28:14, 1 thg 8, 2026",MAC_0002,HOST_0046,482,0,false,10.0.0.27,0,N/A,10.0.0.3,1,"01:28:18, 1 thg 8, 2026",0:0:0:0:0:0:0:0,N/A,null,"100221,100265,109237,109187,100668,156193,166362,100272,147147,153551,134937,166353"
