N/A,false,0,0,USER_0004,10.0.0.27,"{sysmon-eventid=1, Parent Process Name=HIS.exe, Pipe Name=N/A, File Directory=N/A, sysmon-processid=56880, channel=Microsoft-Windows-Sysmon/Operational, sysmon-username= DOMAIN_0071.LOCAL\USER_0030, Parent Command=""F:\Hispro\HISpro\HIS.exe"" , Object Name=N/A, Account Name=USER_0004, sysmon-currentdirectory=F:\Hispro\HISpro\, Target User Domain=DOMAIN_0001.LOCAL, Logon Account Name=USER_0004, Product Description=HLS.WCFClient, EventIDCode=1, Terminated Process Name=N/A, MD5 Hash=CC5C79BE16BFE24469D44F5B0DE46E0F, Filename=N/A, Key Length=N/A, sysmon-logonid=0x56F0A0, ProgramName=N/A, Process GUID=5E5FB9E6-150A-6A78-6FE5-020000003000, SHA1 Hash=5819F95410DA6624FA8F214148CDC80C5901D419, File Extension=N/A, Object Type=N/A, sysmon-hash=SHA1=5819F95410DA6624FA8F214148CDC80C5901D419,MD5=CC5C79BE16BFE24469D44F5B0DE46E0F,SHA256=E8DBB3EF4534F5593EEE974CE1EB051E13D9550C13235188E25CA80833295D4C,IMPHASH=F34D5F2D4577ED6D9CEEC516C1F5A744, SHA256 Hash=E8DBB3EF4534F5593EEE974CE1EB051E13D9550C13235188E25CA80833295D4C, Parent Process GUID=5E5FB9E6-F446-6A43-98D6-010000003000, Integrity Level=High, sysmon-parentimage=F:\Hispro\HISpro\HIS.exe, Description=Description: HLS.WCFClient Product, File Hash=5819F95410DA6624FA8F214148CDC80C5901D419, Token Elevation Type=N/A, Message=N/A, sysmon-rulename=-, Encoded Command=N/A, Logon Account Domain=DOMAIN_0001.LOCAL, Process Name=HLS.WCFClient.exe, Parent Process ID=16056, sysmon-parentcommandline=""F:\Hispro\HISpro\HIS.exe"", Logon Type=N/A, sysmon-integritylevel=High, sysmon-logonguid={5E5FB9E6-E5AA-6981-A0F0-560000000000}, Account Security ID=S-1-5-21-0002, Share Name=N/A, Authentication Package=N/A, sysmon-processguid={5E5FB9E6-150A-6A78-6FE5-020000003000}, Realm=DOMAIN_0001.LOCAL, Account ID=S-1-5-21-0002, sysmon-description=HLS.WCFClient, Process Path=F:\Hispro\HISpro\HLS.WCFClient.exe, Status Code=N/A, Product Name=HLS.WCFClient, User Domain=DOMAIN_0001.LOCAL, Encoded Argument=N/A, Target Username=USER_0004, Event ID=1, sysmon-parentprocessid=16056, Product Company=Microsoft, sysmon-fileversion=1.0.0.0, sysmon-parentprocessguid={5E5FB9E6-F446-6A43-98D6-010000003000}, sysmon-user=USER_0002, Command=""F:\Hispro\HISpro\HLS.WCFClient.exe"" |AcsBaseUri|http://10.0.0.27:1401/|SdaBaseUri|http://10.0.0.27:1410/|SarBaseUri|http://10.0.0.27:1409/|MosBaseUri|http://10.0.0.27:1408/|ApplicationCode|HIS|TokenCode|21f33f4a09f028134e479dba730560f01ca6930b3c18c05ed2bb9abbbc46b106|CacheType|1|RedisSaveType|0|PreNamespaceFolder||isReloadAllCache|0, sysmon-originalfilename=HLS.WCFClient.exe, Process ID=56880, sysmon-image=F:\Hispro\HISpro\HLS.WCFClient.exe, Machine Identifier=HOST_0067, Target Account Security ID=S-1-5-21-0002, sysmon-commandline=""F:\Hispro\HISpro\HLS.WCFClient.exe"" |AcsBaseUri|http://10.0.0.27:1401/|SdaBaseUri|http://10.0.0.27:1410/|SarBaseUri|http://10.0.0.27:1409/|MosBaseUri|http://10.0.0.27:1408/|ApplicationCode|HIS|TokenCode|21f33f4a09f028134e479dba730560f01ca6930b3c18c05ed2bb9abbbc46b106|CacheType|1|RedisSaveType|0|PreNamespaceFolder||isReloadAllCache|0, Device Name=HOST_0067, IMP Hash=F34D5F2D4577ED6D9CEEC516C1F5A744, Current Working Directory=F:\Hispro\HISpro\, Parent Process Path=F:\Hispro\HISpro\HIS.exe, sysmon-terminalsessionid=2}",false,MAC_0001,MAC_0002,[REDACTED_DUPLICATE_PAYLOAD],3,27863,0,12,false,0:0:0:0:0:0:0:0,N/A,0,N/A,8110,"<13>Aug 09 12:50:03 10.0.0.27 AgentDevice=WindowsLog	AgentLogFile=Microsoft-Windows-Sysmon/Operational	PluginVersion=7.3.1.28	Source=Microsoft-Windows-Sysmon	Computer=EMR_APP_1_111	OriginatingComputer=EMR_APP_1_111	User=USER_0002	Domain=DOMAIN_0006.LOCAL	EventID=1	EventIDCode=1	EventType=4	EventCategory=1	RecordNumber=1372703853	TimeGenerated=1786254602	TimeWritten=1786254602	Level=Informational	Keywords=0x8000000000000000	Task=SysmonTask-SYSMON_CREATE_PROCESS	Opcode=Info	Message=Process Create: RuleName: - UtcTime: 2026-08-09 05:50:02.207 ProcessGuid: {5E5FB9E6-150A-6A78-6FE5-020000003000} ProcessId: 56880 Image: F:\Hispro\HISpro\HLS.WCFClient.exe FileVersion: 203.0.0.12 Description: HLS.WCFClient Product: HLS.WCFClient Company: Microsoft OriginalFileName: HLS.WCFClient.exe CommandLine: ""F:\Hispro\HISpro\HLS.WCFClient.exe"" |AcsBaseUri|http://10.0.0.27:1401/|SdaBaseUri|http://10.0.0.27:1410/|SarBaseUri|http://10.0.0.27:1409/|MosBaseUri|http://10.0.0.27:1408/|ApplicationCode|HIS|TokenCode|21f33f4a09f028134e479dba730560f01ca6930b3c18c05ed2bb9abbbc46b106|CacheType|1|RedisSaveType|0|PreNamespaceFolder||isReloadAllCache|0 CurrentDirectory: F:\Hispro\HISpro\ User: DOMAIN_0071.LOCAL\USER_0030 LogonGuid: {5E5FB9E6-E5AA-6981-A0F0-560000000000} LogonId: 0x56F0A0 TerminalSessionId: 2 IntegrityLevel: High Hashes: SHA1=5819F95410DA6624FA8F214148CDC80C5901D419,MD5=CC5C79BE16BFE24469D44F5B0DE46E0F,SHA256=E8DBB3EF4534F5593EEE974CE1EB051E13D9550C13235188E25CA80833295D4C,IMPHASH=F34D5F2D4577ED6D9CEEC516C1F5A744 ParentProcessGuid: {5E5FB9E6-F446-6A43-98D6-010000003000} ParentProcessId: 16056 ParentImage: F:\Hispro\HISpro\HIS.exe ParentCommandLine: ""F:\Hispro\HISpro\HIS.exe""  ",Process Creation Success,N/A,1,0,unknown,N/A,Process Create,unknown,0,null,1786254602000,255,0,false,0,"true""""",Microsoft-Windows-Sysmon/Operational,HOST_0004,The process creation event provides extended information about a newly created process.,0,1786254608996,No Offense,255,HOST_0068 @ 10.0.0.27,false,3,false,N/A,10.0.0.27,false,1786254608996,5,NETWORK_0011,43,1,0,2,-1,HOST_0004,[REDACTED_DUPLICATE_PAYLOAD],USER_0002,5001828,false,null,N/A,"12:50:08, 9 thg 8, 2026","12:50:02, 9 thg 8, 2026",MAC_0002,HOST_0046,482,0,false,10.0.0.27,0,N/A,10.0.0.3,1,"12:50:08, 9 thg 8, 2026",0:0:0:0:0:0:0:0,N/A,null,"100221,100265,109237,109187,156193,166362,100272,134937,166353"
N/A,false,0,0,USER_0004,10.0.0.27,"{sysmon-eventid=1, Parent Process Name=cmd.exe, Pipe Name=N/A, File Directory=N/A, sysmon-processid=19688, channel=Microsoft-Windows-Sysmon/Operational, sysmon-username= NT DOMAIN_0008.LOCAL\USER_0002, Parent Command=C:\Windows\system32\cmd.exe /c cscript //nologo %windir%\system32\slmgr.vbs /dli 2>&1, Object Name=N/A, Account Name=USER_0004, sysmon-currentdirectory=C:\Windows\system32\, Target User Domain=DOMAIN_0001.LOCAL, Logon Account Name=USER_0004, Product Description=Microsoft ® Console Based Script Host, EventIDCode=1, Terminated Process Name=N/A, MD5 Hash=9578AFF0AC49AAADB5A028B9B6D13C6E, Filename=N/A, Key Length=N/A, sysmon-logonid=0x3E7, ProgramName=N/A, Process GUID=5E5FB9E6-14FD-6A78-6EE5-020000003000, SHA1 Hash=D67986B9CFE1397EBE27E16D9852B52AEE9B95C6, File Extension=N/A, Object Type=N/A, sysmon-hash=SHA1=D67986B9CFE1397EBE27E16D9852B52AEE9B95C6,MD5=9578AFF0AC49AAADB5A028B9B6D13C6E,SHA256=67A0A3413A99DFFD421992E2AD6DECBF4A78C3E063F414201B5D2232AE96B0F7,IMPHASH=77838A7D26CC1C7050C41CF6165BAD0E, SHA256 Hash=67A0A3413A99DFFD421992E2AD6DECBF4A78C3E063F414201B5D2232AE96B0F7, Parent Process GUID=5E5FB9E6-14FD-6A78-6CE5-020000003000, Integrity Level=System, sysmon-parentimage=C:\Windows\System32\cmd.exe, Description=Description: Microsoft ® Console Based Script Host Product, File Hash=D67986B9CFE1397EBE27E16D9852B52AEE9B95C6, Token Elevation Type=N/A, Message=N/A, sysmon-rulename=-, Encoded Command=N/A, Logon Account Domain=DOMAIN_0001.LOCAL, Process Name=cscript.exe, Parent Process ID=45468, sysmon-parentcommandline=C:\Windows\system32\cmd.exe /c cscript //nologo %windir%\system32\slmgr.vbs /dli 2>&1, Logon Type=N/A, sysmon-integritylevel=System, sysmon-logonguid={5E5FB9E6-DEE1-6981-E703-000000000000}, Account Security ID=S-1-5-21-0002, Share Name=N/A, Authentication Package=N/A, sysmon-processguid={5E5FB9E6-14FD-6A78-6EE5-020000003000}, Realm=DOMAIN_0001.LOCAL, Account ID=S-1-5-21-0002, sysmon-description=Microsoft ® Console Based Script Host, Process Path=C:\Windows\System32\cscript.exe, Status Code=N/A, Product Name=Microsoft ® Windows Script Host, User Domain=DOMAIN_0001.LOCAL, Encoded Argument=N/A, Target Username=USER_0004, Event ID=1, sysmon-parentprocessid=45468, Product Company=Microsoft Corporation, sysmon-fileversion=5.812.10240.16384, sysmon-parentprocessguid={5E5FB9E6-14FD-6A78-6CE5-020000003000}, sysmon-user=USER_0002, Command=cscript  //nologo C:\Windows\system32\slmgr.vbs /dli , sysmon-originalfilename=cscript.exe, Process ID=19688, sysmon-image=C:\Windows\System32\cscript.exe, Machine Identifier=HOST_0067, Target Account Security ID=S-1-5-21-0002, sysmon-commandline=cscript  //nologo C:\Windows\system32\slmgr.vbs /dli , Device Name=HOST_0067, IMP Hash=77838A7D26CC1C7050C41CF6165BAD0E, Current Working Directory=C:\Windows\system32\, Parent Process Path=C:\Windows\System32\cmd.exe, sysmon-terminalsessionid=0}",false,MAC_0001,MAC_0002,[REDACTED_DUPLICATE_PAYLOAD],3,27863,0,12,false,0:0:0:0:0:0:0:0,N/A,0,N/A,8110,"<13>Aug 09 12:49:51 10.0.0.27 AgentDevice=WindowsLog	AgentLogFile=Microsoft-Windows-Sysmon/Operational	PluginVersion=7.3.1.28	Source=Microsoft-Windows-Sysmon	Computer=EMR_APP_1_111	OriginatingComputer=EMR_APP_1_111	User=USER_0002	Domain=DOMAIN_0006.LOCAL	EventID=1	EventIDCode=1	EventType=4	EventCategory=1	RecordNumber=1372703562	TimeGenerated=1786254589	TimeWritten=1786254589	Level=Informational	Keywords=0x8000000000000000	Task=SysmonTask-SYSMON_CREATE_PROCESS	Opcode=Info	Message=Process Create: RuleName: - UtcTime: 2026-08-09 05:49:49.772 ProcessGuid: {5E5FB9E6-14FD-6A78-6EE5-020000003000} ProcessId: 19688 Image: C:\Windows\System32\cscript.exe FileVersion: 5.812.10240.16384 Description: Microsoft ® Console Based Script Host Product: Microsoft ® Windows Script Host Company: Microsoft Corporation OriginalFileName: cscript.exe CommandLine: cscript  //nologo C:\Windows\system32\slmgr.vbs /dli  CurrentDirectory: C:\Windows\system32\ User: NT DOMAIN_0008.LOCAL\USER_0002 LogonGuid: {5E5FB9E6-DEE1-6981-E703-000000000000} LogonId: 0x3E7 TerminalSessionId: 0 IntegrityLevel: System Hashes: SHA1=D67986B9CFE1397EBE27E16D9852B52AEE9B95C6,MD5=9578AFF0AC49AAADB5A028B9B6D13C6E,SHA256=67A0A3413A99DFFD421992E2AD6DECBF4A78C3E063F414201B5D2232AE96B0F7,IMPHASH=77838A7D26CC1C7050C41CF6165BAD0E ParentProcessGuid: {5E5FB9E6-14FD-6A78-6CE5-020000003000} ParentProcessId: 45468 ParentImage: C:\Windows\System32\cmd.exe ParentCommandLine: C:\Windows\system32\cmd.exe /c cscript //nologo %windir%\system32\slmgr.vbs /dli 2>&1 ",Process Creation Success,N/A,1,0,unknown,N/A,Process Create,unknown,0,null,1786254589000,255,0,false,0,"true""""",Microsoft-Windows-Sysmon/Operational,HOST_0004,The process creation event provides extended information about a newly created process.,0,1786254598998,No Offense,255,HOST_0068 @ 10.0.0.27,false,3,false,N/A,10.0.0.27,false,1786254658998,5,NETWORK_0011,43,1,0,2,-1,HOST_0004,[REDACTED_DUPLICATE_PAYLOAD],USER_0002,5001828,false,null,N/A,"12:49:58, 9 thg 8, 2026","12:49:49, 9 thg 8, 2026",MAC_0002,HOST_0046,482,0,false,10.0.0.27,0,N/A,10.0.0.3,2,"12:50:58, 9 thg 8, 2026",0:0:0:0:0:0:0:0,N/A,null,"100221,100265,109237,109187,100668,156193,146162,166362,100272,100677,134937,166353"
N/A,false,0,0,USER_0004,10.0.0.27,"{sysmon-eventid=1, Parent Process Name=HIS.exe, Pipe Name=N/A, File Directory=N/A, sysmon-processid=64412, channel=Microsoft-Windows-Sysmon/Operational, sysmon-username= DOMAIN_0071.LOCAL\USER_0030, Parent Command=""F:\Hispro\HISpro\HIS.exe"" , Object Name=N/A, Account Name=USER_0004, sysmon-currentdirectory=F:\Hispro\HISpro\, Target User Domain=DOMAIN_0001.LOCAL, Logon Account Name=USER_0004, Product Description=HLS.WCFClient, EventIDCode=1, Terminated Process Name=N/A, MD5 Hash=CC5C79BE16BFE24469D44F5B0DE46E0F, Filename=N/A, Key Length=N/A, sysmon-logonid=0x56F0A0, ProgramName=N/A, Process GUID=5E5FB9E6-143C-6A78-6BE5-020000003000, SHA1 Hash=5819F95410DA6624FA8F214148CDC80C5901D419, File Extension=N/A, Object Type=N/A, sysmon-hash=SHA1=5819F95410DA6624FA8F214148CDC80C5901D419,MD5=CC5C79BE16BFE24469D44F5B0DE46E0F,SHA256=E8DBB3EF4534F5593EEE974CE1EB051E13D9550C13235188E25CA80833295D4C,IMPHASH=F34D5F2D4577ED6D9CEEC516C1F5A744, SHA256 Hash=E8DBB3EF4534F5593EEE974CE1EB051E13D9550C13235188E25CA80833295D4C, Parent Process GUID=5E5FB9E6-F446-6A43-98D6-010000003000, Integrity Level=High, sysmon-parentimage=F:\Hispro\HISpro\HIS.exe, Description=Description: HLS.WCFClient Product, File Hash=5819F95410DA6624FA8F214148CDC80C5901D419, Token Elevation Type=N/A, Message=N/A, sysmon-rulename=-, Encoded Command=N/A, Logon Account Domain=DOMAIN_0001.LOCAL, Process Name=HLS.WCFClient.exe, Parent Process ID=16056, sysmon-parentcommandline=""F:\Hispro\HISpro\HIS.exe"", Logon Type=N/A, sysmon-integritylevel=High, sysmon-logonguid={5E5FB9E6-E5AA-6981-A0F0-560000000000}, Account Security ID=S-1-5-21-0002, Share Name=N/A, Authentication Package=N/A, sysmon-processguid={5E5FB9E6-143C-6A78-6BE5-020000003000}, Realm=DOMAIN_0001.LOCAL, Account ID=S-1-5-21-0002, sysmon-description=HLS.WCFClient, Process Path=F:\Hispro\HISpro\HLS.WCFClient.exe, Status Code=N/A, Product Name=HLS.WCFClient, User Domain=DOMAIN_0001.LOCAL, Encoded Argument=N/A, Target Username=USER_0004, Event ID=1, sysmon-parentprocessid=16056, Product Company=Microsoft, sysmon-fileversion=1.0.0.0, sysmon-parentprocessguid={5E5FB9E6-F446-6A43-98D6-010000003000}, sysmon-user=USER_0002, Command=""F:\Hispro\HISpro\HLS.WCFClient.exe"" |AcsBaseUri|http://10.0.0.27:1401/|SdaBaseUri|http://10.0.0.27:1410/|SarBaseUri|http://10.0.0.27:1409/|MosBaseUri|http://10.0.0.27:1408/|ApplicationCode|HIS|TokenCode|21f33f4a09f028134e479dba730560f01ca6930b3c18c05ed2bb9abbbc46b106|CacheType|1|RedisSaveType|0|PreNamespaceFolder||isReloadAllCache|0, sysmon-originalfilename=HLS.WCFClient.exe, Process ID=64412, sysmon-image=F:\Hispro\HISpro\HLS.WCFClient.exe, Machine Identifier=HOST_0067, Target Account Security ID=S-1-5-21-0002, sysmon-commandline=""F:\Hispro\HISpro\HLS.WCFClient.exe"" |AcsBaseUri|http://10.0.0.27:1401/|SdaBaseUri|http://10.0.0.27:1410/|SarBaseUri|http://10.0.0.27:1409/|MosBaseUri|http://10.0.0.27:1408/|ApplicationCode|HIS|TokenCode|21f33f4a09f028134e479dba730560f01ca6930b3c18c05ed2bb9abbbc46b106|CacheType|1|RedisSaveType|0|PreNamespaceFolder||isReloadAllCache|0, Device Name=HOST_0067, IMP Hash=F34D5F2D4577ED6D9CEEC516C1F5A744, Current Working Directory=F:\Hispro\HISpro\, Parent Process Path=F:\Hispro\HISpro\HIS.exe, sysmon-terminalsessionid=2}",false,MAC_0001,MAC_0002,[REDACTED_DUPLICATE_PAYLOAD],3,27863,0,12,false,0:0:0:0:0:0:0:0,N/A,0,N/A,8110,"<13>Aug 09 12:46:39 10.0.0.27 AgentDevice=WindowsLog	AgentLogFile=Microsoft-Windows-Sysmon/Operational	PluginVersion=7.3.1.28	Source=Microsoft-Windows-Sysmon	Computer=EMR_APP_1_111	OriginatingComputer=EMR_APP_1_111	User=USER_0002	Domain=DOMAIN_0006.LOCAL	EventID=1	EventIDCode=1	EventType=4	EventCategory=1	RecordNumber=1372699328	TimeGenerated=1786254396	TimeWritten=1786254396	Level=Informational	Keywords=0x8000000000000000	Task=SysmonTask-SYSMON_CREATE_PROCESS	Opcode=Info	Message=Process Create: RuleName: - UtcTime: 2026-08-09 05:46:36.134 ProcessGuid: {5E5FB9E6-143C-6A78-6BE5-020000003000} ProcessId: 64412 Image: F:\Hispro\HISpro\HLS.WCFClient.exe FileVersion: 203.0.0.12 Description: HLS.WCFClient Product: HLS.WCFClient Company: Microsoft OriginalFileName: HLS.WCFClient.exe CommandLine: ""F:\Hispro\HISpro\HLS.WCFClient.exe"" |AcsBaseUri|http://10.0.0.27:1401/|SdaBaseUri|http://10.0.0.27:1410/|SarBaseUri|http://10.0.0.27:1409/|MosBaseUri|http://10.0.0.27:1408/|ApplicationCode|HIS|TokenCode|21f33f4a09f028134e479dba730560f01ca6930b3c18c05ed2bb9abbbc46b106|CacheType|1|RedisSaveType|0|PreNamespaceFolder||isReloadAllCache|0 CurrentDirectory: F:\Hispro\HISpro\ User: DOMAIN_0071.LOCAL\USER_0030 LogonGuid: {5E5FB9E6-E5AA-6981-A0F0-560000000000} LogonId: 0x56F0A0 TerminalSessionId: 2 IntegrityLevel: High Hashes: SHA1=5819F95410DA6624FA8F214148CDC80C5901D419,MD5=CC5C79BE16BFE24469D44F5B0DE46E0F,SHA256=E8DBB3EF4534F5593EEE974CE1EB051E13D9550C13235188E25CA80833295D4C,IMPHASH=F34D5F2D4577ED6D9CEEC516C1F5A744 ParentProcessGuid: {5E5FB9E6-F446-6A43-98D6-010000003000} ParentProcessId: 16056 ParentImage: F:\Hispro\HISpro\HIS.exe ParentCommandLine: ""F:\Hispro\HISpro\HIS.exe""  ",Process Creation Success,N/A,1,0,unknown,N/A,Process Create,unknown,0,null,1786254396000,255,0,false,0,"true""""",Microsoft-Windows-Sysmon/Operational,HOST_0004,The process creation event provides extended information about a newly created process.,0,1786254407994,No Offense,255,HOST_0068 @ 10.0.0.27,false,3,false,N/A,10.0.0.27,false,1786254407994,5,NETWORK_0011,43,1,0,2,-1,HOST_0004,[REDACTED_DUPLICATE_PAYLOAD],USER_0002,5001828,false,null,N/A,"12:46:47, 9 thg 8, 2026","12:46:36, 9 thg 8, 2026",MAC_0002,HOST_0046,482,0,false,10.0.0.27,0,N/A,10.0.0.3,1,"12:46:47, 9 thg 8, 2026",0:0:0:0:0:0:0:0,N/A,null,"100221,100265,109237,109187,156193,166362,100272,134937,166353"
N/A,false,0,0,USER_0004,10.0.0.27,"{sysmon-eventid=1, Parent Process Name=cmd.exe, Pipe Name=N/A, File Directory=N/A, sysmon-processid=53092, channel=Microsoft-Windows-Sysmon/Operational, sysmon-username= NT DOMAIN_0008.LOCAL\USER_0002, Parent Command=C:\Windows\system32\cmd.exe /c cscript //nologo %windir%\system32\slmgr.vbs /dli 2>&1, Object Name=N/A, Account Name=USER_0004, sysmon-currentdirectory=C:\Windows\system32\, Target User Domain=DOMAIN_0001.LOCAL, Logon Account Name=USER_0004, Product Description=Microsoft ® Console Based Script Host, EventIDCode=1, Terminated Process Name=N/A, MD5 Hash=9578AFF0AC49AAADB5A028B9B6D13C6E, Filename=N/A, Key Length=N/A, sysmon-logonid=0x3E7, ProgramName=N/A, Process GUID=5E5FB9E6-13CF-6A78-6AE5-020000003000, SHA1 Hash=D67986B9CFE1397EBE27E16D9852B52AEE9B95C6, File Extension=N/A, Object Type=N/A, sysmon-hash=SHA1=D67986B9CFE1397EBE27E16D9852B52AEE9B95C6,MD5=9578AFF0AC49AAADB5A028B9B6D13C6E,SHA256=67A0A3413A99DFFD421992E2AD6DECBF4A78C3E063F414201B5D2232AE96B0F7,IMPHASH=77838A7D26CC1C7050C41CF6165BAD0E, SHA256 Hash=67A0A3413A99DFFD421992E2AD6DECBF4A78C3E063F414201B5D2232AE96B0F7, Parent Process GUID=5E5FB9E6-13CF-6A78-68E5-020000003000, Integrity Level=System, sysmon-parentimage=C:\Windows\System32\cmd.exe, Description=Description: Microsoft ® Console Based Script Host Product, File Hash=D67986B9CFE1397EBE27E16D9852B52AEE9B95C6, Token Elevation Type=N/A, Message=N/A, sysmon-rulename=-, Encoded Command=N/A, Logon Account Domain=DOMAIN_0001.LOCAL, Process Name=cscript.exe, Parent Process ID=54620, sysmon-parentcommandline=C:\Windows\system32\cmd.exe /c cscript //nologo %windir%\system32\slmgr.vbs /dli 2>&1, Logon Type=N/A, sysmon-integritylevel=System, sysmon-logonguid={5E5FB9E6-DEE1-6981-E703-000000000000}, Account Security ID=S-1-5-21-0002, Share Name=N/A, Authentication Package=N/A, sysmon-processguid={5E5FB9E6-13CF-6A78-6AE5-020000003000}, Realm=DOMAIN_0001.LOCAL, Account ID=S-1-5-21-0002, sysmon-description=Microsoft ® Console Based Script Host, Process Path=C:\Windows\System32\cscript.exe, Status Code=N/A, Product Name=Microsoft ® Windows Script Host, User Domain=DOMAIN_0001.LOCAL, Encoded Argument=N/A, Target Username=USER_0004, Event ID=1, sysmon-parentprocessid=54620, Product Company=Microsoft Corporation, sysmon-fileversion=5.812.10240.16384, sysmon-parentprocessguid={5E5FB9E6-13CF-6A78-68E5-020000003000}, sysmon-user=USER_0002, Command=cscript  //nologo C:\Windows\system32\slmgr.vbs /dli , sysmon-originalfilename=cscript.exe, Process ID=53092, sysmon-image=C:\Windows\System32\cscript.exe, Machine Identifier=HOST_0067, Target Account Security ID=S-1-5-21-0002, sysmon-commandline=cscript  //nologo C:\Windows\system32\slmgr.vbs /dli , Device Name=HOST_0067, IMP Hash=77838A7D26CC1C7050C41CF6165BAD0E, Current Working Directory=C:\Windows\system32\, Parent Process Path=C:\Windows\System32\cmd.exe, sysmon-terminalsessionid=0}",false,MAC_0001,MAC_0002,[REDACTED_DUPLICATE_PAYLOAD],3,27863,0,12,false,0:0:0:0:0:0:0:0,N/A,0,N/A,8110,"<13>Aug 09 12:44:48 10.0.0.27 AgentDevice=WindowsLog	AgentLogFile=Microsoft-Windows-Sysmon/Operational	PluginVersion=7.3.1.28	Source=Microsoft-Windows-Sysmon	Computer=EMR_APP_1_111	OriginatingComputer=EMR_APP_1_111	User=USER_0002	Domain=DOMAIN_0006.LOCAL	EventID=1	EventIDCode=1	EventType=4	EventCategory=1	RecordNumber=1372697022	TimeGenerated=1786254287	TimeWritten=1786254287	Level=Informational	Keywords=0x8000000000000000	Task=SysmonTask-SYSMON_CREATE_PROCESS	Opcode=Info	Message=Process Create: RuleName: - UtcTime: 2026-08-09 05:44:47.975 ProcessGuid: {5E5FB9E6-13CF-6A78-6AE5-020000003000} ProcessId: 53092 Image: C:\Windows\System32\cscript.exe FileVersion: 5.812.10240.16384 Description: Microsoft ® Console Based Script Host Product: Microsoft ® Windows Script Host Company: Microsoft Corporation OriginalFileName: cscript.exe CommandLine: cscript  //nologo C:\Windows\system32\slmgr.vbs /dli  CurrentDirectory: C:\Windows\system32\ User: NT DOMAIN_0008.LOCAL\USER_0002 LogonGuid: {5E5FB9E6-DEE1-6981-E703-000000000000} LogonId: 0x3E7 TerminalSessionId: 0 IntegrityLevel: System Hashes: SHA1=D67986B9CFE1397EBE27E16D9852B52AEE9B95C6,MD5=9578AFF0AC49AAADB5A028B9B6D13C6E,SHA256=67A0A3413A99DFFD421992E2AD6DECBF4A78C3E063F414201B5D2232AE96B0F7,IMPHASH=77838A7D26CC1C7050C41CF6165BAD0E ParentProcessGuid: {5E5FB9E6-13CF-6A78-68E5-020000003000} ParentProcessId: 54620 ParentImage: C:\Windows\System32\cmd.exe ParentCommandLine: C:\Windows\system32\cmd.exe /c cscript //nologo %windir%\system32\slmgr.vbs /dli 2>&1 ",Process Creation Success,N/A,1,0,unknown,N/A,Process Create,unknown,0,null,1786254287000,255,0,false,0,"true""""",Microsoft-Windows-Sysmon/Operational,HOST_0004,The process creation event provides extended information about a newly created process.,0,1786254291132,No Offense,255,HOST_0068 @ 10.0.0.27,false,3,false,N/A,10.0.0.27,false,1786254351132,5,NETWORK_0011,43,1,0,2,-1,HOST_0004,[REDACTED_DUPLICATE_PAYLOAD],USER_0002,5001828,false,null,N/A,"12:44:51, 9 thg 8, 2026","12:44:47, 9 thg 8, 2026",MAC_0002,HOST_0046,482,0,false,10.0.0.27,0,N/A,10.0.0.3,2,"12:45:51, 9 thg 8, 2026",0:0:0:0:0:0:0:0,N/A,null,"100221,100265,109237,109187,100668,156193,146162,166362,100272,100677,134937,166353"
N/A,false,0,0,USER_0004,10.0.0.27,"{sysmon-eventid=1, Parent Process Name=firefox.exe, Pipe Name=N/A, File Directory=N/A, sysmon-processid=60712, channel=Microsoft-Windows-Sysmon/Operational, sysmon-username= DOMAIN_0071.LOCAL\USER_0030, Parent Command=""C:\Program DOMAIN_0004.LOCAL\USER_0318 DOMAIN_0072.LOCAL\USER_0319"" --MOZ_LOG sync,prependheader,timestamp,append,maxsize:1,Dump:5 --MOZ_LOG_FILE C:\ProgramData\Mozilla-1de4eec8-1241-4177-a864-e594e8d1fb38\updates\308046B0AF4A39CB\backgroundupdate.moz_log --backgroundtask backgroundupdate, Object Name=N/A, Account Name=USER_0004, sysmon-currentdirectory=C:\ProgramData\Mozilla-1de4eec8-1241-4177-a864-e594e8d1fb38\updates\308046B0AF4A39CB\, Target User Domain=DOMAIN_0001.LOCAL, Logon Account Name=USER_0004, Product Description=-, EventIDCode=1, Terminated Process Name=N/A, MD5 Hash=F9838C9A315ED61EECEDCC8F29FC0226, Filename=N/A, Key Length=N/A, sysmon-logonid=0x56F0A0, ProgramName=N/A, Process GUID=5E5FB9E6-13AA-6A78-67E5-020000003000, SHA1 Hash=413D6871638FB9C5F9EE3427D278703DA6E51C7E, File Extension=N/A, Object Type=N/A, sysmon-hash=SHA1=413D6871638FB9C5F9EE3427D278703DA6E51C7E,MD5=F9838C9A315ED61EECEDCC8F29FC0226,SHA256=3F31011D509D948243BC4B1C233613FD25799DAF28971F8DFC846DAEC1B4D6B8,IMPHASH=F24C38E67ADDC15C672AAAD1E36C1115, SHA256 Hash=3F31011D509D948243BC4B1C233613FD25799DAF28971F8DFC846DAEC1B4D6B8, Parent Process GUID=5E5FB9E6-13AA-6A78-66E5-020000003000, Integrity Level=Medium, sysmon-parentimage=C:\Program Files\Mozilla Firefox\firefox.exe, Description=Description: - Product, File Hash=413D6871638FB9C5F9EE3427D278703DA6E51C7E, Token Elevation Type=N/A, Message=N/A, sysmon-rulename=-, Encoded Command=N/A, Logon Account Domain=DOMAIN_0001.LOCAL, Process Name=crashhelper.exe, Parent Process ID=63472, sysmon-parentcommandline=""C:\Program DOMAIN_0004.LOCAL\USER_0318 DOMAIN_0072.LOCAL\USER_0319"" --MOZ_LOG sync,prependheader,timestamp,append,maxsize:1,Dump:5 --MOZ_LOG_FILE C:\ProgramData\Mozilla-1de4eec8-1241-4177-a864-e594e8d1fb38\updates\308046B0AF4A39CB\backgroundupdate.moz_log --backgroundtask backgroundupdate, Logon Type=N/A, sysmon-integritylevel=Medium, sysmon-logonguid={5E5FB9E6-E5AA-6981-A0F0-560000000000}, Account Security ID=S-1-5-21-0002, Share Name=N/A, Authentication Package=N/A, sysmon-processguid={5E5FB9E6-13AA-6A78-67E5-020000003000}, Realm=DOMAIN_0001.LOCAL, Account ID=S-1-5-21-0002, sysmon-description=-, Process Path=C:\Program DOMAIN_0004.LOCAL\USER_0318 DOMAIN_0072.LOCAL\USER_0320, Status Code=N/A, Product Name=Firefox, User Domain=DOMAIN_0001.LOCAL, Encoded Argument=N/A, Target Username=USER_0004, Event ID=1, sysmon-parentprocessid=63472, Product Company=Mozilla Foundation, sysmon-fileversion=143.0, sysmon-parentprocessguid={5E5FB9E6-13AA-6A78-66E5-020000003000}, sysmon-user=USER_0002, Command=""C:\Program DOMAIN_0004.LOCAL\USER_0318 DOMAIN_0072.LOCAL\USER_0320"" ""63472"" ""\\.\pipe\gecko-crash-server-pipe.63472"" ""C:\Users\USER_0321\AppData\Local\Temp\\"" ""644"" ""636"", sysmon-originalfilename=crashhelper.exe, Process ID=60712, sysmon-image=C:\Program Files\Mozilla Firefox\crashhelper.exe, Machine Identifier=HOST_0067, Target Account Security ID=S-1-5-21-0002, sysmon-commandline=""C:\Program DOMAIN_0004.LOCAL\USER_0318 DOMAIN_0072.LOCAL\USER_0320"" ""63472"" ""\\.\pipe\gecko-crash-server-pipe.63472"" ""C:\Users\USER_0321\AppData\Local\Temp\\"" ""644"" ""636"", Device Name=HOST_0067, IMP Hash=F24C38E67ADDC15C672AAAD1E36C1115, Current Working Directory=C:\ProgramData\Mozilla-1de4eec8-1241-4177-a864-e594e8d1fb38\updates\308046B0AF4A39CB\, Parent Process Path=C:\Program DOMAIN_0004.LOCAL\USER_0318 DOMAIN_0072.LOCAL\USER_0319, sysmon-terminalsessionid=2}",false,MAC_0001,MAC_0002,[REDACTED_DUPLICATE_PAYLOAD],3,27863,0,12,false,0:0:0:0:0:0:0:0,N/A,0,N/A,8110,"<13>Aug 09 12:44:12 10.0.0.27 AgentDevice=WindowsLog	AgentLogFile=Microsoft-Windows-Sysmon/Operational	PluginVersion=7.3.1.28	Source=Microsoft-Windows-Sysmon	Computer=EMR_APP_1_111	OriginatingComputer=EMR_APP_1_111	User=USER_0002	Domain=DOMAIN_0006.LOCAL	EventID=1	EventIDCode=1	EventType=4	EventCategory=1	RecordNumber=1372696018	TimeGenerated=1786254250	TimeWritten=1786254250	Level=Informational	Keywords=0x8000000000000000	Task=SysmonTask-SYSMON_CREATE_PROCESS	Opcode=Info	Message=Process Create: RuleName: - UtcTime: 2026-08-09 05:44:10.308 ProcessGuid: {5E5FB9E6-13AA-6A78-67E5-020000003000} ProcessId: 60712 Image: C:\Program DOMAIN_0004.LOCAL\USER_0318 DOMAIN_0072.LOCAL\USER_0320 FileVersion: 143.0 Description: - Product: Firefox Company: Mozilla Foundation OriginalFileName: crashhelper.exe CommandLine: ""C:\Program DOMAIN_0004.LOCAL\USER_0318 DOMAIN_0072.LOCAL\USER_0320"" ""63472"" ""\\.\pipe\gecko-crash-server-pipe.63472"" ""C:\Users\USER_0321\AppData\Local\Temp\\"" ""644"" ""636"" CurrentDirectory: C:\ProgramData\Mozilla-1de4eec8-1241-4177-a864-e594e8d1fb38\updates\308046B0AF4A39CB\ User: DOMAIN_0071.LOCAL\USER_0030 LogonGuid: {5E5FB9E6-E5AA-6981-A0F0-560000000000} LogonId: 0x56F0A0 TerminalSessionId: 2 IntegrityLevel: Medium Hashes: SHA1=413D6871638FB9C5F9EE3427D278703DA6E51C7E,MD5=F9838C9A315ED61EECEDCC8F29FC0226,SHA256=3F31011D509D948243BC4B1C233613FD25799DAF28971F8DFC846DAEC1B4D6B8,IMPHASH=F24C38E67ADDC15C672AAAD1E36C1115 ParentProcessGuid: {5E5FB9E6-13AA-6A78-66E5-020000003000} ParentProcessId: 63472 ParentImage: C:\Program DOMAIN_0004.LOCAL\USER_0318 DOMAIN_0072.LOCAL\USER_0319 ParentCommandLine: ""C:\Program DOMAIN_0004.LOCAL\USER_0318 DOMAIN_0072.LOCAL\USER_0319"" --MOZ_LOG sync,prependheader,timestamp,append,maxsize:1,Dump:5 --MOZ_LOG_FILE C:\ProgramData\Mozilla-1de4eec8-1241-4177-a864-e594e8d1fb38\updates\308046B0AF4A39CB\backgroundupdate.moz_log --backgroundtask backgroundupdate ",Process Creation Success,N/A,1,0,unknown,N/A,Process Create,unknown,0,null,1786254250000,255,0,false,0,"true""""",Microsoft-Windows-Sysmon/Operational,HOST_0004,The process creation event provides extended information about a newly created process.,0,1786254259993,No Offense,255,HOST_0068 @ 10.0.0.27,false,3,false,N/A,10.0.0.27,false,1786254259993,5,NETWORK_0011,43,1,0,2,-1,HOST_0004,[REDACTED_DUPLICATE_PAYLOAD],USER_0002,5001828,false,null,N/A,"12:44:19, 9 thg 8, 2026","12:44:10, 9 thg 8, 2026",MAC_0002,HOST_0046,482,0,false,10.0.0.27,0,N/A,10.0.0.3,2,"12:44:19, 9 thg 8, 2026",0:0:0:0:0:0:0:0,N/A,null,"100221,100265,109237,109187,156193,166362,100272,134937,166353"
N/A,false,0,0,USER_0004,10.0.0.27,"{sysmon-eventid=1, Parent Process Name=HIS.exe, Pipe Name=N/A, File Directory=N/A, sysmon-processid=49236, channel=Microsoft-Windows-Sysmon/Operational, sysmon-username= DOMAIN_0071.LOCAL\USER_0030, Parent Command=""F:\Hispro\HISpro\HIS.exe"" , Object Name=N/A, Account Name=USER_0004, sysmon-currentdirectory=F:\Hispro\HISpro\, Target User Domain=DOMAIN_0001.LOCAL, Logon Account Name=USER_0004, Product Description=HLS.WCFClient, EventIDCode=1, Terminated Process Name=N/A, MD5 Hash=CC5C79BE16BFE24469D44F5B0DE46E0F, Filename=N/A, Key Length=N/A, sysmon-logonid=0x56F0A0, ProgramName=N/A, Process GUID=5E5FB9E6-136E-6A78-64E5-020000003000, SHA1 Hash=5819F95410DA6624FA8F214148CDC80C5901D419, File Extension=N/A, Object Type=N/A, sysmon-hash=SHA1=5819F95410DA6624FA8F214148CDC80C5901D419,MD5=CC5C79BE16BFE24469D44F5B0DE46E0F,SHA256=E8DBB3EF4534F5593EEE974CE1EB051E13D9550C13235188E25CA80833295D4C,IMPHASH=F34D5F2D4577ED6D9CEEC516C1F5A744, SHA256 Hash=E8DBB3EF4534F5593EEE974CE1EB051E13D9550C13235188E25CA80833295D4C, Parent Process GUID=5E5FB9E6-F446-6A43-98D6-010000003000, Integrity Level=High, sysmon-parentimage=F:\Hispro\HISpro\HIS.exe, Description=Description: HLS.WCFClient Product, File Hash=5819F95410DA6624FA8F214148CDC80C5901D419, Token Elevation Type=N/A, Message=N/A, sysmon-rulename=-, Encoded Command=N/A, Logon Account Domain=DOMAIN_0001.LOCAL, Process Name=HLS.WCFClient.exe, Parent Process ID=16056, sysmon-parentcommandline=""F:\Hispro\HISpro\HIS.exe"", Logon Type=N/A, sysmon-integritylevel=High, sysmon-logonguid={5E5FB9E6-E5AA-6981-A0F0-560000000000}, Account Security ID=S-1-5-21-0002, Share Name=N/A, Authentication Package=N/A, sysmon-processguid={5E5FB9E6-136E-6A78-64E5-020000003000}, Realm=DOMAIN_0001.LOCAL, Account ID=S-1-5-21-0002, sysmon-description=HLS.WCFClient, Process Path=F:\Hispro\HISpro\HLS.WCFClient.exe, Status Code=N/A, Product Name=HLS.WCFClient, User Domain=DOMAIN_0001.LOCAL, Encoded Argument=N/A, Target Username=USER_0004, Event ID=1, sysmon-parentprocessid=16056, Product Company=Microsoft, sysmon-fileversion=1.0.0.0, sysmon-parentprocessguid={5E5FB9E6-F446-6A43-98D6-010000003000}, sysmon-user=USER_0002, Command=""F:\Hispro\HISpro\HLS.WCFClient.exe"" |AcsBaseUri|http://10.0.0.27:1401/|SdaBaseUri|http://10.0.0.27:1410/|SarBaseUri|http://10.0.0.27:1409/|MosBaseUri|http://10.0.0.27:1408/|ApplicationCode|HIS|TokenCode|21f33f4a09f028134e479dba730560f01ca6930b3c18c05ed2bb9abbbc46b106|CacheType|1|RedisSaveType|0|PreNamespaceFolder||isReloadAllCache|0, sysmon-originalfilename=HLS.WCFClient.exe, Process ID=49236, sysmon-image=F:\Hispro\HISpro\HLS.WCFClient.exe, Machine Identifier=HOST_0067, Target Account Security ID=S-1-5-21-0002, sysmon-commandline=""F:\Hispro\HISpro\HLS.WCFClient.exe"" |AcsBaseUri|http://10.0.0.27:1401/|SdaBaseUri|http://10.0.0.27:1410/|SarBaseUri|http://10.0.0.27:1409/|MosBaseUri|http://10.0.0.27:1408/|ApplicationCode|HIS|TokenCode|21f33f4a09f028134e479dba730560f01ca6930b3c18c05ed2bb9abbbc46b106|CacheType|1|RedisSaveType|0|PreNamespaceFolder||isReloadAllCache|0, Device Name=HOST_0067, IMP Hash=F34D5F2D4577ED6D9CEEC516C1F5A744, Current Working Directory=F:\Hispro\HISpro\, Parent Process Path=F:\Hispro\HISpro\HIS.exe, sysmon-terminalsessionid=2}",false,MAC_0001,MAC_0002,[REDACTED_DUPLICATE_PAYLOAD],3,27863,0,12,false,0:0:0:0:0:0:0:0,N/A,0,N/A,8110,"<13>Aug 09 12:43:12 10.0.0.27 AgentDevice=WindowsLog	AgentLogFile=Microsoft-Windows-Sysmon/Operational	PluginVersion=7.3.1.28	Source=Microsoft-Windows-Sysmon	Computer=EMR_APP_1_111	OriginatingComputer=EMR_APP_1_111	User=USER_0002	Domain=DOMAIN_0006.LOCAL	EventID=1	EventIDCode=1	EventType=4	EventCategory=1	RecordNumber=1372694649	TimeGenerated=1786254190	TimeWritten=1786254190	Level=Informational	Keywords=0x8000000000000000	Task=SysmonTask-SYSMON_CREATE_PROCESS	Opcode=Info	Message=Process Create: RuleName: - UtcTime: 2026-08-09 05:43:10.065 ProcessGuid: {5E5FB9E6-136E-6A78-64E5-020000003000} ProcessId: 49236 Image: F:\Hispro\HISpro\HLS.WCFClient.exe FileVersion: 203.0.0.12 Description: HLS.WCFClient Product: HLS.WCFClient Company: Microsoft OriginalFileName: HLS.WCFClient.exe CommandLine: ""F:\Hispro\HISpro\HLS.WCFClient.exe"" |AcsBaseUri|http://10.0.0.27:1401/|SdaBaseUri|http://10.0.0.27:1410/|SarBaseUri|http://10.0.0.27:1409/|MosBaseUri|http://10.0.0.27:1408/|ApplicationCode|HIS|TokenCode|21f33f4a09f028134e479dba730560f01ca6930b3c18c05ed2bb9abbbc46b106|CacheType|1|RedisSaveType|0|PreNamespaceFolder||isReloadAllCache|0 CurrentDirectory: F:\Hispro\HISpro\ User: DOMAIN_0071.LOCAL\USER_0030 LogonGuid: {5E5FB9E6-E5AA-6981-A0F0-560000000000} LogonId: 0x56F0A0 TerminalSessionId: 2 IntegrityLevel: High Hashes: SHA1=5819F95410DA6624FA8F214148CDC80C5901D419,MD5=CC5C79BE16BFE24469D44F5B0DE46E0F,SHA256=E8DBB3EF4534F5593EEE974CE1EB051E13D9550C13235188E25CA80833295D4C,IMPHASH=F34D5F2D4577ED6D9CEEC516C1F5A744 ParentProcessGuid: {5E5FB9E6-F446-6A43-98D6-010000003000} ParentProcessId: 16056 ParentImage: F:\Hispro\HISpro\HIS.exe ParentCommandLine: ""F:\Hispro\HISpro\HIS.exe""  ",Process Creation Success,N/A,1,0,unknown,N/A,Process Create,unknown,0,null,1786254190000,255,0,false,0,"true""""",Microsoft-Windows-Sysmon/Operational,HOST_0004,The process creation event provides extended information about a newly created process.,0,1786254196104,No Offense,255,HOST_0068 @ 10.0.0.27,false,3,false,N/A,10.0.0.27,false,1786254196104,5,NETWORK_0011,43,1,0,2,-1,HOST_0004,[REDACTED_DUPLICATE_PAYLOAD],USER_0002,5001828,false,null,N/A,"12:43:16, 9 thg 8, 2026","12:43:10, 9 thg 8, 2026",MAC_0002,HOST_0046,482,0,false,10.0.0.27,0,N/A,10.0.0.3,1,"12:43:16, 9 thg 8, 2026",0:0:0:0:0:0:0:0,N/A,null,"100221,100265,109237,109187,156193,166362,100272,134937,166353"
N/A,false,0,0,USER_0004,10.0.0.27,"{sysmon-eventid=1, Parent Process Name=cmd.exe, Pipe Name=N/A, File Directory=N/A, sysmon-processid=49320, channel=Microsoft-Windows-Sysmon/Operational, sysmon-username= NT DOMAIN_0008.LOCAL\USER_0002, Parent Command=C:\Windows\system32\cmd.exe /c cscript //nologo %windir%\system32\slmgr.vbs /dli 2>&1, Object Name=N/A, Account Name=USER_0004, sysmon-currentdirectory=C:\Windows\system32\, Target User Domain=DOMAIN_0001.LOCAL, Logon Account Name=USER_0004, Product Description=Microsoft ® Console Based Script Host, EventIDCode=1, Terminated Process Name=N/A, MD5 Hash=9578AFF0AC49AAADB5A028B9B6D13C6E, Filename=N/A, Key Length=N/A, sysmon-logonid=0x3E7, ProgramName=N/A, Process GUID=5E5FB9E6-12A2-6A78-63E5-020000003000, SHA1 Hash=D67986B9CFE1397EBE27E16D9852B52AEE9B95C6, File Extension=N/A, Object Type=N/A, sysmon-hash=SHA1=D67986B9CFE1397EBE27E16D9852B52AEE9B95C6,MD5=9578AFF0AC49AAADB5A028B9B6D13C6E,SHA256=67A0A3413A99DFFD421992E2AD6DECBF4A78C3E063F414201B5D2232AE96B0F7,IMPHASH=77838A7D26CC1C7050C41CF6165BAD0E, SHA256 Hash=67A0A3413A99DFFD421992E2AD6DECBF4A78C3E063F414201B5D2232AE96B0F7, Parent Process GUID=5E5FB9E6-12A2-6A78-61E5-020000003000, Integrity Level=System, sysmon-parentimage=C:\Windows\System32\cmd.exe, Description=Description: Microsoft ® Console Based Script Host Product, File Hash=D67986B9CFE1397EBE27E16D9852B52AEE9B95C6, Token Elevation Type=N/A, Message=N/A, sysmon-rulename=-, Encoded Command=N/A, Logon Account Domain=DOMAIN_0001.LOCAL, Process Name=cscript.exe, Parent Process ID=45728, sysmon-parentcommandline=C:\Windows\system32\cmd.exe /c cscript //nologo %windir%\system32\slmgr.vbs /dli 2>&1, Logon Type=N/A, sysmon-integritylevel=System, sysmon-logonguid={5E5FB9E6-DEE1-6981-E703-000000000000}, Account Security ID=S-1-5-21-0002, Share Name=N/A, Authentication Package=N/A, sysmon-processguid={5E5FB9E6-12A2-6A78-63E5-020000003000}, Realm=DOMAIN_0001.LOCAL, Account ID=S-1-5-21-0002, sysmon-description=Microsoft ® Console Based Script Host, Process Path=C:\Windows\System32\cscript.exe, Status Code=N/A, Product Name=Microsoft ® Windows Script Host, User Domain=DOMAIN_0001.LOCAL, Encoded Argument=N/A, Target Username=USER_0004, Event ID=1, sysmon-parentprocessid=45728, Product Company=Microsoft Corporation, sysmon-fileversion=5.812.10240.16384, sysmon-parentprocessguid={5E5FB9E6-12A2-6A78-61E5-020000003000}, sysmon-user=USER_0002, Command=cscript  //nologo C:\Windows\system32\slmgr.vbs /dli , sysmon-originalfilename=cscript.exe, Process ID=49320, sysmon-image=C:\Windows\System32\cscript.exe, Machine Identifier=HOST_0067, Target Account Security ID=S-1-5-21-0002, sysmon-commandline=cscript  //nologo C:\Windows\system32\slmgr.vbs /dli , Device Name=HOST_0067, IMP Hash=77838A7D26CC1C7050C41CF6165BAD0E, Current Working Directory=C:\Windows\system32\, Parent Process Path=C:\Windows\System32\cmd.exe, sysmon-terminalsessionid=0}",false,MAC_0001,MAC_0002,[REDACTED_DUPLICATE_PAYLOAD],3,27863,0,12,false,0:0:0:0:0:0:0:0,N/A,0,N/A,8110,"<13>Aug 09 12:39:48 10.0.0.27 AgentDevice=WindowsLog	AgentLogFile=Microsoft-Windows-Sysmon/Operational	PluginVersion=7.3.1.28	Source=Microsoft-Windows-Sysmon	Computer=EMR_APP_1_111	OriginatingComputer=EMR_APP_1_111	User=USER_0002	Domain=DOMAIN_0006.LOCAL	EventID=1	EventIDCode=1	EventType=4	EventCategory=1	RecordNumber=1372690318	TimeGenerated=1786253986	TimeWritten=1786253986	Level=Informational	Keywords=0x8000000000000000	Task=SysmonTask-SYSMON_CREATE_PROCESS	Opcode=Info	Message=Process Create: RuleName: - UtcTime: 2026-08-09 05:39:46.218 ProcessGuid: {5E5FB9E6-12A2-6A78-63E5-020000003000} ProcessId: 49320 Image: C:\Windows\System32\cscript.exe FileVersion: 5.812.10240.16384 Description: Microsoft ® Console Based Script Host Product: Microsoft ® Windows Script Host Company: Microsoft Corporation OriginalFileName: cscript.exe CommandLine: cscript  //nologo C:\Windows\system32\slmgr.vbs /dli  CurrentDirectory: C:\Windows\system32\ User: NT DOMAIN_0008.LOCAL\USER_0002 LogonGuid: {5E5FB9E6-DEE1-6981-E703-000000000000} LogonId: 0x3E7 TerminalSessionId: 0 IntegrityLevel: System Hashes: SHA1=D67986B9CFE1397EBE27E16D9852B52AEE9B95C6,MD5=9578AFF0AC49AAADB5A028B9B6D13C6E,SHA256=67A0A3413A99DFFD421992E2AD6DECBF4A78C3E063F414201B5D2232AE96B0F7,IMPHASH=77838A7D26CC1C7050C41CF6165BAD0E ParentProcessGuid: {5E5FB9E6-12A2-6A78-61E5-020000003000} ParentProcessId: 45728 ParentImage: C:\Windows\System32\cmd.exe ParentCommandLine: C:\Windows\system32\cmd.exe /c cscript //nologo %windir%\system32\slmgr.vbs /dli 2>&1 ",Process Creation Success,N/A,1,0,unknown,N/A,Process Create,unknown,0,null,1786253986000,255,0,false,0,"true""""",Microsoft-Windows-Sysmon/Operational,HOST_0004,The process creation event provides extended information about a newly created process.,0,1786253994995,No Offense,255,HOST_0068 @ 10.0.0.27,false,3,false,N/A,10.0.0.27,false,1786254054995,5,NETWORK_0011,43,1,0,2,-1,HOST_0004,[REDACTED_DUPLICATE_PAYLOAD],USER_0002,5001828,false,null,N/A,"12:39:54, 9 thg 8, 2026","12:39:46, 9 thg 8, 2026",MAC_0002,HOST_0046,482,0,false,10.0.0.27,0,N/A,10.0.0.3,3,"12:40:54, 9 thg 8, 2026",0:0:0:0:0:0:0:0,N/A,null,"100221,100265,109237,109187,100668,156193,146162,166362,100272,100677,134937,166353"
N/A,false,0,0,USER_0004,10.0.0.27,"{sysmon-eventid=1, Parent Process Name=HIS.exe, Pipe Name=N/A, File Directory=N/A, sysmon-processid=61776, channel=Microsoft-Windows-Sysmon/Operational, sysmon-username= DOMAIN_0071.LOCAL\USER_0030, Parent Command=""F:\Hispro\HISpro\HIS.exe"" , Object Name=N/A, Account Name=USER_0004, sysmon-currentdirectory=F:\Hispro\HISpro\, Target User Domain=DOMAIN_0001.LOCAL, Logon Account Name=USER_0004, Product Description=HLS.WCFClient, EventIDCode=1, Terminated Process Name=N/A, MD5 Hash=CC5C79BE16BFE24469D44F5B0DE46E0F, Filename=N/A, Key Length=N/A, sysmon-logonid=0x56F0A0, ProgramName=N/A, Process GUID=5E5FB9E6-11D1-6A78-5FE5-020000003000, SHA1 Hash=5819F95410DA6624FA8F214148CDC80C5901D419, File Extension=N/A, Object Type=N/A, sysmon-hash=SHA1=5819F95410DA6624FA8F214148CDC80C5901D419,MD5=CC5C79BE16BFE24469D44F5B0DE46E0F,SHA256=E8DBB3EF4534F5593EEE974CE1EB051E13D9550C13235188E25CA80833295D4C,IMPHASH=F34D5F2D4577ED6D9CEEC516C1F5A744, SHA256 Hash=E8DBB3EF4534F5593EEE974CE1EB051E13D9550C13235188E25CA80833295D4C, Parent Process GUID=5E5FB9E6-F446-6A43-98D6-010000003000, Integrity Level=High, sysmon-parentimage=F:\Hispro\HISpro\HIS.exe, Description=Description: HLS.WCFClient Product, File Hash=5819F95410DA6624FA8F214148CDC80C5901D419, Token Elevation Type=N/A, Message=N/A, sysmon-rulename=-, Encoded Command=N/A, Logon Account Domain=DOMAIN_0001.LOCAL, Process Name=HLS.WCFClient.exe, Parent Process ID=16056, sysmon-parentcommandline=""F:\Hispro\HISpro\HIS.exe"", Logon Type=N/A, sysmon-integritylevel=High, sysmon-logonguid={5E5FB9E6-E5AA-6981-A0F0-560000000000}, Account Security ID=S-1-5-21-0002, Share Name=N/A, Authentication Package=N/A, sysmon-processguid={5E5FB9E6-11D1-6A78-5FE5-020000003000}, Realm=DOMAIN_0001.LOCAL, Account ID=S-1-5-21-0002, sysmon-description=HLS.WCFClient, Process Path=F:\Hispro\HISpro\HLS.WCFClient.exe, Status Code=N/A, Product Name=HLS.WCFClient, User Domain=DOMAIN_0001.LOCAL, Encoded Argument=N/A, Target Username=USER_0004, Event ID=1, sysmon-parentprocessid=16056, Product Company=Microsoft, sysmon-fileversion=1.0.0.0, sysmon-parentprocessguid={5E5FB9E6-F446-6A43-98D6-010000003000}, sysmon-user=USER_0002, Command=""F:\Hispro\HISpro\HLS.WCFClient.exe"" |AcsBaseUri|http://10.0.0.27:1401/|SdaBaseUri|http://10.0.0.27:1410/|SarBaseUri|http://10.0.0.27:1409/|MosBaseUri|http://10.0.0.27:1408/|ApplicationCode|HIS|TokenCode|21f33f4a09f028134e479dba730560f01ca6930b3c18c05ed2bb9abbbc46b106|CacheType|1|RedisSaveType|0|PreNamespaceFolder||isReloadAllCache|0, sysmon-originalfilename=HLS.WCFClient.exe, Process ID=61776, sysmon-image=F:\Hispro\HISpro\HLS.WCFClient.exe, Machine Identifier=HOST_0067, Target Account Security ID=S-1-5-21-0002, sysmon-commandline=""F:\Hispro\HISpro\HLS.WCFClient.exe"" |AcsBaseUri|http://10.0.0.27:1401/|SdaBaseUri|http://10.0.0.27:1410/|SarBaseUri|http://10.0.0.27:1409/|MosBaseUri|http://10.0.0.27:1408/|ApplicationCode|HIS|TokenCode|21f33f4a09f028134e479dba730560f01ca6930b3c18c05ed2bb9abbbc46b106|CacheType|1|RedisSaveType|0|PreNamespaceFolder||isReloadAllCache|0, Device Name=HOST_0067, IMP Hash=F34D5F2D4577ED6D9CEEC516C1F5A744, Current Working Directory=F:\Hispro\HISpro\, Parent Process Path=F:\Hispro\HISpro\HIS.exe, sysmon-terminalsessionid=2}",false,MAC_0001,MAC_0002,[REDACTED_DUPLICATE_PAYLOAD],3,27863,0,12,false,0:0:0:0:0:0:0:0,N/A,0,N/A,8110,"<13>Aug 09 12:36:18 10.0.0.27 AgentDevice=WindowsLog	AgentLogFile=Microsoft-Windows-Sysmon/Operational	PluginVersion=7.3.1.28	Source=Microsoft-Windows-Sysmon	Computer=EMR_APP_1_111	OriginatingComputer=EMR_APP_1_111	User=USER_0002	Domain=DOMAIN_0006.LOCAL	EventID=1	EventIDCode=1	EventType=4	EventCategory=1	RecordNumber=1372685768	TimeGenerated=1786253777	TimeWritten=1786253777	Level=Informational	Keywords=0x8000000000000000	Task=SysmonTask-SYSMON_CREATE_PROCESS	Opcode=Info	Message=Process Create: RuleName: - UtcTime: 2026-08-09 05:36:17.926 ProcessGuid: {5E5FB9E6-11D1-6A78-5FE5-020000003000} ProcessId: 61776 Image: F:\Hispro\HISpro\HLS.WCFClient.exe FileVersion: 203.0.0.12 Description: HLS.WCFClient Product: HLS.WCFClient Company: Microsoft OriginalFileName: HLS.WCFClient.exe CommandLine: ""F:\Hispro\HISpro\HLS.WCFClient.exe"" |AcsBaseUri|http://10.0.0.27:1401/|SdaBaseUri|http://10.0.0.27:1410/|SarBaseUri|http://10.0.0.27:1409/|MosBaseUri|http://10.0.0.27:1408/|ApplicationCode|HIS|TokenCode|21f33f4a09f028134e479dba730560f01ca6930b3c18c05ed2bb9abbbc46b106|CacheType|1|RedisSaveType|0|PreNamespaceFolder||isReloadAllCache|0 CurrentDirectory: F:\Hispro\HISpro\ User: DOMAIN_0071.LOCAL\USER_0030 LogonGuid: {5E5FB9E6-E5AA-6981-A0F0-560000000000} LogonId: 0x56F0A0 TerminalSessionId: 2 IntegrityLevel: High Hashes: SHA1=5819F95410DA6624FA8F214148CDC80C5901D419,MD5=CC5C79BE16BFE24469D44F5B0DE46E0F,SHA256=E8DBB3EF4534F5593EEE974CE1EB051E13D9550C13235188E25CA80833295D4C,IMPHASH=F34D5F2D4577ED6D9CEEC516C1F5A744 ParentProcessGuid: {5E5FB9E6-F446-6A43-98D6-010000003000} ParentProcessId: 16056 ParentImage: F:\Hispro\HISpro\HIS.exe ParentCommandLine: ""F:\Hispro\HISpro\HIS.exe""  ",Process Creation Success,N/A,1,0,unknown,N/A,Process Create,unknown,0,null,1786253777000,255,0,false,0,"true""""",Microsoft-Windows-Sysmon/Operational,HOST_0004,The process creation event provides extended information about a newly created process.,0,1786253783008,No Offense,255,HOST_0068 @ 10.0.0.27,false,3,false,N/A,10.0.0.27,false,1786253783008,5,NETWORK_0011,43,1,0,2,-1,HOST_0004,[REDACTED_DUPLICATE_PAYLOAD],USER_0002,5001828,false,null,N/A,"12:36:23, 9 thg 8, 2026","12:36:17, 9 thg 8, 2026",MAC_0002,HOST_0046,482,0,false,10.0.0.27,0,N/A,10.0.0.3,1,"12:36:23, 9 thg 8, 2026",0:0:0:0:0:0:0:0,N/A,null,"100221,100265,109237,109187,156193,166362,100272,134937,166353"
