N/A,false,0,0,USER_0004,10.0.0.12,"{sysmon-eventid=10, sysmon-sourceprocessid=6200, Pipe Name=N/A, sysmon-processid=6200, sysmon-sourceimage=C:\Windows\system32\ServerManager.exe, channel=Microsoft-Windows-Sysmon/Operational, Object Name=N/A, Target Details=N/A, Account Name=USER_0004, Target User Domain=DOMAIN_0001.LOCAL, sysmon-sourceprocessguid={C20AB55E-3287-67BC-BD08-000000001C00}, Logon Account Name=USER_0004, EventIDCode=10, HostApplication=N/A, sysmon-targetprocessid=21900, EngineVersion=N/A, sysmon-grantedaccess=0x1FFFFF, sysmon-utctime=2026-07-24 00:37:34.929, Key Length=N/A, HostId=N/A, ProgramName=N/A, Process GUID=C20AB55E-3287-67BC-BD08-000000001C00, ScriptName=N/A, Object Type=N/A, sysmon-targetprocessguid={C20AB55E-B3BA-6A62-4B1D-160000001C00}, Description=N/A, Message=N/A, Logon Account Domain=DOMAIN_0001.LOCAL, Target Process GUID=C20AB55E-B3BA-6A62-4B1D-160000001C00, Logon Type=N/A, PipelineId=N/A, sysmon-sourcethreadid=24892, Account Security ID=S-1-5-21-0002, Share Name=N/A, Authentication Package=N/A, sysmon-processguid=N/A, Realm=DOMAIN_0001.LOCAL, Account ID=S-1-5-21-0002, Process Path=C:\Windows\system32\ServerManager.exe, Status Code=N/A, RunspaceId=N/A, User Domain=DOMAIN_0001.LOCAL, Target Username=USER_0004, Event ID=10, HostVersion=N/A, sysmon-user=USER_0002, Command=N/A, Process ID=6200, Machine Identifier=HOST_0028, Target Account Security ID=S-1-5-21-0002, Device Name=HOST_0028, sysmon-targetimage=C:\Windows\system32\Configure-SMRemoting.exe, Access Mask=N/A}",false,MAC_0001,MAC_0002,[REDACTED_DUPLICATE_PAYLOAD],3,40791,0,12,false,0:0:0:0:0:0:0:0,N/A,0,N/A,8052,<13>Jul 24 07:37:35 10.0.0.12 AgentDevice=WindowsLog	AgentLogFile=Microsoft-Windows-Sysmon/Operational	PluginVersion=7.3.1.28	Source=Microsoft-Windows-Sysmon	Computer=HCC-LLTP-DB	OriginatingComputer=HCC-LLTP-DB	User=USER_0002	Domain=DOMAIN_0006.LOCAL	EventID=10	EventIDCode=10	EventType=4	EventCategory=10	RecordNumber=2036685660	TimeGenerated=1784853454	TimeWritten=1784853454	Level=Informational	Keywords=0x8000000000000000	Task=SysmonTask-SYSMON_ACCESS_PROCESS	Opcode=Info	Message=Process accessed: RuleName: - UtcTime: 2026-07-24 00:37:34.929 SourceProcessGUID: {C20AB55E-3287-67BC-BD08-000000001C00} SourceProcessId: 6200 SourceThreadId: 24892 SourceImage: C:\Windows\system32\ServerManager.exe TargetProcessGUID: {C20AB55E-B3BA-6A62-4B1D-160000001C00} TargetProcessId: 21900 TargetImage: C:\Windows\system32\Configure-SMRemoting.exe GrantedAccess: 0x1FFFFF CallTrace: C:\Windows\SYSTEM32\ntdll.dll+90d6a|C:\Windows\system32\KERNELBASE.dll+e120|C:\Windows\system32\KERNELBASE.dll+10d76|C:\Windows\system32\KERNEL32.dll+7983|C:\Windows\assembly\NativeImages_v4.0.30319_64\System\e30408788e6ae58b13026d86d4904782\System.ni.dll+32e550|C:\Windows\assembly\NativeImages_v4.0.30319_64\System\e30408788e6ae58b13026d86d4904782\System.ni.dll+28b2fd|C:\Windows\assembly\NativeImages_v4.0.30319_64\System\e30408788e6ae58b13026d86d4904782\System.ni.dll+28ac9c|C:\Windows\assembly\NativeImages_v4DOMAIN_0013.LOCAL\USER_0051#\36151302c744518974a412b74e6beb49\Microsoft.Windows.ServerManager.Common.ni.dll+0(wow64)|C:\Windows\assembly\NativeImages_v4DOMAIN_0013.LOCAL\USER_0051#\36151302c744518974a412b74e6beb49\Microsoft.Windows.ServerManager.Common.ni.dll+0(wow64)|C:\Windows\assembly\NativeImages_v4DOMAIN_0013.LOCAL\USER_0051#\36151302c744518974a412b74e6beb49\Microsoft.Windows.ServerManager.Common.ni.dll+0(wow64)|C:\Windows\Microsoft.NET\Framework64\v4DOMAIN_0015.LOCAL\USER_0033+5c93|C:\Windows\Microsoft.NET\Framework64\v4DOMAIN_0015.LOCAL\USER_0033+5b36|C:\Windows\Microsoft.NET\Framework64\v4DOMAIN_0015.LOCAL\USER_0033+1132c1|C:\Windows\Microsoft.NET\Framework64\v4DOMAIN_0015.LOCAL\USER_0033+11360f|C:\Windows\assembly\NativeImages_v4.0.30319_64\mscorlib\ccb48f84a5cca36e9b0205b6a65ee54a\mscorlib.ni.dll+f1fc34|C:\Windows\assembly\NativeImages_v4.0.30319_64\mscorlib\ccb48f84a5cca36e9b0205b6a65ee54a\mscorlib.ni.dll+4f4770|C:\Windows\assembly\NativeImages_v4.0.30319_64\mscorlib\ccb48f84a5cca36e9b0205b6a65ee54a\mscorlib.ni.dll+4f4604|C:\Windows\assembly\NativeImages_v4.0.30319_64\mscorlib\ccb48f84a5cca36e9b0205b6a65ee54a\mscorlib.ni.dll+4ff150|C:\Windows\assembly\NativeImages_v4.0.30319_64\mscorlib\ccb48f84a5cca36e9b0205b6a65ee54a\mscorlib.ni.dll+4ff76e|C:\Windows\Microsoft.NET\Framework64\v4DOMAIN_0015.LOCAL\USER_0033+5c93|C:\Windows\Microsoft.NET\Framework64\v4DOMAIN_0015.LOCAL\USER_0033+5b36|C:\Windows\Microsoft.NET\Framework64\v4DOMAIN_0015.LOCAL\USER_0033+6249|C:\Windows\Microsoft.NET\Framework64\v4DOMAIN_0015.LOCAL\USER_0033+ad89|C:\Windows\Microsoft.NET\Framework64\v4DOMAIN_0015.LOCAL\USER_0033+6a01 ,Information,N/A,1,0,unknown,N/A,ProcessAccess,unknown,0,null,1784853454000,255,0,false,0,"true""""",Microsoft-Windows-Sysmon/Operational,HOST_0004,"The process accessed event reports when a process opens another process, an operation that’s often followed by information queries or reading and writing the address space of the target process.",0,1784853460197,No Offense,255,HOST_0029 @ 10.0.0.12,false,3,false,N/A,10.0.0.12,false,1784853460197,5,NETWORK_0002,35,10,0,2,-1,HOST_0004,[REDACTED_DUPLICATE_PAYLOAD],USER_0002,5001829,false,null,N/A,"07:37:40, 24 thg 7, 2026","07:37:34, 24 thg 7, 2026",MAC_0002,HOST_0006,439,0,false,10.0.0.12,0,N/A,10.0.0.3,1,"07:37:40, 24 thg 7, 2026",0:0:0:0:0:0:0:0,N/A,null,"100221,100265,109237,109187,100668,156193,166363,100272,134937,166353"
N/A,false,0,0,USER_0004,10.0.0.12,"{sysmon-eventid=13, Description=N/A, Message=N/A, Pipe Name=N/A, Registry Key=\MuiCache\15b\52C64B7E, sysmon-processid=6200, channel=Microsoft-Windows-Sysmon/Operational, Target Object=HKU\S-1-5-21-728566140-106364507-3694018187-500_CLASSES\Local Settings\MuiCache\15b\52C64B7E\LanguageList, Logon Account Domain=DOMAIN_0001.LOCAL, Object Name=DOMAIN_0020.LOCAL\USER_0049DOMAIN_0021.LOCAL\USER_0050 Settings\MuiCache\15b\52C64B7E\LanguageList, Target Details=Binary Data, Process Name=ServerManager.exe, Registry Value Data=Binary Data, Account Name=USER_0004, Logon Type=N/A, sysmon-targetobject=HKU\S-1-5-21-728566140-106364507-3694018187-500_CLASSES\Local Settings\MuiCache\15b\52C64B7E\LanguageList, Target User Domain=DOMAIN_0001.LOCAL, Rule Name=-, Account Security ID=S-1-5-21-0002, Share Name=N/A, Authentication Package=N/A, sysmon-processguid={C20AB55E-3287-67BC-BD08-000000001C00}, Logon Account Name=USER_0004, Realm=DOMAIN_0001.LOCAL, EventIDCode=13, Account ID=S-1-5-21-0002, Process Path=C:\Windows\system32\ServerManager.exe, sysmon-utctime=2026-07-24 00:35:14.648, Status Code=N/A, Registry Value Name=LanguageList, User Domain=DOMAIN_0001.LOCAL, Key Length=N/A, Target Username=USER_0004, Event ID=13, ProgramName=N/A, Registry Hive=HKU, sysmon-eventtype=SetValue, sysmon-user=USER_0002, Process GUID=C20AB55E-3287-67BC-BD08-000000001C00, Process ID=6200, Machine Identifier=HOST_0028, Object Type=N/A, Target Account Security ID=S-1-5-21-0002, Device Name=HOST_0028, sysmon-details=Binary Data}",false,MAC_0001,MAC_0002,[REDACTED_DUPLICATE_PAYLOAD],3,40791,0,12,false,0:0:0:0:0:0:0:0,N/A,0,N/A,8012,<13>Jul 24 07:35:17 10.0.0.12 AgentDevice=WindowsLog	AgentLogFile=Microsoft-Windows-Sysmon/Operational	PluginVersion=7.3.1.28	Source=Microsoft-Windows-Sysmon	Computer=HCC-LLTP-DB	OriginatingComputer=HCC-LLTP-DB	User=USER_0002	Domain=DOMAIN_0006.LOCAL	EventID=13	EventIDCode=13	EventType=4	EventCategory=13	RecordNumber=2036680324	TimeGenerated=1784853314	TimeWritten=1784853314	Level=Informational	Keywords=0x8000000000000000	Task=SysmonTask-SYSMON_REG_SETVALUE	Opcode=Info	Message=Registry value set: RuleName: - EventType: SetValue UtcTime: 2026-07-24 00:35:14.648 ProcessGuid: {C20AB55E-3287-67BC-BD08-000000001C00} ProcessId: 6200 Image: C:\Windows\system32\ServerManager.exe TargetObject: DOMAIN_0020.LOCAL\USER_0049DOMAIN_0021.LOCAL\USER_0050 Settings\MuiCache\15b\52C64B7E\LanguageList Details: Binary Data ,Successful Registry Modification,N/A,1,0,unknown,N/A,RegistryEvent (Value Set),unknown,0,null,1784853314000,255,0,false,0,"true""""",Microsoft-Windows-Sysmon/Operational,HOST_0004,This Registry event type identifies Registry value modifications.,0,1784853323585,No Offense,255,HOST_0029 @ 10.0.0.12,false,3,false,N/A,10.0.0.12,false,1784853323585,5,NETWORK_0002,35,13,0,1,-1,HOST_0004,[REDACTED_DUPLICATE_PAYLOAD],USER_0002,5001832,false,null,N/A,"07:35:23, 24 thg 7, 2026","07:35:14, 24 thg 7, 2026",MAC_0002,HOST_0006,439,0,false,10.0.0.12,0,N/A,10.0.0.3,145,"07:35:23, 24 thg 7, 2026",0:0:0:0:0:0:0:0,N/A,null,"100221,100265,109237,109187,100617,100668,156193,166363,100276,100272,123237,123937,134937,166353"
N/A,false,0,0,USER_0004,10.0.0.12,"{sysmon-eventid=13, Description=N/A, Message=N/A, Pipe Name=N/A, Registry Key=\MuiCache\15b\52C64B7E, sysmon-processid=6200, channel=Microsoft-Windows-Sysmon/Operational, Target Object=HKU\S-1-5-21-728566140-106364507-3694018187-500_CLASSES\Local Settings\MuiCache\15b\52C64B7E\LanguageList, Logon Account Domain=DOMAIN_0001.LOCAL, Object Name=DOMAIN_0020.LOCAL\USER_0049DOMAIN_0021.LOCAL\USER_0050 Settings\MuiCache\15b\52C64B7E\LanguageList, Target Details=Binary Data, Process Name=ServerManager.exe, Registry Value Data=Binary Data, Account Name=USER_0004, Logon Type=N/A, sysmon-targetobject=HKU\S-1-5-21-728566140-106364507-3694018187-500_CLASSES\Local Settings\MuiCache\15b\52C64B7E\LanguageList, Target User Domain=DOMAIN_0001.LOCAL, Rule Name=-, Account Security ID=S-1-5-21-0002, Share Name=N/A, Authentication Package=N/A, sysmon-processguid={C20AB55E-3287-67BC-BD08-000000001C00}, Logon Account Name=USER_0004, Realm=DOMAIN_0001.LOCAL, EventIDCode=13, Account ID=S-1-5-21-0002, Process Path=C:\Windows\system32\ServerManager.exe, sysmon-utctime=2026-07-24 00:31:14.763, Status Code=N/A, Registry Value Name=LanguageList, User Domain=DOMAIN_0001.LOCAL, Key Length=N/A, Target Username=USER_0004, Event ID=13, ProgramName=N/A, Registry Hive=HKU, sysmon-eventtype=SetValue, sysmon-user=USER_0002, Process GUID=C20AB55E-3287-67BC-BD08-000000001C00, Process ID=6200, Machine Identifier=HOST_0028, Object Type=N/A, Target Account Security ID=S-1-5-21-0002, Device Name=HOST_0028, sysmon-details=Binary Data}",false,MAC_0001,MAC_0002,[REDACTED_DUPLICATE_PAYLOAD],3,40791,0,12,false,0:0:0:0:0:0:0:0,N/A,0,N/A,8012,<13>Jul 24 07:31:17 10.0.0.12 AgentDevice=WindowsLog	AgentLogFile=Microsoft-Windows-Sysmon/Operational	PluginVersion=7.3.1.28	Source=Microsoft-Windows-Sysmon	Computer=HCC-LLTP-DB	OriginatingComputer=HCC-LLTP-DB	User=USER_0002	Domain=DOMAIN_0006.LOCAL	EventID=13	EventIDCode=13	EventType=4	EventCategory=13	RecordNumber=2036671153	TimeGenerated=1784853074	TimeWritten=1784853074	Level=Informational	Keywords=0x8000000000000000	Task=SysmonTask-SYSMON_REG_SETVALUE	Opcode=Info	Message=Registry value set: RuleName: - EventType: SetValue UtcTime: 2026-07-24 00:31:14.763 ProcessGuid: {C20AB55E-3287-67BC-BD08-000000001C00} ProcessId: 6200 Image: C:\Windows\system32\ServerManager.exe TargetObject: DOMAIN_0020.LOCAL\USER_0049DOMAIN_0021.LOCAL\USER_0050 Settings\MuiCache\15b\52C64B7E\LanguageList Details: Binary Data ,Successful Registry Modification,N/A,1,0,unknown,N/A,RegistryEvent (Value Set),unknown,0,null,1784853074000,255,0,false,0,"true""""",Microsoft-Windows-Sysmon/Operational,HOST_0004,This Registry event type identifies Registry value modifications.,0,1784853083601,No Offense,255,HOST_0029 @ 10.0.0.12,false,3,false,N/A,10.0.0.12,false,1784853083601,5,NETWORK_0002,35,13,0,1,-1,HOST_0004,[REDACTED_DUPLICATE_PAYLOAD],USER_0002,5001832,false,null,N/A,"07:31:23, 24 thg 7, 2026","07:31:14, 24 thg 7, 2026",MAC_0002,HOST_0006,439,0,false,10.0.0.12,0,N/A,10.0.0.3,323,"07:31:23, 24 thg 7, 2026",0:0:0:0:0:0:0:0,N/A,null,"100221,100265,109237,109187,100617,100668,156193,166363,100276,100272,123237,123937,134937,166353"
N/A,false,0,0,USER_0004,10.0.0.12,"{sysmon-eventid=10, sysmon-sourceprocessid=6200, Pipe Name=N/A, sysmon-processid=6200, sysmon-sourceimage=C:\Windows\system32\ServerManager.exe, channel=Microsoft-Windows-Sysmon/Operational, Object Name=N/A, Target Details=N/A, Account Name=USER_0004, Target User Domain=DOMAIN_0001.LOCAL, sysmon-sourceprocessguid={C20AB55E-3287-67BC-BD08-000000001C00}, Logon Account Name=USER_0004, EventIDCode=10, HostApplication=N/A, sysmon-targetprocessid=16772, EngineVersion=N/A, sysmon-grantedaccess=0x1FFFFF, sysmon-utctime=2026-07-24 00:21:34.791, Key Length=N/A, HostId=N/A, ProgramName=N/A, Process GUID=C20AB55E-3287-67BC-BD08-000000001C00, ScriptName=N/A, Object Type=N/A, sysmon-targetprocessguid={C20AB55E-AFFA-6A62-251D-160000001C00}, Description=N/A, Message=N/A, Logon Account Domain=DOMAIN_0001.LOCAL, Target Process GUID=C20AB55E-AFFA-6A62-251D-160000001C00, Logon Type=N/A, PipelineId=N/A, sysmon-sourcethreadid=12528, Account Security ID=S-1-5-21-0002, Share Name=N/A, Authentication Package=N/A, sysmon-processguid=N/A, Realm=DOMAIN_0001.LOCAL, Account ID=S-1-5-21-0002, Process Path=C:\Windows\system32\ServerManager.exe, Status Code=N/A, RunspaceId=N/A, User Domain=DOMAIN_0001.LOCAL, Target Username=USER_0004, Event ID=10, HostVersion=N/A, sysmon-user=USER_0002, Command=N/A, Process ID=6200, Machine Identifier=HOST_0028, Target Account Security ID=S-1-5-21-0002, Device Name=HOST_0028, sysmon-targetimage=C:\Windows\system32\Configure-SMRemoting.exe, Access Mask=N/A}",false,MAC_0001,MAC_0002,[REDACTED_DUPLICATE_PAYLOAD],3,40791,0,12,false,0:0:0:0:0:0:0:0,N/A,0,N/A,8052,<13>Jul 24 07:21:35 10.0.0.12 AgentDevice=WindowsLog	AgentLogFile=Microsoft-Windows-Sysmon/Operational	PluginVersion=7.3.1.28	Source=Microsoft-Windows-Sysmon	Computer=HCC-LLTP-DB	OriginatingComputer=HCC-LLTP-DB	User=USER_0002	Domain=DOMAIN_0006.LOCAL	EventID=10	EventIDCode=10	EventType=4	EventCategory=10	RecordNumber=2036649472	TimeGenerated=1784852494	TimeWritten=1784852494	Level=Informational	Keywords=0x8000000000000000	Task=SysmonTask-SYSMON_ACCESS_PROCESS	Opcode=Info	Message=Process accessed: RuleName: - UtcTime: 2026-07-24 00:21:34.791 SourceProcessGUID: {C20AB55E-3287-67BC-BD08-000000001C00} SourceProcessId: 6200 SourceThreadId: 12528 SourceImage: C:\Windows\system32\ServerManager.exe TargetProcessGUID: {C20AB55E-AFFA-6A62-251D-160000001C00} TargetProcessId: 16772 TargetImage: C:\Windows\system32\Configure-SMRemoting.exe GrantedAccess: 0x1FFFFF CallTrace: C:\Windows\SYSTEM32\ntdll.dll+90d6a|C:\Windows\system32\KERNELBASE.dll+e120|C:\Windows\system32\KERNELBASE.dll+10d76|C:\Windows\system32\KERNEL32.dll+7983|C:\Windows\assembly\NativeImages_v4.0.30319_64\System\e30408788e6ae58b13026d86d4904782\System.ni.dll+32e550|C:\Windows\assembly\NativeImages_v4.0.30319_64\System\e30408788e6ae58b13026d86d4904782\System.ni.dll+28b2fd|C:\Windows\assembly\NativeImages_v4.0.30319_64\System\e30408788e6ae58b13026d86d4904782\System.ni.dll+28ac9c|C:\Windows\assembly\NativeImages_v4DOMAIN_0013.LOCAL\USER_0051#\36151302c744518974a412b74e6beb49\Microsoft.Windows.ServerManager.Common.ni.dll+0(wow64)|C:\Windows\assembly\NativeImages_v4DOMAIN_0013.LOCAL\USER_0051#\36151302c744518974a412b74e6beb49\Microsoft.Windows.ServerManager.Common.ni.dll+0(wow64)|C:\Windows\assembly\NativeImages_v4DOMAIN_0013.LOCAL\USER_0051#\36151302c744518974a412b74e6beb49\Microsoft.Windows.ServerManager.Common.ni.dll+0(wow64)|C:\Windows\Microsoft.NET\Framework64\v4DOMAIN_0015.LOCAL\USER_0033+5c93|C:\Windows\Microsoft.NET\Framework64\v4DOMAIN_0015.LOCAL\USER_0033+5b36|C:\Windows\Microsoft.NET\Framework64\v4DOMAIN_0015.LOCAL\USER_0033+1132c1|C:\Windows\Microsoft.NET\Framework64\v4DOMAIN_0015.LOCAL\USER_0033+11360f|C:\Windows\assembly\NativeImages_v4.0.30319_64\mscorlib\ccb48f84a5cca36e9b0205b6a65ee54a\mscorlib.ni.dll+f1fc34|C:\Windows\assembly\NativeImages_v4.0.30319_64\mscorlib\ccb48f84a5cca36e9b0205b6a65ee54a\mscorlib.ni.dll+4f4770|C:\Windows\assembly\NativeImages_v4.0.30319_64\mscorlib\ccb48f84a5cca36e9b0205b6a65ee54a\mscorlib.ni.dll+4f4604|C:\Windows\assembly\NativeImages_v4.0.30319_64\mscorlib\ccb48f84a5cca36e9b0205b6a65ee54a\mscorlib.ni.dll+4ff150|C:\Windows\assembly\NativeImages_v4.0.30319_64\mscorlib\ccb48f84a5cca36e9b0205b6a65ee54a\mscorlib.ni.dll+4ff76e|C:\Windows\Microsoft.NET\Framework64\v4DOMAIN_0015.LOCAL\USER_0033+5c93|C:\Windows\Microsoft.NET\Framework64\v4DOMAIN_0015.LOCAL\USER_0033+5b36|C:\Windows\Microsoft.NET\Framework64\v4DOMAIN_0015.LOCAL\USER_0033+6249|C:\Windows\Microsoft.NET\Framework64\v4DOMAIN_0015.LOCAL\USER_0033+ad89|C:\Windows\Microsoft.NET\Framework64\v4DOMAIN_0015.LOCAL\USER_0033+6a01 ,Information,N/A,1,0,unknown,N/A,ProcessAccess,unknown,0,null,1784852494000,255,0,false,0,"true""""",Microsoft-Windows-Sysmon/Operational,HOST_0004,"The process accessed event reports when a process opens another process, an operation that’s often followed by information queries or reading and writing the address space of the target process.",0,1784852506343,No Offense,255,HOST_0029 @ 10.0.0.12,false,3,false,N/A,10.0.0.12,false,1784852506343,5,NETWORK_0002,35,10,0,2,-1,HOST_0004,[REDACTED_DUPLICATE_PAYLOAD],USER_0002,5001829,false,null,N/A,"07:21:46, 24 thg 7, 2026","07:21:34, 24 thg 7, 2026",MAC_0002,HOST_0006,439,0,false,10.0.0.12,0,N/A,10.0.0.3,1,"07:21:46, 24 thg 7, 2026",0:0:0:0:0:0:0:0,N/A,null,"100221,100265,109237,109187,100668,156193,166363,100272,134937,166353"
N/A,false,0,0,USER_0004,10.0.0.12,"{sysmon-eventid=10, sysmon-sourceprocessid=6200, Pipe Name=N/A, sysmon-processid=6200, sysmon-sourceimage=C:\Windows\system32\ServerManager.exe, channel=Microsoft-Windows-Sysmon/Operational, Object Name=N/A, Target Details=N/A, Account Name=USER_0004, Target User Domain=DOMAIN_0001.LOCAL, sysmon-sourceprocessguid={C20AB55E-3287-67BC-BD08-000000001C00}, Logon Account Name=USER_0004, EventIDCode=10, HostApplication=N/A, sysmon-targetprocessid=15072, EngineVersion=N/A, sysmon-grantedaccess=0x1FFFFF, sysmon-utctime=2026-07-24 00:17:34.705, Key Length=N/A, HostId=N/A, ProgramName=N/A, Process GUID=C20AB55E-3287-67BC-BD08-000000001C00, ScriptName=N/A, Object Type=N/A, sysmon-targetprocessguid={C20AB55E-AF0A-6A62-1B1D-160000001C00}, Description=N/A, Message=N/A, Logon Account Domain=DOMAIN_0001.LOCAL, Target Process GUID=C20AB55E-AF0A-6A62-1B1D-160000001C00, Logon Type=N/A, PipelineId=N/A, sysmon-sourcethreadid=12728, Account Security ID=S-1-5-21-0002, Share Name=N/A, Authentication Package=N/A, sysmon-processguid=N/A, Realm=DOMAIN_0001.LOCAL, Account ID=S-1-5-21-0002, Process Path=C:\Windows\system32\ServerManager.exe, Status Code=N/A, RunspaceId=N/A, User Domain=DOMAIN_0001.LOCAL, Target Username=USER_0004, Event ID=10, HostVersion=N/A, sysmon-user=USER_0002, Command=N/A, Process ID=6200, Machine Identifier=HOST_0028, Target Account Security ID=S-1-5-21-0002, Device Name=HOST_0028, sysmon-targetimage=C:\Windows\system32\Configure-SMRemoting.exe, Access Mask=N/A}",false,MAC_0001,MAC_0002,[REDACTED_DUPLICATE_PAYLOAD],3,40791,0,12,false,0:0:0:0:0:0:0:0,N/A,0,N/A,8052,<13>Jul 24 07:17:35 10.0.0.12 AgentDevice=WindowsLog	AgentLogFile=Microsoft-Windows-Sysmon/Operational	PluginVersion=7.3.1.28	Source=Microsoft-Windows-Sysmon	Computer=HCC-LLTP-DB	OriginatingComputer=HCC-LLTP-DB	User=USER_0002	Domain=DOMAIN_0006.LOCAL	EventID=10	EventIDCode=10	EventType=4	EventCategory=10	RecordNumber=2036640502	TimeGenerated=1784852254	TimeWritten=1784852254	Level=Informational	Keywords=0x8000000000000000	Task=SysmonTask-SYSMON_ACCESS_PROCESS	Opcode=Info	Message=Process accessed: RuleName: - UtcTime: 2026-07-24 00:17:34.705 SourceProcessGUID: {C20AB55E-3287-67BC-BD08-000000001C00} SourceProcessId: 6200 SourceThreadId: 12728 SourceImage: C:\Windows\system32\ServerManager.exe TargetProcessGUID: {C20AB55E-AF0A-6A62-1B1D-160000001C00} TargetProcessId: 15072 TargetImage: C:\Windows\system32\Configure-SMRemoting.exe GrantedAccess: 0x1FFFFF CallTrace: C:\Windows\SYSTEM32\ntdll.dll+90d6a|C:\Windows\system32\KERNELBASE.dll+e120|C:\Windows\system32\KERNELBASE.dll+10d76|C:\Windows\system32\KERNEL32.dll+7983|C:\Windows\assembly\NativeImages_v4.0.30319_64\System\e30408788e6ae58b13026d86d4904782\System.ni.dll+32e550|C:\Windows\assembly\NativeImages_v4.0.30319_64\System\e30408788e6ae58b13026d86d4904782\System.ni.dll+28b2fd|C:\Windows\assembly\NativeImages_v4.0.30319_64\System\e30408788e6ae58b13026d86d4904782\System.ni.dll+28ac9c|C:\Windows\assembly\NativeImages_v4DOMAIN_0013.LOCAL\USER_0051#\36151302c744518974a412b74e6beb49\Microsoft.Windows.ServerManager.Common.ni.dll+0(wow64)|C:\Windows\assembly\NativeImages_v4DOMAIN_0013.LOCAL\USER_0051#\36151302c744518974a412b74e6beb49\Microsoft.Windows.ServerManager.Common.ni.dll+0(wow64)|C:\Windows\assembly\NativeImages_v4DOMAIN_0013.LOCAL\USER_0051#\36151302c744518974a412b74e6beb49\Microsoft.Windows.ServerManager.Common.ni.dll+0(wow64)|C:\Windows\Microsoft.NET\Framework64\v4DOMAIN_0015.LOCAL\USER_0033+5c93|C:\Windows\Microsoft.NET\Framework64\v4DOMAIN_0015.LOCAL\USER_0033+5b36|C:\Windows\Microsoft.NET\Framework64\v4DOMAIN_0015.LOCAL\USER_0033+1132c1|C:\Windows\Microsoft.NET\Framework64\v4DOMAIN_0015.LOCAL\USER_0033+11360f|C:\Windows\assembly\NativeImages_v4.0.30319_64\mscorlib\ccb48f84a5cca36e9b0205b6a65ee54a\mscorlib.ni.dll+f1fc34|C:\Windows\assembly\NativeImages_v4.0.30319_64\mscorlib\ccb48f84a5cca36e9b0205b6a65ee54a\mscorlib.ni.dll+4f4770|C:\Windows\assembly\NativeImages_v4.0.30319_64\mscorlib\ccb48f84a5cca36e9b0205b6a65ee54a\mscorlib.ni.dll+4f4604|C:\Windows\assembly\NativeImages_v4.0.30319_64\mscorlib\ccb48f84a5cca36e9b0205b6a65ee54a\mscorlib.ni.dll+4ff150|C:\Windows\assembly\NativeImages_v4.0.30319_64\mscorlib\ccb48f84a5cca36e9b0205b6a65ee54a\mscorlib.ni.dll+4ff76e|C:\Windows\Microsoft.NET\Framework64\v4DOMAIN_0015.LOCAL\USER_0033+5c93|C:\Windows\Microsoft.NET\Framework64\v4DOMAIN_0015.LOCAL\USER_0033+5b36|C:\Windows\Microsoft.NET\Framework64\v4DOMAIN_0015.LOCAL\USER_0033+6249|C:\Windows\Microsoft.NET\Framework64\v4DOMAIN_0015.LOCAL\USER_0033+ad89|C:\Windows\Microsoft.NET\Framework64\v4DOMAIN_0015.LOCAL\USER_0033+6a01 ,Information,N/A,1,0,unknown,N/A,ProcessAccess,unknown,0,null,1784852254000,255,0,false,0,"true""""",Microsoft-Windows-Sysmon/Operational,HOST_0004,"The process accessed event reports when a process opens another process, an operation that’s often followed by information queries or reading and writing the address space of the target process.",0,1784852264252,No Offense,255,HOST_0029 @ 10.0.0.12,false,3,false,N/A,10.0.0.12,false,1784852264252,5,NETWORK_0002,35,10,0,2,-1,HOST_0004,[REDACTED_DUPLICATE_PAYLOAD],USER_0002,5001829,false,null,N/A,"07:17:44, 24 thg 7, 2026","07:17:34, 24 thg 7, 2026",MAC_0002,HOST_0006,439,0,false,10.0.0.12,0,N/A,10.0.0.3,1,"07:17:44, 24 thg 7, 2026",0:0:0:0:0:0:0:0,N/A,null,"100221,100265,109237,109187,100668,156193,166363,100272,134937,166353"
N/A,false,0,0,USER_0004,10.0.0.12,"{sysmon-eventid=10, sysmon-sourceprocessid=6200, Pipe Name=N/A, sysmon-processid=6200, sysmon-sourceimage=C:\Windows\system32\ServerManager.exe, channel=Microsoft-Windows-Sysmon/Operational, Object Name=N/A, Target Details=N/A, Account Name=USER_0004, Target User Domain=DOMAIN_0001.LOCAL, sysmon-sourceprocessguid={C20AB55E-3287-67BC-BD08-000000001C00}, Logon Account Name=USER_0004, EventIDCode=10, HostApplication=N/A, sysmon-targetprocessid=18528, EngineVersion=N/A, sysmon-grantedaccess=0x1FFFFF, sysmon-utctime=2026-07-24 00:11:34.391, Key Length=N/A, HostId=N/A, ProgramName=N/A, Process GUID=C20AB55E-3287-67BC-BD08-000000001C00, ScriptName=N/A, Object Type=N/A, sysmon-targetprocessguid={C20AB55E-ADA2-6A62-101D-160000001C00}, Description=N/A, Message=N/A, Logon Account Domain=DOMAIN_0001.LOCAL, Target Process GUID=C20AB55E-ADA2-6A62-101D-160000001C00, Logon Type=N/A, PipelineId=N/A, sysmon-sourcethreadid=13852, Account Security ID=S-1-5-21-0002, Share Name=N/A, Authentication Package=N/A, sysmon-processguid=N/A, Realm=DOMAIN_0001.LOCAL, Account ID=S-1-5-21-0002, Process Path=C:\Windows\system32\ServerManager.exe, Status Code=N/A, RunspaceId=N/A, User Domain=DOMAIN_0001.LOCAL, Target Username=USER_0004, Event ID=10, HostVersion=N/A, sysmon-user=USER_0002, Command=N/A, Process ID=6200, Machine Identifier=HOST_0028, Target Account Security ID=S-1-5-21-0002, Device Name=HOST_0028, sysmon-targetimage=C:\Windows\system32\Configure-SMRemoting.exe, Access Mask=N/A}",false,MAC_0001,MAC_0002,[REDACTED_DUPLICATE_PAYLOAD],3,40791,0,12,false,0:0:0:0:0:0:0:0,N/A,0,N/A,8052,<13>Jul 24 07:11:35 10.0.0.12 AgentDevice=WindowsLog	AgentLogFile=Microsoft-Windows-Sysmon/Operational	PluginVersion=7.3.1.28	Source=Microsoft-Windows-Sysmon	Computer=HCC-LLTP-DB	OriginatingComputer=HCC-LLTP-DB	User=USER_0002	Domain=DOMAIN_0006.LOCAL	EventID=10	EventIDCode=10	EventType=4	EventCategory=10	RecordNumber=2036626741	TimeGenerated=1784851894	TimeWritten=1784851894	Level=Informational	Keywords=0x8000000000000000	Task=SysmonTask-SYSMON_ACCESS_PROCESS	Opcode=Info	Message=Process accessed: RuleName: - UtcTime: 2026-07-24 00:11:34.391 SourceProcessGUID: {C20AB55E-3287-67BC-BD08-000000001C00} SourceProcessId: 6200 SourceThreadId: 13852 SourceImage: C:\Windows\system32\ServerManager.exe TargetProcessGUID: {C20AB55E-ADA2-6A62-101D-160000001C00} TargetProcessId: 18528 TargetImage: C:\Windows\system32\Configure-SMRemoting.exe GrantedAccess: 0x1FFFFF CallTrace: C:\Windows\SYSTEM32\ntdll.dll+90d6a|C:\Windows\system32\KERNELBASE.dll+e120|C:\Windows\system32\KERNELBASE.dll+10d76|C:\Windows\system32\KERNEL32.dll+7983|C:\Windows\assembly\NativeImages_v4.0.30319_64\System\e30408788e6ae58b13026d86d4904782\System.ni.dll+32e550|C:\Windows\assembly\NativeImages_v4.0.30319_64\System\e30408788e6ae58b13026d86d4904782\System.ni.dll+28b2fd|C:\Windows\assembly\NativeImages_v4.0.30319_64\System\e30408788e6ae58b13026d86d4904782\System.ni.dll+28ac9c|C:\Windows\assembly\NativeImages_v4DOMAIN_0013.LOCAL\USER_0051#\36151302c744518974a412b74e6beb49\Microsoft.Windows.ServerManager.Common.ni.dll+0(wow64)|C:\Windows\assembly\NativeImages_v4DOMAIN_0013.LOCAL\USER_0051#\36151302c744518974a412b74e6beb49\Microsoft.Windows.ServerManager.Common.ni.dll+0(wow64)|C:\Windows\assembly\NativeImages_v4DOMAIN_0013.LOCAL\USER_0051#\36151302c744518974a412b74e6beb49\Microsoft.Windows.ServerManager.Common.ni.dll+0(wow64)|C:\Windows\Microsoft.NET\Framework64\v4DOMAIN_0015.LOCAL\USER_0033+5c93|C:\Windows\Microsoft.NET\Framework64\v4DOMAIN_0015.LOCAL\USER_0033+5b36|C:\Windows\Microsoft.NET\Framework64\v4DOMAIN_0015.LOCAL\USER_0033+1132c1|C:\Windows\Microsoft.NET\Framework64\v4DOMAIN_0015.LOCAL\USER_0033+11360f|C:\Windows\assembly\NativeImages_v4.0.30319_64\mscorlib\ccb48f84a5cca36e9b0205b6a65ee54a\mscorlib.ni.dll+f1fc34|C:\Windows\assembly\NativeImages_v4.0.30319_64\mscorlib\ccb48f84a5cca36e9b0205b6a65ee54a\mscorlib.ni.dll+4f4770|C:\Windows\assembly\NativeImages_v4.0.30319_64\mscorlib\ccb48f84a5cca36e9b0205b6a65ee54a\mscorlib.ni.dll+4f4604|C:\Windows\assembly\NativeImages_v4.0.30319_64\mscorlib\ccb48f84a5cca36e9b0205b6a65ee54a\mscorlib.ni.dll+4ff150|C:\Windows\assembly\NativeImages_v4.0.30319_64\mscorlib\ccb48f84a5cca36e9b0205b6a65ee54a\mscorlib.ni.dll+4ff76e|C:\Windows\Microsoft.NET\Framework64\v4DOMAIN_0015.LOCAL\USER_0033+5c93|C:\Windows\Microsoft.NET\Framework64\v4DOMAIN_0015.LOCAL\USER_0033+5b36|C:\Windows\Microsoft.NET\Framework64\v4DOMAIN_0015.LOCAL\USER_0033+6249|C:\Windows\Microsoft.NET\Framework64\v4DOMAIN_0015.LOCAL\USER_0033+ad89|C:\Windows\Microsoft.NET\Framework64\v4DOMAIN_0015.LOCAL\USER_0033+6a01 ,Information,N/A,1,0,unknown,N/A,ProcessAccess,unknown,0,null,1784851894000,255,0,false,0,"true""""",Microsoft-Windows-Sysmon/Operational,HOST_0004,"The process accessed event reports when a process opens another process, an operation that’s often followed by information queries or reading and writing the address space of the target process.",0,1784851897185,No Offense,255,HOST_0029 @ 10.0.0.12,false,3,false,N/A,10.0.0.12,false,1784851897185,5,NETWORK_0002,35,10,0,2,-1,HOST_0004,[REDACTED_DUPLICATE_PAYLOAD],USER_0002,5001829,false,null,N/A,"07:11:37, 24 thg 7, 2026","07:11:34, 24 thg 7, 2026",MAC_0002,HOST_0006,439,0,false,10.0.0.12,0,N/A,10.0.0.3,2,"07:11:37, 24 thg 7, 2026",0:0:0:0:0:0:0:0,N/A,null,"100221,100265,109237,109187,100668,156193,166363,100272,134937,166353"
N/A,false,0,0,USER_0004,10.0.0.12,"{sysmon-eventid=8, Description=N/A, Message=N/A, Pipe Name=N/A, sysmon-processid=6200, sysmon-sourceimage=C:\Windows\System32\ServerManager.exe, channel=Microsoft-Windows-Sysmon/Operational, Logon Account Domain=DOMAIN_0001.LOCAL, Object Name=N/A, Target Process Path=C:\Windows\System32\Configure-SMRemoting.exe, Process Name=ServerManager.exe, Account Name=USER_0004, Logon Type=N/A, Target User Domain=DOMAIN_0001.LOCAL, Account Security ID=S-1-5-21-0002, Share Name=N/A, Authentication Package=N/A, sysmon-processguid={C20AB55E-3287-67BC-BD08-000000001C00}, sysmon-sourceprocessguid={C20AB55E-3287-67BC-BD08-000000001C00}, Logon Account Name=USER_0004, Realm=DOMAIN_0001.LOCAL, Source Process Path=C:\Windows\System32\ServerManager.exe, EventIDCode=8, Account ID=S-1-5-21-0002, sysmon-targetprocessid=18528, Process Path=C:\Windows\System32\ServerManager.exe, sysmon-utctime=2026-07-24 00:11:34.391, Status Code=N/A, User Domain=DOMAIN_0001.LOCAL, Key Length=N/A, Target Username=USER_0004, Event ID=8, Target Process Name=Configure-SMRemoting.exe, sysmon-startmodule=C:\Windows\system32\Configure-SMRemoting.exe, ProgramName=N/A, Start Module=C:\Windows\system32\Configure-SMRemoting.exe, sysmon-startfunction=-, sysmon-user=USER_0002, SourceImageTempPath=N/A, Process GUID=C20AB55E-3287-67BC-BD08-000000001C00, Machine Identifier=HOST_0028, Object Type=N/A, Start Address=0x00007FF7C5A87DA0, Target Account Security ID=S-1-5-21-0002, Start Function=-, sysmon-startaddress=0x00007FF7C5A87DA0, Device Name=HOST_0028, sysmon-targetimage=C:\Windows\System32\Configure-SMRemoting.exe}",false,MAC_0001,MAC_0002,[REDACTED_DUPLICATE_PAYLOAD],3,40791,0,12,false,0:0:0:0:0:0:0:0,N/A,0,N/A,7036,<13>Jul 24 07:11:35 10.0.0.12 AgentDevice=WindowsLog	AgentLogFile=Microsoft-Windows-Sysmon/Operational	PluginVersion=7.3.1.28	Source=Microsoft-Windows-Sysmon	Computer=HCC-LLTP-DB	OriginatingComputer=HCC-LLTP-DB	User=USER_0002	Domain=DOMAIN_0006.LOCAL	EventID=8	EventIDCode=8	EventType=4	EventCategory=8	RecordNumber=2036626740	TimeGenerated=1784851894	TimeWritten=1784851894	Level=Informational	Keywords=0x8000000000000000	Task=SysmonTask-SYSMON_CREATE_REMOTE_THREAD	Opcode=Info	Message=CreateRemoteThread detected: RuleName: - UtcTime: 2026-07-24 00:11:34.391 SourceProcessGuid: {C20AB55E-3287-67BC-BD08-000000001C00} SourceProcessId: 6200 SourceImage: C:\Windows\System32\ServerManager.exe TargetProcessGuid: {C20AB55E-ADA2-6A62-101D-160000001C00} TargetProcessId: 18528 TargetImage: C:\Windows\System32\Configure-SMRemoting.exe NewThreadId: 13612 StartAddress: 0x00007FF7C5A87DA0 StartModule: C:\Windows\system32\Configure-SMRemoting.exe StartFunction: - ,Suspicious Windows Events,N/A,1,0,unknown,N/A,CreateRemoteThread,unknown,0,null,1784851894000,255,0,false,0,"true""""",Microsoft-Windows-Sysmon/Operational,HOST_0004,The CreateRemoteThread event detects when a process creates a thread in another process.,0,1784851897185,No Offense,255,HOST_0029 @ 10.0.0.12,true,3,false,N/A,10.0.0.12,false,1784851897185,5,NETWORK_0002,35,8,0,2,-1,HOST_0004,[REDACTED_DUPLICATE_PAYLOAD],USER_0002,5001845,false,null,N/A,"07:11:37, 24 thg 7, 2026","07:11:34, 24 thg 7, 2026",MAC_0002,HOST_0006,439,0,false,10.0.0.12,0,N/A,10.0.0.3,1,"07:11:37, 24 thg 7, 2026",0:0:0:0:0:0:0:0,N/A,null,"100164,100146,100221,100265,109237,109187,100668,156193,166363,100691,100626,100272,134937,166353"
N/A,false,0,0,USER_0004,10.0.0.12,"{sysmon-eventid=13, Description=N/A, Message=N/A, Pipe Name=N/A, Registry Key=\MuiCache\15b\52C64B7E, sysmon-processid=6200, channel=Microsoft-Windows-Sysmon/Operational, Target Object=HKU\S-1-5-21-728566140-106364507-3694018187-500_CLASSES\Local Settings\MuiCache\15b\52C64B7E\LanguageList, Logon Account Domain=DOMAIN_0001.LOCAL, Object Name=DOMAIN_0020.LOCAL\USER_0049DOMAIN_0021.LOCAL\USER_0050 Settings\MuiCache\15b\52C64B7E\LanguageList, Target Details=Binary Data, Process Name=ServerManager.exe, Registry Value Data=Binary Data, Account Name=USER_0004, Logon Type=N/A, sysmon-targetobject=HKU\S-1-5-21-728566140-106364507-3694018187-500_CLASSES\Local Settings\MuiCache\15b\52C64B7E\LanguageList, Target User Domain=DOMAIN_0001.LOCAL, Rule Name=-, Account Security ID=S-1-5-21-0002, Share Name=N/A, Authentication Package=N/A, sysmon-processguid={C20AB55E-3287-67BC-BD08-000000001C00}, Logon Account Name=USER_0004, Realm=DOMAIN_0001.LOCAL, EventIDCode=13, Account ID=S-1-5-21-0002, Process Path=C:\Windows\system32\ServerManager.exe, sysmon-utctime=2026-07-24 00:11:14.593, Status Code=N/A, Registry Value Name=LanguageList, User Domain=DOMAIN_0001.LOCAL, Key Length=N/A, Target Username=USER_0004, Event ID=13, ProgramName=N/A, Registry Hive=HKU, sysmon-eventtype=SetValue, sysmon-user=USER_0002, Process GUID=C20AB55E-3287-67BC-BD08-000000001C00, Process ID=6200, Machine Identifier=HOST_0028, Object Type=N/A, Target Account Security ID=S-1-5-21-0002, Device Name=HOST_0028, sysmon-details=Binary Data}",false,MAC_0001,MAC_0002,[REDACTED_DUPLICATE_PAYLOAD],3,40791,0,12,false,0:0:0:0:0:0:0:0,N/A,0,N/A,8012,<13>Jul 24 07:11:14 10.0.0.12 AgentDevice=WindowsLog	AgentLogFile=Microsoft-Windows-Sysmon/Operational	PluginVersion=7.3.1.28	Source=Microsoft-Windows-Sysmon	Computer=HCC-LLTP-DB	OriginatingComputer=HCC-LLTP-DB	User=USER_0002	Domain=DOMAIN_0006.LOCAL	EventID=13	EventIDCode=13	EventType=4	EventCategory=13	RecordNumber=2036625905	TimeGenerated=1784851874	TimeWritten=1784851874	Level=Informational	Keywords=0x8000000000000000	Task=SysmonTask-SYSMON_REG_SETVALUE	Opcode=Info	Message=Registry value set: RuleName: - EventType: SetValue UtcTime: 2026-07-24 00:11:14.593 ProcessGuid: {C20AB55E-3287-67BC-BD08-000000001C00} ProcessId: 6200 Image: C:\Windows\system32\ServerManager.exe TargetObject: DOMAIN_0020.LOCAL\USER_0049DOMAIN_0021.LOCAL\USER_0050 Settings\MuiCache\15b\52C64B7E\LanguageList Details: Binary Data ,Successful Registry Modification,N/A,1,0,unknown,N/A,RegistryEvent (Value Set),unknown,0,null,1784851874000,255,0,false,0,"true""""",Microsoft-Windows-Sysmon/Operational,HOST_0004,This Registry event type identifies Registry value modifications.,0,1784851876114,No Offense,255,HOST_0029 @ 10.0.0.12,false,3,false,N/A,10.0.0.12,false,1784851876114,5,NETWORK_0002,35,13,0,1,-1,HOST_0004,[REDACTED_DUPLICATE_PAYLOAD],USER_0002,5001832,false,null,N/A,"07:11:16, 24 thg 7, 2026","07:11:14, 24 thg 7, 2026",MAC_0002,HOST_0006,439,0,false,10.0.0.12,0,N/A,10.0.0.3,323,"07:11:16, 24 thg 7, 2026",0:0:0:0:0:0:0:0,N/A,null,"100221,100265,109237,109187,100617,100668,156193,166363,100276,100272,123237,123937,134937,166353"
N/A,false,0,0,USER_0004,10.0.0.12,"{sysmon-eventid=10, sysmon-sourceprocessid=6200, Pipe Name=N/A, sysmon-processid=6200, sysmon-sourceimage=C:\Windows\system32\ServerManager.exe, channel=Microsoft-Windows-Sysmon/Operational, Object Name=N/A, Target Details=N/A, Account Name=USER_0004, Target User Domain=DOMAIN_0001.LOCAL, sysmon-sourceprocessguid={C20AB55E-3287-67BC-BD08-000000001C00}, Logon Account Name=USER_0004, EventIDCode=10, HostApplication=N/A, sysmon-targetprocessid=15108, EngineVersion=N/A, sysmon-grantedaccess=0x1FFFFF, sysmon-utctime=2026-07-24 00:07:34.638, Key Length=N/A, HostId=N/A, ProgramName=N/A, Process GUID=C20AB55E-3287-67BC-BD08-000000001C00, ScriptName=N/A, Object Type=N/A, sysmon-targetprocessguid={C20AB55E-ACB2-6A62-051D-160000001C00}, Description=N/A, Message=N/A, Logon Account Domain=DOMAIN_0001.LOCAL, Target Process GUID=C20AB55E-ACB2-6A62-051D-160000001C00, Logon Type=N/A, PipelineId=N/A, sysmon-sourcethreadid=4548, Account Security ID=S-1-5-21-0002, Share Name=N/A, Authentication Package=N/A, sysmon-processguid=N/A, Realm=DOMAIN_0001.LOCAL, Account ID=S-1-5-21-0002, Process Path=C:\Windows\system32\ServerManager.exe, Status Code=N/A, RunspaceId=N/A, User Domain=DOMAIN_0001.LOCAL, Target Username=USER_0004, Event ID=10, HostVersion=N/A, sysmon-user=USER_0002, Command=N/A, Process ID=6200, Machine Identifier=HOST_0028, Target Account Security ID=S-1-5-21-0002, Device Name=HOST_0028, sysmon-targetimage=C:\Windows\system32\Configure-SMRemoting.exe, Access Mask=N/A}",false,MAC_0001,MAC_0002,[REDACTED_DUPLICATE_PAYLOAD],3,40791,0,12,false,0:0:0:0:0:0:0:0,N/A,0,N/A,8052,<13>Jul 24 07:07:35 10.0.0.12 AgentDevice=WindowsLog	AgentLogFile=Microsoft-Windows-Sysmon/Operational	PluginVersion=7.3.1.28	Source=Microsoft-Windows-Sysmon	Computer=HCC-LLTP-DB	OriginatingComputer=HCC-LLTP-DB	User=USER_0002	Domain=DOMAIN_0006.LOCAL	EventID=10	EventIDCode=10	EventType=4	EventCategory=10	RecordNumber=2036617629	TimeGenerated=1784851654	TimeWritten=1784851654	Level=Informational	Keywords=0x8000000000000000	Task=SysmonTask-SYSMON_ACCESS_PROCESS	Opcode=Info	Message=Process accessed: RuleName: - UtcTime: 2026-07-24 00:07:34.638 SourceProcessGUID: {C20AB55E-3287-67BC-BD08-000000001C00} SourceProcessId: 6200 SourceThreadId: 4548 SourceImage: C:\Windows\system32\ServerManager.exe TargetProcessGUID: {C20AB55E-ACB2-6A62-051D-160000001C00} TargetProcessId: 15108 TargetImage: C:\Windows\system32\Configure-SMRemoting.exe GrantedAccess: 0x1FFFFF CallTrace: C:\Windows\SYSTEM32\ntdll.dll+90d6a|C:\Windows\system32\KERNELBASE.dll+e120|C:\Windows\system32\KERNELBASE.dll+10d76|C:\Windows\system32\KERNEL32.dll+7983|C:\Windows\assembly\NativeImages_v4.0.30319_64\System\e30408788e6ae58b13026d86d4904782\System.ni.dll+32e550|C:\Windows\assembly\NativeImages_v4.0.30319_64\System\e30408788e6ae58b13026d86d4904782\System.ni.dll+28b2fd|C:\Windows\assembly\NativeImages_v4.0.30319_64\System\e30408788e6ae58b13026d86d4904782\System.ni.dll+28ac9c|C:\Windows\assembly\NativeImages_v4DOMAIN_0013.LOCAL\USER_0051#\36151302c744518974a412b74e6beb49\Microsoft.Windows.ServerManager.Common.ni.dll+0(wow64)|C:\Windows\assembly\NativeImages_v4DOMAIN_0013.LOCAL\USER_0051#\36151302c744518974a412b74e6beb49\Microsoft.Windows.ServerManager.Common.ni.dll+0(wow64)|C:\Windows\assembly\NativeImages_v4DOMAIN_0013.LOCAL\USER_0051#\36151302c744518974a412b74e6beb49\Microsoft.Windows.ServerManager.Common.ni.dll+0(wow64)|C:\Windows\Microsoft.NET\Framework64\v4DOMAIN_0015.LOCAL\USER_0033+5c93|C:\Windows\Microsoft.NET\Framework64\v4DOMAIN_0015.LOCAL\USER_0033+5b36|C:\Windows\Microsoft.NET\Framework64\v4DOMAIN_0015.LOCAL\USER_0033+1132c1|C:\Windows\Microsoft.NET\Framework64\v4DOMAIN_0015.LOCAL\USER_0033+11360f|C:\Windows\assembly\NativeImages_v4.0.30319_64\mscorlib\ccb48f84a5cca36e9b0205b6a65ee54a\mscorlib.ni.dll+f1fc34|C:\Windows\assembly\NativeImages_v4.0.30319_64\mscorlib\ccb48f84a5cca36e9b0205b6a65ee54a\mscorlib.ni.dll+4f4770|C:\Windows\assembly\NativeImages_v4.0.30319_64\mscorlib\ccb48f84a5cca36e9b0205b6a65ee54a\mscorlib.ni.dll+4f4604|C:\Windows\assembly\NativeImages_v4.0.30319_64\mscorlib\ccb48f84a5cca36e9b0205b6a65ee54a\mscorlib.ni.dll+4ff150|C:\Windows\assembly\NativeImages_v4.0.30319_64\mscorlib\ccb48f84a5cca36e9b0205b6a65ee54a\mscorlib.ni.dll+4ff76e|C:\Windows\Microsoft.NET\Framework64\v4DOMAIN_0015.LOCAL\USER_0033+5c93|C:\Windows\Microsoft.NET\Framework64\v4DOMAIN_0015.LOCAL\USER_0033+5b36|C:\Windows\Microsoft.NET\Framework64\v4DOMAIN_0015.LOCAL\USER_0033+6249|C:\Windows\Microsoft.NET\Framework64\v4DOMAIN_0015.LOCAL\USER_0033+ad89|C:\Windows\Microsoft.NET\Framework64\v4DOMAIN_0015.LOCAL\USER_0033+6a01 ,Information,N/A,1,0,unknown,N/A,ProcessAccess,unknown,0,null,1784851654000,255,0,false,0,"true""""",Microsoft-Windows-Sysmon/Operational,HOST_0004,"The process accessed event reports when a process opens another process, an operation that’s often followed by information queries or reading and writing the address space of the target process.",0,1784851666266,No Offense,255,HOST_0029 @ 10.0.0.12,false,3,false,N/A,10.0.0.12,false,1784851666266,5,NETWORK_0002,35,10,0,2,-1,HOST_0004,[REDACTED_DUPLICATE_PAYLOAD],USER_0002,5001829,false,null,N/A,"07:07:46, 24 thg 7, 2026","07:07:34, 24 thg 7, 2026",MAC_0002,HOST_0006,439,0,false,10.0.0.12,0,N/A,10.0.0.3,1,"07:07:46, 24 thg 7, 2026",0:0:0:0:0:0:0:0,N/A,null,"100221,100265,109237,109187,100668,156193,166363,100272,134937,166353"
N/A,false,0,0,USER_0004,10.0.0.12,"{sysmon-eventid=13, Description=N/A, Message=N/A, Pipe Name=N/A, Registry Key=\MuiCache\15b\52C64B7E, sysmon-processid=6200, channel=Microsoft-Windows-Sysmon/Operational, Target Object=HKU\S-1-5-21-728566140-106364507-3694018187-500_CLASSES\Local Settings\MuiCache\15b\52C64B7E\LanguageList, Logon Account Domain=DOMAIN_0001.LOCAL, Object Name=DOMAIN_0020.LOCAL\USER_0049DOMAIN_0021.LOCAL\USER_0050 Settings\MuiCache\15b\52C64B7E\LanguageList, Target Details=Binary Data, Process Name=ServerManager.exe, Registry Value Data=Binary Data, Account Name=USER_0004, Logon Type=N/A, sysmon-targetobject=HKU\S-1-5-21-728566140-106364507-3694018187-500_CLASSES\Local Settings\MuiCache\15b\52C64B7E\LanguageList, Target User Domain=DOMAIN_0001.LOCAL, Rule Name=-, Account Security ID=S-1-5-21-0002, Share Name=N/A, Authentication Package=N/A, sysmon-processguid={C20AB55E-3287-67BC-BD08-000000001C00}, Logon Account Name=USER_0004, Realm=DOMAIN_0001.LOCAL, EventIDCode=13, Account ID=S-1-5-21-0002, Process Path=C:\Windows\system32\ServerManager.exe, sysmon-utctime=2026-07-24 00:06:40.165, Status Code=N/A, Registry Value Name=LanguageList, User Domain=DOMAIN_0001.LOCAL, Key Length=N/A, Target Username=USER_0004, Event ID=13, ProgramName=N/A, Registry Hive=HKU, sysmon-eventtype=SetValue, sysmon-user=USER_0002, Process GUID=C20AB55E-3287-67BC-BD08-000000001C00, Process ID=6200, Machine Identifier=HOST_0028, Object Type=N/A, Target Account Security ID=S-1-5-21-0002, Device Name=HOST_0028, sysmon-details=Binary Data}",false,MAC_0001,MAC_0002,[REDACTED_DUPLICATE_PAYLOAD],3,40791,0,12,false,0:0:0:0:0:0:0:0,N/A,0,N/A,8012,<13>Jul 24 07:06:41 10.0.0.12 AgentDevice=WindowsLog	AgentLogFile=Microsoft-Windows-Sysmon/Operational	PluginVersion=7.3.1.28	Source=Microsoft-Windows-Sysmon	Computer=HCC-LLTP-DB	OriginatingComputer=HCC-LLTP-DB	User=USER_0002	Domain=DOMAIN_0006.LOCAL	EventID=13	EventIDCode=13	EventType=4	EventCategory=13	RecordNumber=2036615606	TimeGenerated=1784851600	TimeWritten=1784851600	Level=Informational	Keywords=0x8000000000000000	Task=SysmonTask-SYSMON_REG_SETVALUE	Opcode=Info	Message=Registry value set: RuleName: - EventType: SetValue UtcTime: 2026-07-24 00:06:40.165 ProcessGuid: {C20AB55E-3287-67BC-BD08-000000001C00} ProcessId: 6200 Image: C:\Windows\system32\ServerManager.exe TargetObject: DOMAIN_0020.LOCAL\USER_0049DOMAIN_0021.LOCAL\USER_0050 Settings\MuiCache\15b\52C64B7E\LanguageList Details: Binary Data ,Successful Registry Modification,N/A,1,0,unknown,N/A,RegistryEvent (Value Set),unknown,0,null,1784851600000,255,0,false,0,"true""""",Microsoft-Windows-Sysmon/Operational,HOST_0004,This Registry event type identifies Registry value modifications.,0,1784851603415,No Offense,255,HOST_0029 @ 10.0.0.12,false,3,false,N/A,10.0.0.12,false,1784851603415,5,NETWORK_0002,35,13,0,1,-1,HOST_0004,[REDACTED_DUPLICATE_PAYLOAD],USER_0002,5001832,false,null,N/A,"07:06:43, 24 thg 7, 2026","07:06:40, 24 thg 7, 2026",MAC_0002,HOST_0006,439,0,false,10.0.0.12,0,N/A,10.0.0.3,351,"07:06:43, 24 thg 7, 2026",0:0:0:0:0:0:0:0,N/A,null,"100221,100265,109237,109187,100617,100668,156193,166363,100276,100272,123237,123937,134937,166353"
N/A,false,0,0,USER_0004,10.0.0.12,"{sysmon-eventid=13, Description=N/A, Message=N/A, Pipe Name=N/A, Registry Key=\MuiCache\15b\52C64B7E, sysmon-processid=6200, channel=Microsoft-Windows-Sysmon/Operational, Target Object=HKU\S-1-5-21-728566140-106364507-3694018187-500_CLASSES\Local Settings\MuiCache\15b\52C64B7E\LanguageList, Logon Account Domain=DOMAIN_0001.LOCAL, Object Name=DOMAIN_0020.LOCAL\USER_0049DOMAIN_0021.LOCAL\USER_0050 Settings\MuiCache\15b\52C64B7E\LanguageList, Target Details=Binary Data, Process Name=ServerManager.exe, Registry Value Data=Binary Data, Account Name=USER_0004, Logon Type=N/A, sysmon-targetobject=HKU\S-1-5-21-728566140-106364507-3694018187-500_CLASSES\Local Settings\MuiCache\15b\52C64B7E\LanguageList, Target User Domain=DOMAIN_0001.LOCAL, Rule Name=-, Account Security ID=S-1-5-21-0002, Share Name=N/A, Authentication Package=N/A, sysmon-processguid={C20AB55E-3287-67BC-BD08-000000001C00}, Logon Account Name=USER_0004, Realm=DOMAIN_0001.LOCAL, EventIDCode=13, Account ID=S-1-5-21-0002, Process Path=C:\Windows\system32\ServerManager.exe, sysmon-utctime=2026-07-23 23:53:14.490, Status Code=N/A, Registry Value Name=LanguageList, User Domain=DOMAIN_0001.LOCAL, Key Length=N/A, Target Username=USER_0004, Event ID=13, ProgramName=N/A, Registry Hive=HKU, sysmon-eventtype=SetValue, sysmon-user=USER_0002, Process GUID=C20AB55E-3287-67BC-BD08-000000001C00, Process ID=6200, Machine Identifier=HOST_0028, Object Type=N/A, Target Account Security ID=S-1-5-21-0002, Device Name=HOST_0028, sysmon-details=Binary Data}",false,MAC_0001,MAC_0002,[REDACTED_DUPLICATE_PAYLOAD],3,40791,0,12,false,0:0:0:0:0:0:0:0,N/A,0,N/A,8012,<13>Jul 24 06:53:17 10.0.0.12 AgentDevice=WindowsLog	AgentLogFile=Microsoft-Windows-Sysmon/Operational	PluginVersion=7.3.1.28	Source=Microsoft-Windows-Sysmon	Computer=HCC-LLTP-DB	OriginatingComputer=HCC-LLTP-DB	User=USER_0002	Domain=DOMAIN_0006.LOCAL	EventID=13	EventIDCode=13	EventType=4	EventCategory=13	RecordNumber=2036584933	TimeGenerated=1784850794	TimeWritten=1784850794	Level=Informational	Keywords=0x8000000000000000	Task=SysmonTask-SYSMON_REG_SETVALUE	Opcode=Info	Message=Registry value set: RuleName: - EventType: SetValue UtcTime: 2026-07-23 23:53:14.490 ProcessGuid: {C20AB55E-3287-67BC-BD08-000000001C00} ProcessId: 6200 Image: C:\Windows\system32\ServerManager.exe TargetObject: DOMAIN_0020.LOCAL\USER_0049DOMAIN_0021.LOCAL\USER_0050 Settings\MuiCache\15b\52C64B7E\LanguageList Details: Binary Data ,Successful Registry Modification,N/A,1,0,unknown,N/A,RegistryEvent (Value Set),unknown,0,null,1784850794000,255,0,false,0,"true""""",Microsoft-Windows-Sysmon/Operational,HOST_0004,This Registry event type identifies Registry value modifications.,0,1784850803241,No Offense,255,HOST_0029 @ 10.0.0.12,false,3,false,N/A,10.0.0.12,false,1784850803241,5,NETWORK_0002,35,13,0,1,-1,HOST_0004,[REDACTED_DUPLICATE_PAYLOAD],USER_0002,5001832,false,null,N/A,"06:53:23, 24 thg 7, 2026","06:53:14, 24 thg 7, 2026",MAC_0002,HOST_0006,439,0,false,10.0.0.12,0,N/A,10.0.0.3,321,"06:53:23, 24 thg 7, 2026",0:0:0:0:0:0:0:0,N/A,null,"100221,100265,109237,109187,100617,100668,156193,166363,100276,100272,123237,123937,134937,166353"
N/A,false,0,0,USER_0004,10.0.0.12,"{sysmon-eventid=13, Description=N/A, Message=N/A, Pipe Name=N/A, Registry Key=\MuiCache\15b\52C64B7E, sysmon-processid=6200, channel=Microsoft-Windows-Sysmon/Operational, Target Object=HKU\S-1-5-21-728566140-106364507-3694018187-500_CLASSES\Local Settings\MuiCache\15b\52C64B7E\LanguageList, Logon Account Domain=DOMAIN_0001.LOCAL, Object Name=DOMAIN_0020.LOCAL\USER_0049DOMAIN_0021.LOCAL\USER_0050 Settings\MuiCache\15b\52C64B7E\LanguageList, Target Details=Binary Data, Process Name=ServerManager.exe, Registry Value Data=Binary Data, Account Name=USER_0004, Logon Type=N/A, sysmon-targetobject=HKU\S-1-5-21-728566140-106364507-3694018187-500_CLASSES\Local Settings\MuiCache\15b\52C64B7E\LanguageList, Target User Domain=DOMAIN_0001.LOCAL, Rule Name=-, Account Security ID=S-1-5-21-0002, Share Name=N/A, Authentication Package=N/A, sysmon-processguid={C20AB55E-3287-67BC-BD08-000000001C00}, Logon Account Name=USER_0004, Realm=DOMAIN_0001.LOCAL, EventIDCode=13, Account ID=S-1-5-21-0002, Process Path=C:\Windows\system32\ServerManager.exe, sysmon-utctime=2026-07-23 23:41:14.565, Status Code=N/A, Registry Value Name=LanguageList, User Domain=DOMAIN_0001.LOCAL, Key Length=N/A, Target Username=USER_0004, Event ID=13, ProgramName=N/A, Registry Hive=HKU, sysmon-eventtype=SetValue, sysmon-user=USER_0002, Process GUID=C20AB55E-3287-67BC-BD08-000000001C00, Process ID=6200, Machine Identifier=HOST_0028, Object Type=N/A, Target Account Security ID=S-1-5-21-0002, Device Name=HOST_0028, sysmon-details=Binary Data}",false,MAC_0001,MAC_0002,[REDACTED_DUPLICATE_PAYLOAD],3,40791,0,12,false,0:0:0:0:0:0:0:0,N/A,0,N/A,8012,<13>Jul 24 06:41:17 10.0.0.12 AgentDevice=WindowsLog	AgentLogFile=Microsoft-Windows-Sysmon/Operational	PluginVersion=7.3.1.28	Source=Microsoft-Windows-Sysmon	Computer=HCC-LLTP-DB	OriginatingComputer=HCC-LLTP-DB	User=USER_0002	Domain=DOMAIN_0006.LOCAL	EventID=13	EventIDCode=13	EventType=4	EventCategory=13	RecordNumber=2036557647	TimeGenerated=1784850074	TimeWritten=1784850074	Level=Informational	Keywords=0x8000000000000000	Task=SysmonTask-SYSMON_REG_SETVALUE	Opcode=Info	Message=Registry value set: RuleName: - EventType: SetValue UtcTime: 2026-07-23 23:41:14.565 ProcessGuid: {C20AB55E-3287-67BC-BD08-000000001C00} ProcessId: 6200 Image: C:\Windows\system32\ServerManager.exe TargetObject: DOMAIN_0020.LOCAL\USER_0049DOMAIN_0021.LOCAL\USER_0050 Settings\MuiCache\15b\52C64B7E\LanguageList Details: Binary Data ,Successful Registry Modification,N/A,1,0,unknown,N/A,RegistryEvent (Value Set),unknown,0,null,1784850074000,255,0,false,0,"true""""",Microsoft-Windows-Sysmon/Operational,HOST_0004,This Registry event type identifies Registry value modifications.,0,1784850079108,No Offense,255,HOST_0029 @ 10.0.0.12,false,3,false,N/A,10.0.0.12,false,1784850079108,5,NETWORK_0002,35,13,0,1,-1,HOST_0004,[REDACTED_DUPLICATE_PAYLOAD],USER_0002,5001832,false,null,N/A,"06:41:19, 24 thg 7, 2026","06:41:14, 24 thg 7, 2026",MAC_0002,HOST_0006,439,0,false,10.0.0.12,0,N/A,10.0.0.3,321,"06:41:19, 24 thg 7, 2026",0:0:0:0:0:0:0:0,N/A,null,"100221,100265,109237,109187,100617,100668,156193,166363,100276,100272,123237,123937,134937,166353"
