N/A,false,0,0,USER_0004,10.0.0.27,"{sysmon-eventid=1, Parent Process Name=cmd.exe, Pipe Name=N/A, File Directory=N/A, sysmon-processid=64140, channel=Microsoft-Windows-Sysmon/Operational, sysmon-username= NT DOMAIN_0008.LOCAL\USER_0002, Parent Command=C:\Windows\system32\cmd.exe /c cscript //nologo %windir%\system32\slmgr.vbs /dli 2>&1, Object Name=N/A, Account Name=USER_0004, sysmon-currentdirectory=C:\Windows\system32\, Target User Domain=DOMAIN_0001.LOCAL, Logon Account Name=USER_0004, Product Description=Microsoft ® Console Based Script Host, EventIDCode=1, Terminated Process Name=N/A, MD5 Hash=9578AFF0AC49AAADB5A028B9B6D13C6E, Filename=N/A, Key Length=N/A, sysmon-logonid=0x3E7, ProgramName=N/A, Process GUID=5E5FB9E6-1174-6A78-5EE5-020000003000, SHA1 Hash=D67986B9CFE1397EBE27E16D9852B52AEE9B95C6, File Extension=N/A, Object Type=N/A, sysmon-hash=SHA1=D67986B9CFE1397EBE27E16D9852B52AEE9B95C6,MD5=9578AFF0AC49AAADB5A028B9B6D13C6E,SHA256=67A0A3413A99DFFD421992E2AD6DECBF4A78C3E063F414201B5D2232AE96B0F7,IMPHASH=77838A7D26CC1C7050C41CF6165BAD0E, SHA256 Hash=67A0A3413A99DFFD421992E2AD6DECBF4A78C3E063F414201B5D2232AE96B0F7, Parent Process GUID=5E5FB9E6-1174-6A78-5CE5-020000003000, Integrity Level=System, sysmon-parentimage=C:\Windows\System32\cmd.exe, Description=Description: Microsoft ® Console Based Script Host Product, File Hash=D67986B9CFE1397EBE27E16D9852B52AEE9B95C6, Token Elevation Type=N/A, Message=N/A, sysmon-rulename=-, Encoded Command=N/A, Logon Account Domain=DOMAIN_0001.LOCAL, Process Name=cscript.exe, Parent Process ID=40260, sysmon-parentcommandline=C:\Windows\system32\cmd.exe /c cscript //nologo %windir%\system32\slmgr.vbs /dli 2>&1, Logon Type=N/A, sysmon-integritylevel=System, sysmon-logonguid={5E5FB9E6-DEE1-6981-E703-000000000000}, Account Security ID=S-1-5-21-0002, Share Name=N/A, Authentication Package=N/A, sysmon-processguid={5E5FB9E6-1174-6A78-5EE5-020000003000}, Realm=DOMAIN_0001.LOCAL, Account ID=S-1-5-21-0002, sysmon-description=Microsoft ® Console Based Script Host, Process Path=C:\Windows\System32\cscript.exe, Status Code=N/A, Product Name=Microsoft ® Windows Script Host, User Domain=DOMAIN_0001.LOCAL, Encoded Argument=N/A, Target Username=USER_0004, Event ID=1, sysmon-parentprocessid=40260, Product Company=Microsoft Corporation, sysmon-fileversion=5.812.10240.16384, sysmon-parentprocessguid={5E5FB9E6-1174-6A78-5CE5-020000003000}, sysmon-user=USER_0002, Command=cscript  //nologo C:\Windows\system32\slmgr.vbs /dli , sysmon-originalfilename=cscript.exe, Process ID=64140, sysmon-image=C:\Windows\System32\cscript.exe, Machine Identifier=HOST_0067, Target Account Security ID=S-1-5-21-0002, sysmon-commandline=cscript  //nologo C:\Windows\system32\slmgr.vbs /dli , Device Name=HOST_0067, IMP Hash=77838A7D26CC1C7050C41CF6165BAD0E, Current Working Directory=C:\Windows\system32\, Parent Process Path=C:\Windows\System32\cmd.exe, sysmon-terminalsessionid=0}",false,MAC_0001,MAC_0002,[REDACTED_DUPLICATE_PAYLOAD],3,27863,0,12,false,0:0:0:0:0:0:0:0,N/A,0,N/A,8110,"<13>Aug 09 12:34:45 10.0.0.27 AgentDevice=WindowsLog	AgentLogFile=Microsoft-Windows-Sysmon/Operational	PluginVersion=7.3.1.28	Source=Microsoft-Windows-Sysmon	Computer=EMR_APP_1_111	OriginatingComputer=EMR_APP_1_111	User=USER_0002	Domain=DOMAIN_0006.LOCAL	EventID=1	EventIDCode=1	EventType=4	EventCategory=1	RecordNumber=1372683772	TimeGenerated=1786253684	TimeWritten=1786253684	Level=Informational	Keywords=0x8000000000000000	Task=SysmonTask-SYSMON_CREATE_PROCESS	Opcode=Info	Message=Process Create: RuleName: - UtcTime: 2026-08-09 05:34:44.412 ProcessGuid: {5E5FB9E6-1174-6A78-5EE5-020000003000} ProcessId: 64140 Image: C:\Windows\System32\cscript.exe FileVersion: 5.812.10240.16384 Description: Microsoft ® Console Based Script Host Product: Microsoft ® Windows Script Host Company: Microsoft Corporation OriginalFileName: cscript.exe CommandLine: cscript  //nologo C:\Windows\system32\slmgr.vbs /dli  CurrentDirectory: C:\Windows\system32\ User: NT DOMAIN_0008.LOCAL\USER_0002 LogonGuid: {5E5FB9E6-DEE1-6981-E703-000000000000} LogonId: 0x3E7 TerminalSessionId: 0 IntegrityLevel: System Hashes: SHA1=D67986B9CFE1397EBE27E16D9852B52AEE9B95C6,MD5=9578AFF0AC49AAADB5A028B9B6D13C6E,SHA256=67A0A3413A99DFFD421992E2AD6DECBF4A78C3E063F414201B5D2232AE96B0F7,IMPHASH=77838A7D26CC1C7050C41CF6165BAD0E ParentProcessGuid: {5E5FB9E6-1174-6A78-5CE5-020000003000} ParentProcessId: 40260 ParentImage: C:\Windows\System32\cmd.exe ParentCommandLine: C:\Windows\system32\cmd.exe /c cscript //nologo %windir%\system32\slmgr.vbs /dli 2>&1 ",Process Creation Success,N/A,1,0,unknown,N/A,Process Create,unknown,0,null,1786253684000,255,0,false,0,"true""""",Microsoft-Windows-Sysmon/Operational,HOST_0004,The process creation event provides extended information about a newly created process.,0,1786253687113,No Offense,255,HOST_0068 @ 10.0.0.27,false,3,false,N/A,10.0.0.27,false,1786253687113,5,NETWORK_0011,43,1,0,2,-1,HOST_0004,[REDACTED_DUPLICATE_PAYLOAD],USER_0002,5001828,false,null,N/A,"12:34:47, 9 thg 8, 2026","12:34:44, 9 thg 8, 2026",MAC_0002,HOST_0046,482,0,false,10.0.0.27,0,N/A,10.0.0.3,2,"12:34:47, 9 thg 8, 2026",0:0:0:0:0:0:0:0,N/A,null,"100221,100265,109237,109187,100668,156193,146162,166362,100272,100677,134937,166353"
N/A,false,0,0,USER_0004,10.0.0.27,"{sysmon-eventid=1, Parent Process Name=updater.exe, Pipe Name=N/A, File Directory=N/A, sysmon-processid=56280, channel=Microsoft-Windows-Sysmon/Operational, sysmon-username= NT DOMAIN_0008.LOCAL\USER_0002, Parent Command=""C:\Program Files (x86)\Google\GoogleUpdater\152DOMAIN_0066.LOCAL\USER_0020"" --system --windows-service --service=update, Object Name=N/A, Account Name=USER_0004, sysmon-currentdirectory=C:\Windows\system32\, Target User Domain=DOMAIN_0001.LOCAL, Logon Account Name=USER_0004, Product Description=Google Updater (x64), EventIDCode=1, Terminated Process Name=N/A, MD5 Hash=26F8189E8EA79C850ED24086E07CDE85, Filename=N/A, Key Length=N/A, sysmon-logonid=0x3E7, ProgramName=N/A, Process GUID=5E5FB9E6-1150-6A78-5BE5-020000003000, SHA1 Hash=1B067B2DB27EFD93C3466EE0EDC577ED6625DEF4, File Extension=N/A, Object Type=N/A, sysmon-hash=SHA1=1B067B2DB27EFD93C3466EE0EDC577ED6625DEF4,MD5=26F8189E8EA79C850ED24086E07CDE85,SHA256=B676C1145F17A9C3D74CC66AD2708550698F1E6A789E37B1715E32CF0127BFDC,IMPHASH=0AD1312AEEF2A359250067CD0C300E42, SHA256 Hash=B676C1145F17A9C3D74CC66AD2708550698F1E6A789E37B1715E32CF0127BFDC, Parent Process GUID=5E5FB9E6-1150-6A78-5AE5-020000003000, Integrity Level=System, sysmon-parentimage=C:\Program Files (x86)\Google\GoogleUpdater\152.0.7933.0\updater.exe, Description=Description: Google Updater (x64) Product, File Hash=1B067B2DB27EFD93C3466EE0EDC577ED6625DEF4, Token Elevation Type=N/A, Message=N/A, sysmon-rulename=-, Encoded Command=N/A, Logon Account Domain=DOMAIN_0001.LOCAL, Process Name=updater.exe, Parent Process ID=62308, sysmon-parentcommandline=""C:\Program Files (x86)\Google\GoogleUpdater\152DOMAIN_0066.LOCAL\USER_0020"" --system --windows-service --service=update, Logon Type=N/A, sysmon-integritylevel=System, sysmon-logonguid={5E5FB9E6-DEE1-6981-E703-000000000000}, Account Security ID=S-1-5-21-0002, Share Name=N/A, Authentication Package=N/A, sysmon-processguid={5E5FB9E6-1150-6A78-5BE5-020000003000}, Realm=DOMAIN_0001.LOCAL, Account ID=S-1-5-21-0002, sysmon-description=Google Updater (x64), Process Path=C:\Program Files (x86)\Google\GoogleUpdater\152DOMAIN_0066.LOCAL\USER_0020, Status Code=N/A, Product Name=Google Updater (x64), User Domain=DOMAIN_0001.LOCAL, Encoded Argument=N/A, Target Username=USER_0004, Event ID=1, sysmon-parentprocessid=62308, Product Company=Google LLC, sysmon-fileversion=152.0.7933.0, sysmon-parentprocessguid={5E5FB9E6-1150-6A78-5AE5-020000003000}, sysmon-user=USER_0002, Command=""C:\Program Files (x86)\Google\GoogleUpdater\152DOMAIN_0066.LOCAL\USER_0020"" --crash-handler --system ""--database=C:\Program Files (x86)\Google\GoogleUpdater\152DOMAIN_0066.LOCAL\USER_0067"" --url=https://clients2.google.com/cr/report --annotation=prod=Update4 --annotation=ver=152.0.7933.0 ""--attachment=C:\Program Files (x86)\Google\GoogleUpdater\updater.log"" ""--attachment=C:\Program Files (x86)\Google\GoogleUpdater\updater_history.jsonl"" --initial-client-data=0x214,0x218,0x21c,0x210,0x220,0x7ff69b8dcd68,0x7ff69b8dcd78,0x7ff69b8dcd88, sysmon-originalfilename=updater.exe, Process ID=56280, sysmon-image=C:\Program Files (x86)\Google\GoogleUpdater\152.0.7933.0\updater.exe, Machine Identifier=HOST_0067, Target Account Security ID=S-1-5-21-0002, sysmon-commandline=""C:\Program Files (x86)\Google\GoogleUpdater\152DOMAIN_0066.LOCAL\USER_0020"" --crash-handler --system ""--database=C:\Program Files (x86)\Google\GoogleUpdater\152DOMAIN_0066.LOCAL\USER_0067"" --url=https://clients2.google.com/cr/report --annotation=prod=Update4 --annotation=ver=152.0.7933.0 ""--attachment=C:\Program Files (x86)\Google\GoogleUpdater\updater.log"" ""--attachment=C:\Program Files (x86)\Google\GoogleUpdater\updater_history.jsonl"" --initial-client-data=0x214,0x218,0x21c,0x210,0x220,0x7ff69b8dcd68,0x7ff69b8dcd78,0x7ff69b8dcd88, Device Name=HOST_0067, IMP Hash=0AD1312AEEF2A359250067CD0C300E42, Current Working Directory=C:\Windows\system32\, Parent Process Path=C:\Program Files (x86)\Google\GoogleUpdater\152DOMAIN_0066.LOCAL\USER_0020, sysmon-terminalsessionid=0}",false,MAC_0001,MAC_0002,[REDACTED_DUPLICATE_PAYLOAD],3,27863,0,12,false,0:0:0:0:0:0:0:0,N/A,0,N/A,8110,"<13>Aug 09 12:34:09 10.0.0.27 AgentDevice=WindowsLog	AgentLogFile=Microsoft-Windows-Sysmon/Operational	PluginVersion=7.3.1.28	Source=Microsoft-Windows-Sysmon	Computer=EMR_APP_1_111	OriginatingComputer=EMR_APP_1_111	User=USER_0002	Domain=DOMAIN_0006.LOCAL	EventID=1	EventIDCode=1	EventType=4	EventCategory=1	RecordNumber=1372682768	TimeGenerated=1786253648	TimeWritten=1786253648	Level=Informational	Keywords=0x8000000000000000	Task=SysmonTask-SYSMON_CREATE_PROCESS	Opcode=Info	Message=Process Create: RuleName: - UtcTime: 2026-08-09 05:34:08.380 ProcessGuid: {5E5FB9E6-1150-6A78-5BE5-020000003000} ProcessId: 56280 Image: C:\Program Files (x86)\Google\GoogleUpdater\152DOMAIN_0066.LOCAL\USER_0020 FileVersion: 152.0.7933.0 Description: Google Updater (x64) Product: Google Updater (x64) Company: Google LLC OriginalFileName: updater.exe CommandLine: ""C:\Program Files (x86)\Google\GoogleUpdater\152DOMAIN_0066.LOCAL\USER_0020"" --crash-handler --system ""--database=C:\Program Files (x86)\Google\GoogleUpdater\152DOMAIN_0066.LOCAL\USER_0067"" --url=https://clients2.google.com/cr/report --annotation=prod=Update4 --annotation=ver=152.0.7933.0 ""--attachment=C:\Program Files (x86)\Google\GoogleUpdater\updater.log"" ""--attachment=C:\Program Files (x86)\Google\GoogleUpdater\updater_history.jsonl"" --initial-client-data=0x214,0x218,0x21c,0x210,0x220,0x7ff69b8dcd68,0x7ff69b8dcd78,0x7ff69b8dcd88 CurrentDirectory: C:\Windows\system32\ User: NT DOMAIN_0008.LOCAL\USER_0002 LogonGuid: {5E5FB9E6-DEE1-6981-E703-000000000000} LogonId: 0x3E7 TerminalSessionId: 0 IntegrityLevel: System Hashes: SHA1=1B067B2DB27EFD93C3466EE0EDC577ED6625DEF4,MD5=26F8189E8EA79C850ED24086E07CDE85,SHA256=B676C1145F17A9C3D74CC66AD2708550698F1E6A789E37B1715E32CF0127BFDC,IMPHASH=0AD1312AEEF2A359250067CD0C300E42 ParentProcessGuid: {5E5FB9E6-1150-6A78-5AE5-020000003000} ParentProcessId: 62308 ParentImage: C:\Program Files (x86)\Google\GoogleUpdater\152DOMAIN_0066.LOCAL\USER_0020 ParentCommandLine: ""C:\Program Files (x86)\Google\GoogleUpdater\152DOMAIN_0066.LOCAL\USER_0020"" --system --windows-service --service=update ",Process Creation Success,N/A,1,0,unknown,N/A,Process Create,unknown,0,null,1786253648000,255,0,false,0,"true""""",Microsoft-Windows-Sysmon/Operational,HOST_0004,The process creation event provides extended information about a newly created process.,0,1786253655008,No Offense,255,HOST_0068 @ 10.0.0.27,false,3,false,N/A,10.0.0.27,false,1786253655008,5,NETWORK_0011,43,1,0,2,-1,HOST_0004,[REDACTED_DUPLICATE_PAYLOAD],USER_0002,5001828,false,null,N/A,"12:34:15, 9 thg 8, 2026","12:34:08, 9 thg 8, 2026",MAC_0002,HOST_0046,482,0,false,10.0.0.27,0,N/A,10.0.0.3,5,"12:34:15, 9 thg 8, 2026",0:0:0:0:0:0:0:0,N/A,null,"100221,100265,109237,109187,156193,166362,100272,134937,166353"
N/A,false,0,0,USER_0004,10.0.0.27,"{sysmon-eventid=1, Parent Process Name=HIS.exe, Pipe Name=N/A, File Directory=N/A, sysmon-processid=60472, channel=Microsoft-Windows-Sysmon/Operational, sysmon-username= DOMAIN_0071.LOCAL\USER_0030, Parent Command=""F:\Hispro\HISpro\HIS.exe"" , Object Name=N/A, Account Name=USER_0004, sysmon-currentdirectory=F:\Hispro\HISpro\, Target User Domain=DOMAIN_0001.LOCAL, Logon Account Name=USER_0004, Product Description=HLS.WCFClient, EventIDCode=1, Terminated Process Name=N/A, MD5 Hash=CC5C79BE16BFE24469D44F5B0DE46E0F, Filename=N/A, Key Length=N/A, sysmon-logonid=0x56F0A0, ProgramName=N/A, Process GUID=5E5FB9E6-1103-6A78-55E5-020000003000, SHA1 Hash=5819F95410DA6624FA8F214148CDC80C5901D419, File Extension=N/A, Object Type=N/A, sysmon-hash=SHA1=5819F95410DA6624FA8F214148CDC80C5901D419,MD5=CC5C79BE16BFE24469D44F5B0DE46E0F,SHA256=E8DBB3EF4534F5593EEE974CE1EB051E13D9550C13235188E25CA80833295D4C,IMPHASH=F34D5F2D4577ED6D9CEEC516C1F5A744, SHA256 Hash=E8DBB3EF4534F5593EEE974CE1EB051E13D9550C13235188E25CA80833295D4C, Parent Process GUID=5E5FB9E6-F446-6A43-98D6-010000003000, Integrity Level=High, sysmon-parentimage=F:\Hispro\HISpro\HIS.exe, Description=Description: HLS.WCFClient Product, File Hash=5819F95410DA6624FA8F214148CDC80C5901D419, Token Elevation Type=N/A, Message=N/A, sysmon-rulename=-, Encoded Command=N/A, Logon Account Domain=DOMAIN_0001.LOCAL, Process Name=HLS.WCFClient.exe, Parent Process ID=16056, sysmon-parentcommandline=""F:\Hispro\HISpro\HIS.exe"", Logon Type=N/A, sysmon-integritylevel=High, sysmon-logonguid={5E5FB9E6-E5AA-6981-A0F0-560000000000}, Account Security ID=S-1-5-21-0002, Share Name=N/A, Authentication Package=N/A, sysmon-processguid={5E5FB9E6-1103-6A78-55E5-020000003000}, Realm=DOMAIN_0001.LOCAL, Account ID=S-1-5-21-0002, sysmon-description=HLS.WCFClient, Process Path=F:\Hispro\HISpro\HLS.WCFClient.exe, Status Code=N/A, Product Name=HLS.WCFClient, User Domain=DOMAIN_0001.LOCAL, Encoded Argument=N/A, Target Username=USER_0004, Event ID=1, sysmon-parentprocessid=16056, Product Company=Microsoft, sysmon-fileversion=1.0.0.0, sysmon-parentprocessguid={5E5FB9E6-F446-6A43-98D6-010000003000}, sysmon-user=USER_0002, Command=""F:\Hispro\HISpro\HLS.WCFClient.exe"" |AcsBaseUri|http://10.0.0.27:1401/|SdaBaseUri|http://10.0.0.27:1410/|SarBaseUri|http://10.0.0.27:1409/|MosBaseUri|http://10.0.0.27:1408/|ApplicationCode|HIS|TokenCode|21f33f4a09f028134e479dba730560f01ca6930b3c18c05ed2bb9abbbc46b106|CacheType|1|RedisSaveType|0|PreNamespaceFolder||isReloadAllCache|0, sysmon-originalfilename=HLS.WCFClient.exe, Process ID=60472, sysmon-image=F:\Hispro\HISpro\HLS.WCFClient.exe, Machine Identifier=HOST_0067, Target Account Security ID=S-1-5-21-0002, sysmon-commandline=""F:\Hispro\HISpro\HLS.WCFClient.exe"" |AcsBaseUri|http://10.0.0.27:1401/|SdaBaseUri|http://10.0.0.27:1410/|SarBaseUri|http://10.0.0.27:1409/|MosBaseUri|http://10.0.0.27:1408/|ApplicationCode|HIS|TokenCode|21f33f4a09f028134e479dba730560f01ca6930b3c18c05ed2bb9abbbc46b106|CacheType|1|RedisSaveType|0|PreNamespaceFolder||isReloadAllCache|0, Device Name=HOST_0067, IMP Hash=F34D5F2D4577ED6D9CEEC516C1F5A744, Current Working Directory=F:\Hispro\HISpro\, Parent Process Path=F:\Hispro\HISpro\HIS.exe, sysmon-terminalsessionid=2}",false,MAC_0001,MAC_0002,[REDACTED_DUPLICATE_PAYLOAD],3,27863,0,12,false,0:0:0:0:0:0:0:0,N/A,0,N/A,8110,"<13>Aug 09 12:32:54 10.0.0.27 AgentDevice=WindowsLog	AgentLogFile=Microsoft-Windows-Sysmon/Operational	PluginVersion=7.3.1.28	Source=Microsoft-Windows-Sysmon	Computer=EMR_APP_1_111	OriginatingComputer=EMR_APP_1_111	User=USER_0002	Domain=DOMAIN_0006.LOCAL	EventID=1	EventIDCode=1	EventType=4	EventCategory=1	RecordNumber=1372680947	TimeGenerated=1786253571	TimeWritten=1786253571	Level=Informational	Keywords=0x8000000000000000	Task=SysmonTask-SYSMON_CREATE_PROCESS	Opcode=Info	Message=Process Create: RuleName: - UtcTime: 2026-08-09 05:32:51.855 ProcessGuid: {5E5FB9E6-1103-6A78-55E5-020000003000} ProcessId: 60472 Image: F:\Hispro\HISpro\HLS.WCFClient.exe FileVersion: 203.0.0.12 Description: HLS.WCFClient Product: HLS.WCFClient Company: Microsoft OriginalFileName: HLS.WCFClient.exe CommandLine: ""F:\Hispro\HISpro\HLS.WCFClient.exe"" |AcsBaseUri|http://10.0.0.27:1401/|SdaBaseUri|http://10.0.0.27:1410/|SarBaseUri|http://10.0.0.27:1409/|MosBaseUri|http://10.0.0.27:1408/|ApplicationCode|HIS|TokenCode|21f33f4a09f028134e479dba730560f01ca6930b3c18c05ed2bb9abbbc46b106|CacheType|1|RedisSaveType|0|PreNamespaceFolder||isReloadAllCache|0 CurrentDirectory: F:\Hispro\HISpro\ User: DOMAIN_0071.LOCAL\USER_0030 LogonGuid: {5E5FB9E6-E5AA-6981-A0F0-560000000000} LogonId: 0x56F0A0 TerminalSessionId: 2 IntegrityLevel: High Hashes: SHA1=5819F95410DA6624FA8F214148CDC80C5901D419,MD5=CC5C79BE16BFE24469D44F5B0DE46E0F,SHA256=E8DBB3EF4534F5593EEE974CE1EB051E13D9550C13235188E25CA80833295D4C,IMPHASH=F34D5F2D4577ED6D9CEEC516C1F5A744 ParentProcessGuid: {5E5FB9E6-F446-6A43-98D6-010000003000} ParentProcessId: 16056 ParentImage: F:\Hispro\HISpro\HIS.exe ParentCommandLine: ""F:\Hispro\HISpro\HIS.exe""  ",Process Creation Success,N/A,1,0,unknown,N/A,Process Create,unknown,0,null,1786253571000,255,0,false,0,"true""""",Microsoft-Windows-Sysmon/Operational,HOST_0004,The process creation event provides extended information about a newly created process.,0,1786253581996,No Offense,255,HOST_0068 @ 10.0.0.27,false,3,false,N/A,10.0.0.27,false,1786253581996,5,NETWORK_0011,43,1,0,2,-1,HOST_0004,[REDACTED_DUPLICATE_PAYLOAD],USER_0002,5001828,false,null,N/A,"12:33:01, 9 thg 8, 2026","12:32:51, 9 thg 8, 2026",MAC_0002,HOST_0046,482,0,false,10.0.0.27,0,N/A,10.0.0.3,1,"12:33:01, 9 thg 8, 2026",0:0:0:0:0:0:0:0,N/A,null,"100221,100265,109237,109187,156193,166362,100272,134937,166353"
N/A,false,0,0,USER_0004,10.0.0.27,"{sysmon-eventid=1, Parent Process Name=cmd.exe, Pipe Name=N/A, File Directory=N/A, sysmon-processid=64464, channel=Microsoft-Windows-Sysmon/Operational, sysmon-username= NT DOMAIN_0008.LOCAL\USER_0002, Parent Command=C:\Windows\system32\cmd.exe /c cscript //nologo %windir%\system32\slmgr.vbs /dli 2>&1, Object Name=N/A, Account Name=USER_0004, sysmon-currentdirectory=C:\Windows\system32\, Target User Domain=DOMAIN_0001.LOCAL, Logon Account Name=USER_0004, Product Description=Microsoft ® Console Based Script Host, EventIDCode=1, Terminated Process Name=N/A, MD5 Hash=9578AFF0AC49AAADB5A028B9B6D13C6E, Filename=N/A, Key Length=N/A, sysmon-logonid=0x3E7, ProgramName=N/A, Process GUID=5E5FB9E6-1046-6A78-54E5-020000003000, SHA1 Hash=D67986B9CFE1397EBE27E16D9852B52AEE9B95C6, File Extension=N/A, Object Type=N/A, sysmon-hash=SHA1=D67986B9CFE1397EBE27E16D9852B52AEE9B95C6,MD5=9578AFF0AC49AAADB5A028B9B6D13C6E,SHA256=67A0A3413A99DFFD421992E2AD6DECBF4A78C3E063F414201B5D2232AE96B0F7,IMPHASH=77838A7D26CC1C7050C41CF6165BAD0E, SHA256 Hash=67A0A3413A99DFFD421992E2AD6DECBF4A78C3E063F414201B5D2232AE96B0F7, Parent Process GUID=5E5FB9E6-1046-6A78-52E5-020000003000, Integrity Level=System, sysmon-parentimage=C:\Windows\System32\cmd.exe, Description=Description: Microsoft ® Console Based Script Host Product, File Hash=D67986B9CFE1397EBE27E16D9852B52AEE9B95C6, Token Elevation Type=N/A, Message=N/A, sysmon-rulename=-, Encoded Command=N/A, Logon Account Domain=DOMAIN_0001.LOCAL, Process Name=cscript.exe, Parent Process ID=24732, sysmon-parentcommandline=C:\Windows\system32\cmd.exe /c cscript //nologo %windir%\system32\slmgr.vbs /dli 2>&1, Logon Type=N/A, sysmon-integritylevel=System, sysmon-logonguid={5E5FB9E6-DEE1-6981-E703-000000000000}, Account Security ID=S-1-5-21-0002, Share Name=N/A, Authentication Package=N/A, sysmon-processguid={5E5FB9E6-1046-6A78-54E5-020000003000}, Realm=DOMAIN_0001.LOCAL, Account ID=S-1-5-21-0002, sysmon-description=Microsoft ® Console Based Script Host, Process Path=C:\Windows\System32\cscript.exe, Status Code=N/A, Product Name=Microsoft ® Windows Script Host, User Domain=DOMAIN_0001.LOCAL, Encoded Argument=N/A, Target Username=USER_0004, Event ID=1, sysmon-parentprocessid=24732, Product Company=Microsoft Corporation, sysmon-fileversion=5.812.10240.16384, sysmon-parentprocessguid={5E5FB9E6-1046-6A78-52E5-020000003000}, sysmon-user=USER_0002, Command=cscript  //nologo C:\Windows\system32\slmgr.vbs /dli , sysmon-originalfilename=cscript.exe, Process ID=64464, sysmon-image=C:\Windows\System32\cscript.exe, Machine Identifier=HOST_0067, Target Account Security ID=S-1-5-21-0002, sysmon-commandline=cscript  //nologo C:\Windows\system32\slmgr.vbs /dli , Device Name=HOST_0067, IMP Hash=77838A7D26CC1C7050C41CF6165BAD0E, Current Working Directory=C:\Windows\system32\, Parent Process Path=C:\Windows\System32\cmd.exe, sysmon-terminalsessionid=0}",false,MAC_0001,MAC_0002,[REDACTED_DUPLICATE_PAYLOAD],3,27863,0,12,false,0:0:0:0:0:0:0:0,N/A,0,N/A,8110,"<13>Aug 09 12:29:42 10.0.0.27 AgentDevice=WindowsLog	AgentLogFile=Microsoft-Windows-Sysmon/Operational	PluginVersion=7.3.1.28	Source=Microsoft-Windows-Sysmon	Computer=EMR_APP_1_111	OriginatingComputer=EMR_APP_1_111	User=USER_0002	Domain=DOMAIN_0006.LOCAL	EventID=1	EventIDCode=1	EventType=4	EventCategory=1	RecordNumber=1372676744	TimeGenerated=1786253382	TimeWritten=1786253382	Level=Informational	Keywords=0x8000000000000000	Task=SysmonTask-SYSMON_CREATE_PROCESS	Opcode=Info	Message=Process Create: RuleName: - UtcTime: 2026-08-09 05:29:42.584 ProcessGuid: {5E5FB9E6-1046-6A78-54E5-020000003000} ProcessId: 64464 Image: C:\Windows\System32\cscript.exe FileVersion: 5.812.10240.16384 Description: Microsoft ® Console Based Script Host Product: Microsoft ® Windows Script Host Company: Microsoft Corporation OriginalFileName: cscript.exe CommandLine: cscript  //nologo C:\Windows\system32\slmgr.vbs /dli  CurrentDirectory: C:\Windows\system32\ User: NT DOMAIN_0008.LOCAL\USER_0002 LogonGuid: {5E5FB9E6-DEE1-6981-E703-000000000000} LogonId: 0x3E7 TerminalSessionId: 0 IntegrityLevel: System Hashes: SHA1=D67986B9CFE1397EBE27E16D9852B52AEE9B95C6,MD5=9578AFF0AC49AAADB5A028B9B6D13C6E,SHA256=67A0A3413A99DFFD421992E2AD6DECBF4A78C3E063F414201B5D2232AE96B0F7,IMPHASH=77838A7D26CC1C7050C41CF6165BAD0E ParentProcessGuid: {5E5FB9E6-1046-6A78-52E5-020000003000} ParentProcessId: 24732 ParentImage: C:\Windows\System32\cmd.exe ParentCommandLine: C:\Windows\system32\cmd.exe /c cscript //nologo %windir%\system32\slmgr.vbs /dli 2>&1 ",Process Creation Success,N/A,1,0,unknown,N/A,Process Create,unknown,0,null,1786253382000,255,0,false,0,"true""""",Microsoft-Windows-Sysmon/Operational,HOST_0004,The process creation event provides extended information about a newly created process.,0,1786253391995,No Offense,255,HOST_0068 @ 10.0.0.27,false,3,false,N/A,10.0.0.27,false,1786253451995,5,NETWORK_0011,43,1,0,2,-1,HOST_0004,[REDACTED_DUPLICATE_PAYLOAD],USER_0002,5001828,false,null,N/A,"12:29:51, 9 thg 8, 2026","12:29:42, 9 thg 8, 2026",MAC_0002,HOST_0046,482,0,false,10.0.0.27,0,N/A,10.0.0.3,2,"12:30:51, 9 thg 8, 2026",0:0:0:0:0:0:0:0,N/A,null,"100221,100265,109237,109187,100668,156193,146162,166362,100272,100677,134937,166353"
N/A,false,0,0,USER_0004,10.0.0.27,"{sysmon-eventid=1, Parent Process Name=HIS.exe, Pipe Name=N/A, File Directory=N/A, sysmon-processid=57660, channel=Microsoft-Windows-Sysmon/Operational, sysmon-username= DOMAIN_0071.LOCAL\USER_0030, Parent Command=""F:\Hispro\HISpro\HIS.exe"" , Object Name=N/A, Account Name=USER_0004, sysmon-currentdirectory=F:\Hispro\HISpro\, Target User Domain=DOMAIN_0001.LOCAL, Logon Account Name=USER_0004, Product Description=HLS.WCFClient, EventIDCode=1, Terminated Process Name=N/A, MD5 Hash=CC5C79BE16BFE24469D44F5B0DE46E0F, Filename=N/A, Key Length=N/A, sysmon-logonid=0x56F0A0, ProgramName=N/A, Process GUID=5E5FB9E6-1035-6A78-51E5-020000003000, SHA1 Hash=5819F95410DA6624FA8F214148CDC80C5901D419, File Extension=N/A, Object Type=N/A, sysmon-hash=SHA1=5819F95410DA6624FA8F214148CDC80C5901D419,MD5=CC5C79BE16BFE24469D44F5B0DE46E0F,SHA256=E8DBB3EF4534F5593EEE974CE1EB051E13D9550C13235188E25CA80833295D4C,IMPHASH=F34D5F2D4577ED6D9CEEC516C1F5A744, SHA256 Hash=E8DBB3EF4534F5593EEE974CE1EB051E13D9550C13235188E25CA80833295D4C, Parent Process GUID=5E5FB9E6-F446-6A43-98D6-010000003000, Integrity Level=High, sysmon-parentimage=F:\Hispro\HISpro\HIS.exe, Description=Description: HLS.WCFClient Product, File Hash=5819F95410DA6624FA8F214148CDC80C5901D419, Token Elevation Type=N/A, Message=N/A, sysmon-rulename=-, Encoded Command=N/A, Logon Account Domain=DOMAIN_0001.LOCAL, Process Name=HLS.WCFClient.exe, Parent Process ID=16056, sysmon-parentcommandline=""F:\Hispro\HISpro\HIS.exe"", Logon Type=N/A, sysmon-integritylevel=High, sysmon-logonguid={5E5FB9E6-E5AA-6981-A0F0-560000000000}, Account Security ID=S-1-5-21-0002, Share Name=N/A, Authentication Package=N/A, sysmon-processguid={5E5FB9E6-1035-6A78-51E5-020000003000}, Realm=DOMAIN_0001.LOCAL, Account ID=S-1-5-21-0002, sysmon-description=HLS.WCFClient, Process Path=F:\Hispro\HISpro\HLS.WCFClient.exe, Status Code=N/A, Product Name=HLS.WCFClient, User Domain=DOMAIN_0001.LOCAL, Encoded Argument=N/A, Target Username=USER_0004, Event ID=1, sysmon-parentprocessid=16056, Product Company=Microsoft, sysmon-fileversion=1.0.0.0, sysmon-parentprocessguid={5E5FB9E6-F446-6A43-98D6-010000003000}, sysmon-user=USER_0002, Command=""F:\Hispro\HISpro\HLS.WCFClient.exe"" |AcsBaseUri|http://10.0.0.27:1401/|SdaBaseUri|http://10.0.0.27:1410/|SarBaseUri|http://10.0.0.27:1409/|MosBaseUri|http://10.0.0.27:1408/|ApplicationCode|HIS|TokenCode|21f33f4a09f028134e479dba730560f01ca6930b3c18c05ed2bb9abbbc46b106|CacheType|1|RedisSaveType|0|PreNamespaceFolder||isReloadAllCache|0, sysmon-originalfilename=HLS.WCFClient.exe, Process ID=57660, sysmon-image=F:\Hispro\HISpro\HLS.WCFClient.exe, Machine Identifier=HOST_0067, Target Account Security ID=S-1-5-21-0002, sysmon-commandline=""F:\Hispro\HISpro\HLS.WCFClient.exe"" |AcsBaseUri|http://10.0.0.27:1401/|SdaBaseUri|http://10.0.0.27:1410/|SarBaseUri|http://10.0.0.27:1409/|MosBaseUri|http://10.0.0.27:1408/|ApplicationCode|HIS|TokenCode|21f33f4a09f028134e479dba730560f01ca6930b3c18c05ed2bb9abbbc46b106|CacheType|1|RedisSaveType|0|PreNamespaceFolder||isReloadAllCache|0, Device Name=HOST_0067, IMP Hash=F34D5F2D4577ED6D9CEEC516C1F5A744, Current Working Directory=F:\Hispro\HISpro\, Parent Process Path=F:\Hispro\HISpro\HIS.exe, sysmon-terminalsessionid=2}",false,MAC_0001,MAC_0002,[REDACTED_DUPLICATE_PAYLOAD],3,27863,0,12,false,0:0:0:0:0:0:0:0,N/A,0,N/A,8110,"<13>Aug 09 12:29:27 10.0.0.27 AgentDevice=WindowsLog	AgentLogFile=Microsoft-Windows-Sysmon/Operational	PluginVersion=7.3.1.28	Source=Microsoft-Windows-Sysmon	Computer=EMR_APP_1_111	OriginatingComputer=EMR_APP_1_111	User=USER_0002	Domain=DOMAIN_0006.LOCAL	EventID=1	EventIDCode=1	EventType=4	EventCategory=1	RecordNumber=1372676283	TimeGenerated=1786253365	TimeWritten=1786253365	Level=Informational	Keywords=0x8000000000000000	Task=SysmonTask-SYSMON_CREATE_PROCESS	Opcode=Info	Message=Process Create: RuleName: - UtcTime: 2026-08-09 05:29:25.788 ProcessGuid: {5E5FB9E6-1035-6A78-51E5-020000003000} ProcessId: 57660 Image: F:\Hispro\HISpro\HLS.WCFClient.exe FileVersion: 203.0.0.12 Description: HLS.WCFClient Product: HLS.WCFClient Company: Microsoft OriginalFileName: HLS.WCFClient.exe CommandLine: ""F:\Hispro\HISpro\HLS.WCFClient.exe"" |AcsBaseUri|http://10.0.0.27:1401/|SdaBaseUri|http://10.0.0.27:1410/|SarBaseUri|http://10.0.0.27:1409/|MosBaseUri|http://10.0.0.27:1408/|ApplicationCode|HIS|TokenCode|21f33f4a09f028134e479dba730560f01ca6930b3c18c05ed2bb9abbbc46b106|CacheType|1|RedisSaveType|0|PreNamespaceFolder||isReloadAllCache|0 CurrentDirectory: F:\Hispro\HISpro\ User: DOMAIN_0071.LOCAL\USER_0030 LogonGuid: {5E5FB9E6-E5AA-6981-A0F0-560000000000} LogonId: 0x56F0A0 TerminalSessionId: 2 IntegrityLevel: High Hashes: SHA1=5819F95410DA6624FA8F214148CDC80C5901D419,MD5=CC5C79BE16BFE24469D44F5B0DE46E0F,SHA256=E8DBB3EF4534F5593EEE974CE1EB051E13D9550C13235188E25CA80833295D4C,IMPHASH=F34D5F2D4577ED6D9CEEC516C1F5A744 ParentProcessGuid: {5E5FB9E6-F446-6A43-98D6-010000003000} ParentProcessId: 16056 ParentImage: F:\Hispro\HISpro\HIS.exe ParentCommandLine: ""F:\Hispro\HISpro\HIS.exe""  ",Process Creation Success,N/A,1,0,unknown,N/A,Process Create,unknown,0,null,1786253365000,255,0,false,0,"true""""",Microsoft-Windows-Sysmon/Operational,HOST_0004,The process creation event provides extended information about a newly created process.,0,1786253371104,No Offense,255,HOST_0068 @ 10.0.0.27,false,3,false,N/A,10.0.0.27,false,1786253371104,5,NETWORK_0011,43,1,0,2,-1,HOST_0004,[REDACTED_DUPLICATE_PAYLOAD],USER_0002,5001828,false,null,N/A,"12:29:31, 9 thg 8, 2026","12:29:25, 9 thg 8, 2026",MAC_0002,HOST_0046,482,0,false,10.0.0.27,0,N/A,10.0.0.3,1,"12:29:31, 9 thg 8, 2026",0:0:0:0:0:0:0:0,N/A,null,"100221,100265,109237,109187,156193,166362,100272,134937,166353"
N/A,false,0,0,USER_0004,10.0.0.27,"{sysmon-eventid=1, Parent Process Name=firefox.exe, Pipe Name=N/A, File Directory=N/A, sysmon-processid=23208, channel=Microsoft-Windows-Sysmon/Operational, sysmon-username= DOMAIN_0071.LOCAL\USER_0030, Parent Command=""C:\Program DOMAIN_0004.LOCAL\USER_0318 DOMAIN_0072.LOCAL\USER_0319"" --MOZ_LOG sync,prependheader,timestamp,append,maxsize:1,Dump:5 --MOZ_LOG_FILE C:\ProgramData\Mozilla-1de4eec8-1241-4177-a864-e594e8d1fb38\updates\308046B0AF4A39CB\backgroundupdate.moz_log --backgroundtask backgroundupdate, Object Name=N/A, Account Name=USER_0004, sysmon-currentdirectory=C:\ProgramData\Mozilla-1de4eec8-1241-4177-a864-e594e8d1fb38\updates\308046B0AF4A39CB\, Target User Domain=DOMAIN_0001.LOCAL, Logon Account Name=USER_0004, Product Description=-, EventIDCode=1, Terminated Process Name=N/A, MD5 Hash=F9838C9A315ED61EECEDCC8F29FC0226, Filename=N/A, Key Length=N/A, sysmon-logonid=0x56F0A0, ProgramName=N/A, Process GUID=5E5FB9E6-1019-6A78-50E5-020000003000, SHA1 Hash=413D6871638FB9C5F9EE3427D278703DA6E51C7E, File Extension=N/A, Object Type=N/A, sysmon-hash=SHA1=413D6871638FB9C5F9EE3427D278703DA6E51C7E,MD5=F9838C9A315ED61EECEDCC8F29FC0226,SHA256=3F31011D509D948243BC4B1C233613FD25799DAF28971F8DFC846DAEC1B4D6B8,IMPHASH=F24C38E67ADDC15C672AAAD1E36C1115, SHA256 Hash=3F31011D509D948243BC4B1C233613FD25799DAF28971F8DFC846DAEC1B4D6B8, Parent Process GUID=5E5FB9E6-1017-6A78-4FE5-020000003000, Integrity Level=Medium, sysmon-parentimage=C:\Program Files\Mozilla Firefox\firefox.exe, Description=Description: - Product, File Hash=413D6871638FB9C5F9EE3427D278703DA6E51C7E, Token Elevation Type=N/A, Message=N/A, sysmon-rulename=-, Encoded Command=N/A, Logon Account Domain=DOMAIN_0001.LOCAL, Process Name=crashhelper.exe, Parent Process ID=63532, sysmon-parentcommandline=""C:\Program DOMAIN_0004.LOCAL\USER_0318 DOMAIN_0072.LOCAL\USER_0319"" --MOZ_LOG sync,prependheader,timestamp,append,maxsize:1,Dump:5 --MOZ_LOG_FILE C:\ProgramData\Mozilla-1de4eec8-1241-4177-a864-e594e8d1fb38\updates\308046B0AF4A39CB\backgroundupdate.moz_log --backgroundtask backgroundupdate, Logon Type=N/A, sysmon-integritylevel=Medium, sysmon-logonguid={5E5FB9E6-E5AA-6981-A0F0-560000000000}, Account Security ID=S-1-5-21-0002, Share Name=N/A, Authentication Package=N/A, sysmon-processguid={5E5FB9E6-1019-6A78-50E5-020000003000}, Realm=DOMAIN_0001.LOCAL, Account ID=S-1-5-21-0002, sysmon-description=-, Process Path=C:\Program DOMAIN_0004.LOCAL\USER_0318 DOMAIN_0072.LOCAL\USER_0320, Status Code=N/A, Product Name=Firefox, User Domain=DOMAIN_0001.LOCAL, Encoded Argument=N/A, Target Username=USER_0004, Event ID=1, sysmon-parentprocessid=63532, Product Company=Mozilla Foundation, sysmon-fileversion=143.0, sysmon-parentprocessguid={5E5FB9E6-1017-6A78-4FE5-020000003000}, sysmon-user=USER_0002, Command=""C:\Program DOMAIN_0004.LOCAL\USER_0318 DOMAIN_0072.LOCAL\USER_0320"" ""63532"" ""\\.\pipe\gecko-crash-server-pipe.63532"" ""C:\Users\USER_0321\AppData\Local\Temp\\"" ""644"" ""636"", sysmon-originalfilename=crashhelper.exe, Process ID=23208, sysmon-image=C:\Program Files\Mozilla Firefox\crashhelper.exe, Machine Identifier=HOST_0067, Target Account Security ID=S-1-5-21-0002, sysmon-commandline=""C:\Program DOMAIN_0004.LOCAL\USER_0318 DOMAIN_0072.LOCAL\USER_0320"" ""63532"" ""\\.\pipe\gecko-crash-server-pipe.63532"" ""C:\Users\USER_0321\AppData\Local\Temp\\"" ""644"" ""636"", Device Name=HOST_0067, IMP Hash=F24C38E67ADDC15C672AAAD1E36C1115, Current Working Directory=C:\ProgramData\Mozilla-1de4eec8-1241-4177-a864-e594e8d1fb38\updates\308046B0AF4A39CB\, Parent Process Path=C:\Program DOMAIN_0004.LOCAL\USER_0318 DOMAIN_0072.LOCAL\USER_0319, sysmon-terminalsessionid=2}",false,MAC_0001,MAC_0002,[REDACTED_DUPLICATE_PAYLOAD],3,27863,0,12,false,0:0:0:0:0:0:0:0,N/A,0,N/A,8110,"<13>Aug 09 12:29:00 10.0.0.27 AgentDevice=WindowsLog	AgentLogFile=Microsoft-Windows-Sysmon/Operational	PluginVersion=7.3.1.28	Source=Microsoft-Windows-Sysmon	Computer=EMR_APP_1_111	OriginatingComputer=EMR_APP_1_111	User=USER_0002	Domain=DOMAIN_0006.LOCAL	EventID=1	EventIDCode=1	EventType=4	EventCategory=1	RecordNumber=1372675001	TimeGenerated=1786253337	TimeWritten=1786253337	Level=Informational	Keywords=0x8000000000000000	Task=SysmonTask-SYSMON_CREATE_PROCESS	Opcode=Info	Message=Process Create: RuleName: - UtcTime: 2026-08-09 05:28:57.728 ProcessGuid: {5E5FB9E6-1019-6A78-50E5-020000003000} ProcessId: 23208 Image: C:\Program DOMAIN_0004.LOCAL\USER_0318 DOMAIN_0072.LOCAL\USER_0320 FileVersion: 143.0 Description: - Product: Firefox Company: Mozilla Foundation OriginalFileName: crashhelper.exe CommandLine: ""C:\Program DOMAIN_0004.LOCAL\USER_0318 DOMAIN_0072.LOCAL\USER_0320"" ""63532"" ""\\.\pipe\gecko-crash-server-pipe.63532"" ""C:\Users\USER_0321\AppData\Local\Temp\\"" ""644"" ""636"" CurrentDirectory: C:\ProgramData\Mozilla-1de4eec8-1241-4177-a864-e594e8d1fb38\updates\308046B0AF4A39CB\ User: DOMAIN_0071.LOCAL\USER_0030 LogonGuid: {5E5FB9E6-E5AA-6981-A0F0-560000000000} LogonId: 0x56F0A0 TerminalSessionId: 2 IntegrityLevel: Medium Hashes: SHA1=413D6871638FB9C5F9EE3427D278703DA6E51C7E,MD5=F9838C9A315ED61EECEDCC8F29FC0226,SHA256=3F31011D509D948243BC4B1C233613FD25799DAF28971F8DFC846DAEC1B4D6B8,IMPHASH=F24C38E67ADDC15C672AAAD1E36C1115 ParentProcessGuid: {5E5FB9E6-1017-6A78-4FE5-020000003000} ParentProcessId: 63532 ParentImage: C:\Program DOMAIN_0004.LOCAL\USER_0318 DOMAIN_0072.LOCAL\USER_0319 ParentCommandLine: ""C:\Program DOMAIN_0004.LOCAL\USER_0318 DOMAIN_0072.LOCAL\USER_0319"" --MOZ_LOG sync,prependheader,timestamp,append,maxsize:1,Dump:5 --MOZ_LOG_FILE C:\ProgramData\Mozilla-1de4eec8-1241-4177-a864-e594e8d1fb38\updates\308046B0AF4A39CB\backgroundupdate.moz_log --backgroundtask backgroundupdate ",Process Creation Success,N/A,1,0,unknown,N/A,Process Create,unknown,0,null,1786253337000,255,0,false,0,"true""""",Microsoft-Windows-Sysmon/Operational,HOST_0004,The process creation event provides extended information about a newly created process.,0,1786253350993,No Offense,255,HOST_0068 @ 10.0.0.27,false,3,false,N/A,10.0.0.27,false,1786253350993,5,NETWORK_0011,43,1,0,2,-1,HOST_0004,[REDACTED_DUPLICATE_PAYLOAD],USER_0002,5001828,false,null,N/A,"12:29:10, 9 thg 8, 2026","12:28:57, 9 thg 8, 2026",MAC_0002,HOST_0046,482,0,false,10.0.0.27,0,N/A,10.0.0.3,1,"12:29:10, 9 thg 8, 2026",0:0:0:0:0:0:0:0,N/A,null,"100221,100265,109237,109187,156193,166362,100272,134937,166353"
N/A,false,0,0,USER_0004,10.0.0.27,"{sysmon-eventid=1, Parent Process Name=firefox.exe, Pipe Name=N/A, File Directory=N/A, sysmon-processid=63532, channel=Microsoft-Windows-Sysmon/Operational, sysmon-username= DOMAIN_0071.LOCAL\USER_0030, Parent Command=""C:\Program DOMAIN_0004.LOCAL\USER_0318 DOMAIN_0072.LOCAL\USER_0319"" --MOZ_LOG sync,prependheader,timestamp,append,maxsize:1,Dump:5 --MOZ_LOG_FILE C:\ProgramData\Mozilla-1de4eec8-1241-4177-a864-e594e8d1fb38\updates\308046B0AF4A39CB\backgroundupdate.moz_log --backgroundtask backgroundupdate, Object Name=N/A, Account Name=USER_0004, sysmon-currentdirectory=C:\ProgramData\Mozilla-1de4eec8-1241-4177-a864-e594e8d1fb38\updates\308046B0AF4A39CB\, Target User Domain=DOMAIN_0001.LOCAL, Logon Account Name=USER_0004, Product Description=Firefox, EventIDCode=1, Terminated Process Name=N/A, MD5 Hash=90D6FC700903F8B22288D27323C7BEAF, Filename=N/A, Key Length=N/A, sysmon-logonid=0x56F0A0, ProgramName=N/A, Process GUID=5E5FB9E6-1017-6A78-4FE5-020000003000, SHA1 Hash=44766CD8D5E1D92907B8F84B0460ED713ADE017D, File Extension=N/A, Object Type=N/A, sysmon-hash=SHA1=44766CD8D5E1D92907B8F84B0460ED713ADE017D,MD5=90D6FC700903F8B22288D27323C7BEAF,SHA256=37C38AC815007C5233E27AAFE89CA913EEBA24A12F6D0DAA508211D0B3349011,IMPHASH=8B2ACA28AFE0A0503BF004F4F527360C, SHA256 Hash=37C38AC815007C5233E27AAFE89CA913EEBA24A12F6D0DAA508211D0B3349011, Parent Process GUID=5E5FB9E6-1017-6A78-4EE5-020000003000, Integrity Level=Medium, sysmon-parentimage=C:\Program Files\Mozilla Firefox\firefox.exe, Description=Description: Firefox Product, File Hash=44766CD8D5E1D92907B8F84B0460ED713ADE017D, Token Elevation Type=N/A, Message=N/A, sysmon-rulename=-, Encoded Command=N/A, Logon Account Domain=DOMAIN_0001.LOCAL, Process Name=firefox.exe, Parent Process ID=62020, sysmon-parentcommandline=""C:\Program DOMAIN_0004.LOCAL\USER_0318 DOMAIN_0072.LOCAL\USER_0319"" --MOZ_LOG sync,prependheader,timestamp,append,maxsize:1,Dump:5 --MOZ_LOG_FILE C:\ProgramData\Mozilla-1de4eec8-1241-4177-a864-e594e8d1fb38\updates\308046B0AF4A39CB\backgroundupdate.moz_log --backgroundtask backgroundupdate, Logon Type=N/A, sysmon-integritylevel=Medium, sysmon-logonguid={5E5FB9E6-E5AA-6981-A0F0-560000000000}, Account Security ID=S-1-5-21-0002, Share Name=N/A, Authentication Package=N/A, sysmon-processguid={5E5FB9E6-1017-6A78-4FE5-020000003000}, Realm=DOMAIN_0001.LOCAL, Account ID=S-1-5-21-0002, sysmon-description=Firefox, Process Path=C:\Program DOMAIN_0004.LOCAL\USER_0318 DOMAIN_0072.LOCAL\USER_0319, Status Code=N/A, Product Name=Firefox, User Domain=DOMAIN_0001.LOCAL, Encoded Argument=N/A, Target Username=USER_0004, Event ID=1, sysmon-parentprocessid=62020, Product Company=Mozilla Corporation, sysmon-fileversion=143.0, sysmon-parentprocessguid={5E5FB9E6-1017-6A78-4EE5-020000003000}, sysmon-user=USER_0002, Command=""C:\Program DOMAIN_0004.LOCAL\USER_0318 DOMAIN_0072.LOCAL\USER_0319"" --MOZ_LOG sync,prependheader,timestamp,append,maxsize:1,Dump:5 --MOZ_LOG_FILE C:\ProgramData\Mozilla-1de4eec8-1241-4177-a864-e594e8d1fb38\updates\308046B0AF4A39CB\backgroundupdate.moz_log --backgroundtask backgroundupdate, sysmon-originalfilename=firefox.exe, Process ID=63532, sysmon-image=C:\Program Files\Mozilla Firefox\firefox.exe, Machine Identifier=HOST_0067, Target Account Security ID=S-1-5-21-0002, sysmon-commandline=""C:\Program DOMAIN_0004.LOCAL\USER_0318 DOMAIN_0072.LOCAL\USER_0319"" --MOZ_LOG sync,prependheader,timestamp,append,maxsize:1,Dump:5 --MOZ_LOG_FILE C:\ProgramData\Mozilla-1de4eec8-1241-4177-a864-e594e8d1fb38\updates\308046B0AF4A39CB\backgroundupdate.moz_log --backgroundtask backgroundupdate, Device Name=HOST_0067, IMP Hash=8B2ACA28AFE0A0503BF004F4F527360C, Current Working Directory=C:\ProgramData\Mozilla-1de4eec8-1241-4177-a864-e594e8d1fb38\updates\308046B0AF4A39CB\, Parent Process Path=C:\Program DOMAIN_0004.LOCAL\USER_0318 DOMAIN_0072.LOCAL\USER_0319, sysmon-terminalsessionid=2}",false,MAC_0001,MAC_0002,[REDACTED_DUPLICATE_PAYLOAD],3,27863,0,12,false,0:0:0:0:0:0:0:0,N/A,0,N/A,8110,"<13>Aug 09 12:28:57 10.0.0.27 AgentDevice=WindowsLog	AgentLogFile=Microsoft-Windows-Sysmon/Operational	PluginVersion=7.3.1.28	Source=Microsoft-Windows-Sysmon	Computer=EMR_APP_1_111	OriginatingComputer=EMR_APP_1_111	User=USER_0002	Domain=DOMAIN_0006.LOCAL	EventID=1	EventIDCode=1	EventType=4	EventCategory=1	RecordNumber=1372674661	TimeGenerated=1786253335	TimeWritten=1786253335	Level=Informational	Keywords=0x8000000000000000	Task=SysmonTask-SYSMON_CREATE_PROCESS	Opcode=Info	Message=Process Create: RuleName: - UtcTime: 2026-08-09 05:28:55.709 ProcessGuid: {5E5FB9E6-1017-6A78-4FE5-020000003000} ProcessId: 63532 Image: C:\Program DOMAIN_0004.LOCAL\USER_0318 DOMAIN_0072.LOCAL\USER_0319 FileVersion: 143.0 Description: Firefox Product: Firefox Company: Mozilla Corporation OriginalFileName: firefox.exe CommandLine: ""C:\Program DOMAIN_0004.LOCAL\USER_0318 DOMAIN_0072.LOCAL\USER_0319"" --MOZ_LOG sync,prependheader,timestamp,append,maxsize:1,Dump:5 --MOZ_LOG_FILE C:\ProgramData\Mozilla-1de4eec8-1241-4177-a864-e594e8d1fb38\updates\308046B0AF4A39CB\backgroundupdate.moz_log --backgroundtask backgroundupdate CurrentDirectory: C:\ProgramData\Mozilla-1de4eec8-1241-4177-a864-e594e8d1fb38\updates\308046B0AF4A39CB\ User: DOMAIN_0071.LOCAL\USER_0030 LogonGuid: {5E5FB9E6-E5AA-6981-A0F0-560000000000} LogonId: 0x56F0A0 TerminalSessionId: 2 IntegrityLevel: Medium Hashes: SHA1=44766CD8D5E1D92907B8F84B0460ED713ADE017D,MD5=90D6FC700903F8B22288D27323C7BEAF,SHA256=37C38AC815007C5233E27AAFE89CA913EEBA24A12F6D0DAA508211D0B3349011,IMPHASH=8B2ACA28AFE0A0503BF004F4F527360C ParentProcessGuid: {5E5FB9E6-1017-6A78-4EE5-020000003000} ParentProcessId: 62020 ParentImage: C:\Program DOMAIN_0004.LOCAL\USER_0318 DOMAIN_0072.LOCAL\USER_0319 ParentCommandLine: ""C:\Program DOMAIN_0004.LOCAL\USER_0318 DOMAIN_0072.LOCAL\USER_0319"" --MOZ_LOG sync,prependheader,timestamp,append,maxsize:1,Dump:5 --MOZ_LOG_FILE C:\ProgramData\Mozilla-1de4eec8-1241-4177-a864-e594e8d1fb38\updates\308046B0AF4A39CB\backgroundupdate.moz_log --backgroundtask backgroundupdate ",Process Creation Success,N/A,1,0,unknown,N/A,Process Create,unknown,0,null,1786253335000,255,0,false,0,"true""""",Microsoft-Windows-Sysmon/Operational,HOST_0004,The process creation event provides extended information about a newly created process.,0,1786253340575,No Offense,255,HOST_0068 @ 10.0.0.27,false,3,false,N/A,10.0.0.27,false,1786253340575,5,NETWORK_0011,43,1,0,2,-1,HOST_0004,[REDACTED_DUPLICATE_PAYLOAD],USER_0002,5001828,false,null,N/A,"12:29:00, 9 thg 8, 2026","12:28:55, 9 thg 8, 2026",MAC_0002,HOST_0046,482,0,false,10.0.0.27,0,N/A,10.0.0.3,1,"12:29:00, 9 thg 8, 2026",0:0:0:0:0:0:0:0,N/A,null,"100221,100265,109237,109187,156193,166362,100272,134937,166353"
N/A,false,0,0,USER_0004,10.0.0.27,"{sysmon-eventid=1, Parent Process Name=w3wp.exe, Pipe Name=N/A, File Directory=N/A, sysmon-processid=35816, channel=Microsoft-Windows-Sysmon/Operational, sysmon-username= IIS DOMAIN_0059.LOCAL\USER_0317, Parent Command=c:\windows\system32\inetsrv\w3wp.exe -ap ""MOS"" -v ""v4.0"" -l ""webengine4.dll"" -a \\.\pipe\iisipm3310ff04-f919-4f19-af92-eba52b6cac38 -h ""C:\inetpub\temp\apppools\MOS\MOS.config"" -w """" -m 0, Object Name=N/A, Account Name=USER_0004, sysmon-currentdirectory=c:\windows\system32\inetsrv\, Target User Domain=DOMAIN_0001.LOCAL, Logon Account Name=USER_0004, Product Description=IP Configuration Utility, EventIDCode=1, Terminated Process Name=N/A, MD5 Hash=29916DCEA5377C19996B417D9235F42F, Filename=N/A, Key Length=N/A, sysmon-logonid=0x48F8D, ProgramName=N/A, Process GUID=5E5FB9E6-100B-6A78-4CE5-020000003000, SHA1 Hash=A95BEAA8B81FD799DB6051A79D959908FFBDB22F, File Extension=N/A, Object Type=N/A, sysmon-hash=SHA1=A95BEAA8B81FD799DB6051A79D959908FFBDB22F,MD5=29916DCEA5377C19996B417D9235F42F,SHA256=5EE3FD7CA1AC876D0DE539D469BFC333594FCA3DF9F377CC96C756D9648697F1,IMPHASH=3636F50089F8190E3308E8AEA8F2043A, SHA256 Hash=5EE3FD7CA1AC876D0DE539D469BFC333594FCA3DF9F377CC96C756D9648697F1, Parent Process GUID=5E5FB9E6-0F71-6A78-40E5-020000003000, Integrity Level=High, sysmon-parentimage=C:\Windows\System32\inetsrv\w3wp.exe, Description=Description: IP Configuration Utility Product, File Hash=A95BEAA8B81FD799DB6051A79D959908FFBDB22F, Token Elevation Type=N/A, Message=N/A, sysmon-rulename=-, Encoded Command=N/A, Logon Account Domain=DOMAIN_0001.LOCAL, Process Name=ipconfig.exe, Parent Process ID=48836, sysmon-parentcommandline=c:\windows\system32\inetsrv\w3wp.exe -ap ""MOS"" -v ""v4.0"" -l ""webengine4.dll"" -a \\.\pipe\iisipm3310ff04-f919-4f19-af92-eba52b6cac38 -h ""C:\inetpub\temp\apppools\MOS\MOS.config"" -w """" -m 0, Logon Type=N/A, sysmon-integritylevel=High, sysmon-logonguid={5E5FB9E6-DEE4-6981-8D8F-040000000000}, Account Security ID=S-1-5-21-0002, Share Name=N/A, Authentication Package=N/A, sysmon-processguid={5E5FB9E6-100B-6A78-4CE5-020000003000}, Realm=DOMAIN_0001.LOCAL, Account ID=S-1-5-21-0002, sysmon-description=IP Configuration Utility, Process Path=C:\Windows\System32\ipconfig.exe, Status Code=N/A, Product Name=Microsoft® Windows® Operating System, User Domain=DOMAIN_0001.LOCAL, Encoded Argument=N/A, Target Username=USER_0004, Event ID=1, sysmon-parentprocessid=48836, Product Company=Microsoft Corporation, sysmon-fileversion=10.0.14393.0 (rs1_release.160715-1616), sysmon-parentprocessguid={5E5FB9E6-0F71-6A78-40E5-020000003000}, sysmon-user=USER_0002, Command=""ipconfig"" /all, sysmon-originalfilename=ipconfig.exe, Process ID=35816, sysmon-image=C:\Windows\System32\ipconfig.exe, Machine Identifier=HOST_0067, Target Account Security ID=S-1-5-21-0002, sysmon-commandline=""ipconfig"" /all, Device Name=HOST_0067, IMP Hash=3636F50089F8190E3308E8AEA8F2043A, Current Working Directory=c:\windows\system32\inetsrv\, Parent Process Path=C:\Windows\System32\inetsrv\w3wp.exe, sysmon-terminalsessionid=0}",false,MAC_0001,MAC_0002,[REDACTED_DUPLICATE_PAYLOAD],5,27863,0,12,false,0:0:0:0:0:0:0:0,N/A,0,N/A,8110,"<13>Aug 09 12:28:45 10.0.0.27 AgentDevice=WindowsLog	AgentLogFile=Microsoft-Windows-Sysmon/Operational	PluginVersion=7.3.1.28	Source=Microsoft-Windows-Sysmon	Computer=EMR_APP_1_111	OriginatingComputer=EMR_APP_1_111	User=USER_0002	Domain=DOMAIN_0006.LOCAL	EventID=1	EventIDCode=1	EventType=4	EventCategory=1	RecordNumber=1372674186	TimeGenerated=1786253323	TimeWritten=1786253323	Level=Informational	Keywords=0x8000000000000000	Task=SysmonTask-SYSMON_CREATE_PROCESS	Opcode=Info	Message=Process Create: RuleName: - UtcTime: 2026-08-09 05:28:43.664 ProcessGuid: {5E5FB9E6-100B-6A78-4CE5-020000003000} ProcessId: 35816 Image: C:\Windows\System32\ipconfig.exe FileVersion: 10.0.14393.0 (rs1_release.160715-1616) Description: IP Configuration Utility Product: Microsoft® Windows® Operating System Company: Microsoft Corporation OriginalFileName: ipconfig.exe CommandLine: ""ipconfig"" /all CurrentDirectory: c:\windows\system32\inetsrv\ User: IIS DOMAIN_0059.LOCAL\USER_0317 LogonGuid: {5E5FB9E6-DEE4-6981-8D8F-040000000000} LogonId: 0x48F8D TerminalSessionId: 0 IntegrityLevel: High Hashes: SHA1=A95BEAA8B81FD799DB6051A79D959908FFBDB22F,MD5=29916DCEA5377C19996B417D9235F42F,SHA256=5EE3FD7CA1AC876D0DE539D469BFC333594FCA3DF9F377CC96C756D9648697F1,IMPHASH=3636F50089F8190E3308E8AEA8F2043A ParentProcessGuid: {5E5FB9E6-0F71-6A78-40E5-020000003000} ParentProcessId: 48836 ParentImage: C:\Windows\System32\inetsrv\w3wp.exe ParentCommandLine: c:\windows\system32\inetsrv\w3wp.exe -ap ""MOS"" -v ""v4.0"" -l ""webengine4.dll"" -a \\.\pipe\iisipm3310ff04-f919-4f19-af92-eba52b6cac38 -h ""C:\inetpub\temp\apppools\MOS\MOS.config"" -w """" -m 0 ",Process Creation Success,N/A,1,0,unknown,N/A,Process Create,unknown,0,null,1786253323000,255,0,false,0,"true""""",Microsoft-Windows-Sysmon/Operational,HOST_0004,The process creation event provides extended information about a newly created process.,0,1786253330009,No Offense,255,HOST_0068 @ 10.0.0.27,true,3,false,N/A,10.0.0.27,false,1786253390009,5,NETWORK_0011,43,1,0,8,-1,HOST_0004,[REDACTED_DUPLICATE_PAYLOAD],USER_0002,5001828,false,null,N/A,"12:28:50, 9 thg 8, 2026","12:28:43, 9 thg 8, 2026",MAC_0002,HOST_0046,482,0,false,10.0.0.27,0,N/A,10.0.0.3,1,"12:29:50, 9 thg 8, 2026",0:0:0:0:0:0:0:0,N/A,null,"100221,100265,109237,109187,100668,156193,166362,100272,147147,153551,134937,166353"
