N/A,false,0,0,USER_0004,HOST_0007,"{sysmon-eventid=4688, Parent Process Name=MobaSCPRi.exe, Pipe Name=N/A, File Directory=N/A, sysmon-processid=N/A, channel=Security, Object Name=N/A, Account Name=USER_0018, Target User Domain=DOMAIN_0005.LOCAL, mandatory_label=Mandatory Label\Medium Mandatory Level, Logon Account Name=USER_0004, EventIDCode=4688, Terminated Process Name=N/A, MD5 Hash=N/A, Filename=N/A, Key Length=N/A, ProgramName=N/A, Process GUID=N/A, SHA1 Hash=N/A, File Extension=N/A, Object Type=N/A, SHA256 Hash=N/A, Parent Process GUID=N/A, Integrity Level=N/A, sysmon-parentimage=C:\Users\ducnt\AppData\Roaming\MobaXterm\slash\mx86_64b\bin\MobaSCPRi.exe, Description=N/A, Token Elevation Type=%%1936, Message=N/A, Encoded Command=N/A, Logon Account Domain=DOMAIN_0001.LOCAL, Process Name=conhost.exe, Parent Process ID=N/A, Logon Type=N/A, Account Security ID=S-1-5-21-0007, Share Name=N/A, Authentication Package=N/A, sysmon-processguid=N/A, Realm=DOMAIN_0001.LOCAL, Account ID=S-1-5-21-0002, Process Path=C:\Windows\System32\conhost.exe, Status Code=N/A, User Domain=DOMAIN_0012.LOCAL, Encoded Argument=N/A, Target Username=USER_0008, Event ID=4688, sysmon-user=USER_0004, Command=??\C:\Windows\system32\conhost.exe 0xffffffff -ForceV1, Process ID=0x2f014, Machine Identifier=HOST_0008, Target Account Security ID=S-1-5-21-0003, Device Name=HOST_0008, IMP Hash=N/A, Parent Process Path=C:\Users\USER_0018\AppData\Roaming\MobaXterm\slash\mx86_64b\bin\MobaSCPRi.exe}",false,MAC_0001,MAC_0002,[REDACTED_DUPLICATE_PAYLOAD],3,53779,0,12,false,0:0:0:0:0:0:0:0,N/A,0,N/A,8110,"<13>Jul 10 16:58:01 10.0.0.4.vnpost AgentDevice=WindowsLog	AgentLogFile=Security	PluginVersion=7.3.1.28	Source=Microsoft-Windows-Security-Auditing	Computer=Jump-QTHTvDL-App	OriginatingComputer=Jump-QTHTvDL-App	User=	Domain=	EventID=4688	EventIDCode=4688	EventType=8	EventCategory=13312	RecordNumber=9122379	TimeGenerated=1783677480	TimeWritten=1783677480	Level=Log Always	Keywords=Audit Success	Task=SE_ADT_DETAILEDTRACKING_PROCESSCREATION	Opcode=Info	Message=A new process has been created.  Creator Subject:  Security ID:  DOMAIN_0012.LOCAL\USER_0018  Account Name: USER_0018  Account Domain: DOMAIN_0012.LOCAL  Logon ID:  0x3EE229021  Target Subject:  Security ID:  NULL SID  Account Name:  -  Account Domain:  -  Logon ID:  0x0  Process Information:  New Process ID:  0x2f014  New Process Name: C:\Windows\System32\conhost.exe  Token Elevation Type: %%1936  Mandatory Label:  Mandatory Label\Medium Mandatory Level  Creator Process ID: 0x2bd70  Creator Process Name: C:\Users\USER_0018\AppData\Roaming\MobaXterm\slash\mx86_64b\bin\MobaSCPRi.exe  Process Command Line: \??\C:\Windows\system32\conhost.exe 0xffffffff -ForceV1  Token Elevation Type indicates the type of token that was assigned to the new process in accordance with User Account Control policy.  Type 1 is a full token with no privileges removed or groups disabled.  A full token is only used if User Account Control is disabled or if the user is the built-in Administrator account or a service account.  Type 2 is an elevated token with no privileges removed or groups disabled.  An elevated token is used when User Account Control is enabled and the user chooses to start the program using Run as administrator.  An elevated token is also used when an application is configured to always require administrative privilege or to always require maximum privilege, and the user is a member of the Administrators group.  Type 3 is a limited token with administrative privileges removed and administrative groups disabled.  The limited token is used when User Account Control is enabled, the application does not require administrative privilege, and the user does not choose to start the program using Run as administrator. ",Process Creation Success,N/A,1,0,unknown,N/A,Success Audit: A new process has been created,unknown,0,null,1783677480000,255,0,false,0,"true""""",Success Audit,HOST_0004,Success Audit: A new process has been created.,0,1783677484508,No Offense,255,HOST_0009 @ 10.0.0.4,false,3,false,N/A,10.0.0.4,false,1783677484508,5,NETWORK_0002,35,4688,0,3,-1,HOST_0004,[REDACTED_DUPLICATE_PAYLOAD],USER_0018,5000862,false,null,N/A,"16:58:04, 10 thg 7, 2026","16:58:00, 10 thg 7, 2026",MAC_0002,HOST_0006,439,0,false,10.0.0.4,0,N/A,10.0.0.3,1,"16:58:04, 10 thg 7, 2026",0:0:0:0:0:0:0:0,N/A,null,"100101,100221,100265,109237,109187,100668,156193,100277,100272,134937,166353,100223"
N/A,false,0,0,USER_0004,HOST_0007,"{sysmon-eventid=4688, Parent Process Name=MobaSCPRi.exe, Pipe Name=N/A, File Directory=N/A, sysmon-processid=N/A, channel=Security, Object Name=N/A, Account Name=USER_0018, Target User Domain=DOMAIN_0005.LOCAL, mandatory_label=Mandatory Label\Medium Mandatory Level, Logon Account Name=USER_0004, EventIDCode=4688, Terminated Process Name=N/A, MD5 Hash=N/A, Filename=N/A, Key Length=N/A, ProgramName=N/A, Process GUID=N/A, SHA1 Hash=N/A, File Extension=N/A, Object Type=N/A, SHA256 Hash=N/A, Parent Process GUID=N/A, Integrity Level=N/A, sysmon-parentimage=C:\Users\ducnt\AppData\Roaming\MobaXterm\slash\mx86_64b\bin\MobaSCPRi.exe, Description=N/A, Token Elevation Type=%%1936, Message=N/A, Encoded Command=N/A, Logon Account Domain=DOMAIN_0001.LOCAL, Process Name=conhost.exe, Parent Process ID=N/A, Logon Type=N/A, Account Security ID=S-1-5-21-0007, Share Name=N/A, Authentication Package=N/A, sysmon-processguid=N/A, Realm=DOMAIN_0001.LOCAL, Account ID=S-1-5-21-0002, Process Path=C:\Windows\System32\conhost.exe, Status Code=N/A, User Domain=DOMAIN_0012.LOCAL, Encoded Argument=N/A, Target Username=USER_0008, Event ID=4688, sysmon-user=USER_0004, Command=??\C:\Windows\system32\conhost.exe 0xffffffff -ForceV1, Process ID=0x3034c, Machine Identifier=HOST_0008, Target Account Security ID=S-1-5-21-0003, Device Name=HOST_0008, IMP Hash=N/A, Parent Process Path=C:\Users\USER_0018\AppData\Roaming\MobaXterm\slash\mx86_64b\bin\MobaSCPRi.exe}",false,MAC_0001,MAC_0002,[REDACTED_DUPLICATE_PAYLOAD],3,53779,0,12,false,0:0:0:0:0:0:0:0,N/A,0,N/A,8110,"<13>Jul 10 16:58:01 10.0.0.4.vnpost AgentDevice=WindowsLog	AgentLogFile=Security	PluginVersion=7.3.1.28	Source=Microsoft-Windows-Security-Auditing	Computer=Jump-QTHTvDL-App	OriginatingComputer=Jump-QTHTvDL-App	User=	Domain=	EventID=4688	EventIDCode=4688	EventType=8	EventCategory=13312	RecordNumber=9122383	TimeGenerated=1783677480	TimeWritten=1783677480	Level=Log Always	Keywords=Audit Success	Task=SE_ADT_DETAILEDTRACKING_PROCESSCREATION	Opcode=Info	Message=A new process has been created.  Creator Subject:  Security ID:  DOMAIN_0012.LOCAL\USER_0018  Account Name: USER_0018  Account Domain: DOMAIN_0012.LOCAL  Logon ID:  0x3EE229021  Target Subject:  Security ID:  NULL SID  Account Name:  -  Account Domain:  -  Logon ID:  0x0  Process Information:  New Process ID:  0x3034c  New Process Name: C:\Windows\System32\conhost.exe  Token Elevation Type: %%1936  Mandatory Label:  Mandatory Label\Medium Mandatory Level  Creator Process ID: 0x2fbe4  Creator Process Name: C:\Users\USER_0018\AppData\Roaming\MobaXterm\slash\mx86_64b\bin\MobaSCPRi.exe  Process Command Line: \??\C:\Windows\system32\conhost.exe 0xffffffff -ForceV1  Token Elevation Type indicates the type of token that was assigned to the new process in accordance with User Account Control policy.  Type 1 is a full token with no privileges removed or groups disabled.  A full token is only used if User Account Control is disabled or if the user is the built-in Administrator account or a service account.  Type 2 is an elevated token with no privileges removed or groups disabled.  An elevated token is used when User Account Control is enabled and the user chooses to start the program using Run as administrator.  An elevated token is also used when an application is configured to always require administrative privilege or to always require maximum privilege, and the user is a member of the Administrators group.  Type 3 is a limited token with administrative privileges removed and administrative groups disabled.  The limited token is used when User Account Control is enabled, the application does not require administrative privilege, and the user does not choose to start the program using Run as administrator. ",Process Creation Success,N/A,1,0,unknown,N/A,Success Audit: A new process has been created,unknown,0,null,1783677480000,255,0,false,0,"true""""",Success Audit,HOST_0004,Success Audit: A new process has been created.,0,1783677484508,No Offense,255,HOST_0009 @ 10.0.0.4,false,3,false,N/A,10.0.0.4,false,1783677484508,5,NETWORK_0002,35,4688,0,3,-1,HOST_0004,[REDACTED_DUPLICATE_PAYLOAD],USER_0018,5000862,false,null,N/A,"16:58:04, 10 thg 7, 2026","16:58:00, 10 thg 7, 2026",MAC_0002,HOST_0006,439,0,false,10.0.0.4,0,N/A,10.0.0.3,1,"16:58:04, 10 thg 7, 2026",0:0:0:0:0:0:0:0,N/A,null,"100101,100221,100265,109237,109187,100668,156193,100277,100272,134937,166353,100223"
N/A,false,0,0,USER_0004,HOST_0007,"{sysmon-eventid=4688, Parent Process Name=MobaXterm.exe, Pipe Name=N/A, File Directory=N/A, sysmon-processid=N/A, channel=Security, Object Name=N/A, Account Name=USER_0016, Target User Domain=DOMAIN_0005.LOCAL, mandatory_label=Mandatory Label\Medium Mandatory Level, Logon Account Name=USER_0004, EventIDCode=4688, Terminated Process Name=N/A, MD5 Hash=N/A, Filename=N/A, Key Length=N/A, ProgramName=N/A, Process GUID=N/A, SHA1 Hash=N/A, File Extension=N/A, Object Type=N/A, SHA256 Hash=N/A, Parent Process GUID=N/A, Integrity Level=N/A, sysmon-parentimage=C:\Program Files (x86)\Mobatek\MobaXterm\MobaXterm.exe, Description=N/A, Token Elevation Type=%%1936, Message=N/A, Encoded Command=N/A, Logon Account Domain=DOMAIN_0001.LOCAL, Process Name=MoTTYnew.exe, Parent Process ID=N/A, Logon Type=N/A, Account Security ID=S-1-5-21-0008, Share Name=N/A, Authentication Package=N/A, sysmon-processguid=N/A, Realm=DOMAIN_0001.LOCAL, Account ID=S-1-5-21-0002, Process Path=C:\Users\USER_0014\AppData\Roaming\MobaXterm\slash\bin\MoTTYnew.exe, Status Code=N/A, User Domain=DOMAIN_0012.LOCAL, Encoded Argument=N/A, Target Username=USER_0008, Event ID=4688, sysmon-user=USER_0004, Command=""C:\Users\USER_0014\AppData\Roaming\MobaXterm\slash\bin\mottynew.exe"" -load ""TERM1318925"", Process ID=0x2c1ec, Machine Identifier=HOST_0008, Target Account Security ID=S-1-5-21-0003, Device Name=HOST_0008, IMP Hash=N/A, Parent Process Path=C:\Program Files (x86)\Mobatek\MobaXterm\MobaXterm.exe}",false,MAC_0001,MAC_0002,[REDACTED_DUPLICATE_PAYLOAD],3,53779,0,12,false,0:0:0:0:0:0:0:0,N/A,0,N/A,8110,"<13>Jul 10 16:55:55 10.0.0.4.vnpost AgentDevice=WindowsLog	AgentLogFile=Security	PluginVersion=7.3.1.28	Source=Microsoft-Windows-Security-Auditing	Computer=Jump-QTHTvDL-App	OriginatingComputer=Jump-QTHTvDL-App	User=	Domain=	EventID=4688	EventIDCode=4688	EventType=8	EventCategory=13312	RecordNumber=9122299	TimeGenerated=1783677352	TimeWritten=1783677352	Level=Log Always	Keywords=Audit Success	Task=SE_ADT_DETAILEDTRACKING_PROCESSCREATION	Opcode=Info	Message=A new process has been created.  Creator Subject:  Security ID:  DOMAIN_0012.LOCAL\USER_0016  Account Name: USER_0016  Account Domain: DOMAIN_0012.LOCAL  Logon ID:  0x3ED1F285B  Target Subject:  Security ID:  NULL SID  Account Name:  -  Account Domain:  -  Logon ID:  0x0  Process Information:  New Process ID:  0x2c1ec  New Process Name: C:\Users\USER_0014\AppData\Roaming\MobaXterm\slash\bin\MoTTYnew.exe  Token Elevation Type: %%1936  Mandatory Label:  Mandatory Label\Medium Mandatory Level  Creator Process ID: 0x306a0  Creator Process Name: C:\Program Files (x86)\Mobatek\MobaXterm\MobaXterm.exe  Process Command Line: ""C:\Users\USER_0014\AppData\Roaming\MobaXterm\slash\bin\mottynew.exe"" -load ""TERM1318925""  Token Elevation Type indicates the type of token that was assigned to the new process in accordance with User Account Control policy.  Type 1 is a full token with no privileges removed or groups disabled.  A full token is only used if User Account Control is disabled or if the user is the built-in Administrator account or a service account.  Type 2 is an elevated token with no privileges removed or groups disabled.  An elevated token is used when User Account Control is enabled and the user chooses to start the program using Run as administrator.  An elevated token is also used when an application is configured to always require administrative privilege or to always require maximum privilege, and the user is a member of the Administrators group.  Type 3 is a limited token with administrative privileges removed and administrative groups disabled.  The limited token is used when User Account Control is enabled, the application does not require administrative privilege, and the user does not choose to start the program using Run as administrator. ",Process Creation Success,N/A,1,0,unknown,N/A,Success Audit: A new process has been created,unknown,0,null,1783677352000,255,0,false,0,"true""""",Success Audit,HOST_0004,Success Audit: A new process has been created.,0,1783677361556,No Offense,255,HOST_0009 @ 10.0.0.4,false,3,false,N/A,10.0.0.4,false,1783677361556,5,NETWORK_0002,35,4688,0,3,-1,HOST_0004,[REDACTED_DUPLICATE_PAYLOAD],USER_0016,5000862,false,null,N/A,"16:56:01, 10 thg 7, 2026","16:55:52, 10 thg 7, 2026",MAC_0002,HOST_0006,439,0,false,10.0.0.4,0,N/A,10.0.0.3,1,"16:56:01, 10 thg 7, 2026",0:0:0:0:0:0:0:0,N/A,null,"100101,100221,100265,109237,109187,156193,100277,100272,134937,166353,100223"
N/A,false,0,0,USER_0004,HOST_0007,"{sysmon-eventid=8, Description=N/A, Message=N/A, Pipe Name=N/A, sysmon-processid=198304, sysmon-sourceimage=C:\Program Files (x86)\Mobatek\MobaXterm\MobaXterm.exe, channel=Microsoft-Windows-Sysmon/Operational, Logon Account Domain=DOMAIN_0001.LOCAL, Object Name=N/A, Target Process Path=C:\Users\USER_0014\AppData\Roaming\MobaXterm\slash\bin\MoTTYnew.exe, Process Name=MobaXterm.exe, Account Name=USER_0004, Logon Type=N/A, Target User Domain=DOMAIN_0001.LOCAL, Account Security ID=S-1-5-21-0002, Share Name=N/A, Authentication Package=N/A, sysmon-processguid={5b31cfa1-bb9b-6a50-fe33-070000001a00}, sysmon-sourceprocessguid={5b31cfa1-bb9b-6a50-fe33-070000001a00}, Logon Account Name=USER_0004, Realm=DOMAIN_0001.LOCAL, Source Process Path=C:\Program Files (x86)\Mobatek\MobaXterm\MobaXterm.exe, EventIDCode=8, Account ID=S-1-5-21-0002, sysmon-targetprocessid=180716, Process Path=C:\Program Files (x86)\Mobatek\MobaXterm\MobaXterm.exe, sysmon-utctime=2026-07-10 09:55:52.176, Status Code=N/A, User Domain=DOMAIN_0001.LOCAL, Key Length=N/A, Target Username=USER_0004, Event ID=8, Target Process Name=MoTTYnew.exe, sysmon-startmodule=-, ProgramName=N/A, Start Module=-, sysmon-startfunction=-, sysmon-user=USER_0002, SourceImageTempPath=N/A, Process GUID=N/A, Machine Identifier=HOST_0008, Object Type=N/A, Start Address=0x0000000000401480, Target Account Security ID=S-1-5-21-0002, Start Function=-, sysmon-startaddress=0x0000000000401480, Device Name=HOST_0008, sysmon-targetimage=C:\Users\QTHT~1.AND\AppData\Roaming\MobaXterm\slash\bin\MoTTYnew.exe}",false,MAC_0001,MAC_0002,[REDACTED_DUPLICATE_PAYLOAD],3,53779,0,12,false,0:0:0:0:0:0:0:0,N/A,0,N/A,7036,<13>Jul 10 16:55:54 10.0.0.4.vnpost AgentDevice=WindowsLog	AgentLogFile=Microsoft-Windows-Sysmon/Operational	PluginVersion=7.3.1.28	Source=Microsoft-Windows-Sysmon	Computer=Jump-QTHTvDL-App	OriginatingComputer=Jump-QTHTvDL-App	User=USER_0002	Domain=DOMAIN_0006.LOCAL	EventID=8	EventIDCode=8	EventType=4	EventCategory=8	RecordNumber=74102953	TimeGenerated=1783677352	TimeWritten=1783677352	Level=Informational	Keywords=0x8000000000000000	Task=SysmonTask-SYSMON_CREATE_REMOTE_THREAD	Opcode=Info	Message=CreateRemoteThread detected: RuleName: - UtcTime: 2026-07-10 09:55:52.176 SourceProcessGuid: {5b31cfa1-bb9b-6a50-fe33-070000001a00} SourceProcessId: 198304 SourceImage: C:\Program Files (x86)\Mobatek\MobaXterm\MobaXterm.exe TargetProcessGuid: {5b31cfa1-c1a8-6a50-5b34-070000001a00} TargetProcessId: 180716 TargetImage: C:\Users\USER_0014\AppData\Roaming\MobaXterm\slash\bin\MoTTYnew.exe NewThreadId: 189024 StartAddress: 0x0000000000401480 StartModule: - StartFunction: - ,Suspicious Windows Events,N/A,1,0,unknown,N/A,CreateRemoteThread,unknown,0,null,1783677352000,255,0,false,0,"true""""",Microsoft-Windows-Sysmon/Operational,HOST_0004,The CreateRemoteThread event detects when a process creates a thread in another process.,0,1783677361553,No Offense,255,HOST_0009 @ 10.0.0.4,true,3,false,N/A,10.0.0.4,false,1783677361553,5,NETWORK_0002,35,8,0,3,-1,HOST_0004,[REDACTED_DUPLICATE_PAYLOAD],USER_0002,5001845,false,null,N/A,"16:56:01, 10 thg 7, 2026","16:55:52, 10 thg 7, 2026",MAC_0002,HOST_0006,439,0,false,10.0.0.4,0,N/A,10.0.0.3,1,"16:56:01, 10 thg 7, 2026",0:0:0:0:0:0:0:0,N/A,null,"100101,100164,100146,100221,100265,109237,109187,156193,100691,100626,100277,100272,134937,166353,100223"
N/A,false,0,0,USER_0004,HOST_0007,"{sysmon-eventid=4688, Parent Process Name=MobaSCPRinew.exe, Pipe Name=N/A, File Directory=N/A, sysmon-processid=N/A, channel=Security, Object Name=N/A, Account Name=USER_0022, Target User Domain=DOMAIN_0005.LOCAL, mandatory_label=Mandatory Label\Medium Mandatory Level, Logon Account Name=USER_0004, EventIDCode=4688, Terminated Process Name=N/A, MD5 Hash=N/A, Filename=N/A, Key Length=N/A, ProgramName=N/A, Process GUID=N/A, SHA1 Hash=N/A, File Extension=N/A, Object Type=N/A, SHA256 Hash=N/A, Parent Process GUID=N/A, Integrity Level=N/A, sysmon-parentimage=C:\Users\QTHT~1.VIE\AppData\Roaming\MobaXterm\slash\bin\MobaSCPRinew.exe, Description=N/A, Token Elevation Type=%%1936, Message=N/A, Encoded Command=N/A, Logon Account Domain=DOMAIN_0001.LOCAL, Process Name=conhost.exe, Parent Process ID=N/A, Logon Type=N/A, Account Security ID=S-1-5-21-0005, Share Name=N/A, Authentication Package=N/A, sysmon-processguid=N/A, Realm=DOMAIN_0001.LOCAL, Account ID=S-1-5-21-0002, Process Path=C:\Windows\System32\conhost.exe, Status Code=N/A, User Domain=DOMAIN_0012.LOCAL, Encoded Argument=N/A, Target Username=USER_0008, Event ID=4688, sysmon-user=USER_0004, Command=??\C:\Windows\system32\conhost.exe 0xffffffff -ForceV1, Process ID=0x2f68c, Machine Identifier=HOST_0008, Target Account Security ID=S-1-5-21-0003, Device Name=HOST_0008, IMP Hash=N/A, Parent Process Path=C:\Users\USER_0013\AppData\Roaming\MobaXterm\slash\bin\MobaSCPRinew.exe}",false,MAC_0001,MAC_0002,[REDACTED_DUPLICATE_PAYLOAD],3,53779,0,12,false,0:0:0:0:0:0:0:0,N/A,0,N/A,8110,"<13>Jul 10 16:48:43 10.0.0.4.vnpost AgentDevice=WindowsLog	AgentLogFile=Security	PluginVersion=7.3.1.28	Source=Microsoft-Windows-Security-Auditing	Computer=Jump-QTHTvDL-App	OriginatingComputer=Jump-QTHTvDL-App	User=	Domain=	EventID=4688	EventIDCode=4688	EventType=8	EventCategory=13312	RecordNumber=9122073	TimeGenerated=1783676920	TimeWritten=1783676920	Level=Log Always	Keywords=Audit Success	Task=SE_ADT_DETAILEDTRACKING_PROCESSCREATION	Opcode=Info	Message=A new process has been created.  Creator Subject:  Security ID:  DOMAIN_0012.LOCAL\USER_0022  Account Name: USER_0022  Account Domain: DOMAIN_0012.LOCAL  Logon ID:  0x3ED3B6A28  Target Subject:  Security ID:  NULL SID  Account Name:  -  Account Domain:  -  Logon ID:  0x0  Process Information:  New Process ID:  0x2f68c  New Process Name: C:\Windows\System32\conhost.exe  Token Elevation Type: %%1936  Mandatory Label:  Mandatory Label\Medium Mandatory Level  Creator Process ID: 0x2ee44  Creator Process Name: C:\Users\USER_0013\AppData\Roaming\MobaXterm\slash\bin\MobaSCPRinew.exe  Process Command Line: \??\C:\Windows\system32\conhost.exe 0xffffffff -ForceV1  Token Elevation Type indicates the type of token that was assigned to the new process in accordance with User Account Control policy.  Type 1 is a full token with no privileges removed or groups disabled.  A full token is only used if User Account Control is disabled or if the user is the built-in Administrator account or a service account.  Type 2 is an elevated token with no privileges removed or groups disabled.  An elevated token is used when User Account Control is enabled and the user chooses to start the program using Run as administrator.  An elevated token is also used when an application is configured to always require administrative privilege or to always require maximum privilege, and the user is a member of the Administrators group.  Type 3 is a limited token with administrative privileges removed and administrative groups disabled.  The limited token is used when User Account Control is enabled, the application does not require administrative privilege, and the user does not choose to start the program using Run as administrator. ",Process Creation Success,N/A,1,0,unknown,N/A,Success Audit: A new process has been created,unknown,0,null,1783676920000,255,0,false,0,"true""""",Success Audit,HOST_0004,Success Audit: A new process has been created.,0,1783676932565,No Offense,255,HOST_0009 @ 10.0.0.4,false,3,false,N/A,10.0.0.4,false,1783676932565,5,NETWORK_0002,35,4688,0,3,-1,HOST_0004,[REDACTED_DUPLICATE_PAYLOAD],USER_0022,5000862,false,null,N/A,"16:48:52, 10 thg 7, 2026","16:48:40, 10 thg 7, 2026",MAC_0002,HOST_0006,439,0,false,10.0.0.4,0,N/A,10.0.0.3,1,"16:48:52, 10 thg 7, 2026",0:0:0:0:0:0:0:0,N/A,null,"100101,100221,100265,109237,109187,100668,156193,100277,100272,134937,166353,100223"
N/A,false,0,0,USER_0004,HOST_0007,"{sysmon-eventid=4688, Parent Process Name=MobaXterm.exe, Pipe Name=N/A, File Directory=N/A, sysmon-processid=N/A, channel=Security, Object Name=N/A, Account Name=USER_0022, Target User Domain=DOMAIN_0005.LOCAL, mandatory_label=Mandatory Label\Medium Mandatory Level, Logon Account Name=USER_0004, EventIDCode=4688, Terminated Process Name=N/A, MD5 Hash=N/A, Filename=N/A, Key Length=N/A, ProgramName=N/A, Process GUID=N/A, SHA1 Hash=N/A, File Extension=N/A, Object Type=N/A, SHA256 Hash=N/A, Parent Process GUID=N/A, Integrity Level=N/A, sysmon-parentimage=C:\Program Files (x86)\Mobatek\MobaXterm\MobaXterm.exe, Description=N/A, Token Elevation Type=%%1936, Message=N/A, Encoded Command=N/A, Logon Account Domain=DOMAIN_0001.LOCAL, Process Name=MobaSCPRinew.exe, Parent Process ID=N/A, Logon Type=N/A, Account Security ID=S-1-5-21-0005, Share Name=N/A, Authentication Package=N/A, sysmon-processguid=N/A, Realm=DOMAIN_0001.LOCAL, Account ID=S-1-5-21-0002, Process Path=C:\Users\USER_0013\AppData\Roaming\MobaXterm\slash\bin\MobaSCPRinew.exe, Status Code=N/A, User Domain=DOMAIN_0012.LOCAL, Encoded Argument=N/A, Target Username=USER_0008, Event ID=4688, sysmon-user=USER_0004, Command=""C:\Users\USER_0013\AppData\Roaming\MobaXterm\slash\bin\MobaSCPRinew.exe"" -v -batch -scp -load ""TERM660989"" -remotemonitoring USER_0023@HOST_0010:""."", Process ID=0x2ee44, Machine Identifier=HOST_0008, Target Account Security ID=S-1-5-21-0003, Device Name=HOST_0008, IMP Hash=N/A, Parent Process Path=C:\Program Files (x86)\Mobatek\MobaXterm\MobaXterm.exe}",false,MAC_0001,MAC_0002,[REDACTED_DUPLICATE_PAYLOAD],3,53779,0,12,false,0:0:0:0:0:0:0:0,N/A,0,N/A,8110,"<13>Jul 10 16:48:43 10.0.0.4.vnpost AgentDevice=WindowsLog	AgentLogFile=Security	PluginVersion=7.3.1.28	Source=Microsoft-Windows-Security-Auditing	Computer=Jump-QTHTvDL-App	OriginatingComputer=Jump-QTHTvDL-App	User=	Domain=	EventID=4688	EventIDCode=4688	EventType=8	EventCategory=13312	RecordNumber=9122072	TimeGenerated=1783676920	TimeWritten=1783676920	Level=Log Always	Keywords=Audit Success	Task=SE_ADT_DETAILEDTRACKING_PROCESSCREATION	Opcode=Info	Message=A new process has been created.  Creator Subject:  Security ID:  DOMAIN_0012.LOCAL\USER_0022  Account Name: USER_0022  Account Domain: DOMAIN_0012.LOCAL  Logon ID:  0x3ED3B6A28  Target Subject:  Security ID:  NULL SID  Account Name:  -  Account Domain:  -  Logon ID:  0x0  Process Information:  New Process ID:  0x2ee44  New Process Name: C:\Users\USER_0013\AppData\Roaming\MobaXterm\slash\bin\MobaSCPRinew.exe  Token Elevation Type: %%1936  Mandatory Label:  Mandatory Label\Medium Mandatory Level  Creator Process ID: 0x29330  Creator Process Name: C:\Program Files (x86)\Mobatek\MobaXterm\MobaXterm.exe  Process Command Line: ""C:\Users\USER_0013\AppData\Roaming\MobaXterm\slash\bin\MobaSCPRinew.exe"" -v -batch -scp -load ""TERM660989"" -remotemonitoring USER_0023@HOST_0010:"".""  Token Elevation Type indicates the type of token that was assigned to the new process in accordance with User Account Control policy.  Type 1 is a full token with no privileges removed or groups disabled.  A full token is only used if User Account Control is disabled or if the user is the built-in Administrator account or a service account.  Type 2 is an elevated token with no privileges removed or groups disabled.  An elevated token is used when User Account Control is enabled and the user chooses to start the program using Run as administrator.  An elevated token is also used when an application is configured to always require administrative privilege or to always require maximum privilege, and the user is a member of the Administrators group.  Type 3 is a limited token with administrative privileges removed and administrative groups disabled.  The limited token is used when User Account Control is enabled, the application does not require administrative privilege, and the user does not choose to start the program using Run as administrator. ",Process Creation Success,N/A,1,0,unknown,N/A,Success Audit: A new process has been created,unknown,0,null,1783676920000,255,0,false,0,"true""""",Success Audit,HOST_0004,Success Audit: A new process has been created.,0,1783676932565,No Offense,255,HOST_0009 @ 10.0.0.4,false,3,false,N/A,10.0.0.4,false,1783676932565,5,NETWORK_0002,35,4688,0,3,-1,HOST_0004,[REDACTED_DUPLICATE_PAYLOAD],USER_0022,5000862,false,null,N/A,"16:48:52, 10 thg 7, 2026","16:48:40, 10 thg 7, 2026",MAC_0002,HOST_0006,439,0,false,10.0.0.4,0,N/A,10.0.0.3,1,"16:48:52, 10 thg 7, 2026",0:0:0:0:0:0:0:0,N/A,null,"100101,100221,100265,109237,109187,156193,100277,100272,134937,166353,100223"
N/A,false,0,0,USER_0004,HOST_0007,"{sysmon-eventid=8, Description=N/A, Message=N/A, Pipe Name=N/A, sysmon-processid=168752, sysmon-sourceimage=C:\Program Files (x86)\Mobatek\MobaXterm\MobaXterm.exe, channel=Microsoft-Windows-Sysmon/Operational, Logon Account Domain=DOMAIN_0001.LOCAL, Object Name=N/A, Target Process Path=C:\Users\USER_0013\AppData\Roaming\MobaXterm\slash\bin\MobaSCPRinew.exe, Process Name=MobaXterm.exe, Account Name=USER_0004, Logon Type=N/A, Target User Domain=DOMAIN_0001.LOCAL, Account Security ID=S-1-5-21-0002, Share Name=N/A, Authentication Package=N/A, sysmon-processguid={5b31cfa1-941b-6a50-7331-070000001a00}, sysmon-sourceprocessguid={5b31cfa1-941b-6a50-7331-070000001a00}, Logon Account Name=USER_0004, Realm=DOMAIN_0001.LOCAL, Source Process Path=C:\Program Files (x86)\Mobatek\MobaXterm\MobaXterm.exe, EventIDCode=8, Account ID=S-1-5-21-0002, sysmon-targetprocessid=192068, Process Path=C:\Program Files (x86)\Mobatek\MobaXterm\MobaXterm.exe, sysmon-utctime=2026-07-10 09:48:40.555, Status Code=N/A, User Domain=DOMAIN_0001.LOCAL, Key Length=N/A, Target Username=USER_0004, Event ID=8, Target Process Name=MobaSCPRinew.exe, sysmon-startmodule=-, ProgramName=N/A, Start Module=-, sysmon-startfunction=-, sysmon-user=USER_0002, SourceImageTempPath=N/A, Process GUID=N/A, Machine Identifier=HOST_0008, Object Type=N/A, Start Address=0x00000000004014A0, Target Account Security ID=S-1-5-21-0002, Start Function=-, sysmon-startaddress=0x00000000004014A0, Device Name=HOST_0008, sysmon-targetimage=C:\Users\QTHT~1.VIE\AppData\Roaming\MobaXterm\slash\bin\MobaSCPRinew.exe}",false,MAC_0001,MAC_0002,[REDACTED_DUPLICATE_PAYLOAD],3,53779,0,12,false,0:0:0:0:0:0:0:0,N/A,0,N/A,7036,<13>Jul 10 16:48:42 10.0.0.4.vnpost AgentDevice=WindowsLog	AgentLogFile=Microsoft-Windows-Sysmon/Operational	PluginVersion=7.3.1.28	Source=Microsoft-Windows-Sysmon	Computer=Jump-QTHTvDL-App	OriginatingComputer=Jump-QTHTvDL-App	User=USER_0002	Domain=DOMAIN_0006.LOCAL	EventID=8	EventIDCode=8	EventType=4	EventCategory=8	RecordNumber=74065926	TimeGenerated=1783676920	TimeWritten=1783676920	Level=Informational	Keywords=0x8000000000000000	Task=SysmonTask-SYSMON_CREATE_REMOTE_THREAD	Opcode=Info	Message=CreateRemoteThread detected: RuleName: - UtcTime: 2026-07-10 09:48:40.555 SourceProcessGuid: {5b31cfa1-941b-6a50-7331-070000001a00} SourceProcessId: 168752 SourceImage: C:\Program Files (x86)\Mobatek\MobaXterm\MobaXterm.exe TargetProcessGuid: {5b31cfa1-bff8-6a50-4534-070000001a00} TargetProcessId: 192068 TargetImage: C:\Users\USER_0013\AppData\Roaming\MobaXterm\slash\bin\MobaSCPRinew.exe NewThreadId: 197608 StartAddress: 0x00000000004014A0 StartModule: - StartFunction: - ,Suspicious Windows Events,N/A,1,0,unknown,N/A,CreateRemoteThread,unknown,0,null,1783676920000,255,0,false,0,"true""""",Microsoft-Windows-Sysmon/Operational,HOST_0004,The CreateRemoteThread event detects when a process creates a thread in another process.,0,1783676932560,No Offense,255,HOST_0009 @ 10.0.0.4,true,3,false,N/A,10.0.0.4,false,1783676932560,5,NETWORK_0002,35,8,0,3,-1,HOST_0004,[REDACTED_DUPLICATE_PAYLOAD],USER_0002,5001845,false,null,N/A,"16:48:52, 10 thg 7, 2026","16:48:40, 10 thg 7, 2026",MAC_0002,HOST_0006,439,0,false,10.0.0.4,0,N/A,10.0.0.3,1,"16:48:52, 10 thg 7, 2026",0:0:0:0:0:0:0:0,N/A,null,"100101,100164,100146,100221,100265,109237,109187,156193,100691,100626,100277,100272,134937,166353,100223"
N/A,false,0,0,USER_0004,HOST_0007,"{sysmon-eventid=8, Description=N/A, Message=N/A, Pipe Name=N/A, sysmon-processid=142328, sysmon-sourceimage=C:\Users\qtht.andd\AppData\Roaming\MobaXterm\slash\bin\bash.exe, channel=Microsoft-Windows-Sysmon/Operational, Logon Account Domain=DOMAIN_0001.LOCAL, Object Name=N/A, Target Process Path=C:\Users\USER_0016\AppData\Roaming\MobaXterm\slash\bin\bash.exe, Process Name=bash.exe, Account Name=USER_0004, Logon Type=N/A, Target User Domain=DOMAIN_0001.LOCAL, Account Security ID=S-1-5-21-0002, Share Name=N/A, Authentication Package=N/A, sysmon-processguid={5b31cfa1-be35-6a50-3a34-070000001a00}, sysmon-sourceprocessguid={5b31cfa1-be35-6a50-3a34-070000001a00}, Logon Account Name=USER_0004, Realm=DOMAIN_0001.LOCAL, Source Process Path=C:\Users\USER_0016\AppData\Roaming\MobaXterm\slash\bin\bash.exe, EventIDCode=8, Account ID=S-1-5-21-0002, sysmon-targetprocessid=192540, Process Path=C:\Users\USER_0016\AppData\Roaming\MobaXterm\slash\bin\bash.exe, sysmon-utctime=2026-07-10 09:41:10.873, Status Code=N/A, User Domain=DOMAIN_0001.LOCAL, Key Length=N/A, Target Username=USER_0004, Event ID=8, Target Process Name=bash.exe, sysmon-startmodule=-, ProgramName=N/A, Start Module=-, sysmon-startfunction=-, sysmon-user=USER_0002, SourceImageTempPath=N/A, Process GUID=N/A, Machine Identifier=HOST_0008, Object Type=N/A, Start Address=0x0000000000401000, Target Account Security ID=S-1-5-21-0002, Start Function=-, sysmon-startaddress=0x0000000000401000, Device Name=HOST_0008, sysmon-targetimage=C:\Users\qtht.andd\AppData\Roaming\MobaXterm\slash\bin\bash.exe}",false,MAC_0001,MAC_0002,[REDACTED_DUPLICATE_PAYLOAD],10,53779,0,12,false,0:0:0:0:0:0:0:0,N/A,0,N/A,7036,<13>Jul 10 16:41:12 10.0.0.4.vnpost AgentDevice=WindowsLog	AgentLogFile=Microsoft-Windows-Sysmon/Operational	PluginVersion=7.3.1.28	Source=Microsoft-Windows-Sysmon	Computer=Jump-QTHTvDL-App	OriginatingComputer=Jump-QTHTvDL-App	User=USER_0002	Domain=DOMAIN_0006.LOCAL	EventID=8	EventIDCode=8	EventType=4	EventCategory=8	RecordNumber=74055927	TimeGenerated=1783676470	TimeWritten=1783676470	Level=Informational	Keywords=0x8000000000000000	Task=SysmonTask-SYSMON_CREATE_REMOTE_THREAD	Opcode=Info	Message=CreateRemoteThread detected: RuleName: - UtcTime: 2026-07-10 09:41:10.873 SourceProcessGuid: {5b31cfa1-be35-6a50-3a34-070000001a00} SourceProcessId: 142328 SourceImage: C:\Users\USER_0016\AppData\Roaming\MobaXterm\slash\bin\bash.exe TargetProcessGuid: {5b31cfa1-be36-6a50-3f34-070000001a00} TargetProcessId: 192540 TargetImage: C:\Users\USER_0016\AppData\Roaming\MobaXterm\slash\bin\bash.exe NewThreadId: 193408 StartAddress: 0x0000000000401000 StartModule: - StartFunction: - ,Suspicious Windows Events,N/A,1,0,unknown,N/A,CreateRemoteThread,unknown,0,null,1783676470000,255,0,false,0,"true""""",Microsoft-Windows-Sysmon/Operational,HOST_0004,The CreateRemoteThread event detects when a process creates a thread in another process.,0,1783676481183,No Offense,255,HOST_0009 @ 10.0.0.4,true,10,false,N/A,10.0.0.4,false,1783676481183,10,NETWORK_0002,35,8,0,10,-1,HOST_0004,[REDACTED_DUPLICATE_PAYLOAD],USER_0002,5001845,false,null,N/A,"16:41:21, 10 thg 7, 2026","16:41:10, 10 thg 7, 2026",MAC_0002,HOST_0006,439,0,false,10.0.0.4,0,N/A,10.0.0.3,6,"16:41:21, 10 thg 7, 2026",0:0:0:0:0:0:0:0,N/A,null,"100101,100164,100146,100221,100265,109237,109187,156193,100641,100626,100277,100272,100677,134937,166353,100223"
N/A,false,0,0,USER_0004,HOST_0007,"{sysmon-eventid=8, Description=N/A, Message=N/A, Pipe Name=N/A, sysmon-processid=180420, sysmon-sourceimage=C:\Users\QTHT~1.AND\AppData\Roaming\MOBAXT~1\slash\bin\cygtermd.exe, channel=Microsoft-Windows-Sysmon/Operational, Logon Account Domain=DOMAIN_0001.LOCAL, Object Name=N/A, Target Process Path=C:\Users\USER_0016\AppData\Roaming\MobaXterm\slash\bin\cygwin-console-helper.exe, Process Name=cygtermd.exe, Account Name=USER_0004, Logon Type=N/A, Target User Domain=DOMAIN_0001.LOCAL, Account Security ID=S-1-5-21-0002, Share Name=N/A, Authentication Package=N/A, sysmon-processguid={5b31cfa1-be35-6a50-3734-070000001a00}, sysmon-sourceprocessguid={5b31cfa1-be35-6a50-3734-070000001a00}, Logon Account Name=USER_0004, Realm=DOMAIN_0001.LOCAL, Source Process Path=C:\Users\USER_0014\AppData\Roaming\MOBAXT~1\slash\bin\cygtermd.exe, EventIDCode=8, Account ID=S-1-5-21-0002, sysmon-targetprocessid=101976, Process Path=C:\Users\USER_0014\AppData\Roaming\MOBAXT~1\slash\bin\cygtermd.exe, sysmon-utctime=2026-07-10 09:41:09.592, Status Code=N/A, User Domain=DOMAIN_0001.LOCAL, Key Length=N/A, Target Username=USER_0004, Event ID=8, Target Process Name=cygwin-console-helper.exe, sysmon-startmodule=-, ProgramName=N/A, Start Module=-, sysmon-startfunction=-, sysmon-user=USER_0002, SourceImageTempPath=N/A, Process GUID=N/A, Machine Identifier=HOST_0008, Object Type=N/A, Start Address=0x0000000000E514C0, Target Account Security ID=S-1-5-21-0002, Start Function=-, sysmon-startaddress=0x0000000000E514C0, Device Name=HOST_0008, sysmon-targetimage=C:\Users\qtht.andd\AppData\Roaming\MobaXterm\slash\bin\cygwin-console-helper.exe}",false,MAC_0001,MAC_0002,[REDACTED_DUPLICATE_PAYLOAD],3,53779,0,12,false,0:0:0:0:0:0:0:0,N/A,0,N/A,7036,<13>Jul 10 16:41:12 10.0.0.4.vnpost AgentDevice=WindowsLog	AgentLogFile=Microsoft-Windows-Sysmon/Operational	PluginVersion=7.3.1.28	Source=Microsoft-Windows-Sysmon	Computer=Jump-QTHTvDL-App	OriginatingComputer=Jump-QTHTvDL-App	User=USER_0002	Domain=DOMAIN_0006.LOCAL	EventID=8	EventIDCode=8	EventType=4	EventCategory=8	RecordNumber=74055615	TimeGenerated=1783676469	TimeWritten=1783676469	Level=Informational	Keywords=0x8000000000000000	Task=SysmonTask-SYSMON_CREATE_REMOTE_THREAD	Opcode=Info	Message=CreateRemoteThread detected: RuleName: - UtcTime: 2026-07-10 09:41:09.592 SourceProcessGuid: {5b31cfa1-be35-6a50-3734-070000001a00} SourceProcessId: 180420 SourceImage: C:\Users\USER_0014\AppData\Roaming\MOBAXT~1\slash\bin\cygtermd.exe TargetProcessGuid: {5b31cfa1-be35-6a50-3834-070000001a00} TargetProcessId: 101976 TargetImage: C:\Users\USER_0016\AppData\Roaming\MobaXterm\slash\bin\cygwin-console-helper.exe NewThreadId: 196756 StartAddress: 0x0000000000E514C0 StartModule: - StartFunction: - ,Suspicious Windows Events,N/A,1,0,unknown,N/A,CreateRemoteThread,unknown,0,null,1783676469000,255,0,false,0,"true""""",Microsoft-Windows-Sysmon/Operational,HOST_0004,The CreateRemoteThread event detects when a process creates a thread in another process.,0,1783676481183,No Offense,255,HOST_0009 @ 10.0.0.4,true,3,false,N/A,10.0.0.4,false,1783676481183,5,NETWORK_0002,35,8,0,3,-1,HOST_0004,[REDACTED_DUPLICATE_PAYLOAD],USER_0002,5001845,false,null,N/A,"16:41:21, 10 thg 7, 2026","16:41:09, 10 thg 7, 2026",MAC_0002,HOST_0006,439,0,false,10.0.0.4,0,N/A,10.0.0.3,1,"16:41:21, 10 thg 7, 2026",0:0:0:0:0:0:0:0,N/A,null,"100101,100164,100146,100221,100265,109237,109187,156193,100691,100626,100277,100272,134937,166353,100223"
N/A,false,0,0,USER_0004,HOST_0007,"{sysmon-eventid=8, Description=N/A, Message=N/A, Pipe Name=N/A, sysmon-processid=187892, sysmon-sourceimage=C:\Users\QTHT~1.AND\AppData\Roaming\MobaXterm\slash\bin\MoTTYnew.exe, channel=Microsoft-Windows-Sysmon/Operational, Logon Account Domain=DOMAIN_0001.LOCAL, Object Name=N/A, Target Process Path=C:\Users\USER_0014\AppData\Roaming\MOBAXT~1\slash\bin\cygtermd.exe, Process Name=MoTTYnew.exe, Account Name=USER_0004, Logon Type=N/A, Target User Domain=DOMAIN_0001.LOCAL, Account Security ID=S-1-5-21-0002, Share Name=N/A, Authentication Package=N/A, sysmon-processguid={5b31cfa1-be34-6a50-3434-070000001a00}, sysmon-sourceprocessguid={5b31cfa1-be34-6a50-3434-070000001a00}, Logon Account Name=USER_0004, Realm=DOMAIN_0001.LOCAL, Source Process Path=C:\Users\USER_0014\AppData\Roaming\MobaXterm\slash\bin\MoTTYnew.exe, EventIDCode=8, Account ID=S-1-5-21-0002, sysmon-targetprocessid=195816, Process Path=C:\Users\USER_0014\AppData\Roaming\MobaXterm\slash\bin\MoTTYnew.exe, sysmon-utctime=2026-07-10 09:41:09.029, Status Code=N/A, User Domain=DOMAIN_0001.LOCAL, Key Length=N/A, Target Username=USER_0004, Event ID=8, Target Process Name=cygtermd.exe, sysmon-startmodule=-, ProgramName=N/A, Start Module=-, sysmon-startfunction=-, sysmon-user=USER_0002, SourceImageTempPath=N/A, Process GUID=N/A, Machine Identifier=HOST_0008, Object Type=N/A, Start Address=0x0000000000401000, Target Account Security ID=S-1-5-21-0002, Start Function=-, sysmon-startaddress=0x0000000000401000, Device Name=HOST_0008, sysmon-targetimage=C:\Users\QTHT~1.AND\AppData\Roaming\MOBAXT~1\slash\bin\cygtermd.exe}",false,MAC_0001,MAC_0002,[REDACTED_DUPLICATE_PAYLOAD],3,53779,0,12,false,0:0:0:0:0:0:0:0,N/A,0,N/A,7036,<13>Jul 10 16:41:12 10.0.0.4.vnpost AgentDevice=WindowsLog	AgentLogFile=Microsoft-Windows-Sysmon/Operational	PluginVersion=7.3.1.28	Source=Microsoft-Windows-Sysmon	Computer=Jump-QTHTvDL-App	OriginatingComputer=Jump-QTHTvDL-App	User=USER_0002	Domain=DOMAIN_0006.LOCAL	EventID=8	EventIDCode=8	EventType=4	EventCategory=8	RecordNumber=74055520	TimeGenerated=1783676469	TimeWritten=1783676469	Level=Informational	Keywords=0x8000000000000000	Task=SysmonTask-SYSMON_CREATE_REMOTE_THREAD	Opcode=Info	Message=CreateRemoteThread detected: RuleName: - UtcTime: 2026-07-10 09:41:09.029 SourceProcessGuid: {5b31cfa1-be34-6a50-3434-070000001a00} SourceProcessId: 187892 SourceImage: C:\Users\USER_0014\AppData\Roaming\MobaXterm\slash\bin\MoTTYnew.exe TargetProcessGuid: {5b31cfa1-be34-6a50-3534-070000001a00} TargetProcessId: 195816 TargetImage: C:\Users\USER_0014\AppData\Roaming\MOBAXT~1\slash\bin\cygtermd.exe NewThreadId: 152736 StartAddress: 0x0000000000401000 StartModule: - StartFunction: - ,Suspicious Windows Events,N/A,1,0,unknown,N/A,CreateRemoteThread,unknown,0,null,1783676469000,255,0,false,0,"true""""",Microsoft-Windows-Sysmon/Operational,HOST_0004,The CreateRemoteThread event detects when a process creates a thread in another process.,0,1783676481174,No Offense,255,HOST_0009 @ 10.0.0.4,true,3,false,N/A,10.0.0.4,false,1783676481174,5,NETWORK_0002,35,8,0,3,-1,HOST_0004,[REDACTED_DUPLICATE_PAYLOAD],USER_0002,5001845,false,null,N/A,"16:41:21, 10 thg 7, 2026","16:41:09, 10 thg 7, 2026",MAC_0002,HOST_0006,439,0,false,10.0.0.4,0,N/A,10.0.0.3,1,"16:41:21, 10 thg 7, 2026",0:0:0:0:0:0:0:0,N/A,null,"100101,100164,100146,100221,100265,109237,109187,156193,100691,100626,100277,100272,134937,166353,100223"
N/A,false,0,0,USER_0004,HOST_0007,"{sysmon-eventid=4688, Parent Process Name=bash.exe, Pipe Name=N/A, File Directory=N/A, sysmon-processid=N/A, channel=Security, Object Name=N/A, Account Name=USER_0016, Target User Domain=DOMAIN_0005.LOCAL, mandatory_label=Mandatory Label\Medium Mandatory Level, Logon Account Name=USER_0004, EventIDCode=4688, Terminated Process Name=N/A, MD5 Hash=N/A, Filename=N/A, Key Length=N/A, ProgramName=N/A, Process GUID=N/A, SHA1 Hash=N/A, File Extension=N/A, Object Type=N/A, SHA256 Hash=N/A, Parent Process GUID=N/A, Integrity Level=N/A, sysmon-parentimage=C:\Users\qtht.andd\AppData\Roaming\MobaXterm\slash\bin\bash.exe, Description=N/A, Token Elevation Type=%%1936, Message=N/A, Encoded Command=N/A, Logon Account Domain=DOMAIN_0001.LOCAL, Process Name=bash.exe, Parent Process ID=N/A, Logon Type=N/A, Account Security ID=S-1-5-21-0008, Share Name=N/A, Authentication Package=N/A, sysmon-processguid=N/A, Realm=DOMAIN_0001.LOCAL, Account ID=S-1-5-21-0002, Process Path=C:\Users\USER_0016\AppData\Roaming\MobaXterm\slash\bin\bash.exe, Status Code=N/A, User Domain=DOMAIN_0012.LOCAL, Encoded Argument=N/A, Target Username=USER_0008, Event ID=4688, sysmon-user=USER_0004, Command=""C:\Users\USER_0016\AppData\Roaming\MobaXterm\slash\bin\bash.exe"", Process ID=0x2f01c, Machine Identifier=HOST_0008, Target Account Security ID=S-1-5-21-0003, Device Name=HOST_0008, IMP Hash=N/A, Parent Process Path=C:\Users\USER_0016\AppData\Roaming\MobaXterm\slash\bin\bash.exe}",false,MAC_0001,MAC_0002,[REDACTED_DUPLICATE_PAYLOAD],8,53779,0,12,false,0:0:0:0:0:0:0:0,N/A,0,N/A,8110,"<13>Jul 10 16:41:13 10.0.0.4.vnpost AgentDevice=WindowsLog	AgentLogFile=Security	PluginVersion=7.3.1.28	Source=Microsoft-Windows-Security-Auditing	Computer=Jump-QTHTvDL-App	OriginatingComputer=Jump-QTHTvDL-App	User=	Domain=	EventID=4688	EventIDCode=4688	EventType=8	EventCategory=13312	RecordNumber=9122011	TimeGenerated=1783676470	TimeWritten=1783676470	Level=Log Always	Keywords=Audit Success	Task=SE_ADT_DETAILEDTRACKING_PROCESSCREATION	Opcode=Info	Message=A new process has been created.  Creator Subject:  Security ID:  DOMAIN_0012.LOCAL\USER_0016  Account Name: USER_0016  Account Domain: DOMAIN_0012.LOCAL  Logon ID:  0x3ED1F285B  Target Subject:  Security ID:  NULL SID  Account Name:  -  Account Domain:  -  Logon ID:  0x0  Process Information:  New Process ID:  0x2f01c  New Process Name: C:\Users\USER_0016\AppData\Roaming\MobaXterm\slash\bin\bash.exe  Token Elevation Type: %%1936  Mandatory Label:  Mandatory Label\Medium Mandatory Level  Creator Process ID: 0x22bf8  Creator Process Name: C:\Users\USER_0016\AppData\Roaming\MobaXterm\slash\bin\bash.exe  Process Command Line: ""C:\Users\USER_0016\AppData\Roaming\MobaXterm\slash\bin\bash.exe""  Token Elevation Type indicates the type of token that was assigned to the new process in accordance with User Account Control policy.  Type 1 is a full token with no privileges removed or groups disabled.  A full token is only used if User Account Control is disabled or if the user is the built-in Administrator account or a service account.  Type 2 is an elevated token with no privileges removed or groups disabled.  An elevated token is used when User Account Control is enabled and the user chooses to start the program using Run as administrator.  An elevated token is also used when an application is configured to always require administrative privilege or to always require maximum privilege, and the user is a member of the Administrators group.  Type 3 is a limited token with administrative privileges removed and administrative groups disabled.  The limited token is used when User Account Control is enabled, the application does not require administrative privilege, and the user does not choose to start the program using Run as administrator. ",Process Creation Success,N/A,1,0,unknown,N/A,Success Audit: A new process has been created,unknown,0,null,1783676470000,255,0,false,0,"true""""",Success Audit,HOST_0004,Success Audit: A new process has been created.,0,1783676481166,No Offense,255,HOST_0009 @ 10.0.0.4,true,8,false,N/A,10.0.0.4,false,1783676481166,8,NETWORK_0002,35,4688,0,9,-1,HOST_0004,[REDACTED_DUPLICATE_PAYLOAD],USER_0016,5000862,false,null,N/A,"16:41:21, 10 thg 7, 2026","16:41:10, 10 thg 7, 2026",MAC_0002,HOST_0006,439,0,false,10.0.0.4,0,N/A,10.0.0.3,8,"16:41:21, 10 thg 7, 2026",0:0:0:0:0:0:0:0,N/A,null,"100101,100221,100265,109237,109187,156193,100277,100272,100677,100678,134937,166353,100223"
N/A,false,0,0,USER_0004,HOST_0007,"{sysmon-eventid=4688, Parent Process Name=MoTTYnew.exe, Pipe Name=N/A, File Directory=N/A, sysmon-processid=N/A, channel=Security, Object Name=N/A, Account Name=USER_0016, Target User Domain=DOMAIN_0005.LOCAL, mandatory_label=Mandatory Label\Medium Mandatory Level, Logon Account Name=USER_0004, EventIDCode=4688, Terminated Process Name=N/A, MD5 Hash=N/A, Filename=N/A, Key Length=N/A, ProgramName=N/A, Process GUID=N/A, SHA1 Hash=N/A, File Extension=N/A, Object Type=N/A, SHA256 Hash=N/A, Parent Process GUID=N/A, Integrity Level=N/A, sysmon-parentimage=C:\Users\QTHT~1.AND\AppData\Roaming\MobaXterm\slash\bin\MoTTYnew.exe, Description=N/A, Token Elevation Type=%%1936, Message=N/A, Encoded Command=N/A, Logon Account Domain=DOMAIN_0001.LOCAL, Process Name=cygtermd.exe, Parent Process ID=N/A, Logon Type=N/A, Account Security ID=S-1-5-21-0008, Share Name=N/A, Authentication Package=N/A, sysmon-processguid=N/A, Realm=DOMAIN_0001.LOCAL, Account ID=S-1-5-21-0002, Process Path=C:\Users\USER_0014\AppData\Roaming\MOBAXT~1\slash\bin\cygtermd.exe, Status Code=N/A, User Domain=DOMAIN_0012.LOCAL, Encoded Argument=N/A, Target Username=USER_0008, Event ID=4688, sysmon-user=USER_0004, Command=C:\Users\USER_0014\AppData\Roaming\MOBAXT~1\slash\bin\cygtermd.exe /home/mobaxterm /bin/bash -l -i, Process ID=0x2fce8, Machine Identifier=HOST_0008, Target Account Security ID=S-1-5-21-0003, Device Name=HOST_0008, IMP Hash=N/A, Parent Process Path=C:\Users\USER_0014\AppData\Roaming\MobaXterm\slash\bin\MoTTYnew.exe}",false,MAC_0001,MAC_0002,[REDACTED_DUPLICATE_PAYLOAD],3,53779,0,12,false,0:0:0:0:0:0:0:0,N/A,0,N/A,8110,"<13>Jul 10 16:41:10 10.0.0.4.vnpost AgentDevice=WindowsLog	AgentLogFile=Security	PluginVersion=7.3.1.28	Source=Microsoft-Windows-Security-Auditing	Computer=Jump-QTHTvDL-App	OriginatingComputer=Jump-QTHTvDL-App	User=	Domain=	EventID=4688	EventIDCode=4688	EventType=8	EventCategory=13312	RecordNumber=9121993	TimeGenerated=1783676468	TimeWritten=1783676468	Level=Log Always	Keywords=Audit Success	Task=SE_ADT_DETAILEDTRACKING_PROCESSCREATION	Opcode=Info	Message=A new process has been created.  Creator Subject:  Security ID:  DOMAIN_0012.LOCAL\USER_0016  Account Name: USER_0016  Account Domain: DOMAIN_0012.LOCAL  Logon ID:  0x3ED1F285B  Target Subject:  Security ID:  NULL SID  Account Name:  -  Account Domain:  -  Logon ID:  0x0  Process Information:  New Process ID:  0x2fce8  New Process Name: C:\Users\USER_0014\AppData\Roaming\MOBAXT~1\slash\bin\cygtermd.exe  Token Elevation Type: %%1936  Mandatory Label:  Mandatory Label\Medium Mandatory Level  Creator Process ID: 0x2ddf4  Creator Process Name: C:\Users\USER_0014\AppData\Roaming\MobaXterm\slash\bin\MoTTYnew.exe  Process Command Line: C:\Users\USER_0014\AppData\Roaming\MOBAXT~1\slash\bin\cygtermd.exe /home/mobaxterm /bin/bash -l -i  Token Elevation Type indicates the type of token that was assigned to the new process in accordance with User Account Control policy.  Type 1 is a full token with no privileges removed or groups disabled.  A full token is only used if User Account Control is disabled or if the user is the built-in Administrator account or a service account.  Type 2 is an elevated token with no privileges removed or groups disabled.  An elevated token is used when User Account Control is enabled and the user chooses to start the program using Run as administrator.  An elevated token is also used when an application is configured to always require administrative privilege or to always require maximum privilege, and the user is a member of the Administrators group.  Type 3 is a limited token with administrative privileges removed and administrative groups disabled.  The limited token is used when User Account Control is enabled, the application does not require administrative privilege, and the user does not choose to start the program using Run as administrator. ",Process Creation Success,N/A,1,0,unknown,N/A,Success Audit: A new process has been created,unknown,0,null,1783676468000,255,0,false,0,"true""""",Success Audit,HOST_0004,Success Audit: A new process has been created.,0,1783676481166,No Offense,255,HOST_0009 @ 10.0.0.4,false,3,false,N/A,10.0.0.4,false,1783676481166,5,NETWORK_0002,35,4688,0,3,-1,HOST_0004,[REDACTED_DUPLICATE_PAYLOAD],USER_0016,5000862,false,null,N/A,"16:41:21, 10 thg 7, 2026","16:41:08, 10 thg 7, 2026",MAC_0002,HOST_0006,439,0,false,10.0.0.4,0,N/A,10.0.0.3,1,"16:41:21, 10 thg 7, 2026",0:0:0:0:0:0:0:0,N/A,null,"100101,100221,100265,109237,109187,156193,100277,100272,134937,166353,100223"
