dstPreNATIP,hasIdentityFlag,destinationPostNatPortDescription,destinationPort,identityUsername,logSourceIdentifier,customProps,srcPortInvalid,identityMAC,sourcMACAddress,payloadAsBase64,magnitude,deviceId,protocolConfigId,deviceType,dstPortInvalid,sourceV6Ip,identityGroupName,srcPreNATPort,srcPreNATIP,category,payloadAsUTF,categoryDescription,aDEAnomalyCount,deviceCategory,deviceEventId,pcapId,identityExtendedField,eventName,pcapIp,sourcePort,obfuscationProperties,deviceTime,protocol,sourcePreNatPortDescription,pcapEvent,dstPostNATPort,tLVProperties,qidEventCategory,identityNetBiosName,eventDescription,dstPreNATPort,startTime,offenseName,protocolName,deviceName,mPCEvent,relevance,logOnly,dstPostNATIP,srcIp,storedForPerformance,stopTime,credibility,domainName,domainID,qidEventId,sourcePostNatPortDescription,severity,offenseId,identityHostname,payloadAsHexOneLine,userName,qid,truncated,obfuscationNormalizedEventProperties,aDEAnomalyDescription,startDateTime,deviceDateTime,destinationMACAddress,eventCollectorName,eventCollectorId,srcPostNATPort,rawEvent,destIp,destinationPreNatPortDescription,osvbidsDesc,identityIpOfHost,eventCount,stopDateTime,destinationV6Ip,srcPostNATIP,identity,ruleIds
N/A,false,0,0,USER_0004,10.0.0.25,"{sysmon-eventid=1073748869, Description=N/A, Message=N/A, Pipe Name=N/A, sysmon-processid=N/A, channel=System, Logon Account Domain=DOMAIN_0001.LOCAL, Object Name=N/A, Account Name=USER_0004, Logon Type=N/A, Target User Domain=DOMAIN_0001.LOCAL, Account Security ID=S-1-5-21-0002, Share Name=N/A, Authentication Package=N/A, sysmon-processguid=N/A, Logon Account Name=USER_0004, Realm=DOMAIN_0001.LOCAL, EventIDCode=7045, Account ID=S-1-5-21-0002, Status Code=N/A, User Domain=DOMAIN_0001.LOCAL, Key Length=N/A, Target Username=USER_0004, Event ID=1073748869, ProgramName=klids.KES-12-12, Service Name=klids.KES-12-12, sysmon-user=USER_0002, Machine Identifier=HOST_0062, Object Type=N/A, Target Account Security ID=S-1-5-21-0002, Service Filename=C:\ProgramData\Kaspersky Lab\KES.12.12\Bases\klids.sys, Device Name=HOST_0062}",false,MAC_0001,MAC_0002,[REDACTED_DUPLICATE_PAYLOAD],8,43396,0,12,false,0:0:0:0:0:0:0:0,N/A,0,N/A,8030,<13>Aug 07 15:11:56 10.0.0.25 AgentDevice=WindowsLog	AgentLogFile=System	PluginVersion=7.3.1.28	Source=Service Control Manager	Computer=serverhieunx	OriginatingComputer=serverhieunx	User=USER_0002	Domain=DOMAIN_0006.LOCAL	EventID=1073748869	EventIDCode=7045	EventType=4	EventCategory=0	RecordNumber=2051442	TimeGenerated=1786090314	TimeWritten=1786090314	Level=Informational	Keywords=EventlogClassic	Task=None	Opcode=Info	Message=A service was installed in the system.  Service Name:  klids.KES-12-12 Service File Name:  C:\ProgramData\Kaspersky DOMAIN_0045.LOCAL\USER_031112\Bases\klids.sys Service Type:  kernel mode driver Service Start Type:  demand start Service Account:   ,Service Installed,N/A,1,0,unknown,N/A,A service was installed in a system,unknown,0,null,1786090314000,255,0,false,0,"true""""",System_Information,HOST_0004,A service was installed in a system.,0,1786090318721,No Offense,255,HOST_0063 @ 10.0.0.25,true,10,false,N/A,10.0.0.25,false,1786090318721,10,NETWORK_0013,42,Service Control Manager_7045,0,4,-1,HOST_0004,[REDACTED_DUPLICATE_PAYLOAD],USER_0002,5002197,false,null,N/A,"15:11:58, 7 thg 8, 2026","15:11:54, 7 thg 8, 2026",MAC_0002,HOST_0049,478,0,false,10.0.0.25,0,N/A,10.0.0.3,1,"15:11:58, 7 thg 8, 2026",0:0:0:0:0:0:0:0,N/A,null,"100221,153742,100265,109237,109187,156193,100282,100276,100272,123237,123937,134937,166353,100225"
N/A,false,0,0,USER_0004,10.0.0.25,"{sysmon-eventid=1073748869, Description=N/A, Message=N/A, Pipe Name=N/A, sysmon-processid=N/A, channel=System, Logon Account Domain=DOMAIN_0001.LOCAL, Object Name=N/A, Account Name=USER_0004, Logon Type=N/A, Target User Domain=DOMAIN_0001.LOCAL, Account Security ID=S-1-5-21-0002, Share Name=N/A, Authentication Package=N/A, sysmon-processguid=N/A, Logon Account Name=USER_0004, Realm=DOMAIN_0001.LOCAL, EventIDCode=7045, Account ID=S-1-5-21-0002, Status Code=N/A, User Domain=DOMAIN_0001.LOCAL, Key Length=N/A, Target Username=USER_0004, Event ID=1073748869, ProgramName=Kaspersky Anti-Virus NDIS 6 Filter, Service Name=Kaspersky Anti-Virus NDIS 6 Filter, sysmon-user=USER_0002, Machine Identifier=HOST_0062, Object Type=N/A, Target Account Security ID=S-1-5-21-0002, Service Filename=\SystemRoot\system32\DRIVERS\klim6.sys, Device Name=HOST_0062}",false,MAC_0001,MAC_0002,[REDACTED_DUPLICATE_PAYLOAD],8,43396,0,12,false,0:0:0:0:0:0:0:0,N/A,0,N/A,8030,<13>Aug 07 15:11:00 10.0.0.25 AgentDevice=WindowsLog	AgentLogFile=System	PluginVersion=7.3.1.28	Source=Service Control Manager	Computer=serverhieunx	OriginatingComputer=serverhieunx	User=USER_0002	Domain=DOMAIN_0006.LOCAL	EventID=1073748869	EventIDCode=7045	EventType=4	EventCategory=0	RecordNumber=2051408	TimeGenerated=1786090257	TimeWritten=1786090257	Level=Informational	Keywords=EventlogClassic	Task=None	Opcode=Info	Message=A service was installed in the system.  Service Name:  Kaspersky Anti-Virus NDIS 6 Filter Service File Name:  \SystemRoot\system32\DRIVERS\klim6.sys Service Type:  kernel mode driver Service Start Type:  system start Service Account:   ,Service Installed,N/A,1,0,unknown,N/A,A service was installed in a system,unknown,0,null,1786090257000,255,0,false,0,"true""""",System_Information,HOST_0004,A service was installed in a system.,0,1786090267784,No Offense,255,HOST_0063 @ 10.0.0.25,true,10,false,N/A,10.0.0.25,false,1786090267784,10,NETWORK_0013,42,Service Control Manager_7045,0,4,-1,HOST_0004,[REDACTED_DUPLICATE_PAYLOAD],USER_0002,5002197,false,null,N/A,"15:11:07, 7 thg 8, 2026","15:10:57, 7 thg 8, 2026",MAC_0002,HOST_0049,478,0,false,10.0.0.25,0,N/A,10.0.0.3,1,"15:11:07, 7 thg 8, 2026",0:0:0:0:0:0:0:0,N/A,null,"100221,153742,100265,109237,109187,156193,100282,100276,100272,123237,123937,134937,166353,100225"
N/A,false,0,0,USER_0004,10.0.0.25,"{sysmon-eventid=1073748869, Description=N/A, Message=N/A, Pipe Name=N/A, sysmon-processid=N/A, channel=System, Logon Account Domain=DOMAIN_0001.LOCAL, Object Name=N/A, Account Name=USER_0004, Logon Type=N/A, Target User Domain=DOMAIN_0001.LOCAL, Account Security ID=S-1-5-21-0002, Share Name=N/A, Authentication Package=N/A, sysmon-processguid=N/A, Logon Account Name=USER_0004, Realm=DOMAIN_0001.LOCAL, EventIDCode=7045, Account ID=S-1-5-21-0002, Status Code=N/A, User Domain=DOMAIN_0001.LOCAL, Key Length=N/A, Target Username=USER_0004, Event ID=1073748869, ProgramName=Kaspersky Seamless Update Service (KES.12.12), Service Name=Kaspersky Seamless Update Service (KES.12.12), sysmon-user=USER_0002, Machine Identifier=HOST_0062, Object Type=N/A, Target Account Security ID=S-1-5-21-0002, Service Filename=""C:\Program Files (x86)\Kaspersky Lab\KES.12.12.0\avpsus.exe"", Device Name=HOST_0062}",false,MAC_0001,MAC_0002,[REDACTED_DUPLICATE_PAYLOAD],8,43396,0,12,false,0:0:0:0:0:0:0:0,N/A,0,N/A,8030,"<13>Aug 07 15:11:03 10.0.0.25 AgentDevice=WindowsLog	AgentLogFile=System	PluginVersion=7.3.1.28	Source=Service Control Manager	Computer=serverhieunx	OriginatingComputer=serverhieunx	User=USER_0002	Domain=DOMAIN_0006.LOCAL	EventID=1073748869	EventIDCode=7045	EventType=4	EventCategory=0	RecordNumber=2051420	TimeGenerated=1786090261	TimeWritten=1786090261	Level=Informational	Keywords=EventlogClassic	Task=None	Opcode=Info	Message=A service was installed in the system.  Service Name:  Kaspersky Seamless Update Service (KES.12.12) Service File Name:  ""C:\Program Files (x86)\Kaspersky DOMAIN_0045.LOCAL\USER_0312DOMAIN_0046.LOCAL\USER_0234"" Service Type:  user mode service Service Start Type:  auto start Service Account:  LocalSystem ",Service Installed,N/A,1,0,unknown,N/A,A service was installed in a system,unknown,0,null,1786090261000,255,0,false,0,"true""""",System_Information,HOST_0004,A service was installed in a system.,0,1786090267784,No Offense,255,HOST_0063 @ 10.0.0.25,true,10,false,N/A,10.0.0.25,false,1786090267784,10,NETWORK_0013,42,Service Control Manager_7045,0,4,-1,HOST_0004,[REDACTED_DUPLICATE_PAYLOAD],USER_0002,5002197,false,null,N/A,"15:11:07, 7 thg 8, 2026","15:11:01, 7 thg 8, 2026",MAC_0002,HOST_0049,478,0,false,10.0.0.25,0,N/A,10.0.0.3,11,"15:11:07, 7 thg 8, 2026",0:0:0:0:0:0:0:0,N/A,null,"100221,153742,100265,109237,109187,156193,100282,100276,100272,123237,123937,134937,166353,100225"
N/A,false,0,0,USER_0004,10.0.0.25,"{sysmon-eventid=1073748869, Description=N/A, Message=N/A, Pipe Name=N/A, sysmon-processid=N/A, channel=System, Logon Account Domain=DOMAIN_0001.LOCAL, Object Name=N/A, Account Name=USER_0004, Logon Type=N/A, Target User Domain=DOMAIN_0001.LOCAL, Account Security ID=S-1-5-21-0002, Share Name=N/A, Authentication Package=N/A, sysmon-processguid=N/A, Logon Account Name=USER_0004, Realm=DOMAIN_0001.LOCAL, EventIDCode=7045, Account ID=S-1-5-21-0002, Status Code=N/A, User Domain=DOMAIN_0001.LOCAL, Key Length=N/A, Target Username=USER_0004, Event ID=1073748869, ProgramName=klwtp.KES-12-12, Service Name=klwtp.KES-12-12, sysmon-user=USER_0002, Machine Identifier=HOST_0062, Object Type=N/A, Target Account Security ID=S-1-5-21-0002, Service Filename=\SystemRoot\system32\DRIVERS\KES-12-12\klwtp.sys, Device Name=HOST_0062}",false,MAC_0001,MAC_0002,[REDACTED_DUPLICATE_PAYLOAD],8,43396,0,12,false,0:0:0:0:0:0:0:0,N/A,0,N/A,8030,<13>Aug 07 15:10:57 10.0.0.25 AgentDevice=WindowsLog	AgentLogFile=System	PluginVersion=7.3.1.28	Source=Service Control Manager	Computer=serverhieunx	OriginatingComputer=serverhieunx	User=USER_0002	Domain=DOMAIN_0006.LOCAL	EventID=1073748869	EventIDCode=7045	EventType=4	EventCategory=0	RecordNumber=2051405	TimeGenerated=1786090255	TimeWritten=1786090255	Level=Informational	Keywords=EventlogClassic	Task=None	Opcode=Info	Message=A service was installed in the system.  Service Name:  klwtp.KES-12-12 Service File Name:  \SystemRoot\system32\DRIVERS\KESDOMAIN_0070.LOCAL\USER_0313 Service Type:  kernel mode driver Service Start Type:  system start Service Account:   ,Service Installed,N/A,1,0,unknown,N/A,A service was installed in a system,unknown,0,null,1786090255000,255,0,false,0,"true""""",System_Information,HOST_0004,A service was installed in a system.,0,1786090258860,No Offense,255,HOST_0063 @ 10.0.0.25,true,10,false,N/A,10.0.0.25,false,1786090258860,10,NETWORK_0013,42,Service Control Manager_7045,0,4,-1,HOST_0004,[REDACTED_DUPLICATE_PAYLOAD],USER_0002,5002197,false,null,N/A,"15:10:58, 7 thg 8, 2026","15:10:55, 7 thg 8, 2026",MAC_0002,HOST_0049,478,0,false,10.0.0.25,0,N/A,10.0.0.3,1,"15:10:58, 7 thg 8, 2026",0:0:0:0:0:0:0:0,N/A,null,"100221,153742,100265,109237,109187,156193,100282,100276,100272,123237,123937,134937,166353,100225"
N/A,false,0,0,USER_0004,10.0.0.25,"{sysmon-eventid=1073748869, Description=N/A, Message=N/A, Pipe Name=N/A, sysmon-processid=N/A, channel=System, Logon Account Domain=DOMAIN_0001.LOCAL, Object Name=N/A, Account Name=USER_0004, Logon Type=N/A, Target User Domain=DOMAIN_0001.LOCAL, Account Security ID=S-1-5-21-0002, Share Name=N/A, Authentication Package=N/A, sysmon-processguid=N/A, Logon Account Name=USER_0004, Realm=DOMAIN_0001.LOCAL, EventIDCode=7045, Account ID=S-1-5-21-0002, Status Code=N/A, User Domain=DOMAIN_0001.LOCAL, Key Length=N/A, Target Username=USER_0004, Event ID=1073748869, ProgramName=kneps.KES-12-12, Service Name=kneps.KES-12-12, sysmon-user=USER_0002, Machine Identifier=HOST_0062, Object Type=N/A, Target Account Security ID=S-1-5-21-0002, Service Filename=\SystemRoot\system32\DRIVERS\KES-12-12\kneps.sys, Device Name=HOST_0062}",false,MAC_0001,MAC_0002,[REDACTED_DUPLICATE_PAYLOAD],8,43396,0,12,false,0:0:0:0:0:0:0:0,N/A,0,N/A,8030,<13>Aug 07 15:10:57 10.0.0.25 AgentDevice=WindowsLog	AgentLogFile=System	PluginVersion=7.3.1.28	Source=Service Control Manager	Computer=serverhieunx	OriginatingComputer=serverhieunx	User=USER_0002	Domain=DOMAIN_0006.LOCAL	EventID=1073748869	EventIDCode=7045	EventType=4	EventCategory=0	RecordNumber=2051407	TimeGenerated=1786090255	TimeWritten=1786090255	Level=Informational	Keywords=EventlogClassic	Task=None	Opcode=Info	Message=A service was installed in the system.  Service Name:  kneps.KES-12-12 Service File Name:  \SystemRoot\system32\DRIVERS\KESDOMAIN_0070.LOCAL\USER_0314 Service Type:  kernel mode driver Service Start Type:  system start Service Account:   ,Service Installed,N/A,1,0,unknown,N/A,A service was installed in a system,unknown,0,null,1786090255000,255,0,false,0,"true""""",System_Information,HOST_0004,A service was installed in a system.,0,1786090258860,No Offense,255,HOST_0063 @ 10.0.0.25,true,10,false,N/A,10.0.0.25,false,1786090258860,10,NETWORK_0013,42,Service Control Manager_7045,0,4,-1,HOST_0004,[REDACTED_DUPLICATE_PAYLOAD],USER_0002,5002197,false,null,N/A,"15:10:58, 7 thg 8, 2026","15:10:55, 7 thg 8, 2026",MAC_0002,HOST_0049,478,0,false,10.0.0.25,0,N/A,10.0.0.3,1,"15:10:58, 7 thg 8, 2026",0:0:0:0:0:0:0:0,N/A,null,"100221,153742,100265,109237,109187,156193,100282,100276,100272,123237,123937,134937,166353,100225"
N/A,false,0,0,USER_0004,10.0.0.25,"{sysmon-eventid=1073748869, Description=N/A, Message=N/A, Pipe Name=N/A, sysmon-processid=N/A, channel=System, Logon Account Domain=DOMAIN_0001.LOCAL, Object Name=N/A, Account Name=USER_0004, Logon Type=N/A, Target User Domain=DOMAIN_0001.LOCAL, Account Security ID=S-1-5-21-0002, Share Name=N/A, Authentication Package=N/A, sysmon-processguid=N/A, Logon Account Name=USER_0004, Realm=DOMAIN_0001.LOCAL, EventIDCode=7045, Account ID=S-1-5-21-0002, Status Code=N/A, User Domain=DOMAIN_0001.LOCAL, Key Length=N/A, Target Username=USER_0004, Event ID=1073748869, ProgramName=Kaspersky Lab Kernel DLL.KES-12-12, Service Name=Kaspersky Lab Kernel DLL.KES-12-12, sysmon-user=USER_0002, Machine Identifier=HOST_0062, Object Type=N/A, Target Account Security ID=S-1-5-21-0002, Service Filename=\SystemRoot\system32\DRIVERS\KES-12-12\klflt.sys, Device Name=HOST_0062}",false,MAC_0001,MAC_0002,[REDACTED_DUPLICATE_PAYLOAD],8,43396,0,12,false,0:0:0:0:0:0:0:0,N/A,0,N/A,8030,<13>Aug 07 15:09:24 10.0.0.25 AgentDevice=WindowsLog	AgentLogFile=System	PluginVersion=7.3.1.28	Source=Service Control Manager	Computer=serverhieunx	OriginatingComputer=serverhieunx	User=USER_0002	Domain=DOMAIN_0006.LOCAL	EventID=1073748869	EventIDCode=7045	EventType=4	EventCategory=0	RecordNumber=2051398	TimeGenerated=1786090160	TimeWritten=1786090160	Level=Informational	Keywords=EventlogClassic	Task=None	Opcode=Info	Message=A service was installed in the system.  Service Name:  Kaspersky Lab Kernel DLL.KES-12-12 Service File Name:  \SystemRoot\system32\DRIVERS\KESDOMAIN_0070.LOCAL\USER_0315 Service Type:  kernel mode driver Service Start Type:  system start Service Account:   ,Service Installed,N/A,1,0,unknown,N/A,A service was installed in a system,unknown,0,null,1786090160000,255,0,false,0,"true""""",System_Information,HOST_0004,A service was installed in a system.,0,1786090172823,No Offense,255,HOST_0063 @ 10.0.0.25,true,10,false,N/A,10.0.0.25,false,1786090172823,10,NETWORK_0013,42,Service Control Manager_7045,0,4,-1,HOST_0004,[REDACTED_DUPLICATE_PAYLOAD],USER_0002,5002197,false,null,N/A,"15:09:32, 7 thg 8, 2026","15:09:20, 7 thg 8, 2026",MAC_0002,HOST_0049,478,0,false,10.0.0.25,0,N/A,10.0.0.3,1,"15:09:32, 7 thg 8, 2026",0:0:0:0:0:0:0:0,N/A,null,"100221,153742,100265,109237,109187,156193,100282,100276,100272,123237,123937,134937,166353,100225"
N/A,false,0,0,USER_0004,10.0.0.25,"{sysmon-eventid=1073748869, Description=N/A, Message=N/A, Pipe Name=N/A, sysmon-processid=N/A, channel=System, Logon Account Domain=DOMAIN_0001.LOCAL, Object Name=N/A, Account Name=USER_0004, Logon Type=N/A, Target User Domain=DOMAIN_0001.LOCAL, Account Security ID=S-1-5-21-0002, Share Name=N/A, Authentication Package=N/A, sysmon-processguid=N/A, Logon Account Name=USER_0004, Realm=DOMAIN_0001.LOCAL, EventIDCode=7045, Account ID=S-1-5-21-0002, Status Code=N/A, User Domain=DOMAIN_0001.LOCAL, Key Length=N/A, Target Username=USER_0004, Event ID=1073748869, ProgramName=Kaspersky Lab Driver.KES-12-12, Service Name=Kaspersky Lab Driver.KES-12-12, sysmon-user=USER_0002, Machine Identifier=HOST_0062, Object Type=N/A, Target Account Security ID=S-1-5-21-0002, Service Filename=system32\DRIVERS\KES-12-12\klif.sys, Device Name=HOST_0062}",false,MAC_0001,MAC_0002,[REDACTED_DUPLICATE_PAYLOAD],8,43396,0,12,false,0:0:0:0:0:0:0:0,N/A,0,N/A,8030,<13>Aug 07 15:09:24 10.0.0.25 AgentDevice=WindowsLog	AgentLogFile=System	PluginVersion=7.3.1.28	Source=Service Control Manager	Computer=serverhieunx	OriginatingComputer=serverhieunx	User=USER_0002	Domain=DOMAIN_0006.LOCAL	EventID=1073748869	EventIDCode=7045	EventType=4	EventCategory=0	RecordNumber=2051397	TimeGenerated=1786090160	TimeWritten=1786090160	Level=Informational	Keywords=EventlogClassic	Task=None	Opcode=Info	Message=A service was installed in the system.  Service Name:  Kaspersky Lab Driver.KES-12-12 Service File Name:  system32\DRIVERS\KESDOMAIN_0070.LOCAL\USER_0316 Service Type:  kernel mode driver Service Start Type:  system start Service Account:   ,Service Installed,N/A,1,0,unknown,N/A,A service was installed in a system,unknown,0,null,1786090160000,255,0,false,0,"true""""",System_Information,HOST_0004,A service was installed in a system.,0,1786090172823,No Offense,255,HOST_0063 @ 10.0.0.25,true,10,false,N/A,10.0.0.25,false,1786090172823,10,NETWORK_0013,42,Service Control Manager_7045,0,4,-1,HOST_0004,[REDACTED_DUPLICATE_PAYLOAD],USER_0002,5002197,false,null,N/A,"15:09:32, 7 thg 8, 2026","15:09:20, 7 thg 8, 2026",MAC_0002,HOST_0049,478,0,false,10.0.0.25,0,N/A,10.0.0.3,1,"15:09:32, 7 thg 8, 2026",0:0:0:0:0:0:0:0,N/A,null,"100221,153742,100265,109237,109187,156193,100282,100276,100272,123237,123937,134937,166353,100225"
