N/A,false,0,0,USER_0004,HOST_0021,"{sysmon-eventid=7, Pipe Name=N/A, Signature Status=Valid, File Directory=C:\Windows\System32, sysmon-processid=14304, channel=Microsoft-Windows-Sysmon/Operational, Object Name=N/A, Account Name=USER_0004, Target User Domain=DOMAIN_0001.LOCAL, Logon Account Name=USER_0004, Product Description=Microsoft® C Runtime Library, EventIDCode=7, sysmon-utctime=2026-07-24 08:55:26.519, Signed=true, MD5 Hash=14BC224C1040570FD58A452973B93591, Filename=ucrtbase_clr0400.dll, Key Length=N/A, ProgramName=N/A, Process GUID=N/A, SHA1 Hash=7B05CA87FA6DAB617DE5B79F6EEDBC4D34360A46, File Extension=dll, Object Type=N/A, sysmon-hash=SHA1=7B05CA87FA6DAB617DE5B79F6EEDBC4D34360A46,MD5=14BC224C1040570FD58A452973B93591,SHA256=F5189277B5AC83B754462F259188B0E876706CEC5A56BF6F5C35539F1D6510CD,IMPHASH=95C62E6C11D54D65EA2CCAC62EABE0F3, SHA256 Hash=F5189277B5AC83B754462F259188B0E876706CEC5A56BF6F5C35539F1D6510CD, File Path=C:\Windows\System32\ucrtbase_clr0400.dll, Description=Description: Microsoft® C Runtime Library Product, Message=N/A, sysmon-signaturestatus=Valid, Logon Account Domain=DOMAIN_0001.LOCAL, Process Name=wsmprovhost.exe, Logon Type=N/A, sysmon-signature=Microsoft Corporation , Image Loaded=C:\Windows\System32\ucrtbase_clr0400.dll, Account Security ID=S-1-5-21-0002, Share Name=N/A, Authentication Package=N/A, sysmon-processguid={b59a7af0-287e-6a63-9cf7-010000000b00}, Realm=DOMAIN_0001.LOCAL, Account ID=S-1-5-21-0002, Process Path=C:\Windows\System32\wsmprovhost.exe, sysmon-signed=true, Status Code=N/A, Product Name=Microsoft® Visual Studio®, User Domain=DOMAIN_0001.LOCAL, Target Username=USER_0004, Event ID=7, Product Company=Microsoft Corporation, sysmon-user=USER_0002, sysmon-originalfilename=ucrtbase_clr0400.dll, Process ID=14304, Machine Identifier=HOST_0022, Signature=Microsoft Corporation, Target Account Security ID=S-1-5-21-0002, Device Name=HOST_0022, IMP Hash=95C62E6C11D54D65EA2CCAC62EABE0F3}",false,MAC_0001,MAC_0002,[REDACTED_DUPLICATE_PAYLOAD],3,52869,0,12,false,0:0:0:0:0:0:0:0,N/A,0,N/A,19247,"<13>Jul 24 15:55:26 10.0.0.10.Ptit AgentDevice=WindowsLog	AgentLogFile=Microsoft-Windows-Sysmon/Operational	PluginVersion=7.3.1.28	Source=Microsoft-Windows-Sysmon	Computer=AD01.ptit.edu.vn	OriginatingComputer=10.2.3.10	User=USER_0002	Domain=DOMAIN_0006.LOCAL	EventID=7	EventIDCode=7	EventType=4	EventCategory=7	RecordNumber=52953728	TimeGenerated=1784883326	TimeWritten=1784883326	Level=Informational	Keywords=0x8000000000000000	Task=SysmonTask-SYSMON_IMAGE_LOAD	Opcode=Info	Message=Image loaded: RuleName: - UtcTime: 2026-07-24 08:55:26.519 ProcessGuid: {b59a7af0-287e-6a63-9cf7-010000000b00} ProcessId: 14304 Image: C:\Windows\System32\wsmprovhost.exe ImageLoaded: C:\Windows\System32\ucrtbase_clr0400.dll FileVersion: 14.32.31326.0 Description: Microsoft® C Runtime Library Product: Microsoft® Visual Studio® Company: Microsoft Corporation OriginalFileName: ucrtbase_clr0400.dll Hashes: SHA1=7B05CA87FA6DAB617DE5B79F6EEDBC4D34360A46,MD5=14BC224C1040570FD58A452973B93591,SHA256=F5189277B5AC83B754462F259188B0E876706CEC5A56BF6F5C35539F1D6510CD,IMPHASH=95C62E6C11D54D65EA2CCAC62EABE0F3 Signed: true Signature: Microsoft Corporation SignatureStatus: Valid",Object Load Success,N/A,1,0,unknown,N/A,Image loaded,unknown,0,null,1784883326000,255,0,false,0,"true""""",Microsoft-Windows-Sysmon/Operational,HOST_0004,The image loaded event logs when a module is loaded in a specific process.,0,1784883328808,No Offense,255,HOST_0023 @ 10.0.0.10,false,3,false,N/A,10.0.0.10,false,1784883328808,5,NETWORK_0009,68,7,0,1,-1,HOST_0004,[REDACTED_DUPLICATE_PAYLOAD],USER_0002,5001844,false,null,N/A,"15:55:28, 24 thg 7, 2026","15:55:26, 24 thg 7, 2026",MAC_0002,HOST_0024,630,0,false,10.0.0.10,0,N/A,10.0.0.3,1,"15:55:28, 24 thg 7, 2026",0:0:0:0:0:0:0:0,N/A,null,"100221,100265,109237,109187,100668,156193,100272,134937,166353"
N/A,false,0,0,USER_0004,HOST_0021,"{sysmon-eventid=17, Description=N/A, Message=N/A, Pipe Name=PSHost.134293569264572039.14304.DefaultAppDomain.wsmprovhost, sysmon-processid=14304, channel=Microsoft-Windows-Sysmon/Operational, Logon Account Domain=DOMAIN_0001.LOCAL, Object Name=N/A, Process Name=wsmprovhost.exe, sysmon-pipename=\PSHost.134293569264572039.14304.DefaultAppDomain.wsmprovhost, Account Name=USER_0004, Logon Type=N/A, Target User Domain=DOMAIN_0001.LOCAL, Account Security ID=S-1-5-21-0002, Share Name=N/A, Authentication Package=N/A, sysmon-processguid={b59a7af0-287e-6a63-9cf7-010000000b00}, Logon Account Name=USER_0004, Realm=DOMAIN_0001.LOCAL, EventIDCode=17, Account ID=S-1-5-21-0002, Process Path=C:\WINDOWS\system32\wsmprovhost.exe, sysmon-utctime=2026-07-24 08:55:26.611, Status Code=N/A, User Domain=DOMAIN_0001.LOCAL, Key Length=N/A, Target Username=USER_0004, Event ID=17, ProgramName=N/A, sysmon-user=USER_0002, Process GUID=N/A, Process ID=14304, sysmon-image=C:\WINDOWS\system32\wsmprovhost.exe, Machine Identifier=HOST_0022, Object Type=N/A, Target Account Security ID=S-1-5-21-0002, Device Name=HOST_0022}",false,MAC_0001,MAC_0002,[REDACTED_DUPLICATE_PAYLOAD],3,52869,0,12,false,0:0:0:0:0:0:0:0,N/A,0,N/A,19012,<13>Jul 24 15:55:26 10.0.0.10.Ptit AgentDevice=WindowsLog	AgentLogFile=Microsoft-Windows-Sysmon/Operational	PluginVersion=7.3.1.28	Source=Microsoft-Windows-Sysmon	Computer=AD01.ptit.edu.vn	OriginatingComputer=10.2.3.10	User=USER_0002	Domain=DOMAIN_0006.LOCAL	EventID=17	EventIDCode=17	EventType=4	EventCategory=17	RecordNumber=52953748	TimeGenerated=1784883326	TimeWritten=1784883326	Level=Informational	Keywords=0x8000000000000000	Task=SysmonTask-SYSMON_CREATE_NAMEDPIPE	Opcode=Info	Message=Pipe Created: RuleName: - EventType: CreatePipe UtcTime: 2026-07-24 08:55:26.611 ProcessGuid: {b59a7af0-287e-6a63-9cf7-010000000b00} ProcessId: 14304 PipeName: \PSHost.134293569264572039.14304.DefaultAppDomain.wsmprovhost Image: C:\WINDOWS\system32\wsmprovhost.exe,Create Activity Succeeded,N/A,1,0,unknown,N/A,PipeEvent (Pipe Created),unknown,0,null,1784883326000,255,0,false,0,"true""""",Microsoft-Windows-Sysmon/Operational,HOST_0004,Named pipe created,0,1784883328808,No Offense,255,HOST_0023 @ 10.0.0.10,false,3,false,N/A,10.0.0.10,false,1784883328808,5,NETWORK_0009,68,17,0,1,-1,HOST_0004,[REDACTED_DUPLICATE_PAYLOAD],USER_0002,5001836,false,null,N/A,"15:55:28, 24 thg 7, 2026","15:55:26, 24 thg 7, 2026",MAC_0002,HOST_0024,630,0,false,10.0.0.10,0,N/A,10.0.0.3,1,"15:55:28, 24 thg 7, 2026",0:0:0:0:0:0:0:0,N/A,null,"100221,100737,100265,109237,109187,100668,156193,100272,134937,166353"
N/A,false,0,0,USER_0004,HOST_0021,"{sysmon-eventid=7, Pipe Name=N/A, Signature Status=Valid, File Directory=C:\Windows\Microsoft.NET\Framework64\v4.0.30319, sysmon-processid=14304, channel=Microsoft-Windows-Sysmon/Operational, Object Name=N/A, Account Name=USER_0004, Target User Domain=DOMAIN_0001.LOCAL, Logon Account Name=USER_0004, Product Description=Microsoft .NET Runtime Common Language Runtime - WorkStation, EventIDCode=7, sysmon-utctime=2026-07-24 08:55:26.519, Signed=true, MD5 Hash=92468614F9629FA127476D0062F87905, Filename=clr.dll, Key Length=N/A, ProgramName=N/A, Process GUID=N/A, SHA1 Hash=61E04AC8DB08D31243F3C34BE05997CA3BF13AC7, File Extension=dll, Object Type=N/A, sysmon-hash=SHA1=61E04AC8DB08D31243F3C34BE05997CA3BF13AC7,MD5=92468614F9629FA127476D0062F87905,SHA256=49F9F13966C176C8F8943FBAA73D420192543A892BFB28259598D18DE8316D86,IMPHASH=01E0958B232430E87E27DC8010111684, SHA256 Hash=49F9F13966C176C8F8943FBAA73D420192543A892BFB28259598D18DE8316D86, File Path=C:\Windows\Microsoft.NET\Framework64\v4.0.30319\clr.dll, Description=Description: Microsoft .NET Runtime Common Language Runtime - WorkStation Product, Message=N/A, sysmon-signaturestatus=Valid, Logon Account Domain=DOMAIN_0001.LOCAL, Process Name=wsmprovhost.exe, Logon Type=N/A, sysmon-signature=Microsoft Corporation , Image Loaded=C:\Windows\Microsoft.NET\Framework64\v4.0.30319\clr.dll, Account Security ID=S-1-5-21-0002, Share Name=N/A, Authentication Package=N/A, sysmon-processguid={b59a7af0-287e-6a63-9cf7-010000000b00}, Realm=DOMAIN_0001.LOCAL, Account ID=S-1-5-21-0002, Process Path=C:\Windows\System32\wsmprovhost.exe, sysmon-signed=true, Status Code=N/A, Product Name=Microsoft® .NET Framework, User Domain=DOMAIN_0001.LOCAL, Target Username=USER_0004, Event ID=7, Product Company=Microsoft Corporation, sysmon-user=USER_0002, sysmon-originalfilename=clr.dll, Process ID=14304, Machine Identifier=HOST_0022, Signature=Microsoft Corporation, Target Account Security ID=S-1-5-21-0002, Device Name=HOST_0022, IMP Hash=01E0958B232430E87E27DC8010111684}",false,MAC_0001,MAC_0002,[REDACTED_DUPLICATE_PAYLOAD],3,52869,0,12,false,0:0:0:0:0:0:0:0,N/A,0,N/A,19247,"<13>Jul 24 15:55:26 10.0.0.10.Ptit AgentDevice=WindowsLog	AgentLogFile=Microsoft-Windows-Sysmon/Operational	PluginVersion=7.3.1.28	Source=Microsoft-Windows-Sysmon	Computer=AD01.ptit.edu.vn	OriginatingComputer=10.2.3.10	User=USER_0002	Domain=DOMAIN_0006.LOCAL	EventID=7	EventIDCode=7	EventType=4	EventCategory=7	RecordNumber=52953726	TimeGenerated=1784883326	TimeWritten=1784883326	Level=Informational	Keywords=0x8000000000000000	Task=SysmonTask-SYSMON_IMAGE_LOAD	Opcode=Info	Message=Image loaded: RuleName: - UtcTime: 2026-07-24 08:55:26.519 ProcessGuid: {b59a7af0-287e-6a63-9cf7-010000000b00} ProcessId: 14304 Image: C:\Windows\System32\wsmprovhost.exe ImageLoaded: C:\Windows\Microsoft.NET\Framework64\v4DOMAIN_0015.LOCAL\USER_0033 FileVersion: 4.8.9266.0 built by: NET481REL1LAST_B Description: Microsoft .NET Runtime Common Language Runtime - WorkStation Product: Microsoft® .NET Framework Company: Microsoft Corporation OriginalFileName: clr.dll Hashes: SHA1=61E04AC8DB08D31243F3C34BE05997CA3BF13AC7,MD5=92468614F9629FA127476D0062F87905,SHA256=49F9F13966C176C8F8943FBAA73D420192543A892BFB28259598D18DE8316D86,IMPHASH=01E0958B232430E87E27DC8010111684 Signed: true Signature: Microsoft Corporation SignatureStatus: Valid",Object Load Success,N/A,1,0,unknown,N/A,Image loaded,unknown,0,null,1784883326000,255,0,false,0,"true""""",Microsoft-Windows-Sysmon/Operational,HOST_0004,The image loaded event logs when a module is loaded in a specific process.,0,1784883328808,No Offense,255,HOST_0023 @ 10.0.0.10,false,3,false,N/A,10.0.0.10,false,1784883328808,5,NETWORK_0009,68,7,0,1,-1,HOST_0004,[REDACTED_DUPLICATE_PAYLOAD],USER_0002,5001844,false,null,N/A,"15:55:28, 24 thg 7, 2026","15:55:26, 24 thg 7, 2026",MAC_0002,HOST_0024,630,0,false,10.0.0.10,0,N/A,10.0.0.3,1,"15:55:28, 24 thg 7, 2026",0:0:0:0:0:0:0:0,N/A,null,"100221,100265,109237,109187,100668,156193,100272,134937,166353"
N/A,false,0,0,USER_0004,HOST_0021,"{sysmon-eventid=13, Description=N/A, Message=N/A, Pipe Name=N/A, Registry Key=\SYSTEM\Software\Microsoft\TIP\AggregateResults, sysmon-processid=14304, channel=Microsoft-Windows-Sysmon/Operational, Target Object=HKLM\SYSTEM\Software\Microsoft\TIP\AggregateResults\data, Logon Account Domain=DOMAIN_0001.LOCAL, Object Name=HKLM\SYSTEM\Software\Microsoft\TIP\AggregateResults\data, Target Details=Binary Data, Process Name=svchost.exe, Registry Value Data=Binary Data, Account Name=USER_0004, Logon Type=N/A, sysmon-targetobject=HKLM\SYSTEM\Software\Microsoft\TIP\AggregateResults\data, Target User Domain=DOMAIN_0001.LOCAL, Rule Name=-, Account Security ID=S-1-5-21-0002, Share Name=N/A, Authentication Package=N/A, sysmon-processguid={b59a7af0-254d-6a63-90f7-010000000b00}, Logon Account Name=USER_0004, Realm=DOMAIN_0001.LOCAL, EventIDCode=13, Account ID=S-1-5-21-0002, Process Path=C:\WINDOWS\system32\svchost.exe, sysmon-utctime=2026-07-24 08:51:53.404, Status Code=N/A, Registry Value Name=data, User Domain=DOMAIN_0001.LOCAL, Key Length=N/A, Target Username=USER_0004, Event ID=13, ProgramName=N/A, Registry Hive=HKLM, sysmon-eventtype=SetValue, sysmon-user=USER_0002, Process GUID=N/A, Process ID=14304, Machine Identifier=HOST_0022, Object Type=N/A, Target Account Security ID=S-1-5-21-0002, Device Name=HOST_0022, sysmon-details=Binary Data}",false,MAC_0001,MAC_0002,[REDACTED_DUPLICATE_PAYLOAD],3,52869,0,12,false,0:0:0:0:0:0:0:0,N/A,0,N/A,8012,<13>Jul 24 15:51:56 10.0.0.10.Ptit AgentDevice=WindowsLog	AgentLogFile=Microsoft-Windows-Sysmon/Operational	PluginVersion=7.3.1.28	Source=Microsoft-Windows-Sysmon	Computer=AD01.ptit.edu.vn	OriginatingComputer=10.2.3.10	User=USER_0002	Domain=DOMAIN_0006.LOCAL	EventID=13	EventIDCode=13	EventType=4	EventCategory=13	RecordNumber=52952681	TimeGenerated=1784883113	TimeWritten=1784883113	Level=Informational	Keywords=0x8000000000000000	Task=SysmonTask-SYSMON_REG_SETVALUE	Opcode=Info	Message=Registry value set: RuleName: - EventType: SetValue UtcTime: 2026-07-24 08:51:53.404 ProcessGuid: {b59a7af0-254d-6a63-90f7-010000000b00} ProcessId: 14304 Image: C:\WINDOWS\system32\svchost.exe TargetObject: HKLM\SYSTEM\Software\Microsoft\TIP\AggregateResults\data Details: Binary Data,Successful Registry Modification,N/A,1,0,unknown,N/A,RegistryEvent (Value Set),unknown,0,null,1784883113000,255,0,false,0,"true""""",Microsoft-Windows-Sysmon/Operational,HOST_0004,This Registry event type identifies Registry value modifications.,0,1784883118567,No Offense,255,HOST_0023 @ 10.0.0.10,false,3,false,N/A,10.0.0.10,false,1784883118567,5,NETWORK_0009,68,13,0,1,-1,HOST_0004,[REDACTED_DUPLICATE_PAYLOAD],USER_0002,5001832,false,null,N/A,"15:51:58, 24 thg 7, 2026","15:51:53, 24 thg 7, 2026",MAC_0002,HOST_0024,630,0,false,10.0.0.10,0,N/A,10.0.0.3,1,"15:51:58, 24 thg 7, 2026",0:0:0:0:0:0:0:0,N/A,null,"100221,100265,109237,109187,100617,100668,156193,100276,100272,123237,123937,134937,166353"
N/A,false,0,0,USER_0004,HOST_0021,"{sysmon-eventid=5, Description=N/A, Message=N/A, Pipe Name=N/A, sysmon-processid=14304, channel=Microsoft-Windows-Sysmon/Operational, Logon Account Domain=DOMAIN_0001.LOCAL, Object Name=N/A, Process Name=svchost.exe, Account Name=USER_0004, Logon Type=N/A, Target User Domain=DOMAIN_0001.LOCAL, Account Security ID=S-1-5-21-0002, Share Name=N/A, Authentication Package=N/A, sysmon-processguid={b59a7af0-254d-6a63-90f7-010000000b00}, Logon Account Name=USER_0004, Realm=DOMAIN_0001.LOCAL, EventIDCode=5, Account ID=S-1-5-21-0002, Process Path=C:\Windows\System32\svchost.exe, sysmon-utctime=2026-07-24 08:51:53.409, Status Code=N/A, User Domain=DOMAIN_0001.LOCAL, Key Length=N/A, Target Username=USER_0004, Event ID=5, ProgramName=N/A, sysmon-user=USER_0002, Process GUID=N/A, Process ID=14304, sysmon-image=C:\Windows\System32\svchost.exe, Machine Identifier=HOST_0022, Object Type=N/A, Target Account Security ID=S-1-5-21-0002, Device Name=HOST_0022}",false,MAC_0001,MAC_0002,[REDACTED_DUPLICATE_PAYLOAD],3,52869,0,12,false,0:0:0:0:0:0:0:0,N/A,0,N/A,8113,<13>Jul 24 15:51:56 10.0.0.10.Ptit AgentDevice=WindowsLog	AgentLogFile=Microsoft-Windows-Sysmon/Operational	PluginVersion=7.3.1.28	Source=Microsoft-Windows-Sysmon	Computer=AD01.ptit.edu.vn	OriginatingComputer=10.2.3.10	User=USER_0002	Domain=DOMAIN_0006.LOCAL	EventID=5	EventIDCode=5	EventType=4	EventCategory=5	RecordNumber=52952682	TimeGenerated=1784883113	TimeWritten=1784883113	Level=Informational	Keywords=0x8000000000000000	Task=SysmonTask-SYSMON_PROCESS_TERMINATE	Opcode=Info	Message=Process terminated: RuleName: - UtcTime: 2026-07-24 08:51:53.409 ProcessGuid: {b59a7af0-254d-6a63-90f7-010000000b00} ProcessId: 14304 Image: C:\Windows\System32\svchost.exe,Process Termination Success,N/A,1,0,unknown,N/A,Process terminated,unknown,0,null,1784883113000,255,0,false,0,"true""""",Microsoft-Windows-Sysmon/Operational,HOST_0004,The process terminate event reports when a process terminates.,0,1784883118567,No Offense,255,HOST_0023 @ 10.0.0.10,false,3,false,N/A,10.0.0.10,false,1784883118567,5,NETWORK_0009,68,5,0,2,-1,HOST_0004,[REDACTED_DUPLICATE_PAYLOAD],USER_0002,5001842,false,null,N/A,"15:51:58, 24 thg 7, 2026","15:51:53, 24 thg 7, 2026",MAC_0002,HOST_0024,630,0,false,10.0.0.10,0,N/A,10.0.0.3,1,"15:51:58, 24 thg 7, 2026",0:0:0:0:0:0:0:0,N/A,null,"100221,100265,109237,109187,100668,156193,100272,134937,166353"
N/A,false,0,0,USER_0004,HOST_0021,"{sysmon-eventid=13, Description=N/A, Message=N/A, Pipe Name=N/A, Registry Key=\SOFTWARE\Microsoft\Windows\CurrentVersion\WindowsUpdate, sysmon-processid=14304, channel=Microsoft-Windows-Sysmon/Operational, Target Object=HKLM\SOFTWARE\Microsoft\Windows\CurrentVersion\WindowsUpdate\LastTaskOperationHandle, Logon Account Domain=DOMAIN_0001.LOCAL, Object Name=HKLM\SOFTWARE\Microsoft\Windows\CurrentVersion\WindowsUpdate\LastTaskOperationHandle, Target Details=DWORD (0x00000032), Process Name=svchost.exe, Registry Value Data=DWORD (0x00000032), Account Name=USER_0004, Logon Type=N/A, sysmon-targetobject=HKLM\SOFTWARE\Microsoft\Windows\CurrentVersion\WindowsUpdate\LastTaskOperationHandle, Target User Domain=DOMAIN_0001.LOCAL, Rule Name=-, Account Security ID=S-1-5-21-0002, Share Name=N/A, Authentication Package=N/A, sysmon-processguid={b59a7af0-254d-6a63-90f7-010000000b00}, Logon Account Name=USER_0004, Realm=DOMAIN_0001.LOCAL, EventIDCode=13, Account ID=S-1-5-21-0002, Process Path=C:\WINDOWS\system32\svchost.exe, sysmon-utctime=2026-07-24 08:51:52.384, Status Code=N/A, Registry Value Name=LastTaskOperationHandle, User Domain=DOMAIN_0001.LOCAL, Key Length=N/A, Target Username=USER_0004, Event ID=13, ProgramName=N/A, Registry Hive=HKLM, sysmon-eventtype=SetValue, sysmon-user=USER_0002, Process GUID=N/A, Process ID=14304, Machine Identifier=HOST_0022, Object Type=N/A, Target Account Security ID=S-1-5-21-0002, Device Name=HOST_0022, sysmon-details=DWORD (0x00000032)}",false,MAC_0001,MAC_0002,[REDACTED_DUPLICATE_PAYLOAD],3,52869,0,12,false,0:0:0:0:0:0:0:0,N/A,0,N/A,8012,<13>Jul 24 15:51:53 10.0.0.10.Ptit AgentDevice=WindowsLog	AgentLogFile=Microsoft-Windows-Sysmon/Operational	PluginVersion=7.3.1.28	Source=Microsoft-Windows-Sysmon	Computer=AD01.ptit.edu.vn	OriginatingComputer=10.2.3.10	User=USER_0002	Domain=DOMAIN_0006.LOCAL	EventID=13	EventIDCode=13	EventType=4	EventCategory=13	RecordNumber=52952670	TimeGenerated=1784883112	TimeWritten=1784883112	Level=Informational	Keywords=0x8000000000000000	Task=SysmonTask-SYSMON_REG_SETVALUE	Opcode=Info	Message=Registry value set: RuleName: - EventType: SetValue UtcTime: 2026-07-24 08:51:52.384 ProcessGuid: {b59a7af0-254d-6a63-90f7-010000000b00} ProcessId: 14304 Image: C:\WINDOWS\system32\svchost.exe TargetObject: HKLM\SOFTWARE\Microsoft\Windows\CurrentVersion\WindowsUpdate\LastTaskOperationHandle Details: DWORD (0x00000032),Successful Registry Modification,N/A,1,0,unknown,N/A,RegistryEvent (Value Set),unknown,0,null,1784883112000,255,0,false,0,"true""""",Microsoft-Windows-Sysmon/Operational,HOST_0004,This Registry event type identifies Registry value modifications.,0,1784883118567,No Offense,255,HOST_0023 @ 10.0.0.10,false,3,false,N/A,10.0.0.10,false,1784883118567,5,NETWORK_0009,68,13,0,1,-1,HOST_0004,[REDACTED_DUPLICATE_PAYLOAD],USER_0002,5001832,false,null,N/A,"15:51:58, 24 thg 7, 2026","15:51:52, 24 thg 7, 2026",MAC_0002,HOST_0024,630,0,false,10.0.0.10,0,N/A,10.0.0.3,1,"15:51:58, 24 thg 7, 2026",0:0:0:0:0:0:0:0,N/A,null,"100221,100265,109237,109187,100617,100668,156193,100276,100272,123237,123937,134937,166353"
N/A,false,0,0,USER_0004,HOST_0021,"{sysmon-eventid=12, Description=N/A, Message=N/A, Pipe Name=N/A, Registry Key=\SYSTEM\Software\Microsoft\TIP\AggregateResults, sysmon-processid=14304, channel=Microsoft-Windows-Sysmon/Operational, Logon Account Domain=DOMAIN_0001.LOCAL, Object Name=HKLM\SYSTEM\Software\Microsoft\TIP\AggregateResults, Registry Value Data=N/A, Account Name=USER_0004, Logon Type=N/A, sysmon-targetobject=HKLM\SYSTEM\Software\Microsoft\TIP\AggregateResults, Target User Domain=DOMAIN_0001.LOCAL, Accesses=CreateKey, Rule Name=-, Account Security ID=S-1-5-21-0002, Share Name=N/A, Authentication Package=N/A, sysmon-processguid={b59a7af0-254d-6a63-90f7-010000000b00}, Logon Account Name=USER_0004, Realm=DOMAIN_0001.LOCAL, EventIDCode=12, Account ID=S-1-5-21-0002, Process Path=C:\WINDOWS\system32\svchost.exe, sysmon-utctime=2026-07-24 08:51:53.404, Status Code=N/A, Registry Value Name=AggregateResults, User Domain=DOMAIN_0001.LOCAL, Key Length=N/A, Target Username=USER_0004, Event ID=12, ProgramName=N/A, Registry Hive=HKLM, sysmon-eventtype=CreateKey, sysmon-user=USER_0002, Process GUID=N/A, Process ID=14304, sysmon-image=C:\WINDOWS\system32\svchost.exe, Machine Identifier=HOST_0022, Object Type=N/A, Target Account Security ID=S-1-5-21-0002, Device Name=HOST_0022}",false,MAC_0001,MAC_0002,[REDACTED_DUPLICATE_PAYLOAD],3,52869,0,12,false,0:0:0:0:0:0:0:0,N/A,0,N/A,8012,<13>Jul 24 15:51:56 10.0.0.10.Ptit AgentDevice=WindowsLog	AgentLogFile=Microsoft-Windows-Sysmon/Operational	PluginVersion=7.3.1.28	Source=Microsoft-Windows-Sysmon	Computer=AD01.ptit.edu.vn	OriginatingComputer=10.2.3.10	User=USER_0002	Domain=DOMAIN_0006.LOCAL	EventID=12	EventIDCode=12	EventType=4	EventCategory=12	RecordNumber=52952679	TimeGenerated=1784883113	TimeWritten=1784883113	Level=Informational	Keywords=0x8000000000000000	Task=SysmonTask-SYSMON_REG_KEY	Opcode=Info	Message=Registry object added or deleted: RuleName: - EventType: CreateKey UtcTime: 2026-07-24 08:51:53.404 ProcessGuid: {b59a7af0-254d-6a63-90f7-010000000b00} ProcessId: 14304 Image: C:\WINDOWS\system32\svchost.exe TargetObject: HKLM\SYSTEM\Software\Microsoft\TIP\AggregateResults,Successful Registry Modification,N/A,1,0,unknown,N/A,RegistryEvent (Object create and delete),unknown,0,null,1784883113000,255,0,false,0,"true""""",Microsoft-Windows-Sysmon/Operational,HOST_0004,"Registry key and value create and delete operations map to this event type, which can be useful for monitoring for changes to Registry autostart locations, or specific malware registry modifications.",0,1784883118467,No Offense,255,HOST_0023 @ 10.0.0.10,false,3,false,N/A,10.0.0.10,false,1784883178467,5,NETWORK_0009,68,12,0,1,-1,HOST_0004,[REDACTED_DUPLICATE_PAYLOAD],USER_0002,5001831,false,null,N/A,"15:51:58, 24 thg 7, 2026","15:51:53, 24 thg 7, 2026",MAC_0002,HOST_0024,630,0,false,10.0.0.10,0,N/A,10.0.0.3,5,"15:52:58, 24 thg 7, 2026",0:0:0:0:0:0:0:0,N/A,null,"100221,100265,109237,109187,100668,156193,100276,100272,123237,123937,134937,166353"
N/A,false,0,0,USER_0004,HOST_0021,"{sysmon-eventid=5, Description=N/A, Message=N/A, Pipe Name=N/A, sysmon-processid=12832, channel=Microsoft-Windows-Sysmon/Operational, Logon Account Domain=DOMAIN_0001.LOCAL, Object Name=N/A, Process Name=wsmprovhost.exe, Account Name=USER_0004, Logon Type=N/A, Target User Domain=DOMAIN_0001.LOCAL, Account Security ID=S-1-5-21-0002, Share Name=N/A, Authentication Package=N/A, sysmon-processguid={b59a7af0-2752-6a63-97f7-010000000b00}, Logon Account Name=USER_0004, Realm=DOMAIN_0001.LOCAL, EventIDCode=5, Account ID=S-1-5-21-0002, Process Path=C:\Windows\System32\wsmprovhost.exe, sysmon-utctime=2026-07-24 08:50:26.920, Status Code=N/A, User Domain=DOMAIN_0001.LOCAL, Key Length=N/A, Target Username=USER_0004, Event ID=5, ProgramName=N/A, sysmon-user=USER_0002, Process GUID=N/A, Process ID=12832, sysmon-image=C:\Windows\System32\wsmprovhost.exe, Machine Identifier=HOST_0022, Object Type=N/A, Target Account Security ID=S-1-5-21-0002, Device Name=HOST_0022}",false,MAC_0001,MAC_0002,[REDACTED_DUPLICATE_PAYLOAD],3,52869,0,12,false,0:0:0:0:0:0:0:0,N/A,0,N/A,8113,<13>Jul 24 15:50:29 10.0.0.10.Ptit AgentDevice=WindowsLog	AgentLogFile=Microsoft-Windows-Sysmon/Operational	PluginVersion=7.3.1.28	Source=Microsoft-Windows-Sysmon	Computer=AD01.ptit.edu.vn	OriginatingComputer=10.2.3.10	User=USER_0002	Domain=DOMAIN_0006.LOCAL	EventID=5	EventIDCode=5	EventType=4	EventCategory=5	RecordNumber=52952531	TimeGenerated=1784883026	TimeWritten=1784883026	Level=Informational	Keywords=0x8000000000000000	Task=SysmonTask-SYSMON_PROCESS_TERMINATE	Opcode=Info	Message=Process terminated: RuleName: - UtcTime: 2026-07-24 08:50:26.920 ProcessGuid: {b59a7af0-2752-6a63-97f7-010000000b00} ProcessId: 12832 Image: C:\Windows\System32\wsmprovhost.exe,Process Termination Success,N/A,1,0,unknown,N/A,Process terminated,unknown,0,null,1784883026000,255,0,false,0,"true""""",Microsoft-Windows-Sysmon/Operational,HOST_0004,The process terminate event reports when a process terminates.,0,1784883034560,No Offense,255,HOST_0023 @ 10.0.0.10,false,3,false,N/A,10.0.0.10,false,1784883034560,5,NETWORK_0009,68,5,0,2,-1,HOST_0004,[REDACTED_DUPLICATE_PAYLOAD],USER_0002,5001842,false,null,N/A,"15:50:34, 24 thg 7, 2026","15:50:26, 24 thg 7, 2026",MAC_0002,HOST_0024,630,0,false,10.0.0.10,0,N/A,10.0.0.3,1,"15:50:34, 24 thg 7, 2026",0:0:0:0:0:0:0:0,N/A,null,"100221,100265,109237,109187,100668,156193,100272,134937,166353"
N/A,false,0,0,USER_0004,HOST_0021,"{sysmon-eventid=7, Pipe Name=N/A, Signature Status=Unavailable, File Directory=C:\Windows\assembly\NativeImages_v4DOMAIN_0013.LOCAL\USER_0036#\43d6670eb9862f8121ada3dbde5632cb, sysmon-processid=12832, channel=Microsoft-Windows-Sysmon/Operational, Object Name=N/A, Account Name=USER_0004, Target User Domain=DOMAIN_0001.LOCAL, Logon Account Name=USER_0004, Product Description=.NET Framework, EventIDCode=7, sysmon-utctime=2026-07-24 08:50:26.877, Signed=false, MD5 Hash=F945AA8707C33B6FD5F4662ED7E1FB71, Filename=System.Configuration.Install.ni.dll, Key Length=N/A, ProgramName=N/A, Process GUID=N/A, SHA1 Hash=EDACE9F5BF69A3558B0C5CCF38EE0C871051B821, File Extension=N/A, Object Type=N/A, sysmon-hash=SHA1=EDACE9F5BF69A3558B0C5CCF38EE0C871051B821,MD5=F945AA8707C33B6FD5F4662ED7E1FB71,SHA256=0DB012F90FAEB65025079EFFA0E3B174760338678C9F4AFCA42BBD70CDB574F6,IMPHASH=00000000000000000000000000000000, SHA256 Hash=0DB012F90FAEB65025079EFFA0E3B174760338678C9F4AFCA42BBD70CDB574F6, File Path=C:\Windows\assembly\NativeImages_v4.0.30319_64\System.Confe64a9051#\43d6670eb9862f8121ada3dbde5632cb\System.Configuration.Install.ni.dll, Description=Description: .NET Framework Product, Message=N/A, sysmon-signaturestatus=Unavailable, Logon Account Domain=DOMAIN_0001.LOCAL, Process Name=wsmprovhost.exe, Logon Type=N/A, sysmon-signature=- , Image Loaded=C:\Windows\assembly\NativeImages_v4.0.30319_64\System.Confe64a9051#\43d6670eb9862f8121ada3dbde5632cb\System.Configuration.Install.ni.dll, Account Security ID=S-1-5-21-0002, Share Name=N/A, Authentication Package=N/A, sysmon-processguid={b59a7af0-2752-6a63-97f7-010000000b00}, Realm=DOMAIN_0001.LOCAL, Account ID=S-1-5-21-0002, Process Path=C:\Windows\System32\wsmprovhost.exe, sysmon-signed=false, Status Code=N/A, Product Name=Microsoft® .NET Framework, User Domain=DOMAIN_0001.LOCAL, Target Username=USER_0004, Event ID=7, Product Company=Microsoft Corporation, sysmon-user=USER_0002, sysmon-originalfilename=System.Configuration.Install.dll, Process ID=12832, Machine Identifier=HOST_0022, Signature=-, Target Account Security ID=S-1-5-21-0002, Device Name=HOST_0022, IMP Hash=00000000000000000000000000000000}",false,MAC_0001,MAC_0002,[REDACTED_DUPLICATE_PAYLOAD],3,52869,0,12,false,0:0:0:0:0:0:0:0,N/A,0,N/A,19247,"<13>Jul 24 15:50:29 10.0.0.10.Ptit AgentDevice=WindowsLog	AgentLogFile=Microsoft-Windows-Sysmon/Operational	PluginVersion=7.3.1.28	Source=Microsoft-Windows-Sysmon	Computer=AD01.ptit.edu.vn	OriginatingComputer=10.2.3.10	User=USER_0002	Domain=DOMAIN_0006.LOCAL	EventID=7	EventIDCode=7	EventType=4	EventCategory=7	RecordNumber=52952516	TimeGenerated=1784883026	TimeWritten=1784883026	Level=Informational	Keywords=0x8000000000000000	Task=SysmonTask-SYSMON_IMAGE_LOAD	Opcode=Info	Message=Image loaded: RuleName: - UtcTime: 2026-07-24 08:50:26.877 ProcessGuid: {b59a7af0-2752-6a63-97f7-010000000b00} ProcessId: 12832 Image: C:\Windows\System32\wsmprovhost.exe ImageLoaded: C:\Windows\assembly\NativeImages_v4DOMAIN_0013.LOCAL\USER_0036#\43d6670eb9862f8121ada3dbde5632cb\System.Configuration.Install.ni.dll FileVersion: 4.8.9032.0 built by: NET481REL1 Description: .NET Framework Product: Microsoft® .NET Framework Company: Microsoft Corporation OriginalFileName: System.Configuration.Install.dll Hashes: SHA1=EDACE9F5BF69A3558B0C5CCF38EE0C871051B821,MD5=F945AA8707C33B6FD5F4662ED7E1FB71,SHA256=0DB012F90FAEB65025079EFFA0E3B174760338678C9F4AFCA42BBD70CDB574F6,IMPHASH=00000000000000000000000000000000 Signed: false Signature: - SignatureStatus: Unavailable",Object Load Success,N/A,1,0,unknown,N/A,Image loaded,unknown,0,null,1784883026000,255,0,false,0,"true""""",Microsoft-Windows-Sysmon/Operational,HOST_0004,The image loaded event logs when a module is loaded in a specific process.,0,1784883034557,No Offense,255,HOST_0023 @ 10.0.0.10,false,3,false,N/A,10.0.0.10,false,1784883034557,5,NETWORK_0009,68,7,0,1,-1,HOST_0004,[REDACTED_DUPLICATE_PAYLOAD],USER_0002,5001844,false,null,N/A,"15:50:34, 24 thg 7, 2026","15:50:26, 24 thg 7, 2026",MAC_0002,HOST_0024,630,0,false,10.0.0.10,0,N/A,10.0.0.3,23,"15:50:34, 24 thg 7, 2026",0:0:0:0:0:0:0:0,N/A,null,"100221,100265,109237,109187,100668,156193,100272,100659,134937,166353"
N/A,false,0,0,USER_0004,HOST_0021,"{sysmon-eventid=11, Description=N/A, Message=N/A, Pipe Name=N/A, File Directory=C:\Users\USER_0029\AppData\Local\Temp, sysmon-processid=12832, channel=Microsoft-Windows-Sysmon/Operational, Logon Account Domain=DOMAIN_0001.LOCAL, Object Name=N/A, Process Name=wsmprovhost.exe, Account Name=USER_0004, Logon Type=N/A, Target User Domain=DOMAIN_0001.LOCAL, Account Security ID=S-1-5-21-0002, Share Name=N/A, Authentication Package=N/A, sysmon-processguid={b59a7af0-2752-6a63-97f7-010000000b00}, Logon Account Name=USER_0004, Realm=DOMAIN_0001.LOCAL, EventIDCode=11, Account ID=S-1-5-21-0002, Process Path=C:\WINDOWS\system32\wsmprovhost.exe, sysmon-creationutctime=2026-07-24 08:50:26.758, sysmon-utctime=2026-07-24 08:50:26.758, Status Code=N/A, Filename=__PSScriptPolicyTest_sxmgpsj5.z3f.psm1, User Domain=DOMAIN_0001.LOCAL, Key Length=N/A, Target Username=USER_0004, Event ID=11, ProgramName=N/A, sysmon-targetfilename=C:\Users\administrator.PTIT\AppData\Local\Temp\__PSScriptPolicyTest_sxmgpsj5.z3f.psm1, sysmon-user=USER_0002, Process GUID=N/A, Process ID=12832, Target File Directory=C:\Users\administrator.PTIT\AppData\Local\Temp\__PSScriptPolicyTest_sxmgpsj5.z3f.psm1, sysmon-image=C:\WINDOWS\system32\wsmprovhost.exe, File Extension=psm1, Machine Identifier=HOST_0022, Task Name=N/A, Object Type=N/A, Target Account Security ID=S-1-5-21-0002, Device Name=HOST_0022, File Path=C:\Users\administrator.PTIT\AppData\Local\Temp\__PSScriptPolicyTest_sxmgpsj5.z3f.psm1}",false,MAC_0001,MAC_0002,[REDACTED_DUPLICATE_PAYLOAD],6,52869,0,12,false,0:0:0:0:0:0:0:0,N/A,0,N/A,8028,<13>Jul 24 15:50:29 10.0.0.10.Ptit AgentDevice=WindowsLog	AgentLogFile=Microsoft-Windows-Sysmon/Operational	PluginVersion=7.3.1.28	Source=Microsoft-Windows-Sysmon	Computer=AD01.ptit.edu.vn	OriginatingComputer=10.2.3.10	User=USER_0002	Domain=DOMAIN_0006.LOCAL	EventID=11	EventIDCode=11	EventType=4	EventCategory=11	RecordNumber=52952353	TimeGenerated=1784883026	TimeWritten=1784883026	Level=Informational	Keywords=0x8000000000000000	Task=SysmonTask-SYSMON_FILE_CREATE	Opcode=Info	Message=File created: RuleName: - UtcTime: 2026-07-24 08:50:26.758 ProcessGuid: {b59a7af0-2752-6a63-97f7-010000000b00} ProcessId: 12832 Image: C:\WINDOWS\system32\wsmprovhost.exe TargetFilename: C:\Users\USER_0029\AppData\Local\Temp\__PSScriptPolicyTest_sxmgpsj5.z3f.psm1 CreationUtcTime: 2026-07-24 08:50:26.758,File Created,N/A,1,0,unknown,N/A,FileCreate,unknown,0,null,1784883026000,255,0,false,0,"true""""",Microsoft-Windows-Sysmon/Operational,HOST_0004,File create operations are logged when a file is created or overwritten.,0,1784883034557,No Offense,255,HOST_0023 @ 10.0.0.10,true,6,false,N/A,10.0.0.10,false,1784883034557,6,NETWORK_0009,68,11,0,6,-1,HOST_0004,[REDACTED_DUPLICATE_PAYLOAD],USER_0002,5001830,false,null,N/A,"15:50:34, 24 thg 7, 2026","15:50:26, 24 thg 7, 2026",MAC_0002,HOST_0024,630,0,false,10.0.0.10,0,N/A,10.0.0.3,1,"15:50:34, 24 thg 7, 2026",0:0:0:0:0:0:0:0,N/A,null,"100221,100265,109237,109187,100620,100668,156193,100276,100272,100764,123237,123937,134937,166353"
N/A,false,0,0,USER_0004,HOST_0021,"{sysmon-eventid=11, Description=N/A, Message=N/A, Pipe Name=N/A, File Directory=C:\Users\USER_0029\AppData\Local\Temp, sysmon-processid=12832, channel=Microsoft-Windows-Sysmon/Operational, Logon Account Domain=DOMAIN_0001.LOCAL, Object Name=N/A, Process Name=wsmprovhost.exe, Account Name=USER_0004, Logon Type=N/A, Target User Domain=DOMAIN_0001.LOCAL, Account Security ID=S-1-5-21-0002, Share Name=N/A, Authentication Package=N/A, sysmon-processguid={b59a7af0-2752-6a63-97f7-010000000b00}, Logon Account Name=USER_0004, Realm=DOMAIN_0001.LOCAL, EventIDCode=11, Account ID=S-1-5-21-0002, Process Path=C:\WINDOWS\system32\wsmprovhost.exe, sysmon-creationutctime=2026-07-24 08:50:26.758, sysmon-utctime=2026-07-24 08:50:26.758, Status Code=N/A, Filename=__PSScriptPolicyTest_jzwqdqy3.43l.ps1, User Domain=DOMAIN_0001.LOCAL, Key Length=N/A, Target Username=USER_0004, Event ID=11, ProgramName=N/A, sysmon-targetfilename=C:\Users\administrator.PTIT\AppData\Local\Temp\__PSScriptPolicyTest_jzwqdqy3.43l.ps1, sysmon-user=USER_0002, Process GUID=N/A, Process ID=12832, Target File Directory=C:\Users\administrator.PTIT\AppData\Local\Temp\__PSScriptPolicyTest_jzwqdqy3.43l.ps1, sysmon-image=C:\WINDOWS\system32\wsmprovhost.exe, File Extension=ps1, Machine Identifier=HOST_0022, Task Name=N/A, Object Type=N/A, Target Account Security ID=S-1-5-21-0002, Device Name=HOST_0022, File Path=C:\Users\administrator.PTIT\AppData\Local\Temp\__PSScriptPolicyTest_jzwqdqy3.43l.ps1}",false,MAC_0001,MAC_0002,[REDACTED_DUPLICATE_PAYLOAD],6,52869,0,12,false,0:0:0:0:0:0:0:0,N/A,0,N/A,8028,<13>Jul 24 15:50:29 10.0.0.10.Ptit AgentDevice=WindowsLog	AgentLogFile=Microsoft-Windows-Sysmon/Operational	PluginVersion=7.3.1.28	Source=Microsoft-Windows-Sysmon	Computer=AD01.ptit.edu.vn	OriginatingComputer=10.2.3.10	User=USER_0002	Domain=DOMAIN_0006.LOCAL	EventID=11	EventIDCode=11	EventType=4	EventCategory=11	RecordNumber=52952352	TimeGenerated=1784883026	TimeWritten=1784883026	Level=Informational	Keywords=0x8000000000000000	Task=SysmonTask-SYSMON_FILE_CREATE	Opcode=Info	Message=File created: RuleName: - UtcTime: 2026-07-24 08:50:26.758 ProcessGuid: {b59a7af0-2752-6a63-97f7-010000000b00} ProcessId: 12832 Image: C:\WINDOWS\system32\wsmprovhost.exe TargetFilename: C:\Users\USER_0029\AppData\Local\Temp\__PSScriptPolicyTest_jzwqdqy3.43l.ps1 CreationUtcTime: 2026-07-24 08:50:26.758,File Created,N/A,1,0,unknown,N/A,FileCreate,unknown,0,null,1784883026000,255,0,false,0,"true""""",Microsoft-Windows-Sysmon/Operational,HOST_0004,File create operations are logged when a file is created or overwritten.,0,1784883034557,No Offense,255,HOST_0023 @ 10.0.0.10,true,6,false,N/A,10.0.0.10,false,1784883034557,6,NETWORK_0009,68,11,0,6,-1,HOST_0004,[REDACTED_DUPLICATE_PAYLOAD],USER_0002,5001830,false,null,N/A,"15:50:34, 24 thg 7, 2026","15:50:26, 24 thg 7, 2026",MAC_0002,HOST_0024,630,0,false,10.0.0.10,0,N/A,10.0.0.3,1,"15:50:34, 24 thg 7, 2026",0:0:0:0:0:0:0:0,N/A,null,"100221,100265,109237,109187,100620,100668,156193,100276,100272,100764,123237,123937,134937,166353"
N/A,false,0,0,USER_0004,HOST_0021,"{sysmon-eventid=17, Description=N/A, Message=N/A, Pipe Name=PSHost.134293566266227581.12832.DefaultAppDomain.wsmprovhost, sysmon-processid=12832, channel=Microsoft-Windows-Sysmon/Operational, Logon Account Domain=DOMAIN_0001.LOCAL, Object Name=N/A, Process Name=wsmprovhost.exe, sysmon-pipename=\PSHost.134293566266227581.12832.DefaultAppDomain.wsmprovhost, Account Name=USER_0004, Logon Type=N/A, Target User Domain=DOMAIN_0001.LOCAL, Account Security ID=S-1-5-21-0002, Share Name=N/A, Authentication Package=N/A, sysmon-processguid={b59a7af0-2752-6a63-97f7-010000000b00}, Logon Account Name=USER_0004, Realm=DOMAIN_0001.LOCAL, EventIDCode=17, Account ID=S-1-5-21-0002, Process Path=C:\WINDOWS\system32\wsmprovhost.exe, sysmon-utctime=2026-07-24 08:50:26.783, Status Code=N/A, User Domain=DOMAIN_0001.LOCAL, Key Length=N/A, Target Username=USER_0004, Event ID=17, ProgramName=N/A, sysmon-user=USER_0002, Process GUID=N/A, Process ID=12832, sysmon-image=C:\WINDOWS\system32\wsmprovhost.exe, Machine Identifier=HOST_0022, Object Type=N/A, Target Account Security ID=S-1-5-21-0002, Device Name=HOST_0022}",false,MAC_0001,MAC_0002,[REDACTED_DUPLICATE_PAYLOAD],3,52869,0,12,false,0:0:0:0:0:0:0:0,N/A,0,N/A,19012,<13>Jul 24 15:50:29 10.0.0.10.Ptit AgentDevice=WindowsLog	AgentLogFile=Microsoft-Windows-Sysmon/Operational	PluginVersion=7.3.1.28	Source=Microsoft-Windows-Sysmon	Computer=AD01.ptit.edu.vn	OriginatingComputer=10.2.3.10	User=USER_0002	Domain=DOMAIN_0006.LOCAL	EventID=17	EventIDCode=17	EventType=4	EventCategory=17	RecordNumber=52952356	TimeGenerated=1784883026	TimeWritten=1784883026	Level=Informational	Keywords=0x8000000000000000	Task=SysmonTask-SYSMON_CREATE_NAMEDPIPE	Opcode=Info	Message=Pipe Created: RuleName: - EventType: CreatePipe UtcTime: 2026-07-24 08:50:26.783 ProcessGuid: {b59a7af0-2752-6a63-97f7-010000000b00} ProcessId: 12832 PipeName: \PSHost.134293566266227581.12832.DefaultAppDomain.wsmprovhost Image: C:\WINDOWS\system32\wsmprovhost.exe,Create Activity Succeeded,N/A,1,0,unknown,N/A,PipeEvent (Pipe Created),unknown,0,null,1784883026000,255,0,false,0,"true""""",Microsoft-Windows-Sysmon/Operational,HOST_0004,Named pipe created,0,1784883034557,No Offense,255,HOST_0023 @ 10.0.0.10,false,3,false,N/A,10.0.0.10,false,1784883034557,5,NETWORK_0009,68,17,0,1,-1,HOST_0004,[REDACTED_DUPLICATE_PAYLOAD],USER_0002,5001836,false,null,N/A,"15:50:34, 24 thg 7, 2026","15:50:26, 24 thg 7, 2026",MAC_0002,HOST_0024,630,0,false,10.0.0.10,0,N/A,10.0.0.3,1,"15:50:34, 24 thg 7, 2026",0:0:0:0:0:0:0:0,N/A,null,"100221,100737,100265,109237,109187,100668,156193,100272,134937,166353"
N/A,false,0,0,USER_0004,HOST_0021,"{sysmon-eventid=7, Pipe Name=N/A, Signature Status=Valid, File Directory=C:\Windows\System32, sysmon-processid=12832, channel=Microsoft-Windows-Sysmon/Operational, Object Name=N/A, Account Name=USER_0004, Target User Domain=DOMAIN_0001.LOCAL, Logon Account Name=USER_0004, Product Description=Microsoft® C Runtime Library, EventIDCode=7, sysmon-utctime=2026-07-24 08:50:26.686, Signed=true, MD5 Hash=006520D546D4E15378B11B1D269559E4, Filename=vcruntime140_clr0400.dll, Key Length=N/A, ProgramName=N/A, Process GUID=N/A, SHA1 Hash=2B5A4B93C98CF1CB8DD5E337F5EFDA83BB928A25, File Extension=dll, Object Type=N/A, sysmon-hash=SHA1=2B5A4B93C98CF1CB8DD5E337F5EFDA83BB928A25,MD5=006520D546D4E15378B11B1D269559E4,SHA256=7FC846ABD97D7112D6CD1973D5C9F250331A1413A57A1E1456AE55308CA843C0,IMPHASH=86E3224A57B98BECA76A3656422A23F6, SHA256 Hash=7FC846ABD97D7112D6CD1973D5C9F250331A1413A57A1E1456AE55308CA843C0, File Path=C:\Windows\System32\vcruntime140_clr0400.dll, Description=Description: Microsoft® C Runtime Library Product, Message=N/A, sysmon-signaturestatus=Valid, Logon Account Domain=DOMAIN_0001.LOCAL, Process Name=wsmprovhost.exe, Logon Type=N/A, sysmon-signature=Microsoft Corporation , Image Loaded=C:\Windows\System32\vcruntime140_clr0400.dll, Account Security ID=S-1-5-21-0002, Share Name=N/A, Authentication Package=N/A, sysmon-processguid={b59a7af0-2752-6a63-97f7-010000000b00}, Realm=DOMAIN_0001.LOCAL, Account ID=S-1-5-21-0002, Process Path=C:\Windows\System32\wsmprovhost.exe, sysmon-signed=true, Status Code=N/A, Product Name=Microsoft® Visual Studio®, User Domain=DOMAIN_0001.LOCAL, Target Username=USER_0004, Event ID=7, Product Company=Microsoft Corporation, sysmon-user=USER_0002, sysmon-originalfilename=vcruntime140_clr0400.dll, Process ID=12832, Machine Identifier=HOST_0022, Signature=Microsoft Corporation, Target Account Security ID=S-1-5-21-0002, Device Name=HOST_0022, IMP Hash=86E3224A57B98BECA76A3656422A23F6}",false,MAC_0001,MAC_0002,[REDACTED_DUPLICATE_PAYLOAD],3,52869,0,12,false,0:0:0:0:0:0:0:0,N/A,0,N/A,19247,"<13>Jul 24 15:50:29 10.0.0.10.Ptit AgentDevice=WindowsLog	AgentLogFile=Microsoft-Windows-Sysmon/Operational	PluginVersion=7.3.1.28	Source=Microsoft-Windows-Sysmon	Computer=AD01.ptit.edu.vn	OriginatingComputer=10.2.3.10	User=USER_0002	Domain=DOMAIN_0006.LOCAL	EventID=7	EventIDCode=7	EventType=4	EventCategory=7	RecordNumber=52952333	TimeGenerated=1784883026	TimeWritten=1784883026	Level=Informational	Keywords=0x8000000000000000	Task=SysmonTask-SYSMON_IMAGE_LOAD	Opcode=Info	Message=Image loaded: RuleName: - UtcTime: 2026-07-24 08:50:26.686 ProcessGuid: {b59a7af0-2752-6a63-97f7-010000000b00} ProcessId: 12832 Image: C:\Windows\System32\wsmprovhost.exe ImageLoaded: C:\Windows\System32\vcruntime140_clr0400.dll FileVersion: 14.32.31326.0 Description: Microsoft® C Runtime Library Product: Microsoft® Visual Studio® Company: Microsoft Corporation OriginalFileName: vcruntime140_clr0400.dll Hashes: SHA1=2B5A4B93C98CF1CB8DD5E337F5EFDA83BB928A25,MD5=006520D546D4E15378B11B1D269559E4,SHA256=7FC846ABD97D7112D6CD1973D5C9F250331A1413A57A1E1456AE55308CA843C0,IMPHASH=86E3224A57B98BECA76A3656422A23F6 Signed: true Signature: Microsoft Corporation SignatureStatus: Valid",Object Load Success,N/A,1,0,unknown,N/A,Image loaded,unknown,0,null,1784883026000,255,0,false,0,"true""""",Microsoft-Windows-Sysmon/Operational,HOST_0004,The image loaded event logs when a module is loaded in a specific process.,0,1784883034557,No Offense,255,HOST_0023 @ 10.0.0.10,false,3,false,N/A,10.0.0.10,false,1784883034557,5,NETWORK_0009,68,7,0,1,-1,HOST_0004,[REDACTED_DUPLICATE_PAYLOAD],USER_0002,5001844,false,null,N/A,"15:50:34, 24 thg 7, 2026","15:50:26, 24 thg 7, 2026",MAC_0002,HOST_0024,630,0,false,10.0.0.10,0,N/A,10.0.0.3,1,"15:50:34, 24 thg 7, 2026",0:0:0:0:0:0:0:0,N/A,null,"100221,100265,109237,109187,100668,156193,100272,134937,166353"
N/A,false,0,0,USER_0004,HOST_0021,"{sysmon-eventid=7, Pipe Name=N/A, Signature Status=Valid, File Directory=C:\Windows\System32, sysmon-processid=12832, channel=Microsoft-Windows-Sysmon/Operational, Object Name=N/A, Account Name=USER_0004, Target User Domain=DOMAIN_0001.LOCAL, Logon Account Name=USER_0004, Product Description=Microsoft® C Runtime Library, EventIDCode=7, sysmon-utctime=2026-07-24 08:50:26.692, Signed=true, MD5 Hash=14BC224C1040570FD58A452973B93591, Filename=ucrtbase_clr0400.dll, Key Length=N/A, ProgramName=N/A, Process GUID=N/A, SHA1 Hash=7B05CA87FA6DAB617DE5B79F6EEDBC4D34360A46, File Extension=dll, Object Type=N/A, sysmon-hash=SHA1=7B05CA87FA6DAB617DE5B79F6EEDBC4D34360A46,MD5=14BC224C1040570FD58A452973B93591,SHA256=F5189277B5AC83B754462F259188B0E876706CEC5A56BF6F5C35539F1D6510CD,IMPHASH=95C62E6C11D54D65EA2CCAC62EABE0F3, SHA256 Hash=F5189277B5AC83B754462F259188B0E876706CEC5A56BF6F5C35539F1D6510CD, File Path=C:\Windows\System32\ucrtbase_clr0400.dll, Description=Description: Microsoft® C Runtime Library Product, Message=N/A, sysmon-signaturestatus=Valid, Logon Account Domain=DOMAIN_0001.LOCAL, Process Name=wsmprovhost.exe, Logon Type=N/A, sysmon-signature=Microsoft Corporation , Image Loaded=C:\Windows\System32\ucrtbase_clr0400.dll, Account Security ID=S-1-5-21-0002, Share Name=N/A, Authentication Package=N/A, sysmon-processguid={b59a7af0-2752-6a63-97f7-010000000b00}, Realm=DOMAIN_0001.LOCAL, Account ID=S-1-5-21-0002, Process Path=C:\Windows\System32\wsmprovhost.exe, sysmon-signed=true, Status Code=N/A, Product Name=Microsoft® Visual Studio®, User Domain=DOMAIN_0001.LOCAL, Target Username=USER_0004, Event ID=7, Product Company=Microsoft Corporation, sysmon-user=USER_0002, sysmon-originalfilename=ucrtbase_clr0400.dll, Process ID=12832, Machine Identifier=HOST_0022, Signature=Microsoft Corporation, Target Account Security ID=S-1-5-21-0002, Device Name=HOST_0022, IMP Hash=95C62E6C11D54D65EA2CCAC62EABE0F3}",false,MAC_0001,MAC_0002,[REDACTED_DUPLICATE_PAYLOAD],3,52869,0,12,false,0:0:0:0:0:0:0:0,N/A,0,N/A,19247,"<13>Jul 24 15:50:29 10.0.0.10.Ptit AgentDevice=WindowsLog	AgentLogFile=Microsoft-Windows-Sysmon/Operational	PluginVersion=7.3.1.28	Source=Microsoft-Windows-Sysmon	Computer=AD01.ptit.edu.vn	OriginatingComputer=10.2.3.10	User=USER_0002	Domain=DOMAIN_0006.LOCAL	EventID=7	EventIDCode=7	EventType=4	EventCategory=7	RecordNumber=52952335	TimeGenerated=1784883026	TimeWritten=1784883026	Level=Informational	Keywords=0x8000000000000000	Task=SysmonTask-SYSMON_IMAGE_LOAD	Opcode=Info	Message=Image loaded: RuleName: - UtcTime: 2026-07-24 08:50:26.692 ProcessGuid: {b59a7af0-2752-6a63-97f7-010000000b00} ProcessId: 12832 Image: C:\Windows\System32\wsmprovhost.exe ImageLoaded: C:\Windows\System32\ucrtbase_clr0400.dll FileVersion: 14.32.31326.0 Description: Microsoft® C Runtime Library Product: Microsoft® Visual Studio® Company: Microsoft Corporation OriginalFileName: ucrtbase_clr0400.dll Hashes: SHA1=7B05CA87FA6DAB617DE5B79F6EEDBC4D34360A46,MD5=14BC224C1040570FD58A452973B93591,SHA256=F5189277B5AC83B754462F259188B0E876706CEC5A56BF6F5C35539F1D6510CD,IMPHASH=95C62E6C11D54D65EA2CCAC62EABE0F3 Signed: true Signature: Microsoft Corporation SignatureStatus: Valid",Object Load Success,N/A,1,0,unknown,N/A,Image loaded,unknown,0,null,1784883026000,255,0,false,0,"true""""",Microsoft-Windows-Sysmon/Operational,HOST_0004,The image loaded event logs when a module is loaded in a specific process.,0,1784883034557,No Offense,255,HOST_0023 @ 10.0.0.10,false,3,false,N/A,10.0.0.10,false,1784883034557,5,NETWORK_0009,68,7,0,1,-1,HOST_0004,[REDACTED_DUPLICATE_PAYLOAD],USER_0002,5001844,false,null,N/A,"15:50:34, 24 thg 7, 2026","15:50:26, 24 thg 7, 2026",MAC_0002,HOST_0024,630,0,false,10.0.0.10,0,N/A,10.0.0.3,1,"15:50:34, 24 thg 7, 2026",0:0:0:0:0:0:0:0,N/A,null,"100221,100265,109237,109187,100668,156193,100272,134937,166353"
N/A,false,0,0,USER_0004,HOST_0021,"{sysmon-eventid=7, Pipe Name=N/A, Signature Status=Valid, File Directory=C:\Windows\System32, sysmon-processid=12832, channel=Microsoft-Windows-Sysmon/Operational, Object Name=N/A, Account Name=USER_0004, Target User Domain=DOMAIN_0001.LOCAL, Logon Account Name=USER_0004, Product Description=Microsoft® C Runtime Library, EventIDCode=7, sysmon-utctime=2026-07-24 08:50:26.686, Signed=true, MD5 Hash=D700512821D0095DA8A9E7B6DA106BD9, Filename=vcruntime140_1_clr0400.dll, Key Length=N/A, ProgramName=N/A, Process GUID=N/A, SHA1 Hash=213ED334C610E589FCAAB65A8B5427EFFBB28AA3, File Extension=dll, Object Type=N/A, sysmon-hash=SHA1=213ED334C610E589FCAAB65A8B5427EFFBB28AA3,MD5=D700512821D0095DA8A9E7B6DA106BD9,SHA256=B25EC2AFFBEFC2B2009502F7445625DF9E8AEB16C3E56E4C816946049396C320,IMPHASH=24E88EFF41F99973F22FC9338EF664E9, SHA256 Hash=B25EC2AFFBEFC2B2009502F7445625DF9E8AEB16C3E56E4C816946049396C320, File Path=C:\Windows\System32\vcruntime140_1_clr0400.dll, Description=Description: Microsoft® C Runtime Library Product, Message=N/A, sysmon-signaturestatus=Valid, Logon Account Domain=DOMAIN_0001.LOCAL, Process Name=wsmprovhost.exe, Logon Type=N/A, sysmon-signature=Microsoft Corporation , Image Loaded=C:\Windows\System32\vcruntime140_1_clr0400.dll, Account Security ID=S-1-5-21-0002, Share Name=N/A, Authentication Package=N/A, sysmon-processguid={b59a7af0-2752-6a63-97f7-010000000b00}, Realm=DOMAIN_0001.LOCAL, Account ID=S-1-5-21-0002, Process Path=C:\Windows\System32\wsmprovhost.exe, sysmon-signed=true, Status Code=N/A, Product Name=Microsoft® Visual Studio®, User Domain=DOMAIN_0001.LOCAL, Target Username=USER_0004, Event ID=7, Product Company=Microsoft Corporation, sysmon-user=USER_0002, sysmon-originalfilename=vcruntime140_1_clr0400.dll, Process ID=12832, Machine Identifier=HOST_0022, Signature=Microsoft Corporation, Target Account Security ID=S-1-5-21-0002, Device Name=HOST_0022, IMP Hash=24E88EFF41F99973F22FC9338EF664E9}",false,MAC_0001,MAC_0002,[REDACTED_DUPLICATE_PAYLOAD],3,52869,0,12,false,0:0:0:0:0:0:0:0,N/A,0,N/A,19247,"<13>Jul 24 15:50:29 10.0.0.10.Ptit AgentDevice=WindowsLog	AgentLogFile=Microsoft-Windows-Sysmon/Operational	PluginVersion=7.3.1.28	Source=Microsoft-Windows-Sysmon	Computer=AD01.ptit.edu.vn	OriginatingComputer=10.2.3.10	User=USER_0002	Domain=DOMAIN_0006.LOCAL	EventID=7	EventIDCode=7	EventType=4	EventCategory=7	RecordNumber=52952334	TimeGenerated=1784883026	TimeWritten=1784883026	Level=Informational	Keywords=0x8000000000000000	Task=SysmonTask-SYSMON_IMAGE_LOAD	Opcode=Info	Message=Image loaded: RuleName: - UtcTime: 2026-07-24 08:50:26.686 ProcessGuid: {b59a7af0-2752-6a63-97f7-010000000b00} ProcessId: 12832 Image: C:\Windows\System32\wsmprovhost.exe ImageLoaded: C:\Windows\System32\vcruntime140_1_clr0400.dll FileVersion: 14.32.31326.0 Description: Microsoft® C Runtime Library Product: Microsoft® Visual Studio® Company: Microsoft Corporation OriginalFileName: vcruntime140_1_clr0400.dll Hashes: SHA1=213ED334C610E589FCAAB65A8B5427EFFBB28AA3,MD5=D700512821D0095DA8A9E7B6DA106BD9,SHA256=B25EC2AFFBEFC2B2009502F7445625DF9E8AEB16C3E56E4C816946049396C320,IMPHASH=24E88EFF41F99973F22FC9338EF664E9 Signed: true Signature: Microsoft Corporation SignatureStatus: Valid",Object Load Success,N/A,1,0,unknown,N/A,Image loaded,unknown,0,null,1784883026000,255,0,false,0,"true""""",Microsoft-Windows-Sysmon/Operational,HOST_0004,The image loaded event logs when a module is loaded in a specific process.,0,1784883034557,No Offense,255,HOST_0023 @ 10.0.0.10,false,3,false,N/A,10.0.0.10,false,1784883034557,5,NETWORK_0009,68,7,0,1,-1,HOST_0004,[REDACTED_DUPLICATE_PAYLOAD],USER_0002,5001844,false,null,N/A,"15:50:34, 24 thg 7, 2026","15:50:26, 24 thg 7, 2026",MAC_0002,HOST_0024,630,0,false,10.0.0.10,0,N/A,10.0.0.3,1,"15:50:34, 24 thg 7, 2026",0:0:0:0:0:0:0:0,N/A,null,"100221,100265,109237,109187,100668,156193,100272,134937,166353"
