dstPreNATIP,hasIdentityFlag,destinationPostNatPortDescription,destinationPort,identityUsername,logSourceIdentifier,customProps,srcPortInvalid,identityMAC,sourcMACAddress,payloadAsBase64,magnitude,deviceId,protocolConfigId,deviceType,dstPortInvalid,sourceV6Ip,identityGroupName,srcPreNATPort,srcPreNATIP,category,payloadAsUTF,categoryDescription,aDEAnomalyCount,deviceCategory,deviceEventId,pcapId,identityExtendedField,eventName,pcapIp,sourcePort,obfuscationProperties,deviceTime,protocol,sourcePreNatPortDescription,pcapEvent,dstPostNATPort,tLVProperties,qidEventCategory,identityNetBiosName,eventDescription,dstPreNATPort,startTime,offenseName,protocolName,deviceName,mPCEvent,relevance,logOnly,dstPostNATIP,srcIp,storedForPerformance,stopTime,credibility,domainName,domainID,qidEventId,sourcePostNatPortDescription,severity,offenseId,identityHostname,payloadAsHexOneLine,userName,qid,truncated,obfuscationNormalizedEventProperties,aDEAnomalyDescription,startDateTime,deviceDateTime,destinationMACAddress,eventCollectorName,eventCollectorId,srcPostNATPort,rawEvent,destIp,destinationPreNatPortDescription,osvbidsDesc,identityIpOfHost,eventCount,stopDateTime,destinationV6Ip,srcPostNATIP,identity,ruleIds
N/A,false,0,7001,USER_0004,10.0.0.18,"{sysmon-eventid=3, Pipe Name=N/A, sysmon-processid=28752, channel=Microsoft-Windows-Sysmon/Operational, sysmon-destinationportname=-, Object Name=N/A, sysmon-sourceportname=-, Initiated Connection=true, Account Name=USER_0004, Target User Domain=DOMAIN_0001.LOCAL, Destination Hostname=HOST_0037, Logon Account Name=USER_0004, sysmon-destinationhostname=HOST_0037, sysmon-destinationport=7001, EventIDCode=3, sysmon-utctime=2026-08-06 02:00:15.810, Source Hostname=HOST_0037, sysmon-protocol=tcp, Key Length=N/A, ProgramName=N/A, Process GUID=58617919-dc4e-6a65-5125-030000003202, Object Type=N/A, sysmon-initiated=true, Description=N/A, Message=N/A, sysmon-sourceip=10.0.0.18, Logon Account Domain=DOMAIN_0001.LOCAL, Process Name=ehcKySo.exe, Initiated=true, Logon Type=N/A, Account Security ID=S-1-5-21-0002, Share Name=N/A, Authentication Package=N/A, sysmon-processguid={58617919-dc4e-6a65-5125-030000003202}, Realm=DOMAIN_0001.LOCAL, Account ID=S-1-5-21-0002, Process Path=F:\EHC\ehcKySo DOMAIN_0064.LOCAL\USER_0290 DOMAIN_0064.LOCAL\USER_0291, Status Code=N/A, sysmon-destinationip=203.0.0.14, User Domain=DOMAIN_0001.LOCAL, Target Username=USER_0004, Event ID=3, sysmon-sourceport=51986, sysmon-user=USER_0002, Process ID=28752, sysmon-image=F:\EHC\ehcKySo 20260420\ehcKySo 20260420\ehcKySo.exe, Machine Identifier=HOST_0044, Target Account Security ID=S-1-5-21-0002, Device Name=HOST_0044}",false,MAC_0001,MAC_0002,[REDACTED_DUPLICATE_PAYLOAD],4,27862,0,12,false,0:0:0:0:0:0:0:0,N/A,0,N/A,4012,<13>Aug 06 09:01:16 10.0.0.18 AgentDevice=WindowsLog	AgentLogFile=Microsoft-Windows-Sysmon/Operational	PluginVersion=7.3.1.28	Source=Microsoft-Windows-Sysmon	Computer=DESKTOP-KVVN1C6	OriginatingComputer=DESKTOP-KVVN1C6	User=USER_0002	Domain=DOMAIN_0006.LOCAL	EventID=3	EventIDCode=3	EventType=4	EventCategory=3	RecordNumber=910750344	TimeGenerated=1785981674	TimeWritten=1785981674	Level=Informational	Keywords=0x8000000000000000	Task=SysmonTask-SYSMON_NETWORK_CONNECT	Opcode=Info	Message=Network connection detected: RuleName: - UtcTime: 2026-08-06 02:00:15.810 ProcessGuid: {58617919-dc4e-6a65-5125-030000003202} ProcessId: 28752 Image: F:\EHC\ehcKySo DOMAIN_0064.LOCAL\USER_0290 DOMAIN_0064.LOCAL\USER_0291 User: DOMAIN_0065.LOCAL\USER_0292 Protocol: tcp Initiated: true SourceIsIpv6: false SourceIp: 10.0.0.18 SourceHostname: - SourcePort: 51986 SourcePortName: - DestinationIsIpv6: false DestinationIp: 203.0.0.14 DestinationHostname: - DestinationPort: 7001 DestinationPortName: - ,ACL Permit,N/A,1,0,unknown,N/A,Network connection detected,unknown,51986,null,1785981674000,255,0,false,0,"true""""",Microsoft-Windows-Sysmon/Operational,HOST_0004,The network connection event logs TCP/UDP connections on the machine.,0,1785981679914,No Offense,255,HOST_0045 @ 10.0.0.18,false,8,false,N/A,10.0.0.18,false,1785981679914,5,NETWORK_0011,43,3,0,0,-1,HOST_0004,[REDACTED_DUPLICATE_PAYLOAD],USER_0002,5001840,false,null,N/A,"09:01:19, 6 thg 8, 2026","09:01:14, 6 thg 8, 2026",MAC_0002,HOST_0046,482,0,false,203.0.0.14,0,N/A,10.0.0.3,8,"09:01:19, 6 thg 8, 2026",0:0:0:0:0:0:0:0,N/A,null,"100221,100265,100216,109237,109187,100103,156193,100272,100683,134937"
N/A,false,0,443,USER_0004,10.0.0.18,"{sysmon-eventid=3, Pipe Name=N/A, sysmon-processid=7764, channel=Microsoft-Windows-Sysmon/Operational, sysmon-destinationportname=-, Object Name=N/A, sysmon-sourceportname=-, Initiated Connection=true, Account Name=USER_0004, Target User Domain=DOMAIN_0001.LOCAL, Destination Hostname=HOST_0037, Logon Account Name=USER_0004, sysmon-destinationhostname=HOST_0037, sysmon-destinationport=443, EventIDCode=3, sysmon-utctime=2026-08-06 02:00:06.734, Source Hostname=HOST_0037, sysmon-protocol=tcp, Key Length=N/A, ProgramName=N/A, Process GUID=58617919-888d-6a22-7f34-000000003202, Object Type=N/A, sysmon-initiated=true, Description=N/A, Message=N/A, sysmon-sourceip=10.0.0.18, Logon Account Domain=DOMAIN_0001.LOCAL, Process Name=chrome.exe, Initiated=true, Logon Type=N/A, Account Security ID=S-1-5-21-0002, Share Name=N/A, Authentication Package=N/A, sysmon-processguid={58617919-888d-6a22-7f34-000000003202}, Realm=DOMAIN_0001.LOCAL, Account ID=S-1-5-21-0002, Process Path=C:\Program Files (x86)\Google\Chrome\Application\chrome.exe, Status Code=N/A, sysmon-destinationip=203.0.0.15, User Domain=DOMAIN_0001.LOCAL, Target Username=USER_0004, Event ID=3, sysmon-sourceport=51976, sysmon-user=USER_0002, Process ID=7764, sysmon-image=C:\Program Files (x86)\Google\Chrome\Application\chrome.exe, Machine Identifier=HOST_0044, Target Account Security ID=S-1-5-21-0002, Device Name=HOST_0044}",false,MAC_0001,MAC_0002,[REDACTED_DUPLICATE_PAYLOAD],4,27862,0,12,false,0:0:0:0:0:0:0:0,N/A,0,N/A,4012,<13>Aug 06 09:01:07 10.0.0.18 AgentDevice=WindowsLog	AgentLogFile=Microsoft-Windows-Sysmon/Operational	PluginVersion=7.3.1.28	Source=Microsoft-Windows-Sysmon	Computer=DESKTOP-KVVN1C6	OriginatingComputer=DESKTOP-KVVN1C6	User=USER_0002	Domain=DOMAIN_0006.LOCAL	EventID=3	EventIDCode=3	EventType=4	EventCategory=3	RecordNumber=910750139	TimeGenerated=1785981665	TimeWritten=1785981665	Level=Informational	Keywords=0x8000000000000000	Task=SysmonTask-SYSMON_NETWORK_CONNECT	Opcode=Info	Message=Network connection detected: RuleName: - UtcTime: 2026-08-06 02:00:06.734 ProcessGuid: {58617919-888d-6a22-7f34-000000003202} ProcessId: 7764 Image: C:\Program Files (x86)\Google\Chrome\Application\chrome.exe User: DOMAIN_0065.LOCAL\USER_0292 Protocol: tcp Initiated: true SourceIsIpv6: false SourceIp: 10.0.0.18 SourceHostname: - SourcePort: 51976 SourcePortName: - DestinationIsIpv6: false DestinationIp: 203.0.0.15 DestinationHostname: - DestinationPort: 443 DestinationPortName: - ,ACL Permit,N/A,1,0,unknown,N/A,Network connection detected,unknown,51976,null,1785981665000,255,0,false,0,"true""""",Microsoft-Windows-Sysmon/Operational,HOST_0004,The network connection event logs TCP/UDP connections on the machine.,0,1785981679914,No Offense,255,HOST_0045 @ 10.0.0.18,false,8,false,N/A,10.0.0.18,false,1785981679914,5,NETWORK_0011,43,3,0,0,-1,HOST_0004,[REDACTED_DUPLICATE_PAYLOAD],USER_0002,5001840,false,null,N/A,"09:01:19, 6 thg 8, 2026","09:01:05, 6 thg 8, 2026",MAC_0002,HOST_0046,482,0,false,203.0.0.15,0,N/A,10.0.0.3,1,"09:01:19, 6 thg 8, 2026",0:0:0:0:0:0:0:0,N/A,null,"100030,100221,100265,100216,109237,109187,100103,156193,100297,100272,100683,134937"
N/A,false,0,443,USER_0004,10.0.0.18,"{sysmon-eventid=3, Pipe Name=N/A, sysmon-processid=7764, channel=Microsoft-Windows-Sysmon/Operational, sysmon-destinationportname=-, Object Name=N/A, sysmon-sourceportname=-, Initiated Connection=true, Account Name=USER_0004, Target User Domain=DOMAIN_0001.LOCAL, Destination Hostname=HOST_0037, Logon Account Name=USER_0004, sysmon-destinationhostname=HOST_0037, sysmon-destinationport=443, EventIDCode=3, sysmon-utctime=2026-08-06 02:00:06.968, Source Hostname=HOST_0037, sysmon-protocol=tcp, Key Length=N/A, ProgramName=N/A, Process GUID=58617919-888d-6a22-7f34-000000003202, Object Type=N/A, sysmon-initiated=true, Description=N/A, Message=N/A, sysmon-sourceip=10.0.0.18, Logon Account Domain=DOMAIN_0001.LOCAL, Process Name=chrome.exe, Initiated=true, Logon Type=N/A, Account Security ID=S-1-5-21-0002, Share Name=N/A, Authentication Package=N/A, sysmon-processguid={58617919-888d-6a22-7f34-000000003202}, Realm=DOMAIN_0001.LOCAL, Account ID=S-1-5-21-0002, Process Path=C:\Program Files (x86)\Google\Chrome\Application\chrome.exe, Status Code=N/A, sysmon-destinationip=203.0.0.16, User Domain=DOMAIN_0001.LOCAL, Target Username=USER_0004, Event ID=3, sysmon-sourceport=51977, sysmon-user=USER_0002, Process ID=7764, sysmon-image=C:\Program Files (x86)\Google\Chrome\Application\chrome.exe, Machine Identifier=HOST_0044, Target Account Security ID=S-1-5-21-0002, Device Name=HOST_0044}",false,MAC_0001,MAC_0002,[REDACTED_DUPLICATE_PAYLOAD],4,27862,0,12,false,0:0:0:0:0:0:0:0,N/A,0,N/A,4012,<13>Aug 06 09:01:07 10.0.0.18 AgentDevice=WindowsLog	AgentLogFile=Microsoft-Windows-Sysmon/Operational	PluginVersion=7.3.1.28	Source=Microsoft-Windows-Sysmon	Computer=DESKTOP-KVVN1C6	OriginatingComputer=DESKTOP-KVVN1C6	User=USER_0002	Domain=DOMAIN_0006.LOCAL	EventID=3	EventIDCode=3	EventType=4	EventCategory=3	RecordNumber=910750191	TimeGenerated=1785981666	TimeWritten=1785981666	Level=Informational	Keywords=0x8000000000000000	Task=SysmonTask-SYSMON_NETWORK_CONNECT	Opcode=Info	Message=Network connection detected: RuleName: - UtcTime: 2026-08-06 02:00:06.968 ProcessGuid: {58617919-888d-6a22-7f34-000000003202} ProcessId: 7764 Image: C:\Program Files (x86)\Google\Chrome\Application\chrome.exe User: DOMAIN_0065.LOCAL\USER_0292 Protocol: tcp Initiated: true SourceIsIpv6: false SourceIp: 10.0.0.18 SourceHostname: - SourcePort: 51977 SourcePortName: - DestinationIsIpv6: false DestinationIp: 203.0.0.16 DestinationHostname: - DestinationPort: 443 DestinationPortName: - ,ACL Permit,N/A,1,0,unknown,N/A,Network connection detected,unknown,51977,null,1785981666000,255,0,false,0,"true""""",Microsoft-Windows-Sysmon/Operational,HOST_0004,The network connection event logs TCP/UDP connections on the machine.,0,1785981679914,No Offense,255,HOST_0045 @ 10.0.0.18,false,8,false,N/A,10.0.0.18,false,1785981679914,5,NETWORK_0011,43,3,0,0,-1,HOST_0004,[REDACTED_DUPLICATE_PAYLOAD],USER_0002,5001840,false,null,N/A,"09:01:19, 6 thg 8, 2026","09:01:06, 6 thg 8, 2026",MAC_0002,HOST_0046,482,0,false,203.0.0.16,0,N/A,10.0.0.3,1,"09:01:19, 6 thg 8, 2026",0:0:0:0:0:0:0:0,N/A,null,"100030,100221,100265,100216,109237,109187,100103,156193,100297,100272,100683,134937"
N/A,false,0,443,USER_0004,10.0.0.18,"{sysmon-eventid=3, Pipe Name=N/A, sysmon-processid=41004, channel=Microsoft-Windows-Sysmon/Operational, sysmon-destinationportname=-, Object Name=N/A, sysmon-sourceportname=-, Initiated Connection=true, Account Name=USER_0004, Target User Domain=DOMAIN_0001.LOCAL, Destination Hostname=HOST_0037, Logon Account Name=USER_0004, sysmon-destinationhostname=HOST_0037, sysmon-destinationport=443, EventIDCode=3, sysmon-utctime=2026-08-06 02:00:06.777, Source Hostname=HOST_0037, sysmon-protocol=tcp, Key Length=N/A, ProgramName=N/A, Process GUID=58617919-eaa1-6a73-6bc4-030000003202, Object Type=N/A, sysmon-initiated=true, Description=N/A, Message=N/A, sysmon-sourceip=10.0.0.18, Logon Account Domain=DOMAIN_0001.LOCAL, Process Name=powershell.exe, Initiated=true, Logon Type=N/A, Account Security ID=S-1-5-21-0002, Share Name=N/A, Authentication Package=N/A, sysmon-processguid={58617919-eaa1-6a73-6bc4-030000003202}, Realm=DOMAIN_0001.LOCAL, Account ID=S-1-5-21-0002, Process Path=C:\Windows\System32\WindowsPowerShell\v1DOMAIN_0056.LOCAL\USER_0244, Status Code=N/A, sysmon-destinationip=203.0.0.13, User Domain=DOMAIN_0001.LOCAL, Target Username=USER_0004, Event ID=3, sysmon-sourceport=51975, sysmon-user=USER_0002, Process ID=41004, sysmon-image=C:\Windows\System32\WindowsPowerShell\v1.0\powershell.exe, Machine Identifier=HOST_0044, Target Account Security ID=S-1-5-21-0002, Device Name=HOST_0044}",false,MAC_0001,MAC_0002,[REDACTED_DUPLICATE_PAYLOAD],4,27862,0,12,false,0:0:0:0:0:0:0:0,N/A,0,N/A,4012,<13>Aug 06 09:01:07 10.0.0.18 AgentDevice=WindowsLog	AgentLogFile=Microsoft-Windows-Sysmon/Operational	PluginVersion=7.3.1.28	Source=Microsoft-Windows-Sysmon	Computer=DESKTOP-KVVN1C6	OriginatingComputer=DESKTOP-KVVN1C6	User=USER_0002	Domain=DOMAIN_0006.LOCAL	EventID=3	EventIDCode=3	EventType=4	EventCategory=3	RecordNumber=910750140	TimeGenerated=1785981665	TimeWritten=1785981665	Level=Informational	Keywords=0x8000000000000000	Task=SysmonTask-SYSMON_NETWORK_CONNECT	Opcode=Info	Message=Network connection detected: RuleName: - UtcTime: 2026-08-06 02:00:06.777 ProcessGuid: {58617919-eaa1-6a73-6bc4-030000003202} ProcessId: 41004 Image: C:\Windows\System32\WindowsPowerShell\v1DOMAIN_0056.LOCAL\USER_0244 User: DOMAIN_0065.LOCAL\USER_0292 Protocol: tcp Initiated: true SourceIsIpv6: false SourceIp: 10.0.0.18 SourceHostname: - SourcePort: 51975 SourcePortName: - DestinationIsIpv6: false DestinationIp: 203.0.0.13 DestinationHostname: - DestinationPort: 443 DestinationPortName: - ,ACL Permit,N/A,1,0,unknown,N/A,Network connection detected,unknown,51975,null,1785981665000,255,0,false,0,"true""""",Microsoft-Windows-Sysmon/Operational,HOST_0004,The network connection event logs TCP/UDP connections on the machine.,0,1785981679914,No Offense,255,HOST_0045 @ 10.0.0.18,true,8,false,N/A,10.0.0.18,false,1785981679914,5,NETWORK_0011,43,3,0,0,-1,HOST_0004,[REDACTED_DUPLICATE_PAYLOAD],USER_0002,5001840,false,null,N/A,"09:01:19, 6 thg 8, 2026","09:01:05, 6 thg 8, 2026",MAC_0002,HOST_0046,482,0,false,203.0.0.13,0,N/A,10.0.0.3,1,"09:01:19, 6 thg 8, 2026",0:0:0:0:0:0:0:0,N/A,null,"100030,100221,100265,100216,109237,109187,100668,100103,156193,100297,100272,100677,100683,100707,134937"
N/A,false,0,53,USER_0004,10.0.0.18,"{sysmon-eventid=3, Pipe Name=N/A, sysmon-processid=7764, channel=Microsoft-Windows-Sysmon/Operational, sysmon-destinationportname=-, Object Name=N/A, sysmon-sourceportname=-, Initiated Connection=true, Account Name=USER_0004, Target User Domain=DOMAIN_0001.LOCAL, Destination Hostname=HOST_0037, Logon Account Name=USER_0004, sysmon-destinationhostname=HOST_0037, sysmon-destinationport=53, EventIDCode=3, sysmon-utctime=2026-08-06 02:00:06.696, Source Hostname=HOST_0037, sysmon-protocol=udp, Key Length=N/A, ProgramName=N/A, Process GUID=58617919-888d-6a22-7f34-000000003202, Object Type=N/A, sysmon-initiated=true, Description=N/A, Message=N/A, sysmon-sourceip=10.0.0.18, Logon Account Domain=DOMAIN_0001.LOCAL, Process Name=chrome.exe, Initiated=true, Logon Type=N/A, Account Security ID=S-1-5-21-0002, Share Name=N/A, Authentication Package=N/A, sysmon-processguid={58617919-888d-6a22-7f34-000000003202}, Realm=DOMAIN_0001.LOCAL, Account ID=S-1-5-21-0002, Process Path=C:\Program Files (x86)\Google\Chrome\Application\chrome.exe, Status Code=N/A, sysmon-destinationip=203.0.0.17, User Domain=DOMAIN_0001.LOCAL, Target Username=USER_0004, Event ID=3, sysmon-sourceport=60259, sysmon-user=USER_0002, Process ID=7764, sysmon-image=C:\Program Files (x86)\Google\Chrome\Application\chrome.exe, Machine Identifier=HOST_0044, Target Account Security ID=S-1-5-21-0002, Device Name=HOST_0044}",false,MAC_0001,MAC_0002,[REDACTED_DUPLICATE_PAYLOAD],4,27862,0,12,false,0:0:0:0:0:0:0:0,N/A,0,N/A,4012,<13>Aug 06 09:01:07 10.0.0.18 AgentDevice=WindowsLog	AgentLogFile=Microsoft-Windows-Sysmon/Operational	PluginVersion=7.3.1.28	Source=Microsoft-Windows-Sysmon	Computer=DESKTOP-KVVN1C6	OriginatingComputer=DESKTOP-KVVN1C6	User=USER_0002	Domain=DOMAIN_0006.LOCAL	EventID=3	EventIDCode=3	EventType=4	EventCategory=3	RecordNumber=910750138	TimeGenerated=1785981665	TimeWritten=1785981665	Level=Informational	Keywords=0x8000000000000000	Task=SysmonTask-SYSMON_NETWORK_CONNECT	Opcode=Info	Message=Network connection detected: RuleName: - UtcTime: 2026-08-06 02:00:06.696 ProcessGuid: {58617919-888d-6a22-7f34-000000003202} ProcessId: 7764 Image: C:\Program Files (x86)\Google\Chrome\Application\chrome.exe User: DOMAIN_0065.LOCAL\USER_0292 Protocol: udp Initiated: true SourceIsIpv6: false SourceIp: 10.0.0.18 SourceHostname: - SourcePort: 60259 SourcePortName: - DestinationIsIpv6: false DestinationIp: 203.0.0.17 DestinationHostname: - DestinationPort: 53 DestinationPortName: - ,ACL Permit,N/A,1,0,unknown,N/A,Network connection detected,unknown,60259,null,1785981665000,255,0,false,0,"true""""",Microsoft-Windows-Sysmon/Operational,HOST_0004,The network connection event logs TCP/UDP connections on the machine.,0,1785981679914,No Offense,255,HOST_0045 @ 10.0.0.18,false,8,false,N/A,10.0.0.18,false,1785981679914,5,NETWORK_0011,43,3,0,0,-1,HOST_0004,[REDACTED_DUPLICATE_PAYLOAD],USER_0002,5001840,false,null,N/A,"09:01:19, 6 thg 8, 2026","09:01:05, 6 thg 8, 2026",MAC_0002,HOST_0046,482,0,false,203.0.0.17,0,N/A,10.0.0.3,1,"09:01:19, 6 thg 8, 2026",0:0:0:0:0:0:0:0,N/A,null,"100013,100221,100265,100216,109237,109187,100103,156193,100297,100272,100683,134937"
N/A,false,0,443,USER_0004,10.0.0.18,"{sysmon-eventid=3, Pipe Name=N/A, sysmon-processid=7764, channel=Microsoft-Windows-Sysmon/Operational, sysmon-destinationportname=-, Object Name=N/A, sysmon-sourceportname=-, Initiated Connection=true, Account Name=USER_0004, Target User Domain=DOMAIN_0001.LOCAL, Destination Hostname=HOST_0037, Logon Account Name=USER_0004, sysmon-destinationhostname=HOST_0037, sysmon-destinationport=443, EventIDCode=3, sysmon-utctime=2026-08-06 02:00:06.813, Source Hostname=HOST_0037, sysmon-protocol=udp, Key Length=N/A, ProgramName=N/A, Process GUID=58617919-888d-6a22-7f34-000000003202, Object Type=N/A, sysmon-initiated=true, Description=N/A, Message=N/A, sysmon-sourceip=10.0.0.18, Logon Account Domain=DOMAIN_0001.LOCAL, Process Name=chrome.exe, Initiated=true, Logon Type=N/A, Account Security ID=S-1-5-21-0002, Share Name=N/A, Authentication Package=N/A, sysmon-processguid={58617919-888d-6a22-7f34-000000003202}, Realm=DOMAIN_0001.LOCAL, Account ID=S-1-5-21-0002, Process Path=C:\Program Files (x86)\Google\Chrome\Application\chrome.exe, Status Code=N/A, sysmon-destinationip=203.0.0.16, User Domain=DOMAIN_0001.LOCAL, Target Username=USER_0004, Event ID=3, sysmon-sourceport=59843, sysmon-user=USER_0002, Process ID=7764, sysmon-image=C:\Program Files (x86)\Google\Chrome\Application\chrome.exe, Machine Identifier=HOST_0044, Target Account Security ID=S-1-5-21-0002, Device Name=HOST_0044}",false,MAC_0001,MAC_0002,[REDACTED_DUPLICATE_PAYLOAD],4,27862,0,12,false,0:0:0:0:0:0:0:0,N/A,0,N/A,4012,<13>Aug 06 09:01:07 10.0.0.18 AgentDevice=WindowsLog	AgentLogFile=Microsoft-Windows-Sysmon/Operational	PluginVersion=7.3.1.28	Source=Microsoft-Windows-Sysmon	Computer=DESKTOP-KVVN1C6	OriginatingComputer=DESKTOP-KVVN1C6	User=USER_0002	Domain=DOMAIN_0006.LOCAL	EventID=3	EventIDCode=3	EventType=4	EventCategory=3	RecordNumber=910750141	TimeGenerated=1785981665	TimeWritten=1785981665	Level=Informational	Keywords=0x8000000000000000	Task=SysmonTask-SYSMON_NETWORK_CONNECT	Opcode=Info	Message=Network connection detected: RuleName: - UtcTime: 2026-08-06 02:00:06.813 ProcessGuid: {58617919-888d-6a22-7f34-000000003202} ProcessId: 7764 Image: C:\Program Files (x86)\Google\Chrome\Application\chrome.exe User: DOMAIN_0065.LOCAL\USER_0292 Protocol: udp Initiated: true SourceIsIpv6: false SourceIp: 10.0.0.18 SourceHostname: - SourcePort: 59843 SourcePortName: - DestinationIsIpv6: false DestinationIp: 203.0.0.16 DestinationHostname: - DestinationPort: 443 DestinationPortName: - ,ACL Permit,N/A,1,0,unknown,N/A,Network connection detected,unknown,59843,null,1785981665000,255,0,false,0,"true""""",Microsoft-Windows-Sysmon/Operational,HOST_0004,The network connection event logs TCP/UDP connections on the machine.,0,1785981679914,No Offense,255,HOST_0045 @ 10.0.0.18,false,8,false,N/A,10.0.0.18,false,1785981679914,5,NETWORK_0011,43,3,0,0,-1,HOST_0004,[REDACTED_DUPLICATE_PAYLOAD],USER_0002,5001840,false,null,N/A,"09:01:19, 6 thg 8, 2026","09:01:05, 6 thg 8, 2026",MAC_0002,HOST_0046,482,0,false,203.0.0.16,0,N/A,10.0.0.3,1,"09:01:19, 6 thg 8, 2026",0:0:0:0:0:0:0:0,N/A,null,"100030,100221,100265,100216,109237,109187,100103,156193,100297,100272,100683,134937"
N/A,false,0,7001,USER_0004,10.0.0.18,"{sysmon-eventid=3, Pipe Name=N/A, sysmon-processid=28752, channel=Microsoft-Windows-Sysmon/Operational, sysmon-destinationportname=-, Object Name=N/A, sysmon-sourceportname=-, Initiated Connection=true, Account Name=USER_0004, Target User Domain=DOMAIN_0001.LOCAL, Destination Hostname=HOST_0037, Logon Account Name=USER_0004, sysmon-destinationhostname=HOST_0037, sysmon-destinationport=7001, EventIDCode=3, sysmon-utctime=2026-08-06 02:00:04.054, Source Hostname=HOST_0037, sysmon-protocol=tcp, Key Length=N/A, ProgramName=N/A, Process GUID=58617919-dc4e-6a65-5125-030000003202, Object Type=N/A, sysmon-initiated=true, Description=N/A, Message=N/A, sysmon-sourceip=10.0.0.18, Logon Account Domain=DOMAIN_0001.LOCAL, Process Name=ehcKySo.exe, Initiated=true, Logon Type=N/A, Account Security ID=S-1-5-21-0002, Share Name=N/A, Authentication Package=N/A, sysmon-processguid={58617919-dc4e-6a65-5125-030000003202}, Realm=DOMAIN_0001.LOCAL, Account ID=S-1-5-21-0002, Process Path=F:\EHC\ehcKySo DOMAIN_0064.LOCAL\USER_0290 DOMAIN_0064.LOCAL\USER_0291, Status Code=N/A, sysmon-destinationip=203.0.0.14, User Domain=DOMAIN_0001.LOCAL, Target Username=USER_0004, Event ID=3, sysmon-sourceport=51974, sysmon-user=USER_0002, Process ID=28752, sysmon-image=F:\EHC\ehcKySo 20260420\ehcKySo 20260420\ehcKySo.exe, Machine Identifier=HOST_0044, Target Account Security ID=S-1-5-21-0002, Device Name=HOST_0044}",false,MAC_0001,MAC_0002,[REDACTED_DUPLICATE_PAYLOAD],4,27862,0,12,false,0:0:0:0:0:0:0:0,N/A,0,N/A,4012,<13>Aug 06 09:01:04 10.0.0.18 AgentDevice=WindowsLog	AgentLogFile=Microsoft-Windows-Sysmon/Operational	PluginVersion=7.3.1.28	Source=Microsoft-Windows-Sysmon	Computer=DESKTOP-KVVN1C6	OriginatingComputer=DESKTOP-KVVN1C6	User=USER_0002	Domain=DOMAIN_0006.LOCAL	EventID=3	EventIDCode=3	EventType=4	EventCategory=3	RecordNumber=910750087	TimeGenerated=1785981663	TimeWritten=1785981663	Level=Informational	Keywords=0x8000000000000000	Task=SysmonTask-SYSMON_NETWORK_CONNECT	Opcode=Info	Message=Network connection detected: RuleName: - UtcTime: 2026-08-06 02:00:04.054 ProcessGuid: {58617919-dc4e-6a65-5125-030000003202} ProcessId: 28752 Image: F:\EHC\ehcKySo DOMAIN_0064.LOCAL\USER_0290 DOMAIN_0064.LOCAL\USER_0291 User: DOMAIN_0065.LOCAL\USER_0292 Protocol: tcp Initiated: true SourceIsIpv6: false SourceIp: 10.0.0.18 SourceHostname: - SourcePort: 51974 SourcePortName: - DestinationIsIpv6: false DestinationIp: 203.0.0.14 DestinationHostname: - DestinationPort: 7001 DestinationPortName: - ,ACL Permit,N/A,1,0,unknown,N/A,Network connection detected,unknown,51974,null,1785981663000,255,0,false,0,"true""""",Microsoft-Windows-Sysmon/Operational,HOST_0004,The network connection event logs TCP/UDP connections on the machine.,0,1785981669086,No Offense,255,HOST_0045 @ 10.0.0.18,false,8,false,N/A,10.0.0.18,false,1785981669086,5,NETWORK_0011,43,3,0,0,-1,HOST_0004,[REDACTED_DUPLICATE_PAYLOAD],USER_0002,5001840,false,null,N/A,"09:01:09, 6 thg 8, 2026","09:01:03, 6 thg 8, 2026",MAC_0002,HOST_0046,482,0,false,203.0.0.14,0,N/A,10.0.0.3,1,"09:01:09, 6 thg 8, 2026",0:0:0:0:0:0:0:0,N/A,null,"100221,100265,100216,109237,109187,100103,156193,100272,100683,134937"
