N/A,false,0,0,USER_0004,HOST_0021,"{sysmon-eventid=1, Parent Process Name=svchost.exe, Pipe Name=N/A, File Directory=N/A, sysmon-processid=5340, channel=Microsoft-Windows-Sysmon/Operational, sysmon-username= DOMAIN_0014.LOCAL\USER_0031, Parent Command=C:\WINDOWS\system32\svchost.exe -k DcomLaunch -p, Object Name=N/A, Account Name=USER_0004, sysmon-currentdirectory=C:\WINDOWS\system32\, Target User Domain=DOMAIN_0001.LOCAL, Logon Account Name=USER_0004, Product Description=Host process for WinRM plug-ins, EventIDCode=1, Terminated Process Name=N/A, MD5 Hash=CF847821027B21C569E1251C7B8730F0, Filename=N/A, Key Length=N/A, sysmon-logonid=0xC65E6D41, ProgramName=N/A, Process GUID=b59a7af0-0eb6-6a63-53f7-010000000b00, SHA1 Hash=49B171C632B4E1FB16A25FF374DDF8399E4D797B, File Extension=N/A, Object Type=N/A, sysmon-hash=SHA1=49B171C632B4E1FB16A25FF374DDF8399E4D797B,MD5=CF847821027B21C569E1251C7B8730F0,SHA256=4A2388D16E02925956DFF1E92B2B146C89E267B85637069EB1F18B2FA5AF3049,IMPHASH=7FEF88FAEC37D0AC077432BF7E65BA27, SHA256 Hash=4A2388D16E02925956DFF1E92B2B146C89E267B85637069EB1F18B2FA5AF3049, Parent Process GUID=b59a7af0-d22d-69f7-0f00-000000000b00, Integrity Level=High, sysmon-parentimage=C:\Windows\System32\svchost.exe, Description=Description: Host process for WinRM plug-ins Product, File Hash=49B171C632B4E1FB16A25FF374DDF8399E4D797B, Token Elevation Type=N/A, Message=N/A, sysmon-rulename=-, Encoded Command=N/A, Logon Account Domain=DOMAIN_0001.LOCAL, Process Name=wsmprovhost.exe, Parent Process ID=1228, sysmon-parentcommandline=C:\WINDOWS\system32\svchost.exe -k DcomLaunch -p, Logon Type=N/A, sysmon-integritylevel=High, sysmon-logonguid={b59a7af0-0eb6-6a63-416d-5ec600000000}, Account Security ID=S-1-5-21-0002, Share Name=N/A, Authentication Package=N/A, sysmon-processguid={b59a7af0-0eb6-6a63-53f7-010000000b00}, Realm=DOMAIN_0001.LOCAL, Account ID=S-1-5-21-0002, sysmon-description=Host process for WinRM plug-ins, Process Path=C:\Windows\System32\wsmprovhost.exe, Status Code=N/A, Product Name=Microsoft® Windows® Operating System, User Domain=DOMAIN_0001.LOCAL, Encoded Argument=N/A, Target Username=USER_0004, Event ID=1, sysmon-parentprocessid=1228, Product Company=Microsoft Corporation, sysmon-fileversion=10.0.26100.1 (WinBuild.160101.0800), sysmon-parentprocessguid={b59a7af0-d22d-69f7-0f00-000000000b00}, sysmon-user=USER_0002, Command=C:\WINDOWS\system32\wsmprovhost.exe -Embedding, sysmon-originalfilename=wsmprovhost.exe, Process ID=5340, sysmon-image=C:\Windows\System32\wsmprovhost.exe, Machine Identifier=HOST_0022, Target Account Security ID=S-1-5-21-0002, sysmon-commandline=C:\WINDOWS\system32\wsmprovhost.exe -Embedding, Device Name=HOST_0022, IMP Hash=7FEF88FAEC37D0AC077432BF7E65BA27, Current Working Directory=C:\WINDOWS\system32\, Parent Process Path=C:\Windows\System32\svchost.exe, sysmon-terminalsessionid=2}",false,MAC_0001,MAC_0002,[REDACTED_DUPLICATE_PAYLOAD],3,52869,0,12,false,0:0:0:0:0:0:0:0,N/A,0,N/A,8110,"<13>Jul 24 14:05:26 10.0.0.10.Ptit AgentDevice=WindowsLog	AgentLogFile=Microsoft-Windows-Sysmon/Operational	PluginVersion=7.3.1.28	Source=Microsoft-Windows-Sysmon	Computer=AD01.ptit.edu.vn	OriginatingComputer=10.2.3.10	User=USER_0002	Domain=DOMAIN_0006.LOCAL	EventID=1	EventIDCode=1	EventType=4	EventCategory=1	RecordNumber=52915260	TimeGenerated=1784876726	TimeWritten=1784876726	Level=Informational	Keywords=0x8000000000000000	Task=SysmonTask-SYSMON_CREATE_PROCESS	Opcode=Info	Message=Process Create: RuleName: - UtcTime: 2026-07-24 07:05:26.190 ProcessGuid: {b59a7af0-0eb6-6a63-53f7-010000000b00} ProcessId: 5340 Image: C:\Windows\System32\wsmprovhost.exe FileVersion: 10.0.26100.1 (WinBuild.160101.0800) Description: Host process for WinRM plug-ins Product: Microsoft® Windows® Operating System Company: Microsoft Corporation OriginalFileName: wsmprovhost.exe CommandLine: C:\WINDOWS\system32\wsmprovhost.exe -Embedding CurrentDirectory: C:\WINDOWS\system32\ User: DOMAIN_0014.LOCAL\USER_0031 LogonGuid: {b59a7af0-0eb6-6a63-416d-5ec600000000} LogonId: 0xC65E6D41 TerminalSessionId: 2 IntegrityLevel: High Hashes: SHA1=49B171C632B4E1FB16A25FF374DDF8399E4D797B,MD5=CF847821027B21C569E1251C7B8730F0,SHA256=4A2388D16E02925956DFF1E92B2B146C89E267B85637069EB1F18B2FA5AF3049,IMPHASH=7FEF88FAEC37D0AC077432BF7E65BA27 ParentProcessGuid: {b59a7af0-d22d-69f7-0f00-000000000b00} ParentProcessId: 1228 ParentImage: C:\Windows\System32\svchost.exe ParentCommandLine: C:\WINDOWS\system32\svchost.exe -k DcomLaunch -p",Process Creation Success,N/A,1,0,unknown,N/A,Process Create,unknown,0,null,1784876726000,255,0,false,0,"true""""",Microsoft-Windows-Sysmon/Operational,HOST_0004,The process creation event provides extended information about a newly created process.,0,1784876732481,No Offense,255,HOST_0023 @ 10.0.0.10,false,3,false,N/A,10.0.0.10,false,1784876732481,5,NETWORK_0009,68,1,0,2,-1,HOST_0004,[REDACTED_DUPLICATE_PAYLOAD],USER_0002,5001828,false,null,N/A,"14:05:32, 24 thg 7, 2026","14:05:26, 24 thg 7, 2026",MAC_0002,HOST_0024,630,0,false,10.0.0.10,0,N/A,10.0.0.3,1,"14:05:32, 24 thg 7, 2026",0:0:0:0:0:0:0:0,N/A,null,"100221,100265,109237,109187,100668,156193,100272,134937,166353"
N/A,false,0,0,USER_0004,HOST_0021,"{sysmon-eventid=10, sysmon-sourceprocessid=5340, Pipe Name=N/A, sysmon-processid=5340, sysmon-sourceimage=C:\WINDOWS\system32\wsmprovhost.exe, channel=Microsoft-Windows-Sysmon/Operational, Object Name=N/A, Target Details=N/A, Account Name=USER_0004, Target User Domain=DOMAIN_0001.LOCAL, sysmon-sourceprocessguid={b59a7af0-0eb6-6a63-53f7-010000000b00}, Logon Account Name=USER_0004, EventIDCode=10, HostApplication=N/A, sysmon-targetprocessid=6456, EngineVersion=N/A, sysmon-grantedaccess=0x100000, sysmon-utctime=2026-07-24 07:05:27.310, Key Length=N/A, HostId=N/A, ProgramName=N/A, Process GUID=N/A, ScriptName=N/A, Object Type=N/A, sysmon-targetprocessguid={b59a7af0-dc99-6a4e-d298-010000000b00}, Description=N/A, Message=N/A, Logon Account Domain=DOMAIN_0001.LOCAL, Target Process GUID=b59a7af0-dc99-6a4e-d298-010000000b00, Logon Type=N/A, PipelineId=N/A, sysmon-sourcethreadid=14676, Account Security ID=S-1-5-21-0002, Share Name=N/A, Authentication Package=N/A, sysmon-processguid=N/A, Realm=DOMAIN_0001.LOCAL, Account ID=S-1-5-21-0002, Process Path=C:\WINDOWS\system32\wsmprovhost.exe, Status Code=N/A, RunspaceId=N/A, User Domain=DOMAIN_0001.LOCAL, Target Username=USER_0004, Event ID=10, HostVersion=N/A, sysmon-user=USER_0002, Command=N/A, Process ID=5340, Machine Identifier=HOST_0022, Target Account Security ID=S-1-5-21-0002, Device Name=HOST_0022, sysmon-targetimage=C:\ProgramData\Microsoft\Windows Defender\Platform\4.18.26060.3008-0\MsMpEng.exe, Access Mask=N/A}",false,MAC_0001,MAC_0002,[REDACTED_DUPLICATE_PAYLOAD],3,52869,0,12,false,0:0:0:0:0:0:0:0,N/A,0,N/A,8052,<13>Jul 24 14:05:29 10.0.0.10.Ptit AgentDevice=WindowsLog	AgentLogFile=Microsoft-Windows-Sysmon/Operational	PluginVersion=7.3.1.28	Source=Microsoft-Windows-Sysmon	Computer=AD01.ptit.edu.vn	OriginatingComputer=10.2.3.10	User=USER_0002	Domain=DOMAIN_0006.LOCAL	EventID=10	EventIDCode=10	EventType=4	EventCategory=10	RecordNumber=52915381	TimeGenerated=1784876727	TimeWritten=1784876727	Level=Informational	Keywords=0x8000000000000000	Task=SysmonTask-SYSMON_ACCESS_PROCESS	Opcode=Info	Message=Process accessed: RuleName: - UtcTime: 2026-07-24 07:05:27.310 SourceProcessGUID: {b59a7af0-0eb6-6a63-53f7-010000000b00} SourceProcessId: 5340 SourceThreadId: 14676 SourceImage: C:\WINDOWS\system32\wsmprovhost.exe TargetProcessGUID: {b59a7af0-dc99-6a4e-d298-010000000b00} TargetProcessId: 6456 TargetImage: C:\ProgramData\Microsoft\Windows Defender\Platform\4DOMAIN_0018.LOCAL\USER_0039 GrantedAccess: 0x100000 CallTrace: C:\WINDOWS\SYSTEM32\ntdll.dll+15f2c4|C:\WINDOWS\System32\KERNELBASE.dll+c4766|C:\ProgramData\Microsoft\Windows Defender\Platform\4DOMAIN_0018.LOCAL\USER_0040+8e575|C:\ProgramData\Microsoft\Windows Defender\Platform\4DOMAIN_0018.LOCAL\USER_0040+8e13d|C:\ProgramData\Microsoft\Windows Defender\Platform\4DOMAIN_0018.LOCAL\USER_0040+8ef33|C:\ProgramData\Microsoft\Windows Defender\Platform\4DOMAIN_0018.LOCAL\USER_0040+8eaa3|C:\ProgramData\Microsoft\Windows Defender\Platform\4DOMAIN_0018.LOCAL\USER_0040+b974d|C:\ProgramData\Microsoft\Windows Defender\Platform\4DOMAIN_0018.LOCAL\USER_0041+47673|C:\ProgramData\Microsoft\Windows Defender\Platform\4DOMAIN_0018.LOCAL\USER_0041+3db24|C:\WINDOWS\SYSTEM32\amsi.dll+2be9|C:\WINDOWS\SYSTEM32\amsi.dll+8245|C:\WINDOWS\assembly\NativeImages_v4DOMAIN_0013.LOCAL\USER_0042#\021537811b25d09909593f37faf9e713\System.Management.Automation.ni.dll+ecbc3fe2(wow64)|C:\WINDOWS\assembly\NativeImages_v4DOMAIN_0013.LOCAL\USER_0042#\021537811b25d09909593f37faf9e713\System.Management.Automation.ni.dll+eca49c01(wow64)|C:\WINDOWS\assembly\NativeImages_v4DOMAIN_0013.LOCAL\USER_0042#\021537811b25d09909593f37faf9e713\System.Management.Automation.ni.dll+ec90ab30(wow64)|C:\WINDOWS\assembly\NativeImages_v4DOMAIN_0013.LOCAL\USER_0042#\021537811b25d09909593f37faf9e713\System.Management.Automation.ni.dll+ec90aa57(wow64)|C:\WINDOWS\assembly\NativeImages_v4DOMAIN_0013.LOCAL\USER_0042#\021537811b25d09909593f37faf9e713\System.Management.Automation.ni.dll+ec90a86b(wow64)|C:\WINDOWS\assembly\NativeImages_v4DOMAIN_0013.LOCAL\USER_0042#\021537811b25d09909593f37faf9e713\System.Management.Automation.ni.dll+ec90a589(wow64)|C:\WINDOWS\assembly\NativeImages_v4DOMAIN_0013.LOCAL\USER_0042#\021537811b25d09909593f37faf9e713\System.Management.Automation.ni.dll+ec931fa5(wow64)|C:\WINDOWS\assembly\NativeImages_v4DOMAIN_0013.LOCAL\USER_0042#\021537811b25d09909593f37faf9e713\System.Management.Automation.ni.dll+ec934e88(wow64)|C:\WINDOWS\assembly\NativeImages_v4DOMAIN_0013.LOCAL\USER_0042#\021537811b25d09909593f37faf9e713\System.Management.Automation.ni.dll+ec8aa91c(wow64)|C:\WINDOWS\assembly\NativeImages_v4DOMAIN_0013.LOCAL\USER_0042#\021537811b25d09909593f37faf9e713\System.Management.Automation.ni.dll+ec8a9332(wow64)|C:\WINDOWS\assembly\NativeImages_v4DOMAIN_0013.LOCAL\USER_0042#\021537811b25d09909593f37faf9e713\System.Management.Automation.ni.dll+ec8aa075(wow64)|C:\WINDOWS\assembly\NativeImages_v4DOMAIN_0013.LOCAL\USER_0042#\021537811b25d09909593f37faf9e713\System.Management.Automation.ni.dll+ec8a8e8f(wow64)|C:\WINDOWS\assembly\NativeImages_v4DOMAIN_0013.LOCAL\USER_0042#\021537811b25d09909593f37faf9e713\System.Management.Automation.ni.dll+ec9ec215(wow64),Information,N/A,1,0,unknown,N/A,ProcessAccess,unknown,0,null,1784876727000,255,0,false,0,"true""""",Microsoft-Windows-Sysmon/Operational,HOST_0004,"The process accessed event reports when a process opens another process, an operation that’s often followed by information queries or reading and writing the address space of the target process.",0,1784876722578,No Offense,255,HOST_0023 @ 10.0.0.10,false,3,false,N/A,10.0.0.10,false,1784876722578,5,NETWORK_0009,68,10,0,2,-1,HOST_0004,[REDACTED_DUPLICATE_PAYLOAD],USER_0002,5001829,false,null,N/A,"14:05:22, 24 thg 7, 2026","14:05:27, 24 thg 7, 2026",MAC_0002,HOST_0024,630,0,false,10.0.0.10,0,N/A,10.0.0.3,47,"14:05:22, 24 thg 7, 2026",0:0:0:0:0:0:0:0,N/A,null,"100221,100265,109237,109187,100668,156193,100272,134937,166353"
N/A,false,0,0,USER_0004,HOST_0021,"{sysmon-eventid=5, Description=N/A, Message=N/A, Pipe Name=N/A, sysmon-processid=3704, channel=Microsoft-Windows-Sysmon/Operational, Logon Account Domain=DOMAIN_0001.LOCAL, Object Name=N/A, Process Name=svchost.exe, Account Name=USER_0004, Logon Type=N/A, Target User Domain=DOMAIN_0001.LOCAL, Account Security ID=S-1-5-21-0002, Share Name=N/A, Authentication Package=N/A, sysmon-processguid={b59a7af0-fead-6a62-1ef7-010000000b00}, Logon Account Name=USER_0004, Realm=DOMAIN_0001.LOCAL, EventIDCode=5, Account ID=S-1-5-21-0002, Process Path=C:\Windows\System32\svchost.exe, sysmon-utctime=2026-07-24 06:00:01.968, Status Code=N/A, User Domain=DOMAIN_0001.LOCAL, Key Length=N/A, Target Username=USER_0004, Event ID=5, ProgramName=N/A, sysmon-user=USER_0002, Process GUID=N/A, Process ID=3704, sysmon-image=C:\Windows\System32\svchost.exe, Machine Identifier=HOST_0022, Object Type=N/A, Target Account Security ID=S-1-5-21-0002, Device Name=HOST_0022}",false,MAC_0001,MAC_0002,[REDACTED_DUPLICATE_PAYLOAD],3,52869,0,12,false,0:0:0:0:0:0:0:0,N/A,0,N/A,8113,<13>Jul 24 13:00:05 10.0.0.10.Ptit AgentDevice=WindowsLog	AgentLogFile=Microsoft-Windows-Sysmon/Operational	PluginVersion=7.3.1.28	Source=Microsoft-Windows-Sysmon	Computer=AD01.ptit.edu.vn	OriginatingComputer=10.2.3.10	User=USER_0002	Domain=DOMAIN_0006.LOCAL	EventID=5	EventIDCode=5	EventType=4	EventCategory=5	RecordNumber=52880768	TimeGenerated=1784872801	TimeWritten=1784872801	Level=Informational	Keywords=0x8000000000000000	Task=SysmonTask-SYSMON_PROCESS_TERMINATE	Opcode=Info	Message=Process terminated: RuleName: - UtcTime: 2026-07-24 06:00:01.968 ProcessGuid: {b59a7af0-fead-6a62-1ef7-010000000b00} ProcessId: 3704 Image: C:\Windows\System32\svchost.exe,Process Termination Success,N/A,1,0,unknown,N/A,Process terminated,unknown,0,null,1784872801000,255,0,false,0,"true""""",Microsoft-Windows-Sysmon/Operational,HOST_0004,The process terminate event reports when a process terminates.,0,1784872813557,No Offense,255,HOST_0023 @ 10.0.0.10,false,3,false,N/A,10.0.0.10,false,1784872813557,5,NETWORK_0009,68,5,0,2,-1,HOST_0004,[REDACTED_DUPLICATE_PAYLOAD],USER_0002,5001842,false,null,N/A,"13:00:13, 24 thg 7, 2026","13:00:01, 24 thg 7, 2026",MAC_0002,HOST_0024,630,0,false,10.0.0.10,0,N/A,10.0.0.3,1,"13:00:13, 24 thg 7, 2026",0:0:0:0:0:0:0:0,N/A,null,"100221,100265,109237,109187,100668,156193,100272,134937,166353"
N/A,false,0,0,USER_0004,HOST_0021,"{sysmon-eventid=12, Description=N/A, Message=N/A, Pipe Name=N/A, Registry Key=\System\CurrentControlSet\Control\Class\{4d36e972-e325-11ce-bfc1-08002be10318}\0007, sysmon-processid=3704, channel=Microsoft-Windows-Sysmon/Operational, Logon Account Domain=DOMAIN_0001.LOCAL, Object Name=HKLM\System\CurrentControlSet\Control\Class\{4d36e972-e325-11ce-bfc1-08002be10318}\0007, Registry Value Data=N/A, Account Name=USER_0004, Logon Type=N/A, sysmon-targetobject=HKLM\System\CurrentControlSet\Control\Class\{4d36e972-e325-11ce-bfc1-08002be10318}\0007, Target User Domain=DOMAIN_0001.LOCAL, Accesses=CreateKey, Rule Name=-, Account Security ID=S-1-5-21-0002, Share Name=N/A, Authentication Package=N/A, sysmon-processguid={b59a7af0-fead-6a62-1ef7-010000000b00}, Logon Account Name=USER_0004, Realm=DOMAIN_0001.LOCAL, EventIDCode=12, Account ID=S-1-5-21-0002, Process Path=C:\WINDOWS\System32\svchost.exe, sysmon-utctime=2026-07-24 05:57:01.820, Status Code=N/A, Registry Value Name=0007, User Domain=DOMAIN_0001.LOCAL, Key Length=N/A, Target Username=USER_0004, Event ID=12, ProgramName=N/A, Registry Hive=HKLM, sysmon-eventtype=CreateKey, sysmon-user=USER_0002, Process GUID=N/A, Process ID=3704, sysmon-image=C:\WINDOWS\System32\svchost.exe, Machine Identifier=HOST_0022, Object Type=N/A, Target Account Security ID=S-1-5-21-0002, Device Name=HOST_0022}",false,MAC_0001,MAC_0002,[REDACTED_DUPLICATE_PAYLOAD],3,52869,0,12,false,0:0:0:0:0:0:0:0,N/A,0,N/A,8012,<13>Jul 24 12:57:05 10.0.0.10.Ptit AgentDevice=WindowsLog	AgentLogFile=Microsoft-Windows-Sysmon/Operational	PluginVersion=7.3.1.28	Source=Microsoft-Windows-Sysmon	Computer=AD01.ptit.edu.vn	OriginatingComputer=10.2.3.10	User=USER_0002	Domain=DOMAIN_0006.LOCAL	EventID=12	EventIDCode=12	EventType=4	EventCategory=12	RecordNumber=52880037	TimeGenerated=1784872621	TimeWritten=1784872621	Level=Informational	Keywords=0x8000000000000000	Task=SysmonTask-SYSMON_REG_KEY	Opcode=Info	Message=Registry object added or deleted: RuleName: - EventType: CreateKey UtcTime: 2026-07-24 05:57:01.820 ProcessGuid: {b59a7af0-fead-6a62-1ef7-010000000b00} ProcessId: 3704 Image: C:\WINDOWS\System32\svchost.exe TargetObject: HKLM\System\CurrentControlSet\Control\Class\{4d36e972-e325-11ce-bfc1-08002be10318}\0007,Successful Registry Modification,N/A,1,0,unknown,N/A,RegistryEvent (Object create and delete),unknown,0,null,1784872621000,255,0,false,0,"true""""",Microsoft-Windows-Sysmon/Operational,HOST_0004,"Registry key and value create and delete operations map to this event type, which can be useful for monitoring for changes to Registry autostart locations, or specific malware registry modifications.",0,1784872634904,No Offense,255,HOST_0023 @ 10.0.0.10,false,3,false,N/A,10.0.0.10,false,1784872634904,5,NETWORK_0009,68,12,0,1,-1,HOST_0004,[REDACTED_DUPLICATE_PAYLOAD],USER_0002,5001831,false,null,N/A,"12:57:14, 24 thg 7, 2026","12:57:01, 24 thg 7, 2026",MAC_0002,HOST_0024,630,0,false,10.0.0.10,0,N/A,10.0.0.3,13,"12:57:14, 24 thg 7, 2026",0:0:0:0:0:0:0:0,N/A,null,"100221,100265,109237,109187,100668,156193,100276,100272,123237,123937,134937,166353"
N/A,false,0,0,USER_0004,HOST_0021,"{sysmon-eventid=12, Description=N/A, Message=N/A, Pipe Name=N/A, Registry Key=\System\CurrentControlSet, sysmon-processid=3704, channel=Microsoft-Windows-Sysmon/Operational, Logon Account Domain=DOMAIN_0001.LOCAL, Object Name=HKLM\System\CurrentControlSet, Registry Value Data=N/A, Account Name=USER_0004, Logon Type=N/A, sysmon-targetobject=HKLM\System\CurrentControlSet, Target User Domain=DOMAIN_0001.LOCAL, Accesses=CreateKey, Rule Name=-, Account Security ID=S-1-5-21-0002, Share Name=N/A, Authentication Package=N/A, sysmon-processguid={b59a7af0-fead-6a62-1ef7-010000000b00}, Logon Account Name=USER_0004, Realm=DOMAIN_0001.LOCAL, EventIDCode=12, Account ID=S-1-5-21-0002, Process Path=C:\WINDOWS\System32\svchost.exe, sysmon-utctime=2026-07-24 05:57:01.815, Status Code=N/A, Registry Value Name=CurrentControlSet, User Domain=DOMAIN_0001.LOCAL, Key Length=N/A, Target Username=USER_0004, Event ID=12, ProgramName=N/A, Registry Hive=HKLM, sysmon-eventtype=CreateKey, sysmon-user=USER_0002, Process GUID=N/A, Process ID=3704, sysmon-image=C:\WINDOWS\System32\svchost.exe, Machine Identifier=HOST_0022, Object Type=N/A, Target Account Security ID=S-1-5-21-0002, Device Name=HOST_0022}",false,MAC_0001,MAC_0002,[REDACTED_DUPLICATE_PAYLOAD],3,52869,0,12,false,0:0:0:0:0:0:0:0,N/A,0,N/A,8012,<13>Jul 24 12:57:02 10.0.0.10.Ptit AgentDevice=WindowsLog	AgentLogFile=Microsoft-Windows-Sysmon/Operational	PluginVersion=7.3.1.28	Source=Microsoft-Windows-Sysmon	Computer=AD01.ptit.edu.vn	OriginatingComputer=10.2.3.10	User=USER_0002	Domain=DOMAIN_0006.LOCAL	EventID=12	EventIDCode=12	EventType=4	EventCategory=12	RecordNumber=52880023	TimeGenerated=1784872621	TimeWritten=1784872621	Level=Informational	Keywords=0x8000000000000000	Task=SysmonTask-SYSMON_REG_KEY	Opcode=Info	Message=Registry object added or deleted: RuleName: - EventType: CreateKey UtcTime: 2026-07-24 05:57:01.815 ProcessGuid: {b59a7af0-fead-6a62-1ef7-010000000b00} ProcessId: 3704 Image: C:\WINDOWS\System32\svchost.exe TargetObject: HKLM\System\CurrentControlSet,Successful Registry Modification,N/A,1,0,unknown,N/A,RegistryEvent (Object create and delete),unknown,0,null,1784872621000,255,0,false,0,"true""""",Microsoft-Windows-Sysmon/Operational,HOST_0004,"Registry key and value create and delete operations map to this event type, which can be useful for monitoring for changes to Registry autostart locations, or specific malware registry modifications.",0,1784872624561,No Offense,255,HOST_0023 @ 10.0.0.10,false,3,false,N/A,10.0.0.10,false,1784872624561,5,NETWORK_0009,68,12,0,1,-1,HOST_0004,[REDACTED_DUPLICATE_PAYLOAD],USER_0002,5001831,false,null,N/A,"12:57:04, 24 thg 7, 2026","12:57:01, 24 thg 7, 2026",MAC_0002,HOST_0024,630,0,false,10.0.0.10,0,N/A,10.0.0.3,42,"12:57:04, 24 thg 7, 2026",0:0:0:0:0:0:0:0,N/A,null,"100221,100265,109237,109187,100668,156193,100276,100272,123237,123937,134937,166353"
N/A,false,0,0,USER_0004,HOST_0021,"{sysmon-eventid=1, Parent Process Name=services.exe, Pipe Name=N/A, File Directory=N/A, sysmon-processid=3704, channel=Microsoft-Windows-Sysmon/Operational, sysmon-username= NT DOMAIN_0008.LOCAL\USER_0002, Parent Command=C:\WINDOWS\system32\services.exe, Object Name=N/A, Account Name=USER_0004, sysmon-currentdirectory=C:\WINDOWS\system32\, Target User Domain=DOMAIN_0001.LOCAL, Logon Account Name=USER_0004, Product Description=Host Process for Windows Services, EventIDCode=1, Terminated Process Name=N/A, MD5 Hash=0CD128F416A04C06D50EC56392C25D9F, Filename=N/A, Key Length=N/A, sysmon-logonid=0x3E7, ProgramName=N/A, Process GUID=b59a7af0-fead-6a62-1ef7-010000000b00, SHA1 Hash=55EFB424933087D755B18468BC574DB4463D9CE6, File Extension=N/A, Object Type=N/A, sysmon-hash=SHA1=55EFB424933087D755B18468BC574DB4463D9CE6,MD5=0CD128F416A04C06D50EC56392C25D9F,SHA256=324451797AC909A4DD40C7A2F7347EF91F6B7C786941AD5035F609C0FC15EDAA,IMPHASH=DE43BD45CC98C143357416C7519ECCFD, SHA256 Hash=324451797AC909A4DD40C7A2F7347EF91F6B7C786941AD5035F609C0FC15EDAA, Parent Process GUID=b59a7af0-d229-69f7-0c00-000000000b00, Integrity Level=System, sysmon-parentimage=C:\Windows\System32\services.exe, Description=Description: Host Process for Windows Services Product, File Hash=55EFB424933087D755B18468BC574DB4463D9CE6, Token Elevation Type=N/A, Message=N/A, sysmon-rulename=-, Encoded Command=N/A, Logon Account Domain=DOMAIN_0001.LOCAL, Process Name=svchost.exe, Parent Process ID=652, sysmon-parentcommandline=C:\WINDOWS\system32\services.exe, Logon Type=N/A, sysmon-integritylevel=System, sysmon-logonguid={b59a7af0-d22b-69f7-e703-000000000000}, Account Security ID=S-1-5-21-0002, Share Name=N/A, Authentication Package=N/A, sysmon-processguid={b59a7af0-fead-6a62-1ef7-010000000b00}, Realm=DOMAIN_0001.LOCAL, Account ID=S-1-5-21-0002, sysmon-description=Host Process for Windows Services, Process Path=C:\Windows\System32\svchost.exe, Status Code=N/A, Product Name=Microsoft® Windows® Operating System, User Domain=DOMAIN_0001.LOCAL, Encoded Argument=N/A, Target Username=USER_0004, Event ID=1, sysmon-parentprocessid=652, Product Company=Microsoft Corporation, sysmon-fileversion=10.0.26100.1150 (WinBuild.160101.0800), sysmon-parentprocessguid={b59a7af0-d229-69f7-0c00-000000000b00}, sysmon-user=USER_0002, Command=C:\WINDOWS\System32\svchost.exe -k netsvcs -p -s NetSetupSvc, sysmon-originalfilename=svchost.exe, Process ID=3704, sysmon-image=C:\Windows\System32\svchost.exe, Machine Identifier=HOST_0022, Target Account Security ID=S-1-5-21-0002, sysmon-commandline=C:\WINDOWS\System32\svchost.exe -k netsvcs -p -s NetSetupSvc, Device Name=HOST_0022, IMP Hash=DE43BD45CC98C143357416C7519ECCFD, Current Working Directory=C:\WINDOWS\system32\, Parent Process Path=C:\Windows\System32\services.exe, sysmon-terminalsessionid=0}",false,MAC_0001,MAC_0002,[REDACTED_DUPLICATE_PAYLOAD],3,52869,0,12,false,0:0:0:0:0:0:0:0,N/A,0,N/A,8110,"<13>Jul 24 12:57:02 10.0.0.10.Ptit AgentDevice=WindowsLog	AgentLogFile=Microsoft-Windows-Sysmon/Operational	PluginVersion=7.3.1.28	Source=Microsoft-Windows-Sysmon	Computer=AD01.ptit.edu.vn	OriginatingComputer=10.2.3.10	User=USER_0002	Domain=DOMAIN_0006.LOCAL	EventID=1	EventIDCode=1	EventType=4	EventCategory=1	RecordNumber=52879975	TimeGenerated=1784872621	TimeWritten=1784872621	Level=Informational	Keywords=0x8000000000000000	Task=SysmonTask-SYSMON_CREATE_PROCESS	Opcode=Info	Message=Process Create: RuleName: - UtcTime: 2026-07-24 05:57:01.746 ProcessGuid: {b59a7af0-fead-6a62-1ef7-010000000b00} ProcessId: 3704 Image: C:\Windows\System32\svchost.exe FileVersion: 10.0.26100.1150 (WinBuild.160101.0800) Description: Host Process for Windows Services Product: Microsoft® Windows® Operating System Company: Microsoft Corporation OriginalFileName: svchost.exe CommandLine: C:\WINDOWS\System32\svchost.exe -k netsvcs -p -s NetSetupSvc CurrentDirectory: C:\WINDOWS\system32\ User: NT DOMAIN_0008.LOCAL\USER_0002 LogonGuid: {b59a7af0-d22b-69f7-e703-000000000000} LogonId: 0x3E7 TerminalSessionId: 0 IntegrityLevel: System Hashes: SHA1=55EFB424933087D755B18468BC574DB4463D9CE6,MD5=0CD128F416A04C06D50EC56392C25D9F,SHA256=324451797AC909A4DD40C7A2F7347EF91F6B7C786941AD5035F609C0FC15EDAA,IMPHASH=DE43BD45CC98C143357416C7519ECCFD ParentProcessGuid: {b59a7af0-d229-69f7-0c00-000000000b00} ParentProcessId: 652 ParentImage: C:\Windows\System32\services.exe ParentCommandLine: C:\WINDOWS\system32\services.exe",Process Creation Success,N/A,1,0,unknown,N/A,Process Create,unknown,0,null,1784872621000,255,0,false,0,"true""""",Microsoft-Windows-Sysmon/Operational,HOST_0004,The process creation event provides extended information about a newly created process.,0,1784872624561,No Offense,255,HOST_0023 @ 10.0.0.10,false,3,false,N/A,10.0.0.10,false,1784872624561,5,NETWORK_0009,68,1,0,2,-1,HOST_0004,[REDACTED_DUPLICATE_PAYLOAD],USER_0002,5001828,false,null,N/A,"12:57:04, 24 thg 7, 2026","12:57:01, 24 thg 7, 2026",MAC_0002,HOST_0024,630,0,false,10.0.0.10,0,N/A,10.0.0.3,1,"12:57:04, 24 thg 7, 2026",0:0:0:0:0:0:0:0,N/A,null,"100221,100265,109237,109187,100668,156193,100272,134937,166353"
N/A,false,0,0,USER_0004,HOST_0021,"{sysmon-eventid=5, Description=N/A, Message=N/A, Pipe Name=N/A, sysmon-processid=12480, channel=Microsoft-Windows-Sysmon/Operational, Logon Account Domain=DOMAIN_0001.LOCAL, Object Name=N/A, Process Name=WmiPrvSE.exe, Account Name=USER_0004, Logon Type=N/A, Target User Domain=DOMAIN_0001.LOCAL, Account Security ID=S-1-5-21-0002, Share Name=N/A, Authentication Package=N/A, sysmon-processguid={b59a7af0-f619-6a62-08f7-010000000b00}, Logon Account Name=USER_0004, Realm=DOMAIN_0001.LOCAL, EventIDCode=5, Account ID=S-1-5-21-0002, Process Path=C:\Windows\System32\wbem\WmiPrvSE.exe, sysmon-utctime=2026-07-24 05:26:55.849, Status Code=N/A, User Domain=DOMAIN_0001.LOCAL, Key Length=N/A, Target Username=USER_0004, Event ID=5, ProgramName=N/A, sysmon-user=USER_0002, Process GUID=N/A, Process ID=12480, sysmon-image=C:\Windows\System32\wbem\WmiPrvSE.exe, Machine Identifier=HOST_0022, Object Type=N/A, Target Account Security ID=S-1-5-21-0002, Device Name=HOST_0022}",false,MAC_0001,MAC_0002,[REDACTED_DUPLICATE_PAYLOAD],3,52869,0,12,false,0:0:0:0:0:0:0:0,N/A,0,N/A,8113,<13>Jul 24 12:26:59 10.0.0.10.Ptit AgentDevice=WindowsLog	AgentLogFile=Microsoft-Windows-Sysmon/Operational	PluginVersion=7.3.1.28	Source=Microsoft-Windows-Sysmon	Computer=AD01.ptit.edu.vn	OriginatingComputer=10.2.3.10	User=USER_0002	Domain=DOMAIN_0006.LOCAL	EventID=5	EventIDCode=5	EventType=4	EventCategory=5	RecordNumber=52868499	TimeGenerated=1784870815	TimeWritten=1784870815	Level=Informational	Keywords=0x8000000000000000	Task=SysmonTask-SYSMON_PROCESS_TERMINATE	Opcode=Info	Message=Process terminated: RuleName: - UtcTime: 2026-07-24 05:26:55.849 ProcessGuid: {b59a7af0-f619-6a62-08f7-010000000b00} ProcessId: 12480 Image: C:\Windows\System32\wbem\WmiPrvSE.exe,Process Termination Success,N/A,1,0,unknown,N/A,Process terminated,unknown,0,null,1784870815000,255,0,false,0,"true""""",Microsoft-Windows-Sysmon/Operational,HOST_0004,The process terminate event reports when a process terminates.,0,1784870826669,No Offense,255,HOST_0023 @ 10.0.0.10,false,3,false,N/A,10.0.0.10,false,1784870826669,5,NETWORK_0009,68,5,0,2,-1,HOST_0004,[REDACTED_DUPLICATE_PAYLOAD],USER_0002,5001842,false,null,N/A,"12:27:06, 24 thg 7, 2026","12:26:55, 24 thg 7, 2026",MAC_0002,HOST_0024,630,0,false,10.0.0.10,0,N/A,10.0.0.3,1,"12:27:06, 24 thg 7, 2026",0:0:0:0:0:0:0:0,N/A,null,"100221,100265,109237,109187,100668,156193,100272,134937,166353"
N/A,false,0,0,USER_0004,HOST_0021,"{sysmon-eventid=12, Description=N/A, Message=N/A, Pipe Name=N/A, Registry Key=\SOFTWARE\Microsoft\Wbem\Tracing\Providers\Win32_WIN32_TERMINALSERVICE_Prov @ root/CIMV2, sysmon-processid=12480, channel=Microsoft-Windows-Sysmon/Operational, Logon Account Domain=DOMAIN_0001.LOCAL, Object Name=HKLM\SOFTWARE\Microsoft\Wbem\Tracing\Providers\Win32_WIN32_TERMINALSERVICE_Prov @ root/CIMV2, Registry Value Data=N/A, Account Name=USER_0004, Logon Type=N/A, sysmon-targetobject=HKLM\SOFTWARE\Microsoft\Wbem\Tracing\Providers\Win32_WIN32_TERMINALSERVICE_Prov @ root/CIMV2, Target User Domain=DOMAIN_0001.LOCAL, Accesses=DeleteKey, Rule Name=-, Account Security ID=S-1-5-21-0002, Share Name=N/A, Authentication Package=N/A, sysmon-processguid={b59a7af0-f619-6a62-08f7-010000000b00}, Logon Account Name=USER_0004, Realm=DOMAIN_0001.LOCAL, EventIDCode=12, Account ID=S-1-5-21-0002, Process Path=C:\WINDOWS\system32\wbem\wmiprvse.exe, sysmon-utctime=2026-07-24 05:26:25.841, Status Code=N/A, Registry Value Name=Win32_WIN32_TERMINALSERVICE_Prov, User Domain=DOMAIN_0001.LOCAL, Key Length=N/A, Target Username=USER_0004, Event ID=12, ProgramName=N/A, Registry Hive=HKLM, sysmon-eventtype=DeleteKey, sysmon-user=USER_0002, Process GUID=N/A, Process ID=12480, sysmon-image=C:\WINDOWS\system32\wbem\wmiprvse.exe, Machine Identifier=HOST_0022, Object Type=N/A, Target Account Security ID=S-1-5-21-0002, Device Name=HOST_0022}",false,MAC_0001,MAC_0002,[REDACTED_DUPLICATE_PAYLOAD],3,52869,0,12,false,0:0:0:0:0:0:0:0,N/A,0,N/A,8012,<13>Jul 24 12:26:29 10.0.0.10.Ptit AgentDevice=WindowsLog	AgentLogFile=Microsoft-Windows-Sysmon/Operational	PluginVersion=7.3.1.28	Source=Microsoft-Windows-Sysmon	Computer=AD01.ptit.edu.vn	OriginatingComputer=10.2.3.10	User=USER_0002	Domain=DOMAIN_0006.LOCAL	EventID=12	EventIDCode=12	EventType=4	EventCategory=12	RecordNumber=52868305	TimeGenerated=1784870785	TimeWritten=1784870785	Level=Informational	Keywords=0x8000000000000000	Task=SysmonTask-SYSMON_REG_KEY	Opcode=Info	Message=Registry object added or deleted: RuleName: - EventType: DeleteKey UtcTime: 2026-07-24 05:26:25.841 ProcessGuid: {b59a7af0-f619-6a62-08f7-010000000b00} ProcessId: 12480 Image: C:\WINDOWS\system32\wbem\wmiprvse.exe TargetObject: HKLM\SOFTWARE\Microsoft\Wbem\Tracing\Providers\Win32_WIN32_TERMINALSERVICE_Prov @ root/CIMV2,Successful Registry Modification,N/A,1,0,unknown,N/A,RegistryEvent (Object create and delete),unknown,0,null,1784870785000,255,0,false,0,"true""""",Microsoft-Windows-Sysmon/Operational,HOST_0004,"Registry key and value create and delete operations map to this event type, which can be useful for monitoring for changes to Registry autostart locations, or specific malware registry modifications.",0,1784870795759,No Offense,255,HOST_0023 @ 10.0.0.10,false,3,false,N/A,10.0.0.10,false,1784870795759,5,NETWORK_0009,68,12,0,1,-1,HOST_0004,[REDACTED_DUPLICATE_PAYLOAD],USER_0002,5001831,false,null,N/A,"12:26:35, 24 thg 7, 2026","12:26:25, 24 thg 7, 2026",MAC_0002,HOST_0024,630,0,false,10.0.0.10,0,N/A,10.0.0.3,8,"12:26:35, 24 thg 7, 2026",0:0:0:0:0:0:0:0,N/A,null,"100221,100265,109237,109187,100668,156193,100276,100272,123237,123937,134937,166353"
N/A,false,0,0,USER_0004,HOST_0021,"{sysmon-eventid=22, Description=N/A, Message=N/A, Pipe Name=N/A, sysmon-rulename=-, sysmon-processid=12480, channel=Microsoft-Windows-Sysmon/Operational, Logon Account Domain=DOMAIN_0001.LOCAL, Object Name=N/A, Process Name=WmiPrvSE.exe, Account Name=USER_0004, Logon Type=N/A, sysmon-queryname=AD01, Target User Domain=DOMAIN_0001.LOCAL, Account Security ID=S-1-5-21-0002, Share Name=N/A, Authentication Package=N/A, sysmon-processguid={b59a7af0-f619-6a62-08f7-010000000b00}, Logon Account Name=USER_0004, Realm=DOMAIN_0001.LOCAL, EventIDCode=22, Account ID=S-1-5-21-0002, URL Host=SITE_0004.example, Process Path=C:\Windows\System32\wbem\WmiPrvSE.exe, sysmon-utctime=2026-07-24 05:20:35.524, Status Code=N/A, User Domain=DOMAIN_0001.LOCAL, Key Length=N/A, Target Username=USER_0004, Event ID=22, ProgramName=N/A, sysmon-user=USER_0002, Process ID=12480, sysmon-image=C:\Windows\System32\wbem\WmiPrvSE.exe, Machine Identifier=HOST_0022, Object Type=N/A, Target Account Security ID=S-1-5-21-0002, Device Name=HOST_0022}",false,MAC_0001,MAC_0002,[REDACTED_DUPLICATE_PAYLOAD],3,52869,0,12,false,0:0:0:0:0:0:0:0,N/A,0,N/A,18081,<13>Jul 24 12:20:29 10.0.0.10.Ptit AgentDevice=WindowsLog	AgentLogFile=Microsoft-Windows-Sysmon/Operational	PluginVersion=7.3.1.28	Source=Microsoft-Windows-Sysmon	Computer=AD01.ptit.edu.vn	OriginatingComputer=10.2.3.10	User=USER_0002	Domain=DOMAIN_0006.LOCAL	EventID=22	EventIDCode=22	EventType=4	EventCategory=22	RecordNumber=52867268	TimeGenerated=1784870427	TimeWritten=1784870427	Level=Informational	Keywords=0x8000000000000000	Task=SysmonTask-SYSMON_DNS_QUERY	Opcode=Info	Message=Dns query: RuleName: - UtcTime: 2026-07-24 05:20:35.524 ProcessGuid: {b59a7af0-f619-6a62-08f7-010000000b00} ProcessId: 12480 QueryName: AD01 QueryStatus: 0 QueryResults: fe80::69d8:4546:c6a:2979;::ffff:10.0.0.10; Image: C:\Windows\System32\wbem\WmiPrvSE.exe,DNS In Progress,N/A,1,0,unknown,N/A,DNS Query,unknown,0,null,1784870427000,255,0,false,0,"true""""",Microsoft-Windows-Sysmon/Operational,HOST_0004,"This event is generated when a process executes a DNS query, whether the result is successful or fails, cached or not. The telemetry for this event was added for Windows 8.1 so it is not available on Windows 7 and earlier.",0,1784870439263,No Offense,255,HOST_0023 @ 10.0.0.10,false,3,false,N/A,10.0.0.10,false,1784870439263,5,NETWORK_0009,68,22,0,1,-1,HOST_0004,[REDACTED_DUPLICATE_PAYLOAD],USER_0002,5002343,false,null,N/A,"12:20:39, 24 thg 7, 2026","12:20:27, 24 thg 7, 2026",MAC_0002,HOST_0024,630,0,false,10.0.0.10,0,N/A,10.0.0.3,1,"12:20:39, 24 thg 7, 2026",0:0:0:0:0:0:0:0,N/A,null,"100221,100265,109237,109187,100668,156193,100272,134937,166353"
N/A,false,0,0,USER_0004,HOST_0021,"{sysmon-eventid=13, Description=N/A, Message=N/A, Pipe Name=N/A, Registry Key=\SOFTWARE\Microsoft\Wbem\Tracing\Providers\CIMWin32 @ root/CIMV2, sysmon-processid=12480, channel=Microsoft-Windows-Sysmon/Operational, Target Object=HKLM\SOFTWARE\Microsoft\Wbem\Tracing\Providers\CIMWin32 @ root/CIMV2\134293440257087870, Logon Account Domain=DOMAIN_0001.LOCAL, Object Name=HKLM\SOFTWARE\Microsoft\Wbem\Tracing\Providers\CIMWin32 @ root/DOMAIN_0019.LOCAL\USER_0043, Target Details=ProcessID: 12480, Process Name=wmiprvse.exe, Registry Value Data=ProcessID: 12480, Account Name=USER_0004, Logon Type=N/A, sysmon-targetobject=HKLM\SOFTWARE\Microsoft\Wbem\Tracing\Providers\CIMWin32 @ root/CIMV2\134293440257087870, Target User Domain=DOMAIN_0001.LOCAL, Rule Name=-, Account Security ID=S-1-5-21-0002, Share Name=N/A, Authentication Package=N/A, sysmon-processguid={b59a7af0-f619-6a62-08f7-010000000b00}, Logon Account Name=USER_0004, Realm=DOMAIN_0001.LOCAL, EventIDCode=13, Account ID=S-1-5-21-0002, Process Path=C:\WINDOWS\system32\wbem\wmiprvse.exe, sysmon-utctime=2026-07-24 05:20:25.708, Status Code=N/A, Registry Value Name=134293440257087870, User Domain=DOMAIN_0001.LOCAL, Key Length=N/A, Target Username=USER_0004, Event ID=13, ProgramName=N/A, Registry Hive=HKLM, sysmon-eventtype=SetValue, sysmon-user=USER_0002, Process GUID=N/A, Process ID=12480, Machine Identifier=HOST_0022, Object Type=N/A, Target Account Security ID=S-1-5-21-0002, Device Name=HOST_0022, sysmon-details=ProcessID: 12480}",false,MAC_0001,MAC_0002,[REDACTED_DUPLICATE_PAYLOAD],3,52869,0,12,false,0:0:0:0:0:0:0:0,N/A,0,N/A,8012,<13>Jul 24 12:20:26 10.0.0.10.Ptit AgentDevice=WindowsLog	AgentLogFile=Microsoft-Windows-Sysmon/Operational	PluginVersion=7.3.1.28	Source=Microsoft-Windows-Sysmon	Computer=AD01.ptit.edu.vn	OriginatingComputer=10.2.3.10	User=USER_0002	Domain=DOMAIN_0006.LOCAL	EventID=13	EventIDCode=13	EventType=4	EventCategory=13	RecordNumber=52866455	TimeGenerated=1784870425	TimeWritten=1784870425	Level=Informational	Keywords=0x8000000000000000	Task=SysmonTask-SYSMON_REG_SETVALUE	Opcode=Info	Message=Registry value set: RuleName: - EventType: SetValue UtcTime: 2026-07-24 05:20:25.708 ProcessGuid: {b59a7af0-f619-6a62-08f7-010000000b00} ProcessId: 12480 Image: C:\WINDOWS\system32\wbem\wmiprvse.exe TargetObject: HKLM\SOFTWARE\Microsoft\Wbem\Tracing\Providers\CIMWin32 @ root/DOMAIN_0019.LOCAL\USER_0043 Details: ProcessID: 12480,Successful Registry Modification,N/A,1,0,unknown,N/A,RegistryEvent (Value Set),unknown,0,null,1784870425000,255,0,false,0,"true""""",Microsoft-Windows-Sysmon/Operational,HOST_0004,This Registry event type identifies Registry value modifications.,0,1784870428506,No Offense,255,HOST_0023 @ 10.0.0.10,false,3,false,N/A,10.0.0.10,false,1784870428506,5,NETWORK_0009,68,13,0,1,-1,HOST_0004,[REDACTED_DUPLICATE_PAYLOAD],USER_0002,5001832,false,null,N/A,"12:20:28, 24 thg 7, 2026","12:20:25, 24 thg 7, 2026",MAC_0002,HOST_0024,630,0,false,10.0.0.10,0,N/A,10.0.0.3,1,"12:20:28, 24 thg 7, 2026",0:0:0:0:0:0:0:0,N/A,null,"100221,100265,109237,109187,100617,100668,156193,100276,100272,123237,123937,134937,166353"
N/A,false,0,0,USER_0004,HOST_0021,"{sysmon-eventid=13, Description=N/A, Message=N/A, Pipe Name=N/A, Registry Key=\SOFTWARE\Microsoft\Wbem\Tracing\Providers\CIMWin32 @ root/CIMV2, sysmon-processid=12480, channel=Microsoft-Windows-Sysmon/Operational, Target Object=HKLM\SOFTWARE\Microsoft\Wbem\Tracing\Providers\CIMWin32 @ root/CIMV2\134293440257105269, Logon Account Domain=DOMAIN_0001.LOCAL, Object Name=HKLM\SOFTWARE\Microsoft\Wbem\Tracing\Providers\CIMWin32 @ root/DOMAIN_0019.LOCAL\USER_0044, Target Details=ExecQueryAsync: select * from Win32_Service where ((((Name = ""WinRM"" OR Name = ""RDMS"") OR Name = ""MSSQL$MICROSOFT##WID"") OR Name = ""TScPubRPC"") OR Name = ""WinMgmt""), Process Name=wmiprvse.exe, Registry Value Data=ExecQueryAsync: select * from Win32_Service where ((((Name = ""WinRM"" OR Name = ""RDMS"") OR Name = ""MSSQL$MICROSOFT##WID"") OR Name = ""TScPubRPC"") OR Name = ""WinMgmt""), Account Name=USER_0004, Logon Type=N/A, sysmon-targetobject=HKLM\SOFTWARE\Microsoft\Wbem\Tracing\Providers\CIMWin32 @ root/CIMV2\134293440257105269, Target User Domain=DOMAIN_0001.LOCAL, Rule Name=-, Account Security ID=S-1-5-21-0002, Share Name=N/A, Authentication Package=N/A, sysmon-processguid={b59a7af0-f619-6a62-08f7-010000000b00}, Logon Account Name=USER_0004, Realm=DOMAIN_0001.LOCAL, EventIDCode=13, Account ID=S-1-5-21-0002, Process Path=C:\WINDOWS\system32\wbem\wmiprvse.exe, sysmon-utctime=2026-07-24 05:20:25.710, Status Code=N/A, Registry Value Name=134293440257105269, User Domain=DOMAIN_0001.LOCAL, Key Length=N/A, Target Username=USER_0004, Event ID=13, ProgramName=N/A, Registry Hive=HKLM, sysmon-eventtype=SetValue, sysmon-user=USER_0002, Process GUID=N/A, Process ID=12480, Machine Identifier=HOST_0022, Object Type=N/A, Target Account Security ID=S-1-5-21-0002, Device Name=HOST_0022, sysmon-details=ExecQueryAsync: select * from Win32_Service where ((((Name = ""WinRM"" OR Name = ""RDMS"") OR Name = ""MSSQL$MICROSOFT##WID"") OR Name = ""TScPubRPC"") OR Name = ""WinMgmt"")}",false,MAC_0001,MAC_0002,[REDACTED_DUPLICATE_PAYLOAD],3,52869,0,12,false,0:0:0:0:0:0:0:0,N/A,0,N/A,8012,"<13>Jul 24 12:20:26 10.0.0.10.Ptit AgentDevice=WindowsLog	AgentLogFile=Microsoft-Windows-Sysmon/Operational	PluginVersion=7.3.1.28	Source=Microsoft-Windows-Sysmon	Computer=AD01.ptit.edu.vn	OriginatingComputer=10.2.3.10	User=USER_0002	Domain=DOMAIN_0006.LOCAL	EventID=13	EventIDCode=13	EventType=4	EventCategory=13	RecordNumber=52866479	TimeGenerated=1784870425	TimeWritten=1784870425	Level=Informational	Keywords=0x8000000000000000	Task=SysmonTask-SYSMON_REG_SETVALUE	Opcode=Info	Message=Registry value set: RuleName: - EventType: SetValue UtcTime: 2026-07-24 05:20:25.710 ProcessGuid: {b59a7af0-f619-6a62-08f7-010000000b00} ProcessId: 12480 Image: C:\WINDOWS\system32\wbem\wmiprvse.exe TargetObject: HKLM\SOFTWARE\Microsoft\Wbem\Tracing\Providers\CIMWin32 @ root/DOMAIN_0019.LOCAL\USER_0044 Details: ExecQueryAsync: select * from Win32_Service where ((((Name = ""WinRM"" OR Name = ""RDMS"") OR Name = ""MSSQL$MICROSOFT##WID"") OR Name = ""TScPubRPC"") OR Name = ""WinMgmt"")",Successful Registry Modification,N/A,1,0,unknown,N/A,RegistryEvent (Value Set),unknown,0,null,1784870425000,255,0,false,0,"true""""",Microsoft-Windows-Sysmon/Operational,HOST_0004,This Registry event type identifies Registry value modifications.,0,1784870428506,No Offense,255,HOST_0023 @ 10.0.0.10,false,3,false,N/A,10.0.0.10,false,1784870428506,5,NETWORK_0009,68,13,0,1,-1,HOST_0004,[REDACTED_DUPLICATE_PAYLOAD],USER_0002,5001832,false,null,N/A,"12:20:28, 24 thg 7, 2026","12:20:25, 24 thg 7, 2026",MAC_0002,HOST_0024,630,0,false,10.0.0.10,0,N/A,10.0.0.3,1,"12:20:28, 24 thg 7, 2026",0:0:0:0:0:0:0:0,N/A,null,"100221,100265,109237,109187,100617,100668,156193,100276,100272,123237,123937,134937,166353"
N/A,false,0,0,USER_0004,HOST_0021,"{sysmon-eventid=13, Description=N/A, Message=N/A, Pipe Name=N/A, Registry Key=\SOFTWARE\Microsoft\Wbem\Tracing\Providers\Win32_WIN32_TERMINALSERVICE_Prov @ root/CIMV2, sysmon-processid=12480, channel=Microsoft-Windows-Sysmon/Operational, Target Object=HKLM\SOFTWARE\Microsoft\Wbem\Tracing\Providers\Win32_WIN32_TERMINALSERVICE_Prov @ root/CIMV2\134293440257280685, Logon Account Domain=DOMAIN_0001.LOCAL, Object Name=HKLM\SOFTWARE\Microsoft\Wbem\Tracing\Providers\Win32_WIN32_TERMINALSERVICE_Prov @ root/DOMAIN_0019.LOCAL\USER_0045, Target Details=ProcessID: 12480, Process Name=wmiprvse.exe, Registry Value Data=ProcessID: 12480, Account Name=USER_0004, Logon Type=N/A, sysmon-targetobject=HKLM\SOFTWARE\Microsoft\Wbem\Tracing\Providers\Win32_WIN32_TERMINALSERVICE_Prov @ root/CIMV2\134293440257280685, Target User Domain=DOMAIN_0001.LOCAL, Rule Name=-, Account Security ID=S-1-5-21-0002, Share Name=N/A, Authentication Package=N/A, sysmon-processguid={b59a7af0-f619-6a62-08f7-010000000b00}, Logon Account Name=USER_0004, Realm=DOMAIN_0001.LOCAL, EventIDCode=13, Account ID=S-1-5-21-0002, Process Path=C:\WINDOWS\system32\wbem\wmiprvse.exe, sysmon-utctime=2026-07-24 05:20:25.729, Status Code=N/A, Registry Value Name=134293440257280685, User Domain=DOMAIN_0001.LOCAL, Key Length=N/A, Target Username=USER_0004, Event ID=13, ProgramName=N/A, Registry Hive=HKLM, sysmon-eventtype=SetValue, sysmon-user=USER_0002, Process GUID=N/A, Process ID=12480, Machine Identifier=HOST_0022, Object Type=N/A, Target Account Security ID=S-1-5-21-0002, Device Name=HOST_0022, sysmon-details=ProcessID: 12480}",false,MAC_0001,MAC_0002,[REDACTED_DUPLICATE_PAYLOAD],3,52869,0,12,false,0:0:0:0:0:0:0:0,N/A,0,N/A,8012,<13>Jul 24 12:20:26 10.0.0.10.Ptit AgentDevice=WindowsLog	AgentLogFile=Microsoft-Windows-Sysmon/Operational	PluginVersion=7.3.1.28	Source=Microsoft-Windows-Sysmon	Computer=AD01.ptit.edu.vn	OriginatingComputer=10.2.3.10	User=USER_0002	Domain=DOMAIN_0006.LOCAL	EventID=13	EventIDCode=13	EventType=4	EventCategory=13	RecordNumber=52866530	TimeGenerated=1784870425	TimeWritten=1784870425	Level=Informational	Keywords=0x8000000000000000	Task=SysmonTask-SYSMON_REG_SETVALUE	Opcode=Info	Message=Registry value set: RuleName: - EventType: SetValue UtcTime: 2026-07-24 05:20:25.729 ProcessGuid: {b59a7af0-f619-6a62-08f7-010000000b00} ProcessId: 12480 Image: C:\WINDOWS\system32\wbem\wmiprvse.exe TargetObject: HKLM\SOFTWARE\Microsoft\Wbem\Tracing\Providers\Win32_WIN32_TERMINALSERVICE_Prov @ root/DOMAIN_0019.LOCAL\USER_0045 Details: ProcessID: 12480,Successful Registry Modification,N/A,1,0,unknown,N/A,RegistryEvent (Value Set),unknown,0,null,1784870425000,255,0,false,0,"true""""",Microsoft-Windows-Sysmon/Operational,HOST_0004,This Registry event type identifies Registry value modifications.,0,1784870428506,No Offense,255,HOST_0023 @ 10.0.0.10,false,3,false,N/A,10.0.0.10,false,1784870428506,5,NETWORK_0009,68,13,0,1,-1,HOST_0004,[REDACTED_DUPLICATE_PAYLOAD],USER_0002,5001832,false,null,N/A,"12:20:28, 24 thg 7, 2026","12:20:25, 24 thg 7, 2026",MAC_0002,HOST_0024,630,0,false,10.0.0.10,0,N/A,10.0.0.3,1,"12:20:28, 24 thg 7, 2026",0:0:0:0:0:0:0:0,N/A,null,"100221,100265,109237,109187,100617,100668,156193,100276,100272,123237,123937,134937,166353"
N/A,false,0,0,USER_0004,HOST_0021,"{sysmon-eventid=1, Parent Process Name=svchost.exe, Pipe Name=N/A, File Directory=N/A, sysmon-processid=12480, channel=Microsoft-Windows-Sysmon/Operational, sysmon-username= NT DOMAIN_0008.LOCAL\USER_0046 SERVICE, Parent Command=C:\WINDOWS\system32\svchost.exe -k DcomLaunch -p, Object Name=N/A, Account Name=USER_0004, sysmon-currentdirectory=C:\WINDOWS\system32\, Target User Domain=DOMAIN_0001.LOCAL, Logon Account Name=USER_0004, Product Description=WMI Provider Host, EventIDCode=1, Terminated Process Name=N/A, MD5 Hash=4028D9F0415E1169DD9FB095AAD108B5, Filename=N/A, Key Length=N/A, sysmon-logonid=0x3E4, ProgramName=N/A, Process GUID=b59a7af0-f619-6a62-08f7-010000000b00, SHA1 Hash=1C2257B37101207E6D11C3A0456CB068B736875D, File Extension=N/A, Object Type=N/A, sysmon-hash=SHA1=1C2257B37101207E6D11C3A0456CB068B736875D,MD5=4028D9F0415E1169DD9FB095AAD108B5,SHA256=A926DFD215FB50B506C283B5A2277569BF5F653B16364633BEC6617366C3358C,IMPHASH=8D7EA263D3290D799C6832B08F7A3F21, SHA256 Hash=A926DFD215FB50B506C283B5A2277569BF5F653B16364633BEC6617366C3358C, Parent Process GUID=b59a7af0-d22d-69f7-0f00-000000000b00, Integrity Level=System, sysmon-parentimage=C:\Windows\System32\svchost.exe, Description=Description: WMI Provider Host Product, File Hash=1C2257B37101207E6D11C3A0456CB068B736875D, Token Elevation Type=N/A, Message=N/A, sysmon-rulename=-, Encoded Command=N/A, Logon Account Domain=DOMAIN_0001.LOCAL, Process Name=WmiPrvSE.exe, Parent Process ID=1228, sysmon-parentcommandline=C:\WINDOWS\system32\svchost.exe -k DcomLaunch -p, Logon Type=N/A, sysmon-integritylevel=System, sysmon-logonguid={b59a7af0-d22d-69f7-e403-000000000000}, Account Security ID=S-1-5-21-0002, Share Name=N/A, Authentication Package=N/A, sysmon-processguid={b59a7af0-f619-6a62-08f7-010000000b00}, Realm=DOMAIN_0001.LOCAL, Account ID=S-1-5-21-0002, sysmon-description=WMI Provider Host, Process Path=C:\Windows\System32\wbem\WmiPrvSE.exe, Status Code=N/A, Product Name=Microsoft® Windows® Operating System, User Domain=DOMAIN_0001.LOCAL, Encoded Argument=N/A, Target Username=USER_0004, Event ID=1, sysmon-parentprocessid=1228, Product Company=Microsoft Corporation, sysmon-fileversion=10.0.26100.1 (WinBuild.160101.0800), sysmon-parentprocessguid={b59a7af0-d22d-69f7-0f00-000000000b00}, sysmon-user=USER_0002, Command=C:\WINDOWS\system32\wbem\wmiprvse.exe -secured -Embedding, sysmon-originalfilename=Wmiprvse.exe, Process ID=12480, sysmon-image=C:\Windows\System32\wbem\WmiPrvSE.exe, Machine Identifier=HOST_0022, Target Account Security ID=S-1-5-21-0002, sysmon-commandline=C:\WINDOWS\system32\wbem\wmiprvse.exe -secured -Embedding, Device Name=HOST_0022, IMP Hash=8D7EA263D3290D799C6832B08F7A3F21, Current Working Directory=C:\WINDOWS\system32\, Parent Process Path=C:\Windows\System32\svchost.exe, sysmon-terminalsessionid=0}",false,MAC_0001,MAC_0002,[REDACTED_DUPLICATE_PAYLOAD],3,52869,0,12,false,0:0:0:0:0:0:0:0,N/A,0,N/A,8110,"<13>Jul 24 12:20:26 10.0.0.10.Ptit AgentDevice=WindowsLog	AgentLogFile=Microsoft-Windows-Sysmon/Operational	PluginVersion=7.3.1.28	Source=Microsoft-Windows-Sysmon	Computer=AD01.ptit.edu.vn	OriginatingComputer=10.2.3.10	User=USER_0002	Domain=DOMAIN_0006.LOCAL	EventID=1	EventIDCode=1	EventType=4	EventCategory=1	RecordNumber=52866231	TimeGenerated=1784870425	TimeWritten=1784870425	Level=Informational	Keywords=0x8000000000000000	Task=SysmonTask-SYSMON_CREATE_PROCESS	Opcode=Info	Message=Process Create: RuleName: - UtcTime: 2026-07-24 05:20:25.653 ProcessGuid: {b59a7af0-f619-6a62-08f7-010000000b00} ProcessId: 12480 Image: C:\Windows\System32\wbem\WmiPrvSE.exe FileVersion: 10.0.26100.1 (WinBuild.160101.0800) Description: WMI Provider Host Product: Microsoft® Windows® Operating System Company: Microsoft Corporation OriginalFileName: Wmiprvse.exe CommandLine: C:\WINDOWS\system32\wbem\wmiprvse.exe -secured -Embedding CurrentDirectory: C:\WINDOWS\system32\ User: NT DOMAIN_0008.LOCAL\USER_0046 SERVICE LogonGuid: {b59a7af0-d22d-69f7-e403-000000000000} LogonId: 0x3E4 TerminalSessionId: 0 IntegrityLevel: System Hashes: SHA1=1C2257B37101207E6D11C3A0456CB068B736875D,MD5=4028D9F0415E1169DD9FB095AAD108B5,SHA256=A926DFD215FB50B506C283B5A2277569BF5F653B16364633BEC6617366C3358C,IMPHASH=8D7EA263D3290D799C6832B08F7A3F21 ParentProcessGuid: {b59a7af0-d22d-69f7-0f00-000000000b00} ParentProcessId: 1228 ParentImage: C:\Windows\System32\svchost.exe ParentCommandLine: C:\WINDOWS\system32\svchost.exe -k DcomLaunch -p",Process Creation Success,N/A,1,0,unknown,N/A,Process Create,unknown,0,null,1784870425000,255,0,false,0,"true""""",Microsoft-Windows-Sysmon/Operational,HOST_0004,The process creation event provides extended information about a newly created process.,0,1784870428498,No Offense,255,HOST_0023 @ 10.0.0.10,false,3,false,N/A,10.0.0.10,false,1784870428498,5,NETWORK_0009,68,1,0,2,-1,HOST_0004,[REDACTED_DUPLICATE_PAYLOAD],USER_0002,5001828,false,null,N/A,"12:20:28, 24 thg 7, 2026","12:20:25, 24 thg 7, 2026",MAC_0002,HOST_0024,630,0,false,10.0.0.10,0,N/A,10.0.0.3,1,"12:20:28, 24 thg 7, 2026",0:0:0:0:0:0:0:0,N/A,null,"100221,100265,109237,109187,100668,156193,100272,134937,166353"
