N/A,false,0,0,USER_0004,HOST_0007,"{sysmon-eventid=8, Description=N/A, Message=N/A, Pipe Name=N/A, sysmon-processid=193324, sysmon-sourceimage=C:\Program Files (x86)\Mobatek\MobaXterm\MobaXterm.exe, channel=Microsoft-Windows-Sysmon/Operational, Logon Account Domain=DOMAIN_0001.LOCAL, Object Name=N/A, Target Process Path=C:\Users\USER_0015\AppData\Roaming\MobaXterm\slash\bin\MobaSCPRinew.exe, Process Name=MobaXterm.exe, Account Name=USER_0004, Logon Type=N/A, Target User Domain=DOMAIN_0001.LOCAL, Account Security ID=S-1-5-21-0002, Share Name=N/A, Authentication Package=N/A, sysmon-processguid={5b31cfa1-921d-6a50-8f30-070000001a00}, sysmon-sourceprocessguid={5b31cfa1-921d-6a50-8f30-070000001a00}, Logon Account Name=USER_0004, Realm=DOMAIN_0001.LOCAL, Source Process Path=C:\Program Files (x86)\Mobatek\MobaXterm\MobaXterm.exe, EventIDCode=8, Account ID=S-1-5-21-0002, sysmon-targetprocessid=178240, Process Path=C:\Program Files (x86)\Mobatek\MobaXterm\MobaXterm.exe, sysmon-utctime=2026-07-10 06:35:50.966, Status Code=N/A, User Domain=DOMAIN_0001.LOCAL, Key Length=N/A, Target Username=USER_0004, Event ID=8, Target Process Name=MobaSCPRinew.exe, sysmon-startmodule=-, ProgramName=N/A, Start Module=-, sysmon-startfunction=-, sysmon-user=USER_0002, SourceImageTempPath=N/A, Process GUID=N/A, Machine Identifier=HOST_0008, Object Type=N/A, Start Address=0x00000000004014A0, Target Account Security ID=S-1-5-21-0002, Start Function=-, sysmon-startaddress=0x00000000004014A0, Device Name=HOST_0008, sysmon-targetimage=C:\Users\QTHT~1.CHU\AppData\Roaming\MobaXterm\slash\bin\MobaSCPRinew.exe}",false,MAC_0001,MAC_0002,[REDACTED_DUPLICATE_PAYLOAD],3,53779,0,12,false,0:0:0:0:0:0:0:0,N/A,0,N/A,7036,<13>Jul 10 13:35:51 10.0.0.4.vnpost AgentDevice=WindowsLog	AgentLogFile=Microsoft-Windows-Sysmon/Operational	PluginVersion=7.3.1.28	Source=Microsoft-Windows-Sysmon	Computer=Jump-QTHTvDL-App	OriginatingComputer=Jump-QTHTvDL-App	User=USER_0002	Domain=DOMAIN_0006.LOCAL	EventID=8	EventIDCode=8	EventType=4	EventCategory=8	RecordNumber=73444569	TimeGenerated=1783665350	TimeWritten=1783665350	Level=Informational	Keywords=0x8000000000000000	Task=SysmonTask-SYSMON_CREATE_REMOTE_THREAD	Opcode=Info	Message=CreateRemoteThread detected: RuleName: - UtcTime: 2026-07-10 06:35:50.966 SourceProcessGuid: {5b31cfa1-921d-6a50-8f30-070000001a00} SourceProcessId: 193324 SourceImage: C:\Program Files (x86)\Mobatek\MobaXterm\MobaXterm.exe TargetProcessGuid: {5b31cfa1-92c6-6a50-ab30-070000001a00} TargetProcessId: 178240 TargetImage: C:\Users\USER_0015\AppData\Roaming\MobaXterm\slash\bin\MobaSCPRinew.exe NewThreadId: 195096 StartAddress: 0x00000000004014A0 StartModule: - StartFunction: - ,Suspicious Windows Events,N/A,1,0,unknown,N/A,CreateRemoteThread,unknown,0,null,1783665350000,255,0,false,0,"true""""",Microsoft-Windows-Sysmon/Operational,HOST_0004,The CreateRemoteThread event detects when a process creates a thread in another process.,0,1783665354164,No Offense,255,HOST_0009 @ 10.0.0.4,true,3,false,N/A,10.0.0.4,false,1783665354164,5,NETWORK_0002,35,8,0,3,-1,HOST_0004,[REDACTED_DUPLICATE_PAYLOAD],USER_0002,5001845,false,null,N/A,"13:35:54, 10 thg 7, 2026","13:35:50, 10 thg 7, 2026",MAC_0002,HOST_0006,439,0,false,10.0.0.4,0,N/A,10.0.0.3,1,"13:35:54, 10 thg 7, 2026",0:0:0:0:0:0:0:0,N/A,null,"100101,100164,100146,100221,100265,109237,109187,156193,100691,100626,100277,100272,134937,166353,100223"
N/A,false,0,0,USER_0004,HOST_0007,"{sysmon-eventid=8, Description=N/A, Message=N/A, Pipe Name=N/A, sysmon-processid=193324, sysmon-sourceimage=C:\Program Files (x86)\Mobatek\MobaXterm\MobaXterm.exe, channel=Microsoft-Windows-Sysmon/Operational, Logon Account Domain=DOMAIN_0001.LOCAL, Object Name=N/A, Target Process Path=C:\Users\USER_0015\AppData\Roaming\MobaXterm\slash\bin\MobaSCPRinew.exe, Process Name=MobaXterm.exe, Account Name=USER_0004, Logon Type=N/A, Target User Domain=DOMAIN_0001.LOCAL, Account Security ID=S-1-5-21-0002, Share Name=N/A, Authentication Package=N/A, sysmon-processguid={5b31cfa1-921d-6a50-8f30-070000001a00}, sysmon-sourceprocessguid={5b31cfa1-921d-6a50-8f30-070000001a00}, Logon Account Name=USER_0004, Realm=DOMAIN_0001.LOCAL, Source Process Path=C:\Program Files (x86)\Mobatek\MobaXterm\MobaXterm.exe, EventIDCode=8, Account ID=S-1-5-21-0002, sysmon-targetprocessid=181436, Process Path=C:\Program Files (x86)\Mobatek\MobaXterm\MobaXterm.exe, sysmon-utctime=2026-07-10 06:35:36.966, Status Code=N/A, User Domain=DOMAIN_0001.LOCAL, Key Length=N/A, Target Username=USER_0004, Event ID=8, Target Process Name=MobaSCPRinew.exe, sysmon-startmodule=-, ProgramName=N/A, Start Module=-, sysmon-startfunction=-, sysmon-user=USER_0002, SourceImageTempPath=N/A, Process GUID=N/A, Machine Identifier=HOST_0008, Object Type=N/A, Start Address=0x00000000004014A0, Target Account Security ID=S-1-5-21-0002, Start Function=-, sysmon-startaddress=0x00000000004014A0, Device Name=HOST_0008, sysmon-targetimage=C:\Users\QTHT~1.CHU\AppData\Roaming\MobaXterm\slash\bin\MobaSCPRinew.exe}",false,MAC_0001,MAC_0002,[REDACTED_DUPLICATE_PAYLOAD],3,53779,0,12,false,0:0:0:0:0:0:0:0,N/A,0,N/A,7036,<13>Jul 10 13:35:39 10.0.0.4.vnpost AgentDevice=WindowsLog	AgentLogFile=Microsoft-Windows-Sysmon/Operational	PluginVersion=7.3.1.28	Source=Microsoft-Windows-Sysmon	Computer=Jump-QTHTvDL-App	OriginatingComputer=Jump-QTHTvDL-App	User=USER_0002	Domain=DOMAIN_0006.LOCAL	EventID=8	EventIDCode=8	EventType=4	EventCategory=8	RecordNumber=73444296	TimeGenerated=1783665336	TimeWritten=1783665336	Level=Informational	Keywords=0x8000000000000000	Task=SysmonTask-SYSMON_CREATE_REMOTE_THREAD	Opcode=Info	Message=CreateRemoteThread detected: RuleName: - UtcTime: 2026-07-10 06:35:36.966 SourceProcessGuid: {5b31cfa1-921d-6a50-8f30-070000001a00} SourceProcessId: 193324 SourceImage: C:\Program Files (x86)\Mobatek\MobaXterm\MobaXterm.exe TargetProcessGuid: {5b31cfa1-92b8-6a50-a930-070000001a00} TargetProcessId: 181436 TargetImage: C:\Users\USER_0015\AppData\Roaming\MobaXterm\slash\bin\MobaSCPRinew.exe NewThreadId: 195932 StartAddress: 0x00000000004014A0 StartModule: - StartFunction: - ,Suspicious Windows Events,N/A,1,0,unknown,N/A,CreateRemoteThread,unknown,0,null,1783665336000,255,0,false,0,"true""""",Microsoft-Windows-Sysmon/Operational,HOST_0004,The CreateRemoteThread event detects when a process creates a thread in another process.,0,1783665343675,No Offense,255,HOST_0009 @ 10.0.0.4,true,3,false,N/A,10.0.0.4,false,1783665343675,5,NETWORK_0002,35,8,0,3,-1,HOST_0004,[REDACTED_DUPLICATE_PAYLOAD],USER_0002,5001845,false,null,N/A,"13:35:43, 10 thg 7, 2026","13:35:36, 10 thg 7, 2026",MAC_0002,HOST_0006,439,0,false,10.0.0.4,0,N/A,10.0.0.3,1,"13:35:43, 10 thg 7, 2026",0:0:0:0:0:0:0:0,N/A,null,"100101,100164,100146,100221,100265,109237,109187,156193,100691,100626,100277,100272,134937,166353,100223"
N/A,false,0,0,USER_0004,HOST_0007,"{sysmon-eventid=8, Description=N/A, Message=N/A, Pipe Name=N/A, sysmon-processid=193324, sysmon-sourceimage=C:\Program Files (x86)\Mobatek\MobaXterm\MobaXterm.exe, channel=Microsoft-Windows-Sysmon/Operational, Logon Account Domain=DOMAIN_0001.LOCAL, Object Name=N/A, Target Process Path=C:\Users\USER_0015\AppData\Roaming\MobaXterm\slash\bin\MobaSCPRinew.exe, Process Name=MobaXterm.exe, Account Name=USER_0004, Logon Type=N/A, Target User Domain=DOMAIN_0001.LOCAL, Account Security ID=S-1-5-21-0002, Share Name=N/A, Authentication Package=N/A, sysmon-processguid={5b31cfa1-921d-6a50-8f30-070000001a00}, sysmon-sourceprocessguid={5b31cfa1-921d-6a50-8f30-070000001a00}, Logon Account Name=USER_0004, Realm=DOMAIN_0001.LOCAL, Source Process Path=C:\Program Files (x86)\Mobatek\MobaXterm\MobaXterm.exe, EventIDCode=8, Account ID=S-1-5-21-0002, sysmon-targetprocessid=197900, Process Path=C:\Program Files (x86)\Mobatek\MobaXterm\MobaXterm.exe, sysmon-utctime=2026-07-10 06:35:32.216, Status Code=N/A, User Domain=DOMAIN_0001.LOCAL, Key Length=N/A, Target Username=USER_0004, Event ID=8, Target Process Name=MobaSCPRinew.exe, sysmon-startmodule=-, ProgramName=N/A, Start Module=-, sysmon-startfunction=-, sysmon-user=USER_0002, SourceImageTempPath=N/A, Process GUID=N/A, Machine Identifier=HOST_0008, Object Type=N/A, Start Address=0x00000000004014A0, Target Account Security ID=S-1-5-21-0002, Start Function=-, sysmon-startaddress=0x00000000004014A0, Device Name=HOST_0008, sysmon-targetimage=C:\Users\QTHT~1.CHU\AppData\Roaming\MobaXterm\slash\bin\MobaSCPRinew.exe}",false,MAC_0001,MAC_0002,[REDACTED_DUPLICATE_PAYLOAD],3,53779,0,12,false,0:0:0:0:0:0:0:0,N/A,0,N/A,7036,<13>Jul 10 13:35:33 10.0.0.4.vnpost AgentDevice=WindowsLog	AgentLogFile=Microsoft-Windows-Sysmon/Operational	PluginVersion=7.3.1.28	Source=Microsoft-Windows-Sysmon	Computer=Jump-QTHTvDL-App	OriginatingComputer=Jump-QTHTvDL-App	User=USER_0002	Domain=DOMAIN_0006.LOCAL	EventID=8	EventIDCode=8	EventType=4	EventCategory=8	RecordNumber=73444162	TimeGenerated=1783665332	TimeWritten=1783665332	Level=Informational	Keywords=0x8000000000000000	Task=SysmonTask-SYSMON_CREATE_REMOTE_THREAD	Opcode=Info	Message=CreateRemoteThread detected: RuleName: - UtcTime: 2026-07-10 06:35:32.216 SourceProcessGuid: {5b31cfa1-921d-6a50-8f30-070000001a00} SourceProcessId: 193324 SourceImage: C:\Program Files (x86)\Mobatek\MobaXterm\MobaXterm.exe TargetProcessGuid: {5b31cfa1-92b4-6a50-a730-070000001a00} TargetProcessId: 197900 TargetImage: C:\Users\USER_0015\AppData\Roaming\MobaXterm\slash\bin\MobaSCPRinew.exe NewThreadId: 198096 StartAddress: 0x00000000004014A0 StartModule: - StartFunction: - ,Suspicious Windows Events,N/A,1,0,unknown,N/A,CreateRemoteThread,unknown,0,null,1783665332000,255,0,false,0,"true""""",Microsoft-Windows-Sysmon/Operational,HOST_0004,The CreateRemoteThread event detects when a process creates a thread in another process.,0,1783665343665,No Offense,255,HOST_0009 @ 10.0.0.4,true,3,false,N/A,10.0.0.4,false,1783665343665,5,NETWORK_0002,35,8,0,3,-1,HOST_0004,[REDACTED_DUPLICATE_PAYLOAD],USER_0002,5001845,false,null,N/A,"13:35:43, 10 thg 7, 2026","13:35:32, 10 thg 7, 2026",MAC_0002,HOST_0006,439,0,false,10.0.0.4,0,N/A,10.0.0.3,1,"13:35:43, 10 thg 7, 2026",0:0:0:0:0:0:0:0,N/A,null,"100101,100164,100146,100221,100265,109237,109187,156193,100691,100626,100277,100272,134937,166353,100223"
N/A,false,0,0,USER_0004,HOST_0007,"{sysmon-eventid=8, Description=N/A, Message=N/A, Pipe Name=N/A, sysmon-processid=193324, sysmon-sourceimage=C:\Program Files (x86)\Mobatek\MobaXterm\MobaXterm.exe, channel=Microsoft-Windows-Sysmon/Operational, Logon Account Domain=DOMAIN_0001.LOCAL, Object Name=N/A, Target Process Path=C:\Users\USER_0015\AppData\Roaming\MobaXterm\slash\bin\MobaSCPRinew.exe, Process Name=MobaXterm.exe, Account Name=USER_0004, Logon Type=N/A, Target User Domain=DOMAIN_0001.LOCAL, Account Security ID=S-1-5-21-0002, Share Name=N/A, Authentication Package=N/A, sysmon-processguid={5b31cfa1-921d-6a50-8f30-070000001a00}, sysmon-sourceprocessguid={5b31cfa1-921d-6a50-8f30-070000001a00}, Logon Account Name=USER_0004, Realm=DOMAIN_0001.LOCAL, Source Process Path=C:\Program Files (x86)\Mobatek\MobaXterm\MobaXterm.exe, EventIDCode=8, Account ID=S-1-5-21-0002, sysmon-targetprocessid=195396, Process Path=C:\Program Files (x86)\Mobatek\MobaXterm\MobaXterm.exe, sysmon-utctime=2026-07-10 06:35:27.310, Status Code=N/A, User Domain=DOMAIN_0001.LOCAL, Key Length=N/A, Target Username=USER_0004, Event ID=8, Target Process Name=MobaSCPRinew.exe, sysmon-startmodule=-, ProgramName=N/A, Start Module=-, sysmon-startfunction=-, sysmon-user=USER_0002, SourceImageTempPath=N/A, Process GUID=N/A, Machine Identifier=HOST_0008, Object Type=N/A, Start Address=0x00000000004014A0, Target Account Security ID=S-1-5-21-0002, Start Function=-, sysmon-startaddress=0x00000000004014A0, Device Name=HOST_0008, sysmon-targetimage=C:\Users\QTHT~1.CHU\AppData\Roaming\MobaXterm\slash\bin\MobaSCPRinew.exe}",false,MAC_0001,MAC_0002,[REDACTED_DUPLICATE_PAYLOAD],3,53779,0,12,false,0:0:0:0:0:0:0:0,N/A,0,N/A,7036,<13>Jul 10 13:35:30 10.0.0.4.vnpost AgentDevice=WindowsLog	AgentLogFile=Microsoft-Windows-Sysmon/Operational	PluginVersion=7.3.1.28	Source=Microsoft-Windows-Sysmon	Computer=Jump-QTHTvDL-App	OriginatingComputer=Jump-QTHTvDL-App	User=USER_0002	Domain=DOMAIN_0006.LOCAL	EventID=8	EventIDCode=8	EventType=4	EventCategory=8	RecordNumber=73444039	TimeGenerated=1783665327	TimeWritten=1783665327	Level=Informational	Keywords=0x8000000000000000	Task=SysmonTask-SYSMON_CREATE_REMOTE_THREAD	Opcode=Info	Message=CreateRemoteThread detected: RuleName: - UtcTime: 2026-07-10 06:35:27.310 SourceProcessGuid: {5b31cfa1-921d-6a50-8f30-070000001a00} SourceProcessId: 193324 SourceImage: C:\Program Files (x86)\Mobatek\MobaXterm\MobaXterm.exe TargetProcessGuid: {5b31cfa1-92af-6a50-a530-070000001a00} TargetProcessId: 195396 TargetImage: C:\Users\USER_0015\AppData\Roaming\MobaXterm\slash\bin\MobaSCPRinew.exe NewThreadId: 156976 StartAddress: 0x00000000004014A0 StartModule: - StartFunction: - ,Suspicious Windows Events,N/A,1,0,unknown,N/A,CreateRemoteThread,unknown,0,null,1783665327000,255,0,false,0,"true""""",Microsoft-Windows-Sysmon/Operational,HOST_0004,The CreateRemoteThread event detects when a process creates a thread in another process.,0,1783665332738,No Offense,255,HOST_0009 @ 10.0.0.4,true,3,false,N/A,10.0.0.4,false,1783665332738,5,NETWORK_0002,35,8,0,3,-1,HOST_0004,[REDACTED_DUPLICATE_PAYLOAD],USER_0002,5001845,false,null,N/A,"13:35:32, 10 thg 7, 2026","13:35:27, 10 thg 7, 2026",MAC_0002,HOST_0006,439,0,false,10.0.0.4,0,N/A,10.0.0.3,1,"13:35:32, 10 thg 7, 2026",0:0:0:0:0:0:0:0,N/A,null,"100101,100164,100146,100221,100265,109237,109187,156193,100691,100626,100277,100272,134937,166353,100223"
N/A,false,0,0,USER_0004,HOST_0007,"{sysmon-eventid=8, Description=N/A, Message=N/A, Pipe Name=N/A, sysmon-processid=193324, sysmon-sourceimage=C:\Program Files (x86)\Mobatek\MobaXterm\MobaXterm.exe, channel=Microsoft-Windows-Sysmon/Operational, Logon Account Domain=DOMAIN_0001.LOCAL, Object Name=N/A, Target Process Path=C:\Users\USER_0015\AppData\Roaming\MobaXterm\slash\bin\MobaSCPRinew.exe, Process Name=MobaXterm.exe, Account Name=USER_0004, Logon Type=N/A, Target User Domain=DOMAIN_0001.LOCAL, Account Security ID=S-1-5-21-0002, Share Name=N/A, Authentication Package=N/A, sysmon-processguid={5b31cfa1-921d-6a50-8f30-070000001a00}, sysmon-sourceprocessguid={5b31cfa1-921d-6a50-8f30-070000001a00}, Logon Account Name=USER_0004, Realm=DOMAIN_0001.LOCAL, Source Process Path=C:\Program Files (x86)\Mobatek\MobaXterm\MobaXterm.exe, EventIDCode=8, Account ID=S-1-5-21-0002, sysmon-targetprocessid=194720, Process Path=C:\Program Files (x86)\Mobatek\MobaXterm\MobaXterm.exe, sysmon-utctime=2026-07-10 06:35:20.216, Status Code=N/A, User Domain=DOMAIN_0001.LOCAL, Key Length=N/A, Target Username=USER_0004, Event ID=8, Target Process Name=MobaSCPRinew.exe, sysmon-startmodule=-, ProgramName=N/A, Start Module=-, sysmon-startfunction=-, sysmon-user=USER_0002, SourceImageTempPath=N/A, Process GUID=N/A, Machine Identifier=HOST_0008, Object Type=N/A, Start Address=0x00000000004014A0, Target Account Security ID=S-1-5-21-0002, Start Function=-, sysmon-startaddress=0x00000000004014A0, Device Name=HOST_0008, sysmon-targetimage=C:\Users\QTHT~1.CHU\AppData\Roaming\MobaXterm\slash\bin\MobaSCPRinew.exe}",false,MAC_0001,MAC_0002,[REDACTED_DUPLICATE_PAYLOAD],3,53779,0,12,false,0:0:0:0:0:0:0:0,N/A,0,N/A,7036,<13>Jul 10 13:35:21 10.0.0.4.vnpost AgentDevice=WindowsLog	AgentLogFile=Microsoft-Windows-Sysmon/Operational	PluginVersion=7.3.1.28	Source=Microsoft-Windows-Sysmon	Computer=Jump-QTHTvDL-App	OriginatingComputer=Jump-QTHTvDL-App	User=USER_0002	Domain=DOMAIN_0006.LOCAL	EventID=8	EventIDCode=8	EventType=4	EventCategory=8	RecordNumber=73443817	TimeGenerated=1783665320	TimeWritten=1783665320	Level=Informational	Keywords=0x8000000000000000	Task=SysmonTask-SYSMON_CREATE_REMOTE_THREAD	Opcode=Info	Message=CreateRemoteThread detected: RuleName: - UtcTime: 2026-07-10 06:35:20.216 SourceProcessGuid: {5b31cfa1-921d-6a50-8f30-070000001a00} SourceProcessId: 193324 SourceImage: C:\Program Files (x86)\Mobatek\MobaXterm\MobaXterm.exe TargetProcessGuid: {5b31cfa1-92a8-6a50-a330-070000001a00} TargetProcessId: 194720 TargetImage: C:\Users\USER_0015\AppData\Roaming\MobaXterm\slash\bin\MobaSCPRinew.exe NewThreadId: 194028 StartAddress: 0x00000000004014A0 StartModule: - StartFunction: - ,Suspicious Windows Events,N/A,1,0,unknown,N/A,CreateRemoteThread,unknown,0,null,1783665320000,255,0,false,0,"true""""",Microsoft-Windows-Sysmon/Operational,HOST_0004,The CreateRemoteThread event detects when a process creates a thread in another process.,0,1783665322633,No Offense,255,HOST_0009 @ 10.0.0.4,true,3,false,N/A,10.0.0.4,false,1783665322633,5,NETWORK_0002,35,8,0,3,-1,HOST_0004,[REDACTED_DUPLICATE_PAYLOAD],USER_0002,5001845,false,null,N/A,"13:35:22, 10 thg 7, 2026","13:35:20, 10 thg 7, 2026",MAC_0002,HOST_0006,439,0,false,10.0.0.4,0,N/A,10.0.0.3,1,"13:35:22, 10 thg 7, 2026",0:0:0:0:0:0:0:0,N/A,null,"100101,100164,100146,100221,100265,109237,109187,156193,100691,100626,100277,100272,134937,166353,100223"
N/A,false,0,0,USER_0004,HOST_0007,"{sysmon-eventid=8, Description=N/A, Message=N/A, Pipe Name=N/A, sysmon-processid=193324, sysmon-sourceimage=C:\Program Files (x86)\Mobatek\MobaXterm\MobaXterm.exe, channel=Microsoft-Windows-Sysmon/Operational, Logon Account Domain=DOMAIN_0001.LOCAL, Object Name=N/A, Target Process Path=C:\Users\USER_0015\AppData\Roaming\MobaXterm\slash\bin\MoTTYnew.exe, Process Name=MobaXterm.exe, Account Name=USER_0004, Logon Type=N/A, Target User Domain=DOMAIN_0001.LOCAL, Account Security ID=S-1-5-21-0002, Share Name=N/A, Authentication Package=N/A, sysmon-processguid={5b31cfa1-921d-6a50-8f30-070000001a00}, sysmon-sourceprocessguid={5b31cfa1-921d-6a50-8f30-070000001a00}, Logon Account Name=USER_0004, Realm=DOMAIN_0001.LOCAL, Source Process Path=C:\Program Files (x86)\Mobatek\MobaXterm\MobaXterm.exe, EventIDCode=8, Account ID=S-1-5-21-0002, sysmon-targetprocessid=195800, Process Path=C:\Program Files (x86)\Mobatek\MobaXterm\MobaXterm.exe, sysmon-utctime=2026-07-10 06:35:19.435, Status Code=N/A, User Domain=DOMAIN_0001.LOCAL, Key Length=N/A, Target Username=USER_0004, Event ID=8, Target Process Name=MoTTYnew.exe, sysmon-startmodule=-, ProgramName=N/A, Start Module=-, sysmon-startfunction=-, sysmon-user=USER_0002, SourceImageTempPath=N/A, Process GUID=N/A, Machine Identifier=HOST_0008, Object Type=N/A, Start Address=0x0000000000401480, Target Account Security ID=S-1-5-21-0002, Start Function=-, sysmon-startaddress=0x0000000000401480, Device Name=HOST_0008, sysmon-targetimage=C:\Users\QTHT~1.CHU\AppData\Roaming\MobaXterm\slash\bin\MoTTYnew.exe}",false,MAC_0001,MAC_0002,[REDACTED_DUPLICATE_PAYLOAD],3,53779,0,12,false,0:0:0:0:0:0:0:0,N/A,0,N/A,7036,<13>Jul 10 13:35:21 10.0.0.4.vnpost AgentDevice=WindowsLog	AgentLogFile=Microsoft-Windows-Sysmon/Operational	PluginVersion=7.3.1.28	Source=Microsoft-Windows-Sysmon	Computer=Jump-QTHTvDL-App	OriginatingComputer=Jump-QTHTvDL-App	User=USER_0002	Domain=DOMAIN_0006.LOCAL	EventID=8	EventIDCode=8	EventType=4	EventCategory=8	RecordNumber=73443753	TimeGenerated=1783665319	TimeWritten=1783665319	Level=Informational	Keywords=0x8000000000000000	Task=SysmonTask-SYSMON_CREATE_REMOTE_THREAD	Opcode=Info	Message=CreateRemoteThread detected: RuleName: - UtcTime: 2026-07-10 06:35:19.435 SourceProcessGuid: {5b31cfa1-921d-6a50-8f30-070000001a00} SourceProcessId: 193324 SourceImage: C:\Program Files (x86)\Mobatek\MobaXterm\MobaXterm.exe TargetProcessGuid: {5b31cfa1-92a7-6a50-a230-070000001a00} TargetProcessId: 195800 TargetImage: C:\Users\USER_0015\AppData\Roaming\MobaXterm\slash\bin\MoTTYnew.exe NewThreadId: 188660 StartAddress: 0x0000000000401480 StartModule: - StartFunction: - ,Suspicious Windows Events,N/A,1,0,unknown,N/A,CreateRemoteThread,unknown,0,null,1783665319000,255,0,false,0,"true""""",Microsoft-Windows-Sysmon/Operational,HOST_0004,The CreateRemoteThread event detects when a process creates a thread in another process.,0,1783665322604,No Offense,255,HOST_0009 @ 10.0.0.4,true,3,false,N/A,10.0.0.4,false,1783665322604,5,NETWORK_0002,35,8,0,3,-1,HOST_0004,[REDACTED_DUPLICATE_PAYLOAD],USER_0002,5001845,false,null,N/A,"13:35:22, 10 thg 7, 2026","13:35:19, 10 thg 7, 2026",MAC_0002,HOST_0006,439,0,false,10.0.0.4,0,N/A,10.0.0.3,1,"13:35:22, 10 thg 7, 2026",0:0:0:0:0:0:0:0,N/A,null,"100101,100164,100146,100221,100265,109237,109187,156193,100691,100626,100277,100272,134937,166353,100223"
N/A,false,0,0,USER_0004,HOST_0007,"{sysmon-eventid=8, Description=N/A, Message=N/A, Pipe Name=N/A, sysmon-processid=193324, sysmon-sourceimage=C:\Program Files (x86)\Mobatek\MobaXterm\MobaXterm.exe, channel=Microsoft-Windows-Sysmon/Operational, Logon Account Domain=DOMAIN_0001.LOCAL, Object Name=N/A, Target Process Path=C:\Users\USER_0015\AppData\Roaming\MobaXterm\slash\bin\MobaSCPRinew.exe, Process Name=MobaXterm.exe, Account Name=USER_0004, Logon Type=N/A, Target User Domain=DOMAIN_0001.LOCAL, Account Security ID=S-1-5-21-0002, Share Name=N/A, Authentication Package=N/A, sysmon-processguid={5b31cfa1-921d-6a50-8f30-070000001a00}, sysmon-sourceprocessguid={5b31cfa1-921d-6a50-8f30-070000001a00}, Logon Account Name=USER_0004, Realm=DOMAIN_0001.LOCAL, Source Process Path=C:\Program Files (x86)\Mobatek\MobaXterm\MobaXterm.exe, EventIDCode=8, Account ID=S-1-5-21-0002, sysmon-targetprocessid=183468, Process Path=C:\Program Files (x86)\Mobatek\MobaXterm\MobaXterm.exe, sysmon-utctime=2026-07-10 06:35:15.106, Status Code=N/A, User Domain=DOMAIN_0001.LOCAL, Key Length=N/A, Target Username=USER_0004, Event ID=8, Target Process Name=MobaSCPRinew.exe, sysmon-startmodule=-, ProgramName=N/A, Start Module=-, sysmon-startfunction=-, sysmon-user=USER_0002, SourceImageTempPath=N/A, Process GUID=N/A, Machine Identifier=HOST_0008, Object Type=N/A, Start Address=0x00000000004014A0, Target Account Security ID=S-1-5-21-0002, Start Function=-, sysmon-startaddress=0x00000000004014A0, Device Name=HOST_0008, sysmon-targetimage=C:\Users\QTHT~1.CHU\AppData\Roaming\MobaXterm\slash\bin\MobaSCPRinew.exe}",false,MAC_0001,MAC_0002,[REDACTED_DUPLICATE_PAYLOAD],3,53779,0,12,false,0:0:0:0:0:0:0:0,N/A,0,N/A,7036,<13>Jul 10 13:35:15 10.0.0.4.vnpost AgentDevice=WindowsLog	AgentLogFile=Microsoft-Windows-Sysmon/Operational	PluginVersion=7.3.1.28	Source=Microsoft-Windows-Sysmon	Computer=Jump-QTHTvDL-App	OriginatingComputer=Jump-QTHTvDL-App	User=USER_0002	Domain=DOMAIN_0006.LOCAL	EventID=8	EventIDCode=8	EventType=4	EventCategory=8	RecordNumber=73443289	TimeGenerated=1783665315	TimeWritten=1783665315	Level=Informational	Keywords=0x8000000000000000	Task=SysmonTask-SYSMON_CREATE_REMOTE_THREAD	Opcode=Info	Message=CreateRemoteThread detected: RuleName: - UtcTime: 2026-07-10 06:35:15.106 SourceProcessGuid: {5b31cfa1-921d-6a50-8f30-070000001a00} SourceProcessId: 193324 SourceImage: C:\Program Files (x86)\Mobatek\MobaXterm\MobaXterm.exe TargetProcessGuid: {5b31cfa1-92a2-6a50-a030-070000001a00} TargetProcessId: 183468 TargetImage: C:\Users\USER_0015\AppData\Roaming\MobaXterm\slash\bin\MobaSCPRinew.exe NewThreadId: 193904 StartAddress: 0x00000000004014A0 StartModule: - StartFunction: - ,Suspicious Windows Events,N/A,1,0,unknown,N/A,CreateRemoteThread,unknown,0,null,1783665315000,255,0,false,0,"true""""",Microsoft-Windows-Sysmon/Operational,HOST_0004,The CreateRemoteThread event detects when a process creates a thread in another process.,0,1783665322579,No Offense,255,HOST_0009 @ 10.0.0.4,true,3,false,N/A,10.0.0.4,false,1783665322579,5,NETWORK_0002,35,8,0,3,-1,HOST_0004,[REDACTED_DUPLICATE_PAYLOAD],USER_0002,5001845,false,null,N/A,"13:35:22, 10 thg 7, 2026","13:35:15, 10 thg 7, 2026",MAC_0002,HOST_0006,439,0,false,10.0.0.4,0,N/A,10.0.0.3,1,"13:35:22, 10 thg 7, 2026",0:0:0:0:0:0:0:0,N/A,null,"100101,100164,100146,100221,100265,109237,109187,156193,100691,100626,100277,100272,134937,166353,100223"
N/A,false,0,0,USER_0004,HOST_0007,"{sysmon-eventid=8, Description=N/A, Message=N/A, Pipe Name=N/A, sysmon-processid=193324, sysmon-sourceimage=C:\Program Files (x86)\Mobatek\MobaXterm\MobaXterm.exe, channel=Microsoft-Windows-Sysmon/Operational, Logon Account Domain=DOMAIN_0001.LOCAL, Object Name=N/A, Target Process Path=C:\Users\USER_0015\AppData\Roaming\MobaXterm\slash\bin\MoTTYnew.exe, Process Name=MobaXterm.exe, Account Name=USER_0004, Logon Type=N/A, Target User Domain=DOMAIN_0001.LOCAL, Account Security ID=S-1-5-21-0002, Share Name=N/A, Authentication Package=N/A, sysmon-processguid={5b31cfa1-921d-6a50-8f30-070000001a00}, sysmon-sourceprocessguid={5b31cfa1-921d-6a50-8f30-070000001a00}, Logon Account Name=USER_0004, Realm=DOMAIN_0001.LOCAL, Source Process Path=C:\Program Files (x86)\Mobatek\MobaXterm\MobaXterm.exe, EventIDCode=8, Account ID=S-1-5-21-0002, sysmon-targetprocessid=193052, Process Path=C:\Program Files (x86)\Mobatek\MobaXterm\MobaXterm.exe, sysmon-utctime=2026-07-10 06:35:14.388, Status Code=N/A, User Domain=DOMAIN_0001.LOCAL, Key Length=N/A, Target Username=USER_0004, Event ID=8, Target Process Name=MoTTYnew.exe, sysmon-startmodule=-, ProgramName=N/A, Start Module=-, sysmon-startfunction=-, sysmon-user=USER_0002, SourceImageTempPath=N/A, Process GUID=N/A, Machine Identifier=HOST_0008, Object Type=N/A, Start Address=0x0000000000401480, Target Account Security ID=S-1-5-21-0002, Start Function=-, sysmon-startaddress=0x0000000000401480, Device Name=HOST_0008, sysmon-targetimage=C:\Users\QTHT~1.CHU\AppData\Roaming\MobaXterm\slash\bin\MoTTYnew.exe}",false,MAC_0001,MAC_0002,[REDACTED_DUPLICATE_PAYLOAD],3,53779,0,12,false,0:0:0:0:0:0:0:0,N/A,0,N/A,7036,<13>Jul 10 13:35:15 10.0.0.4.vnpost AgentDevice=WindowsLog	AgentLogFile=Microsoft-Windows-Sysmon/Operational	PluginVersion=7.3.1.28	Source=Microsoft-Windows-Sysmon	Computer=Jump-QTHTvDL-App	OriginatingComputer=Jump-QTHTvDL-App	User=USER_0002	Domain=DOMAIN_0006.LOCAL	EventID=8	EventIDCode=8	EventType=4	EventCategory=8	RecordNumber=73442877	TimeGenerated=1783665314	TimeWritten=1783665314	Level=Informational	Keywords=0x8000000000000000	Task=SysmonTask-SYSMON_CREATE_REMOTE_THREAD	Opcode=Info	Message=CreateRemoteThread detected: RuleName: - UtcTime: 2026-07-10 06:35:14.388 SourceProcessGuid: {5b31cfa1-921d-6a50-8f30-070000001a00} SourceProcessId: 193324 SourceImage: C:\Program Files (x86)\Mobatek\MobaXterm\MobaXterm.exe TargetProcessGuid: {5b31cfa1-92a2-6a50-9f30-070000001a00} TargetProcessId: 193052 TargetImage: C:\Users\USER_0015\AppData\Roaming\MobaXterm\slash\bin\MoTTYnew.exe NewThreadId: 198592 StartAddress: 0x0000000000401480 StartModule: - StartFunction: - ,Suspicious Windows Events,N/A,1,0,unknown,N/A,CreateRemoteThread,unknown,0,null,1783665314000,255,0,false,0,"true""""",Microsoft-Windows-Sysmon/Operational,HOST_0004,The CreateRemoteThread event detects when a process creates a thread in another process.,0,1783665322560,No Offense,255,HOST_0009 @ 10.0.0.4,true,3,false,N/A,10.0.0.4,false,1783665322560,5,NETWORK_0002,35,8,0,3,-1,HOST_0004,[REDACTED_DUPLICATE_PAYLOAD],USER_0002,5001845,false,null,N/A,"13:35:22, 10 thg 7, 2026","13:35:14, 10 thg 7, 2026",MAC_0002,HOST_0006,439,0,false,10.0.0.4,0,N/A,10.0.0.3,1,"13:35:22, 10 thg 7, 2026",0:0:0:0:0:0:0:0,N/A,null,"100101,100164,100146,100221,100265,109237,109187,156193,100691,100626,100277,100272,134937,166353,100223"
N/A,false,0,0,USER_0004,HOST_0007,"{sysmon-eventid=8, Description=N/A, Message=N/A, Pipe Name=N/A, sysmon-processid=173364, sysmon-sourceimage=C:\Users\qtht.chung\AppData\Roaming\MobaXterm\slash\bin\bash.exe, channel=Microsoft-Windows-Sysmon/Operational, Logon Account Domain=DOMAIN_0001.LOCAL, Object Name=N/A, Target Process Path=C:\Users\USER_0017\AppData\Roaming\MobaXterm\slash\bin\bash.exe, Process Name=bash.exe, Account Name=USER_0004, Logon Type=N/A, Target User Domain=DOMAIN_0001.LOCAL, Account Security ID=S-1-5-21-0002, Share Name=N/A, Authentication Package=N/A, sysmon-processguid={5b31cfa1-9220-6a50-9930-070000001a00}, sysmon-sourceprocessguid={5b31cfa1-9220-6a50-9930-070000001a00}, Logon Account Name=USER_0004, Realm=DOMAIN_0001.LOCAL, Source Process Path=C:\Users\USER_0017\AppData\Roaming\MobaXterm\slash\bin\bash.exe, EventIDCode=8, Account ID=S-1-5-21-0002, sysmon-targetprocessid=196868, Process Path=C:\Users\USER_0017\AppData\Roaming\MobaXterm\slash\bin\bash.exe, sysmon-utctime=2026-07-10 06:33:05.932, Status Code=N/A, User Domain=DOMAIN_0001.LOCAL, Key Length=N/A, Target Username=USER_0004, Event ID=8, Target Process Name=bash.exe, sysmon-startmodule=-, ProgramName=N/A, Start Module=-, sysmon-startfunction=-, sysmon-user=USER_0002, SourceImageTempPath=N/A, Process GUID=N/A, Machine Identifier=HOST_0008, Object Type=N/A, Start Address=0x0000000000401000, Target Account Security ID=S-1-5-21-0002, Start Function=-, sysmon-startaddress=0x0000000000401000, Device Name=HOST_0008, sysmon-targetimage=C:\Users\qtht.chung\AppData\Roaming\MobaXterm\slash\bin\bash.exe}",false,MAC_0001,MAC_0002,[REDACTED_DUPLICATE_PAYLOAD],10,53779,0,12,false,0:0:0:0:0:0:0:0,N/A,0,N/A,7036,<13>Jul 10 13:33:09 10.0.0.4.vnpost AgentDevice=WindowsLog	AgentLogFile=Microsoft-Windows-Sysmon/Operational	PluginVersion=7.3.1.28	Source=Microsoft-Windows-Sysmon	Computer=Jump-QTHTvDL-App	OriginatingComputer=Jump-QTHTvDL-App	User=USER_0002	Domain=DOMAIN_0006.LOCAL	EventID=8	EventIDCode=8	EventType=4	EventCategory=8	RecordNumber=73437504	TimeGenerated=1783665185	TimeWritten=1783665185	Level=Informational	Keywords=0x8000000000000000	Task=SysmonTask-SYSMON_CREATE_REMOTE_THREAD	Opcode=Info	Message=CreateRemoteThread detected: RuleName: - UtcTime: 2026-07-10 06:33:05.932 SourceProcessGuid: {5b31cfa1-9220-6a50-9930-070000001a00} SourceProcessId: 173364 SourceImage: C:\Users\USER_0017\AppData\Roaming\MobaXterm\slash\bin\bash.exe TargetProcessGuid: {5b31cfa1-9221-6a50-9e30-070000001a00} TargetProcessId: 196868 TargetImage: C:\Users\USER_0017\AppData\Roaming\MobaXterm\slash\bin\bash.exe NewThreadId: 192912 StartAddress: 0x0000000000401000 StartModule: - StartFunction: - ,Suspicious Windows Events,N/A,1,0,unknown,N/A,CreateRemoteThread,unknown,0,null,1783665185000,255,0,false,0,"true""""",Microsoft-Windows-Sysmon/Operational,HOST_0004,The CreateRemoteThread event detects when a process creates a thread in another process.,0,1783665193783,No Offense,255,HOST_0009 @ 10.0.0.4,true,10,false,N/A,10.0.0.4,false,1783665193783,10,NETWORK_0002,35,8,0,10,-1,HOST_0004,[REDACTED_DUPLICATE_PAYLOAD],USER_0002,5001845,false,null,N/A,"13:33:13, 10 thg 7, 2026","13:33:05, 10 thg 7, 2026",MAC_0002,HOST_0006,439,0,false,10.0.0.4,0,N/A,10.0.0.3,9,"13:33:13, 10 thg 7, 2026",0:0:0:0:0:0:0:0,N/A,null,"100101,100164,100146,100221,100265,109237,109187,156193,100641,100626,100277,100272,100677,134937,166353,100223"
N/A,false,0,0,USER_0004,HOST_0007,"{sysmon-eventid=8, Description=N/A, Message=N/A, Pipe Name=N/A, sysmon-processid=193324, sysmon-sourceimage=C:\Program Files (x86)\Mobatek\MobaXterm\MobaXterm.exe, channel=Microsoft-Windows-Sysmon/Operational, Logon Account Domain=DOMAIN_0001.LOCAL, Object Name=N/A, Target Process Path=C:\Users\USER_0015\AppData\Roaming\MobaXterm\slash\bin\XWin_MobaX.exe, Process Name=MobaXterm.exe, Account Name=USER_0004, Logon Type=N/A, Target User Domain=DOMAIN_0001.LOCAL, Account Security ID=S-1-5-21-0002, Share Name=N/A, Authentication Package=N/A, sysmon-processguid={5b31cfa1-921d-6a50-8f30-070000001a00}, sysmon-sourceprocessguid={5b31cfa1-921d-6a50-8f30-070000001a00}, Logon Account Name=USER_0004, Realm=DOMAIN_0001.LOCAL, Source Process Path=C:\Program Files (x86)\Mobatek\MobaXterm\MobaXterm.exe, EventIDCode=8, Account ID=S-1-5-21-0002, sysmon-targetprocessid=197180, Process Path=C:\Program Files (x86)\Mobatek\MobaXterm\MobaXterm.exe, sysmon-utctime=2026-07-10 06:33:04.260, Status Code=N/A, User Domain=DOMAIN_0001.LOCAL, Key Length=N/A, Target Username=USER_0004, Event ID=8, Target Process Name=XWin_MobaX.exe, sysmon-startmodule=-, ProgramName=N/A, Start Module=-, sysmon-startfunction=-, sysmon-user=USER_0002, SourceImageTempPath=N/A, Process GUID=N/A, Machine Identifier=HOST_0008, Object Type=N/A, Start Address=0x00000000004014C0, Target Account Security ID=S-1-5-21-0002, Start Function=-, sysmon-startaddress=0x00000000004014C0, Device Name=HOST_0008, sysmon-targetimage=C:\Users\QTHT~1.CHU\AppData\Roaming\MobaXterm\slash\bin\XWin_MobaX.exe}",false,MAC_0001,MAC_0002,[REDACTED_DUPLICATE_PAYLOAD],3,53779,0,12,false,0:0:0:0:0:0:0:0,N/A,0,N/A,7036,<13>Jul 10 13:33:06 10.0.0.4.vnpost AgentDevice=WindowsLog	AgentLogFile=Microsoft-Windows-Sysmon/Operational	PluginVersion=7.3.1.28	Source=Microsoft-Windows-Sysmon	Computer=Jump-QTHTvDL-App	OriginatingComputer=Jump-QTHTvDL-App	User=USER_0002	Domain=DOMAIN_0006.LOCAL	EventID=8	EventIDCode=8	EventType=4	EventCategory=8	RecordNumber=73437251	TimeGenerated=1783665184	TimeWritten=1783665184	Level=Informational	Keywords=0x8000000000000000	Task=SysmonTask-SYSMON_CREATE_REMOTE_THREAD	Opcode=Info	Message=CreateRemoteThread detected: RuleName: - UtcTime: 2026-07-10 06:33:04.260 SourceProcessGuid: {5b31cfa1-921d-6a50-8f30-070000001a00} SourceProcessId: 193324 SourceImage: C:\Program Files (x86)\Mobatek\MobaXterm\MobaXterm.exe TargetProcessGuid: {5b31cfa1-9220-6a50-9330-070000001a00} TargetProcessId: 197180 TargetImage: C:\Users\USER_0015\AppData\Roaming\MobaXterm\slash\bin\XWin_MobaX.exe NewThreadId: 193280 StartAddress: 0x00000000004014C0 StartModule: - StartFunction: - ,Suspicious Windows Events,N/A,1,0,unknown,N/A,CreateRemoteThread,unknown,0,null,1783665184000,255,0,false,0,"true""""",Microsoft-Windows-Sysmon/Operational,HOST_0004,The CreateRemoteThread event detects when a process creates a thread in another process.,0,1783665193780,No Offense,255,HOST_0009 @ 10.0.0.4,true,3,false,N/A,10.0.0.4,false,1783665193780,5,NETWORK_0002,35,8,0,3,-1,HOST_0004,[REDACTED_DUPLICATE_PAYLOAD],USER_0002,5001845,false,null,N/A,"13:33:13, 10 thg 7, 2026","13:33:04, 10 thg 7, 2026",MAC_0002,HOST_0006,439,0,false,10.0.0.4,0,N/A,10.0.0.3,1,"13:33:13, 10 thg 7, 2026",0:0:0:0:0:0:0:0,N/A,null,"100101,100164,100146,100221,100265,109237,109187,156193,100691,100626,100277,100272,134937,166353,100223"
N/A,false,0,0,USER_0004,HOST_0007,"{sysmon-eventid=8, Description=N/A, Message=N/A, Pipe Name=N/A, sysmon-processid=185980, sysmon-sourceimage=C:\Users\QTHT~1.CHU\AppData\Roaming\MobaXterm\slash\bin\MoTTYnew.exe, channel=Microsoft-Windows-Sysmon/Operational, Logon Account Domain=DOMAIN_0001.LOCAL, Object Name=N/A, Target Process Path=C:\Users\USER_0015\AppData\Roaming\MOBAXT~1\slash\bin\cygtermd.exe, Process Name=MoTTYnew.exe, Account Name=USER_0004, Logon Type=N/A, Target User Domain=DOMAIN_0001.LOCAL, Account Security ID=S-1-5-21-0002, Share Name=N/A, Authentication Package=N/A, sysmon-processguid={5b31cfa1-921f-6a50-9030-070000001a00}, sysmon-sourceprocessguid={5b31cfa1-921f-6a50-9030-070000001a00}, Logon Account Name=USER_0004, Realm=DOMAIN_0001.LOCAL, Source Process Path=C:\Users\USER_0015\AppData\Roaming\MobaXterm\slash\bin\MoTTYnew.exe, EventIDCode=8, Account ID=S-1-5-21-0002, sysmon-targetprocessid=191952, Process Path=C:\Users\USER_0015\AppData\Roaming\MobaXterm\slash\bin\MoTTYnew.exe, sysmon-utctime=2026-07-10 06:33:04.042, Status Code=N/A, User Domain=DOMAIN_0001.LOCAL, Key Length=N/A, Target Username=USER_0004, Event ID=8, Target Process Name=cygtermd.exe, sysmon-startmodule=-, ProgramName=N/A, Start Module=-, sysmon-startfunction=-, sysmon-user=USER_0002, SourceImageTempPath=N/A, Process GUID=N/A, Machine Identifier=HOST_0008, Object Type=N/A, Start Address=0x0000000000401000, Target Account Security ID=S-1-5-21-0002, Start Function=-, sysmon-startaddress=0x0000000000401000, Device Name=HOST_0008, sysmon-targetimage=C:\Users\QTHT~1.CHU\AppData\Roaming\MOBAXT~1\slash\bin\cygtermd.exe}",false,MAC_0001,MAC_0002,[REDACTED_DUPLICATE_PAYLOAD],3,53779,0,12,false,0:0:0:0:0:0:0:0,N/A,0,N/A,7036,<13>Jul 10 13:33:06 10.0.0.4.vnpost AgentDevice=WindowsLog	AgentLogFile=Microsoft-Windows-Sysmon/Operational	PluginVersion=7.3.1.28	Source=Microsoft-Windows-Sysmon	Computer=Jump-QTHTvDL-App	OriginatingComputer=Jump-QTHTvDL-App	User=USER_0002	Domain=DOMAIN_0006.LOCAL	EventID=8	EventIDCode=8	EventType=4	EventCategory=8	RecordNumber=73437209	TimeGenerated=1783665184	TimeWritten=1783665184	Level=Informational	Keywords=0x8000000000000000	Task=SysmonTask-SYSMON_CREATE_REMOTE_THREAD	Opcode=Info	Message=CreateRemoteThread detected: RuleName: - UtcTime: 2026-07-10 06:33:04.042 SourceProcessGuid: {5b31cfa1-921f-6a50-9030-070000001a00} SourceProcessId: 185980 SourceImage: C:\Users\USER_0015\AppData\Roaming\MobaXterm\slash\bin\MoTTYnew.exe TargetProcessGuid: {5b31cfa1-921f-6a50-9130-070000001a00} TargetProcessId: 191952 TargetImage: C:\Users\USER_0015\AppData\Roaming\MOBAXT~1\slash\bin\cygtermd.exe NewThreadId: 195512 StartAddress: 0x0000000000401000 StartModule: - StartFunction: - ,Suspicious Windows Events,N/A,1,0,unknown,N/A,CreateRemoteThread,unknown,0,null,1783665184000,255,0,false,0,"true""""",Microsoft-Windows-Sysmon/Operational,HOST_0004,The CreateRemoteThread event detects when a process creates a thread in another process.,0,1783665193780,No Offense,255,HOST_0009 @ 10.0.0.4,true,3,false,N/A,10.0.0.4,false,1783665193780,5,NETWORK_0002,35,8,0,3,-1,HOST_0004,[REDACTED_DUPLICATE_PAYLOAD],USER_0002,5001845,false,null,N/A,"13:33:13, 10 thg 7, 2026","13:33:04, 10 thg 7, 2026",MAC_0002,HOST_0006,439,0,false,10.0.0.4,0,N/A,10.0.0.3,1,"13:33:13, 10 thg 7, 2026",0:0:0:0:0:0:0:0,N/A,null,"100101,100164,100146,100221,100265,109237,109187,156193,100691,100626,100277,100272,134937,166353,100223"
N/A,false,0,0,USER_0004,HOST_0007,"{sysmon-eventid=8, Description=N/A, Message=N/A, Pipe Name=N/A, sysmon-processid=193324, sysmon-sourceimage=C:\Program Files (x86)\Mobatek\MobaXterm\MobaXterm.exe, channel=Microsoft-Windows-Sysmon/Operational, Logon Account Domain=DOMAIN_0001.LOCAL, Object Name=N/A, Target Process Path=C:\Users\USER_0015\AppData\Roaming\MobaXterm\slash\bin\MoTTYnew.exe, Process Name=MobaXterm.exe, Account Name=USER_0004, Logon Type=N/A, Target User Domain=DOMAIN_0001.LOCAL, Account Security ID=S-1-5-21-0002, Share Name=N/A, Authentication Package=N/A, sysmon-processguid={5b31cfa1-921d-6a50-8f30-070000001a00}, sysmon-sourceprocessguid={5b31cfa1-921d-6a50-8f30-070000001a00}, Logon Account Name=USER_0004, Realm=DOMAIN_0001.LOCAL, Source Process Path=C:\Program Files (x86)\Mobatek\MobaXterm\MobaXterm.exe, EventIDCode=8, Account ID=S-1-5-21-0002, sysmon-targetprocessid=185980, Process Path=C:\Program Files (x86)\Mobatek\MobaXterm\MobaXterm.exe, sysmon-utctime=2026-07-10 06:33:03.776, Status Code=N/A, User Domain=DOMAIN_0001.LOCAL, Key Length=N/A, Target Username=USER_0004, Event ID=8, Target Process Name=MoTTYnew.exe, sysmon-startmodule=-, ProgramName=N/A, Start Module=-, sysmon-startfunction=-, sysmon-user=USER_0002, SourceImageTempPath=N/A, Process GUID=N/A, Machine Identifier=HOST_0008, Object Type=N/A, Start Address=0x0000000000401480, Target Account Security ID=S-1-5-21-0002, Start Function=-, sysmon-startaddress=0x0000000000401480, Device Name=HOST_0008, sysmon-targetimage=C:\Users\QTHT~1.CHU\AppData\Roaming\MobaXterm\slash\bin\MoTTYnew.exe}",false,MAC_0001,MAC_0002,[REDACTED_DUPLICATE_PAYLOAD],3,53779,0,12,false,0:0:0:0:0:0:0:0,N/A,0,N/A,7036,<13>Jul 10 13:33:06 10.0.0.4.vnpost AgentDevice=WindowsLog	AgentLogFile=Microsoft-Windows-Sysmon/Operational	PluginVersion=7.3.1.28	Source=Microsoft-Windows-Sysmon	Computer=Jump-QTHTvDL-App	OriginatingComputer=Jump-QTHTvDL-App	User=USER_0002	Domain=DOMAIN_0006.LOCAL	EventID=8	EventIDCode=8	EventType=4	EventCategory=8	RecordNumber=73437193	TimeGenerated=1783665183	TimeWritten=1783665183	Level=Informational	Keywords=0x8000000000000000	Task=SysmonTask-SYSMON_CREATE_REMOTE_THREAD	Opcode=Info	Message=CreateRemoteThread detected: RuleName: - UtcTime: 2026-07-10 06:33:03.776 SourceProcessGuid: {5b31cfa1-921d-6a50-8f30-070000001a00} SourceProcessId: 193324 SourceImage: C:\Program Files (x86)\Mobatek\MobaXterm\MobaXterm.exe TargetProcessGuid: {5b31cfa1-921f-6a50-9030-070000001a00} TargetProcessId: 185980 TargetImage: C:\Users\USER_0015\AppData\Roaming\MobaXterm\slash\bin\MoTTYnew.exe NewThreadId: 193692 StartAddress: 0x0000000000401480 StartModule: - StartFunction: - ,Suspicious Windows Events,N/A,1,0,unknown,N/A,CreateRemoteThread,unknown,0,null,1783665183000,255,0,false,0,"true""""",Microsoft-Windows-Sysmon/Operational,HOST_0004,The CreateRemoteThread event detects when a process creates a thread in another process.,0,1783665193777,No Offense,255,HOST_0009 @ 10.0.0.4,true,3,false,N/A,10.0.0.4,false,1783665193777,5,NETWORK_0002,35,8,0,3,-1,HOST_0004,[REDACTED_DUPLICATE_PAYLOAD],USER_0002,5001845,false,null,N/A,"13:33:13, 10 thg 7, 2026","13:33:03, 10 thg 7, 2026",MAC_0002,HOST_0006,439,0,false,10.0.0.4,0,N/A,10.0.0.3,1,"13:33:13, 10 thg 7, 2026",0:0:0:0:0:0:0:0,N/A,null,"100101,100164,100146,100221,100265,109237,109187,156193,100691,100626,100277,100272,134937,166353,100223"
N/A,false,0,0,USER_0004,HOST_0007,"{sysmon-eventid=8, Description=N/A, Message=N/A, Pipe Name=N/A, sysmon-processid=198112, sysmon-sourceimage=C:\Windows\explorer.exe, channel=Microsoft-Windows-Sysmon/Operational, Logon Account Domain=DOMAIN_0001.LOCAL, Object Name=N/A, Target Process Path=C:\Program Files (x86)\Mobatek\MobaXterm\MobaXterm.exe, Process Name=explorer.exe, Account Name=USER_0004, Logon Type=N/A, Target User Domain=DOMAIN_0001.LOCAL, Account Security ID=S-1-5-21-0002, Share Name=N/A, Authentication Package=N/A, sysmon-processguid={5b31cfa1-919f-6a50-7230-070000001a00}, sysmon-sourceprocessguid={5b31cfa1-919f-6a50-7230-070000001a00}, Logon Account Name=USER_0004, Realm=DOMAIN_0001.LOCAL, Source Process Path=C:\Windows\explorer.exe, EventIDCode=8, Account ID=S-1-5-21-0002, sysmon-targetprocessid=193324, Process Path=C:\Windows\explorer.exe, sysmon-utctime=2026-07-10 06:33:01.417, Status Code=N/A, User Domain=DOMAIN_0001.LOCAL, Key Length=N/A, Target Username=USER_0004, Event ID=8, Target Process Name=MobaXterm.exe, sysmon-startmodule=-, ProgramName=N/A, Start Module=-, sysmon-startfunction=-, sysmon-user=USER_0002, SourceImageTempPath=N/A, Process GUID=N/A, Machine Identifier=HOST_0008, Object Type=N/A, Start Address=0x0000000000B1003C, Target Account Security ID=S-1-5-21-0002, Start Function=-, sysmon-startaddress=0x0000000000B1003C, Device Name=HOST_0008, sysmon-targetimage=C:\Program Files (x86)\Mobatek\MobaXterm\MobaXterm.exe}",false,MAC_0001,MAC_0002,[REDACTED_DUPLICATE_PAYLOAD],3,53779,0,12,false,0:0:0:0:0:0:0:0,N/A,0,N/A,7036,<13>Jul 10 13:33:03 10.0.0.4.vnpost AgentDevice=WindowsLog	AgentLogFile=Microsoft-Windows-Sysmon/Operational	PluginVersion=7.3.1.28	Source=Microsoft-Windows-Sysmon	Computer=Jump-QTHTvDL-App	OriginatingComputer=Jump-QTHTvDL-App	User=USER_0002	Domain=DOMAIN_0006.LOCAL	EventID=8	EventIDCode=8	EventType=4	EventCategory=8	RecordNumber=73436722	TimeGenerated=1783665181	TimeWritten=1783665181	Level=Informational	Keywords=0x8000000000000000	Task=SysmonTask-SYSMON_CREATE_REMOTE_THREAD	Opcode=Info	Message=CreateRemoteThread detected: RuleName: - UtcTime: 2026-07-10 06:33:01.417 SourceProcessGuid: {5b31cfa1-919f-6a50-7230-070000001a00} SourceProcessId: 198112 SourceImage: C:\Windows\explorer.exe TargetProcessGuid: {5b31cfa1-921d-6a50-8f30-070000001a00} TargetProcessId: 193324 TargetImage: C:\Program Files (x86)\Mobatek\MobaXterm\MobaXterm.exe NewThreadId: 188060 StartAddress: 0x0000000000B1003C StartModule: - StartFunction: - ,Suspicious Windows Events,N/A,1,0,unknown,N/A,CreateRemoteThread,unknown,0,null,1783665181000,255,0,false,0,"true""""",Microsoft-Windows-Sysmon/Operational,HOST_0004,The CreateRemoteThread event detects when a process creates a thread in another process.,0,1783665186168,No Offense,255,HOST_0009 @ 10.0.0.4,true,3,false,N/A,10.0.0.4,false,1783665186168,5,NETWORK_0002,35,8,0,3,-1,HOST_0004,[REDACTED_DUPLICATE_PAYLOAD],USER_0002,5001845,false,null,N/A,"13:33:06, 10 thg 7, 2026","13:33:01, 10 thg 7, 2026",MAC_0002,HOST_0006,439,0,false,10.0.0.4,0,N/A,10.0.0.3,1,"13:33:06, 10 thg 7, 2026",0:0:0:0:0:0:0:0,N/A,null,"100101,100164,100146,100221,100265,109237,109187,100668,156193,100691,100626,100277,100272,134937,166353,100223"
N/A,false,0,0,USER_0004,HOST_0007,"{sysmon-eventid=8, Description=N/A, Message=N/A, Pipe Name=N/A, sysmon-processid=115096, sysmon-sourceimage=C:\Windows\SysWOW64\epa\GTBRMAgent.exe, channel=Microsoft-Windows-Sysmon/Operational, Logon Account Domain=DOMAIN_0001.LOCAL, Object Name=N/A, Target Process Path=C:\Windows\SysWOW64\epa\GTBInjector32.exe, Process Name=GTBRMAgent.exe, Account Name=USER_0004, Logon Type=N/A, Target User Domain=DOMAIN_0001.LOCAL, Account Security ID=S-1-5-21-0002, Share Name=N/A, Authentication Package=N/A, sysmon-processguid={5b31cfa1-40c6-6a3a-1b2c-060000001a00}, sysmon-sourceprocessguid={5b31cfa1-40c6-6a3a-1b2c-060000001a00}, Logon Account Name=USER_0004, Realm=DOMAIN_0001.LOCAL, Source Process Path=C:\Windows\SysWOW64\epa\GTBRMAgent.exe, EventIDCode=8, Account ID=S-1-5-21-0002, sysmon-targetprocessid=190332, Process Path=C:\Windows\SysWOW64\epa\GTBRMAgent.exe, sysmon-utctime=2026-07-10 06:30:55.929, Status Code=N/A, User Domain=DOMAIN_0001.LOCAL, Key Length=N/A, Target Username=USER_0004, Event ID=8, Target Process Name=GTBInjector32.exe, sysmon-startmodule=-, ProgramName=N/A, Start Module=-, sysmon-startfunction=-, sysmon-user=USER_0002, SourceImageTempPath=N/A, Process GUID=N/A, Machine Identifier=HOST_0008, Object Type=N/A, Start Address=0x0000000000A28506, Target Account Security ID=S-1-5-21-0002, Start Function=-, sysmon-startaddress=0x0000000000A28506, Device Name=HOST_0008, sysmon-targetimage=C:\Windows\SysWOW64\epa\GTBInjector32.exe}",false,MAC_0001,MAC_0002,[REDACTED_DUPLICATE_PAYLOAD],3,53779,0,12,false,0:0:0:0:0:0:0:0,N/A,0,N/A,7036,<13>Jul 10 13:30:58 10.0.0.4.vnpost AgentDevice=WindowsLog	AgentLogFile=Microsoft-Windows-Sysmon/Operational	PluginVersion=7.3.1.28	Source=Microsoft-Windows-Sysmon	Computer=Jump-QTHTvDL-App	OriginatingComputer=Jump-QTHTvDL-App	User=USER_0002	Domain=DOMAIN_0006.LOCAL	EventID=8	EventIDCode=8	EventType=4	EventCategory=8	RecordNumber=73422592	TimeGenerated=1783665055	TimeWritten=1783665055	Level=Informational	Keywords=0x8000000000000000	Task=SysmonTask-SYSMON_CREATE_REMOTE_THREAD	Opcode=Info	Message=CreateRemoteThread detected: RuleName: - UtcTime: 2026-07-10 06:30:55.929 SourceProcessGuid: {5b31cfa1-40c6-6a3a-1b2c-060000001a00} SourceProcessId: 115096 SourceImage: C:\Windows\SysWOW64\epa\GTBRMAgent.exe TargetProcessGuid: {5b31cfa1-919f-6a50-7730-070000001a00} TargetProcessId: 190332 TargetImage: C:\Windows\SysWOW64\epa\GTBInjector32.exe NewThreadId: 198392 StartAddress: 0x0000000000A28506 StartModule: - StartFunction: - ,Suspicious Windows Events,N/A,1,0,unknown,N/A,CreateRemoteThread,unknown,0,null,1783665055000,255,0,false,0,"true""""",Microsoft-Windows-Sysmon/Operational,HOST_0004,The CreateRemoteThread event detects when a process creates a thread in another process.,0,1783665060203,No Offense,255,HOST_0009 @ 10.0.0.4,true,3,false,N/A,10.0.0.4,false,1783665060203,5,NETWORK_0002,35,8,0,3,-1,HOST_0004,[REDACTED_DUPLICATE_PAYLOAD],USER_0002,5001845,false,null,N/A,"13:31:00, 10 thg 7, 2026","13:30:55, 10 thg 7, 2026",MAC_0002,HOST_0006,439,0,false,10.0.0.4,0,N/A,10.0.0.3,1,"13:31:00, 10 thg 7, 2026",0:0:0:0:0:0:0:0,N/A,null,"100101,100164,100146,100221,100265,109237,109187,100668,156193,100691,100626,100277,100272,134937,166353,100223"
