N/A,false,0,0,USER_0004,HOST_0007,"{sysmon-eventid=8, Description=N/A, Message=N/A, Pipe Name=N/A, sysmon-processid=187240, sysmon-sourceimage=C:\Program Files (x86)\Mobatek\MobaXterm\MobaXterm.exe, channel=Microsoft-Windows-Sysmon/Operational, Logon Account Domain=DOMAIN_0001.LOCAL, Object Name=N/A, Target Process Path=C:\Users\USER_0013\AppData\Roaming\MobaXterm\slash\bin\MobaSCPRinew.exe, Process Name=MobaXterm.exe, Account Name=USER_0004, Logon Type=N/A, Target User Domain=DOMAIN_0001.LOCAL, Account Security ID=S-1-5-21-0002, Share Name=N/A, Authentication Package=N/A, sysmon-processguid={5b31cfa1-481f-6a50-2b2a-070000001a00}, sysmon-sourceprocessguid={5b31cfa1-481f-6a50-2b2a-070000001a00}, Logon Account Name=USER_0004, Realm=DOMAIN_0001.LOCAL, Source Process Path=C:\Program Files (x86)\Mobatek\MobaXterm\MobaXterm.exe, EventIDCode=8, Account ID=S-1-5-21-0002, sysmon-targetprocessid=195484, Process Path=C:\Program Files (x86)\Mobatek\MobaXterm\MobaXterm.exe, sysmon-utctime=2026-07-10 02:44:40.547, Status Code=N/A, User Domain=DOMAIN_0001.LOCAL, Key Length=N/A, Target Username=USER_0004, Event ID=8, Target Process Name=MobaSCPRinew.exe, sysmon-startmodule=-, ProgramName=N/A, Start Module=-, sysmon-startfunction=-, sysmon-user=USER_0002, SourceImageTempPath=N/A, Process GUID=N/A, Machine Identifier=HOST_0008, Object Type=N/A, Start Address=0x00000000004014A0, Target Account Security ID=S-1-5-21-0002, Start Function=-, sysmon-startaddress=0x00000000004014A0, Device Name=HOST_0008, sysmon-targetimage=C:\Users\QTHT~1.VIE\AppData\Roaming\MobaXterm\slash\bin\MobaSCPRinew.exe}",false,MAC_0001,MAC_0002,[REDACTED_DUPLICATE_PAYLOAD],3,53779,0,12,false,0:0:0:0:0:0:0:0,N/A,0,N/A,7036,<13>Jul 10 09:44:42 10.0.0.4.vnpost AgentDevice=WindowsLog	AgentLogFile=Microsoft-Windows-Sysmon/Operational	PluginVersion=7.3.1.28	Source=Microsoft-Windows-Sysmon	Computer=Jump-QTHTvDL-App	OriginatingComputer=Jump-QTHTvDL-App	User=USER_0002	Domain=DOMAIN_0006.LOCAL	EventID=8	EventIDCode=8	EventType=4	EventCategory=8	RecordNumber=72853684	TimeGenerated=1783651480	TimeWritten=1783651480	Level=Informational	Keywords=0x8000000000000000	Task=SysmonTask-SYSMON_CREATE_REMOTE_THREAD	Opcode=Info	Message=CreateRemoteThread detected: RuleName: - UtcTime: 2026-07-10 02:44:40.547 SourceProcessGuid: {5b31cfa1-481f-6a50-2b2a-070000001a00} SourceProcessId: 187240 SourceImage: C:\Program Files (x86)\Mobatek\MobaXterm\MobaXterm.exe TargetProcessGuid: {5b31cfa1-5c98-6a50-342c-070000001a00} TargetProcessId: 195484 TargetImage: C:\Users\USER_0013\AppData\Roaming\MobaXterm\slash\bin\MobaSCPRinew.exe NewThreadId: 169544 StartAddress: 0x00000000004014A0 StartModule: - StartFunction: - ,Suspicious Windows Events,N/A,1,0,unknown,N/A,CreateRemoteThread,unknown,0,null,1783651480000,255,0,false,0,"true""""",Microsoft-Windows-Sysmon/Operational,HOST_0004,The CreateRemoteThread event detects when a process creates a thread in another process.,0,1783651483571,No Offense,255,HOST_0009 @ 10.0.0.4,true,3,false,N/A,10.0.0.4,false,1783651483571,5,NETWORK_0002,35,8,0,3,-1,HOST_0004,[REDACTED_DUPLICATE_PAYLOAD],USER_0002,5001845,false,null,N/A,"09:44:43, 10 thg 7, 2026","09:44:40, 10 thg 7, 2026",MAC_0002,HOST_0006,439,0,false,10.0.0.4,0,N/A,10.0.0.3,35,"09:44:43, 10 thg 7, 2026",0:0:0:0:0:0:0:0,N/A,null,"100101,100164,100146,100221,100265,109237,109187,156193,100691,100626,100277,100272,134937,166353,100223"
N/A,false,0,0,USER_0004,HOST_0007,"{sysmon-eventid=8, Description=N/A, Message=N/A, Pipe Name=N/A, sysmon-processid=197092, sysmon-sourceimage=C:\Users\qtht.andd\AppData\Roaming\MobaXterm\slash\bin\bash.exe, channel=Microsoft-Windows-Sysmon/Operational, Logon Account Domain=DOMAIN_0001.LOCAL, Object Name=N/A, Target Process Path=C:\Users\USER_0016\AppData\Roaming\MobaXterm\slash\bin\bash.exe, Process Name=bash.exe, Account Name=USER_0004, Logon Type=N/A, Target User Domain=DOMAIN_0001.LOCAL, Account Security ID=S-1-5-21-0002, Share Name=N/A, Authentication Package=N/A, sysmon-processguid={5b31cfa1-5c92-6a50-0f2c-070000001a00}, sysmon-sourceprocessguid={5b31cfa1-5c92-6a50-0f2c-070000001a00}, Logon Account Name=USER_0004, Realm=DOMAIN_0001.LOCAL, Source Process Path=C:\Users\USER_0016\AppData\Roaming\MobaXterm\slash\bin\bash.exe, EventIDCode=8, Account ID=S-1-5-21-0002, sysmon-targetprocessid=176420, Process Path=C:\Users\USER_0016\AppData\Roaming\MobaXterm\slash\bin\bash.exe, sysmon-utctime=2026-07-10 02:44:34.453, Status Code=N/A, User Domain=DOMAIN_0001.LOCAL, Key Length=N/A, Target Username=USER_0004, Event ID=8, Target Process Name=bash.exe, sysmon-startmodule=-, ProgramName=N/A, Start Module=-, sysmon-startfunction=-, sysmon-user=USER_0002, SourceImageTempPath=N/A, Process GUID=N/A, Machine Identifier=HOST_0008, Object Type=N/A, Start Address=0x0000000000401000, Target Account Security ID=S-1-5-21-0002, Start Function=-, sysmon-startaddress=0x0000000000401000, Device Name=HOST_0008, sysmon-targetimage=C:\Users\qtht.andd\AppData\Roaming\MobaXterm\slash\bin\bash.exe}",false,MAC_0001,MAC_0002,[REDACTED_DUPLICATE_PAYLOAD],10,53779,0,12,false,0:0:0:0:0:0:0:0,N/A,0,N/A,7036,<13>Jul 10 09:44:36 10.0.0.4.vnpost AgentDevice=WindowsLog	AgentLogFile=Microsoft-Windows-Sysmon/Operational	PluginVersion=7.3.1.28	Source=Microsoft-Windows-Sysmon	Computer=Jump-QTHTvDL-App	OriginatingComputer=Jump-QTHTvDL-App	User=USER_0002	Domain=DOMAIN_0006.LOCAL	EventID=8	EventIDCode=8	EventType=4	EventCategory=8	RecordNumber=72852701	TimeGenerated=1783651474	TimeWritten=1783651474	Level=Informational	Keywords=0x8000000000000000	Task=SysmonTask-SYSMON_CREATE_REMOTE_THREAD	Opcode=Info	Message=CreateRemoteThread detected: RuleName: - UtcTime: 2026-07-10 02:44:34.453 SourceProcessGuid: {5b31cfa1-5c92-6a50-0f2c-070000001a00} SourceProcessId: 197092 SourceImage: C:\Users\USER_0016\AppData\Roaming\MobaXterm\slash\bin\bash.exe TargetProcessGuid: {5b31cfa1-5c92-6a50-102c-070000001a00} TargetProcessId: 176420 TargetImage: C:\Users\USER_0016\AppData\Roaming\MobaXterm\slash\bin\bash.exe NewThreadId: 131420 StartAddress: 0x0000000000401000 StartModule: - StartFunction: - ,Suspicious Windows Events,N/A,1,0,unknown,N/A,CreateRemoteThread,unknown,0,null,1783651474000,255,0,false,0,"true""""",Microsoft-Windows-Sysmon/Operational,HOST_0004,The CreateRemoteThread event detects when a process creates a thread in another process.,0,1783651483571,No Offense,255,HOST_0009 @ 10.0.0.4,true,10,false,N/A,10.0.0.4,false,1783651483571,10,NETWORK_0002,35,8,0,10,-1,HOST_0004,[REDACTED_DUPLICATE_PAYLOAD],USER_0002,5001845,false,null,N/A,"09:44:43, 10 thg 7, 2026","09:44:34, 10 thg 7, 2026",MAC_0002,HOST_0006,439,0,false,10.0.0.4,0,N/A,10.0.0.3,1,"09:44:43, 10 thg 7, 2026",0:0:0:0:0:0:0:0,N/A,null,"100101,100164,100146,100221,100265,109237,109187,156193,100641,100626,100277,100272,100677,134937,166353,100223"
N/A,false,0,0,USER_0004,HOST_0007,"{sysmon-eventid=8, Description=N/A, Message=N/A, Pipe Name=N/A, sysmon-processid=176420, sysmon-sourceimage=C:\Users\qtht.andd\AppData\Roaming\MobaXterm\slash\bin\bash.exe, channel=Microsoft-Windows-Sysmon/Operational, Logon Account Domain=DOMAIN_0001.LOCAL, Object Name=N/A, Target Process Path=C:\Users\USER_0016\AppData\Roaming\MobaXterm\slash\bin\bash.exe, Process Name=bash.exe, Account Name=USER_0004, Logon Type=N/A, Target User Domain=DOMAIN_0001.LOCAL, Account Security ID=S-1-5-21-0002, Share Name=N/A, Authentication Package=N/A, sysmon-processguid={5b31cfa1-5c92-6a50-102c-070000001a00}, sysmon-sourceprocessguid={5b31cfa1-5c92-6a50-102c-070000001a00}, Logon Account Name=USER_0004, Realm=DOMAIN_0001.LOCAL, Source Process Path=C:\Users\USER_0016\AppData\Roaming\MobaXterm\slash\bin\bash.exe, EventIDCode=8, Account ID=S-1-5-21-0002, sysmon-targetprocessid=195796, Process Path=C:\Users\USER_0016\AppData\Roaming\MobaXterm\slash\bin\bash.exe, sysmon-utctime=2026-07-10 02:44:34.625, Status Code=N/A, User Domain=DOMAIN_0001.LOCAL, Key Length=N/A, Target Username=USER_0004, Event ID=8, Target Process Name=bash.exe, sysmon-startmodule=-, ProgramName=N/A, Start Module=-, sysmon-startfunction=-, sysmon-user=USER_0002, SourceImageTempPath=N/A, Process GUID=N/A, Machine Identifier=HOST_0008, Object Type=N/A, Start Address=0x0000000000401000, Target Account Security ID=S-1-5-21-0002, Start Function=-, sysmon-startaddress=0x0000000000401000, Device Name=HOST_0008, sysmon-targetimage=C:\Users\qtht.andd\AppData\Roaming\MobaXterm\slash\bin\bash.exe}",false,MAC_0001,MAC_0002,[REDACTED_DUPLICATE_PAYLOAD],10,53779,0,12,false,0:0:0:0:0:0:0:0,N/A,0,N/A,7036,<13>Jul 10 09:44:36 10.0.0.4.vnpost AgentDevice=WindowsLog	AgentLogFile=Microsoft-Windows-Sysmon/Operational	PluginVersion=7.3.1.28	Source=Microsoft-Windows-Sysmon	Computer=Jump-QTHTvDL-App	OriginatingComputer=Jump-QTHTvDL-App	User=USER_0002	Domain=DOMAIN_0006.LOCAL	EventID=8	EventIDCode=8	EventType=4	EventCategory=8	RecordNumber=72852736	TimeGenerated=1783651474	TimeWritten=1783651474	Level=Informational	Keywords=0x8000000000000000	Task=SysmonTask-SYSMON_CREATE_REMOTE_THREAD	Opcode=Info	Message=CreateRemoteThread detected: RuleName: - UtcTime: 2026-07-10 02:44:34.625 SourceProcessGuid: {5b31cfa1-5c92-6a50-102c-070000001a00} SourceProcessId: 176420 SourceImage: C:\Users\USER_0016\AppData\Roaming\MobaXterm\slash\bin\bash.exe TargetProcessGuid: {5b31cfa1-5c92-6a50-112c-070000001a00} TargetProcessId: 195796 TargetImage: C:\Users\USER_0016\AppData\Roaming\MobaXterm\slash\bin\bash.exe NewThreadId: 189568 StartAddress: 0x0000000000401000 StartModule: - StartFunction: - ,Suspicious Windows Events,N/A,1,0,unknown,N/A,CreateRemoteThread,unknown,0,null,1783651474000,255,0,false,0,"true""""",Microsoft-Windows-Sysmon/Operational,HOST_0004,The CreateRemoteThread event detects when a process creates a thread in another process.,0,1783651483571,No Offense,255,HOST_0009 @ 10.0.0.4,true,10,false,N/A,10.0.0.4,false,1783651483571,10,NETWORK_0002,35,8,0,10,-1,HOST_0004,[REDACTED_DUPLICATE_PAYLOAD],USER_0002,5001845,false,null,N/A,"09:44:43, 10 thg 7, 2026","09:44:34, 10 thg 7, 2026",MAC_0002,HOST_0006,439,0,false,10.0.0.4,0,N/A,10.0.0.3,1,"09:44:43, 10 thg 7, 2026",0:0:0:0:0:0:0:0,N/A,null,"100101,100164,100146,100221,100265,109237,109187,156193,100641,100626,100277,100272,100677,134937,166353,100223"
N/A,false,0,0,USER_0004,HOST_0007,"{sysmon-eventid=8, Description=N/A, Message=N/A, Pipe Name=N/A, sysmon-processid=172612, sysmon-sourceimage=C:\Users\qtht.andd\AppData\Roaming\MobaXterm\slash\bin\bash.exe, channel=Microsoft-Windows-Sysmon/Operational, Logon Account Domain=DOMAIN_0001.LOCAL, Object Name=N/A, Target Process Path=C:\Users\USER_0016\AppData\Roaming\MobaXterm\slash\bin\bash.exe, Process Name=bash.exe, Account Name=USER_0004, Logon Type=N/A, Target User Domain=DOMAIN_0001.LOCAL, Account Security ID=S-1-5-21-0002, Share Name=N/A, Authentication Package=N/A, sysmon-processguid={5b31cfa1-5c89-6a50-082c-070000001a00}, sysmon-sourceprocessguid={5b31cfa1-5c89-6a50-082c-070000001a00}, Logon Account Name=USER_0004, Realm=DOMAIN_0001.LOCAL, Source Process Path=C:\Users\USER_0016\AppData\Roaming\MobaXterm\slash\bin\bash.exe, EventIDCode=8, Account ID=S-1-5-21-0002, sysmon-targetprocessid=197092, Process Path=C:\Users\USER_0016\AppData\Roaming\MobaXterm\slash\bin\bash.exe, sysmon-utctime=2026-07-10 02:44:34.297, Status Code=N/A, User Domain=DOMAIN_0001.LOCAL, Key Length=N/A, Target Username=USER_0004, Event ID=8, Target Process Name=bash.exe, sysmon-startmodule=-, ProgramName=N/A, Start Module=-, sysmon-startfunction=-, sysmon-user=USER_0002, SourceImageTempPath=N/A, Process GUID=N/A, Machine Identifier=HOST_0008, Object Type=N/A, Start Address=0x0000000000401000, Target Account Security ID=S-1-5-21-0002, Start Function=-, sysmon-startaddress=0x0000000000401000, Device Name=HOST_0008, sysmon-targetimage=C:\Users\qtht.andd\AppData\Roaming\MobaXterm\slash\bin\bash.exe}",false,MAC_0001,MAC_0002,[REDACTED_DUPLICATE_PAYLOAD],10,53779,0,12,false,0:0:0:0:0:0:0:0,N/A,0,N/A,7036,<13>Jul 10 09:44:36 10.0.0.4.vnpost AgentDevice=WindowsLog	AgentLogFile=Microsoft-Windows-Sysmon/Operational	PluginVersion=7.3.1.28	Source=Microsoft-Windows-Sysmon	Computer=Jump-QTHTvDL-App	OriginatingComputer=Jump-QTHTvDL-App	User=USER_0002	Domain=DOMAIN_0006.LOCAL	EventID=8	EventIDCode=8	EventType=4	EventCategory=8	RecordNumber=72852683	TimeGenerated=1783651474	TimeWritten=1783651474	Level=Informational	Keywords=0x8000000000000000	Task=SysmonTask-SYSMON_CREATE_REMOTE_THREAD	Opcode=Info	Message=CreateRemoteThread detected: RuleName: - UtcTime: 2026-07-10 02:44:34.297 SourceProcessGuid: {5b31cfa1-5c89-6a50-082c-070000001a00} SourceProcessId: 172612 SourceImage: C:\Users\USER_0016\AppData\Roaming\MobaXterm\slash\bin\bash.exe TargetProcessGuid: {5b31cfa1-5c92-6a50-0f2c-070000001a00} TargetProcessId: 197092 TargetImage: C:\Users\USER_0016\AppData\Roaming\MobaXterm\slash\bin\bash.exe NewThreadId: 192484 StartAddress: 0x0000000000401000 StartModule: - StartFunction: - ,Suspicious Windows Events,N/A,1,0,unknown,N/A,CreateRemoteThread,unknown,0,null,1783651474000,255,0,false,0,"true""""",Microsoft-Windows-Sysmon/Operational,HOST_0004,The CreateRemoteThread event detects when a process creates a thread in another process.,0,1783651483566,No Offense,255,HOST_0009 @ 10.0.0.4,true,10,false,N/A,10.0.0.4,false,1783651483566,10,NETWORK_0002,35,8,0,10,-1,HOST_0004,[REDACTED_DUPLICATE_PAYLOAD],USER_0002,5001845,false,null,N/A,"09:44:43, 10 thg 7, 2026","09:44:34, 10 thg 7, 2026",MAC_0002,HOST_0006,439,0,false,10.0.0.4,0,N/A,10.0.0.3,1,"09:44:43, 10 thg 7, 2026",0:0:0:0:0:0:0:0,N/A,null,"100101,100164,100146,100221,100265,109237,109187,156193,100641,100626,100277,100272,100677,134937,166353,100223"
N/A,false,0,0,USER_0004,HOST_0007,"{sysmon-eventid=8, Description=N/A, Message=N/A, Pipe Name=N/A, sysmon-processid=187240, sysmon-sourceimage=C:\Program Files (x86)\Mobatek\MobaXterm\MobaXterm.exe, channel=Microsoft-Windows-Sysmon/Operational, Logon Account Domain=DOMAIN_0001.LOCAL, Object Name=N/A, Target Process Path=C:\Users\USER_0013\AppData\Roaming\MobaXterm\slash\bin\MoTTYnew.exe, Process Name=MobaXterm.exe, Account Name=USER_0004, Logon Type=N/A, Target User Domain=DOMAIN_0001.LOCAL, Account Security ID=S-1-5-21-0002, Share Name=N/A, Authentication Package=N/A, sysmon-processguid={5b31cfa1-481f-6a50-2b2a-070000001a00}, sysmon-sourceprocessguid={5b31cfa1-481f-6a50-2b2a-070000001a00}, Logon Account Name=USER_0004, Realm=DOMAIN_0001.LOCAL, Source Process Path=C:\Program Files (x86)\Mobatek\MobaXterm\MobaXterm.exe, EventIDCode=8, Account ID=S-1-5-21-0002, sysmon-targetprocessid=195616, Process Path=C:\Program Files (x86)\Mobatek\MobaXterm\MobaXterm.exe, sysmon-utctime=2026-07-10 02:44:26.719, Status Code=N/A, User Domain=DOMAIN_0001.LOCAL, Key Length=N/A, Target Username=USER_0004, Event ID=8, Target Process Name=MoTTYnew.exe, sysmon-startmodule=-, ProgramName=N/A, Start Module=-, sysmon-startfunction=-, sysmon-user=USER_0002, SourceImageTempPath=N/A, Process GUID=N/A, Machine Identifier=HOST_0008, Object Type=N/A, Start Address=0x0000000000401480, Target Account Security ID=S-1-5-21-0002, Start Function=-, sysmon-startaddress=0x0000000000401480, Device Name=HOST_0008, sysmon-targetimage=C:\Users\QTHT~1.VIE\AppData\Roaming\MobaXterm\slash\bin\MoTTYnew.exe}",false,MAC_0001,MAC_0002,[REDACTED_DUPLICATE_PAYLOAD],3,53779,0,12,false,0:0:0:0:0:0:0:0,N/A,0,N/A,7036,<13>Jul 10 09:44:30 10.0.0.4.vnpost AgentDevice=WindowsLog	AgentLogFile=Microsoft-Windows-Sysmon/Operational	PluginVersion=7.3.1.28	Source=Microsoft-Windows-Sysmon	Computer=Jump-QTHTvDL-App	OriginatingComputer=Jump-QTHTvDL-App	User=USER_0002	Domain=DOMAIN_0006.LOCAL	EventID=8	EventIDCode=8	EventType=4	EventCategory=8	RecordNumber=72852513	TimeGenerated=1783651466	TimeWritten=1783651466	Level=Informational	Keywords=0x8000000000000000	Task=SysmonTask-SYSMON_CREATE_REMOTE_THREAD	Opcode=Info	Message=CreateRemoteThread detected: RuleName: - UtcTime: 2026-07-10 02:44:26.719 SourceProcessGuid: {5b31cfa1-481f-6a50-2b2a-070000001a00} SourceProcessId: 187240 SourceImage: C:\Program Files (x86)\Mobatek\MobaXterm\MobaXterm.exe TargetProcessGuid: {5b31cfa1-5c8a-6a50-0e2c-070000001a00} TargetProcessId: 195616 TargetImage: C:\Users\USER_0013\AppData\Roaming\MobaXterm\slash\bin\MoTTYnew.exe NewThreadId: 194092 StartAddress: 0x0000000000401480 StartModule: - StartFunction: - ,Suspicious Windows Events,N/A,1,0,unknown,N/A,CreateRemoteThread,unknown,0,null,1783651466000,255,0,false,0,"true""""",Microsoft-Windows-Sysmon/Operational,HOST_0004,The CreateRemoteThread event detects when a process creates a thread in another process.,0,1783651474727,No Offense,255,HOST_0009 @ 10.0.0.4,true,3,false,N/A,10.0.0.4,false,1783651474727,5,NETWORK_0002,35,8,0,3,-1,HOST_0004,[REDACTED_DUPLICATE_PAYLOAD],USER_0002,5001845,false,null,N/A,"09:44:34, 10 thg 7, 2026","09:44:26, 10 thg 7, 2026",MAC_0002,HOST_0006,439,0,false,10.0.0.4,0,N/A,10.0.0.3,8,"09:44:34, 10 thg 7, 2026",0:0:0:0:0:0:0:0,N/A,null,"100101,100164,100146,100221,100265,109237,109187,156193,100691,100626,100277,100272,134937,166353,100223"
N/A,false,0,0,USER_0004,HOST_0007,"{sysmon-eventid=8, Description=N/A, Message=N/A, Pipe Name=N/A, sysmon-processid=191220, sysmon-sourceimage=C:\Users\QTHT~1.AND\AppData\Roaming\MOBAXT~1\slash\bin\cygtermd.exe, channel=Microsoft-Windows-Sysmon/Operational, Logon Account Domain=DOMAIN_0001.LOCAL, Object Name=N/A, Target Process Path=C:\Users\USER_0014\AppData\Roaming\MOBAXT~1\slash\bin\cygtermd.exe, Process Name=cygtermd.exe, Account Name=USER_0004, Logon Type=N/A, Target User Domain=DOMAIN_0001.LOCAL, Account Security ID=S-1-5-21-0002, Share Name=N/A, Authentication Package=N/A, sysmon-processguid={5b31cfa1-5c88-6a50-032c-070000001a00}, sysmon-sourceprocessguid={5b31cfa1-5c88-6a50-032c-070000001a00}, Logon Account Name=USER_0004, Realm=DOMAIN_0001.LOCAL, Source Process Path=C:\Users\USER_0014\AppData\Roaming\MOBAXT~1\slash\bin\cygtermd.exe, EventIDCode=8, Account ID=S-1-5-21-0002, sysmon-targetprocessid=194948, Process Path=C:\Users\USER_0014\AppData\Roaming\MOBAXT~1\slash\bin\cygtermd.exe, sysmon-utctime=2026-07-10 02:44:24.750, Status Code=N/A, User Domain=DOMAIN_0001.LOCAL, Key Length=N/A, Target Username=USER_0004, Event ID=8, Target Process Name=cygtermd.exe, sysmon-startmodule=-, ProgramName=N/A, Start Module=-, sysmon-startfunction=-, sysmon-user=USER_0002, SourceImageTempPath=N/A, Process GUID=N/A, Machine Identifier=HOST_0008, Object Type=N/A, Start Address=0x0000000000401000, Target Account Security ID=S-1-5-21-0002, Start Function=-, sysmon-startaddress=0x0000000000401000, Device Name=HOST_0008, sysmon-targetimage=C:\Users\QTHT~1.AND\AppData\Roaming\MOBAXT~1\slash\bin\cygtermd.exe}",false,MAC_0001,MAC_0002,[REDACTED_DUPLICATE_PAYLOAD],3,53779,0,12,false,0:0:0:0:0:0:0:0,N/A,0,N/A,7036,<13>Jul 10 09:44:27 10.0.0.4.vnpost AgentDevice=WindowsLog	AgentLogFile=Microsoft-Windows-Sysmon/Operational	PluginVersion=7.3.1.28	Source=Microsoft-Windows-Sysmon	Computer=Jump-QTHTvDL-App	OriginatingComputer=Jump-QTHTvDL-App	User=USER_0002	Domain=DOMAIN_0006.LOCAL	EventID=8	EventIDCode=8	EventType=4	EventCategory=8	RecordNumber=72852126	TimeGenerated=1783651464	TimeWritten=1783651464	Level=Informational	Keywords=0x8000000000000000	Task=SysmonTask-SYSMON_CREATE_REMOTE_THREAD	Opcode=Info	Message=CreateRemoteThread detected: RuleName: - UtcTime: 2026-07-10 02:44:24.750 SourceProcessGuid: {5b31cfa1-5c88-6a50-032c-070000001a00} SourceProcessId: 191220 SourceImage: C:\Users\USER_0014\AppData\Roaming\MOBAXT~1\slash\bin\cygtermd.exe TargetProcessGuid: {5b31cfa1-5c88-6a50-052c-070000001a00} TargetProcessId: 194948 TargetImage: C:\Users\USER_0014\AppData\Roaming\MOBAXT~1\slash\bin\cygtermd.exe NewThreadId: 191972 StartAddress: 0x0000000000401000 StartModule: - StartFunction: - ,Suspicious Windows Events,N/A,1,0,unknown,N/A,CreateRemoteThread,unknown,0,null,1783651464000,255,0,false,0,"true""""",Microsoft-Windows-Sysmon/Operational,HOST_0004,The CreateRemoteThread event detects when a process creates a thread in another process.,0,1783651474727,No Offense,255,HOST_0009 @ 10.0.0.4,true,3,false,N/A,10.0.0.4,false,1783651474727,5,NETWORK_0002,35,8,0,3,-1,HOST_0004,[REDACTED_DUPLICATE_PAYLOAD],USER_0002,5001845,false,null,N/A,"09:44:34, 10 thg 7, 2026","09:44:24, 10 thg 7, 2026",MAC_0002,HOST_0006,439,0,false,10.0.0.4,0,N/A,10.0.0.3,1,"09:44:34, 10 thg 7, 2026",0:0:0:0:0:0:0:0,N/A,null,"100101,100164,100146,100221,100265,109237,109187,156193,100691,100626,100277,100272,134937,166353,100223"
N/A,false,0,0,USER_0004,HOST_0007,"{sysmon-eventid=8, Description=N/A, Message=N/A, Pipe Name=N/A, sysmon-processid=196740, sysmon-sourceimage=C:\Users\QTHT~1.AND\AppData\Roaming\MobaXterm\slash\bin\MoTTYnew.exe, channel=Microsoft-Windows-Sysmon/Operational, Logon Account Domain=DOMAIN_0001.LOCAL, Object Name=N/A, Target Process Path=C:\Users\USER_0014\AppData\Roaming\MOBAXT~1\slash\bin\cygtermd.exe, Process Name=MoTTYnew.exe, Account Name=USER_0004, Logon Type=N/A, Target User Domain=DOMAIN_0001.LOCAL, Account Security ID=S-1-5-21-0002, Share Name=N/A, Authentication Package=N/A, sysmon-processguid={5b31cfa1-5c88-6a50-022c-070000001a00}, sysmon-sourceprocessguid={5b31cfa1-5c88-6a50-022c-070000001a00}, Logon Account Name=USER_0004, Realm=DOMAIN_0001.LOCAL, Source Process Path=C:\Users\USER_0014\AppData\Roaming\MobaXterm\slash\bin\MoTTYnew.exe, EventIDCode=8, Account ID=S-1-5-21-0002, sysmon-targetprocessid=191220, Process Path=C:\Users\USER_0014\AppData\Roaming\MobaXterm\slash\bin\MoTTYnew.exe, sysmon-utctime=2026-07-10 02:44:24.391, Status Code=N/A, User Domain=DOMAIN_0001.LOCAL, Key Length=N/A, Target Username=USER_0004, Event ID=8, Target Process Name=cygtermd.exe, sysmon-startmodule=-, ProgramName=N/A, Start Module=-, sysmon-startfunction=-, sysmon-user=USER_0002, SourceImageTempPath=N/A, Process GUID=N/A, Machine Identifier=HOST_0008, Object Type=N/A, Start Address=0x0000000000401000, Target Account Security ID=S-1-5-21-0002, Start Function=-, sysmon-startaddress=0x0000000000401000, Device Name=HOST_0008, sysmon-targetimage=C:\Users\QTHT~1.AND\AppData\Roaming\MOBAXT~1\slash\bin\cygtermd.exe}",false,MAC_0001,MAC_0002,[REDACTED_DUPLICATE_PAYLOAD],3,53779,0,12,false,0:0:0:0:0:0:0:0,N/A,0,N/A,7036,<13>Jul 10 09:44:27 10.0.0.4.vnpost AgentDevice=WindowsLog	AgentLogFile=Microsoft-Windows-Sysmon/Operational	PluginVersion=7.3.1.28	Source=Microsoft-Windows-Sysmon	Computer=Jump-QTHTvDL-App	OriginatingComputer=Jump-QTHTvDL-App	User=USER_0002	Domain=DOMAIN_0006.LOCAL	EventID=8	EventIDCode=8	EventType=4	EventCategory=8	RecordNumber=72852072	TimeGenerated=1783651464	TimeWritten=1783651464	Level=Informational	Keywords=0x8000000000000000	Task=SysmonTask-SYSMON_CREATE_REMOTE_THREAD	Opcode=Info	Message=CreateRemoteThread detected: RuleName: - UtcTime: 2026-07-10 02:44:24.391 SourceProcessGuid: {5b31cfa1-5c88-6a50-022c-070000001a00} SourceProcessId: 196740 SourceImage: C:\Users\USER_0014\AppData\Roaming\MobaXterm\slash\bin\MoTTYnew.exe TargetProcessGuid: {5b31cfa1-5c88-6a50-032c-070000001a00} TargetProcessId: 191220 TargetImage: C:\Users\USER_0014\AppData\Roaming\MOBAXT~1\slash\bin\cygtermd.exe NewThreadId: 196408 StartAddress: 0x0000000000401000 StartModule: - StartFunction: - ,Suspicious Windows Events,N/A,1,0,unknown,N/A,CreateRemoteThread,unknown,0,null,1783651464000,255,0,false,0,"true""""",Microsoft-Windows-Sysmon/Operational,HOST_0004,The CreateRemoteThread event detects when a process creates a thread in another process.,0,1783651474704,No Offense,255,HOST_0009 @ 10.0.0.4,true,3,false,N/A,10.0.0.4,false,1783651474704,5,NETWORK_0002,35,8,0,3,-1,HOST_0004,[REDACTED_DUPLICATE_PAYLOAD],USER_0002,5001845,false,null,N/A,"09:44:34, 10 thg 7, 2026","09:44:24, 10 thg 7, 2026",MAC_0002,HOST_0006,439,0,false,10.0.0.4,0,N/A,10.0.0.3,1,"09:44:34, 10 thg 7, 2026",0:0:0:0:0:0:0:0,N/A,null,"100101,100164,100146,100221,100265,109237,109187,156193,100691,100626,100277,100272,134937,166353,100223"
N/A,false,0,0,USER_0004,HOST_0007,"{sysmon-eventid=8, Description=N/A, Message=N/A, Pipe Name=N/A, sysmon-processid=197548, sysmon-sourceimage=C:\Program Files (x86)\Mobatek\MobaXterm\MobaXterm.exe, channel=Microsoft-Windows-Sysmon/Operational, Logon Account Domain=DOMAIN_0001.LOCAL, Object Name=N/A, Target Process Path=C:\Users\USER_0014\AppData\Roaming\MobaXterm\slash\bin\MoTTYnew.exe, Process Name=MobaXterm.exe, Account Name=USER_0004, Logon Type=N/A, Target User Domain=DOMAIN_0001.LOCAL, Account Security ID=S-1-5-21-0002, Share Name=N/A, Authentication Package=N/A, sysmon-processguid={5b31cfa1-5b7f-6a50-ee2b-070000001a00}, sysmon-sourceprocessguid={5b31cfa1-5b7f-6a50-ee2b-070000001a00}, Logon Account Name=USER_0004, Realm=DOMAIN_0001.LOCAL, Source Process Path=C:\Program Files (x86)\Mobatek\MobaXterm\MobaXterm.exe, EventIDCode=8, Account ID=S-1-5-21-0002, sysmon-targetprocessid=196740, Process Path=C:\Program Files (x86)\Mobatek\MobaXterm\MobaXterm.exe, sysmon-utctime=2026-07-10 02:44:24.156, Status Code=N/A, User Domain=DOMAIN_0001.LOCAL, Key Length=N/A, Target Username=USER_0004, Event ID=8, Target Process Name=MoTTYnew.exe, sysmon-startmodule=-, ProgramName=N/A, Start Module=-, sysmon-startfunction=-, sysmon-user=USER_0002, SourceImageTempPath=N/A, Process GUID=N/A, Machine Identifier=HOST_0008, Object Type=N/A, Start Address=0x0000000000401480, Target Account Security ID=S-1-5-21-0002, Start Function=-, sysmon-startaddress=0x0000000000401480, Device Name=HOST_0008, sysmon-targetimage=C:\Users\QTHT~1.AND\AppData\Roaming\MobaXterm\slash\bin\MoTTYnew.exe}",false,MAC_0001,MAC_0002,[REDACTED_DUPLICATE_PAYLOAD],3,53779,0,12,false,0:0:0:0:0:0:0:0,N/A,0,N/A,7036,<13>Jul 10 09:44:27 10.0.0.4.vnpost AgentDevice=WindowsLog	AgentLogFile=Microsoft-Windows-Sysmon/Operational	PluginVersion=7.3.1.28	Source=Microsoft-Windows-Sysmon	Computer=Jump-QTHTvDL-App	OriginatingComputer=Jump-QTHTvDL-App	User=USER_0002	Domain=DOMAIN_0006.LOCAL	EventID=8	EventIDCode=8	EventType=4	EventCategory=8	RecordNumber=72852059	TimeGenerated=1783651464	TimeWritten=1783651464	Level=Informational	Keywords=0x8000000000000000	Task=SysmonTask-SYSMON_CREATE_REMOTE_THREAD	Opcode=Info	Message=CreateRemoteThread detected: RuleName: - UtcTime: 2026-07-10 02:44:24.156 SourceProcessGuid: {5b31cfa1-5b7f-6a50-ee2b-070000001a00} SourceProcessId: 197548 SourceImage: C:\Program Files (x86)\Mobatek\MobaXterm\MobaXterm.exe TargetProcessGuid: {5b31cfa1-5c88-6a50-022c-070000001a00} TargetProcessId: 196740 TargetImage: C:\Users\USER_0014\AppData\Roaming\MobaXterm\slash\bin\MoTTYnew.exe NewThreadId: 195512 StartAddress: 0x0000000000401480 StartModule: - StartFunction: - ,Suspicious Windows Events,N/A,1,0,unknown,N/A,CreateRemoteThread,unknown,0,null,1783651464000,255,0,false,0,"true""""",Microsoft-Windows-Sysmon/Operational,HOST_0004,The CreateRemoteThread event detects when a process creates a thread in another process.,0,1783651474704,No Offense,255,HOST_0009 @ 10.0.0.4,true,3,false,N/A,10.0.0.4,false,1783651474704,5,NETWORK_0002,35,8,0,3,-1,HOST_0004,[REDACTED_DUPLICATE_PAYLOAD],USER_0002,5001845,false,null,N/A,"09:44:34, 10 thg 7, 2026","09:44:24, 10 thg 7, 2026",MAC_0002,HOST_0006,439,0,false,10.0.0.4,0,N/A,10.0.0.3,1,"09:44:34, 10 thg 7, 2026",0:0:0:0:0:0:0:0,N/A,null,"100101,100164,100146,100221,100265,109237,109187,156193,100691,100626,100277,100272,134937,166353,100223"
N/A,false,0,0,USER_0004,HOST_0007,"{sysmon-eventid=8, Description=N/A, Message=N/A, Pipe Name=N/A, sysmon-processid=177848, sysmon-sourceimage=E:\CongTC\MobaXterm_Portable_v25.3 (2)\MobaXterm_Portable_v25.3\MobaXterm_Personal_25.3.exe, channel=Microsoft-Windows-Sysmon/Operational, Logon Account Domain=DOMAIN_0001.LOCAL, Object Name=N/A, Target Process Path=C:\Users\USER_0021\AppData\Roaming\MobaXterm\slash\mx86_64b\bin\MobaSCPRi.exe, Process Name=MobaXterm_Personal_25.3.exe, Account Name=USER_0004, Logon Type=N/A, Target User Domain=DOMAIN_0001.LOCAL, Account Security ID=S-1-5-21-0002, Share Name=N/A, Authentication Package=N/A, sysmon-processguid={5b31cfa1-58df-6a50-6d2b-070000001a00}, sysmon-sourceprocessguid={5b31cfa1-58df-6a50-6d2b-070000001a00}, Logon Account Name=USER_0004, Realm=DOMAIN_0001.LOCAL, Source Process Path=E:\CongTC\MobaXterm_Portable_v25.3 (2)\MobaXterm_Portable_v25DOMAIN_0010.LOCAL\USER_0019, EventIDCode=8, Account ID=S-1-5-21-0002, sysmon-targetprocessid=190152, Process Path=E:\CongTC\MobaXterm_Portable_v25.3 (2)\MobaXterm_Portable_v25DOMAIN_0010.LOCAL\USER_0019, sysmon-utctime=2026-07-10 02:42:24.124, Status Code=N/A, User Domain=DOMAIN_0001.LOCAL, Key Length=N/A, Target Username=USER_0004, Event ID=8, Target Process Name=MobaSCPRi.exe, sysmon-startmodule=-, ProgramName=N/A, Start Module=-, sysmon-startfunction=-, sysmon-user=USER_0002, SourceImageTempPath=N/A, Process GUID=N/A, Machine Identifier=HOST_0008, Object Type=N/A, Start Address=0x00000000004014A0, Target Account Security ID=S-1-5-21-0002, Start Function=-, sysmon-startaddress=0x00000000004014A0, Device Name=HOST_0008, sysmon-targetimage=C:\Users\QTHT~1.CON\AppData\Roaming\MobaXterm\slash\mx86_64b\bin\MobaSCPRi.exe}",false,MAC_0001,MAC_0002,[REDACTED_DUPLICATE_PAYLOAD],3,53779,0,12,false,0:0:0:0:0:0:0:0,N/A,0,N/A,7036,<13>Jul 10 09:42:27 10.0.0.4.vnpost AgentDevice=WindowsLog	AgentLogFile=Microsoft-Windows-Sysmon/Operational	PluginVersion=7.3.1.28	Source=Microsoft-Windows-Sysmon	Computer=Jump-QTHTvDL-App	OriginatingComputer=Jump-QTHTvDL-App	User=USER_0002	Domain=DOMAIN_0006.LOCAL	EventID=8	EventIDCode=8	EventType=4	EventCategory=8	RecordNumber=72848718	TimeGenerated=1783651344	TimeWritten=1783651344	Level=Informational	Keywords=0x8000000000000000	Task=SysmonTask-SYSMON_CREATE_REMOTE_THREAD	Opcode=Info	Message=CreateRemoteThread detected: RuleName: - UtcTime: 2026-07-10 02:42:24.124 SourceProcessGuid: {5b31cfa1-58df-6a50-6d2b-070000001a00} SourceProcessId: 177848 SourceImage: E:\CongTC\MobaXterm_Portable_v25.3 (2)\MobaXterm_Portable_v25DOMAIN_0010.LOCAL\USER_0019 TargetProcessGuid: {5b31cfa1-5c10-6a50-002c-070000001a00} TargetProcessId: 190152 TargetImage: C:\Users\USER_0021\AppData\Roaming\MobaXterm\slash\mx86_64b\bin\MobaSCPRi.exe NewThreadId: 189916 StartAddress: 0x00000000004014A0 StartModule: - StartFunction: - ,Suspicious Windows Events,N/A,1,0,unknown,N/A,CreateRemoteThread,unknown,0,null,1783651344000,255,0,false,0,"true""""",Microsoft-Windows-Sysmon/Operational,HOST_0004,The CreateRemoteThread event detects when a process creates a thread in another process.,0,1783651348719,No Offense,255,HOST_0009 @ 10.0.0.4,true,3,false,N/A,10.0.0.4,false,1783651348719,5,NETWORK_0002,35,8,0,3,-1,HOST_0004,[REDACTED_DUPLICATE_PAYLOAD],USER_0002,5001845,false,null,N/A,"09:42:28, 10 thg 7, 2026","09:42:24, 10 thg 7, 2026",MAC_0002,HOST_0006,439,0,false,10.0.0.4,0,N/A,10.0.0.3,1,"09:42:28, 10 thg 7, 2026",0:0:0:0:0:0:0:0,N/A,null,"100101,100164,100146,100221,100265,109237,109187,156193,100691,100626,100277,100272,134937,166353,100223"
N/A,false,0,0,USER_0004,HOST_0007,"{sysmon-eventid=8, Description=N/A, Message=N/A, Pipe Name=N/A, sysmon-processid=177848, sysmon-sourceimage=E:\CongTC\MobaXterm_Portable_v25.3 (2)\MobaXterm_Portable_v25.3\MobaXterm_Personal_25.3.exe, channel=Microsoft-Windows-Sysmon/Operational, Logon Account Domain=DOMAIN_0001.LOCAL, Object Name=N/A, Target Process Path=C:\Users\USER_0021\AppData\Roaming\MobaXterm\slash\mx86_64b\bin\MobaSCPRi.exe, Process Name=MobaXterm_Personal_25.3.exe, Account Name=USER_0004, Logon Type=N/A, Target User Domain=DOMAIN_0001.LOCAL, Account Security ID=S-1-5-21-0002, Share Name=N/A, Authentication Package=N/A, sysmon-processguid={5b31cfa1-58df-6a50-6d2b-070000001a00}, sysmon-sourceprocessguid={5b31cfa1-58df-6a50-6d2b-070000001a00}, Logon Account Name=USER_0004, Realm=DOMAIN_0001.LOCAL, Source Process Path=E:\CongTC\MobaXterm_Portable_v25.3 (2)\MobaXterm_Portable_v25DOMAIN_0010.LOCAL\USER_0019, EventIDCode=8, Account ID=S-1-5-21-0002, sysmon-targetprocessid=194960, Process Path=E:\CongTC\MobaXterm_Portable_v25.3 (2)\MobaXterm_Portable_v25DOMAIN_0010.LOCAL\USER_0019, sysmon-utctime=2026-07-10 02:42:21.187, Status Code=N/A, User Domain=DOMAIN_0001.LOCAL, Key Length=N/A, Target Username=USER_0004, Event ID=8, Target Process Name=MobaSCPRi.exe, sysmon-startmodule=-, ProgramName=N/A, Start Module=-, sysmon-startfunction=-, sysmon-user=USER_0002, SourceImageTempPath=N/A, Process GUID=N/A, Machine Identifier=HOST_0008, Object Type=N/A, Start Address=0x00000000004014A0, Target Account Security ID=S-1-5-21-0002, Start Function=-, sysmon-startaddress=0x00000000004014A0, Device Name=HOST_0008, sysmon-targetimage=C:\Users\QTHT~1.CON\AppData\Roaming\MobaXterm\slash\mx86_64b\bin\MobaSCPRi.exe}",false,MAC_0001,MAC_0002,[REDACTED_DUPLICATE_PAYLOAD],3,53779,0,12,false,0:0:0:0:0:0:0:0,N/A,0,N/A,7036,<13>Jul 10 09:42:24 10.0.0.4.vnpost AgentDevice=WindowsLog	AgentLogFile=Microsoft-Windows-Sysmon/Operational	PluginVersion=7.3.1.28	Source=Microsoft-Windows-Sysmon	Computer=Jump-QTHTvDL-App	OriginatingComputer=Jump-QTHTvDL-App	User=USER_0002	Domain=DOMAIN_0006.LOCAL	EventID=8	EventIDCode=8	EventType=4	EventCategory=8	RecordNumber=72848633	TimeGenerated=1783651341	TimeWritten=1783651341	Level=Informational	Keywords=0x8000000000000000	Task=SysmonTask-SYSMON_CREATE_REMOTE_THREAD	Opcode=Info	Message=CreateRemoteThread detected: RuleName: - UtcTime: 2026-07-10 02:42:21.187 SourceProcessGuid: {5b31cfa1-58df-6a50-6d2b-070000001a00} SourceProcessId: 177848 SourceImage: E:\CongTC\MobaXterm_Portable_v25.3 (2)\MobaXterm_Portable_v25DOMAIN_0010.LOCAL\USER_0019 TargetProcessGuid: {5b31cfa1-5c0d-6a50-fe2b-070000001a00} TargetProcessId: 194960 TargetImage: C:\Users\USER_0021\AppData\Roaming\MobaXterm\slash\mx86_64b\bin\MobaSCPRi.exe NewThreadId: 195320 StartAddress: 0x00000000004014A0 StartModule: - StartFunction: - ,Suspicious Windows Events,N/A,1,0,unknown,N/A,CreateRemoteThread,unknown,0,null,1783651341000,255,0,false,0,"true""""",Microsoft-Windows-Sysmon/Operational,HOST_0004,The CreateRemoteThread event detects when a process creates a thread in another process.,0,1783651348719,No Offense,255,HOST_0009 @ 10.0.0.4,true,3,false,N/A,10.0.0.4,false,1783651348719,5,NETWORK_0002,35,8,0,3,-1,HOST_0004,[REDACTED_DUPLICATE_PAYLOAD],USER_0002,5001845,false,null,N/A,"09:42:28, 10 thg 7, 2026","09:42:21, 10 thg 7, 2026",MAC_0002,HOST_0006,439,0,false,10.0.0.4,0,N/A,10.0.0.3,1,"09:42:28, 10 thg 7, 2026",0:0:0:0:0:0:0:0,N/A,null,"100101,100164,100146,100221,100265,109237,109187,156193,100691,100626,100277,100272,134937,166353,100223"
N/A,false,0,0,USER_0004,HOST_0007,"{sysmon-eventid=8, Description=N/A, Message=N/A, Pipe Name=N/A, sysmon-processid=177848, sysmon-sourceimage=E:\CongTC\MobaXterm_Portable_v25.3 (2)\MobaXterm_Portable_v25.3\MobaXterm_Personal_25.3.exe, channel=Microsoft-Windows-Sysmon/Operational, Logon Account Domain=DOMAIN_0001.LOCAL, Object Name=N/A, Target Process Path=C:\Users\USER_0021\AppData\Roaming\MobaXterm\slash\mx86_64b\bin\MoTTY.exe, Process Name=MobaXterm_Personal_25.3.exe, Account Name=USER_0004, Logon Type=N/A, Target User Domain=DOMAIN_0001.LOCAL, Account Security ID=S-1-5-21-0002, Share Name=N/A, Authentication Package=N/A, sysmon-processguid={5b31cfa1-58df-6a50-6d2b-070000001a00}, sysmon-sourceprocessguid={5b31cfa1-58df-6a50-6d2b-070000001a00}, Logon Account Name=USER_0004, Realm=DOMAIN_0001.LOCAL, Source Process Path=E:\CongTC\MobaXterm_Portable_v25.3 (2)\MobaXterm_Portable_v25DOMAIN_0010.LOCAL\USER_0019, EventIDCode=8, Account ID=S-1-5-21-0002, sysmon-targetprocessid=194400, Process Path=E:\CongTC\MobaXterm_Portable_v25.3 (2)\MobaXterm_Portable_v25DOMAIN_0010.LOCAL\USER_0019, sysmon-utctime=2026-07-10 02:42:20.374, Status Code=N/A, User Domain=DOMAIN_0001.LOCAL, Key Length=N/A, Target Username=USER_0004, Event ID=8, Target Process Name=MoTTY.exe, sysmon-startmodule=-, ProgramName=N/A, Start Module=-, sysmon-startfunction=-, sysmon-user=USER_0002, SourceImageTempPath=N/A, Process GUID=N/A, Machine Identifier=HOST_0008, Object Type=N/A, Start Address=0x0000000000401480, Target Account Security ID=S-1-5-21-0002, Start Function=-, sysmon-startaddress=0x0000000000401480, Device Name=HOST_0008, sysmon-targetimage=C:\Users\QTHT~1.CON\AppData\Roaming\MobaXterm\slash\mx86_64b\bin\MoTTY.exe}",false,MAC_0001,MAC_0002,[REDACTED_DUPLICATE_PAYLOAD],3,53779,0,12,false,0:0:0:0:0:0:0:0,N/A,0,N/A,7036,<13>Jul 10 09:42:21 10.0.0.4.vnpost AgentDevice=WindowsLog	AgentLogFile=Microsoft-Windows-Sysmon/Operational	PluginVersion=7.3.1.28	Source=Microsoft-Windows-Sysmon	Computer=Jump-QTHTvDL-App	OriginatingComputer=Jump-QTHTvDL-App	User=USER_0002	Domain=DOMAIN_0006.LOCAL	EventID=8	EventIDCode=8	EventType=4	EventCategory=8	RecordNumber=72848582	TimeGenerated=1783651340	TimeWritten=1783651340	Level=Informational	Keywords=0x8000000000000000	Task=SysmonTask-SYSMON_CREATE_REMOTE_THREAD	Opcode=Info	Message=CreateRemoteThread detected: RuleName: - UtcTime: 2026-07-10 02:42:20.374 SourceProcessGuid: {5b31cfa1-58df-6a50-6d2b-070000001a00} SourceProcessId: 177848 SourceImage: E:\CongTC\MobaXterm_Portable_v25.3 (2)\MobaXterm_Portable_v25DOMAIN_0010.LOCAL\USER_0019 TargetProcessGuid: {5b31cfa1-5c0c-6a50-fd2b-070000001a00} TargetProcessId: 194400 TargetImage: C:\Users\USER_0021\AppData\Roaming\MobaXterm\slash\mx86_64b\bin\MoTTY.exe NewThreadId: 183524 StartAddress: 0x0000000000401480 StartModule: - StartFunction: - ,Suspicious Windows Events,N/A,1,0,unknown,N/A,CreateRemoteThread,unknown,0,null,1783651340000,255,0,false,0,"true""""",Microsoft-Windows-Sysmon/Operational,HOST_0004,The CreateRemoteThread event detects when a process creates a thread in another process.,0,1783651348719,No Offense,255,HOST_0009 @ 10.0.0.4,true,3,false,N/A,10.0.0.4,false,1783651348719,5,NETWORK_0002,35,8,0,3,-1,HOST_0004,[REDACTED_DUPLICATE_PAYLOAD],USER_0002,5001845,false,null,N/A,"09:42:28, 10 thg 7, 2026","09:42:20, 10 thg 7, 2026",MAC_0002,HOST_0006,439,0,false,10.0.0.4,0,N/A,10.0.0.3,1,"09:42:28, 10 thg 7, 2026",0:0:0:0:0:0:0:0,N/A,null,"100101,100164,100146,100221,100265,109237,109187,156193,100691,100626,100277,100272,134937,166353,100223"
N/A,false,0,0,USER_0004,HOST_0007,"{sysmon-eventid=8, Description=N/A, Message=N/A, Pipe Name=N/A, sysmon-processid=177848, sysmon-sourceimage=E:\CongTC\MobaXterm_Portable_v25.3 (2)\MobaXterm_Portable_v25.3\MobaXterm_Personal_25.3.exe, channel=Microsoft-Windows-Sysmon/Operational, Logon Account Domain=DOMAIN_0001.LOCAL, Object Name=N/A, Target Process Path=C:\Users\USER_0021\AppData\Roaming\MobaXterm\slash\mx86_64b\bin\MoTTY.exe, Process Name=MobaXterm_Personal_25.3.exe, Account Name=USER_0004, Logon Type=N/A, Target User Domain=DOMAIN_0001.LOCAL, Account Security ID=S-1-5-21-0002, Share Name=N/A, Authentication Package=N/A, sysmon-processguid={5b31cfa1-58df-6a50-6d2b-070000001a00}, sysmon-sourceprocessguid={5b31cfa1-58df-6a50-6d2b-070000001a00}, Logon Account Name=USER_0004, Realm=DOMAIN_0001.LOCAL, Source Process Path=E:\CongTC\MobaXterm_Portable_v25.3 (2)\MobaXterm_Portable_v25DOMAIN_0010.LOCAL\USER_0019, EventIDCode=8, Account ID=S-1-5-21-0002, sysmon-targetprocessid=197488, Process Path=E:\CongTC\MobaXterm_Portable_v25.3 (2)\MobaXterm_Portable_v25DOMAIN_0010.LOCAL\USER_0019, sysmon-utctime=2026-07-10 02:42:19.718, Status Code=N/A, User Domain=DOMAIN_0001.LOCAL, Key Length=N/A, Target Username=USER_0004, Event ID=8, Target Process Name=MoTTY.exe, sysmon-startmodule=-, ProgramName=N/A, Start Module=-, sysmon-startfunction=-, sysmon-user=USER_0002, SourceImageTempPath=N/A, Process GUID=N/A, Machine Identifier=HOST_0008, Object Type=N/A, Start Address=0x0000000000401480, Target Account Security ID=S-1-5-21-0002, Start Function=-, sysmon-startaddress=0x0000000000401480, Device Name=HOST_0008, sysmon-targetimage=C:\Users\QTHT~1.CON\AppData\Roaming\MobaXterm\slash\mx86_64b\bin\MoTTY.exe}",false,MAC_0001,MAC_0002,[REDACTED_DUPLICATE_PAYLOAD],3,53779,0,12,false,0:0:0:0:0:0:0:0,N/A,0,N/A,7036,<13>Jul 10 09:42:21 10.0.0.4.vnpost AgentDevice=WindowsLog	AgentLogFile=Microsoft-Windows-Sysmon/Operational	PluginVersion=7.3.1.28	Source=Microsoft-Windows-Sysmon	Computer=Jump-QTHTvDL-App	OriginatingComputer=Jump-QTHTvDL-App	User=USER_0002	Domain=DOMAIN_0006.LOCAL	EventID=8	EventIDCode=8	EventType=4	EventCategory=8	RecordNumber=72848340	TimeGenerated=1783651339	TimeWritten=1783651339	Level=Informational	Keywords=0x8000000000000000	Task=SysmonTask-SYSMON_CREATE_REMOTE_THREAD	Opcode=Info	Message=CreateRemoteThread detected: RuleName: - UtcTime: 2026-07-10 02:42:19.718 SourceProcessGuid: {5b31cfa1-58df-6a50-6d2b-070000001a00} SourceProcessId: 177848 SourceImage: E:\CongTC\MobaXterm_Portable_v25.3 (2)\MobaXterm_Portable_v25DOMAIN_0010.LOCAL\USER_0019 TargetProcessGuid: {5b31cfa1-5c0b-6a50-fc2b-070000001a00} TargetProcessId: 197488 TargetImage: C:\Users\USER_0021\AppData\Roaming\MobaXterm\slash\mx86_64b\bin\MoTTY.exe NewThreadId: 195092 StartAddress: 0x0000000000401480 StartModule: - StartFunction: - ,Suspicious Windows Events,N/A,1,0,unknown,N/A,CreateRemoteThread,unknown,0,null,1783651339000,255,0,false,0,"true""""",Microsoft-Windows-Sysmon/Operational,HOST_0004,The CreateRemoteThread event detects when a process creates a thread in another process.,0,1783651348690,No Offense,255,HOST_0009 @ 10.0.0.4,true,3,false,N/A,10.0.0.4,false,1783651348690,5,NETWORK_0002,35,8,0,3,-1,HOST_0004,[REDACTED_DUPLICATE_PAYLOAD],USER_0002,5001845,false,null,N/A,"09:42:28, 10 thg 7, 2026","09:42:19, 10 thg 7, 2026",MAC_0002,HOST_0006,439,0,false,10.0.0.4,0,N/A,10.0.0.3,1,"09:42:28, 10 thg 7, 2026",0:0:0:0:0:0:0:0,N/A,null,"100101,100164,100146,100221,100265,109237,109187,156193,100691,100626,100277,100272,134937,166353,100223"
N/A,false,0,0,USER_0004,HOST_0007,"{sysmon-eventid=8, Description=N/A, Message=N/A, Pipe Name=N/A, sysmon-processid=177848, sysmon-sourceimage=E:\CongTC\MobaXterm_Portable_v25.3 (2)\MobaXterm_Portable_v25.3\MobaXterm_Personal_25.3.exe, channel=Microsoft-Windows-Sysmon/Operational, Logon Account Domain=DOMAIN_0001.LOCAL, Object Name=N/A, Target Process Path=C:\Users\USER_0021\AppData\Roaming\MobaXterm\slash\mx86_64b\bin\MobaSCPRi.exe, Process Name=MobaXterm_Personal_25.3.exe, Account Name=USER_0004, Logon Type=N/A, Target User Domain=DOMAIN_0001.LOCAL, Account Security ID=S-1-5-21-0002, Share Name=N/A, Authentication Package=N/A, sysmon-processguid={5b31cfa1-58df-6a50-6d2b-070000001a00}, sysmon-sourceprocessguid={5b31cfa1-58df-6a50-6d2b-070000001a00}, Logon Account Name=USER_0004, Realm=DOMAIN_0001.LOCAL, Source Process Path=E:\CongTC\MobaXterm_Portable_v25.3 (2)\MobaXterm_Portable_v25DOMAIN_0010.LOCAL\USER_0019, EventIDCode=8, Account ID=S-1-5-21-0002, sysmon-targetprocessid=179556, Process Path=E:\CongTC\MobaXterm_Portable_v25.3 (2)\MobaXterm_Portable_v25DOMAIN_0010.LOCAL\USER_0019, sysmon-utctime=2026-07-10 02:42:13.468, Status Code=N/A, User Domain=DOMAIN_0001.LOCAL, Key Length=N/A, Target Username=USER_0004, Event ID=8, Target Process Name=MobaSCPRi.exe, sysmon-startmodule=-, ProgramName=N/A, Start Module=-, sysmon-startfunction=-, sysmon-user=USER_0002, SourceImageTempPath=N/A, Process GUID=N/A, Machine Identifier=HOST_0008, Object Type=N/A, Start Address=0x00000000004014A0, Target Account Security ID=S-1-5-21-0002, Start Function=-, sysmon-startaddress=0x00000000004014A0, Device Name=HOST_0008, sysmon-targetimage=C:\Users\QTHT~1.CON\AppData\Roaming\MobaXterm\slash\mx86_64b\bin\MobaSCPRi.exe}",false,MAC_0001,MAC_0002,[REDACTED_DUPLICATE_PAYLOAD],3,53779,0,12,false,0:0:0:0:0:0:0:0,N/A,0,N/A,7036,<13>Jul 10 09:42:15 10.0.0.4.vnpost AgentDevice=WindowsLog	AgentLogFile=Microsoft-Windows-Sysmon/Operational	PluginVersion=7.3.1.28	Source=Microsoft-Windows-Sysmon	Computer=Jump-QTHTvDL-App	OriginatingComputer=Jump-QTHTvDL-App	User=USER_0002	Domain=DOMAIN_0006.LOCAL	EventID=8	EventIDCode=8	EventType=4	EventCategory=8	RecordNumber=72848142	TimeGenerated=1783651333	TimeWritten=1783651333	Level=Informational	Keywords=0x8000000000000000	Task=SysmonTask-SYSMON_CREATE_REMOTE_THREAD	Opcode=Info	Message=CreateRemoteThread detected: RuleName: - UtcTime: 2026-07-10 02:42:13.468 SourceProcessGuid: {5b31cfa1-58df-6a50-6d2b-070000001a00} SourceProcessId: 177848 SourceImage: E:\CongTC\MobaXterm_Portable_v25.3 (2)\MobaXterm_Portable_v25DOMAIN_0010.LOCAL\USER_0019 TargetProcessGuid: {5b31cfa1-5c05-6a50-fa2b-070000001a00} TargetProcessId: 179556 TargetImage: C:\Users\USER_0021\AppData\Roaming\MobaXterm\slash\mx86_64b\bin\MobaSCPRi.exe NewThreadId: 197092 StartAddress: 0x00000000004014A0 StartModule: - StartFunction: - ,Suspicious Windows Events,N/A,1,0,unknown,N/A,CreateRemoteThread,unknown,0,null,1783651333000,255,0,false,0,"true""""",Microsoft-Windows-Sysmon/Operational,HOST_0004,The CreateRemoteThread event detects when a process creates a thread in another process.,0,1783651338203,No Offense,255,HOST_0009 @ 10.0.0.4,true,3,false,N/A,10.0.0.4,false,1783651338203,5,NETWORK_0002,35,8,0,3,-1,HOST_0004,[REDACTED_DUPLICATE_PAYLOAD],USER_0002,5001845,false,null,N/A,"09:42:18, 10 thg 7, 2026","09:42:13, 10 thg 7, 2026",MAC_0002,HOST_0006,439,0,false,10.0.0.4,0,N/A,10.0.0.3,1,"09:42:18, 10 thg 7, 2026",0:0:0:0:0:0:0:0,N/A,null,"100101,100164,100146,100221,100265,109237,109187,156193,100691,100626,100277,100272,134937,166353,100223"
N/A,false,0,0,USER_0004,HOST_0007,"{sysmon-eventid=8, Description=N/A, Message=N/A, Pipe Name=N/A, sysmon-processid=177848, sysmon-sourceimage=E:\CongTC\MobaXterm_Portable_v25.3 (2)\MobaXterm_Portable_v25.3\MobaXterm_Personal_25.3.exe, channel=Microsoft-Windows-Sysmon/Operational, Logon Account Domain=DOMAIN_0001.LOCAL, Object Name=N/A, Target Process Path=C:\Users\USER_0021\AppData\Roaming\MobaXterm\slash\mx86_64b\bin\MoTTY.exe, Process Name=MobaXterm_Personal_25.3.exe, Account Name=USER_0004, Logon Type=N/A, Target User Domain=DOMAIN_0001.LOCAL, Account Security ID=S-1-5-21-0002, Share Name=N/A, Authentication Package=N/A, sysmon-processguid={5b31cfa1-58df-6a50-6d2b-070000001a00}, sysmon-sourceprocessguid={5b31cfa1-58df-6a50-6d2b-070000001a00}, Logon Account Name=USER_0004, Realm=DOMAIN_0001.LOCAL, Source Process Path=E:\CongTC\MobaXterm_Portable_v25.3 (2)\MobaXterm_Portable_v25DOMAIN_0010.LOCAL\USER_0019, EventIDCode=8, Account ID=S-1-5-21-0002, sysmon-targetprocessid=194660, Process Path=E:\CongTC\MobaXterm_Portable_v25.3 (2)\MobaXterm_Portable_v25DOMAIN_0010.LOCAL\USER_0019, sysmon-utctime=2026-07-10 02:42:12.749, Status Code=N/A, User Domain=DOMAIN_0001.LOCAL, Key Length=N/A, Target Username=USER_0004, Event ID=8, Target Process Name=MoTTY.exe, sysmon-startmodule=-, ProgramName=N/A, Start Module=-, sysmon-startfunction=-, sysmon-user=USER_0002, SourceImageTempPath=N/A, Process GUID=N/A, Machine Identifier=HOST_0008, Object Type=N/A, Start Address=0x0000000000401480, Target Account Security ID=S-1-5-21-0002, Start Function=-, sysmon-startaddress=0x0000000000401480, Device Name=HOST_0008, sysmon-targetimage=C:\Users\QTHT~1.CON\AppData\Roaming\MobaXterm\slash\mx86_64b\bin\MoTTY.exe}",false,MAC_0001,MAC_0002,[REDACTED_DUPLICATE_PAYLOAD],3,53779,0,12,false,0:0:0:0:0:0:0:0,N/A,0,N/A,7036,<13>Jul 10 09:42:15 10.0.0.4.vnpost AgentDevice=WindowsLog	AgentLogFile=Microsoft-Windows-Sysmon/Operational	PluginVersion=7.3.1.28	Source=Microsoft-Windows-Sysmon	Computer=Jump-QTHTvDL-App	OriginatingComputer=Jump-QTHTvDL-App	User=USER_0002	Domain=DOMAIN_0006.LOCAL	EventID=8	EventIDCode=8	EventType=4	EventCategory=8	RecordNumber=72847936	TimeGenerated=1783651332	TimeWritten=1783651332	Level=Informational	Keywords=0x8000000000000000	Task=SysmonTask-SYSMON_CREATE_REMOTE_THREAD	Opcode=Info	Message=CreateRemoteThread detected: RuleName: - UtcTime: 2026-07-10 02:42:12.749 SourceProcessGuid: {5b31cfa1-58df-6a50-6d2b-070000001a00} SourceProcessId: 177848 SourceImage: E:\CongTC\MobaXterm_Portable_v25.3 (2)\MobaXterm_Portable_v25DOMAIN_0010.LOCAL\USER_0019 TargetProcessGuid: {5b31cfa1-5c04-6a50-f92b-070000001a00} TargetProcessId: 194660 TargetImage: C:\Users\USER_0021\AppData\Roaming\MobaXterm\slash\mx86_64b\bin\MoTTY.exe NewThreadId: 181664 StartAddress: 0x0000000000401480 StartModule: - StartFunction: - ,Suspicious Windows Events,N/A,1,0,unknown,N/A,CreateRemoteThread,unknown,0,null,1783651332000,255,0,false,0,"true""""",Microsoft-Windows-Sysmon/Operational,HOST_0004,The CreateRemoteThread event detects when a process creates a thread in another process.,0,1783651338191,No Offense,255,HOST_0009 @ 10.0.0.4,true,3,false,N/A,10.0.0.4,false,1783651338191,5,NETWORK_0002,35,8,0,3,-1,HOST_0004,[REDACTED_DUPLICATE_PAYLOAD],USER_0002,5001845,false,null,N/A,"09:42:18, 10 thg 7, 2026","09:42:12, 10 thg 7, 2026",MAC_0002,HOST_0006,439,0,false,10.0.0.4,0,N/A,10.0.0.3,1,"09:42:18, 10 thg 7, 2026",0:0:0:0:0:0:0:0,N/A,null,"100101,100164,100146,100221,100265,109237,109187,156193,100691,100626,100277,100272,134937,166353,100223"
