N/A,false,0,0,USER_0004,HOST_0054,"{sysmon-eventid=1, Parent Process Name=MSExchangeHMWorker.exe, Pipe Name=N/A, File Directory=N/A, sysmon-processid=19908, channel=Microsoft-Windows-Sysmon/Operational, sysmon-username= NT DOMAIN_0008.LOCAL\USER_0002, Parent Command=""D:\Exchange Server\V15\Bin\MSExchangeHMWorker.exe"" -pipe:2520 -stopkey:DOMAIN_0028.LOCAL\USER_0297 -resetkey:DOMAIN_0028.LOCAL\USER_0298 -readykey:DOMAIN_0028.LOCAL\USER_0299 -hangkey:DOMAIN_0028.LOCAL\USER_0300 -startUpProgressKey:DOMAIN_0028.LOCAL\USER_0301 -workerListening, Object Name=N/A, Account Name=USER_0004, sysmon-currentdirectory=C:\WINDOWS\system32\, Target User Domain=DOMAIN_0001.LOCAL, Logon Account Name=USER_0004, Product Description=nslookup, EventIDCode=1, Terminated Process Name=N/A, MD5 Hash=BBF5260E30537A3A47B9C5D7638B159D, Filename=N/A, Key Length=N/A, sysmon-logonid=0x3E7, ProgramName=N/A, Process GUID=d1bff887-51c0-6a75-baaa-000000000e00, SHA1 Hash=1DD9FD09A28EB545BDB11539944116B85F1F5D32, File Extension=N/A, Object Type=N/A, sysmon-hash=SHA1=1DD9FD09A28EB545BDB11539944116B85F1F5D32,MD5=BBF5260E30537A3A47B9C5D7638B159D,SHA256=0A8082A6D4DB367B7B54D1CD682D693B6685758A0E77C27E0D62D36553A5F0A6,IMPHASH=EC3E3C718C086FAB4F7F35008A5E9116, SHA256 Hash=0A8082A6D4DB367B7B54D1CD682D693B6685758A0E77C27E0D62D36553A5F0A6, Parent Process GUID=d1bff887-705b-6a58-d10f-000000000e00, Integrity Level=System, sysmon-parentimage=D:\Exchange Server\V15\Bin\MSExchangeHMWorker.exe, Description=Description: nslookup Product, File Hash=1DD9FD09A28EB545BDB11539944116B85F1F5D32, Token Elevation Type=N/A, Message=N/A, sysmon-rulename=-, Encoded Command=N/A, Logon Account Domain=DOMAIN_0001.LOCAL, Process Name=nslookup.exe, Parent Process ID=23040, sysmon-parentcommandline=""D:\Exchange Server\V15\Bin\MSExchangeHMWorker.exe"" -pipe:2520 -stopkey:DOMAIN_0028.LOCAL\USER_0297 -resetkey:DOMAIN_0028.LOCAL\USER_0298 -readykey:DOMAIN_0028.LOCAL\USER_0299 -hangkey:DOMAIN_0028.LOCAL\USER_0300 -startUpProgressKey:DOMAIN_0028.LOCAL\USER_0301 -workerListening, Logon Type=N/A, sysmon-integritylevel=System, sysmon-logonguid={d1bff887-bd0c-6a57-e703-000000000000}, Account Security ID=S-1-5-21-0002, Share Name=N/A, Authentication Package=N/A, sysmon-processguid={d1bff887-51c0-6a75-baaa-000000000e00}, Realm=DOMAIN_0001.LOCAL, Account ID=S-1-5-21-0002, sysmon-description=nslookup, Process Path=C:\Windows\System32\nslookup.exe, Status Code=N/A, Product Name=Microsoft® Windows® Operating System, User Domain=DOMAIN_0001.LOCAL, Encoded Argument=N/A, Target Username=USER_0004, Event ID=1, sysmon-parentprocessid=23040, Product Company=Microsoft Corporation, sysmon-fileversion=10.0.20348.1 (WinBuild.160101.0800), sysmon-parentprocessguid={d1bff887-705b-6a58-d10f-000000000e00}, sysmon-user=USER_0002, Command=""C:\WINDOWS\system32\nslookup.exe"" -type=A MST-EX-02.mic.gov.vn. 10.0.0.23, sysmon-originalfilename=nslookup.exe, Process ID=19908, sysmon-image=C:\Windows\System32\nslookup.exe, Machine Identifier=HOST_0055, Target Account Security ID=S-1-5-21-0002, sysmon-commandline=""C:\WINDOWS\system32\nslookup.exe"" -type=A MST-EX-02.mic.gov.vn. 10.0.0.23, Device Name=HOST_0055, IMP Hash=EC3E3C718C086FAB4F7F35008A5E9116, Current Working Directory=C:\WINDOWS\system32\, Parent Process Path=D:\Exchange Server\V15\Bin\MSExchangeHMWorker.exe, sysmon-terminalsessionid=0}",false,MAC_0001,MAC_0002,[REDACTED_DUPLICATE_PAYLOAD],3,54185,0,12,false,0:0:0:0:0:0:0:0,N/A,0,N/A,8110,"<13>Aug 07 10:32:20 MST-EX-02.10.100.10.188 AgentDevice=WindowsLog	AgentLogFile=Microsoft-Windows-Sysmon/Operational	PluginVersion=7.3.1.28	Source=Microsoft-Windows-Sysmon	Computer=MST-EX-02.mic.gov.vn	OriginatingComputer=10.100.10.188	User=USER_0002	Domain=DOMAIN_0006.LOCAL	EventID=1	EventIDCode=1	EventType=4	EventCategory=1	RecordNumber=8408908	TimeGenerated=1786073536	TimeWritten=1786073536	Level=Informational	Keywords=0x8000000000000000	Task=SysmonTask-SYSMON_CREATE_PROCESS	Opcode=Info	Message=Process Create: RuleName: - UtcTime: 2026-08-07 03:32:16.428 ProcessGuid: {d1bff887-51c0-6a75-baaa-000000000e00} ProcessId: 19908 Image: C:\Windows\System32\nslookup.exe FileVersion: 10.0.20348.1 (WinBuild.160101.0800) Description: nslookup Product: Microsoft® Windows® Operating System Company: Microsoft Corporation OriginalFileName: nslookup.exe CommandLine: ""C:\WINDOWS\system32\nslookup.exe"" -type=A MST-EX-02.mic.gov.vn. 10.0.0.23 CurrentDirectory: C:\WINDOWS\system32\ User: NT DOMAIN_0008.LOCAL\USER_0002 LogonGuid: {d1bff887-bd0c-6a57-e703-000000000000} LogonId: 0x3E7 TerminalSessionId: 0 IntegrityLevel: System Hashes: SHA1=1DD9FD09A28EB545BDB11539944116B85F1F5D32,MD5=BBF5260E30537A3A47B9C5D7638B159D,SHA256=0A8082A6D4DB367B7B54D1CD682D693B6685758A0E77C27E0D62D36553A5F0A6,IMPHASH=EC3E3C718C086FAB4F7F35008A5E9116 ParentProcessGuid: {d1bff887-705b-6a58-d10f-000000000e00} ParentProcessId: 23040 ParentImage: D:\Exchange Server\V15\Bin\MSExchangeHMWorker.exe ParentCommandLine: ""D:\Exchange Server\V15\Bin\MSExchangeHMWorker.exe"" -pipe:2520 -stopkey:DOMAIN_0028.LOCAL\USER_0297 -resetkey:DOMAIN_0028.LOCAL\USER_0298 -readykey:DOMAIN_0028.LOCAL\USER_0299 -hangkey:DOMAIN_0028.LOCAL\USER_0300 -startUpProgressKey:DOMAIN_0028.LOCAL\USER_0301 -workerListening ",Process Creation Success,N/A,1,0,unknown,N/A,Process Create,unknown,0,null,1786073536000,255,0,false,0,"true""""",Microsoft-Windows-Sysmon/Operational,HOST_0004,The process creation event provides extended information about a newly created process.,0,1786073841007,No Offense,255,HOST_0056 @ 10.0.0.22,false,3,false,N/A,10.0.0.22,false,1786073841007,5,NETWORK_0016,58,1,0,3,-1,HOST_0004,[REDACTED_DUPLICATE_PAYLOAD],USER_0002,5001828,false,null,N/A,"10:37:21, 7 thg 8, 2026","10:32:16, 7 thg 8, 2026",MAC_0002,HOST_0057,584,0,false,10.0.0.22,0,N/A,10.0.0.3,1,"10:37:21, 7 thg 8, 2026",0:0:0:0:0:0:0:0,N/A,null,"100101,100221,100265,109237,109187,100668,156193,100277,100272,134937,166353,100223"
N/A,false,0,0,USER_0004,HOST_0054,"{sysmon-eventid=4688, Parent Process Name=MSExchangeHMWorker.exe, Pipe Name=N/A, File Directory=N/A, sysmon-processid=N/A, channel=Security, Object Name=N/A, Account Name=USER_0296, Target User Domain=DOMAIN_0005.LOCAL, mandatory_label=Mandatory Label\System Mandatory Level, Logon Account Name=USER_0004, EventIDCode=4688, Terminated Process Name=N/A, MD5 Hash=N/A, Filename=N/A, Key Length=N/A, ProgramName=N/A, Process GUID=N/A, SHA1 Hash=N/A, File Extension=N/A, Object Type=N/A, SHA256 Hash=N/A, Parent Process GUID=N/A, Integrity Level=N/A, sysmon-parentimage=D:\Exchange Server\V15\Bin\MSExchangeHMWorker.exe, Description=N/A, Token Elevation Type=N/A, Message=N/A, Encoded Command=N/A, Logon Account Domain=DOMAIN_0001.LOCAL, Process Name=nslookup.exe, Parent Process ID=N/A, Logon Type=N/A, Account Security ID=S-1-5-21-0004, Share Name=N/A, Authentication Package=N/A, sysmon-processguid=N/A, Realm=DOMAIN_0001.LOCAL, Account ID=S-1-5-21-0002, Process Path=C:\Windows\System32\nslookup.exe, Status Code=N/A, User Domain=DOMAIN_0067.LOCAL, Encoded Argument=N/A, Target Username=USER_0008, Event ID=4688, sysmon-user=USER_0004, Command=""C:\WINDOWS\system32\nslookup.exe"" -type=A MST-EX-02.mic.gov.vn. 10.0.0.23, Process ID=0x4dc4, Machine Identifier=HOST_0055, Target Account Security ID=S-1-5-21-0003, Device Name=HOST_0055, IMP Hash=N/A, Parent Process Path=D:\Exchange Server\V15\Bin\MSExchangeHMWorker.exe}",false,MAC_0001,MAC_0002,[REDACTED_DUPLICATE_PAYLOAD],3,54185,0,12,false,0:0:0:0:0:0:0:0,N/A,0,N/A,8110,"<13>Aug 07 10:32:18 MST-EX-02.10.100.10.188 AgentDevice=WindowsLog	AgentLogFile=Security	PluginVersion=7.3.1.28	Source=Microsoft-Windows-Security-Auditing	Computer=MST-EX-02.mic.gov.vn	OriginatingComputer=10.100.10.188	User=	Domain=	EventID=4688	EventIDCode=4688	EventType=8	EventCategory=13312	RecordNumber=26700163	TimeGenerated=1786073536	TimeWritten=1786073536	Level=Log Always	Keywords=Audit Success	Task=SE_ADT_DETAILEDTRACKING_PROCESSCREATION	Opcode=Info	Message=A new process has been created.  Creator Subject:  Security ID:  NT DOMAIN_0008.LOCAL\USER_0002  Account Name: USER_0296  Account Domain: DOMAIN_0067.LOCAL  Logon ID:  0x3E7  Target Subject:  Security ID:  NULL SID  Account Name:  -  Account Domain:  -  Logon ID:  0x0  Process Information:  New Process ID:  0x4dc4  New Process Name: C:\Windows\System32\nslookup.exe  Token Elevation Type: TokenElevationTypeDefault (1)  Mandatory Label:  Mandatory Label\System Mandatory Level  Creator Process ID: 0x5a00  Creator Process Name: D:\Exchange Server\V15\Bin\MSExchangeHMWorker.exe  Process Command Line: ""C:\WINDOWS\system32\nslookup.exe"" -type=A MST-EX-02.mic.gov.vn. 10.0.0.23  Token Elevation Type indicates the type of token that was assigned to the new process in accordance with User Account Control policy.  Type 1 is a full token with no privileges removed or groups disabled.  A full token is only used if User Account Control is disabled or if the user is the built-in Administrator account or a service account.  Type 2 is an elevated token with no privileges removed or groups disabled.  An elevated token is used when User Account Control is enabled and the user chooses to start the program using Run as administrator.  An elevated token is also used when an application is configured to always require administrative privilege or to always require maximum privilege, and the user is a member of the Administrators group.  Type 3 is a limited token with administrative privileges removed and administrative groups disabled.  The limited token is used when User Account Control is enabled, the application does not require administrative privilege, and the user does not choose to start the program using Run as administrator. ",Process Creation Success,N/A,1,0,unknown,N/A,Success Audit: A new process has been created,unknown,0,null,1786073536000,255,0,false,0,"true""""",Success Audit,HOST_0004,Success Audit: A new process has been created.,0,1786073841007,No Offense,255,HOST_0056 @ 10.0.0.22,false,3,false,N/A,10.0.0.22,false,1786073841007,5,NETWORK_0016,58,4688,0,3,-1,HOST_0004,[REDACTED_DUPLICATE_PAYLOAD],USER_0004,5000862,false,null,N/A,"10:37:21, 7 thg 8, 2026","10:32:16, 7 thg 8, 2026",MAC_0002,HOST_0057,584,0,false,10.0.0.22,0,N/A,10.0.0.3,1,"10:37:21, 7 thg 8, 2026",0:0:0:0:0:0:0:0,N/A,null,"100101,100221,100265,109237,100668,156193,100277,100272,134937,166353,100223"
N/A,false,0,0,USER_0004,HOST_0054,"{sysmon-eventid=4688, Parent Process Name=MicrosoftEdgeUpdate.exe, Pipe Name=N/A, File Directory=N/A, sysmon-processid=N/A, channel=Security, Object Name=N/A, Account Name=USER_0296, Target User Domain=DOMAIN_0005.LOCAL, mandatory_label=Mandatory Label\System Mandatory Level, Logon Account Name=USER_0004, EventIDCode=4688, Terminated Process Name=N/A, MD5 Hash=N/A, Filename=N/A, Key Length=N/A, ProgramName=N/A, Process GUID=N/A, SHA1 Hash=N/A, File Extension=N/A, Object Type=N/A, SHA256 Hash=N/A, Parent Process GUID=N/A, Integrity Level=N/A, sysmon-parentimage=C:\Program Files (x86)\Microsoft\EdgeUpdate\MicrosoftEdgeUpdate.exe, Description=N/A, Token Elevation Type=N/A, Message=N/A, Encoded Command=N/A, Logon Account Domain=DOMAIN_0001.LOCAL, Process Name=MicrosoftEdgeUpdate.exe, Parent Process ID=N/A, Logon Type=N/A, Account Security ID=S-1-5-21-0004, Share Name=N/A, Authentication Package=N/A, sysmon-processguid=N/A, Realm=DOMAIN_0001.LOCAL, Account ID=S-1-5-21-0002, Process Path=C:\Program Files (x86)\Microsoft\EdgeUpdate\MicrosoftEdgeUpdate.exe, Status Code=N/A, User Domain=DOMAIN_0067.LOCAL, Encoded Argument=N/A, Target Username=USER_0008, Event ID=4688, sysmon-user=USER_0004, Command=""C:\Program Files (x86)\Microsoft\EdgeUpdate\MicrosoftEdgeUpdate.exe"" /ua /installsource core, Process ID=0x43cc, Machine Identifier=HOST_0055, Target Account Security ID=S-1-5-21-0003, Device Name=HOST_0055, IMP Hash=N/A, Parent Process Path=C:\Program Files (x86)\Microsoft\EdgeUpdate\MicrosoftEdgeUpdate.exe}",false,MAC_0001,MAC_0002,[REDACTED_DUPLICATE_PAYLOAD],3,54185,0,12,false,0:0:0:0:0:0:0:0,N/A,0,N/A,8110,"<13>Aug 07 10:30:30 MST-EX-02.10.100.10.188 AgentDevice=WindowsLog	AgentLogFile=Security	PluginVersion=7.3.1.28	Source=Microsoft-Windows-Security-Auditing	Computer=MST-EX-02.mic.gov.vn	OriginatingComputer=10.100.10.188	User=	Domain=	EventID=4688	EventIDCode=4688	EventType=8	EventCategory=13312	RecordNumber=26698537	TimeGenerated=1786073427	TimeWritten=1786073427	Level=Log Always	Keywords=Audit Success	Task=SE_ADT_DETAILEDTRACKING_PROCESSCREATION	Opcode=Info	Message=A new process has been created.  Creator Subject:  Security ID:  NT DOMAIN_0008.LOCAL\USER_0002  Account Name: USER_0296  Account Domain: DOMAIN_0067.LOCAL  Logon ID:  0x3E7  Target Subject:  Security ID:  NULL SID  Account Name:  -  Account Domain:  -  Logon ID:  0x0  Process Information:  New Process ID:  0x43cc  New Process Name: C:\Program Files (x86)\Microsoft\EdgeUpdate\MicrosoftEdgeUpdate.exe  Token Elevation Type: TokenElevationTypeDefault (1)  Mandatory Label:  Mandatory Label\System Mandatory Level  Creator Process ID: 0x9a4c  Creator Process Name: C:\Program Files (x86)\Microsoft\EdgeUpdate\MicrosoftEdgeUpdate.exe  Process Command Line: ""C:\Program Files (x86)\Microsoft\EdgeUpdate\MicrosoftEdgeUpdate.exe"" /ua /installsource core  Token Elevation Type indicates the type of token that was assigned to the new process in accordance with User Account Control policy.  Type 1 is a full token with no privileges removed or groups disabled.  A full token is only used if User Account Control is disabled or if the user is the built-in Administrator account or a service account.  Type 2 is an elevated token with no privileges removed or groups disabled.  An elevated token is used when User Account Control is enabled and the user chooses to start the program using Run as administrator.  An elevated token is also used when an application is configured to always require administrative privilege or to always require maximum privilege, and the user is a member of the Administrators group.  Type 3 is a limited token with administrative privileges removed and administrative groups disabled.  The limited token is used when User Account Control is enabled, the application does not require administrative privilege, and the user does not choose to start the program using Run as administrator. ",Process Creation Success,N/A,1,0,unknown,N/A,Success Audit: A new process has been created,unknown,0,null,1786073427000,255,0,false,0,"true""""",Success Audit,HOST_0004,Success Audit: A new process has been created.,0,1786073735990,No Offense,255,HOST_0056 @ 10.0.0.22,false,3,false,N/A,10.0.0.22,false,1786073735990,5,NETWORK_0016,58,4688,0,3,-1,HOST_0004,[REDACTED_DUPLICATE_PAYLOAD],USER_0004,5000862,false,null,N/A,"10:35:35, 7 thg 8, 2026","10:30:27, 7 thg 8, 2026",MAC_0002,HOST_0057,584,0,false,10.0.0.22,0,N/A,10.0.0.3,1,"10:35:35, 7 thg 8, 2026",0:0:0:0:0:0:0:0,N/A,null,"100101,100221,100265,109237,156193,100277,100272,134937,166353,100223"
N/A,false,0,0,USER_0004,HOST_0054,"{sysmon-eventid=1, Parent Process Name=MicrosoftEdgeUpdate.exe, Pipe Name=N/A, File Directory=N/A, sysmon-processid=17356, channel=Microsoft-Windows-Sysmon/Operational, sysmon-username= NT DOMAIN_0008.LOCAL\USER_0002, Parent Command=""C:\Program Files (x86)\Microsoft\EdgeUpdate\MicrosoftEdgeUpdate.exe"" /c, Object Name=N/A, Account Name=USER_0004, sysmon-currentdirectory=C:\Program Files (x86)\Microsoft\EdgeUpdate\203.0.0.22\, Target User Domain=DOMAIN_0001.LOCAL, Logon Account Name=USER_0004, Product Description=Microsoft Edge Update, EventIDCode=1, Terminated Process Name=N/A, MD5 Hash=7A87637CC4D114EA49A30323FEB799F1, Filename=N/A, Key Length=N/A, sysmon-logonid=0x3E7, ProgramName=N/A, Process GUID=d1bff887-5153-6a75-b9aa-000000000e00, SHA1 Hash=65070B338B9C9D20CDBBEBE4D3B2A9BB730CE928, File Extension=N/A, Object Type=N/A, sysmon-hash=SHA1=65070B338B9C9D20CDBBEBE4D3B2A9BB730CE928,MD5=7A87637CC4D114EA49A30323FEB799F1,SHA256=A8FFAB0B134E177655DD255F9B05296BB5CA7C40C5C1A2157DB81FC68B350FFD,IMPHASH=CD3B2D99C6655A5D4A14E30E380F5BF9, SHA256 Hash=A8FFAB0B134E177655DD255F9B05296BB5CA7C40C5C1A2157DB81FC68B350FFD, Parent Process GUID=d1bff887-68d5-6a71-5c91-000000000e00, Integrity Level=System, sysmon-parentimage=C:\Program Files (x86)\Microsoft\EdgeUpdate\MicrosoftEdgeUpdate.exe, Description=Description: Microsoft Edge Update Product, File Hash=65070B338B9C9D20CDBBEBE4D3B2A9BB730CE928, Token Elevation Type=N/A, Message=N/A, sysmon-rulename=-, Encoded Command=N/A, Logon Account Domain=DOMAIN_0001.LOCAL, Process Name=MicrosoftEdgeUpdate.exe, Parent Process ID=39500, sysmon-parentcommandline=""C:\Program Files (x86)\Microsoft\EdgeUpdate\MicrosoftEdgeUpdate.exe"" /c, Logon Type=N/A, sysmon-integritylevel=System, sysmon-logonguid={d1bff887-bd0c-6a57-e703-000000000000}, Account Security ID=S-1-5-21-0002, Share Name=N/A, Authentication Package=N/A, sysmon-processguid={d1bff887-5153-6a75-b9aa-000000000e00}, Realm=DOMAIN_0001.LOCAL, Account ID=S-1-5-21-0002, sysmon-description=Microsoft Edge Update, Process Path=C:\Program Files (x86)\Microsoft\EdgeUpdate\MicrosoftEdgeUpdate.exe, Status Code=N/A, Product Name=Microsoft Edge Update, User Domain=DOMAIN_0001.LOCAL, Encoded Argument=N/A, Target Username=USER_0004, Event ID=1, sysmon-parentprocessid=39500, Product Company=Microsoft Corporation, sysmon-fileversion=1.3.233.3, sysmon-parentprocessguid={d1bff887-68d5-6a71-5c91-000000000e00}, sysmon-user=USER_0002, Command=""C:\Program Files (x86)\Microsoft\EdgeUpdate\MicrosoftEdgeUpdate.exe"" /ua /installsource core, sysmon-originalfilename=MicrosoftEdgeUpdate.exe, Process ID=17356, sysmon-image=C:\Program Files (x86)\Microsoft\EdgeUpdate\MicrosoftEdgeUpdate.exe, Machine Identifier=HOST_0055, Target Account Security ID=S-1-5-21-0002, sysmon-commandline=""C:\Program Files (x86)\Microsoft\EdgeUpdate\MicrosoftEdgeUpdate.exe"" /ua /installsource core, Device Name=HOST_0055, IMP Hash=CD3B2D99C6655A5D4A14E30E380F5BF9, Current Working Directory=C:\Program Files (x86)\Microsoft\EdgeUpdate\1.3.251.21\, Parent Process Path=C:\Program Files (x86)\Microsoft\EdgeUpdate\MicrosoftEdgeUpdate.exe, sysmon-terminalsessionid=0}",false,MAC_0001,MAC_0002,[REDACTED_DUPLICATE_PAYLOAD],3,54185,0,12,false,0:0:0:0:0:0:0:0,N/A,0,N/A,8110,"<13>Aug 07 10:30:29 MST-EX-02.10.100.10.188 AgentDevice=WindowsLog	AgentLogFile=Microsoft-Windows-Sysmon/Operational	PluginVersion=7.3.1.28	Source=Microsoft-Windows-Sysmon	Computer=MST-EX-02.mic.gov.vn	OriginatingComputer=10.100.10.188	User=USER_0002	Domain=DOMAIN_0006.LOCAL	EventID=1	EventIDCode=1	EventType=4	EventCategory=1	RecordNumber=8406063	TimeGenerated=1786073427	TimeWritten=1786073427	Level=Informational	Keywords=0x8000000000000000	Task=SysmonTask-SYSMON_CREATE_PROCESS	Opcode=Info	Message=Process Create: RuleName: - UtcTime: 2026-08-07 03:30:27.638 ProcessGuid: {d1bff887-5153-6a75-b9aa-000000000e00} ProcessId: 17356 Image: C:\Program Files (x86)\Microsoft\EdgeUpdate\MicrosoftEdgeUpdate.exe FileVersion: 203.0.0.23 Description: Microsoft Edge Update Product: Microsoft Edge Update Company: Microsoft Corporation OriginalFileName: MicrosoftEdgeUpdate.exe CommandLine: ""C:\Program Files (x86)\Microsoft\EdgeUpdate\MicrosoftEdgeUpdate.exe"" /ua /installsource core CurrentDirectory: C:\Program Files (x86)\Microsoft\EdgeUpdate\203.0.0.22\ User: NT DOMAIN_0008.LOCAL\USER_0002 LogonGuid: {d1bff887-bd0c-6a57-e703-000000000000} LogonId: 0x3E7 TerminalSessionId: 0 IntegrityLevel: System Hashes: SHA1=65070B338B9C9D20CDBBEBE4D3B2A9BB730CE928,MD5=7A87637CC4D114EA49A30323FEB799F1,SHA256=A8FFAB0B134E177655DD255F9B05296BB5CA7C40C5C1A2157DB81FC68B350FFD,IMPHASH=CD3B2D99C6655A5D4A14E30E380F5BF9 ParentProcessGuid: {d1bff887-68d5-6a71-5c91-000000000e00} ParentProcessId: 39500 ParentImage: C:\Program Files (x86)\Microsoft\EdgeUpdate\MicrosoftEdgeUpdate.exe ParentCommandLine: ""C:\Program Files (x86)\Microsoft\EdgeUpdate\MicrosoftEdgeUpdate.exe"" /c ",Process Creation Success,N/A,1,0,unknown,N/A,Process Create,unknown,0,null,1786073427000,255,0,false,0,"true""""",Microsoft-Windows-Sysmon/Operational,HOST_0004,The process creation event provides extended information about a newly created process.,0,1786073735987,No Offense,255,HOST_0056 @ 10.0.0.22,false,3,false,N/A,10.0.0.22,false,1786073735987,5,NETWORK_0016,58,1,0,3,-1,HOST_0004,[REDACTED_DUPLICATE_PAYLOAD],USER_0002,5001828,false,null,N/A,"10:35:35, 7 thg 8, 2026","10:30:27, 7 thg 8, 2026",MAC_0002,HOST_0057,584,0,false,10.0.0.22,0,N/A,10.0.0.3,1,"10:35:35, 7 thg 8, 2026",0:0:0:0:0:0:0:0,N/A,null,"100101,100221,100265,109237,109187,156193,100277,100272,134937,166353,100223"
N/A,false,0,0,USER_0004,HOST_0054,"{sysmon-eventid=4688, Parent Process Name=MSExchangeHMWorker.exe, Pipe Name=N/A, File Directory=N/A, sysmon-processid=N/A, channel=Security, Object Name=N/A, Account Name=USER_0296, Target User Domain=DOMAIN_0005.LOCAL, mandatory_label=Mandatory Label\System Mandatory Level, Logon Account Name=USER_0004, EventIDCode=4688, Terminated Process Name=N/A, MD5 Hash=N/A, Filename=N/A, Key Length=N/A, ProgramName=N/A, Process GUID=N/A, SHA1 Hash=N/A, File Extension=N/A, Object Type=N/A, SHA256 Hash=N/A, Parent Process GUID=N/A, Integrity Level=N/A, sysmon-parentimage=D:\Exchange Server\V15\Bin\MSExchangeHMWorker.exe, Description=N/A, Token Elevation Type=N/A, Message=N/A, Encoded Command=N/A, Logon Account Domain=DOMAIN_0001.LOCAL, Process Name=netsh.exe, Parent Process ID=N/A, Logon Type=N/A, Account Security ID=S-1-5-21-0004, Share Name=N/A, Authentication Package=N/A, sysmon-processguid=N/A, Realm=DOMAIN_0001.LOCAL, Account ID=S-1-5-21-0002, Process Path=C:\Windows\System32\netsh.exe, Status Code=N/A, User Domain=DOMAIN_0067.LOCAL, Encoded Argument=N/A, Target Username=USER_0008, Event ID=4688, sysmon-user=USER_0004, Command=""netsh"" interface tcp show global, Process ID=0x527c, Machine Identifier=HOST_0055, Target Account Security ID=S-1-5-21-0003, Device Name=HOST_0055, IMP Hash=N/A, Parent Process Path=D:\Exchange Server\V15\Bin\MSExchangeHMWorker.exe}",false,MAC_0001,MAC_0002,[REDACTED_DUPLICATE_PAYLOAD],3,54185,0,12,false,0:0:0:0:0:0:0:0,N/A,0,N/A,8110,"<13>Aug 07 10:29:45 MST-EX-02.10.100.10.188 AgentDevice=WindowsLog	AgentLogFile=Security	PluginVersion=7.3.1.28	Source=Microsoft-Windows-Security-Auditing	Computer=MST-EX-02.mic.gov.vn	OriginatingComputer=10.100.10.188	User=	Domain=	EventID=4688	EventIDCode=4688	EventType=8	EventCategory=13312	RecordNumber=26697787	TimeGenerated=1786073383	TimeWritten=1786073383	Level=Log Always	Keywords=Audit Success	Task=SE_ADT_DETAILEDTRACKING_PROCESSCREATION	Opcode=Info	Message=A new process has been created.  Creator Subject:  Security ID:  NT DOMAIN_0008.LOCAL\USER_0002  Account Name: USER_0296  Account Domain: DOMAIN_0067.LOCAL  Logon ID:  0x3E7  Target Subject:  Security ID:  NULL SID  Account Name:  -  Account Domain:  -  Logon ID:  0x0  Process Information:  New Process ID:  0x527c  New Process Name: C:\Windows\System32\netsh.exe  Token Elevation Type: TokenElevationTypeDefault (1)  Mandatory Label:  Mandatory Label\System Mandatory Level  Creator Process ID: 0x5a00  Creator Process Name: D:\Exchange Server\V15\Bin\MSExchangeHMWorker.exe  Process Command Line: ""netsh"" interface tcp show global  Token Elevation Type indicates the type of token that was assigned to the new process in accordance with User Account Control policy.  Type 1 is a full token with no privileges removed or groups disabled.  A full token is only used if User Account Control is disabled or if the user is the built-in Administrator account or a service account.  Type 2 is an elevated token with no privileges removed or groups disabled.  An elevated token is used when User Account Control is enabled and the user chooses to start the program using Run as administrator.  An elevated token is also used when an application is configured to always require administrative privilege or to always require maximum privilege, and the user is a member of the Administrators group.  Type 3 is a limited token with administrative privileges removed and administrative groups disabled.  The limited token is used when User Account Control is enabled, the application does not require administrative privilege, and the user does not choose to start the program using Run as administrator. ",Process Creation Success,N/A,1,0,unknown,N/A,Success Audit: A new process has been created,unknown,0,null,1786073383000,255,0,false,0,"true""""",Success Audit,HOST_0004,Success Audit: A new process has been created.,0,1786073694021,No Offense,255,HOST_0056 @ 10.0.0.22,false,3,false,N/A,10.0.0.22,false,1786073694021,5,NETWORK_0016,58,4688,0,3,-1,HOST_0004,[REDACTED_DUPLICATE_PAYLOAD],USER_0004,5000862,false,null,N/A,"10:34:54, 7 thg 8, 2026","10:29:43, 7 thg 8, 2026",MAC_0002,HOST_0057,584,0,false,10.0.0.22,0,N/A,10.0.0.3,1,"10:34:54, 7 thg 8, 2026",0:0:0:0:0:0:0:0,N/A,null,"100101,100221,100265,109237,100668,156193,100277,100272,134937,166353,100223"
N/A,false,0,0,USER_0004,HOST_0054,"{sysmon-eventid=1, Parent Process Name=MSExchangeHMWorker.exe, Pipe Name=N/A, File Directory=N/A, sysmon-processid=21116, channel=Microsoft-Windows-Sysmon/Operational, sysmon-username= NT DOMAIN_0008.LOCAL\USER_0002, Parent Command=""D:\Exchange Server\V15\Bin\MSExchangeHMWorker.exe"" -pipe:2520 -stopkey:DOMAIN_0028.LOCAL\USER_0297 -resetkey:DOMAIN_0028.LOCAL\USER_0298 -readykey:DOMAIN_0028.LOCAL\USER_0299 -hangkey:DOMAIN_0028.LOCAL\USER_0300 -startUpProgressKey:DOMAIN_0028.LOCAL\USER_0301 -workerListening, Object Name=N/A, Account Name=USER_0004, sysmon-currentdirectory=C:\WINDOWS\system32\, Target User Domain=DOMAIN_0001.LOCAL, Logon Account Name=USER_0004, Product Description=Network Command Shell, EventIDCode=1, Terminated Process Name=N/A, MD5 Hash=28B5A3688253FD5822EE90BCAE2633F7, Filename=N/A, Key Length=N/A, sysmon-logonid=0x3E7, ProgramName=N/A, Process GUID=d1bff887-5127-6a75-b8aa-000000000e00, SHA1 Hash=E444D7967EC82652D723DCC1609146794EAFF6B7, File Extension=N/A, Object Type=N/A, sysmon-hash=SHA1=E444D7967EC82652D723DCC1609146794EAFF6B7,MD5=28B5A3688253FD5822EE90BCAE2633F7,SHA256=7482890B1875BDCEC826F3385EAC7DCDC38F17358A13B1B8C790BDB895FF5054,IMPHASH=06F091DBEC9C3F0DD14808FFE59B95DE, SHA256 Hash=7482890B1875BDCEC826F3385EAC7DCDC38F17358A13B1B8C790BDB895FF5054, Parent Process GUID=d1bff887-705b-6a58-d10f-000000000e00, Integrity Level=System, sysmon-parentimage=D:\Exchange Server\V15\Bin\MSExchangeHMWorker.exe, Description=Description: Network Command Shell Product, File Hash=E444D7967EC82652D723DCC1609146794EAFF6B7, Token Elevation Type=N/A, Message=N/A, sysmon-rulename=-, Encoded Command=N/A, Logon Account Domain=DOMAIN_0001.LOCAL, Process Name=netsh.exe, Parent Process ID=23040, sysmon-parentcommandline=""D:\Exchange Server\V15\Bin\MSExchangeHMWorker.exe"" -pipe:2520 -stopkey:DOMAIN_0028.LOCAL\USER_0297 -resetkey:DOMAIN_0028.LOCAL\USER_0298 -readykey:DOMAIN_0028.LOCAL\USER_0299 -hangkey:DOMAIN_0028.LOCAL\USER_0300 -startUpProgressKey:DOMAIN_0028.LOCAL\USER_0301 -workerListening, Logon Type=N/A, sysmon-integritylevel=System, sysmon-logonguid={d1bff887-bd0c-6a57-e703-000000000000}, Account Security ID=S-1-5-21-0002, Share Name=N/A, Authentication Package=N/A, sysmon-processguid={d1bff887-5127-6a75-b8aa-000000000e00}, Realm=DOMAIN_0001.LOCAL, Account ID=S-1-5-21-0002, sysmon-description=Network Command Shell, Process Path=C:\Windows\System32\netsh.exe, Status Code=N/A, Product Name=Microsoft® Windows® Operating System, User Domain=DOMAIN_0001.LOCAL, Encoded Argument=N/A, Target Username=USER_0004, Event ID=1, sysmon-parentprocessid=23040, Product Company=Microsoft Corporation, sysmon-fileversion=10.0.20348.1 (WinBuild.160101.0800), sysmon-parentprocessguid={d1bff887-705b-6a58-d10f-000000000e00}, sysmon-user=USER_0002, Command=""netsh"" interface tcp show global, sysmon-originalfilename=netsh.exe, Process ID=21116, sysmon-image=C:\Windows\System32\netsh.exe, Machine Identifier=HOST_0055, Target Account Security ID=S-1-5-21-0002, sysmon-commandline=""netsh"" interface tcp show global, Device Name=HOST_0055, IMP Hash=06F091DBEC9C3F0DD14808FFE59B95DE, Current Working Directory=C:\WINDOWS\system32\, Parent Process Path=D:\Exchange Server\V15\Bin\MSExchangeHMWorker.exe, sysmon-terminalsessionid=0}",false,MAC_0001,MAC_0002,[REDACTED_DUPLICATE_PAYLOAD],3,54185,0,12,false,0:0:0:0:0:0:0:0,N/A,0,N/A,8110,"<13>Aug 07 10:29:44 MST-EX-02.10.100.10.188 AgentDevice=WindowsLog	AgentLogFile=Microsoft-Windows-Sysmon/Operational	PluginVersion=7.3.1.28	Source=Microsoft-Windows-Sysmon	Computer=MST-EX-02.mic.gov.vn	OriginatingComputer=10.100.10.188	User=USER_0002	Domain=DOMAIN_0006.LOCAL	EventID=1	EventIDCode=1	EventType=4	EventCategory=1	RecordNumber=8404449	TimeGenerated=1786073383	TimeWritten=1786073383	Level=Informational	Keywords=0x8000000000000000	Task=SysmonTask-SYSMON_CREATE_PROCESS	Opcode=Info	Message=Process Create: RuleName: - UtcTime: 2026-08-07 03:29:43.536 ProcessGuid: {d1bff887-5127-6a75-b8aa-000000000e00} ProcessId: 21116 Image: C:\Windows\System32\netsh.exe FileVersion: 10.0.20348.1 (WinBuild.160101.0800) Description: Network Command Shell Product: Microsoft® Windows® Operating System Company: Microsoft Corporation OriginalFileName: netsh.exe CommandLine: ""netsh"" interface tcp show global CurrentDirectory: C:\WINDOWS\system32\ User: NT DOMAIN_0008.LOCAL\USER_0002 LogonGuid: {d1bff887-bd0c-6a57-e703-000000000000} LogonId: 0x3E7 TerminalSessionId: 0 IntegrityLevel: System Hashes: SHA1=E444D7967EC82652D723DCC1609146794EAFF6B7,MD5=28B5A3688253FD5822EE90BCAE2633F7,SHA256=7482890B1875BDCEC826F3385EAC7DCDC38F17358A13B1B8C790BDB895FF5054,IMPHASH=06F091DBEC9C3F0DD14808FFE59B95DE ParentProcessGuid: {d1bff887-705b-6a58-d10f-000000000e00} ParentProcessId: 23040 ParentImage: D:\Exchange Server\V15\Bin\MSExchangeHMWorker.exe ParentCommandLine: ""D:\Exchange Server\V15\Bin\MSExchangeHMWorker.exe"" -pipe:2520 -stopkey:DOMAIN_0028.LOCAL\USER_0297 -resetkey:DOMAIN_0028.LOCAL\USER_0298 -readykey:DOMAIN_0028.LOCAL\USER_0299 -hangkey:DOMAIN_0028.LOCAL\USER_0300 -startUpProgressKey:DOMAIN_0028.LOCAL\USER_0301 -workerListening ",Process Creation Success,N/A,1,0,unknown,N/A,Process Create,unknown,0,null,1786073383000,255,0,false,0,"true""""",Microsoft-Windows-Sysmon/Operational,HOST_0004,The process creation event provides extended information about a newly created process.,0,1786073694011,No Offense,255,HOST_0056 @ 10.0.0.22,false,3,false,N/A,10.0.0.22,false,1786073694011,5,NETWORK_0016,58,1,0,3,-1,HOST_0004,[REDACTED_DUPLICATE_PAYLOAD],USER_0002,5001828,false,null,N/A,"10:34:54, 7 thg 8, 2026","10:29:43, 7 thg 8, 2026",MAC_0002,HOST_0057,584,0,false,10.0.0.22,0,N/A,10.0.0.3,1,"10:34:54, 7 thg 8, 2026",0:0:0:0:0:0:0:0,N/A,null,"100101,100221,100265,109237,109187,100668,156193,100277,100272,134937,166353,100223"
N/A,false,0,0,USER_0004,HOST_0054,"{sysmon-eventid=1, Parent Process Name=svchost.exe, Pipe Name=N/A, File Directory=N/A, sysmon-processid=41252, channel=Microsoft-Windows-Sysmon/Operational, sysmon-username= NT DOMAIN_0008.LOCAL\USER_0002, Parent Command=C:\WINDOWS\system32\svchost.exe -k netsvcs -p -s Schedule, Object Name=N/A, Account Name=USER_0004, sysmon-currentdirectory=C:\WINDOWS\system32\, Target User Domain=DOMAIN_0001.LOCAL, Logon Account Name=USER_0004, Product Description=Host Process for Windows Tasks, EventIDCode=1, Terminated Process Name=N/A, MD5 Hash=E890D9A2DDCBC873E135294DAEDE01F4, Filename=N/A, Key Length=N/A, sysmon-logonid=0x3E7, ProgramName=N/A, Process GUID=d1bff887-510d-6a75-b7aa-000000000e00, SHA1 Hash=6AD8CE3F2B7A377C3AD27A45CF1659DBBECB470C, File Extension=N/A, Object Type=N/A, sysmon-hash=SHA1=6AD8CE3F2B7A377C3AD27A45CF1659DBBECB470C,MD5=E890D9A2DDCBC873E135294DAEDE01F4,SHA256=45D8D8C878BE23E1A41509FF0139DC3AA107956365F75B0F752E8B162357C2EB,IMPHASH=1C4E2D9936E4D9F2490B08AAB4D24260, SHA256 Hash=45D8D8C878BE23E1A41509FF0139DC3AA107956365F75B0F752E8B162357C2EB, Parent Process GUID=d1bff887-bd10-6a57-1f00-000000000e00, Integrity Level=System, sysmon-parentimage=C:\Windows\System32\svchost.exe, Description=Description: Host Process for Windows Tasks Product, File Hash=6AD8CE3F2B7A377C3AD27A45CF1659DBBECB470C, Token Elevation Type=N/A, Message=N/A, sysmon-rulename=-, Encoded Command=N/A, Logon Account Domain=DOMAIN_0001.LOCAL, Process Name=taskhostw.exe, Parent Process ID=1936, sysmon-parentcommandline=C:\WINDOWS\system32\svchost.exe -k netsvcs -p -s Schedule, Logon Type=N/A, sysmon-integritylevel=System, sysmon-logonguid={d1bff887-bd0c-6a57-e703-000000000000}, Account Security ID=S-1-5-21-0002, Share Name=N/A, Authentication Package=N/A, sysmon-processguid={d1bff887-510d-6a75-b7aa-000000000e00}, Realm=DOMAIN_0001.LOCAL, Account ID=S-1-5-21-0002, sysmon-description=Host Process for Windows Tasks, Process Path=C:\Windows\System32\taskhostw.exe, Status Code=N/A, Product Name=Microsoft® Windows® Operating System, User Domain=DOMAIN_0001.LOCAL, Encoded Argument=N/A, Target Username=USER_0004, Event ID=1, sysmon-parentprocessid=1936, Product Company=Microsoft Corporation, sysmon-fileversion=10.0.20348.3451 (WinBuild.160101.0800), sysmon-parentprocessguid={d1bff887-bd10-6a57-1f00-000000000e00}, sysmon-user=USER_0002, Command=taskhostw.exe ExchangeDiagnosticsDailyPerformanceLog|$(Arg0), sysmon-originalfilename=taskhostw.exe, Process ID=41252, sysmon-image=C:\Windows\System32\taskhostw.exe, Machine Identifier=HOST_0055, Target Account Security ID=S-1-5-21-0002, sysmon-commandline=taskhostw.exe ExchangeDiagnosticsDailyPerformanceLog|$(Arg0), Device Name=HOST_0055, IMP Hash=1C4E2D9936E4D9F2490B08AAB4D24260, Current Working Directory=C:\WINDOWS\system32\, Parent Process Path=C:\Windows\System32\svchost.exe, sysmon-terminalsessionid=0}",false,MAC_0001,MAC_0002,[REDACTED_DUPLICATE_PAYLOAD],3,54185,0,12,false,0:0:0:0:0:0:0:0,N/A,0,N/A,8110,"<13>Aug 07 10:29:20 MST-EX-02.10.100.10.188 AgentDevice=WindowsLog	AgentLogFile=Microsoft-Windows-Sysmon/Operational	PluginVersion=7.3.1.28	Source=Microsoft-Windows-Sysmon	Computer=MST-EX-02.mic.gov.vn	OriginatingComputer=10.100.10.188	User=USER_0002	Domain=DOMAIN_0006.LOCAL	EventID=1	EventIDCode=1	EventType=4	EventCategory=1	RecordNumber=8403158	TimeGenerated=1786073357	TimeWritten=1786073357	Level=Informational	Keywords=0x8000000000000000	Task=SysmonTask-SYSMON_CREATE_PROCESS	Opcode=Info	Message=Process Create: RuleName: - UtcTime: 2026-08-07 03:29:17.088 ProcessGuid: {d1bff887-510d-6a75-b7aa-000000000e00} ProcessId: 41252 Image: C:\Windows\System32\taskhostw.exe FileVersion: 10.0.20348.3451 (WinBuild.160101.0800) Description: Host Process for Windows Tasks Product: Microsoft® Windows® Operating System Company: Microsoft Corporation OriginalFileName: taskhostw.exe CommandLine: taskhostw.exe ExchangeDiagnosticsDailyPerformanceLog|$(Arg0) CurrentDirectory: C:\WINDOWS\system32\ User: NT DOMAIN_0008.LOCAL\USER_0002 LogonGuid: {d1bff887-bd0c-6a57-e703-000000000000} LogonId: 0x3E7 TerminalSessionId: 0 IntegrityLevel: System Hashes: SHA1=6AD8CE3F2B7A377C3AD27A45CF1659DBBECB470C,MD5=E890D9A2DDCBC873E135294DAEDE01F4,SHA256=45D8D8C878BE23E1A41509FF0139DC3AA107956365F75B0F752E8B162357C2EB,IMPHASH=1C4E2D9936E4D9F2490B08AAB4D24260 ParentProcessGuid: {d1bff887-bd10-6a57-1f00-000000000e00} ParentProcessId: 1936 ParentImage: C:\Windows\System32\svchost.exe ParentCommandLine: C:\WINDOWS\system32\svchost.exe -k netsvcs -p -s Schedule ",Process Creation Success,N/A,1,0,unknown,N/A,Process Create,unknown,0,null,1786073357000,255,0,false,0,"true""""",Microsoft-Windows-Sysmon/Operational,HOST_0004,The process creation event provides extended information about a newly created process.,0,1786073662596,No Offense,255,HOST_0056 @ 10.0.0.22,false,3,false,N/A,10.0.0.22,false,1786073662596,5,NETWORK_0016,58,1,0,3,-1,HOST_0004,[REDACTED_DUPLICATE_PAYLOAD],USER_0002,5001828,false,null,N/A,"10:34:22, 7 thg 8, 2026","10:29:17, 7 thg 8, 2026",MAC_0002,HOST_0057,584,0,false,10.0.0.22,0,N/A,10.0.0.3,1,"10:34:22, 7 thg 8, 2026",0:0:0:0:0:0:0:0,N/A,null,"100101,100221,100265,109237,109187,100668,156193,100277,100272,134937,166353,100223"
N/A,false,0,0,USER_0004,HOST_0054,"{sysmon-eventid=4688, Parent Process Name=svchost.exe, Pipe Name=N/A, File Directory=N/A, sysmon-processid=N/A, channel=Security, Object Name=N/A, Account Name=USER_0296, Target User Domain=DOMAIN_0005.LOCAL, mandatory_label=Mandatory Label\System Mandatory Level, Logon Account Name=USER_0004, EventIDCode=4688, Terminated Process Name=N/A, MD5 Hash=N/A, Filename=N/A, Key Length=N/A, ProgramName=N/A, Process GUID=N/A, SHA1 Hash=N/A, File Extension=N/A, Object Type=N/A, SHA256 Hash=N/A, Parent Process GUID=N/A, Integrity Level=N/A, sysmon-parentimage=C:\Windows\System32\svchost.exe, Description=N/A, Token Elevation Type=N/A, Message=N/A, Encoded Command=N/A, Logon Account Domain=DOMAIN_0001.LOCAL, Process Name=taskhostw.exe, Parent Process ID=N/A, Logon Type=N/A, Account Security ID=S-1-5-21-0004, Share Name=N/A, Authentication Package=N/A, sysmon-processguid=N/A, Realm=DOMAIN_0001.LOCAL, Account ID=S-1-5-21-0002, Process Path=C:\Windows\System32\taskhostw.exe, Status Code=N/A, User Domain=DOMAIN_0067.LOCAL, Encoded Argument=N/A, Target Username=USER_0008, Event ID=4688, sysmon-user=USER_0004, Command=taskhostw.exe ExchangeDiagnosticsDailyPerformanceLog|$(Arg0), Process ID=0xa124, Machine Identifier=HOST_0055, Target Account Security ID=S-1-5-21-0003, Device Name=HOST_0055, IMP Hash=N/A, Parent Process Path=C:\Windows\System32\svchost.exe}",false,MAC_0001,MAC_0002,[REDACTED_DUPLICATE_PAYLOAD],3,54185,0,12,false,0:0:0:0:0:0:0:0,N/A,0,N/A,8110,"<13>Aug 07 10:29:18 MST-EX-02.10.100.10.188 AgentDevice=WindowsLog	AgentLogFile=Security	PluginVersion=7.3.1.28	Source=Microsoft-Windows-Security-Auditing	Computer=MST-EX-02.mic.gov.vn	OriginatingComputer=10.100.10.188	User=	Domain=	EventID=4688	EventIDCode=4688	EventType=8	EventCategory=13312	RecordNumber=26697185	TimeGenerated=1786073357	TimeWritten=1786073357	Level=Log Always	Keywords=Audit Success	Task=SE_ADT_DETAILEDTRACKING_PROCESSCREATION	Opcode=Info	Message=A new process has been created.  Creator Subject:  Security ID:  NT DOMAIN_0008.LOCAL\USER_0002  Account Name: USER_0296  Account Domain: DOMAIN_0067.LOCAL  Logon ID:  0x3E7  Target Subject:  Security ID:  NULL SID  Account Name:  -  Account Domain:  -  Logon ID:  0x0  Process Information:  New Process ID:  0xa124  New Process Name: C:\Windows\System32\taskhostw.exe  Token Elevation Type: TokenElevationTypeDefault (1)  Mandatory Label:  Mandatory Label\System Mandatory Level  Creator Process ID: 0x790  Creator Process Name: C:\Windows\System32\svchost.exe  Process Command Line: taskhostw.exe ExchangeDiagnosticsDailyPerformanceLog|$(Arg0)  Token Elevation Type indicates the type of token that was assigned to the new process in accordance with User Account Control policy.  Type 1 is a full token with no privileges removed or groups disabled.  A full token is only used if User Account Control is disabled or if the user is the built-in Administrator account or a service account.  Type 2 is an elevated token with no privileges removed or groups disabled.  An elevated token is used when User Account Control is enabled and the user chooses to start the program using Run as administrator.  An elevated token is also used when an application is configured to always require administrative privilege or to always require maximum privilege, and the user is a member of the Administrators group.  Type 3 is a limited token with administrative privileges removed and administrative groups disabled.  The limited token is used when User Account Control is enabled, the application does not require administrative privilege, and the user does not choose to start the program using Run as administrator. ",Process Creation Success,N/A,1,0,unknown,N/A,Success Audit: A new process has been created,unknown,0,null,1786073357000,255,0,false,0,"true""""",Success Audit,HOST_0004,Success Audit: A new process has been created.,0,1786073662596,No Offense,255,HOST_0056 @ 10.0.0.22,false,3,false,N/A,10.0.0.22,false,1786073662596,5,NETWORK_0016,58,4688,0,3,-1,HOST_0004,[REDACTED_DUPLICATE_PAYLOAD],USER_0004,5000862,false,null,N/A,"10:34:22, 7 thg 8, 2026","10:29:17, 7 thg 8, 2026",MAC_0002,HOST_0057,584,0,false,10.0.0.22,0,N/A,10.0.0.3,1,"10:34:22, 7 thg 8, 2026",0:0:0:0:0:0:0:0,N/A,null,"100101,100221,100265,109237,100668,156193,100277,100272,134937,166353,100223"
N/A,false,0,0,USER_0004,HOST_0054,"{sysmon-eventid=4688, Parent Process Name=services.exe, Pipe Name=N/A, File Directory=N/A, sysmon-processid=N/A, channel=Security, Object Name=N/A, Account Name=USER_0296, Target User Domain=DOMAIN_0005.LOCAL, mandatory_label=Mandatory Label\System Mandatory Level, Logon Account Name=USER_0004, EventIDCode=4688, Terminated Process Name=N/A, MD5 Hash=N/A, Filename=N/A, Key Length=N/A, ProgramName=N/A, Process GUID=N/A, SHA1 Hash=N/A, File Extension=N/A, Object Type=N/A, SHA256 Hash=N/A, Parent Process GUID=N/A, Integrity Level=N/A, sysmon-parentimage=C:\Windows\System32\services.exe, Description=N/A, Token Elevation Type=N/A, Message=N/A, Encoded Command=N/A, Logon Account Domain=DOMAIN_0001.LOCAL, Process Name=WmiApSrv.exe, Parent Process ID=N/A, Logon Type=N/A, Account Security ID=S-1-5-21-0004, Share Name=N/A, Authentication Package=N/A, sysmon-processguid=N/A, Realm=DOMAIN_0001.LOCAL, Account ID=S-1-5-21-0002, Process Path=C:\Windows\System32\wbem\WmiApSrv.exe, Status Code=N/A, User Domain=DOMAIN_0067.LOCAL, Encoded Argument=N/A, Target Username=USER_0008, Event ID=4688, sysmon-user=USER_0004, Command=C:\WINDOWS\system32\wbem\WmiApSrv.exe, Process ID=0xa030, Machine Identifier=HOST_0055, Target Account Security ID=S-1-5-21-0003, Device Name=HOST_0055, IMP Hash=N/A, Parent Process Path=C:\Windows\System32\services.exe}",false,MAC_0001,MAC_0002,[REDACTED_DUPLICATE_PAYLOAD],3,54185,0,12,false,0:0:0:0:0:0:0:0,N/A,0,N/A,8110,"<13>Aug 07 10:29:18 MST-EX-02.10.100.10.188 AgentDevice=WindowsLog	AgentLogFile=Security	PluginVersion=7.3.1.28	Source=Microsoft-Windows-Security-Auditing	Computer=MST-EX-02.mic.gov.vn	OriginatingComputer=10.100.10.188	User=	Domain=	EventID=4688	EventIDCode=4688	EventType=8	EventCategory=13312	RecordNumber=26697180	TimeGenerated=1786073356	TimeWritten=1786073356	Level=Log Always	Keywords=Audit Success	Task=SE_ADT_DETAILEDTRACKING_PROCESSCREATION	Opcode=Info	Message=A new process has been created.  Creator Subject:  Security ID:  NT DOMAIN_0008.LOCAL\USER_0002  Account Name: USER_0296  Account Domain: DOMAIN_0067.LOCAL  Logon ID:  0x3E7  Target Subject:  Security ID:  NULL SID  Account Name:  -  Account Domain:  -  Logon ID:  0x0  Process Information:  New Process ID:  0xa030  New Process Name: C:\Windows\System32\wbem\WmiApSrv.exe  Token Elevation Type: TokenElevationTypeDefault (1)  Mandatory Label:  Mandatory Label\System Mandatory Level  Creator Process ID: 0x3d8  Creator Process Name: C:\Windows\System32\services.exe  Process Command Line: C:\WINDOWS\system32\wbem\WmiApSrv.exe  Token Elevation Type indicates the type of token that was assigned to the new process in accordance with User Account Control policy.  Type 1 is a full token with no privileges removed or groups disabled.  A full token is only used if User Account Control is disabled or if the user is the built-in Administrator account or a service account.  Type 2 is an elevated token with no privileges removed or groups disabled.  An elevated token is used when User Account Control is enabled and the user chooses to start the program using Run as administrator.  An elevated token is also used when an application is configured to always require administrative privilege or to always require maximum privilege, and the user is a member of the Administrators group.  Type 3 is a limited token with administrative privileges removed and administrative groups disabled.  The limited token is used when User Account Control is enabled, the application does not require administrative privilege, and the user does not choose to start the program using Run as administrator. ",Process Creation Success,N/A,1,0,unknown,N/A,Success Audit: A new process has been created,unknown,0,null,1786073356000,255,0,false,0,"true""""",Success Audit,HOST_0004,Success Audit: A new process has been created.,0,1786073662596,No Offense,255,HOST_0056 @ 10.0.0.22,false,3,false,N/A,10.0.0.22,false,1786073662596,5,NETWORK_0016,58,4688,0,3,-1,HOST_0004,[REDACTED_DUPLICATE_PAYLOAD],USER_0004,5000862,false,null,N/A,"10:34:22, 7 thg 8, 2026","10:29:16, 7 thg 8, 2026",MAC_0002,HOST_0057,584,0,false,10.0.0.22,0,N/A,10.0.0.3,1,"10:34:22, 7 thg 8, 2026",0:0:0:0:0:0:0:0,N/A,null,"100101,100221,100265,109237,100668,156193,100277,100272,134937,166353,100223"
N/A,false,0,0,USER_0004,HOST_0054,"{sysmon-eventid=4688, Parent Process Name=svchost.exe, Pipe Name=N/A, File Directory=N/A, sysmon-processid=N/A, channel=Security, Object Name=N/A, Account Name=USER_0296, Target User Domain=DOMAIN_0005.LOCAL, mandatory_label=Mandatory Label\System Mandatory Level, Logon Account Name=USER_0004, EventIDCode=4688, Terminated Process Name=N/A, MD5 Hash=N/A, Filename=N/A, Key Length=N/A, ProgramName=N/A, Process GUID=N/A, SHA1 Hash=N/A, File Extension=N/A, Object Type=N/A, SHA256 Hash=N/A, Parent Process GUID=N/A, Integrity Level=N/A, sysmon-parentimage=C:\Windows\System32\svchost.exe, Description=N/A, Token Elevation Type=N/A, Message=N/A, Encoded Command=N/A, Logon Account Domain=DOMAIN_0001.LOCAL, Process Name=taskhostw.exe, Parent Process ID=N/A, Logon Type=N/A, Account Security ID=S-1-5-21-0004, Share Name=N/A, Authentication Package=N/A, sysmon-processguid=N/A, Realm=DOMAIN_0001.LOCAL, Account ID=S-1-5-21-0002, Process Path=C:\Windows\System32\taskhostw.exe, Status Code=N/A, User Domain=DOMAIN_0067.LOCAL, Encoded Argument=N/A, Target Username=USER_0008, Event ID=4688, sysmon-user=USER_0004, Command=taskhostw.exe ExchangeDiagnosticsPerformanceLog|$(Arg0), Process ID=0x7910, Machine Identifier=HOST_0055, Target Account Security ID=S-1-5-21-0003, Device Name=HOST_0055, IMP Hash=N/A, Parent Process Path=C:\Windows\System32\svchost.exe}",false,MAC_0001,MAC_0002,[REDACTED_DUPLICATE_PAYLOAD],3,54185,0,12,false,0:0:0:0:0:0:0:0,N/A,0,N/A,8110,"<13>Aug 07 10:29:18 MST-EX-02.10.100.10.188 AgentDevice=WindowsLog	AgentLogFile=Security	PluginVersion=7.3.1.28	Source=Microsoft-Windows-Security-Auditing	Computer=MST-EX-02.mic.gov.vn	OriginatingComputer=10.100.10.188	User=	Domain=	EventID=4688	EventIDCode=4688	EventType=8	EventCategory=13312	RecordNumber=26697159	TimeGenerated=1786073355	TimeWritten=1786073355	Level=Log Always	Keywords=Audit Success	Task=SE_ADT_DETAILEDTRACKING_PROCESSCREATION	Opcode=Info	Message=A new process has been created.  Creator Subject:  Security ID:  NT DOMAIN_0008.LOCAL\USER_0002  Account Name: USER_0296  Account Domain: DOMAIN_0067.LOCAL  Logon ID:  0x3E7  Target Subject:  Security ID:  NULL SID  Account Name:  -  Account Domain:  -  Logon ID:  0x0  Process Information:  New Process ID:  0x7910  New Process Name: C:\Windows\System32\taskhostw.exe  Token Elevation Type: TokenElevationTypeDefault (1)  Mandatory Label:  Mandatory Label\System Mandatory Level  Creator Process ID: 0x790  Creator Process Name: C:\Windows\System32\svchost.exe  Process Command Line: taskhostw.exe ExchangeDiagnosticsPerformanceLog|$(Arg0)  Token Elevation Type indicates the type of token that was assigned to the new process in accordance with User Account Control policy.  Type 1 is a full token with no privileges removed or groups disabled.  A full token is only used if User Account Control is disabled or if the user is the built-in Administrator account or a service account.  Type 2 is an elevated token with no privileges removed or groups disabled.  An elevated token is used when User Account Control is enabled and the user chooses to start the program using Run as administrator.  An elevated token is also used when an application is configured to always require administrative privilege or to always require maximum privilege, and the user is a member of the Administrators group.  Type 3 is a limited token with administrative privileges removed and administrative groups disabled.  The limited token is used when User Account Control is enabled, the application does not require administrative privilege, and the user does not choose to start the program using Run as administrator. ",Process Creation Success,N/A,1,0,unknown,N/A,Success Audit: A new process has been created,unknown,0,null,1786073355000,255,0,false,0,"true""""",Success Audit,HOST_0004,Success Audit: A new process has been created.,0,1786073662596,No Offense,255,HOST_0056 @ 10.0.0.22,false,3,false,N/A,10.0.0.22,false,1786073662596,5,NETWORK_0016,58,4688,0,3,-1,HOST_0004,[REDACTED_DUPLICATE_PAYLOAD],USER_0004,5000862,false,null,N/A,"10:34:22, 7 thg 8, 2026","10:29:15, 7 thg 8, 2026",MAC_0002,HOST_0057,584,0,false,10.0.0.22,0,N/A,10.0.0.3,1,"10:34:22, 7 thg 8, 2026",0:0:0:0:0:0:0:0,N/A,null,"100101,100221,100265,109237,100668,156193,100277,100272,134937,166353,100223"
