N/A,false,0,0,USER_0004,HOST_0021,"{sysmon-eventid=13, Description=N/A, Message=N/A, Pipe Name=N/A, Registry Key=\System\CurrentControlSet\Services\bam\State\UserSettings\PTIT\Administrator\\Device\HarddiskVolume3\Windows\System32, sysmon-processid=2676, channel=Microsoft-Windows-Sysmon/Operational, Target Object=HKLM\System\CurrentControlSet\Services\bam\State\UserSettings\PTIT\Administrator\\Device\HarddiskVolume3\Windows\System32\wsmprovhost.exe, Logon Account Domain=DOMAIN_0001.LOCAL, Object Name=HKLM\System\CurrentControlSet\Services\bam\State\UserSettings\PTIT\Administrator\\Device\HarddiskVolume3\Windows\System32\wsmprovhost.exe, Target Details=Binary Data, Process Name=wsmprovhost.exe, Registry Value Data=Binary Data, Account Name=USER_0004, Logon Type=N/A, sysmon-targetobject=HKLM\System\CurrentControlSet\Services\bam\State\UserSettings\PTIT\Administrator\\Device\HarddiskVolume3\Windows\System32\wsmprovhost.exe, Target User Domain=DOMAIN_0001.LOCAL, Rule Name=-, Account Security ID=S-1-5-21-0002, Share Name=N/A, Authentication Package=N/A, sysmon-processguid={b59a7af0-1492-6a63-5ef7-010000000b00}, Logon Account Name=USER_0004, Realm=DOMAIN_0001.LOCAL, EventIDCode=13, Account ID=S-1-5-21-0002, Process Path=C:\WINDOWS\system32\wsmprovhost.exe, sysmon-utctime=2026-07-24 07:30:26.550, Status Code=N/A, Registry Value Name=wsmprovhost.exe, User Domain=DOMAIN_0001.LOCAL, Key Length=N/A, Target Username=USER_0004, Event ID=13, ProgramName=N/A, Registry Hive=HKLM, sysmon-eventtype=SetValue, sysmon-user=USER_0002, Process GUID=N/A, Process ID=2676, Machine Identifier=HOST_0022, Object Type=N/A, Target Account Security ID=S-1-5-21-0002, Device Name=HOST_0022, sysmon-details=Binary Data}",false,MAC_0001,MAC_0002,[REDACTED_DUPLICATE_PAYLOAD],3,52869,0,12,false,0:0:0:0:0:0:0:0,N/A,0,N/A,8012,<13>Jul 24 14:30:29 10.0.0.10.Ptit AgentDevice=WindowsLog	AgentLogFile=Microsoft-Windows-Sysmon/Operational	PluginVersion=7.3.1.28	Source=Microsoft-Windows-Sysmon	Computer=AD01.ptit.edu.vn	OriginatingComputer=10.2.3.10	User=USER_0002	Domain=DOMAIN_0006.LOCAL	EventID=13	EventIDCode=13	EventType=4	EventCategory=13	RecordNumber=52920864	TimeGenerated=1784878226	TimeWritten=1784878226	Level=Informational	Keywords=0x8000000000000000	Task=SysmonTask-SYSMON_REG_SETVALUE	Opcode=Info	Message=Registry value set: RuleName: - EventType: SetValue UtcTime: 2026-07-24 07:30:26.550 ProcessGuid: {b59a7af0-1492-6a63-5ef7-010000000b00} ProcessId: 2676 Image: C:\WINDOWS\system32\wsmprovhost.exe TargetObject: HKLM\System\CurrentControlSet\Services\bam\State\UserSettings\PTIT\Administrator\\Device\HarddiskVolume3\Windows\System32\wsmprovhost.exe Details: Binary Data,Successful Registry Modification,N/A,1,0,unknown,N/A,RegistryEvent (Value Set),unknown,0,null,1784878226000,255,0,false,0,"true""""",Microsoft-Windows-Sysmon/Operational,HOST_0004,This Registry event type identifies Registry value modifications.,0,1784878234525,No Offense,255,HOST_0023 @ 10.0.0.10,false,3,false,N/A,10.0.0.10,false,1784878234525,5,NETWORK_0009,68,13,0,1,-1,HOST_0004,[REDACTED_DUPLICATE_PAYLOAD],USER_0002,5001832,false,null,N/A,"14:30:34, 24 thg 7, 2026","14:30:26, 24 thg 7, 2026",MAC_0002,HOST_0024,630,0,false,10.0.0.10,0,N/A,10.0.0.3,6,"14:30:34, 24 thg 7, 2026",0:0:0:0:0:0:0:0,N/A,null,"100221,100265,109237,109187,100617,100668,156193,100276,100272,123237,123937,134937,166353"
N/A,false,0,0,USER_0004,HOST_0021,"{sysmon-eventid=1, Parent Process Name=svchost.exe, Pipe Name=N/A, File Directory=N/A, sysmon-processid=1568, channel=Microsoft-Windows-Sysmon/Operational, sysmon-username= DOMAIN_0014.LOCAL\USER_0031, Parent Command=C:\WINDOWS\system32\svchost.exe -k DcomLaunch -p, Object Name=N/A, Account Name=USER_0004, sysmon-currentdirectory=C:\WINDOWS\system32\, Target User Domain=DOMAIN_0001.LOCAL, Logon Account Name=USER_0004, Product Description=Host process for WinRM plug-ins, EventIDCode=1, Terminated Process Name=N/A, MD5 Hash=CF847821027B21C569E1251C7B8730F0, Filename=N/A, Key Length=N/A, sysmon-logonid=0xC6643EAA, ProgramName=N/A, Process GUID=b59a7af0-1366-6a63-5bf7-010000000b00, SHA1 Hash=49B171C632B4E1FB16A25FF374DDF8399E4D797B, File Extension=N/A, Object Type=N/A, sysmon-hash=SHA1=49B171C632B4E1FB16A25FF374DDF8399E4D797B,MD5=CF847821027B21C569E1251C7B8730F0,SHA256=4A2388D16E02925956DFF1E92B2B146C89E267B85637069EB1F18B2FA5AF3049,IMPHASH=7FEF88FAEC37D0AC077432BF7E65BA27, SHA256 Hash=4A2388D16E02925956DFF1E92B2B146C89E267B85637069EB1F18B2FA5AF3049, Parent Process GUID=b59a7af0-d22d-69f7-0f00-000000000b00, Integrity Level=High, sysmon-parentimage=C:\Windows\System32\svchost.exe, Description=Description: Host process for WinRM plug-ins Product, File Hash=49B171C632B4E1FB16A25FF374DDF8399E4D797B, Token Elevation Type=N/A, Message=N/A, sysmon-rulename=-, Encoded Command=N/A, Logon Account Domain=DOMAIN_0001.LOCAL, Process Name=wsmprovhost.exe, Parent Process ID=1228, sysmon-parentcommandline=C:\WINDOWS\system32\svchost.exe -k DcomLaunch -p, Logon Type=N/A, sysmon-integritylevel=High, sysmon-logonguid={b59a7af0-1366-6a63-aa3e-64c600000000}, Account Security ID=S-1-5-21-0002, Share Name=N/A, Authentication Package=N/A, sysmon-processguid={b59a7af0-1366-6a63-5bf7-010000000b00}, Realm=DOMAIN_0001.LOCAL, Account ID=S-1-5-21-0002, sysmon-description=Host process for WinRM plug-ins, Process Path=C:\Windows\System32\wsmprovhost.exe, Status Code=N/A, Product Name=Microsoft® Windows® Operating System, User Domain=DOMAIN_0001.LOCAL, Encoded Argument=N/A, Target Username=USER_0004, Event ID=1, sysmon-parentprocessid=1228, Product Company=Microsoft Corporation, sysmon-fileversion=10.0.26100.1 (WinBuild.160101.0800), sysmon-parentprocessguid={b59a7af0-d22d-69f7-0f00-000000000b00}, sysmon-user=USER_0002, Command=C:\WINDOWS\system32\wsmprovhost.exe -Embedding, sysmon-originalfilename=wsmprovhost.exe, Process ID=1568, sysmon-image=C:\Windows\System32\wsmprovhost.exe, Machine Identifier=HOST_0022, Target Account Security ID=S-1-5-21-0002, sysmon-commandline=C:\WINDOWS\system32\wsmprovhost.exe -Embedding, Device Name=HOST_0022, IMP Hash=7FEF88FAEC37D0AC077432BF7E65BA27, Current Working Directory=C:\WINDOWS\system32\, Parent Process Path=C:\Windows\System32\svchost.exe, sysmon-terminalsessionid=2}",false,MAC_0001,MAC_0002,[REDACTED_DUPLICATE_PAYLOAD],3,52869,0,12,false,0:0:0:0:0:0:0:0,N/A,0,N/A,8110,"<13>Jul 24 14:25:26 10.0.0.10.Ptit AgentDevice=WindowsLog	AgentLogFile=Microsoft-Windows-Sysmon/Operational	PluginVersion=7.3.1.28	Source=Microsoft-Windows-Sysmon	Computer=AD01.ptit.edu.vn	OriginatingComputer=10.2.3.10	User=USER_0002	Domain=DOMAIN_0006.LOCAL	EventID=1	EventIDCode=1	EventType=4	EventCategory=1	RecordNumber=52919421	TimeGenerated=1784877926	TimeWritten=1784877926	Level=Informational	Keywords=0x8000000000000000	Task=SysmonTask-SYSMON_CREATE_PROCESS	Opcode=Info	Message=Process Create: RuleName: - UtcTime: 2026-07-24 07:25:26.177 ProcessGuid: {b59a7af0-1366-6a63-5bf7-010000000b00} ProcessId: 1568 Image: C:\Windows\System32\wsmprovhost.exe FileVersion: 10.0.26100.1 (WinBuild.160101.0800) Description: Host process for WinRM plug-ins Product: Microsoft® Windows® Operating System Company: Microsoft Corporation OriginalFileName: wsmprovhost.exe CommandLine: C:\WINDOWS\system32\wsmprovhost.exe -Embedding CurrentDirectory: C:\WINDOWS\system32\ User: DOMAIN_0014.LOCAL\USER_0031 LogonGuid: {b59a7af0-1366-6a63-aa3e-64c600000000} LogonId: 0xC6643EAA TerminalSessionId: 2 IntegrityLevel: High Hashes: SHA1=49B171C632B4E1FB16A25FF374DDF8399E4D797B,MD5=CF847821027B21C569E1251C7B8730F0,SHA256=4A2388D16E02925956DFF1E92B2B146C89E267B85637069EB1F18B2FA5AF3049,IMPHASH=7FEF88FAEC37D0AC077432BF7E65BA27 ParentProcessGuid: {b59a7af0-d22d-69f7-0f00-000000000b00} ParentProcessId: 1228 ParentImage: C:\Windows\System32\svchost.exe ParentCommandLine: C:\WINDOWS\system32\svchost.exe -k DcomLaunch -p",Process Creation Success,N/A,1,0,unknown,N/A,Process Create,unknown,0,null,1784877926000,255,0,false,0,"true""""",Microsoft-Windows-Sysmon/Operational,HOST_0004,The process creation event provides extended information about a newly created process.,0,1784877929596,No Offense,255,HOST_0023 @ 10.0.0.10,false,3,false,N/A,10.0.0.10,false,1784877929596,5,NETWORK_0009,68,1,0,2,-1,HOST_0004,[REDACTED_DUPLICATE_PAYLOAD],USER_0002,5001828,false,null,N/A,"14:25:29, 24 thg 7, 2026","14:25:26, 24 thg 7, 2026",MAC_0002,HOST_0024,630,0,false,10.0.0.10,0,N/A,10.0.0.3,1,"14:25:29, 24 thg 7, 2026",0:0:0:0:0:0:0:0,N/A,null,"100221,100265,109237,109187,100668,156193,100272,134937,166353"
N/A,false,0,0,USER_0004,HOST_0021,"{sysmon-eventid=11, Description=N/A, Message=N/A, Pipe Name=N/A, File Directory=C:\Users\USER_0029\AppData\Local\Temp, sysmon-processid=1568, channel=Microsoft-Windows-Sysmon/Operational, Logon Account Domain=DOMAIN_0001.LOCAL, Object Name=N/A, Process Name=wsmprovhost.exe, Account Name=USER_0004, Logon Type=N/A, Target User Domain=DOMAIN_0001.LOCAL, Account Security ID=S-1-5-21-0002, Share Name=N/A, Authentication Package=N/A, sysmon-processguid={b59a7af0-1366-6a63-5bf7-010000000b00}, Logon Account Name=USER_0004, Realm=DOMAIN_0001.LOCAL, EventIDCode=11, Account ID=S-1-5-21-0002, Process Path=C:\WINDOWS\system32\wsmprovhost.exe, sysmon-creationutctime=2026-07-24 07:25:26.300, sysmon-utctime=2026-07-24 07:25:26.300, Status Code=N/A, Filename=__PSScriptPolicyTest_oemox5po.drt.ps1, User Domain=DOMAIN_0001.LOCAL, Key Length=N/A, Target Username=USER_0004, Event ID=11, ProgramName=N/A, sysmon-targetfilename=C:\Users\administrator.PTIT\AppData\Local\Temp\__PSScriptPolicyTest_oemox5po.drt.ps1, sysmon-user=USER_0002, Process GUID=N/A, Process ID=1568, Target File Directory=C:\Users\administrator.PTIT\AppData\Local\Temp\__PSScriptPolicyTest_oemox5po.drt.ps1, sysmon-image=C:\WINDOWS\system32\wsmprovhost.exe, File Extension=ps1, Machine Identifier=HOST_0022, Task Name=N/A, Object Type=N/A, Target Account Security ID=S-1-5-21-0002, Device Name=HOST_0022, File Path=C:\Users\administrator.PTIT\AppData\Local\Temp\__PSScriptPolicyTest_oemox5po.drt.ps1}",false,MAC_0001,MAC_0002,[REDACTED_DUPLICATE_PAYLOAD],6,52869,0,12,false,0:0:0:0:0:0:0:0,N/A,0,N/A,8028,<13>Jul 24 14:25:26 10.0.0.10.Ptit AgentDevice=WindowsLog	AgentLogFile=Microsoft-Windows-Sysmon/Operational	PluginVersion=7.3.1.28	Source=Microsoft-Windows-Sysmon	Computer=AD01.ptit.edu.vn	OriginatingComputer=10.2.3.10	User=USER_0002	Domain=DOMAIN_0006.LOCAL	EventID=11	EventIDCode=11	EventType=4	EventCategory=11	RecordNumber=52919456	TimeGenerated=1784877926	TimeWritten=1784877926	Level=Informational	Keywords=0x8000000000000000	Task=SysmonTask-SYSMON_FILE_CREATE	Opcode=Info	Message=File created: RuleName: - UtcTime: 2026-07-24 07:25:26.300 ProcessGuid: {b59a7af0-1366-6a63-5bf7-010000000b00} ProcessId: 1568 Image: C:\WINDOWS\system32\wsmprovhost.exe TargetFilename: C:\Users\USER_0029\AppData\Local\Temp\__PSScriptPolicyTest_oemox5po.drt.ps1 CreationUtcTime: 2026-07-24 07:25:26.300,File Created,N/A,1,0,unknown,N/A,FileCreate,unknown,0,null,1784877926000,255,0,false,0,"true""""",Microsoft-Windows-Sysmon/Operational,HOST_0004,File create operations are logged when a file is created or overwritten.,0,1784877929596,No Offense,255,HOST_0023 @ 10.0.0.10,true,6,false,N/A,10.0.0.10,false,1784877929596,6,NETWORK_0009,68,11,0,6,-1,HOST_0004,[REDACTED_DUPLICATE_PAYLOAD],USER_0002,5001830,false,null,N/A,"14:25:29, 24 thg 7, 2026","14:25:26, 24 thg 7, 2026",MAC_0002,HOST_0024,630,0,false,10.0.0.10,0,N/A,10.0.0.3,1,"14:25:29, 24 thg 7, 2026",0:0:0:0:0:0:0:0,N/A,null,"100221,100265,109237,109187,100620,100668,156193,100276,100272,100764,123237,123937,134937,166353"
N/A,false,0,0,USER_0004,HOST_0021,"{sysmon-eventid=11, Description=N/A, Message=N/A, Pipe Name=N/A, File Directory=C:\Users\USER_0029\AppData\Local\Temp, sysmon-processid=1568, channel=Microsoft-Windows-Sysmon/Operational, Logon Account Domain=DOMAIN_0001.LOCAL, Object Name=N/A, Process Name=wsmprovhost.exe, Account Name=USER_0004, Logon Type=N/A, Target User Domain=DOMAIN_0001.LOCAL, Account Security ID=S-1-5-21-0002, Share Name=N/A, Authentication Package=N/A, sysmon-processguid={b59a7af0-1366-6a63-5bf7-010000000b00}, Logon Account Name=USER_0004, Realm=DOMAIN_0001.LOCAL, EventIDCode=11, Account ID=S-1-5-21-0002, Process Path=C:\WINDOWS\system32\wsmprovhost.exe, sysmon-creationutctime=2026-07-24 07:25:26.300, sysmon-utctime=2026-07-24 07:25:26.300, Status Code=N/A, Filename=__PSScriptPolicyTest_qhqq3c14.rud.psm1, User Domain=DOMAIN_0001.LOCAL, Key Length=N/A, Target Username=USER_0004, Event ID=11, ProgramName=N/A, sysmon-targetfilename=C:\Users\administrator.PTIT\AppData\Local\Temp\__PSScriptPolicyTest_qhqq3c14.rud.psm1, sysmon-user=USER_0002, Process GUID=N/A, Process ID=1568, Target File Directory=C:\Users\administrator.PTIT\AppData\Local\Temp\__PSScriptPolicyTest_qhqq3c14.rud.psm1, sysmon-image=C:\WINDOWS\system32\wsmprovhost.exe, File Extension=psm1, Machine Identifier=HOST_0022, Task Name=N/A, Object Type=N/A, Target Account Security ID=S-1-5-21-0002, Device Name=HOST_0022, File Path=C:\Users\administrator.PTIT\AppData\Local\Temp\__PSScriptPolicyTest_qhqq3c14.rud.psm1}",false,MAC_0001,MAC_0002,[REDACTED_DUPLICATE_PAYLOAD],6,52869,0,12,false,0:0:0:0:0:0:0:0,N/A,0,N/A,8028,<13>Jul 24 14:25:26 10.0.0.10.Ptit AgentDevice=WindowsLog	AgentLogFile=Microsoft-Windows-Sysmon/Operational	PluginVersion=7.3.1.28	Source=Microsoft-Windows-Sysmon	Computer=AD01.ptit.edu.vn	OriginatingComputer=10.2.3.10	User=USER_0002	Domain=DOMAIN_0006.LOCAL	EventID=11	EventIDCode=11	EventType=4	EventCategory=11	RecordNumber=52919457	TimeGenerated=1784877926	TimeWritten=1784877926	Level=Informational	Keywords=0x8000000000000000	Task=SysmonTask-SYSMON_FILE_CREATE	Opcode=Info	Message=File created: RuleName: - UtcTime: 2026-07-24 07:25:26.300 ProcessGuid: {b59a7af0-1366-6a63-5bf7-010000000b00} ProcessId: 1568 Image: C:\WINDOWS\system32\wsmprovhost.exe TargetFilename: C:\Users\USER_0029\AppData\Local\Temp\__PSScriptPolicyTest_qhqq3c14.rud.psm1 CreationUtcTime: 2026-07-24 07:25:26.300,File Created,N/A,1,0,unknown,N/A,FileCreate,unknown,0,null,1784877926000,255,0,false,0,"true""""",Microsoft-Windows-Sysmon/Operational,HOST_0004,File create operations are logged when a file is created or overwritten.,0,1784877929596,No Offense,255,HOST_0023 @ 10.0.0.10,true,6,false,N/A,10.0.0.10,false,1784877929596,6,NETWORK_0009,68,11,0,6,-1,HOST_0004,[REDACTED_DUPLICATE_PAYLOAD],USER_0002,5001830,false,null,N/A,"14:25:29, 24 thg 7, 2026","14:25:26, 24 thg 7, 2026",MAC_0002,HOST_0024,630,0,false,10.0.0.10,0,N/A,10.0.0.3,1,"14:25:29, 24 thg 7, 2026",0:0:0:0:0:0:0:0,N/A,null,"100221,100265,109237,109187,100620,100668,156193,100276,100272,100764,123237,123937,134937,166353"
N/A,false,0,0,USER_0004,HOST_0021,"{sysmon-eventid=7, Pipe Name=N/A, Signature Status=Valid, File Directory=C:\Windows\Microsoft.NET\Framework64\v4.0.30319, sysmon-processid=1568, channel=Microsoft-Windows-Sysmon/Operational, Object Name=N/A, Account Name=USER_0004, Target User Domain=DOMAIN_0001.LOCAL, Logon Account Name=USER_0004, Product Description=Microsoft .NET Runtime Common Language Runtime - WorkStation, EventIDCode=7, sysmon-utctime=2026-07-24 07:25:26.235, Signed=true, MD5 Hash=92468614F9629FA127476D0062F87905, Filename=clr.dll, Key Length=N/A, ProgramName=N/A, Process GUID=N/A, SHA1 Hash=61E04AC8DB08D31243F3C34BE05997CA3BF13AC7, File Extension=dll, Object Type=N/A, sysmon-hash=SHA1=61E04AC8DB08D31243F3C34BE05997CA3BF13AC7,MD5=92468614F9629FA127476D0062F87905,SHA256=49F9F13966C176C8F8943FBAA73D420192543A892BFB28259598D18DE8316D86,IMPHASH=01E0958B232430E87E27DC8010111684, SHA256 Hash=49F9F13966C176C8F8943FBAA73D420192543A892BFB28259598D18DE8316D86, File Path=C:\Windows\Microsoft.NET\Framework64\v4.0.30319\clr.dll, Description=Description: Microsoft .NET Runtime Common Language Runtime - WorkStation Product, Message=N/A, sysmon-signaturestatus=Valid, Logon Account Domain=DOMAIN_0001.LOCAL, Process Name=wsmprovhost.exe, Logon Type=N/A, sysmon-signature=Microsoft Corporation , Image Loaded=C:\Windows\Microsoft.NET\Framework64\v4.0.30319\clr.dll, Account Security ID=S-1-5-21-0002, Share Name=N/A, Authentication Package=N/A, sysmon-processguid={b59a7af0-1366-6a63-5bf7-010000000b00}, Realm=DOMAIN_0001.LOCAL, Account ID=S-1-5-21-0002, Process Path=C:\Windows\System32\wsmprovhost.exe, sysmon-signed=true, Status Code=N/A, Product Name=Microsoft® .NET Framework, User Domain=DOMAIN_0001.LOCAL, Target Username=USER_0004, Event ID=7, Product Company=Microsoft Corporation, sysmon-user=USER_0002, sysmon-originalfilename=clr.dll, Process ID=1568, Machine Identifier=HOST_0022, Signature=Microsoft Corporation, Target Account Security ID=S-1-5-21-0002, Device Name=HOST_0022, IMP Hash=01E0958B232430E87E27DC8010111684}",false,MAC_0001,MAC_0002,[REDACTED_DUPLICATE_PAYLOAD],3,52869,0,12,false,0:0:0:0:0:0:0:0,N/A,0,N/A,19247,"<13>Jul 24 14:25:26 10.0.0.10.Ptit AgentDevice=WindowsLog	AgentLogFile=Microsoft-Windows-Sysmon/Operational	PluginVersion=7.3.1.28	Source=Microsoft-Windows-Sysmon	Computer=AD01.ptit.edu.vn	OriginatingComputer=10.2.3.10	User=USER_0002	Domain=DOMAIN_0006.LOCAL	EventID=7	EventIDCode=7	EventType=4	EventCategory=7	RecordNumber=52919437	TimeGenerated=1784877926	TimeWritten=1784877926	Level=Informational	Keywords=0x8000000000000000	Task=SysmonTask-SYSMON_IMAGE_LOAD	Opcode=Info	Message=Image loaded: RuleName: - UtcTime: 2026-07-24 07:25:26.235 ProcessGuid: {b59a7af0-1366-6a63-5bf7-010000000b00} ProcessId: 1568 Image: C:\Windows\System32\wsmprovhost.exe ImageLoaded: C:\Windows\Microsoft.NET\Framework64\v4DOMAIN_0015.LOCAL\USER_0033 FileVersion: 4.8.9266.0 built by: NET481REL1LAST_B Description: Microsoft .NET Runtime Common Language Runtime - WorkStation Product: Microsoft® .NET Framework Company: Microsoft Corporation OriginalFileName: clr.dll Hashes: SHA1=61E04AC8DB08D31243F3C34BE05997CA3BF13AC7,MD5=92468614F9629FA127476D0062F87905,SHA256=49F9F13966C176C8F8943FBAA73D420192543A892BFB28259598D18DE8316D86,IMPHASH=01E0958B232430E87E27DC8010111684 Signed: true Signature: Microsoft Corporation SignatureStatus: Valid",Object Load Success,N/A,1,0,unknown,N/A,Image loaded,unknown,0,null,1784877926000,255,0,false,0,"true""""",Microsoft-Windows-Sysmon/Operational,HOST_0004,The image loaded event logs when a module is loaded in a specific process.,0,1784877929596,No Offense,255,HOST_0023 @ 10.0.0.10,false,3,false,N/A,10.0.0.10,false,1784877929596,5,NETWORK_0009,68,7,0,1,-1,HOST_0004,[REDACTED_DUPLICATE_PAYLOAD],USER_0002,5001844,false,null,N/A,"14:25:29, 24 thg 7, 2026","14:25:26, 24 thg 7, 2026",MAC_0002,HOST_0024,630,0,false,10.0.0.10,0,N/A,10.0.0.3,1,"14:25:29, 24 thg 7, 2026",0:0:0:0:0:0:0:0,N/A,null,"100221,100265,109237,109187,100668,156193,100272,134937,166353"
N/A,false,0,0,USER_0004,HOST_0021,"{sysmon-eventid=7, Pipe Name=N/A, Signature Status=Valid, File Directory=C:\Windows\Microsoft.NET\Framework64\v4.0.30319, sysmon-processid=1568, channel=Microsoft-Windows-Sysmon/Operational, Object Name=N/A, Account Name=USER_0004, Target User Domain=DOMAIN_0001.LOCAL, Logon Account Name=USER_0004, Product Description=Microsoft .NET Runtime Execution Engine, EventIDCode=7, sysmon-utctime=2026-07-24 07:25:26.235, Signed=true, MD5 Hash=21F240C8019E5125044508ACF5FC9C09, Filename=mscoreei.dll, Key Length=N/A, ProgramName=N/A, Process GUID=N/A, SHA1 Hash=086D56AF8A8BE29E21DDD85EE5221725DBDA9F7C, File Extension=dll, Object Type=N/A, sysmon-hash=SHA1=086D56AF8A8BE29E21DDD85EE5221725DBDA9F7C,MD5=21F240C8019E5125044508ACF5FC9C09,SHA256=BC19C902FE2D59344687338A412D687FAC950F8C0E1AEAD7BD051573E2C62A15,IMPHASH=BDAAD270BEE58C9A3A7622CD1CA3EF79, SHA256 Hash=BC19C902FE2D59344687338A412D687FAC950F8C0E1AEAD7BD051573E2C62A15, File Path=C:\Windows\Microsoft.NET\Framework64\v4.0.30319\mscoreei.dll, Description=Description: Microsoft .NET Runtime Execution Engine Product, Message=N/A, sysmon-signaturestatus=Valid, Logon Account Domain=DOMAIN_0001.LOCAL, Process Name=wsmprovhost.exe, Logon Type=N/A, sysmon-signature=Microsoft Corporation , Image Loaded=C:\Windows\Microsoft.NET\Framework64\v4.0.30319\mscoreei.dll, Account Security ID=S-1-5-21-0002, Share Name=N/A, Authentication Package=N/A, sysmon-processguid={b59a7af0-1366-6a63-5bf7-010000000b00}, Realm=DOMAIN_0001.LOCAL, Account ID=S-1-5-21-0002, Process Path=C:\Windows\System32\wsmprovhost.exe, sysmon-signed=true, Status Code=N/A, Product Name=Microsoft® .NET Framework, User Domain=DOMAIN_0001.LOCAL, Target Username=USER_0004, Event ID=7, Product Company=Microsoft Corporation, sysmon-user=USER_0002, sysmon-originalfilename=mscoreei.dll, Process ID=1568, Machine Identifier=HOST_0022, Signature=Microsoft Corporation, Target Account Security ID=S-1-5-21-0002, Device Name=HOST_0022, IMP Hash=BDAAD270BEE58C9A3A7622CD1CA3EF79}",false,MAC_0001,MAC_0002,[REDACTED_DUPLICATE_PAYLOAD],3,52869,0,12,false,0:0:0:0:0:0:0:0,N/A,0,N/A,19247,"<13>Jul 24 14:25:26 10.0.0.10.Ptit AgentDevice=WindowsLog	AgentLogFile=Microsoft-Windows-Sysmon/Operational	PluginVersion=7.3.1.28	Source=Microsoft-Windows-Sysmon	Computer=AD01.ptit.edu.vn	OriginatingComputer=10.2.3.10	User=USER_0002	Domain=DOMAIN_0006.LOCAL	EventID=7	EventIDCode=7	EventType=4	EventCategory=7	RecordNumber=52919436	TimeGenerated=1784877926	TimeWritten=1784877926	Level=Informational	Keywords=0x8000000000000000	Task=SysmonTask-SYSMON_IMAGE_LOAD	Opcode=Info	Message=Image loaded: RuleName: - UtcTime: 2026-07-24 07:25:26.235 ProcessGuid: {b59a7af0-1366-6a63-5bf7-010000000b00} ProcessId: 1568 Image: C:\Windows\System32\wsmprovhost.exe ImageLoaded: C:\Windows\Microsoft.NET\Framework64\v4DOMAIN_0015.LOCAL\USER_0034 FileVersion: 4.8.9065.0 built by: NET481REL1LAST_C Description: Microsoft .NET Runtime Execution Engine Product: Microsoft® .NET Framework Company: Microsoft Corporation OriginalFileName: mscoreei.dll Hashes: SHA1=086D56AF8A8BE29E21DDD85EE5221725DBDA9F7C,MD5=21F240C8019E5125044508ACF5FC9C09,SHA256=BC19C902FE2D59344687338A412D687FAC950F8C0E1AEAD7BD051573E2C62A15,IMPHASH=BDAAD270BEE58C9A3A7622CD1CA3EF79 Signed: true Signature: Microsoft Corporation SignatureStatus: Valid",Object Load Success,N/A,1,0,unknown,N/A,Image loaded,unknown,0,null,1784877926000,255,0,false,0,"true""""",Microsoft-Windows-Sysmon/Operational,HOST_0004,The image loaded event logs when a module is loaded in a specific process.,0,1784877929596,No Offense,255,HOST_0023 @ 10.0.0.10,false,3,false,N/A,10.0.0.10,false,1784877929596,5,NETWORK_0009,68,7,0,1,-1,HOST_0004,[REDACTED_DUPLICATE_PAYLOAD],USER_0002,5001844,false,null,N/A,"14:25:29, 24 thg 7, 2026","14:25:26, 24 thg 7, 2026",MAC_0002,HOST_0024,630,0,false,10.0.0.10,0,N/A,10.0.0.3,1,"14:25:29, 24 thg 7, 2026",0:0:0:0:0:0:0:0,N/A,null,"100221,100265,109237,109187,100668,156193,100272,134937,166353"
N/A,false,0,0,USER_0004,HOST_0021,"{sysmon-eventid=17, Description=N/A, Message=N/A, Pipe Name=PSHost.134293515261772993.1568.DefaultAppDomain.wsmprovhost, sysmon-processid=1568, channel=Microsoft-Windows-Sysmon/Operational, Logon Account Domain=DOMAIN_0001.LOCAL, Object Name=N/A, Process Name=wsmprovhost.exe, sysmon-pipename=\PSHost.134293515261772993.1568.DefaultAppDomain.wsmprovhost, Account Name=USER_0004, Logon Type=N/A, Target User Domain=DOMAIN_0001.LOCAL, Account Security ID=S-1-5-21-0002, Share Name=N/A, Authentication Package=N/A, sysmon-processguid={b59a7af0-1366-6a63-5bf7-010000000b00}, Logon Account Name=USER_0004, Realm=DOMAIN_0001.LOCAL, EventIDCode=17, Account ID=S-1-5-21-0002, Process Path=C:\WINDOWS\system32\wsmprovhost.exe, sysmon-utctime=2026-07-24 07:25:26.331, Status Code=N/A, User Domain=DOMAIN_0001.LOCAL, Key Length=N/A, Target Username=USER_0004, Event ID=17, ProgramName=N/A, sysmon-user=USER_0002, Process GUID=N/A, Process ID=1568, sysmon-image=C:\WINDOWS\system32\wsmprovhost.exe, Machine Identifier=HOST_0022, Object Type=N/A, Target Account Security ID=S-1-5-21-0002, Device Name=HOST_0022}",false,MAC_0001,MAC_0002,[REDACTED_DUPLICATE_PAYLOAD],3,52869,0,12,false,0:0:0:0:0:0:0:0,N/A,0,N/A,19012,<13>Jul 24 14:25:26 10.0.0.10.Ptit AgentDevice=WindowsLog	AgentLogFile=Microsoft-Windows-Sysmon/Operational	PluginVersion=7.3.1.28	Source=Microsoft-Windows-Sysmon	Computer=AD01.ptit.edu.vn	OriginatingComputer=10.2.3.10	User=USER_0002	Domain=DOMAIN_0006.LOCAL	EventID=17	EventIDCode=17	EventType=4	EventCategory=17	RecordNumber=52919460	TimeGenerated=1784877926	TimeWritten=1784877926	Level=Informational	Keywords=0x8000000000000000	Task=SysmonTask-SYSMON_CREATE_NAMEDPIPE	Opcode=Info	Message=Pipe Created: RuleName: - EventType: CreatePipe UtcTime: 2026-07-24 07:25:26.331 ProcessGuid: {b59a7af0-1366-6a63-5bf7-010000000b00} ProcessId: 1568 PipeName: \PSHost.134293515261772993.1568.DefaultAppDomain.wsmprovhost Image: C:\WINDOWS\system32\wsmprovhost.exe,Create Activity Succeeded,N/A,1,0,unknown,N/A,PipeEvent (Pipe Created),unknown,0,null,1784877926000,255,0,false,0,"true""""",Microsoft-Windows-Sysmon/Operational,HOST_0004,Named pipe created,0,1784877929596,No Offense,255,HOST_0023 @ 10.0.0.10,false,3,false,N/A,10.0.0.10,false,1784877929596,5,NETWORK_0009,68,17,0,1,-1,HOST_0004,[REDACTED_DUPLICATE_PAYLOAD],USER_0002,5001836,false,null,N/A,"14:25:29, 24 thg 7, 2026","14:25:26, 24 thg 7, 2026",MAC_0002,HOST_0024,630,0,false,10.0.0.10,0,N/A,10.0.0.3,1,"14:25:29, 24 thg 7, 2026",0:0:0:0:0:0:0:0,N/A,null,"100221,100737,100265,109237,109187,100668,156193,100272,134937,166353"
N/A,false,0,0,USER_0004,HOST_0021,"{sysmon-eventid=7, Pipe Name=N/A, Signature Status=Valid, File Directory=C:\Windows\System32, sysmon-processid=1568, channel=Microsoft-Windows-Sysmon/Operational, Object Name=N/A, Account Name=USER_0004, Target User Domain=DOMAIN_0001.LOCAL, Logon Account Name=USER_0004, Product Description=Microsoft® C Runtime Library, EventIDCode=7, sysmon-utctime=2026-07-24 07:25:26.235, Signed=true, MD5 Hash=14BC224C1040570FD58A452973B93591, Filename=ucrtbase_clr0400.dll, Key Length=N/A, ProgramName=N/A, Process GUID=N/A, SHA1 Hash=7B05CA87FA6DAB617DE5B79F6EEDBC4D34360A46, File Extension=dll, Object Type=N/A, sysmon-hash=SHA1=7B05CA87FA6DAB617DE5B79F6EEDBC4D34360A46,MD5=14BC224C1040570FD58A452973B93591,SHA256=F5189277B5AC83B754462F259188B0E876706CEC5A56BF6F5C35539F1D6510CD,IMPHASH=95C62E6C11D54D65EA2CCAC62EABE0F3, SHA256 Hash=F5189277B5AC83B754462F259188B0E876706CEC5A56BF6F5C35539F1D6510CD, File Path=C:\Windows\System32\ucrtbase_clr0400.dll, Description=Description: Microsoft® C Runtime Library Product, Message=N/A, sysmon-signaturestatus=Valid, Logon Account Domain=DOMAIN_0001.LOCAL, Process Name=wsmprovhost.exe, Logon Type=N/A, sysmon-signature=Microsoft Corporation , Image Loaded=C:\Windows\System32\ucrtbase_clr0400.dll, Account Security ID=S-1-5-21-0002, Share Name=N/A, Authentication Package=N/A, sysmon-processguid={b59a7af0-1366-6a63-5bf7-010000000b00}, Realm=DOMAIN_0001.LOCAL, Account ID=S-1-5-21-0002, Process Path=C:\Windows\System32\wsmprovhost.exe, sysmon-signed=true, Status Code=N/A, Product Name=Microsoft® Visual Studio®, User Domain=DOMAIN_0001.LOCAL, Target Username=USER_0004, Event ID=7, Product Company=Microsoft Corporation, sysmon-user=USER_0002, sysmon-originalfilename=ucrtbase_clr0400.dll, Process ID=1568, Machine Identifier=HOST_0022, Signature=Microsoft Corporation, Target Account Security ID=S-1-5-21-0002, Device Name=HOST_0022, IMP Hash=95C62E6C11D54D65EA2CCAC62EABE0F3}",false,MAC_0001,MAC_0002,[REDACTED_DUPLICATE_PAYLOAD],3,52869,0,12,false,0:0:0:0:0:0:0:0,N/A,0,N/A,19247,"<13>Jul 24 14:25:26 10.0.0.10.Ptit AgentDevice=WindowsLog	AgentLogFile=Microsoft-Windows-Sysmon/Operational	PluginVersion=7.3.1.28	Source=Microsoft-Windows-Sysmon	Computer=AD01.ptit.edu.vn	OriginatingComputer=10.2.3.10	User=USER_0002	Domain=DOMAIN_0006.LOCAL	EventID=7	EventIDCode=7	EventType=4	EventCategory=7	RecordNumber=52919440	TimeGenerated=1784877926	TimeWritten=1784877926	Level=Informational	Keywords=0x8000000000000000	Task=SysmonTask-SYSMON_IMAGE_LOAD	Opcode=Info	Message=Image loaded: RuleName: - UtcTime: 2026-07-24 07:25:26.235 ProcessGuid: {b59a7af0-1366-6a63-5bf7-010000000b00} ProcessId: 1568 Image: C:\Windows\System32\wsmprovhost.exe ImageLoaded: C:\Windows\System32\ucrtbase_clr0400.dll FileVersion: 14.32.31326.0 Description: Microsoft® C Runtime Library Product: Microsoft® Visual Studio® Company: Microsoft Corporation OriginalFileName: ucrtbase_clr0400.dll Hashes: SHA1=7B05CA87FA6DAB617DE5B79F6EEDBC4D34360A46,MD5=14BC224C1040570FD58A452973B93591,SHA256=F5189277B5AC83B754462F259188B0E876706CEC5A56BF6F5C35539F1D6510CD,IMPHASH=95C62E6C11D54D65EA2CCAC62EABE0F3 Signed: true Signature: Microsoft Corporation SignatureStatus: Valid",Object Load Success,N/A,1,0,unknown,N/A,Image loaded,unknown,0,null,1784877926000,255,0,false,0,"true""""",Microsoft-Windows-Sysmon/Operational,HOST_0004,The image loaded event logs when a module is loaded in a specific process.,0,1784877929596,No Offense,255,HOST_0023 @ 10.0.0.10,false,3,false,N/A,10.0.0.10,false,1784877929596,5,NETWORK_0009,68,7,0,1,-1,HOST_0004,[REDACTED_DUPLICATE_PAYLOAD],USER_0002,5001844,false,null,N/A,"14:25:29, 24 thg 7, 2026","14:25:26, 24 thg 7, 2026",MAC_0002,HOST_0024,630,0,false,10.0.0.10,0,N/A,10.0.0.3,1,"14:25:29, 24 thg 7, 2026",0:0:0:0:0:0:0:0,N/A,null,"100221,100265,109237,109187,100668,156193,100272,134937,166353"
N/A,false,0,0,USER_0004,HOST_0021,"{sysmon-eventid=5, Description=N/A, Message=N/A, Pipe Name=N/A, sysmon-processid=2060, channel=Microsoft-Windows-Sysmon/Operational, Logon Account Domain=DOMAIN_0001.LOCAL, Object Name=N/A, Process Name=wsmprovhost.exe, Account Name=USER_0004, Logon Type=N/A, Target User Domain=DOMAIN_0001.LOCAL, Account Security ID=S-1-5-21-0002, Share Name=N/A, Authentication Package=N/A, sysmon-processguid={b59a7af0-123a-6a63-5af7-010000000b00}, Logon Account Name=USER_0004, Realm=DOMAIN_0001.LOCAL, EventIDCode=5, Account ID=S-1-5-21-0002, Process Path=C:\Windows\System32\wsmprovhost.exe, sysmon-utctime=2026-07-24 07:20:26.529, Status Code=N/A, User Domain=DOMAIN_0001.LOCAL, Key Length=N/A, Target Username=USER_0004, Event ID=5, ProgramName=N/A, sysmon-user=USER_0002, Process GUID=N/A, Process ID=2060, sysmon-image=C:\Windows\System32\wsmprovhost.exe, Machine Identifier=HOST_0022, Object Type=N/A, Target Account Security ID=S-1-5-21-0002, Device Name=HOST_0022}",false,MAC_0001,MAC_0002,[REDACTED_DUPLICATE_PAYLOAD],3,52869,0,12,false,0:0:0:0:0:0:0:0,N/A,0,N/A,8113,<13>Jul 24 14:20:29 10.0.0.10.Ptit AgentDevice=WindowsLog	AgentLogFile=Microsoft-Windows-Sysmon/Operational	PluginVersion=7.3.1.28	Source=Microsoft-Windows-Sysmon	Computer=AD01.ptit.edu.vn	OriginatingComputer=10.2.3.10	User=USER_0002	Domain=DOMAIN_0006.LOCAL	EventID=5	EventIDCode=5	EventType=4	EventCategory=5	RecordNumber=52918846	TimeGenerated=1784877626	TimeWritten=1784877626	Level=Informational	Keywords=0x8000000000000000	Task=SysmonTask-SYSMON_PROCESS_TERMINATE	Opcode=Info	Message=Process terminated: RuleName: - UtcTime: 2026-07-24 07:20:26.529 ProcessGuid: {b59a7af0-123a-6a63-5af7-010000000b00} ProcessId: 2060 Image: C:\Windows\System32\wsmprovhost.exe,Process Termination Success,N/A,1,0,unknown,N/A,Process terminated,unknown,0,null,1784877626000,255,0,false,0,"true""""",Microsoft-Windows-Sysmon/Operational,HOST_0004,The process terminate event reports when a process terminates.,0,1784877635658,No Offense,255,HOST_0023 @ 10.0.0.10,false,3,false,N/A,10.0.0.10,false,1784877635658,5,NETWORK_0009,68,5,0,2,-1,HOST_0004,[REDACTED_DUPLICATE_PAYLOAD],USER_0002,5001842,false,null,N/A,"14:20:35, 24 thg 7, 2026","14:20:26, 24 thg 7, 2026",MAC_0002,HOST_0024,630,0,false,10.0.0.10,0,N/A,10.0.0.3,1,"14:20:35, 24 thg 7, 2026",0:0:0:0:0:0:0:0,N/A,null,"100221,100265,109237,109187,100668,156193,100272,134937,166353"
N/A,false,0,0,USER_0004,HOST_0021,"{sysmon-eventid=7, Pipe Name=N/A, Signature Status=Valid, File Directory=C:\Windows\Microsoft.NET\Framework64\v4.0.30319, sysmon-processid=2060, channel=Microsoft-Windows-Sysmon/Operational, Object Name=N/A, Account Name=USER_0004, Target User Domain=DOMAIN_0001.LOCAL, Logon Account Name=USER_0004, Product Description=Dia based SymReader, EventIDCode=7, sysmon-utctime=2026-07-24 07:20:26.424, Signed=true, MD5 Hash=055073ABE773DD5FD6CAF9D341CC01AA, Filename=diasymreader.dll, Key Length=N/A, ProgramName=N/A, Process GUID=N/A, SHA1 Hash=6E52595B88D2B428AF82FF0838321E6D55A5F599, File Extension=dll, Object Type=N/A, sysmon-hash=SHA1=6E52595B88D2B428AF82FF0838321E6D55A5F599,MD5=055073ABE773DD5FD6CAF9D341CC01AA,SHA256=B25B004D1C5D0B69509B185FEE070ED2FDBFA4D8AD5975AAF165A3F54118FB0D,IMPHASH=47857E2DAE4F31E9E6549F036DB186BA, SHA256 Hash=B25B004D1C5D0B69509B185FEE070ED2FDBFA4D8AD5975AAF165A3F54118FB0D, File Path=C:\Windows\Microsoft.NET\Framework64\v4.0.30319\diasymreader.dll, Description=Description: Dia based SymReader Product, Message=N/A, sysmon-signaturestatus=Valid, Logon Account Domain=DOMAIN_0001.LOCAL, Process Name=wsmprovhost.exe, Logon Type=N/A, sysmon-signature=Microsoft Corporation , Image Loaded=C:\Windows\Microsoft.NET\Framework64\v4.0.30319\diasymreader.dll, Account Security ID=S-1-5-21-0002, Share Name=N/A, Authentication Package=N/A, sysmon-processguid={b59a7af0-123a-6a63-5af7-010000000b00}, Realm=DOMAIN_0001.LOCAL, Account ID=S-1-5-21-0002, Process Path=C:\Windows\System32\wsmprovhost.exe, sysmon-signed=true, Status Code=N/A, Product Name=Microsoft® .NET Framework, User Domain=DOMAIN_0001.LOCAL, Target Username=USER_0004, Event ID=7, Product Company=Microsoft Corporation, sysmon-user=USER_0002, sysmon-originalfilename=diasymreader.dll, Process ID=2060, Machine Identifier=HOST_0022, Signature=Microsoft Corporation, Target Account Security ID=S-1-5-21-0002, Device Name=HOST_0022, IMP Hash=47857E2DAE4F31E9E6549F036DB186BA}",false,MAC_0001,MAC_0002,[REDACTED_DUPLICATE_PAYLOAD],3,52869,0,12,false,0:0:0:0:0:0:0:0,N/A,0,N/A,19247,"<13>Jul 24 14:20:26 10.0.0.10.Ptit AgentDevice=WindowsLog	AgentLogFile=Microsoft-Windows-Sysmon/Operational	PluginVersion=7.3.1.28	Source=Microsoft-Windows-Sysmon	Computer=AD01.ptit.edu.vn	OriginatingComputer=10.2.3.10	User=USER_0002	Domain=DOMAIN_0006.LOCAL	EventID=7	EventIDCode=7	EventType=4	EventCategory=7	RecordNumber=52918682	TimeGenerated=1784877626	TimeWritten=1784877626	Level=Informational	Keywords=0x8000000000000000	Task=SysmonTask-SYSMON_IMAGE_LOAD	Opcode=Info	Message=Image loaded: RuleName: - UtcTime: 2026-07-24 07:20:26.424 ProcessGuid: {b59a7af0-123a-6a63-5af7-010000000b00} ProcessId: 2060 Image: C:\Windows\System32\wsmprovhost.exe ImageLoaded: C:\Windows\Microsoft.NET\Framework64\v4DOMAIN_0015.LOCAL\USER_0032 FileVersion: 14.8.9241.0 built by: NET481REL1LAST_C Description: Dia based SymReader Product: Microsoft® .NET Framework Company: Microsoft Corporation OriginalFileName: diasymreader.dll Hashes: SHA1=6E52595B88D2B428AF82FF0838321E6D55A5F599,MD5=055073ABE773DD5FD6CAF9D341CC01AA,SHA256=B25B004D1C5D0B69509B185FEE070ED2FDBFA4D8AD5975AAF165A3F54118FB0D,IMPHASH=47857E2DAE4F31E9E6549F036DB186BA Signed: true Signature: Microsoft Corporation SignatureStatus: Valid",Object Load Success,N/A,1,0,unknown,N/A,Image loaded,unknown,0,null,1784877626000,255,0,false,0,"true""""",Microsoft-Windows-Sysmon/Operational,HOST_0004,The image loaded event logs when a module is loaded in a specific process.,0,1784877635552,No Offense,255,HOST_0023 @ 10.0.0.10,false,3,false,N/A,10.0.0.10,false,1784877635552,5,NETWORK_0009,68,7,0,1,-1,HOST_0004,[REDACTED_DUPLICATE_PAYLOAD],USER_0002,5001844,false,null,N/A,"14:20:35, 24 thg 7, 2026","14:20:26, 24 thg 7, 2026",MAC_0002,HOST_0024,630,0,false,10.0.0.10,0,N/A,10.0.0.3,19,"14:20:35, 24 thg 7, 2026",0:0:0:0:0:0:0:0,N/A,null,"100221,100265,109237,109187,100668,156193,100272,134937,166353"
N/A,false,0,0,USER_0004,HOST_0021,"{sysmon-eventid=1, Parent Process Name=svchost.exe, Pipe Name=N/A, File Directory=N/A, sysmon-processid=2060, channel=Microsoft-Windows-Sysmon/Operational, sysmon-username= DOMAIN_0014.LOCAL\USER_0031, Parent Command=C:\WINDOWS\system32\svchost.exe -k DcomLaunch -p, Object Name=N/A, Account Name=USER_0004, sysmon-currentdirectory=C:\WINDOWS\system32\, Target User Domain=DOMAIN_0001.LOCAL, Logon Account Name=USER_0004, Product Description=Host process for WinRM plug-ins, EventIDCode=1, Terminated Process Name=N/A, MD5 Hash=CF847821027B21C569E1251C7B8730F0, Filename=N/A, Key Length=N/A, sysmon-logonid=0xC662EA4C, ProgramName=N/A, Process GUID=b59a7af0-123a-6a63-5af7-010000000b00, SHA1 Hash=49B171C632B4E1FB16A25FF374DDF8399E4D797B, File Extension=N/A, Object Type=N/A, sysmon-hash=SHA1=49B171C632B4E1FB16A25FF374DDF8399E4D797B,MD5=CF847821027B21C569E1251C7B8730F0,SHA256=4A2388D16E02925956DFF1E92B2B146C89E267B85637069EB1F18B2FA5AF3049,IMPHASH=7FEF88FAEC37D0AC077432BF7E65BA27, SHA256 Hash=4A2388D16E02925956DFF1E92B2B146C89E267B85637069EB1F18B2FA5AF3049, Parent Process GUID=b59a7af0-d22d-69f7-0f00-000000000b00, Integrity Level=High, sysmon-parentimage=C:\Windows\System32\svchost.exe, Description=Description: Host process for WinRM plug-ins Product, File Hash=49B171C632B4E1FB16A25FF374DDF8399E4D797B, Token Elevation Type=N/A, Message=N/A, sysmon-rulename=-, Encoded Command=N/A, Logon Account Domain=DOMAIN_0001.LOCAL, Process Name=wsmprovhost.exe, Parent Process ID=1228, sysmon-parentcommandline=C:\WINDOWS\system32\svchost.exe -k DcomLaunch -p, Logon Type=N/A, sysmon-integritylevel=High, sysmon-logonguid={b59a7af0-123a-6a63-4cea-62c600000000}, Account Security ID=S-1-5-21-0002, Share Name=N/A, Authentication Package=N/A, sysmon-processguid={b59a7af0-123a-6a63-5af7-010000000b00}, Realm=DOMAIN_0001.LOCAL, Account ID=S-1-5-21-0002, sysmon-description=Host process for WinRM plug-ins, Process Path=C:\Windows\System32\wsmprovhost.exe, Status Code=N/A, Product Name=Microsoft® Windows® Operating System, User Domain=DOMAIN_0001.LOCAL, Encoded Argument=N/A, Target Username=USER_0004, Event ID=1, sysmon-parentprocessid=1228, Product Company=Microsoft Corporation, sysmon-fileversion=10.0.26100.1 (WinBuild.160101.0800), sysmon-parentprocessguid={b59a7af0-d22d-69f7-0f00-000000000b00}, sysmon-user=USER_0002, Command=C:\WINDOWS\system32\wsmprovhost.exe -Embedding, sysmon-originalfilename=wsmprovhost.exe, Process ID=2060, sysmon-image=C:\Windows\System32\wsmprovhost.exe, Machine Identifier=HOST_0022, Target Account Security ID=S-1-5-21-0002, sysmon-commandline=C:\WINDOWS\system32\wsmprovhost.exe -Embedding, Device Name=HOST_0022, IMP Hash=7FEF88FAEC37D0AC077432BF7E65BA27, Current Working Directory=C:\WINDOWS\system32\, Parent Process Path=C:\Windows\System32\svchost.exe, sysmon-terminalsessionid=2}",false,MAC_0001,MAC_0002,[REDACTED_DUPLICATE_PAYLOAD],3,52869,0,12,false,0:0:0:0:0:0:0:0,N/A,0,N/A,8110,"<13>Jul 24 14:20:26 10.0.0.10.Ptit AgentDevice=WindowsLog	AgentLogFile=Microsoft-Windows-Sysmon/Operational	PluginVersion=7.3.1.28	Source=Microsoft-Windows-Sysmon	Computer=AD01.ptit.edu.vn	OriginatingComputer=10.2.3.10	User=USER_0002	Domain=DOMAIN_0006.LOCAL	EventID=1	EventIDCode=1	EventType=4	EventCategory=1	RecordNumber=52918638	TimeGenerated=1784877626	TimeWritten=1784877626	Level=Informational	Keywords=0x8000000000000000	Task=SysmonTask-SYSMON_CREATE_PROCESS	Opcode=Info	Message=Process Create: RuleName: - UtcTime: 2026-07-24 07:20:26.237 ProcessGuid: {b59a7af0-123a-6a63-5af7-010000000b00} ProcessId: 2060 Image: C:\Windows\System32\wsmprovhost.exe FileVersion: 10.0.26100.1 (WinBuild.160101.0800) Description: Host process for WinRM plug-ins Product: Microsoft® Windows® Operating System Company: Microsoft Corporation OriginalFileName: wsmprovhost.exe CommandLine: C:\WINDOWS\system32\wsmprovhost.exe -Embedding CurrentDirectory: C:\WINDOWS\system32\ User: DOMAIN_0014.LOCAL\USER_0031 LogonGuid: {b59a7af0-123a-6a63-4cea-62c600000000} LogonId: 0xC662EA4C TerminalSessionId: 2 IntegrityLevel: High Hashes: SHA1=49B171C632B4E1FB16A25FF374DDF8399E4D797B,MD5=CF847821027B21C569E1251C7B8730F0,SHA256=4A2388D16E02925956DFF1E92B2B146C89E267B85637069EB1F18B2FA5AF3049,IMPHASH=7FEF88FAEC37D0AC077432BF7E65BA27 ParentProcessGuid: {b59a7af0-d22d-69f7-0f00-000000000b00} ParentProcessId: 1228 ParentImage: C:\Windows\System32\svchost.exe ParentCommandLine: C:\WINDOWS\system32\svchost.exe -k DcomLaunch -p",Process Creation Success,N/A,1,0,unknown,N/A,Process Create,unknown,0,null,1784877626000,255,0,false,0,"true""""",Microsoft-Windows-Sysmon/Operational,HOST_0004,The process creation event provides extended information about a newly created process.,0,1784877635552,No Offense,255,HOST_0023 @ 10.0.0.10,false,3,false,N/A,10.0.0.10,false,1784877635552,5,NETWORK_0009,68,1,0,2,-1,HOST_0004,[REDACTED_DUPLICATE_PAYLOAD],USER_0002,5001828,false,null,N/A,"14:20:35, 24 thg 7, 2026","14:20:26, 24 thg 7, 2026",MAC_0002,HOST_0024,630,0,false,10.0.0.10,0,N/A,10.0.0.3,1,"14:20:35, 24 thg 7, 2026",0:0:0:0:0:0:0:0,N/A,null,"100221,100265,109237,109187,100668,156193,100272,134937,166353"
N/A,false,0,0,USER_0004,HOST_0021,"{sysmon-eventid=11, Description=N/A, Message=N/A, Pipe Name=N/A, File Directory=C:\Users\USER_0029\AppData\Local\Temp, sysmon-processid=2060, channel=Microsoft-Windows-Sysmon/Operational, Logon Account Domain=DOMAIN_0001.LOCAL, Object Name=N/A, Process Name=wsmprovhost.exe, Account Name=USER_0004, Logon Type=N/A, Target User Domain=DOMAIN_0001.LOCAL, Account Security ID=S-1-5-21-0002, Share Name=N/A, Authentication Package=N/A, sysmon-processguid={b59a7af0-123a-6a63-5af7-010000000b00}, Logon Account Name=USER_0004, Realm=DOMAIN_0001.LOCAL, EventIDCode=11, Account ID=S-1-5-21-0002, Process Path=C:\WINDOWS\system32\wsmprovhost.exe, sysmon-creationutctime=2026-07-24 07:20:26.359, sysmon-utctime=2026-07-24 07:20:26.359, Status Code=N/A, Filename=__PSScriptPolicyTest_0inid3ln.rc1.psm1, User Domain=DOMAIN_0001.LOCAL, Key Length=N/A, Target Username=USER_0004, Event ID=11, ProgramName=N/A, sysmon-targetfilename=C:\Users\administrator.PTIT\AppData\Local\Temp\__PSScriptPolicyTest_0inid3ln.rc1.psm1, sysmon-user=USER_0002, Process GUID=N/A, Process ID=2060, Target File Directory=C:\Users\administrator.PTIT\AppData\Local\Temp\__PSScriptPolicyTest_0inid3ln.rc1.psm1, sysmon-image=C:\WINDOWS\system32\wsmprovhost.exe, File Extension=psm1, Machine Identifier=HOST_0022, Task Name=N/A, Object Type=N/A, Target Account Security ID=S-1-5-21-0002, Device Name=HOST_0022, File Path=C:\Users\administrator.PTIT\AppData\Local\Temp\__PSScriptPolicyTest_0inid3ln.rc1.psm1}",false,MAC_0001,MAC_0002,[REDACTED_DUPLICATE_PAYLOAD],6,52869,0,12,false,0:0:0:0:0:0:0:0,N/A,0,N/A,8028,<13>Jul 24 14:20:26 10.0.0.10.Ptit AgentDevice=WindowsLog	AgentLogFile=Microsoft-Windows-Sysmon/Operational	PluginVersion=7.3.1.28	Source=Microsoft-Windows-Sysmon	Computer=AD01.ptit.edu.vn	OriginatingComputer=10.2.3.10	User=USER_0002	Domain=DOMAIN_0006.LOCAL	EventID=11	EventIDCode=11	EventType=4	EventCategory=11	RecordNumber=52918673	TimeGenerated=1784877626	TimeWritten=1784877626	Level=Informational	Keywords=0x8000000000000000	Task=SysmonTask-SYSMON_FILE_CREATE	Opcode=Info	Message=File created: RuleName: - UtcTime: 2026-07-24 07:20:26.359 ProcessGuid: {b59a7af0-123a-6a63-5af7-010000000b00} ProcessId: 2060 Image: C:\WINDOWS\system32\wsmprovhost.exe TargetFilename: C:\Users\USER_0029\AppData\Local\Temp\__PSScriptPolicyTest_0inid3ln.rc1.psm1 CreationUtcTime: 2026-07-24 07:20:26.359,File Created,N/A,1,0,unknown,N/A,FileCreate,unknown,0,null,1784877626000,255,0,false,0,"true""""",Microsoft-Windows-Sysmon/Operational,HOST_0004,File create operations are logged when a file is created or overwritten.,0,1784877635552,No Offense,255,HOST_0023 @ 10.0.0.10,true,6,false,N/A,10.0.0.10,false,1784877635552,6,NETWORK_0009,68,11,0,6,-1,HOST_0004,[REDACTED_DUPLICATE_PAYLOAD],USER_0002,5001830,false,null,N/A,"14:20:35, 24 thg 7, 2026","14:20:26, 24 thg 7, 2026",MAC_0002,HOST_0024,630,0,false,10.0.0.10,0,N/A,10.0.0.3,1,"14:20:35, 24 thg 7, 2026",0:0:0:0:0:0:0:0,N/A,null,"100221,100265,109237,109187,100620,100668,156193,100276,100272,100764,123237,123937,134937,166353"
N/A,false,0,0,USER_0004,HOST_0021,"{sysmon-eventid=11, Description=N/A, Message=N/A, Pipe Name=N/A, File Directory=C:\Users\USER_0029\AppData\Local\Temp, sysmon-processid=2060, channel=Microsoft-Windows-Sysmon/Operational, Logon Account Domain=DOMAIN_0001.LOCAL, Object Name=N/A, Process Name=wsmprovhost.exe, Account Name=USER_0004, Logon Type=N/A, Target User Domain=DOMAIN_0001.LOCAL, Account Security ID=S-1-5-21-0002, Share Name=N/A, Authentication Package=N/A, sysmon-processguid={b59a7af0-123a-6a63-5af7-010000000b00}, Logon Account Name=USER_0004, Realm=DOMAIN_0001.LOCAL, EventIDCode=11, Account ID=S-1-5-21-0002, Process Path=C:\WINDOWS\system32\wsmprovhost.exe, sysmon-creationutctime=2026-07-24 07:20:26.359, sysmon-utctime=2026-07-24 07:20:26.359, Status Code=N/A, Filename=__PSScriptPolicyTest_5vw1hlwr.cvd.ps1, User Domain=DOMAIN_0001.LOCAL, Key Length=N/A, Target Username=USER_0004, Event ID=11, ProgramName=N/A, sysmon-targetfilename=C:\Users\administrator.PTIT\AppData\Local\Temp\__PSScriptPolicyTest_5vw1hlwr.cvd.ps1, sysmon-user=USER_0002, Process GUID=N/A, Process ID=2060, Target File Directory=C:\Users\administrator.PTIT\AppData\Local\Temp\__PSScriptPolicyTest_5vw1hlwr.cvd.ps1, sysmon-image=C:\WINDOWS\system32\wsmprovhost.exe, File Extension=ps1, Machine Identifier=HOST_0022, Task Name=N/A, Object Type=N/A, Target Account Security ID=S-1-5-21-0002, Device Name=HOST_0022, File Path=C:\Users\administrator.PTIT\AppData\Local\Temp\__PSScriptPolicyTest_5vw1hlwr.cvd.ps1}",false,MAC_0001,MAC_0002,[REDACTED_DUPLICATE_PAYLOAD],6,52869,0,12,false,0:0:0:0:0:0:0:0,N/A,0,N/A,8028,<13>Jul 24 14:20:26 10.0.0.10.Ptit AgentDevice=WindowsLog	AgentLogFile=Microsoft-Windows-Sysmon/Operational	PluginVersion=7.3.1.28	Source=Microsoft-Windows-Sysmon	Computer=AD01.ptit.edu.vn	OriginatingComputer=10.2.3.10	User=USER_0002	Domain=DOMAIN_0006.LOCAL	EventID=11	EventIDCode=11	EventType=4	EventCategory=11	RecordNumber=52918672	TimeGenerated=1784877626	TimeWritten=1784877626	Level=Informational	Keywords=0x8000000000000000	Task=SysmonTask-SYSMON_FILE_CREATE	Opcode=Info	Message=File created: RuleName: - UtcTime: 2026-07-24 07:20:26.359 ProcessGuid: {b59a7af0-123a-6a63-5af7-010000000b00} ProcessId: 2060 Image: C:\WINDOWS\system32\wsmprovhost.exe TargetFilename: C:\Users\USER_0029\AppData\Local\Temp\__PSScriptPolicyTest_5vw1hlwr.cvd.ps1 CreationUtcTime: 2026-07-24 07:20:26.359,File Created,N/A,1,0,unknown,N/A,FileCreate,unknown,0,null,1784877626000,255,0,false,0,"true""""",Microsoft-Windows-Sysmon/Operational,HOST_0004,File create operations are logged when a file is created or overwritten.,0,1784877635552,No Offense,255,HOST_0023 @ 10.0.0.10,true,6,false,N/A,10.0.0.10,false,1784877635552,6,NETWORK_0009,68,11,0,6,-1,HOST_0004,[REDACTED_DUPLICATE_PAYLOAD],USER_0002,5001830,false,null,N/A,"14:20:35, 24 thg 7, 2026","14:20:26, 24 thg 7, 2026",MAC_0002,HOST_0024,630,0,false,10.0.0.10,0,N/A,10.0.0.3,1,"14:20:35, 24 thg 7, 2026",0:0:0:0:0:0:0:0,N/A,null,"100221,100265,109237,109187,100620,100668,156193,100276,100272,100764,123237,123937,134937,166353"
