N/A,false,0,0,USER_0004,10.0.0.27,"{sysmon-eventid=1, Parent Process Name=cmd.exe, Pipe Name=N/A, File Directory=N/A, sysmon-processid=64180, channel=Microsoft-Windows-Sysmon/Operational, sysmon-username= NT DOMAIN_0008.LOCAL\USER_0002, Parent Command=C:\Windows\system32\cmd.exe /c cscript //nologo %windir%\system32\slmgr.vbs /dli 2>&1, Object Name=N/A, Account Name=USER_0004, sysmon-currentdirectory=C:\Windows\system32\, Target User Domain=DOMAIN_0001.LOCAL, Logon Account Name=USER_0004, Product Description=Microsoft ® Console Based Script Host, EventIDCode=1, Terminated Process Name=N/A, MD5 Hash=9578AFF0AC49AAADB5A028B9B6D13C6E, Filename=N/A, Key Length=N/A, sysmon-logonid=0x3E7, ProgramName=N/A, Process GUID=5E5FB9E6-F3FA-6A77-C7E4-020000003000, SHA1 Hash=D67986B9CFE1397EBE27E16D9852B52AEE9B95C6, File Extension=N/A, Object Type=N/A, sysmon-hash=SHA1=D67986B9CFE1397EBE27E16D9852B52AEE9B95C6,MD5=9578AFF0AC49AAADB5A028B9B6D13C6E,SHA256=67A0A3413A99DFFD421992E2AD6DECBF4A78C3E063F414201B5D2232AE96B0F7,IMPHASH=77838A7D26CC1C7050C41CF6165BAD0E, SHA256 Hash=67A0A3413A99DFFD421992E2AD6DECBF4A78C3E063F414201B5D2232AE96B0F7, Parent Process GUID=5E5FB9E6-F3FA-6A77-C5E4-020000003000, Integrity Level=System, sysmon-parentimage=C:\Windows\System32\cmd.exe, Description=Description: Microsoft ® Console Based Script Host Product, File Hash=D67986B9CFE1397EBE27E16D9852B52AEE9B95C6, Token Elevation Type=N/A, Message=N/A, sysmon-rulename=-, Encoded Command=N/A, Logon Account Domain=DOMAIN_0001.LOCAL, Process Name=cscript.exe, Parent Process ID=56052, sysmon-parentcommandline=C:\Windows\system32\cmd.exe /c cscript //nologo %windir%\system32\slmgr.vbs /dli 2>&1, Logon Type=N/A, sysmon-integritylevel=System, sysmon-logonguid={5E5FB9E6-DEE1-6981-E703-000000000000}, Account Security ID=S-1-5-21-0002, Share Name=N/A, Authentication Package=N/A, sysmon-processguid={5E5FB9E6-F3FA-6A77-C7E4-020000003000}, Realm=DOMAIN_0001.LOCAL, Account ID=S-1-5-21-0002, sysmon-description=Microsoft ® Console Based Script Host, Process Path=C:\Windows\System32\cscript.exe, Status Code=N/A, Product Name=Microsoft ® Windows Script Host, User Domain=DOMAIN_0001.LOCAL, Encoded Argument=N/A, Target Username=USER_0004, Event ID=1, sysmon-parentprocessid=56052, Product Company=Microsoft Corporation, sysmon-fileversion=5.812.10240.16384, sysmon-parentprocessguid={5E5FB9E6-F3FA-6A77-C5E4-020000003000}, sysmon-user=USER_0002, Command=cscript  //nologo C:\Windows\system32\slmgr.vbs /dli , sysmon-originalfilename=cscript.exe, Process ID=64180, sysmon-image=C:\Windows\System32\cscript.exe, Machine Identifier=HOST_0067, Target Account Security ID=S-1-5-21-0002, sysmon-commandline=cscript  //nologo C:\Windows\system32\slmgr.vbs /dli , Device Name=HOST_0067, IMP Hash=77838A7D26CC1C7050C41CF6165BAD0E, Current Working Directory=C:\Windows\system32\, Parent Process Path=C:\Windows\System32\cmd.exe, sysmon-terminalsessionid=0}",false,MAC_0001,MAC_0002,[REDACTED_DUPLICATE_PAYLOAD],3,27863,0,12,false,0:0:0:0:0:0:0:0,N/A,0,N/A,8110,"<13>Aug 09 10:29:00 10.0.0.27 AgentDevice=WindowsLog	AgentLogFile=Microsoft-Windows-Sysmon/Operational	PluginVersion=7.3.1.28	Source=Microsoft-Windows-Sysmon	Computer=EMR_APP_1_111	OriginatingComputer=EMR_APP_1_111	User=USER_0002	Domain=DOMAIN_0006.LOCAL	EventID=1	EventIDCode=1	EventType=4	EventCategory=1	RecordNumber=1372510886	TimeGenerated=1786246138	TimeWritten=1786246138	Level=Informational	Keywords=0x8000000000000000	Task=SysmonTask-SYSMON_CREATE_PROCESS	Opcode=Info	Message=Process Create: RuleName: - UtcTime: 2026-08-09 03:28:58.163 ProcessGuid: {5E5FB9E6-F3FA-6A77-C7E4-020000003000} ProcessId: 64180 Image: C:\Windows\System32\cscript.exe FileVersion: 5.812.10240.16384 Description: Microsoft ® Console Based Script Host Product: Microsoft ® Windows Script Host Company: Microsoft Corporation OriginalFileName: cscript.exe CommandLine: cscript  //nologo C:\Windows\system32\slmgr.vbs /dli  CurrentDirectory: C:\Windows\system32\ User: NT DOMAIN_0008.LOCAL\USER_0002 LogonGuid: {5E5FB9E6-DEE1-6981-E703-000000000000} LogonId: 0x3E7 TerminalSessionId: 0 IntegrityLevel: System Hashes: SHA1=D67986B9CFE1397EBE27E16D9852B52AEE9B95C6,MD5=9578AFF0AC49AAADB5A028B9B6D13C6E,SHA256=67A0A3413A99DFFD421992E2AD6DECBF4A78C3E063F414201B5D2232AE96B0F7,IMPHASH=77838A7D26CC1C7050C41CF6165BAD0E ParentProcessGuid: {5E5FB9E6-F3FA-6A77-C5E4-020000003000} ParentProcessId: 56052 ParentImage: C:\Windows\System32\cmd.exe ParentCommandLine: C:\Windows\system32\cmd.exe /c cscript //nologo %windir%\system32\slmgr.vbs /dli 2>&1 ",Process Creation Success,N/A,1,0,unknown,N/A,Process Create,unknown,0,null,1786246138000,255,0,false,0,"true""""",Microsoft-Windows-Sysmon/Operational,HOST_0004,The process creation event provides extended information about a newly created process.,0,1786246142014,No Offense,255,HOST_0068 @ 10.0.0.27,false,3,false,N/A,10.0.0.27,false,1786246142014,5,NETWORK_0011,43,1,0,2,-1,HOST_0004,[REDACTED_DUPLICATE_PAYLOAD],USER_0002,5001828,false,null,N/A,"10:29:02, 9 thg 8, 2026","10:28:58, 9 thg 8, 2026",MAC_0002,HOST_0046,482,0,false,10.0.0.27,0,N/A,10.0.0.3,2,"10:29:02, 9 thg 8, 2026",0:0:0:0:0:0:0:0,N/A,null,"100221,100265,109237,109187,100668,156193,146162,166362,100272,100677,134937,166353"
N/A,false,0,0,USER_0004,10.0.0.27,"{sysmon-eventid=1, Parent Process Name=HIS.exe, Pipe Name=N/A, File Directory=N/A, sysmon-processid=23832, channel=Microsoft-Windows-Sysmon/Operational, sysmon-username= DOMAIN_0071.LOCAL\USER_0030, Parent Command=""F:\Hispro\HISpro\HIS.exe"" , Object Name=N/A, Account Name=USER_0004, sysmon-currentdirectory=F:\Hispro\HISpro\, Target User Domain=DOMAIN_0001.LOCAL, Logon Account Name=USER_0004, Product Description=HLS.WCFClient, EventIDCode=1, Terminated Process Name=N/A, MD5 Hash=CC5C79BE16BFE24469D44F5B0DE46E0F, Filename=N/A, Key Length=N/A, sysmon-logonid=0x56F0A0, ProgramName=N/A, Process GUID=5E5FB9E6-F33B-6A77-C4E4-020000003000, SHA1 Hash=5819F95410DA6624FA8F214148CDC80C5901D419, File Extension=N/A, Object Type=N/A, sysmon-hash=SHA1=5819F95410DA6624FA8F214148CDC80C5901D419,MD5=CC5C79BE16BFE24469D44F5B0DE46E0F,SHA256=E8DBB3EF4534F5593EEE974CE1EB051E13D9550C13235188E25CA80833295D4C,IMPHASH=F34D5F2D4577ED6D9CEEC516C1F5A744, SHA256 Hash=E8DBB3EF4534F5593EEE974CE1EB051E13D9550C13235188E25CA80833295D4C, Parent Process GUID=5E5FB9E6-F446-6A43-98D6-010000003000, Integrity Level=High, sysmon-parentimage=F:\Hispro\HISpro\HIS.exe, Description=Description: HLS.WCFClient Product, File Hash=5819F95410DA6624FA8F214148CDC80C5901D419, Token Elevation Type=N/A, Message=N/A, sysmon-rulename=-, Encoded Command=N/A, Logon Account Domain=DOMAIN_0001.LOCAL, Process Name=HLS.WCFClient.exe, Parent Process ID=16056, sysmon-parentcommandline=""F:\Hispro\HISpro\HIS.exe"", Logon Type=N/A, sysmon-integritylevel=High, sysmon-logonguid={5E5FB9E6-E5AA-6981-A0F0-560000000000}, Account Security ID=S-1-5-21-0002, Share Name=N/A, Authentication Package=N/A, sysmon-processguid={5E5FB9E6-F33B-6A77-C4E4-020000003000}, Realm=DOMAIN_0001.LOCAL, Account ID=S-1-5-21-0002, sysmon-description=HLS.WCFClient, Process Path=F:\Hispro\HISpro\HLS.WCFClient.exe, Status Code=N/A, Product Name=HLS.WCFClient, User Domain=DOMAIN_0001.LOCAL, Encoded Argument=N/A, Target Username=USER_0004, Event ID=1, sysmon-parentprocessid=16056, Product Company=Microsoft, sysmon-fileversion=1.0.0.0, sysmon-parentprocessguid={5E5FB9E6-F446-6A43-98D6-010000003000}, sysmon-user=USER_0002, Command=""F:\Hispro\HISpro\HLS.WCFClient.exe"" |AcsBaseUri|http://10.0.0.27:1401/|SdaBaseUri|http://10.0.0.27:1410/|SarBaseUri|http://10.0.0.27:1409/|MosBaseUri|http://10.0.0.27:1408/|ApplicationCode|HIS|TokenCode|21f33f4a09f028134e479dba730560f01ca6930b3c18c05ed2bb9abbbc46b106|CacheType|1|RedisSaveType|0|PreNamespaceFolder||isReloadAllCache|0, sysmon-originalfilename=HLS.WCFClient.exe, Process ID=23832, sysmon-image=F:\Hispro\HISpro\HLS.WCFClient.exe, Machine Identifier=HOST_0067, Target Account Security ID=S-1-5-21-0002, sysmon-commandline=""F:\Hispro\HISpro\HLS.WCFClient.exe"" |AcsBaseUri|http://10.0.0.27:1401/|SdaBaseUri|http://10.0.0.27:1410/|SarBaseUri|http://10.0.0.27:1409/|MosBaseUri|http://10.0.0.27:1408/|ApplicationCode|HIS|TokenCode|21f33f4a09f028134e479dba730560f01ca6930b3c18c05ed2bb9abbbc46b106|CacheType|1|RedisSaveType|0|PreNamespaceFolder||isReloadAllCache|0, Device Name=HOST_0067, IMP Hash=F34D5F2D4577ED6D9CEEC516C1F5A744, Current Working Directory=F:\Hispro\HISpro\, Parent Process Path=F:\Hispro\HISpro\HIS.exe, sysmon-terminalsessionid=2}",false,MAC_0001,MAC_0002,[REDACTED_DUPLICATE_PAYLOAD],3,27863,0,12,false,0:0:0:0:0:0:0:0,N/A,0,N/A,8110,"<13>Aug 09 10:25:48 10.0.0.27 AgentDevice=WindowsLog	AgentLogFile=Microsoft-Windows-Sysmon/Operational	PluginVersion=7.3.1.28	Source=Microsoft-Windows-Sysmon	Computer=EMR_APP_1_111	OriginatingComputer=EMR_APP_1_111	User=USER_0002	Domain=DOMAIN_0006.LOCAL	EventID=1	EventIDCode=1	EventType=4	EventCategory=1	RecordNumber=1372506434	TimeGenerated=1786245947	TimeWritten=1786245947	Level=Informational	Keywords=0x8000000000000000	Task=SysmonTask-SYSMON_CREATE_PROCESS	Opcode=Info	Message=Process Create: RuleName: - UtcTime: 2026-08-09 03:25:47.232 ProcessGuid: {5E5FB9E6-F33B-6A77-C4E4-020000003000} ProcessId: 23832 Image: F:\Hispro\HISpro\HLS.WCFClient.exe FileVersion: 203.0.0.12 Description: HLS.WCFClient Product: HLS.WCFClient Company: Microsoft OriginalFileName: HLS.WCFClient.exe CommandLine: ""F:\Hispro\HISpro\HLS.WCFClient.exe"" |AcsBaseUri|http://10.0.0.27:1401/|SdaBaseUri|http://10.0.0.27:1410/|SarBaseUri|http://10.0.0.27:1409/|MosBaseUri|http://10.0.0.27:1408/|ApplicationCode|HIS|TokenCode|21f33f4a09f028134e479dba730560f01ca6930b3c18c05ed2bb9abbbc46b106|CacheType|1|RedisSaveType|0|PreNamespaceFolder||isReloadAllCache|0 CurrentDirectory: F:\Hispro\HISpro\ User: DOMAIN_0071.LOCAL\USER_0030 LogonGuid: {5E5FB9E6-E5AA-6981-A0F0-560000000000} LogonId: 0x56F0A0 TerminalSessionId: 2 IntegrityLevel: High Hashes: SHA1=5819F95410DA6624FA8F214148CDC80C5901D419,MD5=CC5C79BE16BFE24469D44F5B0DE46E0F,SHA256=E8DBB3EF4534F5593EEE974CE1EB051E13D9550C13235188E25CA80833295D4C,IMPHASH=F34D5F2D4577ED6D9CEEC516C1F5A744 ParentProcessGuid: {5E5FB9E6-F446-6A43-98D6-010000003000} ParentProcessId: 16056 ParentImage: F:\Hispro\HISpro\HIS.exe ParentCommandLine: ""F:\Hispro\HISpro\HIS.exe""  ",Process Creation Success,N/A,1,0,unknown,N/A,Process Create,unknown,0,null,1786245947000,255,0,false,0,"true""""",Microsoft-Windows-Sysmon/Operational,HOST_0004,The process creation event provides extended information about a newly created process.,0,1786245959991,No Offense,255,HOST_0068 @ 10.0.0.27,false,3,false,N/A,10.0.0.27,false,1786246019991,5,NETWORK_0011,43,1,0,2,-1,HOST_0004,[REDACTED_DUPLICATE_PAYLOAD],USER_0002,5001828,false,null,N/A,"10:25:59, 9 thg 8, 2026","10:25:47, 9 thg 8, 2026",MAC_0002,HOST_0046,482,0,false,10.0.0.27,0,N/A,10.0.0.3,1,"10:26:59, 9 thg 8, 2026",0:0:0:0:0:0:0:0,N/A,null,"100221,100265,109237,109187,156193,166362,100272,134937,166353"
N/A,false,0,0,USER_0004,10.0.0.27,"{sysmon-eventid=1, Parent Process Name=cmd.exe, Pipe Name=N/A, File Directory=N/A, sysmon-processid=65640, channel=Microsoft-Windows-Sysmon/Operational, sysmon-username= NT DOMAIN_0008.LOCAL\USER_0002, Parent Command=C:\Windows\system32\cmd.exe /c cscript //nologo %windir%\system32\slmgr.vbs /dli 2>&1, Object Name=N/A, Account Name=USER_0004, sysmon-currentdirectory=C:\Windows\system32\, Target User Domain=DOMAIN_0001.LOCAL, Logon Account Name=USER_0004, Product Description=Microsoft ® Console Based Script Host, EventIDCode=1, Terminated Process Name=N/A, MD5 Hash=9578AFF0AC49AAADB5A028B9B6D13C6E, Filename=N/A, Key Length=N/A, sysmon-logonid=0x3E7, ProgramName=N/A, Process GUID=5E5FB9E6-F2CC-6A77-C3E4-020000003000, SHA1 Hash=D67986B9CFE1397EBE27E16D9852B52AEE9B95C6, File Extension=N/A, Object Type=N/A, sysmon-hash=SHA1=D67986B9CFE1397EBE27E16D9852B52AEE9B95C6,MD5=9578AFF0AC49AAADB5A028B9B6D13C6E,SHA256=67A0A3413A99DFFD421992E2AD6DECBF4A78C3E063F414201B5D2232AE96B0F7,IMPHASH=77838A7D26CC1C7050C41CF6165BAD0E, SHA256 Hash=67A0A3413A99DFFD421992E2AD6DECBF4A78C3E063F414201B5D2232AE96B0F7, Parent Process GUID=5E5FB9E6-F2CC-6A77-C1E4-020000003000, Integrity Level=System, sysmon-parentimage=C:\Windows\System32\cmd.exe, Description=Description: Microsoft ® Console Based Script Host Product, File Hash=D67986B9CFE1397EBE27E16D9852B52AEE9B95C6, Token Elevation Type=N/A, Message=N/A, sysmon-rulename=-, Encoded Command=N/A, Logon Account Domain=DOMAIN_0001.LOCAL, Process Name=cscript.exe, Parent Process ID=57820, sysmon-parentcommandline=C:\Windows\system32\cmd.exe /c cscript //nologo %windir%\system32\slmgr.vbs /dli 2>&1, Logon Type=N/A, sysmon-integritylevel=System, sysmon-logonguid={5E5FB9E6-DEE1-6981-E703-000000000000}, Account Security ID=S-1-5-21-0002, Share Name=N/A, Authentication Package=N/A, sysmon-processguid={5E5FB9E6-F2CC-6A77-C3E4-020000003000}, Realm=DOMAIN_0001.LOCAL, Account ID=S-1-5-21-0002, sysmon-description=Microsoft ® Console Based Script Host, Process Path=C:\Windows\System32\cscript.exe, Status Code=N/A, Product Name=Microsoft ® Windows Script Host, User Domain=DOMAIN_0001.LOCAL, Encoded Argument=N/A, Target Username=USER_0004, Event ID=1, sysmon-parentprocessid=57820, Product Company=Microsoft Corporation, sysmon-fileversion=5.812.10240.16384, sysmon-parentprocessguid={5E5FB9E6-F2CC-6A77-C1E4-020000003000}, sysmon-user=USER_0002, Command=cscript  //nologo C:\Windows\system32\slmgr.vbs /dli , sysmon-originalfilename=cscript.exe, Process ID=65640, sysmon-image=C:\Windows\System32\cscript.exe, Machine Identifier=HOST_0067, Target Account Security ID=S-1-5-21-0002, sysmon-commandline=cscript  //nologo C:\Windows\system32\slmgr.vbs /dli , Device Name=HOST_0067, IMP Hash=77838A7D26CC1C7050C41CF6165BAD0E, Current Working Directory=C:\Windows\system32\, Parent Process Path=C:\Windows\System32\cmd.exe, sysmon-terminalsessionid=0}",false,MAC_0001,MAC_0002,[REDACTED_DUPLICATE_PAYLOAD],3,27863,0,12,false,0:0:0:0:0:0:0:0,N/A,0,N/A,8110,"<13>Aug 09 10:23:57 10.0.0.27 AgentDevice=WindowsLog	AgentLogFile=Microsoft-Windows-Sysmon/Operational	PluginVersion=7.3.1.28	Source=Microsoft-Windows-Sysmon	Computer=EMR_APP_1_111	OriginatingComputer=EMR_APP_1_111	User=USER_0002	Domain=DOMAIN_0006.LOCAL	EventID=1	EventIDCode=1	EventType=4	EventCategory=1	RecordNumber=1372504055	TimeGenerated=1786245836	TimeWritten=1786245836	Level=Informational	Keywords=0x8000000000000000	Task=SysmonTask-SYSMON_CREATE_PROCESS	Opcode=Info	Message=Process Create: RuleName: - UtcTime: 2026-08-09 03:23:56.263 ProcessGuid: {5E5FB9E6-F2CC-6A77-C3E4-020000003000} ProcessId: 65640 Image: C:\Windows\System32\cscript.exe FileVersion: 5.812.10240.16384 Description: Microsoft ® Console Based Script Host Product: Microsoft ® Windows Script Host Company: Microsoft Corporation OriginalFileName: cscript.exe CommandLine: cscript  //nologo C:\Windows\system32\slmgr.vbs /dli  CurrentDirectory: C:\Windows\system32\ User: NT DOMAIN_0008.LOCAL\USER_0002 LogonGuid: {5E5FB9E6-DEE1-6981-E703-000000000000} LogonId: 0x3E7 TerminalSessionId: 0 IntegrityLevel: System Hashes: SHA1=D67986B9CFE1397EBE27E16D9852B52AEE9B95C6,MD5=9578AFF0AC49AAADB5A028B9B6D13C6E,SHA256=67A0A3413A99DFFD421992E2AD6DECBF4A78C3E063F414201B5D2232AE96B0F7,IMPHASH=77838A7D26CC1C7050C41CF6165BAD0E ParentProcessGuid: {5E5FB9E6-F2CC-6A77-C1E4-020000003000} ParentProcessId: 57820 ParentImage: C:\Windows\System32\cmd.exe ParentCommandLine: C:\Windows\system32\cmd.exe /c cscript //nologo %windir%\system32\slmgr.vbs /dli 2>&1 ",Process Creation Success,N/A,1,0,unknown,N/A,Process Create,unknown,0,null,1786245836000,255,0,false,0,"true""""",Microsoft-Windows-Sysmon/Operational,HOST_0004,The process creation event provides extended information about a newly created process.,0,1786245842005,No Offense,255,HOST_0068 @ 10.0.0.27,false,3,false,N/A,10.0.0.27,false,1786245842005,5,NETWORK_0011,43,1,0,2,-1,HOST_0004,[REDACTED_DUPLICATE_PAYLOAD],USER_0002,5001828,false,null,N/A,"10:24:02, 9 thg 8, 2026","10:23:56, 9 thg 8, 2026",MAC_0002,HOST_0046,482,0,false,10.0.0.27,0,N/A,10.0.0.3,2,"10:24:02, 9 thg 8, 2026",0:0:0:0:0:0:0:0,N/A,null,"100221,100265,109237,109187,100668,156193,146162,166362,100272,100677,134937,166353"
N/A,false,0,0,USER_0004,10.0.0.27,"{sysmon-eventid=1, Parent Process Name=HIS.exe, Pipe Name=N/A, File Directory=N/A, sysmon-processid=31628, channel=Microsoft-Windows-Sysmon/Operational, sysmon-username= DOMAIN_0071.LOCAL\USER_0030, Parent Command=""F:\Hispro\HISpro\HIS.exe"" , Object Name=N/A, Account Name=USER_0004, sysmon-currentdirectory=F:\Hispro\HISpro\, Target User Domain=DOMAIN_0001.LOCAL, Logon Account Name=USER_0004, Product Description=HLS.WCFClient, EventIDCode=1, Terminated Process Name=N/A, MD5 Hash=CC5C79BE16BFE24469D44F5B0DE46E0F, Filename=N/A, Key Length=N/A, sysmon-logonid=0x56F0A0, ProgramName=N/A, Process GUID=5E5FB9E6-F26D-6A77-C0E4-020000003000, SHA1 Hash=5819F95410DA6624FA8F214148CDC80C5901D419, File Extension=N/A, Object Type=N/A, sysmon-hash=SHA1=5819F95410DA6624FA8F214148CDC80C5901D419,MD5=CC5C79BE16BFE24469D44F5B0DE46E0F,SHA256=E8DBB3EF4534F5593EEE974CE1EB051E13D9550C13235188E25CA80833295D4C,IMPHASH=F34D5F2D4577ED6D9CEEC516C1F5A744, SHA256 Hash=E8DBB3EF4534F5593EEE974CE1EB051E13D9550C13235188E25CA80833295D4C, Parent Process GUID=5E5FB9E6-F446-6A43-98D6-010000003000, Integrity Level=High, sysmon-parentimage=F:\Hispro\HISpro\HIS.exe, Description=Description: HLS.WCFClient Product, File Hash=5819F95410DA6624FA8F214148CDC80C5901D419, Token Elevation Type=N/A, Message=N/A, sysmon-rulename=-, Encoded Command=N/A, Logon Account Domain=DOMAIN_0001.LOCAL, Process Name=HLS.WCFClient.exe, Parent Process ID=16056, sysmon-parentcommandline=""F:\Hispro\HISpro\HIS.exe"", Logon Type=N/A, sysmon-integritylevel=High, sysmon-logonguid={5E5FB9E6-E5AA-6981-A0F0-560000000000}, Account Security ID=S-1-5-21-0002, Share Name=N/A, Authentication Package=N/A, sysmon-processguid={5E5FB9E6-F26D-6A77-C0E4-020000003000}, Realm=DOMAIN_0001.LOCAL, Account ID=S-1-5-21-0002, sysmon-description=HLS.WCFClient, Process Path=F:\Hispro\HISpro\HLS.WCFClient.exe, Status Code=N/A, Product Name=HLS.WCFClient, User Domain=DOMAIN_0001.LOCAL, Encoded Argument=N/A, Target Username=USER_0004, Event ID=1, sysmon-parentprocessid=16056, Product Company=Microsoft, sysmon-fileversion=1.0.0.0, sysmon-parentprocessguid={5E5FB9E6-F446-6A43-98D6-010000003000}, sysmon-user=USER_0002, Command=""F:\Hispro\HISpro\HLS.WCFClient.exe"" |AcsBaseUri|http://10.0.0.27:1401/|SdaBaseUri|http://10.0.0.27:1410/|SarBaseUri|http://10.0.0.27:1409/|MosBaseUri|http://10.0.0.27:1408/|ApplicationCode|HIS|TokenCode|21f33f4a09f028134e479dba730560f01ca6930b3c18c05ed2bb9abbbc46b106|CacheType|1|RedisSaveType|0|PreNamespaceFolder||isReloadAllCache|0, sysmon-originalfilename=HLS.WCFClient.exe, Process ID=31628, sysmon-image=F:\Hispro\HISpro\HLS.WCFClient.exe, Machine Identifier=HOST_0067, Target Account Security ID=S-1-5-21-0002, sysmon-commandline=""F:\Hispro\HISpro\HLS.WCFClient.exe"" |AcsBaseUri|http://10.0.0.27:1401/|SdaBaseUri|http://10.0.0.27:1410/|SarBaseUri|http://10.0.0.27:1409/|MosBaseUri|http://10.0.0.27:1408/|ApplicationCode|HIS|TokenCode|21f33f4a09f028134e479dba730560f01ca6930b3c18c05ed2bb9abbbc46b106|CacheType|1|RedisSaveType|0|PreNamespaceFolder||isReloadAllCache|0, Device Name=HOST_0067, IMP Hash=F34D5F2D4577ED6D9CEEC516C1F5A744, Current Working Directory=F:\Hispro\HISpro\, Parent Process Path=F:\Hispro\HISpro\HIS.exe, sysmon-terminalsessionid=2}",false,MAC_0001,MAC_0002,[REDACTED_DUPLICATE_PAYLOAD],3,27863,0,12,false,0:0:0:0:0:0:0:0,N/A,0,N/A,8110,"<13>Aug 09 10:22:24 10.0.0.27 AgentDevice=WindowsLog	AgentLogFile=Microsoft-Windows-Sysmon/Operational	PluginVersion=7.3.1.28	Source=Microsoft-Windows-Sysmon	Computer=EMR_APP_1_111	OriginatingComputer=EMR_APP_1_111	User=USER_0002	Domain=DOMAIN_0006.LOCAL	EventID=1	EventIDCode=1	EventType=4	EventCategory=1	RecordNumber=1372501666	TimeGenerated=1786245741	TimeWritten=1786245741	Level=Informational	Keywords=0x8000000000000000	Task=SysmonTask-SYSMON_CREATE_PROCESS	Opcode=Info	Message=Process Create: RuleName: - UtcTime: 2026-08-09 03:22:21.161 ProcessGuid: {5E5FB9E6-F26D-6A77-C0E4-020000003000} ProcessId: 31628 Image: F:\Hispro\HISpro\HLS.WCFClient.exe FileVersion: 203.0.0.12 Description: HLS.WCFClient Product: HLS.WCFClient Company: Microsoft OriginalFileName: HLS.WCFClient.exe CommandLine: ""F:\Hispro\HISpro\HLS.WCFClient.exe"" |AcsBaseUri|http://10.0.0.27:1401/|SdaBaseUri|http://10.0.0.27:1410/|SarBaseUri|http://10.0.0.27:1409/|MosBaseUri|http://10.0.0.27:1408/|ApplicationCode|HIS|TokenCode|21f33f4a09f028134e479dba730560f01ca6930b3c18c05ed2bb9abbbc46b106|CacheType|1|RedisSaveType|0|PreNamespaceFolder||isReloadAllCache|0 CurrentDirectory: F:\Hispro\HISpro\ User: DOMAIN_0071.LOCAL\USER_0030 LogonGuid: {5E5FB9E6-E5AA-6981-A0F0-560000000000} LogonId: 0x56F0A0 TerminalSessionId: 2 IntegrityLevel: High Hashes: SHA1=5819F95410DA6624FA8F214148CDC80C5901D419,MD5=CC5C79BE16BFE24469D44F5B0DE46E0F,SHA256=E8DBB3EF4534F5593EEE974CE1EB051E13D9550C13235188E25CA80833295D4C,IMPHASH=F34D5F2D4577ED6D9CEEC516C1F5A744 ParentProcessGuid: {5E5FB9E6-F446-6A43-98D6-010000003000} ParentProcessId: 16056 ParentImage: F:\Hispro\HISpro\HIS.exe ParentCommandLine: ""F:\Hispro\HISpro\HIS.exe""  ",Process Creation Success,N/A,1,0,unknown,N/A,Process Create,unknown,0,null,1786245741000,255,0,false,0,"true""""",Microsoft-Windows-Sysmon/Operational,HOST_0004,The process creation event provides extended information about a newly created process.,0,1786245746110,No Offense,255,HOST_0068 @ 10.0.0.27,false,3,false,N/A,10.0.0.27,false,1786245746110,5,NETWORK_0011,43,1,0,2,-1,HOST_0004,[REDACTED_DUPLICATE_PAYLOAD],USER_0002,5001828,false,null,N/A,"10:22:26, 9 thg 8, 2026","10:22:21, 9 thg 8, 2026",MAC_0002,HOST_0046,482,0,false,10.0.0.27,0,N/A,10.0.0.3,1,"10:22:26, 9 thg 8, 2026",0:0:0:0:0:0:0:0,N/A,null,"100221,100265,109237,109187,156193,166362,100272,134937,166353"
N/A,false,0,0,USER_0004,10.0.0.27,"{sysmon-eventid=1, Parent Process Name=HIS.exe, Pipe Name=N/A, File Directory=N/A, sysmon-processid=65892, channel=Microsoft-Windows-Sysmon/Operational, sysmon-username= DOMAIN_0071.LOCAL\USER_0030, Parent Command=""F:\Hispro\HISpro\HIS.exe"" , Object Name=N/A, Account Name=USER_0004, sysmon-currentdirectory=F:\Hispro\HISpro\, Target User Domain=DOMAIN_0001.LOCAL, Logon Account Name=USER_0004, Product Description=HLS.WCFClient, EventIDCode=1, Terminated Process Name=N/A, MD5 Hash=CC5C79BE16BFE24469D44F5B0DE46E0F, Filename=N/A, Key Length=N/A, sysmon-logonid=0x56F0A0, ProgramName=N/A, Process GUID=5E5FB9E6-F19F-6A77-BFE4-020000003000, SHA1 Hash=5819F95410DA6624FA8F214148CDC80C5901D419, File Extension=N/A, Object Type=N/A, sysmon-hash=SHA1=5819F95410DA6624FA8F214148CDC80C5901D419,MD5=CC5C79BE16BFE24469D44F5B0DE46E0F,SHA256=E8DBB3EF4534F5593EEE974CE1EB051E13D9550C13235188E25CA80833295D4C,IMPHASH=F34D5F2D4577ED6D9CEEC516C1F5A744, SHA256 Hash=E8DBB3EF4534F5593EEE974CE1EB051E13D9550C13235188E25CA80833295D4C, Parent Process GUID=5E5FB9E6-F446-6A43-98D6-010000003000, Integrity Level=High, sysmon-parentimage=F:\Hispro\HISpro\HIS.exe, Description=Description: HLS.WCFClient Product, File Hash=5819F95410DA6624FA8F214148CDC80C5901D419, Token Elevation Type=N/A, Message=N/A, sysmon-rulename=-, Encoded Command=N/A, Logon Account Domain=DOMAIN_0001.LOCAL, Process Name=HLS.WCFClient.exe, Parent Process ID=16056, sysmon-parentcommandline=""F:\Hispro\HISpro\HIS.exe"", Logon Type=N/A, sysmon-integritylevel=High, sysmon-logonguid={5E5FB9E6-E5AA-6981-A0F0-560000000000}, Account Security ID=S-1-5-21-0002, Share Name=N/A, Authentication Package=N/A, sysmon-processguid={5E5FB9E6-F19F-6A77-BFE4-020000003000}, Realm=DOMAIN_0001.LOCAL, Account ID=S-1-5-21-0002, sysmon-description=HLS.WCFClient, Process Path=F:\Hispro\HISpro\HLS.WCFClient.exe, Status Code=N/A, Product Name=HLS.WCFClient, User Domain=DOMAIN_0001.LOCAL, Encoded Argument=N/A, Target Username=USER_0004, Event ID=1, sysmon-parentprocessid=16056, Product Company=Microsoft, sysmon-fileversion=1.0.0.0, sysmon-parentprocessguid={5E5FB9E6-F446-6A43-98D6-010000003000}, sysmon-user=USER_0002, Command=""F:\Hispro\HISpro\HLS.WCFClient.exe"" |AcsBaseUri|http://10.0.0.27:1401/|SdaBaseUri|http://10.0.0.27:1410/|SarBaseUri|http://10.0.0.27:1409/|MosBaseUri|http://10.0.0.27:1408/|ApplicationCode|HIS|TokenCode|21f33f4a09f028134e479dba730560f01ca6930b3c18c05ed2bb9abbbc46b106|CacheType|1|RedisSaveType|0|PreNamespaceFolder||isReloadAllCache|0, sysmon-originalfilename=HLS.WCFClient.exe, Process ID=65892, sysmon-image=F:\Hispro\HISpro\HLS.WCFClient.exe, Machine Identifier=HOST_0067, Target Account Security ID=S-1-5-21-0002, sysmon-commandline=""F:\Hispro\HISpro\HLS.WCFClient.exe"" |AcsBaseUri|http://10.0.0.27:1401/|SdaBaseUri|http://10.0.0.27:1410/|SarBaseUri|http://10.0.0.27:1409/|MosBaseUri|http://10.0.0.27:1408/|ApplicationCode|HIS|TokenCode|21f33f4a09f028134e479dba730560f01ca6930b3c18c05ed2bb9abbbc46b106|CacheType|1|RedisSaveType|0|PreNamespaceFolder||isReloadAllCache|0, Device Name=HOST_0067, IMP Hash=F34D5F2D4577ED6D9CEEC516C1F5A744, Current Working Directory=F:\Hispro\HISpro\, Parent Process Path=F:\Hispro\HISpro\HIS.exe, sysmon-terminalsessionid=2}",false,MAC_0001,MAC_0002,[REDACTED_DUPLICATE_PAYLOAD],3,27863,0,12,false,0:0:0:0:0:0:0:0,N/A,0,N/A,8110,"<13>Aug 09 10:18:57 10.0.0.27 AgentDevice=WindowsLog	AgentLogFile=Microsoft-Windows-Sysmon/Operational	PluginVersion=7.3.1.28	Source=Microsoft-Windows-Sysmon	Computer=EMR_APP_1_111	OriginatingComputer=EMR_APP_1_111	User=USER_0002	Domain=DOMAIN_0006.LOCAL	EventID=1	EventIDCode=1	EventType=4	EventCategory=1	RecordNumber=1372497194	TimeGenerated=1786245535	TimeWritten=1786245535	Level=Informational	Keywords=0x8000000000000000	Task=SysmonTask-SYSMON_CREATE_PROCESS	Opcode=Info	Message=Process Create: RuleName: - UtcTime: 2026-08-09 03:18:55.091 ProcessGuid: {5E5FB9E6-F19F-6A77-BFE4-020000003000} ProcessId: 65892 Image: F:\Hispro\HISpro\HLS.WCFClient.exe FileVersion: 203.0.0.12 Description: HLS.WCFClient Product: HLS.WCFClient Company: Microsoft OriginalFileName: HLS.WCFClient.exe CommandLine: ""F:\Hispro\HISpro\HLS.WCFClient.exe"" |AcsBaseUri|http://10.0.0.27:1401/|SdaBaseUri|http://10.0.0.27:1410/|SarBaseUri|http://10.0.0.27:1409/|MosBaseUri|http://10.0.0.27:1408/|ApplicationCode|HIS|TokenCode|21f33f4a09f028134e479dba730560f01ca6930b3c18c05ed2bb9abbbc46b106|CacheType|1|RedisSaveType|0|PreNamespaceFolder||isReloadAllCache|0 CurrentDirectory: F:\Hispro\HISpro\ User: DOMAIN_0071.LOCAL\USER_0030 LogonGuid: {5E5FB9E6-E5AA-6981-A0F0-560000000000} LogonId: 0x56F0A0 TerminalSessionId: 2 IntegrityLevel: High Hashes: SHA1=5819F95410DA6624FA8F214148CDC80C5901D419,MD5=CC5C79BE16BFE24469D44F5B0DE46E0F,SHA256=E8DBB3EF4534F5593EEE974CE1EB051E13D9550C13235188E25CA80833295D4C,IMPHASH=F34D5F2D4577ED6D9CEEC516C1F5A744 ParentProcessGuid: {5E5FB9E6-F446-6A43-98D6-010000003000} ParentProcessId: 16056 ParentImage: F:\Hispro\HISpro\HIS.exe ParentCommandLine: ""F:\Hispro\HISpro\HIS.exe""  ",Process Creation Success,N/A,1,0,unknown,N/A,Process Create,unknown,0,null,1786245535000,255,0,false,0,"true""""",Microsoft-Windows-Sysmon/Operational,HOST_0004,The process creation event provides extended information about a newly created process.,0,1786245544997,No Offense,255,HOST_0068 @ 10.0.0.27,false,3,false,N/A,10.0.0.27,false,1786245544997,5,NETWORK_0011,43,1,0,2,-1,HOST_0004,[REDACTED_DUPLICATE_PAYLOAD],USER_0002,5001828,false,null,N/A,"10:19:04, 9 thg 8, 2026","10:18:55, 9 thg 8, 2026",MAC_0002,HOST_0046,482,0,false,10.0.0.27,0,N/A,10.0.0.3,3,"10:19:04, 9 thg 8, 2026",0:0:0:0:0:0:0:0,N/A,null,"100221,100265,109237,109187,156193,166362,100272,134937,166353"
N/A,false,0,0,USER_0004,10.0.0.27,"{sysmon-eventid=1, Parent Process Name=HIS.exe, Pipe Name=N/A, File Directory=N/A, sysmon-processid=66476, channel=Microsoft-Windows-Sysmon/Operational, sysmon-username= DOMAIN_0071.LOCAL\USER_0030, Parent Command=""F:\Hispro\HISpro\HIS.exe"" , Object Name=N/A, Account Name=USER_0004, sysmon-currentdirectory=F:\Hispro\HISpro\, Target User Domain=DOMAIN_0001.LOCAL, Logon Account Name=USER_0004, Product Description=HLS.WCFClient, EventIDCode=1, Terminated Process Name=N/A, MD5 Hash=CC5C79BE16BFE24469D44F5B0DE46E0F, Filename=N/A, Key Length=N/A, sysmon-logonid=0x56F0A0, ProgramName=N/A, Process GUID=5E5FB9E6-F0D1-6A77-BBE4-020000003000, SHA1 Hash=5819F95410DA6624FA8F214148CDC80C5901D419, File Extension=N/A, Object Type=N/A, sysmon-hash=SHA1=5819F95410DA6624FA8F214148CDC80C5901D419,MD5=CC5C79BE16BFE24469D44F5B0DE46E0F,SHA256=E8DBB3EF4534F5593EEE974CE1EB051E13D9550C13235188E25CA80833295D4C,IMPHASH=F34D5F2D4577ED6D9CEEC516C1F5A744, SHA256 Hash=E8DBB3EF4534F5593EEE974CE1EB051E13D9550C13235188E25CA80833295D4C, Parent Process GUID=5E5FB9E6-F446-6A43-98D6-010000003000, Integrity Level=High, sysmon-parentimage=F:\Hispro\HISpro\HIS.exe, Description=Description: HLS.WCFClient Product, File Hash=5819F95410DA6624FA8F214148CDC80C5901D419, Token Elevation Type=N/A, Message=N/A, sysmon-rulename=-, Encoded Command=N/A, Logon Account Domain=DOMAIN_0001.LOCAL, Process Name=HLS.WCFClient.exe, Parent Process ID=16056, sysmon-parentcommandline=""F:\Hispro\HISpro\HIS.exe"", Logon Type=N/A, sysmon-integritylevel=High, sysmon-logonguid={5E5FB9E6-E5AA-6981-A0F0-560000000000}, Account Security ID=S-1-5-21-0002, Share Name=N/A, Authentication Package=N/A, sysmon-processguid={5E5FB9E6-F0D1-6A77-BBE4-020000003000}, Realm=DOMAIN_0001.LOCAL, Account ID=S-1-5-21-0002, sysmon-description=HLS.WCFClient, Process Path=F:\Hispro\HISpro\HLS.WCFClient.exe, Status Code=N/A, Product Name=HLS.WCFClient, User Domain=DOMAIN_0001.LOCAL, Encoded Argument=N/A, Target Username=USER_0004, Event ID=1, sysmon-parentprocessid=16056, Product Company=Microsoft, sysmon-fileversion=1.0.0.0, sysmon-parentprocessguid={5E5FB9E6-F446-6A43-98D6-010000003000}, sysmon-user=USER_0002, Command=""F:\Hispro\HISpro\HLS.WCFClient.exe"" |AcsBaseUri|http://10.0.0.27:1401/|SdaBaseUri|http://10.0.0.27:1410/|SarBaseUri|http://10.0.0.27:1409/|MosBaseUri|http://10.0.0.27:1408/|ApplicationCode|HIS|TokenCode|21f33f4a09f028134e479dba730560f01ca6930b3c18c05ed2bb9abbbc46b106|CacheType|1|RedisSaveType|0|PreNamespaceFolder||isReloadAllCache|0, sysmon-originalfilename=HLS.WCFClient.exe, Process ID=66476, sysmon-image=F:\Hispro\HISpro\HLS.WCFClient.exe, Machine Identifier=HOST_0067, Target Account Security ID=S-1-5-21-0002, sysmon-commandline=""F:\Hispro\HISpro\HLS.WCFClient.exe"" |AcsBaseUri|http://10.0.0.27:1401/|SdaBaseUri|http://10.0.0.27:1410/|SarBaseUri|http://10.0.0.27:1409/|MosBaseUri|http://10.0.0.27:1408/|ApplicationCode|HIS|TokenCode|21f33f4a09f028134e479dba730560f01ca6930b3c18c05ed2bb9abbbc46b106|CacheType|1|RedisSaveType|0|PreNamespaceFolder||isReloadAllCache|0, Device Name=HOST_0067, IMP Hash=F34D5F2D4577ED6D9CEEC516C1F5A744, Current Working Directory=F:\Hispro\HISpro\, Parent Process Path=F:\Hispro\HISpro\HIS.exe, sysmon-terminalsessionid=2}",false,MAC_0001,MAC_0002,[REDACTED_DUPLICATE_PAYLOAD],3,27863,0,12,false,0:0:0:0:0:0:0:0,N/A,0,N/A,8110,"<13>Aug 09 10:15:30 10.0.0.27 AgentDevice=WindowsLog	AgentLogFile=Microsoft-Windows-Sysmon/Operational	PluginVersion=7.3.1.28	Source=Microsoft-Windows-Sysmon	Computer=EMR_APP_1_111	OriginatingComputer=EMR_APP_1_111	User=USER_0002	Domain=DOMAIN_0006.LOCAL	EventID=1	EventIDCode=1	EventType=4	EventCategory=1	RecordNumber=1372492616	TimeGenerated=1786245329	TimeWritten=1786245329	Level=Informational	Keywords=0x8000000000000000	Task=SysmonTask-SYSMON_CREATE_PROCESS	Opcode=Info	Message=Process Create: RuleName: - UtcTime: 2026-08-09 03:15:29.023 ProcessGuid: {5E5FB9E6-F0D1-6A77-BBE4-020000003000} ProcessId: 66476 Image: F:\Hispro\HISpro\HLS.WCFClient.exe FileVersion: 203.0.0.12 Description: HLS.WCFClient Product: HLS.WCFClient Company: Microsoft OriginalFileName: HLS.WCFClient.exe CommandLine: ""F:\Hispro\HISpro\HLS.WCFClient.exe"" |AcsBaseUri|http://10.0.0.27:1401/|SdaBaseUri|http://10.0.0.27:1410/|SarBaseUri|http://10.0.0.27:1409/|MosBaseUri|http://10.0.0.27:1408/|ApplicationCode|HIS|TokenCode|21f33f4a09f028134e479dba730560f01ca6930b3c18c05ed2bb9abbbc46b106|CacheType|1|RedisSaveType|0|PreNamespaceFolder||isReloadAllCache|0 CurrentDirectory: F:\Hispro\HISpro\ User: DOMAIN_0071.LOCAL\USER_0030 LogonGuid: {5E5FB9E6-E5AA-6981-A0F0-560000000000} LogonId: 0x56F0A0 TerminalSessionId: 2 IntegrityLevel: High Hashes: SHA1=5819F95410DA6624FA8F214148CDC80C5901D419,MD5=CC5C79BE16BFE24469D44F5B0DE46E0F,SHA256=E8DBB3EF4534F5593EEE974CE1EB051E13D9550C13235188E25CA80833295D4C,IMPHASH=F34D5F2D4577ED6D9CEEC516C1F5A744 ParentProcessGuid: {5E5FB9E6-F446-6A43-98D6-010000003000} ParentProcessId: 16056 ParentImage: F:\Hispro\HISpro\HIS.exe ParentCommandLine: ""F:\Hispro\HISpro\HIS.exe""  ",Process Creation Success,N/A,1,0,unknown,N/A,Process Create,unknown,0,null,1786245329000,255,0,false,0,"true""""",Microsoft-Windows-Sysmon/Operational,HOST_0004,The process creation event provides extended information about a newly created process.,0,1786245334107,No Offense,255,HOST_0068 @ 10.0.0.27,false,3,false,N/A,10.0.0.27,false,1786245334107,5,NETWORK_0011,43,1,0,2,-1,HOST_0004,[REDACTED_DUPLICATE_PAYLOAD],USER_0002,5001828,false,null,N/A,"10:15:34, 9 thg 8, 2026","10:15:29, 9 thg 8, 2026",MAC_0002,HOST_0046,482,0,false,10.0.0.27,0,N/A,10.0.0.3,1,"10:15:34, 9 thg 8, 2026",0:0:0:0:0:0:0:0,N/A,null,"100221,100265,109237,109187,156193,166362,100272,134937,166353"
N/A,false,0,0,USER_0004,10.0.0.27,"{sysmon-eventid=1, Parent Process Name=cmd.exe, Pipe Name=N/A, File Directory=N/A, sysmon-processid=64368, channel=Microsoft-Windows-Sysmon/Operational, sysmon-username= NT DOMAIN_0008.LOCAL\USER_0002, Parent Command=C:\Windows\system32\cmd.exe /c cscript //nologo %windir%\system32\slmgr.vbs /dli 2>&1, Object Name=N/A, Account Name=USER_0004, sysmon-currentdirectory=C:\Windows\system32\, Target User Domain=DOMAIN_0001.LOCAL, Logon Account Name=USER_0004, Product Description=Microsoft ® Console Based Script Host, EventIDCode=1, Terminated Process Name=N/A, MD5 Hash=9578AFF0AC49AAADB5A028B9B6D13C6E, Filename=N/A, Key Length=N/A, sysmon-logonid=0x3E7, ProgramName=N/A, Process GUID=5E5FB9E6-F070-6A77-BAE4-020000003000, SHA1 Hash=D67986B9CFE1397EBE27E16D9852B52AEE9B95C6, File Extension=N/A, Object Type=N/A, sysmon-hash=SHA1=D67986B9CFE1397EBE27E16D9852B52AEE9B95C6,MD5=9578AFF0AC49AAADB5A028B9B6D13C6E,SHA256=67A0A3413A99DFFD421992E2AD6DECBF4A78C3E063F414201B5D2232AE96B0F7,IMPHASH=77838A7D26CC1C7050C41CF6165BAD0E, SHA256 Hash=67A0A3413A99DFFD421992E2AD6DECBF4A78C3E063F414201B5D2232AE96B0F7, Parent Process GUID=5E5FB9E6-F070-6A77-B8E4-020000003000, Integrity Level=System, sysmon-parentimage=C:\Windows\System32\cmd.exe, Description=Description: Microsoft ® Console Based Script Host Product, File Hash=D67986B9CFE1397EBE27E16D9852B52AEE9B95C6, Token Elevation Type=N/A, Message=N/A, sysmon-rulename=-, Encoded Command=N/A, Logon Account Domain=DOMAIN_0001.LOCAL, Process Name=cscript.exe, Parent Process ID=39428, sysmon-parentcommandline=C:\Windows\system32\cmd.exe /c cscript //nologo %windir%\system32\slmgr.vbs /dli 2>&1, Logon Type=N/A, sysmon-integritylevel=System, sysmon-logonguid={5E5FB9E6-DEE1-6981-E703-000000000000}, Account Security ID=S-1-5-21-0002, Share Name=N/A, Authentication Package=N/A, sysmon-processguid={5E5FB9E6-F070-6A77-BAE4-020000003000}, Realm=DOMAIN_0001.LOCAL, Account ID=S-1-5-21-0002, sysmon-description=Microsoft ® Console Based Script Host, Process Path=C:\Windows\System32\cscript.exe, Status Code=N/A, Product Name=Microsoft ® Windows Script Host, User Domain=DOMAIN_0001.LOCAL, Encoded Argument=N/A, Target Username=USER_0004, Event ID=1, sysmon-parentprocessid=39428, Product Company=Microsoft Corporation, sysmon-fileversion=5.812.10240.16384, sysmon-parentprocessguid={5E5FB9E6-F070-6A77-B8E4-020000003000}, sysmon-user=USER_0002, Command=cscript  //nologo C:\Windows\system32\slmgr.vbs /dli , sysmon-originalfilename=cscript.exe, Process ID=64368, sysmon-image=C:\Windows\System32\cscript.exe, Machine Identifier=HOST_0067, Target Account Security ID=S-1-5-21-0002, sysmon-commandline=cscript  //nologo C:\Windows\system32\slmgr.vbs /dli , Device Name=HOST_0067, IMP Hash=77838A7D26CC1C7050C41CF6165BAD0E, Current Working Directory=C:\Windows\system32\, Parent Process Path=C:\Windows\System32\cmd.exe, sysmon-terminalsessionid=0}",false,MAC_0001,MAC_0002,[REDACTED_DUPLICATE_PAYLOAD],3,27863,0,12,false,0:0:0:0:0:0:0:0,N/A,0,N/A,8110,"<13>Aug 09 10:13:54 10.0.0.27 AgentDevice=WindowsLog	AgentLogFile=Microsoft-Windows-Sysmon/Operational	PluginVersion=7.3.1.28	Source=Microsoft-Windows-Sysmon	Computer=EMR_APP_1_111	OriginatingComputer=EMR_APP_1_111	User=USER_0002	Domain=DOMAIN_0006.LOCAL	EventID=1	EventIDCode=1	EventType=4	EventCategory=1	RecordNumber=1372490474	TimeGenerated=1786245232	TimeWritten=1786245232	Level=Informational	Keywords=0x8000000000000000	Task=SysmonTask-SYSMON_CREATE_PROCESS	Opcode=Info	Message=Process Create: RuleName: - UtcTime: 2026-08-09 03:13:52.525 ProcessGuid: {5E5FB9E6-F070-6A77-BAE4-020000003000} ProcessId: 64368 Image: C:\Windows\System32\cscript.exe FileVersion: 5.812.10240.16384 Description: Microsoft ® Console Based Script Host Product: Microsoft ® Windows Script Host Company: Microsoft Corporation OriginalFileName: cscript.exe CommandLine: cscript  //nologo C:\Windows\system32\slmgr.vbs /dli  CurrentDirectory: C:\Windows\system32\ User: NT DOMAIN_0008.LOCAL\USER_0002 LogonGuid: {5E5FB9E6-DEE1-6981-E703-000000000000} LogonId: 0x3E7 TerminalSessionId: 0 IntegrityLevel: System Hashes: SHA1=D67986B9CFE1397EBE27E16D9852B52AEE9B95C6,MD5=9578AFF0AC49AAADB5A028B9B6D13C6E,SHA256=67A0A3413A99DFFD421992E2AD6DECBF4A78C3E063F414201B5D2232AE96B0F7,IMPHASH=77838A7D26CC1C7050C41CF6165BAD0E ParentProcessGuid: {5E5FB9E6-F070-6A77-B8E4-020000003000} ParentProcessId: 39428 ParentImage: C:\Windows\System32\cmd.exe ParentCommandLine: C:\Windows\system32\cmd.exe /c cscript //nologo %windir%\system32\slmgr.vbs /dli 2>&1 ",Process Creation Success,N/A,1,0,unknown,N/A,Process Create,unknown,0,null,1786245232000,255,0,false,0,"true""""",Microsoft-Windows-Sysmon/Operational,HOST_0004,The process creation event provides extended information about a newly created process.,0,1786245238995,No Offense,255,HOST_0068 @ 10.0.0.27,false,3,false,N/A,10.0.0.27,false,1786245298995,5,NETWORK_0011,43,1,0,2,-1,HOST_0004,[REDACTED_DUPLICATE_PAYLOAD],USER_0002,5001828,false,null,N/A,"10:13:58, 9 thg 8, 2026","10:13:52, 9 thg 8, 2026",MAC_0002,HOST_0046,482,0,false,10.0.0.27,0,N/A,10.0.0.3,2,"10:14:58, 9 thg 8, 2026",0:0:0:0:0:0:0:0,N/A,null,"100221,100265,109237,109187,100668,156193,146162,166362,100272,100677,134937,166353"
N/A,false,0,0,USER_0004,10.0.0.27,"{sysmon-eventid=1, Parent Process Name=HIS.exe, Pipe Name=N/A, File Directory=N/A, sysmon-processid=64972, channel=Microsoft-Windows-Sysmon/Operational, sysmon-username= DOMAIN_0071.LOCAL\USER_0030, Parent Command=""F:\Hispro\HISpro\HIS.exe"" , Object Name=N/A, Account Name=USER_0004, sysmon-currentdirectory=F:\Hispro\HISpro\, Target User Domain=DOMAIN_0001.LOCAL, Logon Account Name=USER_0004, Product Description=HLS.WCFClient, EventIDCode=1, Terminated Process Name=N/A, MD5 Hash=CC5C79BE16BFE24469D44F5B0DE46E0F, Filename=N/A, Key Length=N/A, sysmon-logonid=0x56F0A0, ProgramName=N/A, Process GUID=5E5FB9E6-F002-6A77-B7E4-020000003000, SHA1 Hash=5819F95410DA6624FA8F214148CDC80C5901D419, File Extension=N/A, Object Type=N/A, sysmon-hash=SHA1=5819F95410DA6624FA8F214148CDC80C5901D419,MD5=CC5C79BE16BFE24469D44F5B0DE46E0F,SHA256=E8DBB3EF4534F5593EEE974CE1EB051E13D9550C13235188E25CA80833295D4C,IMPHASH=F34D5F2D4577ED6D9CEEC516C1F5A744, SHA256 Hash=E8DBB3EF4534F5593EEE974CE1EB051E13D9550C13235188E25CA80833295D4C, Parent Process GUID=5E5FB9E6-F446-6A43-98D6-010000003000, Integrity Level=High, sysmon-parentimage=F:\Hispro\HISpro\HIS.exe, Description=Description: HLS.WCFClient Product, File Hash=5819F95410DA6624FA8F214148CDC80C5901D419, Token Elevation Type=N/A, Message=N/A, sysmon-rulename=-, Encoded Command=N/A, Logon Account Domain=DOMAIN_0001.LOCAL, Process Name=HLS.WCFClient.exe, Parent Process ID=16056, sysmon-parentcommandline=""F:\Hispro\HISpro\HIS.exe"", Logon Type=N/A, sysmon-integritylevel=High, sysmon-logonguid={5E5FB9E6-E5AA-6981-A0F0-560000000000}, Account Security ID=S-1-5-21-0002, Share Name=N/A, Authentication Package=N/A, sysmon-processguid={5E5FB9E6-F002-6A77-B7E4-020000003000}, Realm=DOMAIN_0001.LOCAL, Account ID=S-1-5-21-0002, sysmon-description=HLS.WCFClient, Process Path=F:\Hispro\HISpro\HLS.WCFClient.exe, Status Code=N/A, Product Name=HLS.WCFClient, User Domain=DOMAIN_0001.LOCAL, Encoded Argument=N/A, Target Username=USER_0004, Event ID=1, sysmon-parentprocessid=16056, Product Company=Microsoft, sysmon-fileversion=1.0.0.0, sysmon-parentprocessguid={5E5FB9E6-F446-6A43-98D6-010000003000}, sysmon-user=USER_0002, Command=""F:\Hispro\HISpro\HLS.WCFClient.exe"" |AcsBaseUri|http://10.0.0.27:1401/|SdaBaseUri|http://10.0.0.27:1410/|SarBaseUri|http://10.0.0.27:1409/|MosBaseUri|http://10.0.0.27:1408/|ApplicationCode|HIS|TokenCode|21f33f4a09f028134e479dba730560f01ca6930b3c18c05ed2bb9abbbc46b106|CacheType|1|RedisSaveType|0|PreNamespaceFolder||isReloadAllCache|0, sysmon-originalfilename=HLS.WCFClient.exe, Process ID=64972, sysmon-image=F:\Hispro\HISpro\HLS.WCFClient.exe, Machine Identifier=HOST_0067, Target Account Security ID=S-1-5-21-0002, sysmon-commandline=""F:\Hispro\HISpro\HLS.WCFClient.exe"" |AcsBaseUri|http://10.0.0.27:1401/|SdaBaseUri|http://10.0.0.27:1410/|SarBaseUri|http://10.0.0.27:1409/|MosBaseUri|http://10.0.0.27:1408/|ApplicationCode|HIS|TokenCode|21f33f4a09f028134e479dba730560f01ca6930b3c18c05ed2bb9abbbc46b106|CacheType|1|RedisSaveType|0|PreNamespaceFolder||isReloadAllCache|0, Device Name=HOST_0067, IMP Hash=F34D5F2D4577ED6D9CEEC516C1F5A744, Current Working Directory=F:\Hispro\HISpro\, Parent Process Path=F:\Hispro\HISpro\HIS.exe, sysmon-terminalsessionid=2}",false,MAC_0001,MAC_0002,[REDACTED_DUPLICATE_PAYLOAD],3,27863,0,12,false,0:0:0:0:0:0:0:0,N/A,0,N/A,8110,"<13>Aug 09 10:12:03 10.0.0.27 AgentDevice=WindowsLog	AgentLogFile=Microsoft-Windows-Sysmon/Operational	PluginVersion=7.3.1.28	Source=Microsoft-Windows-Sysmon	Computer=EMR_APP_1_111	OriginatingComputer=EMR_APP_1_111	User=USER_0002	Domain=DOMAIN_0006.LOCAL	EventID=1	EventIDCode=1	EventType=4	EventCategory=1	RecordNumber=1372488089	TimeGenerated=1786245122	TimeWritten=1786245122	Level=Informational	Keywords=0x8000000000000000	Task=SysmonTask-SYSMON_CREATE_PROCESS	Opcode=Info	Message=Process Create: RuleName: - UtcTime: 2026-08-09 03:12:02.944 ProcessGuid: {5E5FB9E6-F002-6A77-B7E4-020000003000} ProcessId: 64972 Image: F:\Hispro\HISpro\HLS.WCFClient.exe FileVersion: 203.0.0.12 Description: HLS.WCFClient Product: HLS.WCFClient Company: Microsoft OriginalFileName: HLS.WCFClient.exe CommandLine: ""F:\Hispro\HISpro\HLS.WCFClient.exe"" |AcsBaseUri|http://10.0.0.27:1401/|SdaBaseUri|http://10.0.0.27:1410/|SarBaseUri|http://10.0.0.27:1409/|MosBaseUri|http://10.0.0.27:1408/|ApplicationCode|HIS|TokenCode|21f33f4a09f028134e479dba730560f01ca6930b3c18c05ed2bb9abbbc46b106|CacheType|1|RedisSaveType|0|PreNamespaceFolder||isReloadAllCache|0 CurrentDirectory: F:\Hispro\HISpro\ User: DOMAIN_0071.LOCAL\USER_0030 LogonGuid: {5E5FB9E6-E5AA-6981-A0F0-560000000000} LogonId: 0x56F0A0 TerminalSessionId: 2 IntegrityLevel: High Hashes: SHA1=5819F95410DA6624FA8F214148CDC80C5901D419,MD5=CC5C79BE16BFE24469D44F5B0DE46E0F,SHA256=E8DBB3EF4534F5593EEE974CE1EB051E13D9550C13235188E25CA80833295D4C,IMPHASH=F34D5F2D4577ED6D9CEEC516C1F5A744 ParentProcessGuid: {5E5FB9E6-F446-6A43-98D6-010000003000} ParentProcessId: 16056 ParentImage: F:\Hispro\HISpro\HIS.exe ParentCommandLine: ""F:\Hispro\HISpro\HIS.exe""  ",Process Creation Success,N/A,1,0,unknown,N/A,Process Create,unknown,0,null,1786245122000,255,0,false,0,"true""""",Microsoft-Windows-Sysmon/Operational,HOST_0004,The process creation event provides extended information about a newly created process.,0,1786245132989,No Offense,255,HOST_0068 @ 10.0.0.27,false,3,false,N/A,10.0.0.27,false,1786245132989,5,NETWORK_0011,43,1,0,2,-1,HOST_0004,[REDACTED_DUPLICATE_PAYLOAD],USER_0002,5001828,false,null,N/A,"10:12:12, 9 thg 8, 2026","10:12:02, 9 thg 8, 2026",MAC_0002,HOST_0046,482,0,false,10.0.0.27,0,N/A,10.0.0.3,1,"10:12:12, 9 thg 8, 2026",0:0:0:0:0:0:0:0,N/A,null,"100221,100265,109237,109187,156193,166362,100272,134937,166353"
N/A,false,0,0,USER_0004,10.0.0.27,"{sysmon-eventid=1, Parent Process Name=cmd.exe, Pipe Name=N/A, File Directory=N/A, sysmon-processid=51824, channel=Microsoft-Windows-Sysmon/Operational, sysmon-username= NT DOMAIN_0008.LOCAL\USER_0002, Parent Command=C:\Windows\system32\cmd.exe /c cscript //nologo %windir%\system32\slmgr.vbs /dli 2>&1, Object Name=N/A, Account Name=USER_0004, sysmon-currentdirectory=C:\Windows\system32\, Target User Domain=DOMAIN_0001.LOCAL, Logon Account Name=USER_0004, Product Description=Microsoft ® Console Based Script Host, EventIDCode=1, Terminated Process Name=N/A, MD5 Hash=9578AFF0AC49AAADB5A028B9B6D13C6E, Filename=N/A, Key Length=N/A, sysmon-logonid=0x3E7, ProgramName=N/A, Process GUID=5E5FB9E6-EF42-6A77-B6E4-020000003000, SHA1 Hash=D67986B9CFE1397EBE27E16D9852B52AEE9B95C6, File Extension=N/A, Object Type=N/A, sysmon-hash=SHA1=D67986B9CFE1397EBE27E16D9852B52AEE9B95C6,MD5=9578AFF0AC49AAADB5A028B9B6D13C6E,SHA256=67A0A3413A99DFFD421992E2AD6DECBF4A78C3E063F414201B5D2232AE96B0F7,IMPHASH=77838A7D26CC1C7050C41CF6165BAD0E, SHA256 Hash=67A0A3413A99DFFD421992E2AD6DECBF4A78C3E063F414201B5D2232AE96B0F7, Parent Process GUID=5E5FB9E6-EF42-6A77-B4E4-020000003000, Integrity Level=System, sysmon-parentimage=C:\Windows\System32\cmd.exe, Description=Description: Microsoft ® Console Based Script Host Product, File Hash=D67986B9CFE1397EBE27E16D9852B52AEE9B95C6, Token Elevation Type=N/A, Message=N/A, sysmon-rulename=-, Encoded Command=N/A, Logon Account Domain=DOMAIN_0001.LOCAL, Process Name=cscript.exe, Parent Process ID=56964, sysmon-parentcommandline=C:\Windows\system32\cmd.exe /c cscript //nologo %windir%\system32\slmgr.vbs /dli 2>&1, Logon Type=N/A, sysmon-integritylevel=System, sysmon-logonguid={5E5FB9E6-DEE1-6981-E703-000000000000}, Account Security ID=S-1-5-21-0002, Share Name=N/A, Authentication Package=N/A, sysmon-processguid={5E5FB9E6-EF42-6A77-B6E4-020000003000}, Realm=DOMAIN_0001.LOCAL, Account ID=S-1-5-21-0002, sysmon-description=Microsoft ® Console Based Script Host, Process Path=C:\Windows\System32\cscript.exe, Status Code=N/A, Product Name=Microsoft ® Windows Script Host, User Domain=DOMAIN_0001.LOCAL, Encoded Argument=N/A, Target Username=USER_0004, Event ID=1, sysmon-parentprocessid=56964, Product Company=Microsoft Corporation, sysmon-fileversion=5.812.10240.16384, sysmon-parentprocessguid={5E5FB9E6-EF42-6A77-B4E4-020000003000}, sysmon-user=USER_0002, Command=cscript  //nologo C:\Windows\system32\slmgr.vbs /dli , sysmon-originalfilename=cscript.exe, Process ID=51824, sysmon-image=C:\Windows\System32\cscript.exe, Machine Identifier=HOST_0067, Target Account Security ID=S-1-5-21-0002, sysmon-commandline=cscript  //nologo C:\Windows\system32\slmgr.vbs /dli , Device Name=HOST_0067, IMP Hash=77838A7D26CC1C7050C41CF6165BAD0E, Current Working Directory=C:\Windows\system32\, Parent Process Path=C:\Windows\System32\cmd.exe, sysmon-terminalsessionid=0}",false,MAC_0001,MAC_0002,[REDACTED_DUPLICATE_PAYLOAD],3,27863,0,12,false,0:0:0:0:0:0:0:0,N/A,0,N/A,8110,"<13>Aug 09 10:08:51 10.0.0.27 AgentDevice=WindowsLog	AgentLogFile=Microsoft-Windows-Sysmon/Operational	PluginVersion=7.3.1.28	Source=Microsoft-Windows-Sysmon	Computer=EMR_APP_1_111	OriginatingComputer=EMR_APP_1_111	User=USER_0002	Domain=DOMAIN_0006.LOCAL	EventID=1	EventIDCode=1	EventType=4	EventCategory=1	RecordNumber=1372483951	TimeGenerated=1786244930	TimeWritten=1786244930	Level=Informational	Keywords=0x8000000000000000	Task=SysmonTask-SYSMON_CREATE_PROCESS	Opcode=Info	Message=Process Create: RuleName: - UtcTime: 2026-08-09 03:08:50.606 ProcessGuid: {5E5FB9E6-EF42-6A77-B6E4-020000003000} ProcessId: 51824 Image: C:\Windows\System32\cscript.exe FileVersion: 5.812.10240.16384 Description: Microsoft ® Console Based Script Host Product: Microsoft ® Windows Script Host Company: Microsoft Corporation OriginalFileName: cscript.exe CommandLine: cscript  //nologo C:\Windows\system32\slmgr.vbs /dli  CurrentDirectory: C:\Windows\system32\ User: NT DOMAIN_0008.LOCAL\USER_0002 LogonGuid: {5E5FB9E6-DEE1-6981-E703-000000000000} LogonId: 0x3E7 TerminalSessionId: 0 IntegrityLevel: System Hashes: SHA1=D67986B9CFE1397EBE27E16D9852B52AEE9B95C6,MD5=9578AFF0AC49AAADB5A028B9B6D13C6E,SHA256=67A0A3413A99DFFD421992E2AD6DECBF4A78C3E063F414201B5D2232AE96B0F7,IMPHASH=77838A7D26CC1C7050C41CF6165BAD0E ParentProcessGuid: {5E5FB9E6-EF42-6A77-B4E4-020000003000} ParentProcessId: 56964 ParentImage: C:\Windows\System32\cmd.exe ParentCommandLine: C:\Windows\system32\cmd.exe /c cscript //nologo %windir%\system32\slmgr.vbs /dli 2>&1 ",Process Creation Success,N/A,1,0,unknown,N/A,Process Create,unknown,0,null,1786244930000,255,0,false,0,"true""""",Microsoft-Windows-Sysmon/Operational,HOST_0004,The process creation event provides extended information about a newly created process.,0,1786244941998,No Offense,255,HOST_0068 @ 10.0.0.27,false,3,false,N/A,10.0.0.27,false,1786244941998,5,NETWORK_0011,43,1,0,2,-1,HOST_0004,[REDACTED_DUPLICATE_PAYLOAD],USER_0002,5001828,false,null,N/A,"10:09:01, 9 thg 8, 2026","10:08:50, 9 thg 8, 2026",MAC_0002,HOST_0046,482,0,false,10.0.0.27,0,N/A,10.0.0.3,2,"10:09:01, 9 thg 8, 2026",0:0:0:0:0:0:0:0,N/A,null,"100221,100265,109237,109187,100668,156193,146162,166362,100272,100677,134937,166353"
