dstPreNATIP,hasIdentityFlag,destinationPostNatPortDescription,destinationPort,identityUsername,logSourceIdentifier,customProps,srcPortInvalid,identityMAC,sourcMACAddress,payloadAsBase64,magnitude,deviceId,protocolConfigId,deviceType,dstPortInvalid,sourceV6Ip,identityGroupName,srcPreNATPort,srcPreNATIP,category,payloadAsUTF,categoryDescription,aDEAnomalyCount,deviceCategory,deviceEventId,pcapId,identityExtendedField,eventName,pcapIp,sourcePort,obfuscationProperties,deviceTime,protocol,sourcePreNatPortDescription,pcapEvent,dstPostNATPort,tLVProperties,qidEventCategory,identityNetBiosName,eventDescription,dstPreNATPort,startTime,offenseName,protocolName,deviceName,mPCEvent,relevance,logOnly,dstPostNATIP,srcIp,storedForPerformance,stopTime,credibility,domainName,domainID,qidEventId,sourcePostNatPortDescription,severity,offenseId,identityHostname,payloadAsHexOneLine,userName,qid,truncated,obfuscationNormalizedEventProperties,aDEAnomalyDescription,startDateTime,deviceDateTime,destinationMACAddress,eventCollectorName,eventCollectorId,srcPostNATPort,rawEvent,destIp,destinationPreNatPortDescription,osvbidsDesc,identityIpOfHost,eventCount,stopDateTime,destinationV6Ip,srcPostNATIP,identity,ruleIds
N/A,false,0,0,USER_0004,10.0.0.13,"{sysmon-eventid=403, Description=N/A, Message=N/A, Pipe Name=N/A, sysmon-processid=N/A, channel=Windows PowerShell, Logon Account Domain=DOMAIN_0001.LOCAL, Object Name=N/A, Account Name=USER_0004, Logon Type=N/A, CommandType=N/A, Target User Domain=DOMAIN_0001.LOCAL, PipelineId=N/A, Account Security ID=S-1-5-21-0002, Share Name=N/A, Authentication Package=N/A, CommandName=N/A, sysmon-processguid=N/A, Logon Account Name=USER_0004, Realm=DOMAIN_0001.LOCAL, EventIDCode=403, HostApplication=powershell.exe -NoProfile -ExecutionPolicy Bypass -WindowStyle Hidden -File D:\sendFileViGDCAS2viDVS\sendFileVi2SftpDVS.ps1, Account ID=S-1-5-21-0002, EngineVersion=5.1.14393.6343, Status Code=N/A, RunspaceId=57f8b4b8-06ef-4d8f-a6e5-886dc99d12f8, User Domain=DOMAIN_0001.LOCAL, Key Length=N/A, Target Username=USER_0004, Event ID=403, HostId=73299374-f39f-440e-9c88-1b1fc9ee58e2, ProgramName=N/A, HostVersion=5.1.14393.6343, sysmon-user=USER_0004, Command=N/A, Machine Identifier=HOST_0030, ScriptName=N/A, Object Type=N/A, Target Account Security ID=S-1-5-21-0002, Device Name=HOST_0030, CommandPath=N/A}",false,MAC_0001,MAC_0002,[REDACTED_DUPLICATE_PAYLOAD],3,22888,0,12,false,0:0:0:0:0:0:0:0,N/A,0,N/A,19042,<13>Jul 25 06:30:03 10.0.0.13 AgentDevice=WindowsLog	AgentLogFile=Windows PowerShell	PluginVersion=7.3.1.28	Source=PowerShell	Computer=DI-Web-01	OriginatingComputer=DI-Web-01	User=	Domain=	EventID=403	EventIDCode=403	EventType=4	EventCategory=4	RecordNumber=29049324	TimeGenerated=1784935803	TimeWritten=1784935803	Level=Informational	Keywords=Classic	Task=Engine Lifecycle	Opcode=Info	Message=Engine state is changed from Available to Stopped.   Details:   NewEngineState=Stopped  PreviousEngineState=Available   SequenceNumber=15   HostName=ConsoleHost  HostVersion=5.1.14393.6343  HostId=73299374-f39f-440e-9c88-1b1fc9ee58e2  HostApplication=powershell.exe -NoProfile -ExecutionPolicy Bypass -WindowStyle Hidden -File D:\sendFileViGDCAS2viDVS\sendFileVi2SftpDVS.ps1  EngineVersion=5.1.14393.6343  RunspaceId=57f8b4b8-06ef-4d8f-a6e5-886dc99d12f8  PipelineId=  CommandName=  CommandType=  ScriptName=  CommandPath=  CommandLine= ,Monitor Activity Succeeded,N/A,1,0,unknown,N/A,Engine state is changed from Available to Stopped,unknown,0,null,1784935803000,255,0,false,0,"true""""",Windows PowerShell,HOST_0004,Engine state is changed from Available to Stopped.,0,1784935805520,No Offense,255,HOST_0031 @ 10.0.0.13,false,3,false,N/A,10.0.0.13,false,1784935805520,5,NETWORK_0002,35,403,0,1,-1,HOST_0004,[REDACTED_DUPLICATE_PAYLOAD],USER_0004,5002195,false,null,N/A,"06:30:05, 25 thg 7, 2026","06:30:03, 25 thg 7, 2026",MAC_0002,HOST_0032,422,0,false,10.0.0.13,0,N/A,10.0.0.3,1,"06:30:05, 25 thg 7, 2026",0:0:0:0:0:0:0:0,N/A,null,"100221,100265,109237,156193,166362,146154,100272,134937,166353"
N/A,false,0,0,USER_0004,10.0.0.13,"{sysmon-eventid=2, Description=N/A, Message=N/A, Pipe Name=N/A, sysmon-processid=8836, channel=Microsoft-Windows-Sysmon/Operational, Logon Account Domain=DOMAIN_0001.LOCAL, Object Name=N/A, sysmon-previouscreationutctime=2026-07-24 23:30:02.870, Process Name=WinSCP.exe, Account Name=USER_0004, Logon Type=N/A, Target User Domain=DOMAIN_0001.LOCAL, Account Security ID=S-1-5-21-0002, Share Name=N/A, Authentication Package=N/A, sysmon-processguid={E147A715-F57A-6A63-4649-010000001700}, Logon Account Name=USER_0004, Realm=DOMAIN_0001.LOCAL, EventIDCode=2, Account ID=S-1-5-21-0002, Process Path=D:\sendFileViGDCAS2viDVS\WinScp\WinSCP.exe, sysmon-creationutctime=2025-08-29 08:36:02.511, sysmon-utctime=2026-07-24 23:30:02.886, Status Code=N/A, Filename=P1GZPTAOCRAMTYT0K1UO.temp, User Domain=DOMAIN_0001.LOCAL, Key Length=N/A, Target Username=USER_0004, Event ID=2, ProgramName=N/A, sysmon-targetfilename=C:\Users\Administrator\AppData\Roaming\Microsoft\Windows\Recent\CustomDestinations\P1GZPTAOCRAMTYT0K1UO.temp, sysmon-user=USER_0002, Process GUID=E147A715-F57A-6A63-4649-010000001700, Process ID=8836, sysmon-image=D:\sendFileViGDCAS2viDVS\WinScp\WinSCP.exe, File Extension=temp, Machine Identifier=HOST_0030, Object Type=N/A, Target Account Security ID=S-1-5-21-0002, Device Name=HOST_0030, File Path=C:\Users\Administrator\AppData\Roaming\Microsoft\Windows\Recent\CustomDestinations\P1GZPTAOCRAMTYT0K1UO.temp}",false,MAC_0001,MAC_0002,[REDACTED_DUPLICATE_PAYLOAD],3,22888,0,12,false,0:0:0:0:0:0:0:0,N/A,0,N/A,8014,<13>Jul 25 06:30:03 10.0.0.13 AgentDevice=WindowsLog	AgentLogFile=Microsoft-Windows-Sysmon/Operational	PluginVersion=7.3.1.28	Source=Microsoft-Windows-Sysmon	Computer=DI-Web-01	OriginatingComputer=DI-Web-01	User=USER_0002	Domain=DOMAIN_0006.LOCAL	EventID=2	EventIDCode=2	EventType=4	EventCategory=2	RecordNumber=43233891327	TimeGenerated=1784935802	TimeWritten=1784935802	Level=Informational	Keywords=0x8000000000000000	Task=SysmonTask-SYSMON_FILE_TIME	Opcode=Info	Message=File creation time changed: RuleName: - UtcTime: 2026-07-24 23:30:02.886 ProcessGuid: {E147A715-F57A-6A63-4649-010000001700} ProcessId: 8836 Image: D:\sendFileViGDCAS2viDVS\WinScp\WinSCP.exe TargetFilename: C:\Users\USER_0031\AppData\Roaming\Microsoft\Windows\Recent\CustomDestinations\P1GZPTAOCRAMTYT0K1UO.temp CreationUtcTime: 2025-08-29 08:36:02.511 PreviousCreationUtcTime: 2026-07-24 23:30:02.870 ,Successful File Modification,N/A,1,0,unknown,N/A,A process changed a file creation time,unknown,0,null,1784935802000,255,0,false,0,"true""""",Microsoft-Windows-Sysmon/Operational,HOST_0004,The change file creation time event is registered when a file creation time is explicitly modified by a process.,0,1784935805262,No Offense,255,HOST_0031 @ 10.0.0.13,false,3,false,N/A,10.0.0.13,false,1784935805262,5,NETWORK_0002,35,2,0,1,-1,HOST_0004,[REDACTED_DUPLICATE_PAYLOAD],USER_0002,5001838,false,null,N/A,"06:30:05, 25 thg 7, 2026","06:30:02, 25 thg 7, 2026",MAC_0002,HOST_0032,422,0,false,10.0.0.13,0,N/A,10.0.0.3,1,"06:30:05, 25 thg 7, 2026",0:0:0:0:0:0:0:0,N/A,null,"100221,100265,109237,109187,156193,166362,100276,100272,123237,123937,134937,166353"
N/A,false,0,0,USER_0004,10.0.0.13,"{sysmon-eventid=1, Parent Process Name=WinSCP.com, Pipe Name=N/A, File Directory=N/A, sysmon-processid=8836, channel=Microsoft-Windows-Sysmon/Operational, sysmon-username= DOMAIN_0022.LOCAL\USER_0031, Parent Command=""D:\sendFileViGDCAS2viDVS\WinScp\WinSCP.com"" /command ""open sftp://[REDACTED_USER]:[REDACTED_PASS]@10.0.0.15/ "" ""put D:\MPITS_DI_LOCAL_DATA\CAS\PAYPO\VNP\CAS_20260724.zip "" exit, Object Name=N/A, Account Name=USER_0004, sysmon-currentdirectory=C:\Windows\system32\, Target User Domain=DOMAIN_0001.LOCAL, Logon Account Name=USER_0004, Product Description=WinSCP: SFTP, FTP, WebDAV, S3 and SCP client, EventIDCode=1, Terminated Process Name=N/A, MD5 Hash=1DDF18D304286B35B8B3A54FBE448E21, Filename=N/A, Key Length=N/A, sysmon-logonid=0x7CC6AD3D, ProgramName=N/A, Process GUID=E147A715-F57A-6A63-4649-010000001700, SHA1 Hash=DE15768EEC7B4FB041E35970DE212DC889D71BC0, File Extension=N/A, Object Type=N/A, sysmon-hash=SHA1=DE15768EEC7B4FB041E35970DE212DC889D71BC0,MD5=1DDF18D304286B35B8B3A54FBE448E21,SHA256=8A2135DA4E3679A3541C644ED426C7753D9BC36B7142C3DC8A6A3EFFF818E277,IMPHASH=59513E565C141745264B3AAB0E8DD97D, SHA256 Hash=8A2135DA4E3679A3541C644ED426C7753D9BC36B7142C3DC8A6A3EFFF818E277, Parent Process GUID=E147A715-F57A-6A63-4549-010000001700, Integrity Level=High, sysmon-parentimage=D:\sendFileViGDCAS2viDVS\WinScp\WinSCP.com, Description=Description: WinSCP: SFTP, FTP, WebDAV, S3 and SCP client Product, File Hash=DE15768EEC7B4FB041E35970DE212DC889D71BC0, Token Elevation Type=N/A, Message=N/A, sysmon-rulename=-, Encoded Command=N/A, Logon Account Domain=DOMAIN_0001.LOCAL, Process Name=WinSCP.exe, Parent Process ID=5892, sysmon-parentcommandline=""D:\sendFileViGDCAS2viDVS\WinScp\WinSCP.com"" /command ""open sftp://[REDACTED_USER]:[REDACTED_PASS]@10.0.0.15/ "" ""put D:\MPITS_DI_LOCAL_DATA\CAS\PAYPO\VNP\CAS_20260724.zip "" exit, Logon Type=N/A, sysmon-integritylevel=High, sysmon-logonguid={E147A715-F579-6A63-3DAD-C67C00000000}, Account Security ID=S-1-5-21-0002, Share Name=N/A, Authentication Package=N/A, sysmon-processguid={E147A715-F57A-6A63-4649-010000001700}, Realm=DOMAIN_0001.LOCAL, Account ID=S-1-5-21-0002, sysmon-description=WinSCP: SFTP, FTP, WebDAV, S3 and SCP client, Process Path=D:\sendFileViGDCAS2viDVS\WinScp\WinSCP.exe, Status Code=N/A, Product Name=WinSCP, User Domain=DOMAIN_0001.LOCAL, Encoded Argument=N/A, Target Username=USER_0004, Event ID=1, sysmon-parentprocessid=5892, Product Company=Martin Prikryl, sysmon-fileversion=6.5.2.16354, sysmon-parentprocessguid={E147A715-F57A-6A63-4549-010000001700}, sysmon-user=USER_0002, Command=""D:\sendFileViGDCAS2viDVS\WinScp\WinSCP.exe"" /console=6.5.2 /consoleinstance=_5892_766 ""/command"" ""open sftp://[REDACTED_USER]:[REDACTED_PASS]@10.0.0.15/ "" ""put D:\MPITS_DI_LOCAL_DATA\CAS\PAYPO\VNP\CAS_20260724.zip "" ""exit"" , sysmon-originalfilename=winscp.exe, Process ID=8836, sysmon-image=D:\sendFileViGDCAS2viDVS\WinScp\WinSCP.exe, Machine Identifier=HOST_0030, Target Account Security ID=S-1-5-21-0002, sysmon-commandline=""D:\sendFileViGDCAS2viDVS\WinScp\WinSCP.exe"" /console=6.5.2 /consoleinstance=_5892_766 ""/command"" ""open sftp://[REDACTED_USER]:[REDACTED_PASS]@10.0.0.15/ "" ""put D:\MPITS_DI_LOCAL_DATA\CAS\PAYPO\VNP\CAS_20260724.zip "" ""exit"" , Device Name=HOST_0030, IMP Hash=59513E565C141745264B3AAB0E8DD97D, Current Working Directory=C:\Windows\system32\, Parent Process Path=D:\sendFileViGDCAS2viDVS\WinScp\WinSCP.com, sysmon-terminalsessionid=0}",false,MAC_0001,MAC_0002,[REDACTED_DUPLICATE_PAYLOAD],3,22888,0,12,false,0:0:0:0:0:0:0:0,N/A,0,N/A,8110,"<13>Jul 25 06:30:03 10.0.0.13 AgentDevice=WindowsLog	AgentLogFile=Microsoft-Windows-Sysmon/Operational	PluginVersion=7.3.1.28	Source=Microsoft-Windows-Sysmon	Computer=DI-Web-01	OriginatingComputer=DI-Web-01	User=USER_0002	Domain=DOMAIN_0006.LOCAL	EventID=1	EventIDCode=1	EventType=4	EventCategory=1	RecordNumber=43233890476	TimeGenerated=1784935802	TimeWritten=1784935802	Level=Informational	Keywords=0x8000000000000000	Task=SysmonTask-SYSMON_CREATE_PROCESS	Opcode=Info	Message=Process Create: RuleName: - UtcTime: 2026-07-24 23:30:02.433 ProcessGuid: {E147A715-F57A-6A63-4649-010000001700} ProcessId: 8836 Image: D:\sendFileViGDCAS2viDVS\WinScp\WinSCP.exe FileVersion: 6.5.2.16354 Description: WinSCP: SFTP, FTP, WebDAV, S3 and SCP client Product: WinSCP Company: Martin Prikryl OriginalFileName: winscp.exe CommandLine: ""D:\sendFileViGDCAS2viDVS\WinScp\WinSCP.exe"" /console=6.5.2 /consoleinstance=_5892_766 ""/command"" ""open sftp://[REDACTED_USER]:[REDACTED_PASS]@10.0.0.15/ "" ""put D:\MPITS_DI_LOCAL_DATA\CAS\PAYPO\VNP\CAS_20260724.zip "" ""exit""  CurrentDirectory: C:\Windows\system32\ User: DOMAIN_0022.LOCAL\USER_0031 LogonGuid: {E147A715-F579-6A63-3DAD-C67C00000000} LogonId: 0x7CC6AD3D TerminalSessionId: 0 IntegrityLevel: High Hashes: SHA1=DE15768EEC7B4FB041E35970DE212DC889D71BC0,MD5=1DDF18D304286B35B8B3A54FBE448E21,SHA256=8A2135DA4E3679A3541C644ED426C7753D9BC36B7142C3DC8A6A3EFFF818E277,IMPHASH=59513E565C141745264B3AAB0E8DD97D ParentProcessGuid: {E147A715-F57A-6A63-4549-010000001700} ParentProcessId: 5892 ParentImage: D:\sendFileViGDCAS2viDVS\WinScp\WinSCP.com ParentCommandLine: ""D:\sendFileViGDCAS2viDVS\WinScp\WinSCP.com"" /command ""open sftp://[REDACTED_USER]:[REDACTED_PASS]@10.0.0.15/ "" ""put D:\MPITS_DI_LOCAL_DATA\CAS\PAYPO\VNP\CAS_20260724.zip "" exit ",Process Creation Success,N/A,1,0,unknown,N/A,Process Create,unknown,0,null,1784935802000,255,0,false,0,"true""""",Microsoft-Windows-Sysmon/Operational,HOST_0004,The process creation event provides extended information about a newly created process.,0,1784935805238,No Offense,255,HOST_0031 @ 10.0.0.13,false,3,false,N/A,10.0.0.13,false,1784935805238,5,NETWORK_0002,35,1,0,2,-1,HOST_0004,[REDACTED_DUPLICATE_PAYLOAD],USER_0002,5001828,false,null,N/A,"06:30:05, 25 thg 7, 2026","06:30:02, 25 thg 7, 2026",MAC_0002,HOST_0032,422,0,false,10.0.0.13,0,N/A,10.0.0.3,2,"06:30:05, 25 thg 7, 2026",0:0:0:0:0:0:0:0,N/A,null,"100221,100265,109237,109187,156193,166362,100272,134937,166353"
N/A,false,0,0,USER_0004,10.0.0.13,"{sysmon-eventid=600, Description=N/A, Message=N/A, Pipe Name=N/A, sysmon-processid=N/A, channel=Windows PowerShell, Logon Account Domain=DOMAIN_0001.LOCAL, Object Name=N/A, Account Name=USER_0004, Logon Type=N/A, CommandType=N/A, Target User Domain=DOMAIN_0001.LOCAL, PipelineId=N/A, Account Security ID=S-1-5-21-0002, Share Name=N/A, Authentication Package=N/A, CommandName=N/A, sysmon-processguid=N/A, Logon Account Name=USER_0004, Realm=DOMAIN_0001.LOCAL, EventIDCode=600, HostApplication=powershell.exe -NoProfile -ExecutionPolicy Bypass -WindowStyle Hidden -File D:\sendFileViGDCAS2viDVS\sendFileVi2SftpDVS.ps1, Account ID=S-1-5-21-0002, EngineVersion=N/A, Status Code=N/A, RunspaceId=N/A, User Domain=DOMAIN_0001.LOCAL, Key Length=N/A, Target Username=USER_0004, Event ID=600, HostId=73299374-f39f-440e-9c88-1b1fc9ee58e2, ProgramName=N/A, HostVersion=5.1.14393.6343, sysmon-user=USER_0004, Command=N/A, Machine Identifier=HOST_0030, ScriptName=N/A, Object Type=N/A, Target Account Security ID=S-1-5-21-0002, Device Name=HOST_0030, CommandPath=N/A}",false,MAC_0001,MAC_0002,[REDACTED_DUPLICATE_PAYLOAD],5,22888,0,12,false,0:0:0:0:0:0:0:0,N/A,0,N/A,19047,"<13>Jul 25 06:30:03 10.0.0.13 AgentDevice=WindowsLog	AgentLogFile=Windows PowerShell	PluginVersion=7.3.1.28	Source=PowerShell	Computer=DI-Web-01	OriginatingComputer=DI-Web-01	User=	Domain=	EventID=600	EventIDCode=600	EventType=4	EventCategory=6	RecordNumber=29049319	TimeGenerated=1784935802	TimeWritten=1784935802	Level=Informational	Keywords=Classic	Task=Provider Lifecycle	Opcode=Info	Message=Provider ""Environment"" is Started.   Details:   ProviderName=Environment  NewProviderState=Started   SequenceNumber=5   HostName=ConsoleHost  HostVersion=5.1.14393.6343  HostId=73299374-f39f-440e-9c88-1b1fc9ee58e2  HostApplication=powershell.exe -NoProfile -ExecutionPolicy Bypass -WindowStyle Hidden -File D:\sendFileViGDCAS2viDVS\sendFileVi2SftpDVS.ps1  EngineVersion=  RunspaceId=  PipelineId=  CommandName=  CommandType=  ScriptName=  CommandPath=  CommandLine= ",Start Activity Attempted,N/A,1,0,unknown,N/A,Provider started,unknown,0,null,1784935802000,255,0,false,0,"true""""",Windows PowerShell,HOST_0004,Provider started.,0,1784935805233,No Offense,255,HOST_0031 @ 10.0.0.13,true,3,false,N/A,10.0.0.13,false,1784935805233,5,NETWORK_0002,35,600,0,7,-1,HOST_0004,[REDACTED_DUPLICATE_PAYLOAD],USER_0004,5002196,false,null,N/A,"06:30:05, 25 thg 7, 2026","06:30:02, 25 thg 7, 2026",MAC_0002,HOST_0032,422,0,false,10.0.0.13,0,N/A,10.0.0.3,6,"06:30:05, 25 thg 7, 2026",0:0:0:0:0:0:0:0,N/A,null,"100221,100265,109237,152287,156193,166362,146154,100272,134937,166353"
N/A,false,0,0,USER_0004,10.0.0.13,"{sysmon-eventid=4104, Description=N/A, Message=N/A, Pipe Name=N/A, sysmon-processid=N/A, channel=Microsoft-Windows-PowerShell/Operational, Logon Account Domain=DOMAIN_0001.LOCAL, Object Name=N/A, Account Name=USER_0004, Logon Type=N/A, Target User Domain=DOMAIN_0001.LOCAL, Account Security ID=S-1-5-21-0002, Share Name=N/A, Authentication Package=N/A, sysmon-processguid=N/A, Logon Account Name=USER_0004, Realm=DOMAIN_0001.LOCAL, EventIDCode=4104, Account ID=S-1-5-21-0002, Status Code=N/A, User Domain=DOMAIN_0001.LOCAL, Key Length=N/A, Target Username=USER_0004, Event ID=4104, ProgramName=N/A, sysmon-user=USER_0031, Command=# Đường dẫn WinSCP Portable $WinSCP = ""D:\sendFileViGDCAS2viDVS\WinScp\WinSCP.com""  # Ngày hiện tại -> YYYYMMDD $Today = Get-Date -Format ""yyyyMMdd"" # Ngày hôm qua -> YYYYMMDD $Yesterday = (Get-Date).AddDays(-1).ToString(""yyyyMMdd"")  # File cần upload (AVC_YYYYMMDD.zip) $LocalFile = ""D:\MPITS_DI_LOCAL_DATA\CAS\PAYPO\VNP\CAS_$Yesterday.zip""  # Thư mục đích trên SFTP $RemotePath = """"  # Log file (PowerShell log của bạn) $LogFile = ""D:\sendFileViGDCAS2viDVS\logs\uploadFileVi2Sftp_$Today.log""  # Thông tin kết nối SFTP $SftpUser = ""SFTP_USER_0001"" $SftpPass = 'SFTP_PASS_0001' $SftpHost = ""10.0.0.14""  #$Result = & $WinSCP /command ` #    ""open sftp://${SftpUser}@${SftpHost}/ -password=`""${SftpPass}`"" -hostkey='ssh-ed25519 255 IiZkhsD0WXBGr+Q/iedZC3SICNcTWz4StDBJAkffYo4'"" ` #    ""put `""$LocalFile`"" $RemotePath"" ` #    ""exit"" 2>&1   #$Result = & $WinSCP /command ` #    ""open sftp://${SftpUser}:${SftpPass}@${SftpHost}/ -hostkey='ssh-ed25519 255 IiZkhsD0WXBGr+Q/iedZC3SICNcTWz4StDBJAkffYo4'"" ` #    ""put '$LocalFile' '$RemotePath'"" ` #    ""exit"" 2>&1  $Result = & ""D:\sendFileViGDCAS2viDVS\WinScp\WinSCP.com"" /command `     ""open sftp://${SftpUser}:${SftpPass}@${SftpHost}/ "" `     ""put $LocalFile $RemotePath"" `     ""exit""  # Kiểm tra kết quả và ghi log if ($LASTEXITCODE -eq 0) {     Add-Content -Path $LogFile -Value ""$(Get-Date -Format 'yyyy-MM-dd HH:mm:ss') - SUCCESS: Uploaded $LocalFile"" } else {     Add-Content -Path $LogFile -Value ""$(Get-Date -Format 'yyyy-MM-dd HH:mm:ss') - ERROR: Failed to upload $LocalFile""     Add-Content -Path $LogFile -Value ""  -> Details: $Result"" }, Machine Identifier=HOST_0030, Object Type=N/A, Target Account Security ID=S-1-5-21-0002, Device Name=HOST_0030}",false,MAC_0001,MAC_0002,[REDACTED_DUPLICATE_PAYLOAD],3,22888,0,12,false,0:0:0:0:0:0:0:0,N/A,0,N/A,19250,"<13>Jul 25 06:30:03 10.0.0.13 AgentDevice=WindowsLog	AgentLogFile=Microsoft-Windows-PowerShell/Operational	PluginVersion=7.3.1.28	Source=Microsoft-Windows-PowerShell	Computer=DI-Web-01	OriginatingComputer=DI-Web-01	User=USER_0031	Domain=DOMAIN_0022.LOCAL	EventID=4104	EventIDCode=4104	EventType=4	EventCategory=2	RecordNumber=70813443	TimeGenerated=1784935802	TimeWritten=1784935802	Level=Verbose	Keywords=0	Task=ExecuteCommand	Opcode=15	Message=Creating Scriptblock text (1 of 1): # Đường dẫn WinSCP Portable $WinSCP = ""D:\sendFileViGDCAS2viDVS\WinScp\WinSCP.com""  # Ngày hiện tại -> YYYYMMDD $Today = Get-Date -Format ""yyyyMMdd"" # Ngày hôm qua -> YYYYMMDD $Yesterday = (Get-Date).AddDays(-1).ToString(""yyyyMMdd"")  # File cần upload (AVC_YYYYMMDD.zip) $LocalFile = ""D:\MPITS_DI_LOCAL_DATA\CAS\PAYPO\VNP\CAS_$Yesterday.zip""  # Thư mục đích trên SFTP $RemotePath = """"  # Log file (PowerShell log của bạn) $LogFile = ""D:\sendFileViGDCAS2viDVS\logs\uploadFileVi2Sftp_$Today.log""  # Thông tin kết nối SFTP $SftpUser = ""SFTP_USER_0001"" $SftpPass = 'SFTP_PASS_0001' $SftpHost = ""10.0.0.14""  #$Result = & $WinSCP /command ` #    ""open sftp://${SftpUser}@${SftpHost}/ -password=`""${SftpPass}`"" -hostkey='ssh-ed25519 255 IiZkhsD0WXBGr+Q/iedZC3SICNcTWz4StDBJAkffYo4'"" ` #    ""put `""$LocalFile`"" $RemotePath"" ` #    ""exit"" 2>&1   #$Result = & $WinSCP /command ` #    ""open sftp://${SftpUser}:${SftpPass}@${SftpHost}/ -hostkey='ssh-ed25519 255 IiZkhsD0WXBGr+Q/iedZC3SICNcTWz4StDBJAkffYo4'"" ` #    ""put '$LocalFile' '$RemotePath'"" ` #    ""exit"" 2>&1  $Result = & ""D:\sendFileViGDCAS2viDVS\WinScp\WinSCP.com"" /command `     ""open sftp://${SftpUser}:${SftpPass}@${SftpHost}/ "" `     ""put $LocalFile $RemotePath"" `     ""exit""  # Kiểm tra kết quả và ghi log if ($LASTEXITCODE -eq 0) {     Add-Content -Path $LogFile -Value ""$(Get-Date -Format 'yyyy-MM-dd HH:mm:ss') - SUCCESS: Uploaded $LocalFile"" } else {     Add-Content -Path $LogFile -Value ""$(Get-Date -Format 'yyyy-MM-dd HH:mm:ss') - ERROR: Failed to upload $LocalFile""     Add-Content -Path $LogFile -Value ""  -> Details: $Result"" }   ScriptBlock ID: a3087e5a-4bec-4e8a-85ce-59c02fcf2d1c Path: D:\sendFileViGDCAS2viDVS\sendFileVi2SftpDVS.ps1 ",Command Execution Success,N/A,1,0,unknown,N/A,Script Block Executed/Compiled,unknown,0,null,1784935802000,255,0,false,0,"true""""",Microsoft-Windows-PowerShell/Operational,HOST_0004,A Windows PowerShell has executed/compiled all script blocks to the ETW event log,0,1784935805233,No Offense,255,HOST_0031 @ 10.0.0.13,false,3,false,N/A,10.0.0.13,false,1784935805233,5,NETWORK_0002,35,4104,0,1,-1,HOST_0004,[REDACTED_DUPLICATE_PAYLOAD],USER_0031,5001980,false,null,N/A,"06:30:05, 25 thg 7, 2026","06:30:02, 25 thg 7, 2026",MAC_0002,HOST_0032,422,0,false,10.0.0.13,0,N/A,10.0.0.3,1,"06:30:05, 25 thg 7, 2026",0:0:0:0:0:0:0:0,N/A,null,"100221,100265,109237,109187,156193,166362,100272,134937,166353"
N/A,false,0,0,USER_0004,10.0.0.13,"{sysmon-eventid=10, sysmon-sourceprocessid=8836, Pipe Name=N/A, sysmon-processid=8836, sysmon-sourceimage=D:\sendFileViGDCAS2viDVS\WinScp\WinSCP.exe, channel=Microsoft-Windows-Sysmon/Operational, Object Name=N/A, Target Details=N/A, Account Name=USER_0004, Target User Domain=DOMAIN_0001.LOCAL, sysmon-sourceprocessguid={E147A715-F57A-6A63-4649-010000001700}, Logon Account Name=USER_0004, EventIDCode=10, HostApplication=N/A, sysmon-targetprocessid=5892, EngineVersion=N/A, sysmon-grantedaccess=0x1410, sysmon-utctime=2026-07-24 23:30:02.901, Key Length=N/A, HostId=N/A, ProgramName=N/A, Process GUID=E147A715-F57A-6A63-4649-010000001700, ScriptName=N/A, Object Type=N/A, sysmon-targetprocessguid={E147A715-F57A-6A63-4549-010000001700}, Description=N/A, Message=N/A, Logon Account Domain=DOMAIN_0001.LOCAL, Target Process GUID=E147A715-F57A-6A63-4549-010000001700, Logon Type=N/A, PipelineId=N/A, sysmon-sourcethreadid=1928, Account Security ID=S-1-5-21-0002, Share Name=N/A, Authentication Package=N/A, sysmon-processguid=N/A, Realm=DOMAIN_0001.LOCAL, Account ID=S-1-5-21-0002, Process Path=D:\sendFileViGDCAS2viDVS\WinScp\WinSCP.exe, Status Code=N/A, RunspaceId=N/A, User Domain=DOMAIN_0001.LOCAL, Target Username=USER_0004, Event ID=10, HostVersion=N/A, sysmon-user=USER_0002, Command=N/A, Process ID=8836, Machine Identifier=HOST_0030, Target Account Security ID=S-1-5-21-0002, Device Name=HOST_0030, sysmon-targetimage=D:\sendFileViGDCAS2viDVS\WinScp\WinSCP.com, Access Mask=N/A}",false,MAC_0001,MAC_0002,[REDACTED_DUPLICATE_PAYLOAD],3,22888,0,12,false,0:0:0:0:0:0:0:0,N/A,0,N/A,8052,<13>Jul 25 06:30:03 10.0.0.13 AgentDevice=WindowsLog	AgentLogFile=Microsoft-Windows-Sysmon/Operational	PluginVersion=7.3.1.28	Source=Microsoft-Windows-Sysmon	Computer=DI-Web-01	OriginatingComputer=DI-Web-01	User=USER_0002	Domain=DOMAIN_0006.LOCAL	EventID=10	EventIDCode=10	EventType=4	EventCategory=10	RecordNumber=43233891383	TimeGenerated=1784935802	TimeWritten=1784935802	Level=Informational	Keywords=0x8000000000000000	Task=SysmonTask-SYSMON_ACCESS_PROCESS	Opcode=Info	Message=Process accessed: RuleName: - UtcTime: 2026-07-24 23:30:02.901 SourceProcessGUID: {E147A715-F57A-6A63-4649-010000001700} SourceProcessId: 8836 SourceThreadId: 1928 SourceImage: D:\sendFileViGDCAS2viDVS\WinScp\WinSCP.exe TargetProcessGUID: {E147A715-F57A-6A63-4549-010000001700} TargetProcessId: 5892 TargetImage: D:\sendFileViGDCAS2viDVS\WinScp\WinSCP.com GrantedAccess: 0x1410 CallTrace: C:\Windows\SYSTEM32\ntdll.dll+a62e4|C:\Windows\System32\wow64.dll+124f4|C:\Windows\System32\wow64.dll+6e75|C:\Windows\System32\wow64cpu.dll+1d07|C:\Windows\System32\wow64.dll+1bf87|C:\Windows\System32\wow64.dll+cba0|C:\Windows\SYSTEM32\ntdll.dll+92fe7|C:\Windows\SYSTEM32\ntdll.dll+782d5|C:\Windows\SYSTEM32\ntdll.dll+7813e|C:\Windows\SYSTEM32\ntdll.dll+6ee3c(wow64)|C:\Windows\System32\KERNELBASE.dll+c71c8(wow64)|D:\sendFileViGDCAS2viDVS\WinScp\WinSCP.exe+bbea56|D:\sendFileViGDCAS2viDVS\WinScp\WinSCP.exe+bd394c|D:\sendFileViGDCAS2viDVS\WinScp\WinSCP.exe+1251af|D:\sendFileViGDCAS2viDVS\WinScp\WinSCP.exe+12817f|D:\sendFileViGDCAS2viDVS\WinScp\WinSCP.exe+43c0|D:\sendFileViGDCAS2viDVS\WinScp\WinSCP.exe+ef3bf4 ,Information,N/A,1,0,unknown,N/A,ProcessAccess,unknown,0,null,1784935802000,255,0,false,0,"true""""",Microsoft-Windows-Sysmon/Operational,HOST_0004,"The process accessed event reports when a process opens another process, an operation that’s often followed by information queries or reading and writing the address space of the target process.",0,1784935805226,No Offense,255,HOST_0031 @ 10.0.0.13,false,3,false,N/A,10.0.0.13,false,1784935805226,5,NETWORK_0002,35,10,0,2,-1,HOST_0004,[REDACTED_DUPLICATE_PAYLOAD],USER_0002,5001829,false,null,N/A,"06:30:05, 25 thg 7, 2026","06:30:02, 25 thg 7, 2026",MAC_0002,HOST_0032,422,0,false,10.0.0.13,0,N/A,10.0.0.3,19,"06:30:05, 25 thg 7, 2026",0:0:0:0:0:0:0:0,N/A,null,"100221,100265,109237,109187,156193,166362,100272,134937,166353"
N/A,false,0,0,USER_0004,10.0.0.13,"{sysmon-eventid=400, Description=N/A, Message=N/A, Pipe Name=N/A, sysmon-processid=N/A, channel=Windows PowerShell, Logon Account Domain=DOMAIN_0001.LOCAL, Object Name=N/A, Account Name=USER_0004, Logon Type=N/A, CommandType=N/A, Target User Domain=DOMAIN_0001.LOCAL, PipelineId=N/A, Account Security ID=S-1-5-21-0002, Share Name=N/A, Authentication Package=N/A, CommandName=N/A, sysmon-processguid=N/A, Logon Account Name=USER_0004, Realm=DOMAIN_0001.LOCAL, EventIDCode=400, HostApplication=powershell.exe -NoProfile -ExecutionPolicy Bypass -WindowStyle Hidden -File D:\sendFileViGDCAS2viDVS\sendFileVi2SftpDVS.ps1, Account ID=S-1-5-21-0002, EngineVersion=5.1.14393.6343, Status Code=N/A, RunspaceId=57f8b4b8-06ef-4d8f-a6e5-886dc99d12f8, User Domain=DOMAIN_0001.LOCAL, Key Length=N/A, Target Username=USER_0004, Event ID=400, HostId=73299374-f39f-440e-9c88-1b1fc9ee58e2, ProgramName=N/A, HostVersion=5.1.14393.6343, sysmon-user=USER_0004, Command=N/A, Machine Identifier=HOST_0030, ScriptName=N/A, Object Type=N/A, Target Account Security ID=S-1-5-21-0002, Device Name=HOST_0030, CommandPath=N/A}",false,MAC_0001,MAC_0002,[REDACTED_DUPLICATE_PAYLOAD],5,22888,0,12,false,0:0:0:0:0:0:0:0,N/A,0,N/A,19042,<13>Jul 25 06:30:03 10.0.0.13 AgentDevice=WindowsLog	AgentLogFile=Windows PowerShell	PluginVersion=7.3.1.28	Source=PowerShell	Computer=DI-Web-01	OriginatingComputer=DI-Web-01	User=	Domain=	EventID=400	EventIDCode=400	EventType=4	EventCategory=4	RecordNumber=29049323	TimeGenerated=1784935802	TimeWritten=1784935802	Level=Informational	Keywords=Classic	Task=Engine Lifecycle	Opcode=Info	Message=Engine state is changed from None to Available.   Details:   NewEngineState=Available  PreviousEngineState=None   SequenceNumber=13   HostName=ConsoleHost  HostVersion=5.1.14393.6343  HostId=73299374-f39f-440e-9c88-1b1fc9ee58e2  HostApplication=powershell.exe -NoProfile -ExecutionPolicy Bypass -WindowStyle Hidden -File D:\sendFileViGDCAS2viDVS\sendFileVi2SftpDVS.ps1  EngineVersion=5.1.14393.6343  RunspaceId=57f8b4b8-06ef-4d8f-a6e5-886dc99d12f8  PipelineId=  CommandName=  CommandType=  ScriptName=  CommandPath=  CommandLine= ,Monitor Activity Succeeded,N/A,1,0,unknown,N/A,Engine state is changed from None to Available,unknown,0,null,1784935802000,255,0,false,0,"true""""",Windows PowerShell,HOST_0004,Engine state is changed from None to Available.,0,1784935796172,No Offense,255,HOST_0031 @ 10.0.0.13,true,3,false,N/A,10.0.0.13,false,1784935856172,5,NETWORK_0002,35,400,0,7,-1,HOST_0004,[REDACTED_DUPLICATE_PAYLOAD],USER_0004,5002194,false,null,N/A,"06:29:56, 25 thg 7, 2026","06:30:02, 25 thg 7, 2026",MAC_0002,HOST_0032,422,0,false,10.0.0.13,0,N/A,10.0.0.3,4,"06:30:56, 25 thg 7, 2026",0:0:0:0:0:0:0:0,N/A,null,"100221,100265,109237,152287,156193,166362,146154,100272,134937,166353"
