N/A,false,0,0,USER_0004,HOST_0007,"{sysmon-eventid=8, Description=N/A, Message=N/A, Pipe Name=N/A, sysmon-processid=192528, sysmon-sourceimage=C:\Users\qtht.chung\AppData\Roaming\MobaXterm\slash\bin\bash.exe, channel=Microsoft-Windows-Sysmon/Operational, Logon Account Domain=DOMAIN_0001.LOCAL, Object Name=N/A, Target Process Path=C:\Users\USER_0017\AppData\Roaming\MobaXterm\slash\bin\bash.exe, Process Name=bash.exe, Account Name=USER_0004, Logon Type=N/A, Target User Domain=DOMAIN_0001.LOCAL, Account Security ID=S-1-5-21-0002, Share Name=N/A, Authentication Package=N/A, sysmon-processguid={5b31cfa1-757a-6a50-d62f-070000001a00}, sysmon-sourceprocessguid={5b31cfa1-757a-6a50-d62f-070000001a00}, Logon Account Name=USER_0004, Realm=DOMAIN_0001.LOCAL, Source Process Path=C:\Users\USER_0017\AppData\Roaming\MobaXterm\slash\bin\bash.exe, EventIDCode=8, Account ID=S-1-5-21-0002, sysmon-targetprocessid=197768, Process Path=C:\Users\USER_0017\AppData\Roaming\MobaXterm\slash\bin\bash.exe, sysmon-utctime=2026-07-10 04:30:51.167, Status Code=N/A, User Domain=DOMAIN_0001.LOCAL, Key Length=N/A, Target Username=USER_0004, Event ID=8, Target Process Name=bash.exe, sysmon-startmodule=-, ProgramName=N/A, Start Module=-, sysmon-startfunction=-, sysmon-user=USER_0002, SourceImageTempPath=N/A, Process GUID=N/A, Machine Identifier=HOST_0008, Object Type=N/A, Start Address=0x0000000000401000, Target Account Security ID=S-1-5-21-0002, Start Function=-, sysmon-startaddress=0x0000000000401000, Device Name=HOST_0008, sysmon-targetimage=C:\Users\qtht.chung\AppData\Roaming\MobaXterm\slash\bin\bash.exe}",false,MAC_0001,MAC_0002,[REDACTED_DUPLICATE_PAYLOAD],10,53779,0,12,false,0:0:0:0:0:0:0:0,N/A,0,N/A,7036,<13>Jul 10 11:30:51 10.0.0.4.vnpost AgentDevice=WindowsLog	AgentLogFile=Microsoft-Windows-Sysmon/Operational	PluginVersion=7.3.1.28	Source=Microsoft-Windows-Sysmon	Computer=Jump-QTHTvDL-App	OriginatingComputer=Jump-QTHTvDL-App	User=USER_0002	Domain=DOMAIN_0006.LOCAL	EventID=8	EventIDCode=8	EventType=4	EventCategory=8	RecordNumber=73252352	TimeGenerated=1783657851	TimeWritten=1783657851	Level=Informational	Keywords=0x8000000000000000	Task=SysmonTask-SYSMON_CREATE_REMOTE_THREAD	Opcode=Info	Message=CreateRemoteThread detected: RuleName: - UtcTime: 2026-07-10 04:30:51.167 SourceProcessGuid: {5b31cfa1-757a-6a50-d62f-070000001a00} SourceProcessId: 192528 SourceImage: C:\Users\USER_0017\AppData\Roaming\MobaXterm\slash\bin\bash.exe TargetProcessGuid: {5b31cfa1-757b-6a50-d72f-070000001a00} TargetProcessId: 197768 TargetImage: C:\Users\USER_0017\AppData\Roaming\MobaXterm\slash\bin\bash.exe NewThreadId: 196964 StartAddress: 0x0000000000401000 StartModule: - StartFunction: - ,Suspicious Windows Events,N/A,1,0,unknown,N/A,CreateRemoteThread,unknown,0,null,1783657851000,255,0,false,0,"true""""",Microsoft-Windows-Sysmon/Operational,HOST_0004,The CreateRemoteThread event detects when a process creates a thread in another process.,0,1783657852495,No Offense,255,HOST_0009 @ 10.0.0.4,true,10,false,N/A,10.0.0.4,false,1783657852495,10,NETWORK_0002,35,8,0,10,-1,HOST_0004,[REDACTED_DUPLICATE_PAYLOAD],USER_0002,5001845,false,null,N/A,"11:30:52, 10 thg 7, 2026","11:30:51, 10 thg 7, 2026",MAC_0002,HOST_0006,439,0,false,10.0.0.4,0,N/A,10.0.0.3,5,"11:30:52, 10 thg 7, 2026",0:0:0:0:0:0:0:0,N/A,null,"100101,100164,100146,100221,100265,109237,109187,156193,100641,100626,100277,100272,100677,134937,166353,100223"
N/A,false,0,0,USER_0004,HOST_0007,"{sysmon-eventid=8, Description=N/A, Message=N/A, Pipe Name=N/A, sysmon-processid=156640, sysmon-sourceimage=C:\Program Files (x86)\Mobatek\MobaXterm\MobaXterm.exe, channel=Microsoft-Windows-Sysmon/Operational, Logon Account Domain=DOMAIN_0001.LOCAL, Object Name=N/A, Target Process Path=C:\Users\USER_0015\AppData\Roaming\MobaXterm\slash\bin\XWin_MobaX.exe, Process Name=MobaXterm.exe, Account Name=USER_0004, Logon Type=N/A, Target User Domain=DOMAIN_0001.LOCAL, Account Security ID=S-1-5-21-0002, Share Name=N/A, Authentication Package=N/A, sysmon-processguid={5b31cfa1-7577-6a50-cc2f-070000001a00}, sysmon-sourceprocessguid={5b31cfa1-7577-6a50-cc2f-070000001a00}, Logon Account Name=USER_0004, Realm=DOMAIN_0001.LOCAL, Source Process Path=C:\Program Files (x86)\Mobatek\MobaXterm\MobaXterm.exe, EventIDCode=8, Account ID=S-1-5-21-0002, sysmon-targetprocessid=180832, Process Path=C:\Program Files (x86)\Mobatek\MobaXterm\MobaXterm.exe, sysmon-utctime=2026-07-10 04:30:50.104, Status Code=N/A, User Domain=DOMAIN_0001.LOCAL, Key Length=N/A, Target Username=USER_0004, Event ID=8, Target Process Name=XWin_MobaX.exe, sysmon-startmodule=-, ProgramName=N/A, Start Module=-, sysmon-startfunction=-, sysmon-user=USER_0002, SourceImageTempPath=N/A, Process GUID=N/A, Machine Identifier=HOST_0008, Object Type=N/A, Start Address=0x00000000004014C0, Target Account Security ID=S-1-5-21-0002, Start Function=-, sysmon-startaddress=0x00000000004014C0, Device Name=HOST_0008, sysmon-targetimage=C:\Users\QTHT~1.CHU\AppData\Roaming\MobaXterm\slash\bin\XWin_MobaX.exe}",false,MAC_0001,MAC_0002,[REDACTED_DUPLICATE_PAYLOAD],3,53779,0,12,false,0:0:0:0:0:0:0:0,N/A,0,N/A,7036,<13>Jul 10 11:30:51 10.0.0.4.vnpost AgentDevice=WindowsLog	AgentLogFile=Microsoft-Windows-Sysmon/Operational	PluginVersion=7.3.1.28	Source=Microsoft-Windows-Sysmon	Computer=Jump-QTHTvDL-App	OriginatingComputer=Jump-QTHTvDL-App	User=USER_0002	Domain=DOMAIN_0006.LOCAL	EventID=8	EventIDCode=8	EventType=4	EventCategory=8	RecordNumber=73251581	TimeGenerated=1783657850	TimeWritten=1783657850	Level=Informational	Keywords=0x8000000000000000	Task=SysmonTask-SYSMON_CREATE_REMOTE_THREAD	Opcode=Info	Message=CreateRemoteThread detected: RuleName: - UtcTime: 2026-07-10 04:30:50.104 SourceProcessGuid: {5b31cfa1-7577-6a50-cc2f-070000001a00} SourceProcessId: 156640 SourceImage: C:\Program Files (x86)\Mobatek\MobaXterm\MobaXterm.exe TargetProcessGuid: {5b31cfa1-7579-6a50-d02f-070000001a00} TargetProcessId: 180832 TargetImage: C:\Users\USER_0015\AppData\Roaming\MobaXterm\slash\bin\XWin_MobaX.exe NewThreadId: 196360 StartAddress: 0x00000000004014C0 StartModule: - StartFunction: - ,Suspicious Windows Events,N/A,1,0,unknown,N/A,CreateRemoteThread,unknown,0,null,1783657850000,255,0,false,0,"true""""",Microsoft-Windows-Sysmon/Operational,HOST_0004,The CreateRemoteThread event detects when a process creates a thread in another process.,0,1783657852489,No Offense,255,HOST_0009 @ 10.0.0.4,true,3,false,N/A,10.0.0.4,false,1783657852489,5,NETWORK_0002,35,8,0,3,-1,HOST_0004,[REDACTED_DUPLICATE_PAYLOAD],USER_0002,5001845,false,null,N/A,"11:30:52, 10 thg 7, 2026","11:30:50, 10 thg 7, 2026",MAC_0002,HOST_0006,439,0,false,10.0.0.4,0,N/A,10.0.0.3,1,"11:30:52, 10 thg 7, 2026",0:0:0:0:0:0:0:0,N/A,null,"100101,100164,100146,100221,100265,109237,109187,156193,100691,100626,100277,100272,134937,166353,100223"
N/A,false,0,0,USER_0004,HOST_0007,"{sysmon-eventid=8, Description=N/A, Message=N/A, Pipe Name=N/A, sysmon-processid=183684, sysmon-sourceimage=C:\Users\QTHT~1.CHU\AppData\Roaming\MobaXterm\slash\bin\MoTTYnew.exe, channel=Microsoft-Windows-Sysmon/Operational, Logon Account Domain=DOMAIN_0001.LOCAL, Object Name=N/A, Target Process Path=C:\Users\USER_0015\AppData\Roaming\MOBAXT~1\slash\bin\cygtermd.exe, Process Name=MoTTYnew.exe, Account Name=USER_0004, Logon Type=N/A, Target User Domain=DOMAIN_0001.LOCAL, Account Security ID=S-1-5-21-0002, Share Name=N/A, Authentication Package=N/A, sysmon-processguid={5b31cfa1-7579-6a50-cd2f-070000001a00}, sysmon-sourceprocessguid={5b31cfa1-7579-6a50-cd2f-070000001a00}, Logon Account Name=USER_0004, Realm=DOMAIN_0001.LOCAL, Source Process Path=C:\Users\USER_0015\AppData\Roaming\MobaXterm\slash\bin\MoTTYnew.exe, EventIDCode=8, Account ID=S-1-5-21-0002, sysmon-targetprocessid=197492, Process Path=C:\Users\USER_0015\AppData\Roaming\MobaXterm\slash\bin\MoTTYnew.exe, sysmon-utctime=2026-07-10 04:30:49.854, Status Code=N/A, User Domain=DOMAIN_0001.LOCAL, Key Length=N/A, Target Username=USER_0004, Event ID=8, Target Process Name=cygtermd.exe, sysmon-startmodule=-, ProgramName=N/A, Start Module=-, sysmon-startfunction=-, sysmon-user=USER_0002, SourceImageTempPath=N/A, Process GUID=N/A, Machine Identifier=HOST_0008, Object Type=N/A, Start Address=0x0000000000401000, Target Account Security ID=S-1-5-21-0002, Start Function=-, sysmon-startaddress=0x0000000000401000, Device Name=HOST_0008, sysmon-targetimage=C:\Users\QTHT~1.CHU\AppData\Roaming\MOBAXT~1\slash\bin\cygtermd.exe}",false,MAC_0001,MAC_0002,[REDACTED_DUPLICATE_PAYLOAD],3,53779,0,12,false,0:0:0:0:0:0:0:0,N/A,0,N/A,7036,<13>Jul 10 11:30:51 10.0.0.4.vnpost AgentDevice=WindowsLog	AgentLogFile=Microsoft-Windows-Sysmon/Operational	PluginVersion=7.3.1.28	Source=Microsoft-Windows-Sysmon	Computer=Jump-QTHTvDL-App	OriginatingComputer=Jump-QTHTvDL-App	User=USER_0002	Domain=DOMAIN_0006.LOCAL	EventID=8	EventIDCode=8	EventType=4	EventCategory=8	RecordNumber=73251432	TimeGenerated=1783657849	TimeWritten=1783657849	Level=Informational	Keywords=0x8000000000000000	Task=SysmonTask-SYSMON_CREATE_REMOTE_THREAD	Opcode=Info	Message=CreateRemoteThread detected: RuleName: - UtcTime: 2026-07-10 04:30:49.854 SourceProcessGuid: {5b31cfa1-7579-6a50-cd2f-070000001a00} SourceProcessId: 183684 SourceImage: C:\Users\USER_0015\AppData\Roaming\MobaXterm\slash\bin\MoTTYnew.exe TargetProcessGuid: {5b31cfa1-7579-6a50-ce2f-070000001a00} TargetProcessId: 197492 TargetImage: C:\Users\USER_0015\AppData\Roaming\MOBAXT~1\slash\bin\cygtermd.exe NewThreadId: 193680 StartAddress: 0x0000000000401000 StartModule: - StartFunction: - ,Suspicious Windows Events,N/A,1,0,unknown,N/A,CreateRemoteThread,unknown,0,null,1783657849000,255,0,false,0,"true""""",Microsoft-Windows-Sysmon/Operational,HOST_0004,The CreateRemoteThread event detects when a process creates a thread in another process.,0,1783657852476,No Offense,255,HOST_0009 @ 10.0.0.4,true,3,false,N/A,10.0.0.4,false,1783657852476,5,NETWORK_0002,35,8,0,3,-1,HOST_0004,[REDACTED_DUPLICATE_PAYLOAD],USER_0002,5001845,false,null,N/A,"11:30:52, 10 thg 7, 2026","11:30:49, 10 thg 7, 2026",MAC_0002,HOST_0006,439,0,false,10.0.0.4,0,N/A,10.0.0.3,1,"11:30:52, 10 thg 7, 2026",0:0:0:0:0:0:0:0,N/A,null,"100101,100164,100146,100221,100265,109237,109187,156193,100691,100626,100277,100272,134937,166353,100223"
N/A,false,0,0,USER_0004,HOST_0007,"{sysmon-eventid=8, Description=N/A, Message=N/A, Pipe Name=N/A, sysmon-processid=156640, sysmon-sourceimage=C:\Program Files (x86)\Mobatek\MobaXterm\MobaXterm.exe, channel=Microsoft-Windows-Sysmon/Operational, Logon Account Domain=DOMAIN_0001.LOCAL, Object Name=N/A, Target Process Path=C:\Users\USER_0015\AppData\Roaming\MobaXterm\slash\bin\MoTTYnew.exe, Process Name=MobaXterm.exe, Account Name=USER_0004, Logon Type=N/A, Target User Domain=DOMAIN_0001.LOCAL, Account Security ID=S-1-5-21-0002, Share Name=N/A, Authentication Package=N/A, sysmon-processguid={5b31cfa1-7577-6a50-cc2f-070000001a00}, sysmon-sourceprocessguid={5b31cfa1-7577-6a50-cc2f-070000001a00}, Logon Account Name=USER_0004, Realm=DOMAIN_0001.LOCAL, Source Process Path=C:\Program Files (x86)\Mobatek\MobaXterm\MobaXterm.exe, EventIDCode=8, Account ID=S-1-5-21-0002, sysmon-targetprocessid=183684, Process Path=C:\Program Files (x86)\Mobatek\MobaXterm\MobaXterm.exe, sysmon-utctime=2026-07-10 04:30:49.417, Status Code=N/A, User Domain=DOMAIN_0001.LOCAL, Key Length=N/A, Target Username=USER_0004, Event ID=8, Target Process Name=MoTTYnew.exe, sysmon-startmodule=-, ProgramName=N/A, Start Module=-, sysmon-startfunction=-, sysmon-user=USER_0002, SourceImageTempPath=N/A, Process GUID=N/A, Machine Identifier=HOST_0008, Object Type=N/A, Start Address=0x0000000000401480, Target Account Security ID=S-1-5-21-0002, Start Function=-, sysmon-startaddress=0x0000000000401480, Device Name=HOST_0008, sysmon-targetimage=C:\Users\QTHT~1.CHU\AppData\Roaming\MobaXterm\slash\bin\MoTTYnew.exe}",false,MAC_0001,MAC_0002,[REDACTED_DUPLICATE_PAYLOAD],3,53779,0,12,false,0:0:0:0:0:0:0:0,N/A,0,N/A,7036,<13>Jul 10 11:30:51 10.0.0.4.vnpost AgentDevice=WindowsLog	AgentLogFile=Microsoft-Windows-Sysmon/Operational	PluginVersion=7.3.1.28	Source=Microsoft-Windows-Sysmon	Computer=Jump-QTHTvDL-App	OriginatingComputer=Jump-QTHTvDL-App	User=USER_0002	Domain=DOMAIN_0006.LOCAL	EventID=8	EventIDCode=8	EventType=4	EventCategory=8	RecordNumber=73251360	TimeGenerated=1783657849	TimeWritten=1783657849	Level=Informational	Keywords=0x8000000000000000	Task=SysmonTask-SYSMON_CREATE_REMOTE_THREAD	Opcode=Info	Message=CreateRemoteThread detected: RuleName: - UtcTime: 2026-07-10 04:30:49.417 SourceProcessGuid: {5b31cfa1-7577-6a50-cc2f-070000001a00} SourceProcessId: 156640 SourceImage: C:\Program Files (x86)\Mobatek\MobaXterm\MobaXterm.exe TargetProcessGuid: {5b31cfa1-7579-6a50-cd2f-070000001a00} TargetProcessId: 183684 TargetImage: C:\Users\USER_0015\AppData\Roaming\MobaXterm\slash\bin\MoTTYnew.exe NewThreadId: 193412 StartAddress: 0x0000000000401480 StartModule: - StartFunction: - ,Suspicious Windows Events,N/A,1,0,unknown,N/A,CreateRemoteThread,unknown,0,null,1783657849000,255,0,false,0,"true""""",Microsoft-Windows-Sysmon/Operational,HOST_0004,The CreateRemoteThread event detects when a process creates a thread in another process.,0,1783657852474,No Offense,255,HOST_0009 @ 10.0.0.4,true,3,false,N/A,10.0.0.4,false,1783657852474,5,NETWORK_0002,35,8,0,3,-1,HOST_0004,[REDACTED_DUPLICATE_PAYLOAD],USER_0002,5001845,false,null,N/A,"11:30:52, 10 thg 7, 2026","11:30:49, 10 thg 7, 2026",MAC_0002,HOST_0006,439,0,false,10.0.0.4,0,N/A,10.0.0.3,1,"11:30:52, 10 thg 7, 2026",0:0:0:0:0:0:0:0,N/A,null,"100101,100164,100146,100221,100265,109237,109187,156193,100691,100626,100277,100272,134937,166353,100223"
N/A,false,0,0,USER_0004,HOST_0007,"{sysmon-eventid=8, Description=N/A, Message=N/A, Pipe Name=N/A, sysmon-processid=180804, sysmon-sourceimage=C:\Windows\explorer.exe, channel=Microsoft-Windows-Sysmon/Operational, Logon Account Domain=DOMAIN_0001.LOCAL, Object Name=N/A, Target Process Path=C:\Program Files (x86)\Mobatek\MobaXterm\MobaXterm.exe, Process Name=explorer.exe, Account Name=USER_0004, Logon Type=N/A, Target User Domain=DOMAIN_0001.LOCAL, Account Security ID=S-1-5-21-0002, Share Name=N/A, Authentication Package=N/A, sysmon-processguid={5b31cfa1-755f-6a50-b22f-070000001a00}, sysmon-sourceprocessguid={5b31cfa1-755f-6a50-b22f-070000001a00}, Logon Account Name=USER_0004, Realm=DOMAIN_0001.LOCAL, Source Process Path=C:\Windows\explorer.exe, EventIDCode=8, Account ID=S-1-5-21-0002, sysmon-targetprocessid=156640, Process Path=C:\Windows\explorer.exe, sysmon-utctime=2026-07-10 04:30:47.354, Status Code=N/A, User Domain=DOMAIN_0001.LOCAL, Key Length=N/A, Target Username=USER_0004, Event ID=8, Target Process Name=MobaXterm.exe, sysmon-startmodule=-, ProgramName=N/A, Start Module=-, sysmon-startfunction=-, sysmon-user=USER_0002, SourceImageTempPath=N/A, Process GUID=N/A, Machine Identifier=HOST_0008, Object Type=N/A, Start Address=0x0000000000B1003C, Target Account Security ID=S-1-5-21-0002, Start Function=-, sysmon-startaddress=0x0000000000B1003C, Device Name=HOST_0008, sysmon-targetimage=C:\Program Files (x86)\Mobatek\MobaXterm\MobaXterm.exe}",false,MAC_0001,MAC_0002,[REDACTED_DUPLICATE_PAYLOAD],3,53779,0,12,false,0:0:0:0:0:0:0:0,N/A,0,N/A,7036,<13>Jul 10 11:30:48 10.0.0.4.vnpost AgentDevice=WindowsLog	AgentLogFile=Microsoft-Windows-Sysmon/Operational	PluginVersion=7.3.1.28	Source=Microsoft-Windows-Sysmon	Computer=Jump-QTHTvDL-App	OriginatingComputer=Jump-QTHTvDL-App	User=USER_0002	Domain=DOMAIN_0006.LOCAL	EventID=8	EventIDCode=8	EventType=4	EventCategory=8	RecordNumber=73249506	TimeGenerated=1783657847	TimeWritten=1783657847	Level=Informational	Keywords=0x8000000000000000	Task=SysmonTask-SYSMON_CREATE_REMOTE_THREAD	Opcode=Info	Message=CreateRemoteThread detected: RuleName: - UtcTime: 2026-07-10 04:30:47.354 SourceProcessGuid: {5b31cfa1-755f-6a50-b22f-070000001a00} SourceProcessId: 180804 SourceImage: C:\Windows\explorer.exe TargetProcessGuid: {5b31cfa1-7577-6a50-cc2f-070000001a00} TargetProcessId: 156640 TargetImage: C:\Program Files (x86)\Mobatek\MobaXterm\MobaXterm.exe NewThreadId: 195360 StartAddress: 0x0000000000B1003C StartModule: - StartFunction: - ,Suspicious Windows Events,N/A,1,0,unknown,N/A,CreateRemoteThread,unknown,0,null,1783657847000,255,0,false,0,"true""""",Microsoft-Windows-Sysmon/Operational,HOST_0004,The CreateRemoteThread event detects when a process creates a thread in another process.,0,1783657849569,No Offense,255,HOST_0009 @ 10.0.0.4,true,3,false,N/A,10.0.0.4,false,1783657849569,5,NETWORK_0002,35,8,0,3,-1,HOST_0004,[REDACTED_DUPLICATE_PAYLOAD],USER_0002,5001845,false,null,N/A,"11:30:49, 10 thg 7, 2026","11:30:47, 10 thg 7, 2026",MAC_0002,HOST_0006,439,0,false,10.0.0.4,0,N/A,10.0.0.3,1,"11:30:49, 10 thg 7, 2026",0:0:0:0:0:0:0:0,N/A,null,"100101,100164,100146,100221,100265,109237,109187,100668,156193,100691,100626,100277,100272,134937,166353,100223"
N/A,false,0,0,USER_0004,HOST_0007,"{sysmon-eventid=8, Description=N/A, Message=N/A, Pipe Name=N/A, sysmon-processid=115096, sysmon-sourceimage=C:\Windows\SysWOW64\epa\GTBRMAgent.exe, channel=Microsoft-Windows-Sysmon/Operational, Logon Account Domain=DOMAIN_0001.LOCAL, Object Name=N/A, Target Process Path=C:\Windows\SysWOW64\epa\GTBInjector32.exe, Process Name=GTBRMAgent.exe, Account Name=USER_0004, Logon Type=N/A, Target User Domain=DOMAIN_0001.LOCAL, Account Security ID=S-1-5-21-0002, Share Name=N/A, Authentication Package=N/A, sysmon-processguid={5b31cfa1-40c6-6a3a-1b2c-060000001a00}, sysmon-sourceprocessguid={5b31cfa1-40c6-6a3a-1b2c-060000001a00}, Logon Account Name=USER_0004, Realm=DOMAIN_0001.LOCAL, Source Process Path=C:\Windows\SysWOW64\epa\GTBRMAgent.exe, EventIDCode=8, Account ID=S-1-5-21-0002, sysmon-targetprocessid=195184, Process Path=C:\Windows\SysWOW64\epa\GTBRMAgent.exe, sysmon-utctime=2026-07-10 04:30:24.416, Status Code=N/A, User Domain=DOMAIN_0001.LOCAL, Key Length=N/A, Target Username=USER_0004, Event ID=8, Target Process Name=GTBInjector32.exe, sysmon-startmodule=-, ProgramName=N/A, Start Module=-, sysmon-startfunction=-, sysmon-user=USER_0002, SourceImageTempPath=N/A, Process GUID=N/A, Machine Identifier=HOST_0008, Object Type=N/A, Start Address=0x0000000000A28506, Target Account Security ID=S-1-5-21-0002, Start Function=-, sysmon-startaddress=0x0000000000A28506, Device Name=HOST_0008, sysmon-targetimage=C:\Windows\SysWOW64\epa\GTBInjector32.exe}",false,MAC_0001,MAC_0002,[REDACTED_DUPLICATE_PAYLOAD],3,53779,0,12,false,0:0:0:0:0:0:0:0,N/A,0,N/A,7036,<13>Jul 10 11:30:27 10.0.0.4.vnpost AgentDevice=WindowsLog	AgentLogFile=Microsoft-Windows-Sysmon/Operational	PluginVersion=7.3.1.28	Source=Microsoft-Windows-Sysmon	Computer=Jump-QTHTvDL-App	OriginatingComputer=Jump-QTHTvDL-App	User=USER_0002	Domain=DOMAIN_0006.LOCAL	EventID=8	EventIDCode=8	EventType=4	EventCategory=8	RecordNumber=73238912	TimeGenerated=1783657824	TimeWritten=1783657824	Level=Informational	Keywords=0x8000000000000000	Task=SysmonTask-SYSMON_CREATE_REMOTE_THREAD	Opcode=Info	Message=CreateRemoteThread detected: RuleName: - UtcTime: 2026-07-10 04:30:24.416 SourceProcessGuid: {5b31cfa1-40c6-6a3a-1b2c-060000001a00} SourceProcessId: 115096 SourceImage: C:\Windows\SysWOW64\epa\GTBRMAgent.exe TargetProcessGuid: {5b31cfa1-7560-6a50-bb2f-070000001a00} TargetProcessId: 195184 TargetImage: C:\Windows\SysWOW64\epa\GTBInjector32.exe NewThreadId: 191512 StartAddress: 0x0000000000A28506 StartModule: - StartFunction: - ,Suspicious Windows Events,N/A,1,0,unknown,N/A,CreateRemoteThread,unknown,0,null,1783657824000,255,0,false,0,"true""""",Microsoft-Windows-Sysmon/Operational,HOST_0004,The CreateRemoteThread event detects when a process creates a thread in another process.,0,1783657828572,No Offense,255,HOST_0009 @ 10.0.0.4,true,3,false,N/A,10.0.0.4,false,1783657828572,5,NETWORK_0002,35,8,0,3,-1,HOST_0004,[REDACTED_DUPLICATE_PAYLOAD],USER_0002,5001845,false,null,N/A,"11:30:28, 10 thg 7, 2026","11:30:24, 10 thg 7, 2026",MAC_0002,HOST_0006,439,0,false,10.0.0.4,0,N/A,10.0.0.3,1,"11:30:28, 10 thg 7, 2026",0:0:0:0:0:0:0:0,N/A,null,"100101,100164,100146,100221,100265,109237,109187,100668,156193,100691,100626,100277,100272,134937,166353,100223"
N/A,false,0,0,USER_0004,HOST_0007,"{sysmon-eventid=8, Description=N/A, Message=N/A, Pipe Name=N/A, sysmon-processid=115096, sysmon-sourceimage=C:\Windows\SysWOW64\epa\GTBRMAgent.exe, channel=Microsoft-Windows-Sysmon/Operational, Logon Account Domain=DOMAIN_0001.LOCAL, Object Name=N/A, Target Process Path=C:\Windows\SysWOW64\epa\GTBUserCtl.exe, Process Name=GTBRMAgent.exe, Account Name=USER_0004, Logon Type=N/A, Target User Domain=DOMAIN_0001.LOCAL, Account Security ID=S-1-5-21-0002, Share Name=N/A, Authentication Package=N/A, sysmon-processguid={5b31cfa1-40c6-6a3a-1b2c-060000001a00}, sysmon-sourceprocessguid={5b31cfa1-40c6-6a3a-1b2c-060000001a00}, Logon Account Name=USER_0004, Realm=DOMAIN_0001.LOCAL, Source Process Path=C:\Windows\SysWOW64\epa\GTBRMAgent.exe, EventIDCode=8, Account ID=S-1-5-21-0002, sysmon-targetprocessid=192672, Process Path=C:\Windows\SysWOW64\epa\GTBRMAgent.exe, sysmon-utctime=2026-07-10 04:30:22.432, Status Code=N/A, User Domain=DOMAIN_0001.LOCAL, Key Length=N/A, Target Username=USER_0004, Event ID=8, Target Process Name=GTBUserCtl.exe, sysmon-startmodule=-, ProgramName=N/A, Start Module=-, sysmon-startfunction=-, sysmon-user=USER_0002, SourceImageTempPath=N/A, Process GUID=N/A, Machine Identifier=HOST_0008, Object Type=N/A, Start Address=0x0000000000FAAA65, Target Account Security ID=S-1-5-21-0002, Start Function=-, sysmon-startaddress=0x0000000000FAAA65, Device Name=HOST_0008, sysmon-targetimage=C:\Windows\SysWOW64\epa\GTBUserCtl.exe}",false,MAC_0001,MAC_0002,[REDACTED_DUPLICATE_PAYLOAD],3,53779,0,12,false,0:0:0:0:0:0:0:0,N/A,0,N/A,7036,<13>Jul 10 11:30:23 10.0.0.4.vnpost AgentDevice=WindowsLog	AgentLogFile=Microsoft-Windows-Sysmon/Operational	PluginVersion=7.3.1.28	Source=Microsoft-Windows-Sysmon	Computer=Jump-QTHTvDL-App	OriginatingComputer=Jump-QTHTvDL-App	User=USER_0002	Domain=DOMAIN_0006.LOCAL	EventID=8	EventIDCode=8	EventType=4	EventCategory=8	RecordNumber=73235424	TimeGenerated=1783657822	TimeWritten=1783657822	Level=Informational	Keywords=0x8000000000000000	Task=SysmonTask-SYSMON_CREATE_REMOTE_THREAD	Opcode=Info	Message=CreateRemoteThread detected: RuleName: - UtcTime: 2026-07-10 04:30:22.432 SourceProcessGuid: {5b31cfa1-40c6-6a3a-1b2c-060000001a00} SourceProcessId: 115096 SourceImage: C:\Windows\SysWOW64\epa\GTBRMAgent.exe TargetProcessGuid: {5b31cfa1-755e-6a50-a42f-070000001a00} TargetProcessId: 192672 TargetImage: C:\Windows\SysWOW64\epa\GTBUserCtl.exe NewThreadId: 139068 StartAddress: 0x0000000000FAAA65 StartModule: - StartFunction: - ,Suspicious Windows Events,N/A,1,0,unknown,N/A,CreateRemoteThread,unknown,0,null,1783657822000,255,0,false,0,"true""""",Microsoft-Windows-Sysmon/Operational,HOST_0004,The CreateRemoteThread event detects when a process creates a thread in another process.,0,1783657825009,No Offense,255,HOST_0009 @ 10.0.0.4,true,3,false,N/A,10.0.0.4,false,1783657825009,5,NETWORK_0002,35,8,0,3,-1,HOST_0004,[REDACTED_DUPLICATE_PAYLOAD],USER_0002,5001845,false,null,N/A,"11:30:25, 10 thg 7, 2026","11:30:22, 10 thg 7, 2026",MAC_0002,HOST_0006,439,0,false,10.0.0.4,0,N/A,10.0.0.3,1,"11:30:25, 10 thg 7, 2026",0:0:0:0:0:0:0:0,N/A,null,"100101,100164,100146,100221,100265,109237,109187,100668,156193,100691,100626,100277,100272,134937,166353,100223"
N/A,false,0,0,USER_0004,HOST_0007,"{sysmon-eventid=8, Description=N/A, Message=N/A, Pipe Name=N/A, sysmon-processid=187744, sysmon-sourceimage=E:\CongTC\MobaXterm_Portable_v25.3 (2)\MobaXterm_Portable_v25.3\MobaXterm_Personal_25.3.exe, channel=Microsoft-Windows-Sysmon/Operational, Logon Account Domain=DOMAIN_0001.LOCAL, Object Name=N/A, Target Process Path=C:\Users\USER_0018\AppData\Roaming\MobaXterm\slash\mx86_64b\bin\MobaSCPRi.exe, Process Name=MobaXterm_Personal_25.3.exe, Account Name=USER_0004, Logon Type=N/A, Target User Domain=DOMAIN_0001.LOCAL, Account Security ID=S-1-5-21-0002, Share Name=N/A, Authentication Package=N/A, sysmon-processguid={5b31cfa1-718a-6a50-522f-070000001a00}, sysmon-sourceprocessguid={5b31cfa1-718a-6a50-522f-070000001a00}, Logon Account Name=USER_0004, Realm=DOMAIN_0001.LOCAL, Source Process Path=E:\CongTC\MobaXterm_Portable_v25.3 (2)\MobaXterm_Portable_v25DOMAIN_0010.LOCAL\USER_0019, EventIDCode=8, Account ID=S-1-5-21-0002, sysmon-targetprocessid=189196, Process Path=E:\CongTC\MobaXterm_Portable_v25.3 (2)\MobaXterm_Portable_v25DOMAIN_0010.LOCAL\USER_0019, sysmon-utctime=2026-07-10 04:26:14.727, Status Code=N/A, User Domain=DOMAIN_0001.LOCAL, Key Length=N/A, Target Username=USER_0004, Event ID=8, Target Process Name=MobaSCPRi.exe, sysmon-startmodule=-, ProgramName=N/A, Start Module=-, sysmon-startfunction=-, sysmon-user=USER_0002, SourceImageTempPath=N/A, Process GUID=N/A, Machine Identifier=HOST_0008, Object Type=N/A, Start Address=0x00000000004014A0, Target Account Security ID=S-1-5-21-0002, Start Function=-, sysmon-startaddress=0x00000000004014A0, Device Name=HOST_0008, sysmon-targetimage=C:\Users\ducnt\AppData\Roaming\MobaXterm\slash\mx86_64b\bin\MobaSCPRi.exe}",false,MAC_0001,MAC_0002,[REDACTED_DUPLICATE_PAYLOAD],3,53779,0,12,false,0:0:0:0:0:0:0:0,N/A,0,N/A,7036,<13>Jul 10 11:26:15 10.0.0.4.vnpost AgentDevice=WindowsLog	AgentLogFile=Microsoft-Windows-Sysmon/Operational	PluginVersion=7.3.1.28	Source=Microsoft-Windows-Sysmon	Computer=Jump-QTHTvDL-App	OriginatingComputer=Jump-QTHTvDL-App	User=USER_0002	Domain=DOMAIN_0006.LOCAL	EventID=8	EventIDCode=8	EventType=4	EventCategory=8	RecordNumber=73201757	TimeGenerated=1783657574	TimeWritten=1783657574	Level=Informational	Keywords=0x8000000000000000	Task=SysmonTask-SYSMON_CREATE_REMOTE_THREAD	Opcode=Info	Message=CreateRemoteThread detected: RuleName: - UtcTime: 2026-07-10 04:26:14.727 SourceProcessGuid: {5b31cfa1-718a-6a50-522f-070000001a00} SourceProcessId: 187744 SourceImage: E:\CongTC\MobaXterm_Portable_v25.3 (2)\MobaXterm_Portable_v25DOMAIN_0010.LOCAL\USER_0019 TargetProcessGuid: {5b31cfa1-7466-6a50-8e2f-070000001a00} TargetProcessId: 189196 TargetImage: C:\Users\USER_0018\AppData\Roaming\MobaXterm\slash\mx86_64b\bin\MobaSCPRi.exe NewThreadId: 168700 StartAddress: 0x00000000004014A0 StartModule: - StartFunction: - ,Suspicious Windows Events,N/A,1,0,unknown,N/A,CreateRemoteThread,unknown,0,null,1783657574000,255,0,false,0,"true""""",Microsoft-Windows-Sysmon/Operational,HOST_0004,The CreateRemoteThread event detects when a process creates a thread in another process.,0,1783657583696,No Offense,255,HOST_0009 @ 10.0.0.4,true,3,false,N/A,10.0.0.4,false,1783657583696,5,NETWORK_0002,35,8,0,3,-1,HOST_0004,[REDACTED_DUPLICATE_PAYLOAD],USER_0002,5001845,false,null,N/A,"11:26:23, 10 thg 7, 2026","11:26:14, 10 thg 7, 2026",MAC_0002,HOST_0006,439,0,false,10.0.0.4,0,N/A,10.0.0.3,1,"11:26:23, 10 thg 7, 2026",0:0:0:0:0:0:0:0,N/A,null,"100101,100164,100146,100221,100265,109237,109187,156193,100691,100626,100277,100272,134937,166353,100223"
N/A,false,0,0,USER_0004,HOST_0007,"{sysmon-eventid=8, Description=N/A, Message=N/A, Pipe Name=N/A, sysmon-processid=187744, sysmon-sourceimage=E:\CongTC\MobaXterm_Portable_v25.3 (2)\MobaXterm_Portable_v25.3\MobaXterm_Personal_25.3.exe, channel=Microsoft-Windows-Sysmon/Operational, Logon Account Domain=DOMAIN_0001.LOCAL, Object Name=N/A, Target Process Path=C:\Users\USER_0018\AppData\Roaming\MobaXterm\slash\mx86_64b\bin\MoTTY.exe, Process Name=MobaXterm_Personal_25.3.exe, Account Name=USER_0004, Logon Type=N/A, Target User Domain=DOMAIN_0001.LOCAL, Account Security ID=S-1-5-21-0002, Share Name=N/A, Authentication Package=N/A, sysmon-processguid={5b31cfa1-718a-6a50-522f-070000001a00}, sysmon-sourceprocessguid={5b31cfa1-718a-6a50-522f-070000001a00}, Logon Account Name=USER_0004, Realm=DOMAIN_0001.LOCAL, Source Process Path=E:\CongTC\MobaXterm_Portable_v25.3 (2)\MobaXterm_Portable_v25DOMAIN_0010.LOCAL\USER_0019, EventIDCode=8, Account ID=S-1-5-21-0002, sysmon-targetprocessid=197780, Process Path=E:\CongTC\MobaXterm_Portable_v25.3 (2)\MobaXterm_Portable_v25DOMAIN_0010.LOCAL\USER_0019, sysmon-utctime=2026-07-10 04:26:05.493, Status Code=N/A, User Domain=DOMAIN_0001.LOCAL, Key Length=N/A, Target Username=USER_0004, Event ID=8, Target Process Name=MoTTY.exe, sysmon-startmodule=-, ProgramName=N/A, Start Module=-, sysmon-startfunction=-, sysmon-user=USER_0002, SourceImageTempPath=N/A, Process GUID=N/A, Machine Identifier=HOST_0008, Object Type=N/A, Start Address=0x0000000000401480, Target Account Security ID=S-1-5-21-0002, Start Function=-, sysmon-startaddress=0x0000000000401480, Device Name=HOST_0008, sysmon-targetimage=C:\Users\ducnt\AppData\Roaming\MobaXterm\slash\mx86_64b\bin\MoTTY.exe}",false,MAC_0001,MAC_0002,[REDACTED_DUPLICATE_PAYLOAD],3,53779,0,12,false,0:0:0:0:0:0:0:0,N/A,0,N/A,7036,<13>Jul 10 11:26:06 10.0.0.4.vnpost AgentDevice=WindowsLog	AgentLogFile=Microsoft-Windows-Sysmon/Operational	PluginVersion=7.3.1.28	Source=Microsoft-Windows-Sysmon	Computer=Jump-QTHTvDL-App	OriginatingComputer=Jump-QTHTvDL-App	User=USER_0002	Domain=DOMAIN_0006.LOCAL	EventID=8	EventIDCode=8	EventType=4	EventCategory=8	RecordNumber=73201557	TimeGenerated=1783657565	TimeWritten=1783657565	Level=Informational	Keywords=0x8000000000000000	Task=SysmonTask-SYSMON_CREATE_REMOTE_THREAD	Opcode=Info	Message=CreateRemoteThread detected: RuleName: - UtcTime: 2026-07-10 04:26:05.493 SourceProcessGuid: {5b31cfa1-718a-6a50-522f-070000001a00} SourceProcessId: 187744 SourceImage: E:\CongTC\MobaXterm_Portable_v25.3 (2)\MobaXterm_Portable_v25DOMAIN_0010.LOCAL\USER_0019 TargetProcessGuid: {5b31cfa1-745d-6a50-8d2f-070000001a00} TargetProcessId: 197780 TargetImage: C:\Users\USER_0018\AppData\Roaming\MobaXterm\slash\mx86_64b\bin\MoTTY.exe NewThreadId: 194788 StartAddress: 0x0000000000401480 StartModule: - StartFunction: - ,Suspicious Windows Events,N/A,1,0,unknown,N/A,CreateRemoteThread,unknown,0,null,1783657565000,255,0,false,0,"true""""",Microsoft-Windows-Sysmon/Operational,HOST_0004,The CreateRemoteThread event detects when a process creates a thread in another process.,0,1783657573708,No Offense,255,HOST_0009 @ 10.0.0.4,true,3,false,N/A,10.0.0.4,false,1783657573708,5,NETWORK_0002,35,8,0,3,-1,HOST_0004,[REDACTED_DUPLICATE_PAYLOAD],USER_0002,5001845,false,null,N/A,"11:26:13, 10 thg 7, 2026","11:26:05, 10 thg 7, 2026",MAC_0002,HOST_0006,439,0,false,10.0.0.4,0,N/A,10.0.0.3,1,"11:26:13, 10 thg 7, 2026",0:0:0:0:0:0:0:0,N/A,null,"100101,100164,100146,100221,100265,109237,109187,156193,100691,100626,100277,100272,134937,166353,100223"
N/A,false,0,0,USER_0004,HOST_0007,"{sysmon-eventid=8, Description=N/A, Message=N/A, Pipe Name=N/A, sysmon-processid=187744, sysmon-sourceimage=E:\CongTC\MobaXterm_Portable_v25.3 (2)\MobaXterm_Portable_v25.3\MobaXterm_Personal_25.3.exe, channel=Microsoft-Windows-Sysmon/Operational, Logon Account Domain=DOMAIN_0001.LOCAL, Object Name=N/A, Target Process Path=C:\Users\USER_0018\AppData\Roaming\MobaXterm\slash\mx86_64b\bin\MobaSCPRi.exe, Process Name=MobaXterm_Personal_25.3.exe, Account Name=USER_0004, Logon Type=N/A, Target User Domain=DOMAIN_0001.LOCAL, Account Security ID=S-1-5-21-0002, Share Name=N/A, Authentication Package=N/A, sysmon-processguid={5b31cfa1-718a-6a50-522f-070000001a00}, sysmon-sourceprocessguid={5b31cfa1-718a-6a50-522f-070000001a00}, Logon Account Name=USER_0004, Realm=DOMAIN_0001.LOCAL, Source Process Path=E:\CongTC\MobaXterm_Portable_v25.3 (2)\MobaXterm_Portable_v25DOMAIN_0010.LOCAL\USER_0019, EventIDCode=8, Account ID=S-1-5-21-0002, sysmon-targetprocessid=193376, Process Path=E:\CongTC\MobaXterm_Portable_v25.3 (2)\MobaXterm_Portable_v25DOMAIN_0010.LOCAL\USER_0019, sysmon-utctime=2026-07-10 04:25:24.383, Status Code=N/A, User Domain=DOMAIN_0001.LOCAL, Key Length=N/A, Target Username=USER_0004, Event ID=8, Target Process Name=MobaSCPRi.exe, sysmon-startmodule=-, ProgramName=N/A, Start Module=-, sysmon-startfunction=-, sysmon-user=USER_0002, SourceImageTempPath=N/A, Process GUID=N/A, Machine Identifier=HOST_0008, Object Type=N/A, Start Address=0x00000000004014A0, Target Account Security ID=S-1-5-21-0002, Start Function=-, sysmon-startaddress=0x00000000004014A0, Device Name=HOST_0008, sysmon-targetimage=C:\Users\ducnt\AppData\Roaming\MobaXterm\slash\mx86_64b\bin\MobaSCPRi.exe}",false,MAC_0001,MAC_0002,[REDACTED_DUPLICATE_PAYLOAD],3,53779,0,12,false,0:0:0:0:0:0:0:0,N/A,0,N/A,7036,<13>Jul 10 11:25:27 10.0.0.4.vnpost AgentDevice=WindowsLog	AgentLogFile=Microsoft-Windows-Sysmon/Operational	PluginVersion=7.3.1.28	Source=Microsoft-Windows-Sysmon	Computer=Jump-QTHTvDL-App	OriginatingComputer=Jump-QTHTvDL-App	User=USER_0002	Domain=DOMAIN_0006.LOCAL	EventID=8	EventIDCode=8	EventType=4	EventCategory=8	RecordNumber=73200486	TimeGenerated=1783657524	TimeWritten=1783657524	Level=Informational	Keywords=0x8000000000000000	Task=SysmonTask-SYSMON_CREATE_REMOTE_THREAD	Opcode=Info	Message=CreateRemoteThread detected: RuleName: - UtcTime: 2026-07-10 04:25:24.383 SourceProcessGuid: {5b31cfa1-718a-6a50-522f-070000001a00} SourceProcessId: 187744 SourceImage: E:\CongTC\MobaXterm_Portable_v25.3 (2)\MobaXterm_Portable_v25DOMAIN_0010.LOCAL\USER_0019 TargetProcessGuid: {5b31cfa1-7434-6a50-8b2f-070000001a00} TargetProcessId: 193376 TargetImage: C:\Users\USER_0018\AppData\Roaming\MobaXterm\slash\mx86_64b\bin\MobaSCPRi.exe NewThreadId: 195372 StartAddress: 0x00000000004014A0 StartModule: - StartFunction: - ,Suspicious Windows Events,N/A,1,0,unknown,N/A,CreateRemoteThread,unknown,0,null,1783657524000,255,0,false,0,"true""""",Microsoft-Windows-Sysmon/Operational,HOST_0004,The CreateRemoteThread event detects when a process creates a thread in another process.,0,1783657531681,No Offense,255,HOST_0009 @ 10.0.0.4,true,3,false,N/A,10.0.0.4,false,1783657531681,5,NETWORK_0002,35,8,0,3,-1,HOST_0004,[REDACTED_DUPLICATE_PAYLOAD],USER_0002,5001845,false,null,N/A,"11:25:31, 10 thg 7, 2026","11:25:24, 10 thg 7, 2026",MAC_0002,HOST_0006,439,0,false,10.0.0.4,0,N/A,10.0.0.3,1,"11:25:31, 10 thg 7, 2026",0:0:0:0:0:0:0:0,N/A,null,"100101,100164,100146,100221,100265,109237,109187,156193,100691,100626,100277,100272,134937,166353,100223"
N/A,false,0,0,USER_0004,HOST_0007,"{sysmon-eventid=8, Description=N/A, Message=N/A, Pipe Name=N/A, sysmon-processid=187744, sysmon-sourceimage=E:\CongTC\MobaXterm_Portable_v25.3 (2)\MobaXterm_Portable_v25.3\MobaXterm_Personal_25.3.exe, channel=Microsoft-Windows-Sysmon/Operational, Logon Account Domain=DOMAIN_0001.LOCAL, Object Name=N/A, Target Process Path=C:\Users\USER_0018\AppData\Roaming\MobaXterm\slash\mx86_64b\bin\MoTTY.exe, Process Name=MobaXterm_Personal_25.3.exe, Account Name=USER_0004, Logon Type=N/A, Target User Domain=DOMAIN_0001.LOCAL, Account Security ID=S-1-5-21-0002, Share Name=N/A, Authentication Package=N/A, sysmon-processguid={5b31cfa1-718a-6a50-522f-070000001a00}, sysmon-sourceprocessguid={5b31cfa1-718a-6a50-522f-070000001a00}, Logon Account Name=USER_0004, Realm=DOMAIN_0001.LOCAL, Source Process Path=E:\CongTC\MobaXterm_Portable_v25.3 (2)\MobaXterm_Portable_v25DOMAIN_0010.LOCAL\USER_0019, EventIDCode=8, Account ID=S-1-5-21-0002, sysmon-targetprocessid=191408, Process Path=E:\CongTC\MobaXterm_Portable_v25.3 (2)\MobaXterm_Portable_v25DOMAIN_0010.LOCAL\USER_0019, sysmon-utctime=2026-07-10 04:25:12.320, Status Code=N/A, User Domain=DOMAIN_0001.LOCAL, Key Length=N/A, Target Username=USER_0004, Event ID=8, Target Process Name=MoTTY.exe, sysmon-startmodule=-, ProgramName=N/A, Start Module=-, sysmon-startfunction=-, sysmon-user=USER_0002, SourceImageTempPath=N/A, Process GUID=N/A, Machine Identifier=HOST_0008, Object Type=N/A, Start Address=0x0000000000401480, Target Account Security ID=S-1-5-21-0002, Start Function=-, sysmon-startaddress=0x0000000000401480, Device Name=HOST_0008, sysmon-targetimage=C:\Users\ducnt\AppData\Roaming\MobaXterm\slash\mx86_64b\bin\MoTTY.exe}",false,MAC_0001,MAC_0002,[REDACTED_DUPLICATE_PAYLOAD],3,53779,0,12,false,0:0:0:0:0:0:0:0,N/A,0,N/A,7036,<13>Jul 10 11:25:15 10.0.0.4.vnpost AgentDevice=WindowsLog	AgentLogFile=Microsoft-Windows-Sysmon/Operational	PluginVersion=7.3.1.28	Source=Microsoft-Windows-Sysmon	Computer=Jump-QTHTvDL-App	OriginatingComputer=Jump-QTHTvDL-App	User=USER_0002	Domain=DOMAIN_0006.LOCAL	EventID=8	EventIDCode=8	EventType=4	EventCategory=8	RecordNumber=73200214	TimeGenerated=1783657512	TimeWritten=1783657512	Level=Informational	Keywords=0x8000000000000000	Task=SysmonTask-SYSMON_CREATE_REMOTE_THREAD	Opcode=Info	Message=CreateRemoteThread detected: RuleName: - UtcTime: 2026-07-10 04:25:12.320 SourceProcessGuid: {5b31cfa1-718a-6a50-522f-070000001a00} SourceProcessId: 187744 SourceImage: E:\CongTC\MobaXterm_Portable_v25.3 (2)\MobaXterm_Portable_v25DOMAIN_0010.LOCAL\USER_0019 TargetProcessGuid: {5b31cfa1-7428-6a50-8a2f-070000001a00} TargetProcessId: 191408 TargetImage: C:\Users\USER_0018\AppData\Roaming\MobaXterm\slash\mx86_64b\bin\MoTTY.exe NewThreadId: 190036 StartAddress: 0x0000000000401480 StartModule: - StartFunction: - ,Suspicious Windows Events,N/A,1,0,unknown,N/A,CreateRemoteThread,unknown,0,null,1783657512000,255,0,false,0,"true""""",Microsoft-Windows-Sysmon/Operational,HOST_0004,The CreateRemoteThread event detects when a process creates a thread in another process.,0,1783657520699,No Offense,255,HOST_0009 @ 10.0.0.4,true,3,false,N/A,10.0.0.4,false,1783657520699,5,NETWORK_0002,35,8,0,3,-1,HOST_0004,[REDACTED_DUPLICATE_PAYLOAD],USER_0002,5001845,false,null,N/A,"11:25:20, 10 thg 7, 2026","11:25:12, 10 thg 7, 2026",MAC_0002,HOST_0006,439,0,false,10.0.0.4,0,N/A,10.0.0.3,1,"11:25:20, 10 thg 7, 2026",0:0:0:0:0:0:0:0,N/A,null,"100101,100164,100146,100221,100265,109237,109187,156193,100691,100626,100277,100272,134937,166353,100223"
N/A,false,0,0,USER_0004,HOST_0007,"{sysmon-eventid=8, Description=N/A, Message=N/A, Pipe Name=N/A, sysmon-processid=115096, sysmon-sourceimage=C:\Windows\SysWOW64\epa\GTBRMAgent.exe, channel=Microsoft-Windows-Sysmon/Operational, Logon Account Domain=DOMAIN_0001.LOCAL, Object Name=N/A, Target Process Path=C:\Windows\SysWOW64\epa\GTBInjector32.exe, Process Name=GTBRMAgent.exe, Account Name=USER_0004, Logon Type=N/A, Target User Domain=DOMAIN_0001.LOCAL, Account Security ID=S-1-5-21-0002, Share Name=N/A, Authentication Package=N/A, sysmon-processguid={5b31cfa1-40c6-6a3a-1b2c-060000001a00}, sysmon-sourceprocessguid={5b31cfa1-40c6-6a3a-1b2c-060000001a00}, Logon Account Name=USER_0004, Realm=DOMAIN_0001.LOCAL, Source Process Path=C:\Windows\SysWOW64\epa\GTBRMAgent.exe, EventIDCode=8, Account ID=S-1-5-21-0002, sysmon-targetprocessid=197912, Process Path=C:\Windows\SysWOW64\epa\GTBRMAgent.exe, sysmon-utctime=2026-07-10 04:24:26.804, Status Code=N/A, User Domain=DOMAIN_0001.LOCAL, Key Length=N/A, Target Username=USER_0004, Event ID=8, Target Process Name=GTBInjector32.exe, sysmon-startmodule=-, ProgramName=N/A, Start Module=-, sysmon-startfunction=-, sysmon-user=USER_0002, SourceImageTempPath=N/A, Process GUID=N/A, Machine Identifier=HOST_0008, Object Type=N/A, Start Address=0x0000000000A28506, Target Account Security ID=S-1-5-21-0002, Start Function=-, sysmon-startaddress=0x0000000000A28506, Device Name=HOST_0008, sysmon-targetimage=C:\Windows\SysWOW64\epa\GTBInjector32.exe}",false,MAC_0001,MAC_0002,[REDACTED_DUPLICATE_PAYLOAD],3,53779,0,12,false,0:0:0:0:0:0:0:0,N/A,0,N/A,7036,<13>Jul 10 11:24:30 10.0.0.4.vnpost AgentDevice=WindowsLog	AgentLogFile=Microsoft-Windows-Sysmon/Operational	PluginVersion=7.3.1.28	Source=Microsoft-Windows-Sysmon	Computer=Jump-QTHTvDL-App	OriginatingComputer=Jump-QTHTvDL-App	User=USER_0002	Domain=DOMAIN_0006.LOCAL	EventID=8	EventIDCode=8	EventType=4	EventCategory=8	RecordNumber=73199089	TimeGenerated=1783657466	TimeWritten=1783657466	Level=Informational	Keywords=0x8000000000000000	Task=SysmonTask-SYSMON_CREATE_REMOTE_THREAD	Opcode=Info	Message=CreateRemoteThread detected: RuleName: - UtcTime: 2026-07-10 04:24:26.804 SourceProcessGuid: {5b31cfa1-40c6-6a3a-1b2c-060000001a00} SourceProcessId: 115096 SourceImage: C:\Windows\SysWOW64\epa\GTBRMAgent.exe TargetProcessGuid: {5b31cfa1-73fa-6a50-892f-070000001a00} TargetProcessId: 197912 TargetImage: C:\Windows\SysWOW64\epa\GTBInjector32.exe NewThreadId: 176776 StartAddress: 0x0000000000A28506 StartModule: - StartFunction: - ,Suspicious Windows Events,N/A,1,0,unknown,N/A,CreateRemoteThread,unknown,0,null,1783657466000,255,0,false,0,"true""""",Microsoft-Windows-Sysmon/Operational,HOST_0004,The CreateRemoteThread event detects when a process creates a thread in another process.,0,1783657479152,No Offense,255,HOST_0009 @ 10.0.0.4,true,3,false,N/A,10.0.0.4,false,1783657479152,5,NETWORK_0002,35,8,0,3,-1,HOST_0004,[REDACTED_DUPLICATE_PAYLOAD],USER_0002,5001845,false,null,N/A,"11:24:39, 10 thg 7, 2026","11:24:26, 10 thg 7, 2026",MAC_0002,HOST_0006,439,0,false,10.0.0.4,0,N/A,10.0.0.3,1,"11:24:39, 10 thg 7, 2026",0:0:0:0:0:0:0:0,N/A,null,"100101,100164,100146,100221,100265,109237,109187,100668,156193,100691,100626,100277,100272,134937,166353,100223"
N/A,false,0,0,USER_0004,HOST_0007,"{sysmon-eventid=8, Description=N/A, Message=N/A, Pipe Name=N/A, sysmon-processid=115096, sysmon-sourceimage=C:\Windows\SysWOW64\epa\GTBRMAgent.exe, channel=Microsoft-Windows-Sysmon/Operational, Logon Account Domain=DOMAIN_0001.LOCAL, Object Name=N/A, Target Process Path=C:\Windows\SysWOW64\epa\GTBInjector32.exe, Process Name=GTBRMAgent.exe, Account Name=USER_0004, Logon Type=N/A, Target User Domain=DOMAIN_0001.LOCAL, Account Security ID=S-1-5-21-0002, Share Name=N/A, Authentication Package=N/A, sysmon-processguid={5b31cfa1-40c6-6a3a-1b2c-060000001a00}, sysmon-sourceprocessguid={5b31cfa1-40c6-6a3a-1b2c-060000001a00}, Logon Account Name=USER_0004, Realm=DOMAIN_0001.LOCAL, Source Process Path=C:\Windows\SysWOW64\epa\GTBRMAgent.exe, EventIDCode=8, Account ID=S-1-5-21-0002, sysmon-targetprocessid=192216, Process Path=C:\Windows\SysWOW64\epa\GTBRMAgent.exe, sysmon-utctime=2026-07-10 04:24:24.695, Status Code=N/A, User Domain=DOMAIN_0001.LOCAL, Key Length=N/A, Target Username=USER_0004, Event ID=8, Target Process Name=GTBInjector32.exe, sysmon-startmodule=-, ProgramName=N/A, Start Module=-, sysmon-startfunction=-, sysmon-user=USER_0002, SourceImageTempPath=N/A, Process GUID=N/A, Machine Identifier=HOST_0008, Object Type=N/A, Start Address=0x0000000000A28506, Target Account Security ID=S-1-5-21-0002, Start Function=-, sysmon-startaddress=0x0000000000A28506, Device Name=HOST_0008, sysmon-targetimage=C:\Windows\SysWOW64\epa\GTBInjector32.exe}",false,MAC_0001,MAC_0002,[REDACTED_DUPLICATE_PAYLOAD],3,53779,0,12,false,0:0:0:0:0:0:0:0,N/A,0,N/A,7036,<13>Jul 10 11:24:27 10.0.0.4.vnpost AgentDevice=WindowsLog	AgentLogFile=Microsoft-Windows-Sysmon/Operational	PluginVersion=7.3.1.28	Source=Microsoft-Windows-Sysmon	Computer=Jump-QTHTvDL-App	OriginatingComputer=Jump-QTHTvDL-App	User=USER_0002	Domain=DOMAIN_0006.LOCAL	EventID=8	EventIDCode=8	EventType=4	EventCategory=8	RecordNumber=73197399	TimeGenerated=1783657464	TimeWritten=1783657464	Level=Informational	Keywords=0x8000000000000000	Task=SysmonTask-SYSMON_CREATE_REMOTE_THREAD	Opcode=Info	Message=CreateRemoteThread detected: RuleName: - UtcTime: 2026-07-10 04:24:24.695 SourceProcessGuid: {5b31cfa1-40c6-6a3a-1b2c-060000001a00} SourceProcessId: 115096 SourceImage: C:\Windows\SysWOW64\epa\GTBRMAgent.exe TargetProcessGuid: {5b31cfa1-73f8-6a50-872f-070000001a00} TargetProcessId: 192216 TargetImage: C:\Windows\SysWOW64\epa\GTBInjector32.exe NewThreadId: 193376 StartAddress: 0x0000000000A28506 StartModule: - StartFunction: - ,Suspicious Windows Events,N/A,1,0,unknown,N/A,CreateRemoteThread,unknown,0,null,1783657464000,255,0,false,0,"true""""",Microsoft-Windows-Sysmon/Operational,HOST_0004,The CreateRemoteThread event detects when a process creates a thread in another process.,0,1783657468605,No Offense,255,HOST_0009 @ 10.0.0.4,true,3,false,N/A,10.0.0.4,false,1783657468605,5,NETWORK_0002,35,8,0,3,-1,HOST_0004,[REDACTED_DUPLICATE_PAYLOAD],USER_0002,5001845,false,null,N/A,"11:24:28, 10 thg 7, 2026","11:24:24, 10 thg 7, 2026",MAC_0002,HOST_0006,439,0,false,10.0.0.4,0,N/A,10.0.0.3,1,"11:24:28, 10 thg 7, 2026",0:0:0:0:0:0:0:0,N/A,null,"100101,100164,100146,100221,100265,109237,109187,100668,156193,100691,100626,100277,100272,134937,166353,100223"
N/A,false,0,0,USER_0004,HOST_0007,"{sysmon-eventid=8, Description=N/A, Message=N/A, Pipe Name=N/A, sysmon-processid=155096, sysmon-sourceimage=C:\Program Files (x86)\Mobatek\MobaXterm\MobaXterm.exe, channel=Microsoft-Windows-Sysmon/Operational, Logon Account Domain=DOMAIN_0001.LOCAL, Object Name=N/A, Target Process Path=C:\Users\USER_0014\AppData\Roaming\MobaXterm\slash\bin\MoTTYnew.exe, Process Name=MobaXterm.exe, Account Name=USER_0004, Logon Type=N/A, Target User Domain=DOMAIN_0001.LOCAL, Account Security ID=S-1-5-21-0002, Share Name=N/A, Authentication Package=N/A, sysmon-processguid={5b31cfa1-739c-6a50-7e2f-070000001a00}, sysmon-sourceprocessguid={5b31cfa1-739c-6a50-7e2f-070000001a00}, Logon Account Name=USER_0004, Realm=DOMAIN_0001.LOCAL, Source Process Path=C:\Program Files (x86)\Mobatek\MobaXterm\MobaXterm.exe, EventIDCode=8, Account ID=S-1-5-21-0002, sysmon-targetprocessid=194368, Process Path=C:\Program Files (x86)\Mobatek\MobaXterm\MobaXterm.exe, sysmon-utctime=2026-07-10 04:23:20.678, Status Code=N/A, User Domain=DOMAIN_0001.LOCAL, Key Length=N/A, Target Username=USER_0004, Event ID=8, Target Process Name=MoTTYnew.exe, sysmon-startmodule=-, ProgramName=N/A, Start Module=-, sysmon-startfunction=-, sysmon-user=USER_0002, SourceImageTempPath=N/A, Process GUID=N/A, Machine Identifier=HOST_0008, Object Type=N/A, Start Address=0x0000000000401480, Target Account Security ID=S-1-5-21-0002, Start Function=-, sysmon-startaddress=0x0000000000401480, Device Name=HOST_0008, sysmon-targetimage=C:\Users\QTHT~1.AND\AppData\Roaming\MobaXterm\slash\bin\MoTTYnew.exe}",false,MAC_0001,MAC_0002,[REDACTED_DUPLICATE_PAYLOAD],3,53779,0,12,false,0:0:0:0:0:0:0:0,N/A,0,N/A,7036,<13>Jul 10 11:23:24 10.0.0.4.vnpost AgentDevice=WindowsLog	AgentLogFile=Microsoft-Windows-Sysmon/Operational	PluginVersion=7.3.1.28	Source=Microsoft-Windows-Sysmon	Computer=Jump-QTHTvDL-App	OriginatingComputer=Jump-QTHTvDL-App	User=USER_0002	Domain=DOMAIN_0006.LOCAL	EventID=8	EventIDCode=8	EventType=4	EventCategory=8	RecordNumber=73194571	TimeGenerated=1783657400	TimeWritten=1783657400	Level=Informational	Keywords=0x8000000000000000	Task=SysmonTask-SYSMON_CREATE_REMOTE_THREAD	Opcode=Info	Message=CreateRemoteThread detected: RuleName: - UtcTime: 2026-07-10 04:23:20.678 SourceProcessGuid: {5b31cfa1-739c-6a50-7e2f-070000001a00} SourceProcessId: 155096 SourceImage: C:\Program Files (x86)\Mobatek\MobaXterm\MobaXterm.exe TargetProcessGuid: {5b31cfa1-73b8-6a50-852f-070000001a00} TargetProcessId: 194368 TargetImage: C:\Users\USER_0014\AppData\Roaming\MobaXterm\slash\bin\MoTTYnew.exe NewThreadId: 197172 StartAddress: 0x0000000000401480 StartModule: - StartFunction: - ,Suspicious Windows Events,N/A,1,0,unknown,N/A,CreateRemoteThread,unknown,0,null,1783657400000,255,0,false,0,"true""""",Microsoft-Windows-Sysmon/Operational,HOST_0004,The CreateRemoteThread event detects when a process creates a thread in another process.,0,1783657409723,No Offense,255,HOST_0009 @ 10.0.0.4,true,3,false,N/A,10.0.0.4,false,1783657409723,5,NETWORK_0002,35,8,0,3,-1,HOST_0004,[REDACTED_DUPLICATE_PAYLOAD],USER_0002,5001845,false,null,N/A,"11:23:29, 10 thg 7, 2026","11:23:20, 10 thg 7, 2026",MAC_0002,HOST_0006,439,0,false,10.0.0.4,0,N/A,10.0.0.3,1,"11:23:29, 10 thg 7, 2026",0:0:0:0:0:0:0:0,N/A,null,"100101,100164,100146,100221,100265,109237,109187,156193,100691,100626,100277,100272,134937,166353,100223"
