dstPreNATIP,hasIdentityFlag,destinationPostNatPortDescription,destinationPort,identityUsername,logSourceIdentifier,customProps,srcPortInvalid,identityMAC,sourcMACAddress,payloadAsBase64,magnitude,deviceId,protocolConfigId,deviceType,dstPortInvalid,sourceV6Ip,identityGroupName,srcPreNATPort,srcPreNATIP,category,payloadAsUTF,categoryDescription,aDEAnomalyCount,deviceCategory,deviceEventId,pcapId,identityExtendedField,eventName,pcapIp,sourcePort,obfuscationProperties,deviceTime,protocol,sourcePreNatPortDescription,pcapEvent,dstPostNATPort,tLVProperties,qidEventCategory,identityNetBiosName,eventDescription,dstPreNATPort,startTime,offenseName,protocolName,deviceName,mPCEvent,relevance,logOnly,dstPostNATIP,srcIp,storedForPerformance,stopTime,credibility,domainName,domainID,qidEventId,sourcePostNatPortDescription,severity,offenseId,identityHostname,payloadAsHexOneLine,userName,qid,truncated,obfuscationNormalizedEventProperties,aDEAnomalyDescription,startDateTime,deviceDateTime,destinationMACAddress,eventCollectorName,eventCollectorId,srcPostNATPort,rawEvent,destIp,destinationPreNatPortDescription,osvbidsDesc,identityIpOfHost,eventCount,stopDateTime,destinationV6Ip,srcPostNATIP,identity,ruleIds
N/A,false,0,0,USER_0004,HOST_0054,"{sysmon-eventid=4688, Parent Process Name=w3wp.exe, Pipe Name=N/A, File Directory=N/A, sysmon-processid=N/A, channel=Security, Object Name=C:\Windows\System32\wermgr.exe  Token Elevation Type: TokenElevationTypeDefault (1)  Mandatory Label:  Mandatory Label\System Mandatory Level  Creator Process ID: 0x94b4  Creator Process Name: C:\Windows\System32\inetsrv\w3wp.exe  Process Command Line: ""C:\WINDOWS\system32\wermgr.exe"" ""-outproc"" ""0"" ""38068"" ""11244"" ""22356"" ""28936"" ""3280"" ""28108"" ""29412"" ""12916"" ""0"" ""0"" ""0"" ""0"", Account Name=USER_0296, Target User Domain=DOMAIN_0005.LOCAL, mandatory_label=Mandatory Label\System Mandatory Level, Logon Account Name=USER_0004, EventIDCode=4688, Terminated Process Name=N/A, MD5 Hash=N/A, Filename=N/A, Key Length=N/A, ProgramName=N/A, Process GUID=N/A, SHA1 Hash=N/A, File Extension=N/A, Object Type=N/A, SHA256 Hash=N/A, Parent Process GUID=N/A, Integrity Level=N/A, sysmon-parentimage=C:\Windows\System32\inetsrv\w3wp.exe, Description=N/A, Token Elevation Type=N/A, Message=N/A, Encoded Command=N/A, Logon Account Domain=DOMAIN_0001.LOCAL, Process Name=wermgr.exe, Parent Process ID=N/A, Logon Type=N/A, Account Security ID=S-1-5-21-0004, Share Name=N/A, Authentication Package=N/A, sysmon-processguid=N/A, Realm=DOMAIN_0001.LOCAL, Account ID=S-1-5-21-0002, Process Path=C:\Windows\System32\wermgr.exe, Status Code=N/A, User Domain=DOMAIN_0067.LOCAL, Encoded Argument=N/A, Target Username=USER_0008, Event ID=4688, sysmon-user=USER_0004, Command=""C:\WINDOWS\system32\wermgr.exe"" ""-outproc"" ""0"" ""38068"" ""11244"" ""22356"" ""28936"" ""3280"" ""28108"" ""29412"" ""12916"" ""0"" ""0"" ""0"" ""0"" , Process ID=0x8cac, Machine Identifier=HOST_0055, Target Account Security ID=S-1-5-21-0003, Device Name=HOST_0055, IMP Hash=N/A, Parent Process Path=C:\Windows\System32\inetsrv\w3wp.exe}",false,MAC_0001,MAC_0002,[REDACTED_DUPLICATE_PAYLOAD],5,54185,0,12,false,0:0:0:0:0:0:0:0,N/A,0,N/A,8110,"<13>Aug 07 10:06:09 MST-EX-02.10.100.10.188 AgentDevice=WindowsLog	AgentLogFile=Security	PluginVersion=7.3.1.28	Source=Microsoft-Windows-Security-Auditing	Computer=MST-EX-02.mic.gov.vn	OriginatingComputer=10.100.10.188	User=	Domain=	EventID=4688	EventIDCode=4688	EventType=8	EventCategory=13312	RecordNumber=26666403	TimeGenerated=1786071969	TimeWritten=1786071969	Level=Log Always	Keywords=Audit Success	Task=SE_ADT_DETAILEDTRACKING_PROCESSCREATION	Opcode=Info	Message=A new process has been created.  Creator Subject:  Security ID:  NT DOMAIN_0008.LOCAL\USER_0002  Account Name: USER_0296  Account Domain: DOMAIN_0067.LOCAL  Logon ID:  0x3E7  Target Subject:  Security ID:  NULL SID  Account Name:  -  Account Domain:  -  Logon ID:  0x0  Process Information:  New Process ID:  0x8cac  New Process Name: C:\Windows\System32\wermgr.exe  Token Elevation Type: TokenElevationTypeDefault (1)  Mandatory Label:  Mandatory Label\System Mandatory Level  Creator Process ID: 0x94b4  Creator Process Name: C:\Windows\System32\inetsrv\w3wp.exe  Process Command Line: ""C:\WINDOWS\system32\wermgr.exe"" ""-outproc"" ""0"" ""38068"" ""11244"" ""22356"" ""28936"" ""3280"" ""28108"" ""29412"" ""12916"" ""0"" ""0"" ""0"" ""0""   Token Elevation Type indicates the type of token that was assigned to the new process in accordance with User Account Control policy.  Type 1 is a full token with no privileges removed or groups disabled.  A full token is only used if User Account Control is disabled or if the user is the built-in Administrator account or a service account.  Type 2 is an elevated token with no privileges removed or groups disabled.  An elevated token is used when User Account Control is enabled and the user chooses to start the program using Run as administrator.  An elevated token is also used when an application is configured to always require administrative privilege or to always require maximum privilege, and the user is a member of the Administrators group.  Type 3 is a limited token with administrative privileges removed and administrative groups disabled.  The limited token is used when User Account Control is enabled, the application does not require administrative privilege, and the user does not choose to start the program using Run as administrator. ",Process Creation Success,N/A,1,0,unknown,N/A,Success Audit: A new process has been created,unknown,0,null,1786071969000,255,0,false,0,"true""""",Success Audit,HOST_0004,Success Audit: A new process has been created.,0,1786072279594,No Offense,255,HOST_0056 @ 10.0.0.22,true,3,false,N/A,10.0.0.22,false,1786072279594,5,NETWORK_0016,58,4688,0,8,-1,HOST_0004,[REDACTED_DUPLICATE_PAYLOAD],USER_0004,5000862,false,null,N/A,"10:11:19, 7 thg 8, 2026","10:06:09, 7 thg 8, 2026",MAC_0002,HOST_0057,584,0,false,10.0.0.22,0,N/A,10.0.0.3,1,"10:11:19, 7 thg 8, 2026",0:0:0:0:0:0:0:0,N/A,null,"100101,100221,100265,109237,100668,156193,100277,100272,147147,134937,166353,100223"
N/A,false,0,0,USER_0004,HOST_0054,"{sysmon-eventid=4688, Parent Process Name=w3wp.exe, Pipe Name=N/A, File Directory=N/A, sysmon-processid=N/A, channel=Security, Object Name=C:\Windows\System32\wermgr.exe  Token Elevation Type: TokenElevationTypeDefault (1)  Mandatory Label:  Mandatory Label\System Mandatory Level  Creator Process ID: 0x94b4  Creator Process Name: C:\Windows\System32\inetsrv\w3wp.exe  Process Command Line: ""C:\WINDOWS\system32\wermgr.exe"" ""-outproc"" ""0"" ""38068"" ""37352"" ""35252"" ""34840"" ""25396"" ""38444"" ""1908"" ""3120"" ""0"" ""0"" ""0"" ""0"", Account Name=USER_0296, Target User Domain=DOMAIN_0005.LOCAL, mandatory_label=Mandatory Label\System Mandatory Level, Logon Account Name=USER_0004, EventIDCode=4688, Terminated Process Name=N/A, MD5 Hash=N/A, Filename=N/A, Key Length=N/A, ProgramName=N/A, Process GUID=N/A, SHA1 Hash=N/A, File Extension=N/A, Object Type=N/A, SHA256 Hash=N/A, Parent Process GUID=N/A, Integrity Level=N/A, sysmon-parentimage=C:\Windows\System32\inetsrv\w3wp.exe, Description=N/A, Token Elevation Type=N/A, Message=N/A, Encoded Command=N/A, Logon Account Domain=DOMAIN_0001.LOCAL, Process Name=wermgr.exe, Parent Process ID=N/A, Logon Type=N/A, Account Security ID=S-1-5-21-0004, Share Name=N/A, Authentication Package=N/A, sysmon-processguid=N/A, Realm=DOMAIN_0001.LOCAL, Account ID=S-1-5-21-0002, Process Path=C:\Windows\System32\wermgr.exe, Status Code=N/A, User Domain=DOMAIN_0067.LOCAL, Encoded Argument=N/A, Target Username=USER_0008, Event ID=4688, sysmon-user=USER_0004, Command=""C:\WINDOWS\system32\wermgr.exe"" ""-outproc"" ""0"" ""38068"" ""37352"" ""35252"" ""34840"" ""25396"" ""38444"" ""1908"" ""3120"" ""0"" ""0"" ""0"" ""0"" , Process ID=0x6534, Machine Identifier=HOST_0055, Target Account Security ID=S-1-5-21-0003, Device Name=HOST_0055, IMP Hash=N/A, Parent Process Path=C:\Windows\System32\inetsrv\w3wp.exe}",false,MAC_0001,MAC_0002,[REDACTED_DUPLICATE_PAYLOAD],5,54185,0,12,false,0:0:0:0:0:0:0:0,N/A,0,N/A,8110,"<13>Aug 07 09:45:45 MST-EX-02.10.100.10.188 AgentDevice=WindowsLog	AgentLogFile=Security	PluginVersion=7.3.1.28	Source=Microsoft-Windows-Security-Auditing	Computer=MST-EX-02.mic.gov.vn	OriginatingComputer=10.100.10.188	User=	Domain=	EventID=4688	EventIDCode=4688	EventType=8	EventCategory=13312	RecordNumber=26641509	TimeGenerated=1786070744	TimeWritten=1786070744	Level=Log Always	Keywords=Audit Success	Task=SE_ADT_DETAILEDTRACKING_PROCESSCREATION	Opcode=Info	Message=A new process has been created.  Creator Subject:  Security ID:  NT DOMAIN_0008.LOCAL\USER_0002  Account Name: USER_0296  Account Domain: DOMAIN_0067.LOCAL  Logon ID:  0x3E7  Target Subject:  Security ID:  NULL SID  Account Name:  -  Account Domain:  -  Logon ID:  0x0  Process Information:  New Process ID:  0x6534  New Process Name: C:\Windows\System32\wermgr.exe  Token Elevation Type: TokenElevationTypeDefault (1)  Mandatory Label:  Mandatory Label\System Mandatory Level  Creator Process ID: 0x94b4  Creator Process Name: C:\Windows\System32\inetsrv\w3wp.exe  Process Command Line: ""C:\WINDOWS\system32\wermgr.exe"" ""-outproc"" ""0"" ""38068"" ""37352"" ""35252"" ""34840"" ""25396"" ""38444"" ""1908"" ""3120"" ""0"" ""0"" ""0"" ""0""   Token Elevation Type indicates the type of token that was assigned to the new process in accordance with User Account Control policy.  Type 1 is a full token with no privileges removed or groups disabled.  A full token is only used if User Account Control is disabled or if the user is the built-in Administrator account or a service account.  Type 2 is an elevated token with no privileges removed or groups disabled.  An elevated token is used when User Account Control is enabled and the user chooses to start the program using Run as administrator.  An elevated token is also used when an application is configured to always require administrative privilege or to always require maximum privilege, and the user is a member of the Administrators group.  Type 3 is a limited token with administrative privileges removed and administrative groups disabled.  The limited token is used when User Account Control is enabled, the application does not require administrative privilege, and the user does not choose to start the program using Run as administrator. ",Process Creation Success,N/A,1,0,unknown,N/A,Success Audit: A new process has been created,unknown,0,null,1786070744000,255,0,false,0,"true""""",Success Audit,HOST_0004,Success Audit: A new process has been created.,0,1786071050991,No Offense,255,HOST_0056 @ 10.0.0.22,true,3,false,N/A,10.0.0.22,false,1786071050991,5,NETWORK_0016,58,4688,0,8,-1,HOST_0004,[REDACTED_DUPLICATE_PAYLOAD],USER_0004,5000862,false,null,N/A,"09:50:50, 7 thg 8, 2026","09:45:44, 7 thg 8, 2026",MAC_0002,HOST_0057,584,0,false,10.0.0.22,0,N/A,10.0.0.3,1,"09:50:50, 7 thg 8, 2026",0:0:0:0:0:0:0:0,N/A,null,"100101,100221,100265,109237,100668,156193,100277,100272,147147,134937,166353,100223"
N/A,false,0,0,USER_0004,HOST_0054,"{sysmon-eventid=4688, Parent Process Name=w3wp.exe, Pipe Name=N/A, File Directory=N/A, sysmon-processid=N/A, channel=Security, Object Name=C:\Windows\System32\wermgr.exe  Token Elevation Type: TokenElevationTypeDefault (1)  Mandatory Label:  Mandatory Label\System Mandatory Level  Creator Process ID: 0x94b4  Creator Process Name: C:\Windows\System32\inetsrv\w3wp.exe  Process Command Line: ""C:\WINDOWS\system32\wermgr.exe"" ""-outproc"" ""0"" ""38068"" ""8460"" ""11572"" ""22212"" ""1816"" ""27792"" ""26240"" ""38900"" ""0"" ""0"" ""0"" ""0"", Account Name=USER_0296, Target User Domain=DOMAIN_0005.LOCAL, mandatory_label=Mandatory Label\System Mandatory Level, Logon Account Name=USER_0004, EventIDCode=4688, Terminated Process Name=N/A, MD5 Hash=N/A, Filename=N/A, Key Length=N/A, ProgramName=N/A, Process GUID=N/A, SHA1 Hash=N/A, File Extension=N/A, Object Type=N/A, SHA256 Hash=N/A, Parent Process GUID=N/A, Integrity Level=N/A, sysmon-parentimage=C:\Windows\System32\inetsrv\w3wp.exe, Description=N/A, Token Elevation Type=N/A, Message=N/A, Encoded Command=N/A, Logon Account Domain=DOMAIN_0001.LOCAL, Process Name=wermgr.exe, Parent Process ID=N/A, Logon Type=N/A, Account Security ID=S-1-5-21-0004, Share Name=N/A, Authentication Package=N/A, sysmon-processguid=N/A, Realm=DOMAIN_0001.LOCAL, Account ID=S-1-5-21-0002, Process Path=C:\Windows\System32\wermgr.exe, Status Code=N/A, User Domain=DOMAIN_0067.LOCAL, Encoded Argument=N/A, Target Username=USER_0008, Event ID=4688, sysmon-user=USER_0004, Command=""C:\WINDOWS\system32\wermgr.exe"" ""-outproc"" ""0"" ""38068"" ""8460"" ""11572"" ""22212"" ""1816"" ""27792"" ""26240"" ""38900"" ""0"" ""0"" ""0"" ""0"" , Process ID=0x7e6c, Machine Identifier=HOST_0055, Target Account Security ID=S-1-5-21-0003, Device Name=HOST_0055, IMP Hash=N/A, Parent Process Path=C:\Windows\System32\inetsrv\w3wp.exe}",false,MAC_0001,MAC_0002,[REDACTED_DUPLICATE_PAYLOAD],5,54185,0,12,false,0:0:0:0:0:0:0:0,N/A,0,N/A,8110,"<13>Aug 07 09:21:03 MST-EX-02.10.100.10.188 AgentDevice=WindowsLog	AgentLogFile=Security	PluginVersion=7.3.1.28	Source=Microsoft-Windows-Security-Auditing	Computer=MST-EX-02.mic.gov.vn	OriginatingComputer=10.100.10.188	User=	Domain=	EventID=4688	EventIDCode=4688	EventType=8	EventCategory=13312	RecordNumber=26615166	TimeGenerated=1786069261	TimeWritten=1786069261	Level=Log Always	Keywords=Audit Success	Task=SE_ADT_DETAILEDTRACKING_PROCESSCREATION	Opcode=Info	Message=A new process has been created.  Creator Subject:  Security ID:  NT DOMAIN_0008.LOCAL\USER_0002  Account Name: USER_0296  Account Domain: DOMAIN_0067.LOCAL  Logon ID:  0x3E7  Target Subject:  Security ID:  NULL SID  Account Name:  -  Account Domain:  -  Logon ID:  0x0  Process Information:  New Process ID:  0x7e6c  New Process Name: C:\Windows\System32\wermgr.exe  Token Elevation Type: TokenElevationTypeDefault (1)  Mandatory Label:  Mandatory Label\System Mandatory Level  Creator Process ID: 0x94b4  Creator Process Name: C:\Windows\System32\inetsrv\w3wp.exe  Process Command Line: ""C:\WINDOWS\system32\wermgr.exe"" ""-outproc"" ""0"" ""38068"" ""8460"" ""11572"" ""22212"" ""1816"" ""27792"" ""26240"" ""38900"" ""0"" ""0"" ""0"" ""0""   Token Elevation Type indicates the type of token that was assigned to the new process in accordance with User Account Control policy.  Type 1 is a full token with no privileges removed or groups disabled.  A full token is only used if User Account Control is disabled or if the user is the built-in Administrator account or a service account.  Type 2 is an elevated token with no privileges removed or groups disabled.  An elevated token is used when User Account Control is enabled and the user chooses to start the program using Run as administrator.  An elevated token is also used when an application is configured to always require administrative privilege or to always require maximum privilege, and the user is a member of the Administrators group.  Type 3 is a limited token with administrative privileges removed and administrative groups disabled.  The limited token is used when User Account Control is enabled, the application does not require administrative privilege, and the user does not choose to start the program using Run as administrator. ",Process Creation Success,N/A,1,0,unknown,N/A,Success Audit: A new process has been created,unknown,0,null,1786069261000,255,0,false,0,"true""""",Success Audit,HOST_0004,Success Audit: A new process has been created.,0,1786069571704,No Offense,255,HOST_0056 @ 10.0.0.22,true,3,false,N/A,10.0.0.22,false,1786069571704,5,NETWORK_0016,58,4688,0,8,-1,HOST_0004,[REDACTED_DUPLICATE_PAYLOAD],USER_0004,5000862,false,null,N/A,"09:26:11, 7 thg 8, 2026","09:21:01, 7 thg 8, 2026",MAC_0002,HOST_0057,584,0,false,10.0.0.22,0,N/A,10.0.0.3,1,"09:26:11, 7 thg 8, 2026",0:0:0:0:0:0:0:0,N/A,null,"100101,100221,100265,109237,100668,156193,100277,100272,147147,134937,166353,100223"
N/A,false,0,0,USER_0004,HOST_0054,"{sysmon-eventid=4688, Parent Process Name=w3wp.exe, Pipe Name=N/A, File Directory=N/A, sysmon-processid=N/A, channel=Security, Object Name=C:\Windows\System32\wermgr.exe  Token Elevation Type: TokenElevationTypeDefault (1)  Mandatory Label:  Mandatory Label\System Mandatory Level  Creator Process ID: 0x94b4  Creator Process Name: C:\Windows\System32\inetsrv\w3wp.exe  Process Command Line: ""C:\WINDOWS\system32\wermgr.exe"" ""-outproc"" ""0"" ""38068"" ""37708"" ""15872"" ""36448"" ""11376"" ""3712"" ""25812"" ""25764"" ""0"" ""0"" ""0"" ""0"", Account Name=USER_0296, Target User Domain=DOMAIN_0005.LOCAL, mandatory_label=Mandatory Label\System Mandatory Level, Logon Account Name=USER_0004, EventIDCode=4688, Terminated Process Name=N/A, MD5 Hash=N/A, Filename=N/A, Key Length=N/A, ProgramName=N/A, Process GUID=N/A, SHA1 Hash=N/A, File Extension=N/A, Object Type=N/A, SHA256 Hash=N/A, Parent Process GUID=N/A, Integrity Level=N/A, sysmon-parentimage=C:\Windows\System32\inetsrv\w3wp.exe, Description=N/A, Token Elevation Type=N/A, Message=N/A, Encoded Command=N/A, Logon Account Domain=DOMAIN_0001.LOCAL, Process Name=wermgr.exe, Parent Process ID=N/A, Logon Type=N/A, Account Security ID=S-1-5-21-0004, Share Name=N/A, Authentication Package=N/A, sysmon-processguid=N/A, Realm=DOMAIN_0001.LOCAL, Account ID=S-1-5-21-0002, Process Path=C:\Windows\System32\wermgr.exe, Status Code=N/A, User Domain=DOMAIN_0067.LOCAL, Encoded Argument=N/A, Target Username=USER_0008, Event ID=4688, sysmon-user=USER_0004, Command=""C:\WINDOWS\system32\wermgr.exe"" ""-outproc"" ""0"" ""38068"" ""37708"" ""15872"" ""36448"" ""11376"" ""3712"" ""25812"" ""25764"" ""0"" ""0"" ""0"" ""0"" , Process ID=0x4850, Machine Identifier=HOST_0055, Target Account Security ID=S-1-5-21-0003, Device Name=HOST_0055, IMP Hash=N/A, Parent Process Path=C:\Windows\System32\inetsrv\w3wp.exe}",false,MAC_0001,MAC_0002,[REDACTED_DUPLICATE_PAYLOAD],5,54185,0,12,false,0:0:0:0:0:0:0:0,N/A,0,N/A,8110,"<13>Aug 07 08:36:00 MST-EX-02.10.100.10.188 AgentDevice=WindowsLog	AgentLogFile=Security	PluginVersion=7.3.1.28	Source=Microsoft-Windows-Security-Auditing	Computer=MST-EX-02.mic.gov.vn	OriginatingComputer=10.100.10.188	User=	Domain=	EventID=4688	EventIDCode=4688	EventType=8	EventCategory=13312	RecordNumber=26561170	TimeGenerated=1786066557	TimeWritten=1786066557	Level=Log Always	Keywords=Audit Success	Task=SE_ADT_DETAILEDTRACKING_PROCESSCREATION	Opcode=Info	Message=A new process has been created.  Creator Subject:  Security ID:  NT DOMAIN_0008.LOCAL\USER_0002  Account Name: USER_0296  Account Domain: DOMAIN_0067.LOCAL  Logon ID:  0x3E7  Target Subject:  Security ID:  NULL SID  Account Name:  -  Account Domain:  -  Logon ID:  0x0  Process Information:  New Process ID:  0x4850  New Process Name: C:\Windows\System32\wermgr.exe  Token Elevation Type: TokenElevationTypeDefault (1)  Mandatory Label:  Mandatory Label\System Mandatory Level  Creator Process ID: 0x94b4  Creator Process Name: C:\Windows\System32\inetsrv\w3wp.exe  Process Command Line: ""C:\WINDOWS\system32\wermgr.exe"" ""-outproc"" ""0"" ""38068"" ""37708"" ""15872"" ""36448"" ""11376"" ""3712"" ""25812"" ""25764"" ""0"" ""0"" ""0"" ""0""   Token Elevation Type indicates the type of token that was assigned to the new process in accordance with User Account Control policy.  Type 1 is a full token with no privileges removed or groups disabled.  A full token is only used if User Account Control is disabled or if the user is the built-in Administrator account or a service account.  Type 2 is an elevated token with no privileges removed or groups disabled.  An elevated token is used when User Account Control is enabled and the user chooses to start the program using Run as administrator.  An elevated token is also used when an application is configured to always require administrative privilege or to always require maximum privilege, and the user is a member of the Administrators group.  Type 3 is a limited token with administrative privileges removed and administrative groups disabled.  The limited token is used when User Account Control is enabled, the application does not require administrative privilege, and the user does not choose to start the program using Run as administrator. ",Process Creation Success,N/A,1,0,unknown,N/A,Success Audit: A new process has been created,unknown,0,null,1786066557000,255,0,false,0,"true""""",Success Audit,HOST_0004,Success Audit: A new process has been created.,0,1786066870541,No Offense,255,HOST_0056 @ 10.0.0.22,true,3,false,N/A,10.0.0.22,false,1786066870541,5,NETWORK_0016,58,4688,0,8,-1,HOST_0004,[REDACTED_DUPLICATE_PAYLOAD],USER_0004,5000862,false,null,N/A,"08:41:10, 7 thg 8, 2026","08:35:57, 7 thg 8, 2026",MAC_0002,HOST_0057,584,0,false,10.0.0.22,0,N/A,10.0.0.3,1,"08:41:10, 7 thg 8, 2026",0:0:0:0:0:0:0:0,N/A,null,"100101,100221,100265,109237,100668,156193,100277,100272,147147,134937,166353,100223"
N/A,false,0,0,USER_0004,HOST_0054,"{sysmon-eventid=4688, Parent Process Name=w3wp.exe, Pipe Name=N/A, File Directory=N/A, sysmon-processid=N/A, channel=Security, Object Name=C:\Windows\System32\wermgr.exe  Token Elevation Type: TokenElevationTypeDefault (1)  Mandatory Label:  Mandatory Label\System Mandatory Level  Creator Process ID: 0x94b4  Creator Process Name: C:\Windows\System32\inetsrv\w3wp.exe  Process Command Line: ""C:\WINDOWS\system32\wermgr.exe"" ""-outproc"" ""0"" ""38068"" ""7052"" ""29700"" ""23052"" ""14008"" ""2540"" ""13248"" ""32772"" ""0"" ""0"" ""0"" ""0"", Account Name=USER_0296, Target User Domain=DOMAIN_0005.LOCAL, mandatory_label=Mandatory Label\System Mandatory Level, Logon Account Name=USER_0004, EventIDCode=4688, Terminated Process Name=N/A, MD5 Hash=N/A, Filename=N/A, Key Length=N/A, ProgramName=N/A, Process GUID=N/A, SHA1 Hash=N/A, File Extension=N/A, Object Type=N/A, SHA256 Hash=N/A, Parent Process GUID=N/A, Integrity Level=N/A, sysmon-parentimage=C:\Windows\System32\inetsrv\w3wp.exe, Description=N/A, Token Elevation Type=N/A, Message=N/A, Encoded Command=N/A, Logon Account Domain=DOMAIN_0001.LOCAL, Process Name=wermgr.exe, Parent Process ID=N/A, Logon Type=N/A, Account Security ID=S-1-5-21-0004, Share Name=N/A, Authentication Package=N/A, sysmon-processguid=N/A, Realm=DOMAIN_0001.LOCAL, Account ID=S-1-5-21-0002, Process Path=C:\Windows\System32\wermgr.exe, Status Code=N/A, User Domain=DOMAIN_0067.LOCAL, Encoded Argument=N/A, Target Username=USER_0008, Event ID=4688, sysmon-user=USER_0004, Command=""C:\WINDOWS\system32\wermgr.exe"" ""-outproc"" ""0"" ""38068"" ""7052"" ""29700"" ""23052"" ""14008"" ""2540"" ""13248"" ""32772"" ""0"" ""0"" ""0"" ""0"" , Process ID=0x41b0, Machine Identifier=HOST_0055, Target Account Security ID=S-1-5-21-0003, Device Name=HOST_0055, IMP Hash=N/A, Parent Process Path=C:\Windows\System32\inetsrv\w3wp.exe}",false,MAC_0001,MAC_0002,[REDACTED_DUPLICATE_PAYLOAD],5,54185,0,12,false,0:0:0:0:0:0:0:0,N/A,0,N/A,8110,"<13>Aug 07 07:50:57 MST-EX-02.10.100.10.188 AgentDevice=WindowsLog	AgentLogFile=Security	PluginVersion=7.3.1.28	Source=Microsoft-Windows-Security-Auditing	Computer=MST-EX-02.mic.gov.vn	OriginatingComputer=10.100.10.188	User=	Domain=	EventID=4688	EventIDCode=4688	EventType=8	EventCategory=13312	RecordNumber=26510876	TimeGenerated=1786063856	TimeWritten=1786063856	Level=Log Always	Keywords=Audit Success	Task=SE_ADT_DETAILEDTRACKING_PROCESSCREATION	Opcode=Info	Message=A new process has been created.  Creator Subject:  Security ID:  NT DOMAIN_0008.LOCAL\USER_0002  Account Name: USER_0296  Account Domain: DOMAIN_0067.LOCAL  Logon ID:  0x3E7  Target Subject:  Security ID:  NULL SID  Account Name:  -  Account Domain:  -  Logon ID:  0x0  Process Information:  New Process ID:  0x41b0  New Process Name: C:\Windows\System32\wermgr.exe  Token Elevation Type: TokenElevationTypeDefault (1)  Mandatory Label:  Mandatory Label\System Mandatory Level  Creator Process ID: 0x94b4  Creator Process Name: C:\Windows\System32\inetsrv\w3wp.exe  Process Command Line: ""C:\WINDOWS\system32\wermgr.exe"" ""-outproc"" ""0"" ""38068"" ""7052"" ""29700"" ""23052"" ""14008"" ""2540"" ""13248"" ""32772"" ""0"" ""0"" ""0"" ""0""   Token Elevation Type indicates the type of token that was assigned to the new process in accordance with User Account Control policy.  Type 1 is a full token with no privileges removed or groups disabled.  A full token is only used if User Account Control is disabled or if the user is the built-in Administrator account or a service account.  Type 2 is an elevated token with no privileges removed or groups disabled.  An elevated token is used when User Account Control is enabled and the user chooses to start the program using Run as administrator.  An elevated token is also used when an application is configured to always require administrative privilege or to always require maximum privilege, and the user is a member of the Administrators group.  Type 3 is a limited token with administrative privileges removed and administrative groups disabled.  The limited token is used when User Account Control is enabled, the application does not require administrative privilege, and the user does not choose to start the program using Run as administrator. ",Process Creation Success,N/A,1,0,unknown,N/A,Success Audit: A new process has been created,unknown,0,null,1786063856000,255,0,false,0,"true""""",Success Audit,HOST_0004,Success Audit: A new process has been created.,0,1786064167517,No Offense,255,HOST_0056 @ 10.0.0.22,true,3,false,N/A,10.0.0.22,false,1786064167517,5,NETWORK_0016,58,4688,0,8,-1,HOST_0004,[REDACTED_DUPLICATE_PAYLOAD],USER_0004,5000862,false,null,N/A,"07:56:07, 7 thg 8, 2026","07:50:56, 7 thg 8, 2026",MAC_0002,HOST_0057,584,0,false,10.0.0.22,0,N/A,10.0.0.3,1,"07:56:07, 7 thg 8, 2026",0:0:0:0:0:0:0:0,N/A,null,"100101,100221,100265,109237,100668,156193,166363,100277,100272,147147,134937,166353,100223"
N/A,false,0,0,USER_0004,HOST_0054,"{sysmon-eventid=4688, Parent Process Name=w3wp.exe, Pipe Name=N/A, File Directory=N/A, sysmon-processid=N/A, channel=Security, Object Name=C:\Windows\System32\wermgr.exe  Token Elevation Type: TokenElevationTypeDefault (1)  Mandatory Label:  Mandatory Label\System Mandatory Level  Creator Process ID: 0x94b4  Creator Process Name: C:\Windows\System32\inetsrv\w3wp.exe  Process Command Line: ""C:\WINDOWS\system32\wermgr.exe"" ""-outproc"" ""0"" ""38068"" ""29832"" ""14412"" ""4432"" ""22864"" ""19472"" ""21268"" ""33112"" ""0"" ""0"" ""0"" ""0"", Account Name=USER_0296, Target User Domain=DOMAIN_0005.LOCAL, mandatory_label=Mandatory Label\System Mandatory Level, Logon Account Name=USER_0004, EventIDCode=4688, Terminated Process Name=N/A, MD5 Hash=N/A, Filename=N/A, Key Length=N/A, ProgramName=N/A, Process GUID=N/A, SHA1 Hash=N/A, File Extension=N/A, Object Type=N/A, SHA256 Hash=N/A, Parent Process GUID=N/A, Integrity Level=N/A, sysmon-parentimage=C:\Windows\System32\inetsrv\w3wp.exe, Description=N/A, Token Elevation Type=N/A, Message=N/A, Encoded Command=N/A, Logon Account Domain=DOMAIN_0001.LOCAL, Process Name=wermgr.exe, Parent Process ID=N/A, Logon Type=N/A, Account Security ID=S-1-5-21-0004, Share Name=N/A, Authentication Package=N/A, sysmon-processguid=N/A, Realm=DOMAIN_0001.LOCAL, Account ID=S-1-5-21-0002, Process Path=C:\Windows\System32\wermgr.exe, Status Code=N/A, User Domain=DOMAIN_0067.LOCAL, Encoded Argument=N/A, Target Username=USER_0008, Event ID=4688, sysmon-user=USER_0004, Command=""C:\WINDOWS\system32\wermgr.exe"" ""-outproc"" ""0"" ""38068"" ""29832"" ""14412"" ""4432"" ""22864"" ""19472"" ""21268"" ""33112"" ""0"" ""0"" ""0"" ""0"" , Process ID=0x4364, Machine Identifier=HOST_0055, Target Account Security ID=S-1-5-21-0003, Device Name=HOST_0055, IMP Hash=N/A, Parent Process Path=C:\Windows\System32\inetsrv\w3wp.exe}",false,MAC_0001,MAC_0002,[REDACTED_DUPLICATE_PAYLOAD],5,54185,0,12,false,0:0:0:0:0:0:0:0,N/A,0,N/A,8110,"<13>Aug 07 07:10:12 MST-EX-02.10.100.10.188 AgentDevice=WindowsLog	AgentLogFile=Security	PluginVersion=7.3.1.28	Source=Microsoft-Windows-Security-Auditing	Computer=MST-EX-02.mic.gov.vn	OriginatingComputer=10.100.10.188	User=	Domain=	EventID=4688	EventIDCode=4688	EventType=8	EventCategory=13312	RecordNumber=26485422	TimeGenerated=1786061410	TimeWritten=1786061410	Level=Log Always	Keywords=Audit Success	Task=SE_ADT_DETAILEDTRACKING_PROCESSCREATION	Opcode=Info	Message=A new process has been created.  Creator Subject:  Security ID:  NT DOMAIN_0008.LOCAL\USER_0002  Account Name: USER_0296  Account Domain: DOMAIN_0067.LOCAL  Logon ID:  0x3E7  Target Subject:  Security ID:  NULL SID  Account Name:  -  Account Domain:  -  Logon ID:  0x0  Process Information:  New Process ID:  0x4364  New Process Name: C:\Windows\System32\wermgr.exe  Token Elevation Type: TokenElevationTypeDefault (1)  Mandatory Label:  Mandatory Label\System Mandatory Level  Creator Process ID: 0x94b4  Creator Process Name: C:\Windows\System32\inetsrv\w3wp.exe  Process Command Line: ""C:\WINDOWS\system32\wermgr.exe"" ""-outproc"" ""0"" ""38068"" ""29832"" ""14412"" ""4432"" ""22864"" ""19472"" ""21268"" ""33112"" ""0"" ""0"" ""0"" ""0""   Token Elevation Type indicates the type of token that was assigned to the new process in accordance with User Account Control policy.  Type 1 is a full token with no privileges removed or groups disabled.  A full token is only used if User Account Control is disabled or if the user is the built-in Administrator account or a service account.  Type 2 is an elevated token with no privileges removed or groups disabled.  An elevated token is used when User Account Control is enabled and the user chooses to start the program using Run as administrator.  An elevated token is also used when an application is configured to always require administrative privilege or to always require maximum privilege, and the user is a member of the Administrators group.  Type 3 is a limited token with administrative privileges removed and administrative groups disabled.  The limited token is used when User Account Control is enabled, the application does not require administrative privilege, and the user does not choose to start the program using Run as administrator. ",Process Creation Success,N/A,1,0,unknown,N/A,Success Audit: A new process has been created,unknown,0,null,1786061410000,255,0,false,0,"true""""",Success Audit,HOST_0004,Success Audit: A new process has been created.,0,1786061714903,No Offense,255,HOST_0056 @ 10.0.0.22,true,3,false,N/A,10.0.0.22,false,1786061714903,5,NETWORK_0016,58,4688,0,8,-1,HOST_0004,[REDACTED_DUPLICATE_PAYLOAD],USER_0004,5000862,false,null,N/A,"07:15:14, 7 thg 8, 2026","07:10:10, 7 thg 8, 2026",MAC_0002,HOST_0057,584,0,false,10.0.0.22,0,N/A,10.0.0.3,1,"07:15:14, 7 thg 8, 2026",0:0:0:0:0:0:0:0,N/A,null,"100101,100221,100265,109237,100668,156193,166363,100277,100272,147147,134937,166353,100223"
N/A,false,0,0,USER_0004,HOST_0054,"{sysmon-eventid=4688, Parent Process Name=w3wp.exe, Pipe Name=N/A, File Directory=N/A, sysmon-processid=N/A, channel=Security, Object Name=C:\Windows\System32\wermgr.exe  Token Elevation Type: TokenElevationTypeDefault (1)  Mandatory Label:  Mandatory Label\System Mandatory Level  Creator Process ID: 0x94b4  Creator Process Name: C:\Windows\System32\inetsrv\w3wp.exe  Process Command Line: ""C:\WINDOWS\system32\wermgr.exe"" ""-outproc"" ""0"" ""38068"" ""37136"" ""33176"" ""28364"" ""11248"" ""35844"" ""16268"" ""37852"" ""0"" ""0"" ""0"" ""0"", Account Name=USER_0296, Target User Domain=DOMAIN_0005.LOCAL, mandatory_label=Mandatory Label\System Mandatory Level, Logon Account Name=USER_0004, EventIDCode=4688, Terminated Process Name=N/A, MD5 Hash=N/A, Filename=N/A, Key Length=N/A, ProgramName=N/A, Process GUID=N/A, SHA1 Hash=N/A, File Extension=N/A, Object Type=N/A, SHA256 Hash=N/A, Parent Process GUID=N/A, Integrity Level=N/A, sysmon-parentimage=C:\Windows\System32\inetsrv\w3wp.exe, Description=N/A, Token Elevation Type=N/A, Message=N/A, Encoded Command=N/A, Logon Account Domain=DOMAIN_0001.LOCAL, Process Name=wermgr.exe, Parent Process ID=N/A, Logon Type=N/A, Account Security ID=S-1-5-21-0004, Share Name=N/A, Authentication Package=N/A, sysmon-processguid=N/A, Realm=DOMAIN_0001.LOCAL, Account ID=S-1-5-21-0002, Process Path=C:\Windows\System32\wermgr.exe, Status Code=N/A, User Domain=DOMAIN_0067.LOCAL, Encoded Argument=N/A, Target Username=USER_0008, Event ID=4688, sysmon-user=USER_0004, Command=""C:\WINDOWS\system32\wermgr.exe"" ""-outproc"" ""0"" ""38068"" ""37136"" ""33176"" ""28364"" ""11248"" ""35844"" ""16268"" ""37852"" ""0"" ""0"" ""0"" ""0"" , Process ID=0xa430, Machine Identifier=HOST_0055, Target Account Security ID=S-1-5-21-0003, Device Name=HOST_0055, IMP Hash=N/A, Parent Process Path=C:\Windows\System32\inetsrv\w3wp.exe}",false,MAC_0001,MAC_0002,[REDACTED_DUPLICATE_PAYLOAD],5,54185,0,12,false,0:0:0:0:0:0:0:0,N/A,0,N/A,8110,"<13>Aug 07 07:05:42 MST-EX-02.10.100.10.188 AgentDevice=WindowsLog	AgentLogFile=Security	PluginVersion=7.3.1.28	Source=Microsoft-Windows-Security-Auditing	Computer=MST-EX-02.mic.gov.vn	OriginatingComputer=10.100.10.188	User=	Domain=	EventID=4688	EventIDCode=4688	EventType=8	EventCategory=13312	RecordNumber=26482330	TimeGenerated=1786061138	TimeWritten=1786061138	Level=Log Always	Keywords=Audit Success	Task=SE_ADT_DETAILEDTRACKING_PROCESSCREATION	Opcode=Info	Message=A new process has been created.  Creator Subject:  Security ID:  NT DOMAIN_0008.LOCAL\USER_0002  Account Name: USER_0296  Account Domain: DOMAIN_0067.LOCAL  Logon ID:  0x3E7  Target Subject:  Security ID:  NULL SID  Account Name:  -  Account Domain:  -  Logon ID:  0x0  Process Information:  New Process ID:  0xa430  New Process Name: C:\Windows\System32\wermgr.exe  Token Elevation Type: TokenElevationTypeDefault (1)  Mandatory Label:  Mandatory Label\System Mandatory Level  Creator Process ID: 0x94b4  Creator Process Name: C:\Windows\System32\inetsrv\w3wp.exe  Process Command Line: ""C:\WINDOWS\system32\wermgr.exe"" ""-outproc"" ""0"" ""38068"" ""37136"" ""33176"" ""28364"" ""11248"" ""35844"" ""16268"" ""37852"" ""0"" ""0"" ""0"" ""0""   Token Elevation Type indicates the type of token that was assigned to the new process in accordance with User Account Control policy.  Type 1 is a full token with no privileges removed or groups disabled.  A full token is only used if User Account Control is disabled or if the user is the built-in Administrator account or a service account.  Type 2 is an elevated token with no privileges removed or groups disabled.  An elevated token is used when User Account Control is enabled and the user chooses to start the program using Run as administrator.  An elevated token is also used when an application is configured to always require administrative privilege or to always require maximum privilege, and the user is a member of the Administrators group.  Type 3 is a limited token with administrative privileges removed and administrative groups disabled.  The limited token is used when User Account Control is enabled, the application does not require administrative privilege, and the user does not choose to start the program using Run as administrator. ",Process Creation Success,N/A,1,0,unknown,N/A,Success Audit: A new process has been created,unknown,0,null,1786061138000,255,0,false,0,"true""""",Success Audit,HOST_0004,Success Audit: A new process has been created.,0,1786061448909,No Offense,255,HOST_0056 @ 10.0.0.22,true,3,false,N/A,10.0.0.22,false,1786061448909,5,NETWORK_0016,58,4688,0,8,-1,HOST_0004,[REDACTED_DUPLICATE_PAYLOAD],USER_0004,5000862,false,null,N/A,"07:10:48, 7 thg 8, 2026","07:05:38, 7 thg 8, 2026",MAC_0002,HOST_0057,584,0,false,10.0.0.22,0,N/A,10.0.0.3,1,"07:10:48, 7 thg 8, 2026",0:0:0:0:0:0:0:0,N/A,null,"100101,100221,100265,109237,100668,156193,166363,100277,100272,147147,134937,166353,100223"
N/A,false,0,0,USER_0004,HOST_0054,"{sysmon-eventid=4688, Parent Process Name=w3wp.exe, Pipe Name=N/A, File Directory=N/A, sysmon-processid=N/A, channel=Security, Object Name=C:\Windows\System32\wermgr.exe  Token Elevation Type: TokenElevationTypeDefault (1)  Mandatory Label:  Mandatory Label\System Mandatory Level  Creator Process ID: 0x94b4  Creator Process Name: C:\Windows\System32\inetsrv\w3wp.exe  Process Command Line: ""C:\WINDOWS\system32\wermgr.exe"" ""-outproc"" ""0"" ""38068"" ""22788"" ""7500"" ""6316"" ""6324"" ""31308"" ""16228"" ""31360"" ""0"" ""0"" ""0"" ""0"", Account Name=USER_0296, Target User Domain=DOMAIN_0005.LOCAL, mandatory_label=Mandatory Label\System Mandatory Level, Logon Account Name=USER_0004, EventIDCode=4688, Terminated Process Name=N/A, MD5 Hash=N/A, Filename=N/A, Key Length=N/A, ProgramName=N/A, Process GUID=N/A, SHA1 Hash=N/A, File Extension=N/A, Object Type=N/A, SHA256 Hash=N/A, Parent Process GUID=N/A, Integrity Level=N/A, sysmon-parentimage=C:\Windows\System32\inetsrv\w3wp.exe, Description=N/A, Token Elevation Type=N/A, Message=N/A, Encoded Command=N/A, Logon Account Domain=DOMAIN_0001.LOCAL, Process Name=wermgr.exe, Parent Process ID=N/A, Logon Type=N/A, Account Security ID=S-1-5-21-0004, Share Name=N/A, Authentication Package=N/A, sysmon-processguid=N/A, Realm=DOMAIN_0001.LOCAL, Account ID=S-1-5-21-0002, Process Path=C:\Windows\System32\wermgr.exe, Status Code=N/A, User Domain=DOMAIN_0067.LOCAL, Encoded Argument=N/A, Target Username=USER_0008, Event ID=4688, sysmon-user=USER_0004, Command=""C:\WINDOWS\system32\wermgr.exe"" ""-outproc"" ""0"" ""38068"" ""22788"" ""7500"" ""6316"" ""6324"" ""31308"" ""16228"" ""31360"" ""0"" ""0"" ""0"" ""0"" , Process ID=0x50a4, Machine Identifier=HOST_0055, Target Account Security ID=S-1-5-21-0003, Device Name=HOST_0055, IMP Hash=N/A, Parent Process Path=C:\Windows\System32\inetsrv\w3wp.exe}",false,MAC_0001,MAC_0002,[REDACTED_DUPLICATE_PAYLOAD],5,54185,0,12,false,0:0:0:0:0:0:0:0,N/A,0,N/A,8110,"<13>Aug 07 06:20:12 MST-EX-02.10.100.10.188 AgentDevice=WindowsLog	AgentLogFile=Security	PluginVersion=7.3.1.28	Source=Microsoft-Windows-Security-Auditing	Computer=MST-EX-02.mic.gov.vn	OriginatingComputer=10.100.10.188	User=	Domain=	EventID=4688	EventIDCode=4688	EventType=8	EventCategory=13312	RecordNumber=26458271	TimeGenerated=1786058411	TimeWritten=1786058411	Level=Log Always	Keywords=Audit Success	Task=SE_ADT_DETAILEDTRACKING_PROCESSCREATION	Opcode=Info	Message=A new process has been created.  Creator Subject:  Security ID:  NT DOMAIN_0008.LOCAL\USER_0002  Account Name: USER_0296  Account Domain: DOMAIN_0067.LOCAL  Logon ID:  0x3E7  Target Subject:  Security ID:  NULL SID  Account Name:  -  Account Domain:  -  Logon ID:  0x0  Process Information:  New Process ID:  0x50a4  New Process Name: C:\Windows\System32\wermgr.exe  Token Elevation Type: TokenElevationTypeDefault (1)  Mandatory Label:  Mandatory Label\System Mandatory Level  Creator Process ID: 0x94b4  Creator Process Name: C:\Windows\System32\inetsrv\w3wp.exe  Process Command Line: ""C:\WINDOWS\system32\wermgr.exe"" ""-outproc"" ""0"" ""38068"" ""22788"" ""7500"" ""6316"" ""6324"" ""31308"" ""16228"" ""31360"" ""0"" ""0"" ""0"" ""0""   Token Elevation Type indicates the type of token that was assigned to the new process in accordance with User Account Control policy.  Type 1 is a full token with no privileges removed or groups disabled.  A full token is only used if User Account Control is disabled or if the user is the built-in Administrator account or a service account.  Type 2 is an elevated token with no privileges removed or groups disabled.  An elevated token is used when User Account Control is enabled and the user chooses to start the program using Run as administrator.  An elevated token is also used when an application is configured to always require administrative privilege or to always require maximum privilege, and the user is a member of the Administrators group.  Type 3 is a limited token with administrative privileges removed and administrative groups disabled.  The limited token is used when User Account Control is enabled, the application does not require administrative privilege, and the user does not choose to start the program using Run as administrator. ",Process Creation Success,N/A,1,0,unknown,N/A,Success Audit: A new process has been created,unknown,0,null,1786058411000,255,0,false,0,"true""""",Success Audit,HOST_0004,Success Audit: A new process has been created.,0,1786058713616,No Offense,255,HOST_0056 @ 10.0.0.22,true,3,false,N/A,10.0.0.22,false,1786058713616,5,NETWORK_0016,58,4688,0,8,-1,HOST_0004,[REDACTED_DUPLICATE_PAYLOAD],USER_0004,5000862,false,null,N/A,"06:25:13, 7 thg 8, 2026","06:20:11, 7 thg 8, 2026",MAC_0002,HOST_0057,584,0,false,10.0.0.22,0,N/A,10.0.0.3,1,"06:25:13, 7 thg 8, 2026",0:0:0:0:0:0:0:0,N/A,null,"100101,100221,100265,109237,100668,156193,166363,100277,100272,147147,134937,166353,100223"
