N/A,false,0,0,USER_0004,10.0.0.12,"{sysmon-eventid=10, sysmon-sourceprocessid=6200, Pipe Name=N/A, sysmon-processid=6200, sysmon-sourceimage=C:\Windows\system32\ServerManager.exe, channel=Microsoft-Windows-Sysmon/Operational, Object Name=N/A, Target Details=N/A, Account Name=USER_0004, Target User Domain=DOMAIN_0001.LOCAL, sysmon-sourceprocessguid={C20AB55E-3287-67BC-BD08-000000001C00}, Logon Account Name=USER_0004, EventIDCode=10, HostApplication=N/A, sysmon-targetprocessid=7604, EngineVersion=N/A, sysmon-grantedaccess=0x1FFFFF, sysmon-utctime=2026-07-24 07:21:36.563, Key Length=N/A, HostId=N/A, ProgramName=N/A, Process GUID=C20AB55E-3287-67BC-BD08-000000001C00, ScriptName=N/A, Object Type=N/A, sysmon-targetprocessguid={C20AB55E-126C-6A63-D920-160000001C00}, Description=N/A, Message=N/A, Logon Account Domain=DOMAIN_0001.LOCAL, Target Process GUID=C20AB55E-126C-6A63-D920-160000001C00, Logon Type=N/A, PipelineId=N/A, sysmon-sourcethreadid=13928, Account Security ID=S-1-5-21-0002, Share Name=N/A, Authentication Package=N/A, sysmon-processguid=N/A, Realm=DOMAIN_0001.LOCAL, Account ID=S-1-5-21-0002, Process Path=C:\Windows\system32\ServerManager.exe, Status Code=N/A, RunspaceId=N/A, User Domain=DOMAIN_0001.LOCAL, Target Username=USER_0004, Event ID=10, HostVersion=N/A, sysmon-user=USER_0002, Command=N/A, Process ID=6200, Machine Identifier=HOST_0028, Target Account Security ID=S-1-5-21-0002, Device Name=HOST_0028, sysmon-targetimage=C:\Windows\system32\Configure-SMRemoting.exe, Access Mask=N/A}",false,MAC_0001,MAC_0002,[REDACTED_DUPLICATE_PAYLOAD],3,40791,0,12,false,0:0:0:0:0:0:0:0,N/A,0,N/A,8052,<13>Jul 24 14:21:38 10.0.0.12 AgentDevice=WindowsLog	AgentLogFile=Microsoft-Windows-Sysmon/Operational	PluginVersion=7.3.1.28	Source=Microsoft-Windows-Sysmon	Computer=HCC-LLTP-DB	OriginatingComputer=HCC-LLTP-DB	User=USER_0002	Domain=DOMAIN_0006.LOCAL	EventID=10	EventIDCode=10	EventType=4	EventCategory=10	RecordNumber=2037611649	TimeGenerated=1784877696	TimeWritten=1784877696	Level=Informational	Keywords=0x8000000000000000	Task=SysmonTask-SYSMON_ACCESS_PROCESS	Opcode=Info	Message=Process accessed: RuleName: - UtcTime: 2026-07-24 07:21:36.563 SourceProcessGUID: {C20AB55E-3287-67BC-BD08-000000001C00} SourceProcessId: 6200 SourceThreadId: 13928 SourceImage: C:\Windows\system32\ServerManager.exe TargetProcessGUID: {C20AB55E-126C-6A63-D920-160000001C00} TargetProcessId: 7604 TargetImage: C:\Windows\system32\Configure-SMRemoting.exe GrantedAccess: 0x1FFFFF CallTrace: C:\Windows\SYSTEM32\ntdll.dll+90d6a|C:\Windows\system32\KERNELBASE.dll+e120|C:\Windows\system32\KERNELBASE.dll+10d76|C:\Windows\system32\KERNEL32.dll+7983|C:\Windows\assembly\NativeImages_v4.0.30319_64\System\e30408788e6ae58b13026d86d4904782\System.ni.dll+32e550|C:\Windows\assembly\NativeImages_v4.0.30319_64\System\e30408788e6ae58b13026d86d4904782\System.ni.dll+28b2fd|C:\Windows\assembly\NativeImages_v4.0.30319_64\System\e30408788e6ae58b13026d86d4904782\System.ni.dll+28ac9c|C:\Windows\assembly\NativeImages_v4DOMAIN_0013.LOCAL\USER_0051#\36151302c744518974a412b74e6beb49\Microsoft.Windows.ServerManager.Common.ni.dll+0(wow64)|C:\Windows\assembly\NativeImages_v4DOMAIN_0013.LOCAL\USER_0051#\36151302c744518974a412b74e6beb49\Microsoft.Windows.ServerManager.Common.ni.dll+0(wow64)|C:\Windows\assembly\NativeImages_v4DOMAIN_0013.LOCAL\USER_0051#\36151302c744518974a412b74e6beb49\Microsoft.Windows.ServerManager.Common.ni.dll+0(wow64)|C:\Windows\Microsoft.NET\Framework64\v4DOMAIN_0015.LOCAL\USER_0033+5c93|C:\Windows\Microsoft.NET\Framework64\v4DOMAIN_0015.LOCAL\USER_0033+5b36|C:\Windows\Microsoft.NET\Framework64\v4DOMAIN_0015.LOCAL\USER_0033+1132c1|C:\Windows\Microsoft.NET\Framework64\v4DOMAIN_0015.LOCAL\USER_0033+11360f|C:\Windows\assembly\NativeImages_v4.0.30319_64\mscorlib\ccb48f84a5cca36e9b0205b6a65ee54a\mscorlib.ni.dll+f1fc34|C:\Windows\assembly\NativeImages_v4.0.30319_64\mscorlib\ccb48f84a5cca36e9b0205b6a65ee54a\mscorlib.ni.dll+4f4770|C:\Windows\assembly\NativeImages_v4.0.30319_64\mscorlib\ccb48f84a5cca36e9b0205b6a65ee54a\mscorlib.ni.dll+4f4604|C:\Windows\assembly\NativeImages_v4.0.30319_64\mscorlib\ccb48f84a5cca36e9b0205b6a65ee54a\mscorlib.ni.dll+4ff150|C:\Windows\assembly\NativeImages_v4.0.30319_64\mscorlib\ccb48f84a5cca36e9b0205b6a65ee54a\mscorlib.ni.dll+4ff76e|C:\Windows\Microsoft.NET\Framework64\v4DOMAIN_0015.LOCAL\USER_0033+5c93|C:\Windows\Microsoft.NET\Framework64\v4DOMAIN_0015.LOCAL\USER_0033+5b36|C:\Windows\Microsoft.NET\Framework64\v4DOMAIN_0015.LOCAL\USER_0033+6249|C:\Windows\Microsoft.NET\Framework64\v4DOMAIN_0015.LOCAL\USER_0033+ad89|C:\Windows\Microsoft.NET\Framework64\v4DOMAIN_0015.LOCAL\USER_0033+6a01 ,Information,N/A,1,0,unknown,N/A,ProcessAccess,unknown,0,null,1784877696000,255,0,false,0,"true""""",Microsoft-Windows-Sysmon/Operational,HOST_0004,"The process accessed event reports when a process opens another process, an operation that’s often followed by information queries or reading and writing the address space of the target process.",0,1784877700176,No Offense,255,HOST_0029 @ 10.0.0.12,false,3,false,N/A,10.0.0.12,false,1784877700176,5,NETWORK_0002,35,10,0,2,-1,HOST_0004,[REDACTED_DUPLICATE_PAYLOAD],USER_0002,5001829,false,null,N/A,"14:21:40, 24 thg 7, 2026","14:21:36, 24 thg 7, 2026",MAC_0002,HOST_0006,439,0,false,10.0.0.12,0,N/A,10.0.0.3,1,"14:21:40, 24 thg 7, 2026",0:0:0:0:0:0:0:0,N/A,null,"100221,100265,109237,109187,100668,156193,100272,134937,166353"
N/A,false,0,0,USER_0004,10.0.0.12,"{sysmon-eventid=13, Description=N/A, Message=N/A, Pipe Name=N/A, Registry Key=\MuiCache\15b\52C64B7E, sysmon-processid=6200, channel=Microsoft-Windows-Sysmon/Operational, Target Object=HKU\S-1-5-21-728566140-106364507-3694018187-500_CLASSES\Local Settings\MuiCache\15b\52C64B7E\LanguageList, Logon Account Domain=DOMAIN_0001.LOCAL, Object Name=DOMAIN_0020.LOCAL\USER_0049DOMAIN_0021.LOCAL\USER_0050 Settings\MuiCache\15b\52C64B7E\LanguageList, Target Details=Binary Data, Process Name=ServerManager.exe, Registry Value Data=Binary Data, Account Name=USER_0004, Logon Type=N/A, sysmon-targetobject=HKU\S-1-5-21-728566140-106364507-3694018187-500_CLASSES\Local Settings\MuiCache\15b\52C64B7E\LanguageList, Target User Domain=DOMAIN_0001.LOCAL, Rule Name=-, Account Security ID=S-1-5-21-0002, Share Name=N/A, Authentication Package=N/A, sysmon-processguid={C20AB55E-3287-67BC-BD08-000000001C00}, Logon Account Name=USER_0004, Realm=DOMAIN_0001.LOCAL, EventIDCode=13, Account ID=S-1-5-21-0002, Process Path=C:\Windows\system32\ServerManager.exe, sysmon-utctime=2026-07-24 07:21:16.548, Status Code=N/A, Registry Value Name=LanguageList, User Domain=DOMAIN_0001.LOCAL, Key Length=N/A, Target Username=USER_0004, Event ID=13, ProgramName=N/A, Registry Hive=HKU, sysmon-eventtype=SetValue, sysmon-user=USER_0002, Process GUID=C20AB55E-3287-67BC-BD08-000000001C00, Process ID=6200, Machine Identifier=HOST_0028, Object Type=N/A, Target Account Security ID=S-1-5-21-0002, Device Name=HOST_0028, sysmon-details=Binary Data}",false,MAC_0001,MAC_0002,[REDACTED_DUPLICATE_PAYLOAD],3,40791,0,12,false,0:0:0:0:0:0:0:0,N/A,0,N/A,8012,<13>Jul 24 14:21:17 10.0.0.12 AgentDevice=WindowsLog	AgentLogFile=Microsoft-Windows-Sysmon/Operational	PluginVersion=7.3.1.28	Source=Microsoft-Windows-Sysmon	Computer=HCC-LLTP-DB	OriginatingComputer=HCC-LLTP-DB	User=USER_0002	Domain=DOMAIN_0006.LOCAL	EventID=13	EventIDCode=13	EventType=4	EventCategory=13	RecordNumber=2037611119	TimeGenerated=1784877676	TimeWritten=1784877676	Level=Informational	Keywords=0x8000000000000000	Task=SysmonTask-SYSMON_REG_SETVALUE	Opcode=Info	Message=Registry value set: RuleName: - EventType: SetValue UtcTime: 2026-07-24 07:21:16.548 ProcessGuid: {C20AB55E-3287-67BC-BD08-000000001C00} ProcessId: 6200 Image: C:\Windows\system32\ServerManager.exe TargetObject: DOMAIN_0020.LOCAL\USER_0049DOMAIN_0021.LOCAL\USER_0050 Settings\MuiCache\15b\52C64B7E\LanguageList Details: Binary Data ,Successful Registry Modification,N/A,1,0,unknown,N/A,RegistryEvent (Value Set),unknown,0,null,1784877676000,255,0,false,0,"true""""",Microsoft-Windows-Sysmon/Operational,HOST_0004,This Registry event type identifies Registry value modifications.,0,1784877679094,No Offense,255,HOST_0029 @ 10.0.0.12,false,3,false,N/A,10.0.0.12,false,1784877679094,5,NETWORK_0002,35,13,0,1,-1,HOST_0004,[REDACTED_DUPLICATE_PAYLOAD],USER_0002,5001832,false,null,N/A,"14:21:19, 24 thg 7, 2026","14:21:16, 24 thg 7, 2026",MAC_0002,HOST_0006,439,0,false,10.0.0.12,0,N/A,10.0.0.3,477,"14:21:19, 24 thg 7, 2026",0:0:0:0:0:0:0:0,N/A,null,"100221,100265,109237,109187,100617,100668,156193,100276,100272,123237,123937,134937,166353"
N/A,false,0,0,USER_0004,10.0.0.12,"{sysmon-eventid=13, Description=N/A, Message=N/A, Pipe Name=N/A, Registry Key=\MuiCache\15b\52C64B7E, sysmon-processid=6200, channel=Microsoft-Windows-Sysmon/Operational, Target Object=HKU\S-1-5-21-728566140-106364507-3694018187-500_CLASSES\Local Settings\MuiCache\15b\52C64B7E\LanguageList, Logon Account Domain=DOMAIN_0001.LOCAL, Object Name=DOMAIN_0020.LOCAL\USER_0049DOMAIN_0021.LOCAL\USER_0050 Settings\MuiCache\15b\52C64B7E\LanguageList, Target Details=Binary Data, Process Name=ServerManager.exe, Registry Value Data=Binary Data, Account Name=USER_0004, Logon Type=N/A, sysmon-targetobject=HKU\S-1-5-21-728566140-106364507-3694018187-500_CLASSES\Local Settings\MuiCache\15b\52C64B7E\LanguageList, Target User Domain=DOMAIN_0001.LOCAL, Rule Name=-, Account Security ID=S-1-5-21-0002, Share Name=N/A, Authentication Package=N/A, sysmon-processguid={C20AB55E-3287-67BC-BD08-000000001C00}, Logon Account Name=USER_0004, Realm=DOMAIN_0001.LOCAL, EventIDCode=13, Account ID=S-1-5-21-0002, Process Path=C:\Windows\system32\ServerManager.exe, sysmon-utctime=2026-07-24 07:19:16.559, Status Code=N/A, Registry Value Name=LanguageList, User Domain=DOMAIN_0001.LOCAL, Key Length=N/A, Target Username=USER_0004, Event ID=13, ProgramName=N/A, Registry Hive=HKU, sysmon-eventtype=SetValue, sysmon-user=USER_0002, Process GUID=C20AB55E-3287-67BC-BD08-000000001C00, Process ID=6200, Machine Identifier=HOST_0028, Object Type=N/A, Target Account Security ID=S-1-5-21-0002, Device Name=HOST_0028, sysmon-details=Binary Data}",false,MAC_0001,MAC_0002,[REDACTED_DUPLICATE_PAYLOAD],3,40791,0,12,false,0:0:0:0:0:0:0:0,N/A,0,N/A,8012,<13>Jul 24 14:19:17 10.0.0.12 AgentDevice=WindowsLog	AgentLogFile=Microsoft-Windows-Sysmon/Operational	PluginVersion=7.3.1.28	Source=Microsoft-Windows-Sysmon	Computer=HCC-LLTP-DB	OriginatingComputer=HCC-LLTP-DB	User=USER_0002	Domain=DOMAIN_0006.LOCAL	EventID=13	EventIDCode=13	EventType=4	EventCategory=13	RecordNumber=2037606485	TimeGenerated=1784877556	TimeWritten=1784877556	Level=Informational	Keywords=0x8000000000000000	Task=SysmonTask-SYSMON_REG_SETVALUE	Opcode=Info	Message=Registry value set: RuleName: - EventType: SetValue UtcTime: 2026-07-24 07:19:16.559 ProcessGuid: {C20AB55E-3287-67BC-BD08-000000001C00} ProcessId: 6200 Image: C:\Windows\system32\ServerManager.exe TargetObject: DOMAIN_0020.LOCAL\USER_0049DOMAIN_0021.LOCAL\USER_0050 Settings\MuiCache\15b\52C64B7E\LanguageList Details: Binary Data ,Successful Registry Modification,N/A,1,0,unknown,N/A,RegistryEvent (Value Set),unknown,0,null,1784877556000,255,0,false,0,"true""""",Microsoft-Windows-Sysmon/Operational,HOST_0004,This Registry event type identifies Registry value modifications.,0,1784877560723,No Offense,255,HOST_0029 @ 10.0.0.12,false,3,false,N/A,10.0.0.12,false,1784877560723,5,NETWORK_0002,35,13,0,1,-1,HOST_0004,[REDACTED_DUPLICATE_PAYLOAD],USER_0002,5001832,false,null,N/A,"14:19:20, 24 thg 7, 2026","14:19:16, 24 thg 7, 2026",MAC_0002,HOST_0006,439,0,false,10.0.0.12,0,N/A,10.0.0.3,318,"14:19:20, 24 thg 7, 2026",0:0:0:0:0:0:0:0,N/A,null,"100221,100265,109237,109187,100617,100668,156193,100276,100272,123237,123937,134937,166353"
N/A,false,0,0,USER_0004,10.0.0.12,"{sysmon-eventid=10, sysmon-sourceprocessid=6200, Pipe Name=N/A, sysmon-processid=6200, sysmon-sourceimage=C:\Windows\system32\ServerManager.exe, channel=Microsoft-Windows-Sysmon/Operational, Object Name=N/A, Target Details=N/A, Account Name=USER_0004, Target User Domain=DOMAIN_0001.LOCAL, sysmon-sourceprocessguid={C20AB55E-3287-67BC-BD08-000000001C00}, Logon Account Name=USER_0004, EventIDCode=10, HostApplication=N/A, sysmon-targetprocessid=2392, EngineVersion=N/A, sysmon-grantedaccess=0x1FFFFF, sysmon-utctime=2026-07-24 07:15:36.485, Key Length=N/A, HostId=N/A, ProgramName=N/A, Process GUID=C20AB55E-3287-67BC-BD08-000000001C00, ScriptName=N/A, Object Type=N/A, sysmon-targetprocessguid={C20AB55E-1104-6A63-CC20-160000001C00}, Description=N/A, Message=N/A, Logon Account Domain=DOMAIN_0001.LOCAL, Target Process GUID=C20AB55E-1104-6A63-CC20-160000001C00, Logon Type=N/A, PipelineId=N/A, sysmon-sourcethreadid=20088, Account Security ID=S-1-5-21-0002, Share Name=N/A, Authentication Package=N/A, sysmon-processguid=N/A, Realm=DOMAIN_0001.LOCAL, Account ID=S-1-5-21-0002, Process Path=C:\Windows\system32\ServerManager.exe, Status Code=N/A, RunspaceId=N/A, User Domain=DOMAIN_0001.LOCAL, Target Username=USER_0004, Event ID=10, HostVersion=N/A, sysmon-user=USER_0002, Command=N/A, Process ID=6200, Machine Identifier=HOST_0028, Target Account Security ID=S-1-5-21-0002, Device Name=HOST_0028, sysmon-targetimage=C:\Windows\system32\Configure-SMRemoting.exe, Access Mask=N/A}",false,MAC_0001,MAC_0002,[REDACTED_DUPLICATE_PAYLOAD],3,40791,0,12,false,0:0:0:0:0:0:0:0,N/A,0,N/A,8052,<13>Jul 24 14:15:38 10.0.0.12 AgentDevice=WindowsLog	AgentLogFile=Microsoft-Windows-Sysmon/Operational	PluginVersion=7.3.1.28	Source=Microsoft-Windows-Sysmon	Computer=HCC-LLTP-DB	OriginatingComputer=HCC-LLTP-DB	User=USER_0002	Domain=DOMAIN_0006.LOCAL	EventID=10	EventIDCode=10	EventType=4	EventCategory=10	RecordNumber=2037598101	TimeGenerated=1784877336	TimeWritten=1784877336	Level=Informational	Keywords=0x8000000000000000	Task=SysmonTask-SYSMON_ACCESS_PROCESS	Opcode=Info	Message=Process accessed: RuleName: - UtcTime: 2026-07-24 07:15:36.485 SourceProcessGUID: {C20AB55E-3287-67BC-BD08-000000001C00} SourceProcessId: 6200 SourceThreadId: 20088 SourceImage: C:\Windows\system32\ServerManager.exe TargetProcessGUID: {C20AB55E-1104-6A63-CC20-160000001C00} TargetProcessId: 2392 TargetImage: C:\Windows\system32\Configure-SMRemoting.exe GrantedAccess: 0x1FFFFF CallTrace: C:\Windows\SYSTEM32\ntdll.dll+90d6a|C:\Windows\system32\KERNELBASE.dll+e120|C:\Windows\system32\KERNELBASE.dll+10d76|C:\Windows\system32\KERNEL32.dll+7983|C:\Windows\assembly\NativeImages_v4.0.30319_64\System\e30408788e6ae58b13026d86d4904782\System.ni.dll+32e550|C:\Windows\assembly\NativeImages_v4.0.30319_64\System\e30408788e6ae58b13026d86d4904782\System.ni.dll+28b2fd|C:\Windows\assembly\NativeImages_v4.0.30319_64\System\e30408788e6ae58b13026d86d4904782\System.ni.dll+28ac9c|C:\Windows\assembly\NativeImages_v4DOMAIN_0013.LOCAL\USER_0051#\36151302c744518974a412b74e6beb49\Microsoft.Windows.ServerManager.Common.ni.dll+0(wow64)|C:\Windows\assembly\NativeImages_v4DOMAIN_0013.LOCAL\USER_0051#\36151302c744518974a412b74e6beb49\Microsoft.Windows.ServerManager.Common.ni.dll+0(wow64)|C:\Windows\assembly\NativeImages_v4DOMAIN_0013.LOCAL\USER_0051#\36151302c744518974a412b74e6beb49\Microsoft.Windows.ServerManager.Common.ni.dll+0(wow64)|C:\Windows\Microsoft.NET\Framework64\v4DOMAIN_0015.LOCAL\USER_0033+5c93|C:\Windows\Microsoft.NET\Framework64\v4DOMAIN_0015.LOCAL\USER_0033+5b36|C:\Windows\Microsoft.NET\Framework64\v4DOMAIN_0015.LOCAL\USER_0033+1132c1|C:\Windows\Microsoft.NET\Framework64\v4DOMAIN_0015.LOCAL\USER_0033+11360f|C:\Windows\assembly\NativeImages_v4.0.30319_64\mscorlib\ccb48f84a5cca36e9b0205b6a65ee54a\mscorlib.ni.dll+f1fc34|C:\Windows\assembly\NativeImages_v4.0.30319_64\mscorlib\ccb48f84a5cca36e9b0205b6a65ee54a\mscorlib.ni.dll+4f4770|C:\Windows\assembly\NativeImages_v4.0.30319_64\mscorlib\ccb48f84a5cca36e9b0205b6a65ee54a\mscorlib.ni.dll+4f4604|C:\Windows\assembly\NativeImages_v4.0.30319_64\mscorlib\ccb48f84a5cca36e9b0205b6a65ee54a\mscorlib.ni.dll+4ff150|C:\Windows\assembly\NativeImages_v4.0.30319_64\mscorlib\ccb48f84a5cca36e9b0205b6a65ee54a\mscorlib.ni.dll+4ff76e|C:\Windows\Microsoft.NET\Framework64\v4DOMAIN_0015.LOCAL\USER_0033+5c93|C:\Windows\Microsoft.NET\Framework64\v4DOMAIN_0015.LOCAL\USER_0033+5b36|C:\Windows\Microsoft.NET\Framework64\v4DOMAIN_0015.LOCAL\USER_0033+6249|C:\Windows\Microsoft.NET\Framework64\v4DOMAIN_0015.LOCAL\USER_0033+ad89|C:\Windows\Microsoft.NET\Framework64\v4DOMAIN_0015.LOCAL\USER_0033+6a01 ,Information,N/A,1,0,unknown,N/A,ProcessAccess,unknown,0,null,1784877336000,255,0,false,0,"true""""",Microsoft-Windows-Sysmon/Operational,HOST_0004,"The process accessed event reports when a process opens another process, an operation that’s often followed by information queries or reading and writing the address space of the target process.",0,1784877341687,No Offense,255,HOST_0029 @ 10.0.0.12,false,3,false,N/A,10.0.0.12,false,1784877341687,5,NETWORK_0002,35,10,0,2,-1,HOST_0004,[REDACTED_DUPLICATE_PAYLOAD],USER_0002,5001829,false,null,N/A,"14:15:41, 24 thg 7, 2026","14:15:36, 24 thg 7, 2026",MAC_0002,HOST_0006,439,0,false,10.0.0.12,0,N/A,10.0.0.3,1,"14:15:41, 24 thg 7, 2026",0:0:0:0:0:0:0:0,N/A,null,"100221,100265,109237,109187,100668,156193,100272,134937,166353"
N/A,false,0,0,USER_0004,10.0.0.12,"{sysmon-eventid=12, Description=N/A, Message=N/A, Pipe Name=N/A, Registry Key=\System\CurrentControlSet\Services\Tcpip\Parameters, sysmon-processid=6200, channel=Microsoft-Windows-Sysmon/Operational, Logon Account Domain=DOMAIN_0001.LOCAL, Object Name=HKLM\System\CurrentControlSet\Services\Tcpip\Parameters, Registry Value Data=N/A, Account Name=USER_0004, Logon Type=N/A, sysmon-targetobject=HKLM\System\CurrentControlSet\Services\Tcpip\Parameters, Target User Domain=DOMAIN_0001.LOCAL, Accesses=CreateKey, Rule Name=-, Account Security ID=S-1-5-21-0002, Share Name=N/A, Authentication Package=N/A, sysmon-processguid={C20AB55E-3287-67BC-BD08-000000001C00}, Logon Account Name=USER_0004, Realm=DOMAIN_0001.LOCAL, EventIDCode=12, Account ID=S-1-5-21-0002, Process Path=C:\Windows\system32\ServerManager.exe, sysmon-utctime=2026-07-24 07:13:16.238, Status Code=N/A, Registry Value Name=Parameters, User Domain=DOMAIN_0001.LOCAL, Key Length=N/A, Target Username=USER_0004, Event ID=12, ProgramName=N/A, Registry Hive=HKLM, sysmon-eventtype=CreateKey, sysmon-user=USER_0002, Process GUID=C20AB55E-3287-67BC-BD08-000000001C00, Process ID=6200, sysmon-image=C:\Windows\system32\ServerManager.exe, Machine Identifier=HOST_0028, Object Type=N/A, Target Account Security ID=S-1-5-21-0002, Device Name=HOST_0028}",false,MAC_0001,MAC_0002,[REDACTED_DUPLICATE_PAYLOAD],3,40791,0,12,false,0:0:0:0:0:0:0:0,N/A,0,N/A,8012,<13>Jul 24 14:13:17 10.0.0.12 AgentDevice=WindowsLog	AgentLogFile=Microsoft-Windows-Sysmon/Operational	PluginVersion=7.3.1.28	Source=Microsoft-Windows-Sysmon	Computer=HCC-LLTP-DB	OriginatingComputer=HCC-LLTP-DB	User=USER_0002	Domain=DOMAIN_0006.LOCAL	EventID=12	EventIDCode=12	EventType=4	EventCategory=12	RecordNumber=2037592549	TimeGenerated=1784877196	TimeWritten=1784877196	Level=Informational	Keywords=0x8000000000000000	Task=SysmonTask-SYSMON_REG_KEY	Opcode=Info	Message=Registry object added or deleted: RuleName: - EventType: CreateKey UtcTime: 2026-07-24 07:13:16.238 ProcessGuid: {C20AB55E-3287-67BC-BD08-000000001C00} ProcessId: 6200 Image: C:\Windows\system32\ServerManager.exe TargetObject: HKLM\System\CurrentControlSet\Services\Tcpip\Parameters ,Successful Registry Modification,N/A,1,0,unknown,N/A,RegistryEvent (Object create and delete),unknown,0,null,1784877196000,255,0,false,0,"true""""",Microsoft-Windows-Sysmon/Operational,HOST_0004,"Registry key and value create and delete operations map to this event type, which can be useful for monitoring for changes to Registry autostart locations, or specific malware registry modifications.",0,1784877205228,No Offense,255,HOST_0029 @ 10.0.0.12,false,3,false,N/A,10.0.0.12,false,1784877205228,5,NETWORK_0002,35,12,0,1,-1,HOST_0004,[REDACTED_DUPLICATE_PAYLOAD],USER_0002,5001831,false,null,N/A,"14:13:25, 24 thg 7, 2026","14:13:16, 24 thg 7, 2026",MAC_0002,HOST_0006,439,0,false,10.0.0.12,0,N/A,10.0.0.3,1,"14:13:25, 24 thg 7, 2026",0:0:0:0:0:0:0:0,N/A,null,"100221,100265,109237,109187,100668,156193,100276,100272,123237,123937,134937,166353"
N/A,false,0,0,USER_0004,10.0.0.12,"{sysmon-eventid=12, Description=N/A, Message=N/A, Pipe Name=N/A, Registry Key=\System\CurrentControlSet\Services\Tcpip\Parameters, sysmon-processid=6200, channel=Microsoft-Windows-Sysmon/Operational, Logon Account Domain=DOMAIN_0001.LOCAL, Object Name=HKLM\System\CurrentControlSet\Services\Tcpip\Parameters, Registry Value Data=N/A, Account Name=USER_0004, Logon Type=N/A, sysmon-targetobject=HKLM\System\CurrentControlSet\Services\Tcpip\Parameters, Target User Domain=DOMAIN_0001.LOCAL, Accesses=CreateKey, Rule Name=-, Account Security ID=S-1-5-21-0002, Share Name=N/A, Authentication Package=N/A, sysmon-processguid={C20AB55E-3287-67BC-BD08-000000001C00}, Logon Account Name=USER_0004, Realm=DOMAIN_0001.LOCAL, EventIDCode=12, Account ID=S-1-5-21-0002, Process Path=C:\Windows\system32\ServerManager.exe, sysmon-utctime=2026-07-24 07:13:16.222, Status Code=N/A, Registry Value Name=Parameters, User Domain=DOMAIN_0001.LOCAL, Key Length=N/A, Target Username=USER_0004, Event ID=12, ProgramName=N/A, Registry Hive=HKLM, sysmon-eventtype=CreateKey, sysmon-user=USER_0002, Process GUID=C20AB55E-3287-67BC-BD08-000000001C00, Process ID=6200, sysmon-image=C:\Windows\system32\ServerManager.exe, Machine Identifier=HOST_0028, Object Type=N/A, Target Account Security ID=S-1-5-21-0002, Device Name=HOST_0028}",false,MAC_0001,MAC_0002,[REDACTED_DUPLICATE_PAYLOAD],3,40791,0,12,false,0:0:0:0:0:0:0:0,N/A,0,N/A,8012,<13>Jul 24 14:13:17 10.0.0.12 AgentDevice=WindowsLog	AgentLogFile=Microsoft-Windows-Sysmon/Operational	PluginVersion=7.3.1.28	Source=Microsoft-Windows-Sysmon	Computer=HCC-LLTP-DB	OriginatingComputer=HCC-LLTP-DB	User=USER_0002	Domain=DOMAIN_0006.LOCAL	EventID=12	EventIDCode=12	EventType=4	EventCategory=12	RecordNumber=2037592545	TimeGenerated=1784877196	TimeWritten=1784877196	Level=Informational	Keywords=0x8000000000000000	Task=SysmonTask-SYSMON_REG_KEY	Opcode=Info	Message=Registry object added or deleted: RuleName: - EventType: CreateKey UtcTime: 2026-07-24 07:13:16.222 ProcessGuid: {C20AB55E-3287-67BC-BD08-000000001C00} ProcessId: 6200 Image: C:\Windows\system32\ServerManager.exe TargetObject: HKLM\System\CurrentControlSet\Services\Tcpip\Parameters ,Successful Registry Modification,N/A,1,0,unknown,N/A,RegistryEvent (Object create and delete),unknown,0,null,1784877196000,255,0,false,0,"true""""",Microsoft-Windows-Sysmon/Operational,HOST_0004,"Registry key and value create and delete operations map to this event type, which can be useful for monitoring for changes to Registry autostart locations, or specific malware registry modifications.",0,1784877205228,No Offense,255,HOST_0029 @ 10.0.0.12,false,3,false,N/A,10.0.0.12,false,1784877205228,5,NETWORK_0002,35,12,0,1,-1,HOST_0004,[REDACTED_DUPLICATE_PAYLOAD],USER_0002,5001831,false,null,N/A,"14:13:25, 24 thg 7, 2026","14:13:16, 24 thg 7, 2026",MAC_0002,HOST_0006,439,0,false,10.0.0.12,0,N/A,10.0.0.3,1,"14:13:25, 24 thg 7, 2026",0:0:0:0:0:0:0:0,N/A,null,"100221,100265,109237,109187,100668,156193,100276,100272,123237,123937,134937,166353"
N/A,false,0,0,USER_0004,10.0.0.12,"{sysmon-eventid=12, Description=N/A, Message=N/A, Pipe Name=N/A, Registry Key=\System\CurrentControlSet\Services\Tcpip\Parameters, sysmon-processid=6200, channel=Microsoft-Windows-Sysmon/Operational, Logon Account Domain=DOMAIN_0001.LOCAL, Object Name=HKLM\System\CurrentControlSet\Services\Tcpip\Parameters, Registry Value Data=N/A, Account Name=USER_0004, Logon Type=N/A, sysmon-targetobject=HKLM\System\CurrentControlSet\Services\Tcpip\Parameters, Target User Domain=DOMAIN_0001.LOCAL, Accesses=CreateKey, Rule Name=-, Account Security ID=S-1-5-21-0002, Share Name=N/A, Authentication Package=N/A, sysmon-processguid={C20AB55E-3287-67BC-BD08-000000001C00}, Logon Account Name=USER_0004, Realm=DOMAIN_0001.LOCAL, EventIDCode=12, Account ID=S-1-5-21-0002, Process Path=C:\Windows\system32\ServerManager.exe, sysmon-utctime=2026-07-24 07:13:16.222, Status Code=N/A, Registry Value Name=Parameters, User Domain=DOMAIN_0001.LOCAL, Key Length=N/A, Target Username=USER_0004, Event ID=12, ProgramName=N/A, Registry Hive=HKLM, sysmon-eventtype=CreateKey, sysmon-user=USER_0002, Process GUID=C20AB55E-3287-67BC-BD08-000000001C00, Process ID=6200, sysmon-image=C:\Windows\system32\ServerManager.exe, Machine Identifier=HOST_0028, Object Type=N/A, Target Account Security ID=S-1-5-21-0002, Device Name=HOST_0028}",false,MAC_0001,MAC_0002,[REDACTED_DUPLICATE_PAYLOAD],3,40791,0,12,false,0:0:0:0:0:0:0:0,N/A,0,N/A,8012,<13>Jul 24 14:13:17 10.0.0.12 AgentDevice=WindowsLog	AgentLogFile=Microsoft-Windows-Sysmon/Operational	PluginVersion=7.3.1.28	Source=Microsoft-Windows-Sysmon	Computer=HCC-LLTP-DB	OriginatingComputer=HCC-LLTP-DB	User=USER_0002	Domain=DOMAIN_0006.LOCAL	EventID=12	EventIDCode=12	EventType=4	EventCategory=12	RecordNumber=2037592543	TimeGenerated=1784877196	TimeWritten=1784877196	Level=Informational	Keywords=0x8000000000000000	Task=SysmonTask-SYSMON_REG_KEY	Opcode=Info	Message=Registry object added or deleted: RuleName: - EventType: CreateKey UtcTime: 2026-07-24 07:13:16.222 ProcessGuid: {C20AB55E-3287-67BC-BD08-000000001C00} ProcessId: 6200 Image: C:\Windows\system32\ServerManager.exe TargetObject: HKLM\System\CurrentControlSet\Services\Tcpip\Parameters ,Successful Registry Modification,N/A,1,0,unknown,N/A,RegistryEvent (Object create and delete),unknown,0,null,1784877196000,255,0,false,0,"true""""",Microsoft-Windows-Sysmon/Operational,HOST_0004,"Registry key and value create and delete operations map to this event type, which can be useful for monitoring for changes to Registry autostart locations, or specific malware registry modifications.",0,1784877205228,No Offense,255,HOST_0029 @ 10.0.0.12,false,3,false,N/A,10.0.0.12,false,1784877205228,5,NETWORK_0002,35,12,0,1,-1,HOST_0004,[REDACTED_DUPLICATE_PAYLOAD],USER_0002,5001831,false,null,N/A,"14:13:25, 24 thg 7, 2026","14:13:16, 24 thg 7, 2026",MAC_0002,HOST_0006,439,0,false,10.0.0.12,0,N/A,10.0.0.3,1,"14:13:25, 24 thg 7, 2026",0:0:0:0:0:0:0:0,N/A,null,"100221,100265,109237,109187,100668,156193,100276,100272,123237,123937,134937,166353"
N/A,false,0,0,USER_0004,10.0.0.12,"{sysmon-eventid=10, sysmon-sourceprocessid=6200, Pipe Name=N/A, sysmon-processid=6200, sysmon-sourceimage=C:\Windows\system32\ServerManager.exe, channel=Microsoft-Windows-Sysmon/Operational, Object Name=N/A, Target Details=N/A, Account Name=USER_0004, Target User Domain=DOMAIN_0001.LOCAL, sysmon-sourceprocessguid={C20AB55E-3287-67BC-BD08-000000001C00}, Logon Account Name=USER_0004, EventIDCode=10, HostApplication=N/A, sysmon-targetprocessid=21908, EngineVersion=N/A, sysmon-grantedaccess=0x1FFFFF, sysmon-utctime=2026-07-24 07:11:36.453, Key Length=N/A, HostId=N/A, ProgramName=N/A, Process GUID=C20AB55E-3287-67BC-BD08-000000001C00, ScriptName=N/A, Object Type=N/A, sysmon-targetprocessguid={C20AB55E-1014-6A63-C520-160000001C00}, Description=N/A, Message=N/A, Logon Account Domain=DOMAIN_0001.LOCAL, Target Process GUID=C20AB55E-1014-6A63-C520-160000001C00, Logon Type=N/A, PipelineId=N/A, sysmon-sourcethreadid=8912, Account Security ID=S-1-5-21-0002, Share Name=N/A, Authentication Package=N/A, sysmon-processguid=N/A, Realm=DOMAIN_0001.LOCAL, Account ID=S-1-5-21-0002, Process Path=C:\Windows\system32\ServerManager.exe, Status Code=N/A, RunspaceId=N/A, User Domain=DOMAIN_0001.LOCAL, Target Username=USER_0004, Event ID=10, HostVersion=N/A, sysmon-user=USER_0002, Command=N/A, Process ID=6200, Machine Identifier=HOST_0028, Target Account Security ID=S-1-5-21-0002, Device Name=HOST_0028, sysmon-targetimage=C:\Windows\system32\Configure-SMRemoting.exe, Access Mask=N/A}",false,MAC_0001,MAC_0002,[REDACTED_DUPLICATE_PAYLOAD],3,40791,0,12,false,0:0:0:0:0:0:0:0,N/A,0,N/A,8052,<13>Jul 24 14:11:38 10.0.0.12 AgentDevice=WindowsLog	AgentLogFile=Microsoft-Windows-Sysmon/Operational	PluginVersion=7.3.1.28	Source=Microsoft-Windows-Sysmon	Computer=HCC-LLTP-DB	OriginatingComputer=HCC-LLTP-DB	User=USER_0002	Domain=DOMAIN_0006.LOCAL	EventID=10	EventIDCode=10	EventType=4	EventCategory=10	RecordNumber=2037588957	TimeGenerated=1784877096	TimeWritten=1784877096	Level=Informational	Keywords=0x8000000000000000	Task=SysmonTask-SYSMON_ACCESS_PROCESS	Opcode=Info	Message=Process accessed: RuleName: - UtcTime: 2026-07-24 07:11:36.453 SourceProcessGUID: {C20AB55E-3287-67BC-BD08-000000001C00} SourceProcessId: 6200 SourceThreadId: 8912 SourceImage: C:\Windows\system32\ServerManager.exe TargetProcessGUID: {C20AB55E-1014-6A63-C520-160000001C00} TargetProcessId: 21908 TargetImage: C:\Windows\system32\Configure-SMRemoting.exe GrantedAccess: 0x1FFFFF CallTrace: C:\Windows\SYSTEM32\ntdll.dll+90d6a|C:\Windows\system32\KERNELBASE.dll+e120|C:\Windows\system32\KERNELBASE.dll+10d76|C:\Windows\system32\KERNEL32.dll+7983|C:\Windows\assembly\NativeImages_v4.0.30319_64\System\e30408788e6ae58b13026d86d4904782\System.ni.dll+32e550|C:\Windows\assembly\NativeImages_v4.0.30319_64\System\e30408788e6ae58b13026d86d4904782\System.ni.dll+28b2fd|C:\Windows\assembly\NativeImages_v4.0.30319_64\System\e30408788e6ae58b13026d86d4904782\System.ni.dll+28ac9c|C:\Windows\assembly\NativeImages_v4DOMAIN_0013.LOCAL\USER_0051#\36151302c744518974a412b74e6beb49\Microsoft.Windows.ServerManager.Common.ni.dll+0(wow64)|C:\Windows\assembly\NativeImages_v4DOMAIN_0013.LOCAL\USER_0051#\36151302c744518974a412b74e6beb49\Microsoft.Windows.ServerManager.Common.ni.dll+0(wow64)|C:\Windows\assembly\NativeImages_v4DOMAIN_0013.LOCAL\USER_0051#\36151302c744518974a412b74e6beb49\Microsoft.Windows.ServerManager.Common.ni.dll+0(wow64)|C:\Windows\Microsoft.NET\Framework64\v4DOMAIN_0015.LOCAL\USER_0033+5c93|C:\Windows\Microsoft.NET\Framework64\v4DOMAIN_0015.LOCAL\USER_0033+5b36|C:\Windows\Microsoft.NET\Framework64\v4DOMAIN_0015.LOCAL\USER_0033+1132c1|C:\Windows\Microsoft.NET\Framework64\v4DOMAIN_0015.LOCAL\USER_0033+11360f|C:\Windows\assembly\NativeImages_v4.0.30319_64\mscorlib\ccb48f84a5cca36e9b0205b6a65ee54a\mscorlib.ni.dll+f1fc34|C:\Windows\assembly\NativeImages_v4.0.30319_64\mscorlib\ccb48f84a5cca36e9b0205b6a65ee54a\mscorlib.ni.dll+4f4770|C:\Windows\assembly\NativeImages_v4.0.30319_64\mscorlib\ccb48f84a5cca36e9b0205b6a65ee54a\mscorlib.ni.dll+4f4604|C:\Windows\assembly\NativeImages_v4.0.30319_64\mscorlib\ccb48f84a5cca36e9b0205b6a65ee54a\mscorlib.ni.dll+4ff150|C:\Windows\assembly\NativeImages_v4.0.30319_64\mscorlib\ccb48f84a5cca36e9b0205b6a65ee54a\mscorlib.ni.dll+4ff76e|C:\Windows\Microsoft.NET\Framework64\v4DOMAIN_0015.LOCAL\USER_0033+5c93|C:\Windows\Microsoft.NET\Framework64\v4DOMAIN_0015.LOCAL\USER_0033+5b36|C:\Windows\Microsoft.NET\Framework64\v4DOMAIN_0015.LOCAL\USER_0033+6249|C:\Windows\Microsoft.NET\Framework64\v4DOMAIN_0015.LOCAL\USER_0033+ad89|C:\Windows\Microsoft.NET\Framework64\v4DOMAIN_0015.LOCAL\USER_0033+6a01 ,Information,N/A,1,0,unknown,N/A,ProcessAccess,unknown,0,null,1784877096000,255,0,false,0,"true""""",Microsoft-Windows-Sysmon/Operational,HOST_0004,"The process accessed event reports when a process opens another process, an operation that’s often followed by information queries or reading and writing the address space of the target process.",0,1784877100138,No Offense,255,HOST_0029 @ 10.0.0.12,false,3,false,N/A,10.0.0.12,false,1784877100138,5,NETWORK_0002,35,10,0,2,-1,HOST_0004,[REDACTED_DUPLICATE_PAYLOAD],USER_0002,5001829,false,null,N/A,"14:11:40, 24 thg 7, 2026","14:11:36, 24 thg 7, 2026",MAC_0002,HOST_0006,439,0,false,10.0.0.12,0,N/A,10.0.0.3,1,"14:11:40, 24 thg 7, 2026",0:0:0:0:0:0:0:0,N/A,null,"100221,100265,109237,109187,100668,156193,100272,134937,166353"
N/A,false,0,0,USER_0004,10.0.0.12,"{sysmon-eventid=13, Description=N/A, Message=N/A, Pipe Name=N/A, Registry Key=\MuiCache\15b\52C64B7E, sysmon-processid=6200, channel=Microsoft-Windows-Sysmon/Operational, Target Object=HKU\S-1-5-21-728566140-106364507-3694018187-500_CLASSES\Local Settings\MuiCache\15b\52C64B7E\LanguageList, Logon Account Domain=DOMAIN_0001.LOCAL, Object Name=DOMAIN_0020.LOCAL\USER_0049DOMAIN_0021.LOCAL\USER_0050 Settings\MuiCache\15b\52C64B7E\LanguageList, Target Details=Binary Data, Process Name=ServerManager.exe, Registry Value Data=Binary Data, Account Name=USER_0004, Logon Type=N/A, sysmon-targetobject=HKU\S-1-5-21-728566140-106364507-3694018187-500_CLASSES\Local Settings\MuiCache\15b\52C64B7E\LanguageList, Target User Domain=DOMAIN_0001.LOCAL, Rule Name=-, Account Security ID=S-1-5-21-0002, Share Name=N/A, Authentication Package=N/A, sysmon-processguid={C20AB55E-3287-67BC-BD08-000000001C00}, Logon Account Name=USER_0004, Realm=DOMAIN_0001.LOCAL, EventIDCode=13, Account ID=S-1-5-21-0002, Process Path=C:\Windows\system32\ServerManager.exe, sysmon-utctime=2026-07-24 07:11:16.447, Status Code=N/A, Registry Value Name=LanguageList, User Domain=DOMAIN_0001.LOCAL, Key Length=N/A, Target Username=USER_0004, Event ID=13, ProgramName=N/A, Registry Hive=HKU, sysmon-eventtype=SetValue, sysmon-user=USER_0002, Process GUID=C20AB55E-3287-67BC-BD08-000000001C00, Process ID=6200, Machine Identifier=HOST_0028, Object Type=N/A, Target Account Security ID=S-1-5-21-0002, Device Name=HOST_0028, sysmon-details=Binary Data}",false,MAC_0001,MAC_0002,[REDACTED_DUPLICATE_PAYLOAD],3,40791,0,12,false,0:0:0:0:0:0:0:0,N/A,0,N/A,8012,<13>Jul 24 14:11:17 10.0.0.12 AgentDevice=WindowsLog	AgentLogFile=Microsoft-Windows-Sysmon/Operational	PluginVersion=7.3.1.28	Source=Microsoft-Windows-Sysmon	Computer=HCC-LLTP-DB	OriginatingComputer=HCC-LLTP-DB	User=USER_0002	Domain=DOMAIN_0006.LOCAL	EventID=13	EventIDCode=13	EventType=4	EventCategory=13	RecordNumber=2037588434	TimeGenerated=1784877076	TimeWritten=1784877076	Level=Informational	Keywords=0x8000000000000000	Task=SysmonTask-SYSMON_REG_SETVALUE	Opcode=Info	Message=Registry value set: RuleName: - EventType: SetValue UtcTime: 2026-07-24 07:11:16.447 ProcessGuid: {C20AB55E-3287-67BC-BD08-000000001C00} ProcessId: 6200 Image: C:\Windows\system32\ServerManager.exe TargetObject: DOMAIN_0020.LOCAL\USER_0049DOMAIN_0021.LOCAL\USER_0050 Settings\MuiCache\15b\52C64B7E\LanguageList Details: Binary Data ,Successful Registry Modification,N/A,1,0,unknown,N/A,RegistryEvent (Value Set),unknown,0,null,1784877076000,255,0,false,0,"true""""",Microsoft-Windows-Sysmon/Operational,HOST_0004,This Registry event type identifies Registry value modifications.,0,1784877079100,No Offense,255,HOST_0029 @ 10.0.0.12,false,3,false,N/A,10.0.0.12,false,1784877079100,5,NETWORK_0002,35,13,0,1,-1,HOST_0004,[REDACTED_DUPLICATE_PAYLOAD],USER_0002,5001832,false,null,N/A,"14:11:19, 24 thg 7, 2026","14:11:16, 24 thg 7, 2026",MAC_0002,HOST_0006,439,0,false,10.0.0.12,0,N/A,10.0.0.3,342,"14:11:19, 24 thg 7, 2026",0:0:0:0:0:0:0:0,N/A,null,"100221,100265,109237,109187,100617,100668,156193,100276,100272,123237,123937,134937,166353"
N/A,false,0,0,USER_0004,10.0.0.12,"{sysmon-eventid=10, sysmon-sourceprocessid=6200, Pipe Name=N/A, sysmon-processid=6200, sysmon-sourceimage=C:\Windows\system32\ServerManager.exe, channel=Microsoft-Windows-Sysmon/Operational, Object Name=N/A, Target Details=N/A, Account Name=USER_0004, Target User Domain=DOMAIN_0001.LOCAL, sysmon-sourceprocessguid={C20AB55E-3287-67BC-BD08-000000001C00}, Logon Account Name=USER_0004, EventIDCode=10, HostApplication=N/A, sysmon-targetprocessid=24632, EngineVersion=N/A, sysmon-grantedaccess=0x1FFFFF, sysmon-utctime=2026-07-24 07:09:36.201, Key Length=N/A, HostId=N/A, ProgramName=N/A, Process GUID=C20AB55E-3287-67BC-BD08-000000001C00, ScriptName=N/A, Object Type=N/A, sysmon-targetprocessguid={C20AB55E-0F9C-6A63-C120-160000001C00}, Description=N/A, Message=N/A, Logon Account Domain=DOMAIN_0001.LOCAL, Target Process GUID=C20AB55E-0F9C-6A63-C120-160000001C00, Logon Type=N/A, PipelineId=N/A, sysmon-sourcethreadid=16820, Account Security ID=S-1-5-21-0002, Share Name=N/A, Authentication Package=N/A, sysmon-processguid=N/A, Realm=DOMAIN_0001.LOCAL, Account ID=S-1-5-21-0002, Process Path=C:\Windows\system32\ServerManager.exe, Status Code=N/A, RunspaceId=N/A, User Domain=DOMAIN_0001.LOCAL, Target Username=USER_0004, Event ID=10, HostVersion=N/A, sysmon-user=USER_0002, Command=N/A, Process ID=6200, Machine Identifier=HOST_0028, Target Account Security ID=S-1-5-21-0002, Device Name=HOST_0028, sysmon-targetimage=C:\Windows\system32\Configure-SMRemoting.exe, Access Mask=N/A}",false,MAC_0001,MAC_0002,[REDACTED_DUPLICATE_PAYLOAD],3,40791,0,12,false,0:0:0:0:0:0:0:0,N/A,0,N/A,8052,<13>Jul 24 14:09:38 10.0.0.12 AgentDevice=WindowsLog	AgentLogFile=Microsoft-Windows-Sysmon/Operational	PluginVersion=7.3.1.28	Source=Microsoft-Windows-Sysmon	Computer=HCC-LLTP-DB	OriginatingComputer=HCC-LLTP-DB	User=USER_0002	Domain=DOMAIN_0006.LOCAL	EventID=10	EventIDCode=10	EventType=4	EventCategory=10	RecordNumber=2037584648	TimeGenerated=1784876976	TimeWritten=1784876976	Level=Informational	Keywords=0x8000000000000000	Task=SysmonTask-SYSMON_ACCESS_PROCESS	Opcode=Info	Message=Process accessed: RuleName: - UtcTime: 2026-07-24 07:09:36.201 SourceProcessGUID: {C20AB55E-3287-67BC-BD08-000000001C00} SourceProcessId: 6200 SourceThreadId: 16820 SourceImage: C:\Windows\system32\ServerManager.exe TargetProcessGUID: {C20AB55E-0F9C-6A63-C120-160000001C00} TargetProcessId: 24632 TargetImage: C:\Windows\system32\Configure-SMRemoting.exe GrantedAccess: 0x1FFFFF CallTrace: C:\Windows\SYSTEM32\ntdll.dll+90d6a|C:\Windows\system32\KERNELBASE.dll+e120|C:\Windows\system32\KERNELBASE.dll+10d76|C:\Windows\system32\KERNEL32.dll+7983|C:\Windows\assembly\NativeImages_v4.0.30319_64\System\e30408788e6ae58b13026d86d4904782\System.ni.dll+32e550|C:\Windows\assembly\NativeImages_v4.0.30319_64\System\e30408788e6ae58b13026d86d4904782\System.ni.dll+28b2fd|C:\Windows\assembly\NativeImages_v4.0.30319_64\System\e30408788e6ae58b13026d86d4904782\System.ni.dll+28ac9c|C:\Windows\assembly\NativeImages_v4DOMAIN_0013.LOCAL\USER_0051#\36151302c744518974a412b74e6beb49\Microsoft.Windows.ServerManager.Common.ni.dll+0(wow64)|C:\Windows\assembly\NativeImages_v4DOMAIN_0013.LOCAL\USER_0051#\36151302c744518974a412b74e6beb49\Microsoft.Windows.ServerManager.Common.ni.dll+0(wow64)|C:\Windows\assembly\NativeImages_v4DOMAIN_0013.LOCAL\USER_0051#\36151302c744518974a412b74e6beb49\Microsoft.Windows.ServerManager.Common.ni.dll+0(wow64)|C:\Windows\Microsoft.NET\Framework64\v4DOMAIN_0015.LOCAL\USER_0033+5c93|C:\Windows\Microsoft.NET\Framework64\v4DOMAIN_0015.LOCAL\USER_0033+5b36|C:\Windows\Microsoft.NET\Framework64\v4DOMAIN_0015.LOCAL\USER_0033+1132c1|C:\Windows\Microsoft.NET\Framework64\v4DOMAIN_0015.LOCAL\USER_0033+11360f|C:\Windows\assembly\NativeImages_v4.0.30319_64\mscorlib\ccb48f84a5cca36e9b0205b6a65ee54a\mscorlib.ni.dll+f1fc34|C:\Windows\assembly\NativeImages_v4.0.30319_64\mscorlib\ccb48f84a5cca36e9b0205b6a65ee54a\mscorlib.ni.dll+4f4770|C:\Windows\assembly\NativeImages_v4.0.30319_64\mscorlib\ccb48f84a5cca36e9b0205b6a65ee54a\mscorlib.ni.dll+4f4604|C:\Windows\assembly\NativeImages_v4.0.30319_64\mscorlib\ccb48f84a5cca36e9b0205b6a65ee54a\mscorlib.ni.dll+4ff150|C:\Windows\assembly\NativeImages_v4.0.30319_64\mscorlib\ccb48f84a5cca36e9b0205b6a65ee54a\mscorlib.ni.dll+4ff76e|C:\Windows\Microsoft.NET\Framework64\v4DOMAIN_0015.LOCAL\USER_0033+5c93|C:\Windows\Microsoft.NET\Framework64\v4DOMAIN_0015.LOCAL\USER_0033+5b36|C:\Windows\Microsoft.NET\Framework64\v4DOMAIN_0015.LOCAL\USER_0033+6249|C:\Windows\Microsoft.NET\Framework64\v4DOMAIN_0015.LOCAL\USER_0033+ad89|C:\Windows\Microsoft.NET\Framework64\v4DOMAIN_0015.LOCAL\USER_0033+6a01 ,Information,N/A,1,0,unknown,N/A,ProcessAccess,unknown,0,null,1784876976000,255,0,false,0,"true""""",Microsoft-Windows-Sysmon/Operational,HOST_0004,"The process accessed event reports when a process opens another process, an operation that’s often followed by information queries or reading and writing the address space of the target process.",0,1784876984663,No Offense,255,HOST_0029 @ 10.0.0.12,false,3,false,N/A,10.0.0.12,false,1784876984663,5,NETWORK_0002,35,10,0,2,-1,HOST_0004,[REDACTED_DUPLICATE_PAYLOAD],USER_0002,5001829,false,null,N/A,"14:09:44, 24 thg 7, 2026","14:09:36, 24 thg 7, 2026",MAC_0002,HOST_0006,439,0,false,10.0.0.12,0,N/A,10.0.0.3,1,"14:09:44, 24 thg 7, 2026",0:0:0:0:0:0:0:0,N/A,null,"100221,100265,109237,109187,100668,156193,100272,134937,166353"
N/A,false,0,0,USER_0004,10.0.0.12,"{sysmon-eventid=8, Description=N/A, Message=N/A, Pipe Name=N/A, sysmon-processid=6200, sysmon-sourceimage=C:\Windows\System32\ServerManager.exe, channel=Microsoft-Windows-Sysmon/Operational, Logon Account Domain=DOMAIN_0001.LOCAL, Object Name=N/A, Target Process Path=C:\Windows\System32\Configure-SMRemoting.exe, Process Name=ServerManager.exe, Account Name=USER_0004, Logon Type=N/A, Target User Domain=DOMAIN_0001.LOCAL, Account Security ID=S-1-5-21-0002, Share Name=N/A, Authentication Package=N/A, sysmon-processguid={C20AB55E-3287-67BC-BD08-000000001C00}, sysmon-sourceprocessguid={C20AB55E-3287-67BC-BD08-000000001C00}, Logon Account Name=USER_0004, Realm=DOMAIN_0001.LOCAL, Source Process Path=C:\Windows\System32\ServerManager.exe, EventIDCode=8, Account ID=S-1-5-21-0002, sysmon-targetprocessid=24632, Process Path=C:\Windows\System32\ServerManager.exe, sysmon-utctime=2026-07-24 07:09:36.201, Status Code=N/A, User Domain=DOMAIN_0001.LOCAL, Key Length=N/A, Target Username=USER_0004, Event ID=8, Target Process Name=Configure-SMRemoting.exe, sysmon-startmodule=C:\Windows\system32\Configure-SMRemoting.exe, ProgramName=N/A, Start Module=C:\Windows\system32\Configure-SMRemoting.exe, sysmon-startfunction=-, sysmon-user=USER_0002, SourceImageTempPath=N/A, Process GUID=C20AB55E-3287-67BC-BD08-000000001C00, Machine Identifier=HOST_0028, Object Type=N/A, Start Address=0x00007FF7C5A87DA0, Target Account Security ID=S-1-5-21-0002, Start Function=-, sysmon-startaddress=0x00007FF7C5A87DA0, Device Name=HOST_0028, sysmon-targetimage=C:\Windows\System32\Configure-SMRemoting.exe}",false,MAC_0001,MAC_0002,[REDACTED_DUPLICATE_PAYLOAD],3,40791,0,12,false,0:0:0:0:0:0:0:0,N/A,0,N/A,7036,<13>Jul 24 14:09:38 10.0.0.12 AgentDevice=WindowsLog	AgentLogFile=Microsoft-Windows-Sysmon/Operational	PluginVersion=7.3.1.28	Source=Microsoft-Windows-Sysmon	Computer=HCC-LLTP-DB	OriginatingComputer=HCC-LLTP-DB	User=USER_0002	Domain=DOMAIN_0006.LOCAL	EventID=8	EventIDCode=8	EventType=4	EventCategory=8	RecordNumber=2037584647	TimeGenerated=1784876976	TimeWritten=1784876976	Level=Informational	Keywords=0x8000000000000000	Task=SysmonTask-SYSMON_CREATE_REMOTE_THREAD	Opcode=Info	Message=CreateRemoteThread detected: RuleName: - UtcTime: 2026-07-24 07:09:36.201 SourceProcessGuid: {C20AB55E-3287-67BC-BD08-000000001C00} SourceProcessId: 6200 SourceImage: C:\Windows\System32\ServerManager.exe TargetProcessGuid: {C20AB55E-0F9C-6A63-C120-160000001C00} TargetProcessId: 24632 TargetImage: C:\Windows\System32\Configure-SMRemoting.exe NewThreadId: 21660 StartAddress: 0x00007FF7C5A87DA0 StartModule: C:\Windows\system32\Configure-SMRemoting.exe StartFunction: - ,Suspicious Windows Events,N/A,1,0,unknown,N/A,CreateRemoteThread,unknown,0,null,1784876976000,255,0,false,0,"true""""",Microsoft-Windows-Sysmon/Operational,HOST_0004,The CreateRemoteThread event detects when a process creates a thread in another process.,0,1784876984663,No Offense,255,HOST_0029 @ 10.0.0.12,true,3,false,N/A,10.0.0.12,false,1784876984663,5,NETWORK_0002,35,8,0,2,-1,HOST_0004,[REDACTED_DUPLICATE_PAYLOAD],USER_0002,5001845,false,null,N/A,"14:09:44, 24 thg 7, 2026","14:09:36, 24 thg 7, 2026",MAC_0002,HOST_0006,439,0,false,10.0.0.12,0,N/A,10.0.0.3,1,"14:09:44, 24 thg 7, 2026",0:0:0:0:0:0:0:0,N/A,null,"100164,100146,100221,100265,109237,109187,100668,156193,100691,100626,100272,134937,166353"
N/A,false,0,0,USER_0004,10.0.0.12,"{sysmon-eventid=10, sysmon-sourceprocessid=6200, Pipe Name=N/A, sysmon-processid=6200, sysmon-sourceimage=C:\Windows\system32\ServerManager.exe, channel=Microsoft-Windows-Sysmon/Operational, Object Name=N/A, Target Details=N/A, Account Name=USER_0004, Target User Domain=DOMAIN_0001.LOCAL, sysmon-sourceprocessguid={C20AB55E-3287-67BC-BD08-000000001C00}, Logon Account Name=USER_0004, EventIDCode=10, HostApplication=N/A, sysmon-targetprocessid=19528, EngineVersion=N/A, sysmon-grantedaccess=0x1FFFFF, sysmon-utctime=2026-07-24 07:07:36.428, Key Length=N/A, HostId=N/A, ProgramName=N/A, Process GUID=C20AB55E-3287-67BC-BD08-000000001C00, ScriptName=N/A, Object Type=N/A, sysmon-targetprocessguid={C20AB55E-0F24-6A63-BC20-160000001C00}, Description=N/A, Message=N/A, Logon Account Domain=DOMAIN_0001.LOCAL, Target Process GUID=C20AB55E-0F24-6A63-BC20-160000001C00, Logon Type=N/A, PipelineId=N/A, sysmon-sourcethreadid=1928, Account Security ID=S-1-5-21-0002, Share Name=N/A, Authentication Package=N/A, sysmon-processguid=N/A, Realm=DOMAIN_0001.LOCAL, Account ID=S-1-5-21-0002, Process Path=C:\Windows\system32\ServerManager.exe, Status Code=N/A, RunspaceId=N/A, User Domain=DOMAIN_0001.LOCAL, Target Username=USER_0004, Event ID=10, HostVersion=N/A, sysmon-user=USER_0002, Command=N/A, Process ID=6200, Machine Identifier=HOST_0028, Target Account Security ID=S-1-5-21-0002, Device Name=HOST_0028, sysmon-targetimage=C:\Windows\system32\Configure-SMRemoting.exe, Access Mask=N/A}",false,MAC_0001,MAC_0002,[REDACTED_DUPLICATE_PAYLOAD],3,40791,0,12,false,0:0:0:0:0:0:0:0,N/A,0,N/A,8052,<13>Jul 24 14:07:38 10.0.0.12 AgentDevice=WindowsLog	AgentLogFile=Microsoft-Windows-Sysmon/Operational	PluginVersion=7.3.1.28	Source=Microsoft-Windows-Sysmon	Computer=HCC-LLTP-DB	OriginatingComputer=HCC-LLTP-DB	User=USER_0002	Domain=DOMAIN_0006.LOCAL	EventID=10	EventIDCode=10	EventType=4	EventCategory=10	RecordNumber=2037579927	TimeGenerated=1784876856	TimeWritten=1784876856	Level=Informational	Keywords=0x8000000000000000	Task=SysmonTask-SYSMON_ACCESS_PROCESS	Opcode=Info	Message=Process accessed: RuleName: - UtcTime: 2026-07-24 07:07:36.428 SourceProcessGUID: {C20AB55E-3287-67BC-BD08-000000001C00} SourceProcessId: 6200 SourceThreadId: 1928 SourceImage: C:\Windows\system32\ServerManager.exe TargetProcessGUID: {C20AB55E-0F24-6A63-BC20-160000001C00} TargetProcessId: 19528 TargetImage: C:\Windows\system32\Configure-SMRemoting.exe GrantedAccess: 0x1FFFFF CallTrace: C:\Windows\SYSTEM32\ntdll.dll+90d6a|C:\Windows\system32\KERNELBASE.dll+e120|C:\Windows\system32\KERNELBASE.dll+10d76|C:\Windows\system32\KERNEL32.dll+7983|C:\Windows\assembly\NativeImages_v4.0.30319_64\System\e30408788e6ae58b13026d86d4904782\System.ni.dll+32e550|C:\Windows\assembly\NativeImages_v4.0.30319_64\System\e30408788e6ae58b13026d86d4904782\System.ni.dll+28b2fd|C:\Windows\assembly\NativeImages_v4.0.30319_64\System\e30408788e6ae58b13026d86d4904782\System.ni.dll+28ac9c|C:\Windows\assembly\NativeImages_v4DOMAIN_0013.LOCAL\USER_0051#\36151302c744518974a412b74e6beb49\Microsoft.Windows.ServerManager.Common.ni.dll+0(wow64)|C:\Windows\assembly\NativeImages_v4DOMAIN_0013.LOCAL\USER_0051#\36151302c744518974a412b74e6beb49\Microsoft.Windows.ServerManager.Common.ni.dll+0(wow64)|C:\Windows\assembly\NativeImages_v4DOMAIN_0013.LOCAL\USER_0051#\36151302c744518974a412b74e6beb49\Microsoft.Windows.ServerManager.Common.ni.dll+0(wow64)|C:\Windows\Microsoft.NET\Framework64\v4DOMAIN_0015.LOCAL\USER_0033+5c93|C:\Windows\Microsoft.NET\Framework64\v4DOMAIN_0015.LOCAL\USER_0033+5b36|C:\Windows\Microsoft.NET\Framework64\v4DOMAIN_0015.LOCAL\USER_0033+1132c1|C:\Windows\Microsoft.NET\Framework64\v4DOMAIN_0015.LOCAL\USER_0033+11360f|C:\Windows\assembly\NativeImages_v4.0.30319_64\mscorlib\ccb48f84a5cca36e9b0205b6a65ee54a\mscorlib.ni.dll+f1fc34|C:\Windows\assembly\NativeImages_v4.0.30319_64\mscorlib\ccb48f84a5cca36e9b0205b6a65ee54a\mscorlib.ni.dll+4f4770|C:\Windows\assembly\NativeImages_v4.0.30319_64\mscorlib\ccb48f84a5cca36e9b0205b6a65ee54a\mscorlib.ni.dll+4f4604|C:\Windows\assembly\NativeImages_v4.0.30319_64\mscorlib\ccb48f84a5cca36e9b0205b6a65ee54a\mscorlib.ni.dll+4ff150|C:\Windows\assembly\NativeImages_v4.0.30319_64\mscorlib\ccb48f84a5cca36e9b0205b6a65ee54a\mscorlib.ni.dll+4ff76e|C:\Windows\Microsoft.NET\Framework64\v4DOMAIN_0015.LOCAL\USER_0033+5c93|C:\Windows\Microsoft.NET\Framework64\v4DOMAIN_0015.LOCAL\USER_0033+5b36|C:\Windows\Microsoft.NET\Framework64\v4DOMAIN_0015.LOCAL\USER_0033+6249|C:\Windows\Microsoft.NET\Framework64\v4DOMAIN_0015.LOCAL\USER_0033+ad89|C:\Windows\Microsoft.NET\Framework64\v4DOMAIN_0015.LOCAL\USER_0033+6a01 ,Information,N/A,1,0,unknown,N/A,ProcessAccess,unknown,0,null,1784876856000,255,0,false,0,"true""""",Microsoft-Windows-Sysmon/Operational,HOST_0004,"The process accessed event reports when a process opens another process, an operation that’s often followed by information queries or reading and writing the address space of the target process.",0,1784876869236,No Offense,255,HOST_0029 @ 10.0.0.12,false,3,false,N/A,10.0.0.12,false,1784876869236,5,NETWORK_0002,35,10,0,2,-1,HOST_0004,[REDACTED_DUPLICATE_PAYLOAD],USER_0002,5001829,false,null,N/A,"14:07:49, 24 thg 7, 2026","14:07:36, 24 thg 7, 2026",MAC_0002,HOST_0006,439,0,false,10.0.0.12,0,N/A,10.0.0.3,1,"14:07:49, 24 thg 7, 2026",0:0:0:0:0:0:0:0,N/A,null,"100221,100265,109237,109187,100668,156193,100272,134937,166353"
