N/A,false,0,0,USER_0004,HOST_0007,"{sysmon-eventid=8, Description=N/A, Message=N/A, Pipe Name=N/A, sysmon-processid=168752, sysmon-sourceimage=C:\Program Files (x86)\Mobatek\MobaXterm\MobaXterm.exe, channel=Microsoft-Windows-Sysmon/Operational, Logon Account Domain=DOMAIN_0001.LOCAL, Object Name=N/A, Target Process Path=C:\Users\USER_0013\AppData\Roaming\MobaXterm\slash\bin\MobaSCPRinew.exe, Process Name=MobaXterm.exe, Account Name=USER_0004, Logon Type=N/A, Target User Domain=DOMAIN_0001.LOCAL, Account Security ID=S-1-5-21-0002, Share Name=N/A, Authentication Package=N/A, sysmon-processguid={5b31cfa1-941b-6a50-7331-070000001a00}, sysmon-sourceprocessguid={5b31cfa1-941b-6a50-7331-070000001a00}, Logon Account Name=USER_0004, Realm=DOMAIN_0001.LOCAL, Source Process Path=C:\Program Files (x86)\Mobatek\MobaXterm\MobaXterm.exe, EventIDCode=8, Account ID=S-1-5-21-0002, sysmon-targetprocessid=195108, Process Path=C:\Program Files (x86)\Mobatek\MobaXterm\MobaXterm.exe, sysmon-utctime=2026-07-10 07:48:17.439, Status Code=N/A, User Domain=DOMAIN_0001.LOCAL, Key Length=N/A, Target Username=USER_0004, Event ID=8, Target Process Name=MobaSCPRinew.exe, sysmon-startmodule=-, ProgramName=N/A, Start Module=-, sysmon-startfunction=-, sysmon-user=USER_0002, SourceImageTempPath=N/A, Process GUID=N/A, Machine Identifier=HOST_0008, Object Type=N/A, Start Address=0x00000000004014A0, Target Account Security ID=S-1-5-21-0002, Start Function=-, sysmon-startaddress=0x00000000004014A0, Device Name=HOST_0008, sysmon-targetimage=C:\Users\QTHT~1.VIE\AppData\Roaming\MobaXterm\slash\bin\MobaSCPRinew.exe}",false,MAC_0001,MAC_0002,[REDACTED_DUPLICATE_PAYLOAD],3,53779,0,12,false,0:0:0:0:0:0:0:0,N/A,0,N/A,7036,<13>Jul 10 14:48:18 10.0.0.4.vnpost AgentDevice=WindowsLog	AgentLogFile=Microsoft-Windows-Sysmon/Operational	PluginVersion=7.3.1.28	Source=Microsoft-Windows-Sysmon	Computer=Jump-QTHTvDL-App	OriginatingComputer=Jump-QTHTvDL-App	User=USER_0002	Domain=DOMAIN_0006.LOCAL	EventID=8	EventIDCode=8	EventType=4	EventCategory=8	RecordNumber=73745416	TimeGenerated=1783669697	TimeWritten=1783669697	Level=Informational	Keywords=0x8000000000000000	Task=SysmonTask-SYSMON_CREATE_REMOTE_THREAD	Opcode=Info	Message=CreateRemoteThread detected: RuleName: - UtcTime: 2026-07-10 07:48:17.439 SourceProcessGuid: {5b31cfa1-941b-6a50-7331-070000001a00} SourceProcessId: 168752 SourceImage: C:\Program Files (x86)\Mobatek\MobaXterm\MobaXterm.exe TargetProcessGuid: {5b31cfa1-a3c1-6a50-4432-070000001a00} TargetProcessId: 195108 TargetImage: C:\Users\USER_0013\AppData\Roaming\MobaXterm\slash\bin\MobaSCPRinew.exe NewThreadId: 196416 StartAddress: 0x00000000004014A0 StartModule: - StartFunction: - ,Suspicious Windows Events,N/A,1,0,unknown,N/A,CreateRemoteThread,unknown,0,null,1783669697000,255,0,false,0,"true""""",Microsoft-Windows-Sysmon/Operational,HOST_0004,The CreateRemoteThread event detects when a process creates a thread in another process.,0,1783669705663,No Offense,255,HOST_0009 @ 10.0.0.4,true,3,false,N/A,10.0.0.4,false,1783669705663,5,NETWORK_0002,35,8,0,3,-1,HOST_0004,[REDACTED_DUPLICATE_PAYLOAD],USER_0002,5001845,false,null,N/A,"14:48:25, 10 thg 7, 2026","14:48:17, 10 thg 7, 2026",MAC_0002,HOST_0006,439,0,false,10.0.0.4,0,N/A,10.0.0.3,1,"14:48:25, 10 thg 7, 2026",0:0:0:0:0:0:0:0,N/A,null,"100101,100164,100146,100221,100265,109237,109187,156193,100691,100626,100277,100272,134937,166353,100223"
N/A,false,0,0,USER_0004,HOST_0007,"{sysmon-eventid=4688, Parent Process Name=MobaXterm.exe, Pipe Name=N/A, File Directory=N/A, sysmon-processid=N/A, channel=Security, Object Name=N/A, Account Name=USER_0022, Target User Domain=DOMAIN_0005.LOCAL, mandatory_label=Mandatory Label\Medium Mandatory Level, Logon Account Name=USER_0004, EventIDCode=4688, Terminated Process Name=N/A, MD5 Hash=N/A, Filename=N/A, Key Length=N/A, ProgramName=N/A, Process GUID=N/A, SHA1 Hash=N/A, File Extension=N/A, Object Type=N/A, SHA256 Hash=N/A, Parent Process GUID=N/A, Integrity Level=N/A, sysmon-parentimage=C:\Program Files (x86)\Mobatek\MobaXterm\MobaXterm.exe, Description=N/A, Token Elevation Type=%%1936, Message=N/A, Encoded Command=N/A, Logon Account Domain=DOMAIN_0001.LOCAL, Process Name=MobaSCPRinew.exe, Parent Process ID=N/A, Logon Type=N/A, Account Security ID=S-1-5-21-0005, Share Name=N/A, Authentication Package=N/A, sysmon-processguid=N/A, Realm=DOMAIN_0001.LOCAL, Account ID=S-1-5-21-0002, Process Path=C:\Users\USER_0013\AppData\Roaming\MobaXterm\slash\bin\MobaSCPRinew.exe, Status Code=N/A, User Domain=DOMAIN_0012.LOCAL, Encoded Argument=N/A, Target Username=USER_0008, Event ID=4688, sysmon-user=USER_0004, Command=""C:\Users\USER_0013\AppData\Roaming\MobaXterm\slash\bin\MobaSCPRinew.exe"" -v -batch -scp -load ""TERM660985"" -remotemonitoring USER_0023@HOST_0010:""."", Process ID=0x30628, Machine Identifier=HOST_0008, Target Account Security ID=S-1-5-21-0003, Device Name=HOST_0008, IMP Hash=N/A, Parent Process Path=C:\Program Files (x86)\Mobatek\MobaXterm\MobaXterm.exe}",false,MAC_0001,MAC_0002,[REDACTED_DUPLICATE_PAYLOAD],3,53779,0,12,false,0:0:0:0:0:0:0:0,N/A,0,N/A,8110,"<13>Jul 10 14:48:01 10.0.0.4.vnpost AgentDevice=WindowsLog	AgentLogFile=Security	PluginVersion=7.3.1.28	Source=Microsoft-Windows-Security-Auditing	Computer=Jump-QTHTvDL-App	OriginatingComputer=Jump-QTHTvDL-App	User=	Domain=	EventID=4688	EventIDCode=4688	EventType=8	EventCategory=13312	RecordNumber=9118771	TimeGenerated=1783669678	TimeWritten=1783669678	Level=Log Always	Keywords=Audit Success	Task=SE_ADT_DETAILEDTRACKING_PROCESSCREATION	Opcode=Info	Message=A new process has been created.  Creator Subject:  Security ID:  DOMAIN_0012.LOCAL\USER_0022  Account Name: USER_0022  Account Domain: DOMAIN_0012.LOCAL  Logon ID:  0x3ED3B6A28  Target Subject:  Security ID:  NULL SID  Account Name:  -  Account Domain:  -  Logon ID:  0x0  Process Information:  New Process ID:  0x30628  New Process Name: C:\Users\USER_0013\AppData\Roaming\MobaXterm\slash\bin\MobaSCPRinew.exe  Token Elevation Type: %%1936  Mandatory Label:  Mandatory Label\Medium Mandatory Level  Creator Process ID: 0x29330  Creator Process Name: C:\Program Files (x86)\Mobatek\MobaXterm\MobaXterm.exe  Process Command Line: ""C:\Users\USER_0013\AppData\Roaming\MobaXterm\slash\bin\MobaSCPRinew.exe"" -v -batch -scp -load ""TERM660985"" -remotemonitoring USER_0023@HOST_0010:"".""  Token Elevation Type indicates the type of token that was assigned to the new process in accordance with User Account Control policy.  Type 1 is a full token with no privileges removed or groups disabled.  A full token is only used if User Account Control is disabled or if the user is the built-in Administrator account or a service account.  Type 2 is an elevated token with no privileges removed or groups disabled.  An elevated token is used when User Account Control is enabled and the user chooses to start the program using Run as administrator.  An elevated token is also used when an application is configured to always require administrative privilege or to always require maximum privilege, and the user is a member of the Administrators group.  Type 3 is a limited token with administrative privileges removed and administrative groups disabled.  The limited token is used when User Account Control is enabled, the application does not require administrative privilege, and the user does not choose to start the program using Run as administrator. ",Process Creation Success,N/A,1,0,unknown,N/A,Success Audit: A new process has been created,unknown,0,null,1783669678000,255,0,false,0,"true""""",Success Audit,HOST_0004,Success Audit: A new process has been created.,0,1783669684705,No Offense,255,HOST_0009 @ 10.0.0.4,false,3,false,N/A,10.0.0.4,false,1783669684705,5,NETWORK_0002,35,4688,0,3,-1,HOST_0004,[REDACTED_DUPLICATE_PAYLOAD],USER_0022,5000862,false,null,N/A,"14:48:04, 10 thg 7, 2026","14:47:58, 10 thg 7, 2026",MAC_0002,HOST_0006,439,0,false,10.0.0.4,0,N/A,10.0.0.3,1,"14:48:04, 10 thg 7, 2026",0:0:0:0:0:0:0:0,N/A,null,"100101,100221,100265,109237,109187,156193,100277,100272,134937,166353,100223"
N/A,false,0,0,USER_0004,HOST_0007,"{sysmon-eventid=4688, Parent Process Name=MobaSCPRinew.exe, Pipe Name=N/A, File Directory=N/A, sysmon-processid=N/A, channel=Security, Object Name=N/A, Account Name=USER_0022, Target User Domain=DOMAIN_0005.LOCAL, mandatory_label=Mandatory Label\Medium Mandatory Level, Logon Account Name=USER_0004, EventIDCode=4688, Terminated Process Name=N/A, MD5 Hash=N/A, Filename=N/A, Key Length=N/A, ProgramName=N/A, Process GUID=N/A, SHA1 Hash=N/A, File Extension=N/A, Object Type=N/A, SHA256 Hash=N/A, Parent Process GUID=N/A, Integrity Level=N/A, sysmon-parentimage=C:\Users\QTHT~1.VIE\AppData\Roaming\MobaXterm\slash\bin\MobaSCPRinew.exe, Description=N/A, Token Elevation Type=%%1936, Message=N/A, Encoded Command=N/A, Logon Account Domain=DOMAIN_0001.LOCAL, Process Name=conhost.exe, Parent Process ID=N/A, Logon Type=N/A, Account Security ID=S-1-5-21-0005, Share Name=N/A, Authentication Package=N/A, sysmon-processguid=N/A, Realm=DOMAIN_0001.LOCAL, Account ID=S-1-5-21-0002, Process Path=C:\Windows\System32\conhost.exe, Status Code=N/A, User Domain=DOMAIN_0012.LOCAL, Encoded Argument=N/A, Target Username=USER_0008, Event ID=4688, sysmon-user=USER_0004, Command=??\C:\Windows\system32\conhost.exe 0xffffffff -ForceV1, Process ID=0x2f50c, Machine Identifier=HOST_0008, Target Account Security ID=S-1-5-21-0003, Device Name=HOST_0008, IMP Hash=N/A, Parent Process Path=C:\Users\USER_0013\AppData\Roaming\MobaXterm\slash\bin\MobaSCPRinew.exe}",false,MAC_0001,MAC_0002,[REDACTED_DUPLICATE_PAYLOAD],3,53779,0,12,false,0:0:0:0:0:0:0:0,N/A,0,N/A,8110,"<13>Jul 10 14:48:01 10.0.0.4.vnpost AgentDevice=WindowsLog	AgentLogFile=Security	PluginVersion=7.3.1.28	Source=Microsoft-Windows-Security-Auditing	Computer=Jump-QTHTvDL-App	OriginatingComputer=Jump-QTHTvDL-App	User=	Domain=	EventID=4688	EventIDCode=4688	EventType=8	EventCategory=13312	RecordNumber=9118772	TimeGenerated=1783669678	TimeWritten=1783669678	Level=Log Always	Keywords=Audit Success	Task=SE_ADT_DETAILEDTRACKING_PROCESSCREATION	Opcode=Info	Message=A new process has been created.  Creator Subject:  Security ID:  DOMAIN_0012.LOCAL\USER_0022  Account Name: USER_0022  Account Domain: DOMAIN_0012.LOCAL  Logon ID:  0x3ED3B6A28  Target Subject:  Security ID:  NULL SID  Account Name:  -  Account Domain:  -  Logon ID:  0x0  Process Information:  New Process ID:  0x2f50c  New Process Name: C:\Windows\System32\conhost.exe  Token Elevation Type: %%1936  Mandatory Label:  Mandatory Label\Medium Mandatory Level  Creator Process ID: 0x30628  Creator Process Name: C:\Users\USER_0013\AppData\Roaming\MobaXterm\slash\bin\MobaSCPRinew.exe  Process Command Line: \??\C:\Windows\system32\conhost.exe 0xffffffff -ForceV1  Token Elevation Type indicates the type of token that was assigned to the new process in accordance with User Account Control policy.  Type 1 is a full token with no privileges removed or groups disabled.  A full token is only used if User Account Control is disabled or if the user is the built-in Administrator account or a service account.  Type 2 is an elevated token with no privileges removed or groups disabled.  An elevated token is used when User Account Control is enabled and the user chooses to start the program using Run as administrator.  An elevated token is also used when an application is configured to always require administrative privilege or to always require maximum privilege, and the user is a member of the Administrators group.  Type 3 is a limited token with administrative privileges removed and administrative groups disabled.  The limited token is used when User Account Control is enabled, the application does not require administrative privilege, and the user does not choose to start the program using Run as administrator. ",Process Creation Success,N/A,1,0,unknown,N/A,Success Audit: A new process has been created,unknown,0,null,1783669678000,255,0,false,0,"true""""",Success Audit,HOST_0004,Success Audit: A new process has been created.,0,1783669684705,No Offense,255,HOST_0009 @ 10.0.0.4,false,3,false,N/A,10.0.0.4,false,1783669684705,5,NETWORK_0002,35,4688,0,3,-1,HOST_0004,[REDACTED_DUPLICATE_PAYLOAD],USER_0022,5000862,false,null,N/A,"14:48:04, 10 thg 7, 2026","14:47:58, 10 thg 7, 2026",MAC_0002,HOST_0006,439,0,false,10.0.0.4,0,N/A,10.0.0.3,1,"14:48:04, 10 thg 7, 2026",0:0:0:0:0:0:0:0,N/A,null,"100101,100221,100265,109237,109187,100668,156193,100277,100272,134937,166353,100223"
N/A,false,0,0,USER_0004,HOST_0007,"{sysmon-eventid=8, Description=N/A, Message=N/A, Pipe Name=N/A, sysmon-processid=168752, sysmon-sourceimage=C:\Program Files (x86)\Mobatek\MobaXterm\MobaXterm.exe, channel=Microsoft-Windows-Sysmon/Operational, Logon Account Domain=DOMAIN_0001.LOCAL, Object Name=N/A, Target Process Path=C:\Users\USER_0013\AppData\Roaming\MobaXterm\slash\bin\MobaSCPRinew.exe, Process Name=MobaXterm.exe, Account Name=USER_0004, Logon Type=N/A, Target User Domain=DOMAIN_0001.LOCAL, Account Security ID=S-1-5-21-0002, Share Name=N/A, Authentication Package=N/A, sysmon-processguid={5b31cfa1-941b-6a50-7331-070000001a00}, sysmon-sourceprocessguid={5b31cfa1-941b-6a50-7331-070000001a00}, Logon Account Name=USER_0004, Realm=DOMAIN_0001.LOCAL, Source Process Path=C:\Program Files (x86)\Mobatek\MobaXterm\MobaXterm.exe, EventIDCode=8, Account ID=S-1-5-21-0002, sysmon-targetprocessid=198184, Process Path=C:\Program Files (x86)\Mobatek\MobaXterm\MobaXterm.exe, sysmon-utctime=2026-07-10 07:47:58.189, Status Code=N/A, User Domain=DOMAIN_0001.LOCAL, Key Length=N/A, Target Username=USER_0004, Event ID=8, Target Process Name=MobaSCPRinew.exe, sysmon-startmodule=-, ProgramName=N/A, Start Module=-, sysmon-startfunction=-, sysmon-user=USER_0002, SourceImageTempPath=N/A, Process GUID=N/A, Machine Identifier=HOST_0008, Object Type=N/A, Start Address=0x00000000004014A0, Target Account Security ID=S-1-5-21-0002, Start Function=-, sysmon-startaddress=0x00000000004014A0, Device Name=HOST_0008, sysmon-targetimage=C:\Users\QTHT~1.VIE\AppData\Roaming\MobaXterm\slash\bin\MobaSCPRinew.exe}",false,MAC_0001,MAC_0002,[REDACTED_DUPLICATE_PAYLOAD],3,53779,0,12,false,0:0:0:0:0:0:0:0,N/A,0,N/A,7036,<13>Jul 10 14:48:00 10.0.0.4.vnpost AgentDevice=WindowsLog	AgentLogFile=Microsoft-Windows-Sysmon/Operational	PluginVersion=7.3.1.28	Source=Microsoft-Windows-Sysmon	Computer=Jump-QTHTvDL-App	OriginatingComputer=Jump-QTHTvDL-App	User=USER_0002	Domain=DOMAIN_0006.LOCAL	EventID=8	EventIDCode=8	EventType=4	EventCategory=8	RecordNumber=73745007	TimeGenerated=1783669678	TimeWritten=1783669678	Level=Informational	Keywords=0x8000000000000000	Task=SysmonTask-SYSMON_CREATE_REMOTE_THREAD	Opcode=Info	Message=CreateRemoteThread detected: RuleName: - UtcTime: 2026-07-10 07:47:58.189 SourceProcessGuid: {5b31cfa1-941b-6a50-7331-070000001a00} SourceProcessId: 168752 SourceImage: C:\Program Files (x86)\Mobatek\MobaXterm\MobaXterm.exe TargetProcessGuid: {5b31cfa1-a3ae-6a50-4232-070000001a00} TargetProcessId: 198184 TargetImage: C:\Users\USER_0013\AppData\Roaming\MobaXterm\slash\bin\MobaSCPRinew.exe NewThreadId: 197336 StartAddress: 0x00000000004014A0 StartModule: - StartFunction: - ,Suspicious Windows Events,N/A,1,0,unknown,N/A,CreateRemoteThread,unknown,0,null,1783669678000,255,0,false,0,"true""""",Microsoft-Windows-Sysmon/Operational,HOST_0004,The CreateRemoteThread event detects when a process creates a thread in another process.,0,1783669684704,No Offense,255,HOST_0009 @ 10.0.0.4,true,3,false,N/A,10.0.0.4,false,1783669684704,5,NETWORK_0002,35,8,0,3,-1,HOST_0004,[REDACTED_DUPLICATE_PAYLOAD],USER_0002,5001845,false,null,N/A,"14:48:04, 10 thg 7, 2026","14:47:58, 10 thg 7, 2026",MAC_0002,HOST_0006,439,0,false,10.0.0.4,0,N/A,10.0.0.3,1,"14:48:04, 10 thg 7, 2026",0:0:0:0:0:0:0:0,N/A,null,"100101,100164,100146,100221,100265,109237,109187,156193,100691,100626,100277,100272,134937,166353,100223"
N/A,false,0,0,USER_0004,HOST_0007,"{sysmon-eventid=4688, Parent Process Name=MobaSCPRinew.exe, Pipe Name=N/A, File Directory=N/A, sysmon-processid=N/A, channel=Security, Object Name=N/A, Account Name=USER_0022, Target User Domain=DOMAIN_0005.LOCAL, mandatory_label=Mandatory Label\Medium Mandatory Level, Logon Account Name=USER_0004, EventIDCode=4688, Terminated Process Name=N/A, MD5 Hash=N/A, Filename=N/A, Key Length=N/A, ProgramName=N/A, Process GUID=N/A, SHA1 Hash=N/A, File Extension=N/A, Object Type=N/A, SHA256 Hash=N/A, Parent Process GUID=N/A, Integrity Level=N/A, sysmon-parentimage=C:\Users\QTHT~1.VIE\AppData\Roaming\MobaXterm\slash\bin\MobaSCPRinew.exe, Description=N/A, Token Elevation Type=%%1936, Message=N/A, Encoded Command=N/A, Logon Account Domain=DOMAIN_0001.LOCAL, Process Name=conhost.exe, Parent Process ID=N/A, Logon Type=N/A, Account Security ID=S-1-5-21-0005, Share Name=N/A, Authentication Package=N/A, sysmon-processguid=N/A, Realm=DOMAIN_0001.LOCAL, Account ID=S-1-5-21-0002, Process Path=C:\Windows\System32\conhost.exe, Status Code=N/A, User Domain=DOMAIN_0012.LOCAL, Encoded Argument=N/A, Target Username=USER_0008, Event ID=4688, sysmon-user=USER_0004, Command=??\C:\Windows\system32\conhost.exe 0xffffffff -ForceV1, Process ID=0x2cba4, Machine Identifier=HOST_0008, Target Account Security ID=S-1-5-21-0003, Device Name=HOST_0008, IMP Hash=N/A, Parent Process Path=C:\Users\USER_0013\AppData\Roaming\MobaXterm\slash\bin\MobaSCPRinew.exe}",false,MAC_0001,MAC_0002,[REDACTED_DUPLICATE_PAYLOAD],3,53779,0,12,false,0:0:0:0:0:0:0:0,N/A,0,N/A,8110,"<13>Jul 10 14:46:43 10.0.0.4.vnpost AgentDevice=WindowsLog	AgentLogFile=Security	PluginVersion=7.3.1.28	Source=Microsoft-Windows-Security-Auditing	Computer=Jump-QTHTvDL-App	OriginatingComputer=Jump-QTHTvDL-App	User=	Domain=	EventID=4688	EventIDCode=4688	EventType=8	EventCategory=13312	RecordNumber=9118743	TimeGenerated=1783669600	TimeWritten=1783669600	Level=Log Always	Keywords=Audit Success	Task=SE_ADT_DETAILEDTRACKING_PROCESSCREATION	Opcode=Info	Message=A new process has been created.  Creator Subject:  Security ID:  DOMAIN_0012.LOCAL\USER_0022  Account Name: USER_0022  Account Domain: DOMAIN_0012.LOCAL  Logon ID:  0x3ED3B6A28  Target Subject:  Security ID:  NULL SID  Account Name:  -  Account Domain:  -  Logon ID:  0x0  Process Information:  New Process ID:  0x2cba4  New Process Name: C:\Windows\System32\conhost.exe  Token Elevation Type: %%1936  Mandatory Label:  Mandatory Label\Medium Mandatory Level  Creator Process ID: 0x3005c  Creator Process Name: C:\Users\USER_0013\AppData\Roaming\MobaXterm\slash\bin\MobaSCPRinew.exe  Process Command Line: \??\C:\Windows\system32\conhost.exe 0xffffffff -ForceV1  Token Elevation Type indicates the type of token that was assigned to the new process in accordance with User Account Control policy.  Type 1 is a full token with no privileges removed or groups disabled.  A full token is only used if User Account Control is disabled or if the user is the built-in Administrator account or a service account.  Type 2 is an elevated token with no privileges removed or groups disabled.  An elevated token is used when User Account Control is enabled and the user chooses to start the program using Run as administrator.  An elevated token is also used when an application is configured to always require administrative privilege or to always require maximum privilege, and the user is a member of the Administrators group.  Type 3 is a limited token with administrative privileges removed and administrative groups disabled.  The limited token is used when User Account Control is enabled, the application does not require administrative privilege, and the user does not choose to start the program using Run as administrator. ",Process Creation Success,N/A,1,0,unknown,N/A,Success Audit: A new process has been created,unknown,0,null,1783669600000,255,0,false,0,"true""""",Success Audit,HOST_0004,Success Audit: A new process has been created.,0,1783669610675,No Offense,255,HOST_0009 @ 10.0.0.4,false,3,false,N/A,10.0.0.4,false,1783669610675,5,NETWORK_0002,35,4688,0,3,-1,HOST_0004,[REDACTED_DUPLICATE_PAYLOAD],USER_0022,5000862,false,null,N/A,"14:46:50, 10 thg 7, 2026","14:46:40, 10 thg 7, 2026",MAC_0002,HOST_0006,439,0,false,10.0.0.4,0,N/A,10.0.0.3,1,"14:46:50, 10 thg 7, 2026",0:0:0:0:0:0:0:0,N/A,null,"100101,100221,100265,109237,109187,100668,156193,100277,100272,134937,166353,100223"
N/A,false,0,0,USER_0004,HOST_0007,"{sysmon-eventid=4688, Parent Process Name=MobaXterm.exe, Pipe Name=N/A, File Directory=N/A, sysmon-processid=N/A, channel=Security, Object Name=N/A, Account Name=USER_0022, Target User Domain=DOMAIN_0005.LOCAL, mandatory_label=Mandatory Label\Medium Mandatory Level, Logon Account Name=USER_0004, EventIDCode=4688, Terminated Process Name=N/A, MD5 Hash=N/A, Filename=N/A, Key Length=N/A, ProgramName=N/A, Process GUID=N/A, SHA1 Hash=N/A, File Extension=N/A, Object Type=N/A, SHA256 Hash=N/A, Parent Process GUID=N/A, Integrity Level=N/A, sysmon-parentimage=C:\Program Files (x86)\Mobatek\MobaXterm\MobaXterm.exe, Description=N/A, Token Elevation Type=%%1936, Message=N/A, Encoded Command=N/A, Logon Account Domain=DOMAIN_0001.LOCAL, Process Name=MobaSCPRinew.exe, Parent Process ID=N/A, Logon Type=N/A, Account Security ID=S-1-5-21-0005, Share Name=N/A, Authentication Package=N/A, sysmon-processguid=N/A, Realm=DOMAIN_0001.LOCAL, Account ID=S-1-5-21-0002, Process Path=C:\Users\USER_0013\AppData\Roaming\MobaXterm\slash\bin\MobaSCPRinew.exe, Status Code=N/A, User Domain=DOMAIN_0012.LOCAL, Encoded Argument=N/A, Target Username=USER_0008, Event ID=4688, sysmon-user=USER_0004, Command=""C:\Users\USER_0013\AppData\Roaming\MobaXterm\slash\bin\MobaSCPRinew.exe"" -v -batch -scp -load ""TERM660988"" -remotemonitoring USER_0023@HOST_0010:""."", Process ID=0x3005c, Machine Identifier=HOST_0008, Target Account Security ID=S-1-5-21-0003, Device Name=HOST_0008, IMP Hash=N/A, Parent Process Path=C:\Program Files (x86)\Mobatek\MobaXterm\MobaXterm.exe}",false,MAC_0001,MAC_0002,[REDACTED_DUPLICATE_PAYLOAD],3,53779,0,12,false,0:0:0:0:0:0:0:0,N/A,0,N/A,8110,"<13>Jul 10 14:46:43 10.0.0.4.vnpost AgentDevice=WindowsLog	AgentLogFile=Security	PluginVersion=7.3.1.28	Source=Microsoft-Windows-Security-Auditing	Computer=Jump-QTHTvDL-App	OriginatingComputer=Jump-QTHTvDL-App	User=	Domain=	EventID=4688	EventIDCode=4688	EventType=8	EventCategory=13312	RecordNumber=9118742	TimeGenerated=1783669599	TimeWritten=1783669599	Level=Log Always	Keywords=Audit Success	Task=SE_ADT_DETAILEDTRACKING_PROCESSCREATION	Opcode=Info	Message=A new process has been created.  Creator Subject:  Security ID:  DOMAIN_0012.LOCAL\USER_0022  Account Name: USER_0022  Account Domain: DOMAIN_0012.LOCAL  Logon ID:  0x3ED3B6A28  Target Subject:  Security ID:  NULL SID  Account Name:  -  Account Domain:  -  Logon ID:  0x0  Process Information:  New Process ID:  0x3005c  New Process Name: C:\Users\USER_0013\AppData\Roaming\MobaXterm\slash\bin\MobaSCPRinew.exe  Token Elevation Type: %%1936  Mandatory Label:  Mandatory Label\Medium Mandatory Level  Creator Process ID: 0x29330  Creator Process Name: C:\Program Files (x86)\Mobatek\MobaXterm\MobaXterm.exe  Process Command Line: ""C:\Users\USER_0013\AppData\Roaming\MobaXterm\slash\bin\MobaSCPRinew.exe"" -v -batch -scp -load ""TERM660988"" -remotemonitoring USER_0023@HOST_0010:"".""  Token Elevation Type indicates the type of token that was assigned to the new process in accordance with User Account Control policy.  Type 1 is a full token with no privileges removed or groups disabled.  A full token is only used if User Account Control is disabled or if the user is the built-in Administrator account or a service account.  Type 2 is an elevated token with no privileges removed or groups disabled.  An elevated token is used when User Account Control is enabled and the user chooses to start the program using Run as administrator.  An elevated token is also used when an application is configured to always require administrative privilege or to always require maximum privilege, and the user is a member of the Administrators group.  Type 3 is a limited token with administrative privileges removed and administrative groups disabled.  The limited token is used when User Account Control is enabled, the application does not require administrative privilege, and the user does not choose to start the program using Run as administrator. ",Process Creation Success,N/A,1,0,unknown,N/A,Success Audit: A new process has been created,unknown,0,null,1783669599000,255,0,false,0,"true""""",Success Audit,HOST_0004,Success Audit: A new process has been created.,0,1783669610675,No Offense,255,HOST_0009 @ 10.0.0.4,false,3,false,N/A,10.0.0.4,false,1783669610675,5,NETWORK_0002,35,4688,0,3,-1,HOST_0004,[REDACTED_DUPLICATE_PAYLOAD],USER_0022,5000862,false,null,N/A,"14:46:50, 10 thg 7, 2026","14:46:39, 10 thg 7, 2026",MAC_0002,HOST_0006,439,0,false,10.0.0.4,0,N/A,10.0.0.3,1,"14:46:50, 10 thg 7, 2026",0:0:0:0:0:0:0:0,N/A,null,"100101,100221,100265,109237,109187,156193,100277,100272,134937,166353,100223"
N/A,false,0,0,USER_0004,HOST_0007,"{sysmon-eventid=8, Description=N/A, Message=N/A, Pipe Name=N/A, sysmon-processid=168752, sysmon-sourceimage=C:\Program Files (x86)\Mobatek\MobaXterm\MobaXterm.exe, channel=Microsoft-Windows-Sysmon/Operational, Logon Account Domain=DOMAIN_0001.LOCAL, Object Name=N/A, Target Process Path=C:\Users\USER_0013\AppData\Roaming\MobaXterm\slash\bin\MobaSCPRinew.exe, Process Name=MobaXterm.exe, Account Name=USER_0004, Logon Type=N/A, Target User Domain=DOMAIN_0001.LOCAL, Account Security ID=S-1-5-21-0002, Share Name=N/A, Authentication Package=N/A, sysmon-processguid={5b31cfa1-941b-6a50-7331-070000001a00}, sysmon-sourceprocessguid={5b31cfa1-941b-6a50-7331-070000001a00}, Logon Account Name=USER_0004, Realm=DOMAIN_0001.LOCAL, Source Process Path=C:\Program Files (x86)\Mobatek\MobaXterm\MobaXterm.exe, EventIDCode=8, Account ID=S-1-5-21-0002, sysmon-targetprocessid=196700, Process Path=C:\Program Files (x86)\Mobatek\MobaXterm\MobaXterm.exe, sysmon-utctime=2026-07-10 07:46:40.032, Status Code=N/A, User Domain=DOMAIN_0001.LOCAL, Key Length=N/A, Target Username=USER_0004, Event ID=8, Target Process Name=MobaSCPRinew.exe, sysmon-startmodule=-, ProgramName=N/A, Start Module=-, sysmon-startfunction=-, sysmon-user=USER_0002, SourceImageTempPath=N/A, Process GUID=N/A, Machine Identifier=HOST_0008, Object Type=N/A, Start Address=0x00000000004014A0, Target Account Security ID=S-1-5-21-0002, Start Function=-, sysmon-startaddress=0x00000000004014A0, Device Name=HOST_0008, sysmon-targetimage=C:\Users\QTHT~1.VIE\AppData\Roaming\MobaXterm\slash\bin\MobaSCPRinew.exe}",false,MAC_0001,MAC_0002,[REDACTED_DUPLICATE_PAYLOAD],3,53779,0,12,false,0:0:0:0:0:0:0:0,N/A,0,N/A,7036,<13>Jul 10 14:46:42 10.0.0.4.vnpost AgentDevice=WindowsLog	AgentLogFile=Microsoft-Windows-Sysmon/Operational	PluginVersion=7.3.1.28	Source=Microsoft-Windows-Sysmon	Computer=Jump-QTHTvDL-App	OriginatingComputer=Jump-QTHTvDL-App	User=USER_0002	Domain=DOMAIN_0006.LOCAL	EventID=8	EventIDCode=8	EventType=4	EventCategory=8	RecordNumber=73743044	TimeGenerated=1783669600	TimeWritten=1783669600	Level=Informational	Keywords=0x8000000000000000	Task=SysmonTask-SYSMON_CREATE_REMOTE_THREAD	Opcode=Info	Message=CreateRemoteThread detected: RuleName: - UtcTime: 2026-07-10 07:46:40.032 SourceProcessGuid: {5b31cfa1-941b-6a50-7331-070000001a00} SourceProcessId: 168752 SourceImage: C:\Program Files (x86)\Mobatek\MobaXterm\MobaXterm.exe TargetProcessGuid: {5b31cfa1-a35f-6a50-3d32-070000001a00} TargetProcessId: 196700 TargetImage: C:\Users\USER_0013\AppData\Roaming\MobaXterm\slash\bin\MobaSCPRinew.exe NewThreadId: 195940 StartAddress: 0x00000000004014A0 StartModule: - StartFunction: - ,Suspicious Windows Events,N/A,1,0,unknown,N/A,CreateRemoteThread,unknown,0,null,1783669600000,255,0,false,0,"true""""",Microsoft-Windows-Sysmon/Operational,HOST_0004,The CreateRemoteThread event detects when a process creates a thread in another process.,0,1783669610675,No Offense,255,HOST_0009 @ 10.0.0.4,true,3,false,N/A,10.0.0.4,false,1783669610675,5,NETWORK_0002,35,8,0,3,-1,HOST_0004,[REDACTED_DUPLICATE_PAYLOAD],USER_0002,5001845,false,null,N/A,"14:46:50, 10 thg 7, 2026","14:46:40, 10 thg 7, 2026",MAC_0002,HOST_0006,439,0,false,10.0.0.4,0,N/A,10.0.0.3,1,"14:46:50, 10 thg 7, 2026",0:0:0:0:0:0:0:0,N/A,null,"100101,100164,100146,100221,100265,109237,109187,156193,100691,100626,100277,100272,134937,166353,100223"
N/A,false,0,0,USER_0004,HOST_0007,"{sysmon-eventid=4688, Parent Process Name=MobaXterm.exe, Pipe Name=N/A, File Directory=N/A, sysmon-processid=N/A, channel=Security, Object Name=N/A, Account Name=USER_0022, Target User Domain=DOMAIN_0005.LOCAL, mandatory_label=Mandatory Label\Medium Mandatory Level, Logon Account Name=USER_0004, EventIDCode=4688, Terminated Process Name=N/A, MD5 Hash=N/A, Filename=N/A, Key Length=N/A, ProgramName=N/A, Process GUID=N/A, SHA1 Hash=N/A, File Extension=N/A, Object Type=N/A, SHA256 Hash=N/A, Parent Process GUID=N/A, Integrity Level=N/A, sysmon-parentimage=C:\Program Files (x86)\Mobatek\MobaXterm\MobaXterm.exe, Description=N/A, Token Elevation Type=%%1936, Message=N/A, Encoded Command=N/A, Logon Account Domain=DOMAIN_0001.LOCAL, Process Name=MoTTYnew.exe, Parent Process ID=N/A, Logon Type=N/A, Account Security ID=S-1-5-21-0005, Share Name=N/A, Authentication Package=N/A, sysmon-processguid=N/A, Realm=DOMAIN_0001.LOCAL, Account ID=S-1-5-21-0002, Process Path=C:\Users\USER_0013\AppData\Roaming\MobaXterm\slash\bin\MoTTYnew.exe, Status Code=N/A, User Domain=DOMAIN_0012.LOCAL, Encoded Argument=N/A, Target Username=USER_0008, Event ID=4688, sysmon-user=USER_0004, Command=""C:\Users\USER_0013\AppData\Roaming\MobaXterm\slash\bin\mottynew.exe"" -load ""TERM660988"", Process ID=0x2f768, Machine Identifier=HOST_0008, Target Account Security ID=S-1-5-21-0003, Device Name=HOST_0008, IMP Hash=N/A, Parent Process Path=C:\Program Files (x86)\Mobatek\MobaXterm\MobaXterm.exe}",false,MAC_0001,MAC_0002,[REDACTED_DUPLICATE_PAYLOAD],3,53779,0,12,false,0:0:0:0:0:0:0:0,N/A,0,N/A,8110,"<13>Jul 10 14:46:28 10.0.0.4.vnpost AgentDevice=WindowsLog	AgentLogFile=Security	PluginVersion=7.3.1.28	Source=Microsoft-Windows-Security-Auditing	Computer=Jump-QTHTvDL-App	OriginatingComputer=Jump-QTHTvDL-App	User=	Domain=	EventID=4688	EventIDCode=4688	EventType=8	EventCategory=13312	RecordNumber=9118739	TimeGenerated=1783669585	TimeWritten=1783669585	Level=Log Always	Keywords=Audit Success	Task=SE_ADT_DETAILEDTRACKING_PROCESSCREATION	Opcode=Info	Message=A new process has been created.  Creator Subject:  Security ID:  DOMAIN_0012.LOCAL\USER_0022  Account Name: USER_0022  Account Domain: DOMAIN_0012.LOCAL  Logon ID:  0x3ED3B6A28  Target Subject:  Security ID:  NULL SID  Account Name:  -  Account Domain:  -  Logon ID:  0x0  Process Information:  New Process ID:  0x2f768  New Process Name: C:\Users\USER_0013\AppData\Roaming\MobaXterm\slash\bin\MoTTYnew.exe  Token Elevation Type: %%1936  Mandatory Label:  Mandatory Label\Medium Mandatory Level  Creator Process ID: 0x29330  Creator Process Name: C:\Program Files (x86)\Mobatek\MobaXterm\MobaXterm.exe  Process Command Line: ""C:\Users\USER_0013\AppData\Roaming\MobaXterm\slash\bin\mottynew.exe"" -load ""TERM660988""  Token Elevation Type indicates the type of token that was assigned to the new process in accordance with User Account Control policy.  Type 1 is a full token with no privileges removed or groups disabled.  A full token is only used if User Account Control is disabled or if the user is the built-in Administrator account or a service account.  Type 2 is an elevated token with no privileges removed or groups disabled.  An elevated token is used when User Account Control is enabled and the user chooses to start the program using Run as administrator.  An elevated token is also used when an application is configured to always require administrative privilege or to always require maximum privilege, and the user is a member of the Administrators group.  Type 3 is a limited token with administrative privileges removed and administrative groups disabled.  The limited token is used when User Account Control is enabled, the application does not require administrative privilege, and the user does not choose to start the program using Run as administrator. ",Process Creation Success,N/A,1,0,unknown,N/A,Success Audit: A new process has been created,unknown,0,null,1783669585000,255,0,false,0,"true""""",Success Audit,HOST_0004,Success Audit: A new process has been created.,0,1783669590170,No Offense,255,HOST_0009 @ 10.0.0.4,false,3,false,N/A,10.0.0.4,false,1783669590170,5,NETWORK_0002,35,4688,0,3,-1,HOST_0004,[REDACTED_DUPLICATE_PAYLOAD],USER_0022,5000862,false,null,N/A,"14:46:30, 10 thg 7, 2026","14:46:25, 10 thg 7, 2026",MAC_0002,HOST_0006,439,0,false,10.0.0.4,0,N/A,10.0.0.3,1,"14:46:30, 10 thg 7, 2026",0:0:0:0:0:0:0:0,N/A,null,"100101,100221,100265,109237,109187,156193,100277,100272,134937,166353,100223"
N/A,false,0,0,USER_0004,HOST_0007,"{sysmon-eventid=8, Description=N/A, Message=N/A, Pipe Name=N/A, sysmon-processid=168752, sysmon-sourceimage=C:\Program Files (x86)\Mobatek\MobaXterm\MobaXterm.exe, channel=Microsoft-Windows-Sysmon/Operational, Logon Account Domain=DOMAIN_0001.LOCAL, Object Name=N/A, Target Process Path=C:\Users\USER_0013\AppData\Roaming\MobaXterm\slash\bin\MoTTYnew.exe, Process Name=MobaXterm.exe, Account Name=USER_0004, Logon Type=N/A, Target User Domain=DOMAIN_0001.LOCAL, Account Security ID=S-1-5-21-0002, Share Name=N/A, Authentication Package=N/A, sysmon-processguid={5b31cfa1-941b-6a50-7331-070000001a00}, sysmon-sourceprocessguid={5b31cfa1-941b-6a50-7331-070000001a00}, Logon Account Name=USER_0004, Realm=DOMAIN_0001.LOCAL, Source Process Path=C:\Program Files (x86)\Mobatek\MobaXterm\MobaXterm.exe, EventIDCode=8, Account ID=S-1-5-21-0002, sysmon-targetprocessid=194408, Process Path=C:\Program Files (x86)\Mobatek\MobaXterm\MobaXterm.exe, sysmon-utctime=2026-07-10 07:46:25.376, Status Code=N/A, User Domain=DOMAIN_0001.LOCAL, Key Length=N/A, Target Username=USER_0004, Event ID=8, Target Process Name=MoTTYnew.exe, sysmon-startmodule=-, ProgramName=N/A, Start Module=-, sysmon-startfunction=-, sysmon-user=USER_0002, SourceImageTempPath=N/A, Process GUID=N/A, Machine Identifier=HOST_0008, Object Type=N/A, Start Address=0x0000000000401480, Target Account Security ID=S-1-5-21-0002, Start Function=-, sysmon-startaddress=0x0000000000401480, Device Name=HOST_0008, sysmon-targetimage=C:\Users\QTHT~1.VIE\AppData\Roaming\MobaXterm\slash\bin\MoTTYnew.exe}",false,MAC_0001,MAC_0002,[REDACTED_DUPLICATE_PAYLOAD],3,53779,0,12,false,0:0:0:0:0:0:0:0,N/A,0,N/A,7036,<13>Jul 10 14:46:27 10.0.0.4.vnpost AgentDevice=WindowsLog	AgentLogFile=Microsoft-Windows-Sysmon/Operational	PluginVersion=7.3.1.28	Source=Microsoft-Windows-Sysmon	Computer=Jump-QTHTvDL-App	OriginatingComputer=Jump-QTHTvDL-App	User=USER_0002	Domain=DOMAIN_0006.LOCAL	EventID=8	EventIDCode=8	EventType=4	EventCategory=8	RecordNumber=73742718	TimeGenerated=1783669585	TimeWritten=1783669585	Level=Informational	Keywords=0x8000000000000000	Task=SysmonTask-SYSMON_CREATE_REMOTE_THREAD	Opcode=Info	Message=CreateRemoteThread detected: RuleName: - UtcTime: 2026-07-10 07:46:25.376 SourceProcessGuid: {5b31cfa1-941b-6a50-7331-070000001a00} SourceProcessId: 168752 SourceImage: C:\Program Files (x86)\Mobatek\MobaXterm\MobaXterm.exe TargetProcessGuid: {5b31cfa1-a351-6a50-3c32-070000001a00} TargetProcessId: 194408 TargetImage: C:\Users\USER_0013\AppData\Roaming\MobaXterm\slash\bin\MoTTYnew.exe NewThreadId: 198228 StartAddress: 0x0000000000401480 StartModule: - StartFunction: - ,Suspicious Windows Events,N/A,1,0,unknown,N/A,CreateRemoteThread,unknown,0,null,1783669585000,255,0,false,0,"true""""",Microsoft-Windows-Sysmon/Operational,HOST_0004,The CreateRemoteThread event detects when a process creates a thread in another process.,0,1783669590170,No Offense,255,HOST_0009 @ 10.0.0.4,true,3,false,N/A,10.0.0.4,false,1783669590170,5,NETWORK_0002,35,8,0,3,-1,HOST_0004,[REDACTED_DUPLICATE_PAYLOAD],USER_0002,5001845,false,null,N/A,"14:46:30, 10 thg 7, 2026","14:46:25, 10 thg 7, 2026",MAC_0002,HOST_0006,439,0,false,10.0.0.4,0,N/A,10.0.0.3,1,"14:46:30, 10 thg 7, 2026",0:0:0:0:0:0:0:0,N/A,null,"100101,100164,100146,100221,100265,109237,109187,156193,100691,100626,100277,100272,134937,166353,100223"
N/A,false,0,0,USER_0004,HOST_0007,"{sysmon-eventid=4688, Parent Process Name=MobaXterm.exe, Pipe Name=N/A, File Directory=N/A, sysmon-processid=N/A, channel=Security, Object Name=N/A, Account Name=USER_0016, Target User Domain=DOMAIN_0005.LOCAL, mandatory_label=Mandatory Label\Medium Mandatory Level, Logon Account Name=USER_0004, EventIDCode=4688, Terminated Process Name=N/A, MD5 Hash=N/A, Filename=N/A, Key Length=N/A, ProgramName=N/A, Process GUID=N/A, SHA1 Hash=N/A, File Extension=N/A, Object Type=N/A, SHA256 Hash=N/A, Parent Process GUID=N/A, Integrity Level=N/A, sysmon-parentimage=C:\Program Files (x86)\Mobatek\MobaXterm\MobaXterm.exe, Description=N/A, Token Elevation Type=%%1936, Message=N/A, Encoded Command=N/A, Logon Account Domain=DOMAIN_0001.LOCAL, Process Name=MoTTYnew.exe, Parent Process ID=N/A, Logon Type=N/A, Account Security ID=S-1-5-21-0008, Share Name=N/A, Authentication Package=N/A, sysmon-processguid=N/A, Realm=DOMAIN_0001.LOCAL, Account ID=S-1-5-21-0002, Process Path=C:\Users\USER_0014\AppData\Roaming\MobaXterm\slash\bin\MoTTYnew.exe, Status Code=N/A, User Domain=DOMAIN_0012.LOCAL, Encoded Argument=N/A, Target Username=USER_0008, Event ID=4688, sysmon-user=USER_0004, Command=""C:\Users\USER_0014\AppData\Roaming\MobaXterm\slash\bin\mottynew.exe"" -load ""TERM660887"", Process ID=0x2a058, Machine Identifier=HOST_0008, Target Account Security ID=S-1-5-21-0003, Device Name=HOST_0008, IMP Hash=N/A, Parent Process Path=C:\Program Files (x86)\Mobatek\MobaXterm\MobaXterm.exe}",false,MAC_0001,MAC_0002,[REDACTED_DUPLICATE_PAYLOAD],3,53779,0,12,false,0:0:0:0:0:0:0:0,N/A,0,N/A,8110,"<13>Jul 10 14:45:40 10.0.0.4.vnpost AgentDevice=WindowsLog	AgentLogFile=Security	PluginVersion=7.3.1.28	Source=Microsoft-Windows-Security-Auditing	Computer=Jump-QTHTvDL-App	OriginatingComputer=Jump-QTHTvDL-App	User=	Domain=	EventID=4688	EventIDCode=4688	EventType=8	EventCategory=13312	RecordNumber=9118738	TimeGenerated=1783669536	TimeWritten=1783669536	Level=Log Always	Keywords=Audit Success	Task=SE_ADT_DETAILEDTRACKING_PROCESSCREATION	Opcode=Info	Message=A new process has been created.  Creator Subject:  Security ID:  DOMAIN_0012.LOCAL\USER_0016  Account Name: USER_0016  Account Domain: DOMAIN_0012.LOCAL  Logon ID:  0x3ED1F285B  Target Subject:  Security ID:  NULL SID  Account Name:  -  Account Domain:  -  Logon ID:  0x0  Process Information:  New Process ID:  0x2a058  New Process Name: C:\Users\USER_0014\AppData\Roaming\MobaXterm\slash\bin\MoTTYnew.exe  Token Elevation Type: %%1936  Mandatory Label:  Mandatory Label\Medium Mandatory Level  Creator Process ID: 0x302cc  Creator Process Name: C:\Program Files (x86)\Mobatek\MobaXterm\MobaXterm.exe  Process Command Line: ""C:\Users\USER_0014\AppData\Roaming\MobaXterm\slash\bin\mottynew.exe"" -load ""TERM660887""  Token Elevation Type indicates the type of token that was assigned to the new process in accordance with User Account Control policy.  Type 1 is a full token with no privileges removed or groups disabled.  A full token is only used if User Account Control is disabled or if the user is the built-in Administrator account or a service account.  Type 2 is an elevated token with no privileges removed or groups disabled.  An elevated token is used when User Account Control is enabled and the user chooses to start the program using Run as administrator.  An elevated token is also used when an application is configured to always require administrative privilege or to always require maximum privilege, and the user is a member of the Administrators group.  Type 3 is a limited token with administrative privileges removed and administrative groups disabled.  The limited token is used when User Account Control is enabled, the application does not require administrative privilege, and the user does not choose to start the program using Run as administrator. ",Process Creation Success,N/A,1,0,unknown,N/A,Success Audit: A new process has been created,unknown,0,null,1783669536000,255,0,false,0,"true""""",Success Audit,HOST_0004,Success Audit: A new process has been created.,0,1783669547725,No Offense,255,HOST_0009 @ 10.0.0.4,false,3,false,N/A,10.0.0.4,false,1783669547725,5,NETWORK_0002,35,4688,0,3,-1,HOST_0004,[REDACTED_DUPLICATE_PAYLOAD],USER_0016,5000862,false,null,N/A,"14:45:47, 10 thg 7, 2026","14:45:36, 10 thg 7, 2026",MAC_0002,HOST_0006,439,0,false,10.0.0.4,0,N/A,10.0.0.3,1,"14:45:47, 10 thg 7, 2026",0:0:0:0:0:0:0:0,N/A,null,"100101,100221,100265,109237,109187,156193,100277,100272,134937,166353,100223"
N/A,false,0,0,USER_0004,HOST_0007,"{sysmon-eventid=8, Description=N/A, Message=N/A, Pipe Name=N/A, sysmon-processid=197324, sysmon-sourceimage=C:\Program Files (x86)\Mobatek\MobaXterm\MobaXterm.exe, channel=Microsoft-Windows-Sysmon/Operational, Logon Account Domain=DOMAIN_0001.LOCAL, Object Name=N/A, Target Process Path=C:\Users\USER_0014\AppData\Roaming\MobaXterm\slash\bin\MoTTYnew.exe, Process Name=MobaXterm.exe, Account Name=USER_0004, Logon Type=N/A, Target User Domain=DOMAIN_0001.LOCAL, Account Security ID=S-1-5-21-0002, Share Name=N/A, Authentication Package=N/A, sysmon-processguid={5b31cfa1-93cc-6a50-2b31-070000001a00}, sysmon-sourceprocessguid={5b31cfa1-93cc-6a50-2b31-070000001a00}, Logon Account Name=USER_0004, Realm=DOMAIN_0001.LOCAL, Source Process Path=C:\Program Files (x86)\Mobatek\MobaXterm\MobaXterm.exe, EventIDCode=8, Account ID=S-1-5-21-0002, sysmon-targetprocessid=172120, Process Path=C:\Program Files (x86)\Mobatek\MobaXterm\MobaXterm.exe, sysmon-utctime=2026-07-10 07:45:36.828, Status Code=N/A, User Domain=DOMAIN_0001.LOCAL, Key Length=N/A, Target Username=USER_0004, Event ID=8, Target Process Name=MoTTYnew.exe, sysmon-startmodule=-, ProgramName=N/A, Start Module=-, sysmon-startfunction=-, sysmon-user=USER_0002, SourceImageTempPath=N/A, Process GUID=N/A, Machine Identifier=HOST_0008, Object Type=N/A, Start Address=0x0000000000401480, Target Account Security ID=S-1-5-21-0002, Start Function=-, sysmon-startaddress=0x0000000000401480, Device Name=HOST_0008, sysmon-targetimage=C:\Users\QTHT~1.AND\AppData\Roaming\MobaXterm\slash\bin\MoTTYnew.exe}",false,MAC_0001,MAC_0002,[REDACTED_DUPLICATE_PAYLOAD],3,53779,0,12,false,0:0:0:0:0:0:0:0,N/A,0,N/A,7036,<13>Jul 10 14:45:39 10.0.0.4.vnpost AgentDevice=WindowsLog	AgentLogFile=Microsoft-Windows-Sysmon/Operational	PluginVersion=7.3.1.28	Source=Microsoft-Windows-Sysmon	Computer=Jump-QTHTvDL-App	OriginatingComputer=Jump-QTHTvDL-App	User=USER_0002	Domain=DOMAIN_0006.LOCAL	EventID=8	EventIDCode=8	EventType=4	EventCategory=8	RecordNumber=73741597	TimeGenerated=1783669536	TimeWritten=1783669536	Level=Informational	Keywords=0x8000000000000000	Task=SysmonTask-SYSMON_CREATE_REMOTE_THREAD	Opcode=Info	Message=CreateRemoteThread detected: RuleName: - UtcTime: 2026-07-10 07:45:36.828 SourceProcessGuid: {5b31cfa1-93cc-6a50-2b31-070000001a00} SourceProcessId: 197324 SourceImage: C:\Program Files (x86)\Mobatek\MobaXterm\MobaXterm.exe TargetProcessGuid: {5b31cfa1-a320-6a50-3b32-070000001a00} TargetProcessId: 172120 TargetImage: C:\Users\USER_0014\AppData\Roaming\MobaXterm\slash\bin\MoTTYnew.exe NewThreadId: 166096 StartAddress: 0x0000000000401480 StartModule: - StartFunction: - ,Suspicious Windows Events,N/A,1,0,unknown,N/A,CreateRemoteThread,unknown,0,null,1783669536000,255,0,false,0,"true""""",Microsoft-Windows-Sysmon/Operational,HOST_0004,The CreateRemoteThread event detects when a process creates a thread in another process.,0,1783669547725,No Offense,255,HOST_0009 @ 10.0.0.4,true,3,false,N/A,10.0.0.4,false,1783669547725,5,NETWORK_0002,35,8,0,3,-1,HOST_0004,[REDACTED_DUPLICATE_PAYLOAD],USER_0002,5001845,false,null,N/A,"14:45:47, 10 thg 7, 2026","14:45:36, 10 thg 7, 2026",MAC_0002,HOST_0006,439,0,false,10.0.0.4,0,N/A,10.0.0.3,1,"14:45:47, 10 thg 7, 2026",0:0:0:0:0:0:0:0,N/A,null,"100101,100164,100146,100221,100265,109237,109187,156193,100691,100626,100277,100272,134937,166353,100223"
N/A,false,0,0,USER_0004,HOST_0007,"{sysmon-eventid=4688, Parent Process Name=MobaXterm.exe, Pipe Name=N/A, File Directory=N/A, sysmon-processid=N/A, channel=Security, Object Name=N/A, Account Name=USER_0022, Target User Domain=DOMAIN_0005.LOCAL, mandatory_label=Mandatory Label\Medium Mandatory Level, Logon Account Name=USER_0004, EventIDCode=4688, Terminated Process Name=N/A, MD5 Hash=N/A, Filename=N/A, Key Length=N/A, ProgramName=N/A, Process GUID=N/A, SHA1 Hash=N/A, File Extension=N/A, Object Type=N/A, SHA256 Hash=N/A, Parent Process GUID=N/A, Integrity Level=N/A, sysmon-parentimage=C:\Program Files (x86)\Mobatek\MobaXterm\MobaXterm.exe, Description=N/A, Token Elevation Type=%%1936, Message=N/A, Encoded Command=N/A, Logon Account Domain=DOMAIN_0001.LOCAL, Process Name=MobaSCPRinew.exe, Parent Process ID=N/A, Logon Type=N/A, Account Security ID=S-1-5-21-0005, Share Name=N/A, Authentication Package=N/A, sysmon-processguid=N/A, Realm=DOMAIN_0001.LOCAL, Account ID=S-1-5-21-0002, Process Path=C:\Users\USER_0013\AppData\Roaming\MobaXterm\slash\bin\MobaSCPRinew.exe, Status Code=N/A, User Domain=DOMAIN_0012.LOCAL, Encoded Argument=N/A, Target Username=USER_0008, Event ID=4688, sysmon-user=USER_0004, Command=""C:\Users\USER_0013\AppData\Roaming\MobaXterm\slash\bin\MobaSCPRinew.exe"" -v -batch -scp -load ""TERM660987"" -remotemonitoring USER_0023@HOST_0010:""."", Process ID=0x2df48, Machine Identifier=HOST_0008, Target Account Security ID=S-1-5-21-0003, Device Name=HOST_0008, IMP Hash=N/A, Parent Process Path=C:\Program Files (x86)\Mobatek\MobaXterm\MobaXterm.exe}",false,MAC_0001,MAC_0002,[REDACTED_DUPLICATE_PAYLOAD],3,53779,0,12,false,0:0:0:0:0:0:0:0,N/A,0,N/A,8110,"<13>Jul 10 14:44:37 10.0.0.4.vnpost AgentDevice=WindowsLog	AgentLogFile=Security	PluginVersion=7.3.1.28	Source=Microsoft-Windows-Security-Auditing	Computer=Jump-QTHTvDL-App	OriginatingComputer=Jump-QTHTvDL-App	User=	Domain=	EventID=4688	EventIDCode=4688	EventType=8	EventCategory=13312	RecordNumber=9118711	TimeGenerated=1783669475	TimeWritten=1783669475	Level=Log Always	Keywords=Audit Success	Task=SE_ADT_DETAILEDTRACKING_PROCESSCREATION	Opcode=Info	Message=A new process has been created.  Creator Subject:  Security ID:  DOMAIN_0012.LOCAL\USER_0022  Account Name: USER_0022  Account Domain: DOMAIN_0012.LOCAL  Logon ID:  0x3ED3B6A28  Target Subject:  Security ID:  NULL SID  Account Name:  -  Account Domain:  -  Logon ID:  0x0  Process Information:  New Process ID:  0x2df48  New Process Name: C:\Users\USER_0013\AppData\Roaming\MobaXterm\slash\bin\MobaSCPRinew.exe  Token Elevation Type: %%1936  Mandatory Label:  Mandatory Label\Medium Mandatory Level  Creator Process ID: 0x29330  Creator Process Name: C:\Program Files (x86)\Mobatek\MobaXterm\MobaXterm.exe  Process Command Line: ""C:\Users\USER_0013\AppData\Roaming\MobaXterm\slash\bin\MobaSCPRinew.exe"" -v -batch -scp -load ""TERM660987"" -remotemonitoring USER_0023@HOST_0010:"".""  Token Elevation Type indicates the type of token that was assigned to the new process in accordance with User Account Control policy.  Type 1 is a full token with no privileges removed or groups disabled.  A full token is only used if User Account Control is disabled or if the user is the built-in Administrator account or a service account.  Type 2 is an elevated token with no privileges removed or groups disabled.  An elevated token is used when User Account Control is enabled and the user chooses to start the program using Run as administrator.  An elevated token is also used when an application is configured to always require administrative privilege or to always require maximum privilege, and the user is a member of the Administrators group.  Type 3 is a limited token with administrative privileges removed and administrative groups disabled.  The limited token is used when User Account Control is enabled, the application does not require administrative privilege, and the user does not choose to start the program using Run as administrator. ",Process Creation Success,N/A,1,0,unknown,N/A,Success Audit: A new process has been created,unknown,0,null,1783669475000,255,0,false,0,"true""""",Success Audit,HOST_0004,Success Audit: A new process has been created.,0,1783669485175,No Offense,255,HOST_0009 @ 10.0.0.4,false,3,false,N/A,10.0.0.4,false,1783669485175,5,NETWORK_0002,35,4688,0,3,-1,HOST_0004,[REDACTED_DUPLICATE_PAYLOAD],USER_0022,5000862,false,null,N/A,"14:44:45, 10 thg 7, 2026","14:44:35, 10 thg 7, 2026",MAC_0002,HOST_0006,439,0,false,10.0.0.4,0,N/A,10.0.0.3,1,"14:44:45, 10 thg 7, 2026",0:0:0:0:0:0:0:0,N/A,null,"100101,100221,100265,109237,109187,156193,100277,100272,134937,166353,100223"
