N/A,false,0,0,USER_0004,HOST_0007,"{sysmon-eventid=8, Description=N/A, Message=N/A, Pipe Name=N/A, sysmon-processid=198240, sysmon-sourceimage=C:\Users\QTHT~1.CHU\AppData\Roaming\MobaXterm\slash\bin\XWin_MobaX.exe, channel=Microsoft-Windows-Sysmon/Operational, Logon Account Domain=DOMAIN_0001.LOCAL, Object Name=N/A, Target Process Path=C:\Users\USER_0015\AppData\Roaming\MobaXterm\slash\bin\xkbcomp_w32.exe, Process Name=XWin_MobaX.exe, Account Name=USER_0004, Logon Type=N/A, Target User Domain=DOMAIN_0001.LOCAL, Account Security ID=S-1-5-21-0002, Share Name=N/A, Authentication Package=N/A, sysmon-processguid={5b31cfa1-c3de-6a50-b634-070000001a00}, sysmon-sourceprocessguid={5b31cfa1-c3de-6a50-b634-070000001a00}, Logon Account Name=USER_0004, Realm=DOMAIN_0001.LOCAL, Source Process Path=C:\Users\USER_0015\AppData\Roaming\MobaXterm\slash\bin\XWin_MobaX.exe, EventIDCode=8, Account ID=S-1-5-21-0002, sysmon-targetprocessid=61500, Process Path=C:\Users\USER_0015\AppData\Roaming\MobaXterm\slash\bin\XWin_MobaX.exe, sysmon-utctime=2026-07-10 10:05:18.623, Status Code=N/A, User Domain=DOMAIN_0001.LOCAL, Key Length=N/A, Target Username=USER_0004, Event ID=8, Target Process Name=xkbcomp_w32.exe, sysmon-startmodule=-, ProgramName=N/A, Start Module=-, sysmon-startfunction=-, sysmon-user=USER_0002, SourceImageTempPath=N/A, Process GUID=N/A, Machine Identifier=HOST_0008, Object Type=N/A, Start Address=0x00000000004014E0, Target Account Security ID=S-1-5-21-0002, Start Function=-, sysmon-startaddress=0x00000000004014E0, Device Name=HOST_0008, sysmon-targetimage=C:\Users\QTHT~1.CHU\AppData\Roaming\MobaXterm\slash\bin\xkbcomp_w32.exe}",false,MAC_0001,MAC_0002,[REDACTED_DUPLICATE_PAYLOAD],3,53779,0,12,false,0:0:0:0:0:0:0:0,N/A,0,N/A,7036,<13>Jul 10 17:05:21 10.0.0.4.vnpost AgentDevice=WindowsLog	AgentLogFile=Microsoft-Windows-Sysmon/Operational	PluginVersion=7.3.1.28	Source=Microsoft-Windows-Sysmon	Computer=Jump-QTHTvDL-App	OriginatingComputer=Jump-QTHTvDL-App	User=USER_0002	Domain=DOMAIN_0006.LOCAL	EventID=8	EventIDCode=8	EventType=4	EventCategory=8	RecordNumber=74147573	TimeGenerated=1783677918	TimeWritten=1783677918	Level=Informational	Keywords=0x8000000000000000	Task=SysmonTask-SYSMON_CREATE_REMOTE_THREAD	Opcode=Info	Message=CreateRemoteThread detected: RuleName: - UtcTime: 2026-07-10 10:05:18.623 SourceProcessGuid: {5b31cfa1-c3de-6a50-b634-070000001a00} SourceProcessId: 198240 SourceImage: C:\Users\USER_0015\AppData\Roaming\MobaXterm\slash\bin\XWin_MobaX.exe TargetProcessGuid: {5b31cfa1-c3de-6a50-ba34-070000001a00} TargetProcessId: 61500 TargetImage: C:\Users\USER_0015\AppData\Roaming\MobaXterm\slash\bin\xkbcomp_w32.exe NewThreadId: 190728 StartAddress: 0x00000000004014E0 StartModule: - StartFunction: - ,Suspicious Windows Events,N/A,1,0,unknown,N/A,CreateRemoteThread,unknown,0,null,1783677918000,255,0,false,0,"true""""",Microsoft-Windows-Sysmon/Operational,HOST_0004,The CreateRemoteThread event detects when a process creates a thread in another process.,0,1783677931359,No Offense,255,HOST_0009 @ 10.0.0.4,true,3,false,N/A,10.0.0.4,false,1783677931359,5,NETWORK_0002,35,8,0,3,-1,HOST_0004,[REDACTED_DUPLICATE_PAYLOAD],USER_0002,5001845,false,null,N/A,"17:05:31, 10 thg 7, 2026","17:05:18, 10 thg 7, 2026",MAC_0002,HOST_0006,439,0,false,10.0.0.4,0,N/A,10.0.0.3,1,"17:05:31, 10 thg 7, 2026",0:0:0:0:0:0:0:0,N/A,null,"100101,100164,100146,100221,100265,109237,109187,156193,100691,100626,100277,100272,134937,166353,100223"
N/A,false,0,0,USER_0004,HOST_0007,"{sysmon-eventid=8, Description=N/A, Message=N/A, Pipe Name=N/A, sysmon-processid=196488, sysmon-sourceimage=C:\Users\QTHT~1.CHU\AppData\Roaming\MOBAXT~1\slash\bin\cygtermd.exe, channel=Microsoft-Windows-Sysmon/Operational, Logon Account Domain=DOMAIN_0001.LOCAL, Object Name=N/A, Target Process Path=C:\Users\USER_0017\AppData\Roaming\MobaXterm\slash\bin\cygwin-console-helper.exe, Process Name=cygtermd.exe, Account Name=USER_0004, Logon Type=N/A, Target User Domain=DOMAIN_0001.LOCAL, Account Security ID=S-1-5-21-0002, Share Name=N/A, Authentication Package=N/A, sysmon-processguid={5b31cfa1-c3de-6a50-b734-070000001a00}, sysmon-sourceprocessguid={5b31cfa1-c3de-6a50-b734-070000001a00}, Logon Account Name=USER_0004, Realm=DOMAIN_0001.LOCAL, Source Process Path=C:\Users\USER_0015\AppData\Roaming\MOBAXT~1\slash\bin\cygtermd.exe, EventIDCode=8, Account ID=S-1-5-21-0002, sysmon-targetprocessid=197760, Process Path=C:\Users\USER_0015\AppData\Roaming\MOBAXT~1\slash\bin\cygtermd.exe, sysmon-utctime=2026-07-10 10:05:18.436, Status Code=N/A, User Domain=DOMAIN_0001.LOCAL, Key Length=N/A, Target Username=USER_0004, Event ID=8, Target Process Name=cygwin-console-helper.exe, sysmon-startmodule=-, ProgramName=N/A, Start Module=-, sysmon-startfunction=-, sysmon-user=USER_0002, SourceImageTempPath=N/A, Process GUID=N/A, Machine Identifier=HOST_0008, Object Type=N/A, Start Address=0x00000000010E14C0, Target Account Security ID=S-1-5-21-0002, Start Function=-, sysmon-startaddress=0x00000000010E14C0, Device Name=HOST_0008, sysmon-targetimage=C:\Users\qtht.chung\AppData\Roaming\MobaXterm\slash\bin\cygwin-console-helper.exe}",false,MAC_0001,MAC_0002,[REDACTED_DUPLICATE_PAYLOAD],3,53779,0,12,false,0:0:0:0:0:0:0:0,N/A,0,N/A,7036,<13>Jul 10 17:05:21 10.0.0.4.vnpost AgentDevice=WindowsLog	AgentLogFile=Microsoft-Windows-Sysmon/Operational	PluginVersion=7.3.1.28	Source=Microsoft-Windows-Sysmon	Computer=Jump-QTHTvDL-App	OriginatingComputer=Jump-QTHTvDL-App	User=USER_0002	Domain=DOMAIN_0006.LOCAL	EventID=8	EventIDCode=8	EventType=4	EventCategory=8	RecordNumber=74147468	TimeGenerated=1783677918	TimeWritten=1783677918	Level=Informational	Keywords=0x8000000000000000	Task=SysmonTask-SYSMON_CREATE_REMOTE_THREAD	Opcode=Info	Message=CreateRemoteThread detected: RuleName: - UtcTime: 2026-07-10 10:05:18.436 SourceProcessGuid: {5b31cfa1-c3de-6a50-b734-070000001a00} SourceProcessId: 196488 SourceImage: C:\Users\USER_0015\AppData\Roaming\MOBAXT~1\slash\bin\cygtermd.exe TargetProcessGuid: {5b31cfa1-c3de-6a50-b834-070000001a00} TargetProcessId: 197760 TargetImage: C:\Users\USER_0017\AppData\Roaming\MobaXterm\slash\bin\cygwin-console-helper.exe NewThreadId: 188700 StartAddress: 0x00000000010E14C0 StartModule: - StartFunction: - ,Suspicious Windows Events,N/A,1,0,unknown,N/A,CreateRemoteThread,unknown,0,null,1783677918000,255,0,false,0,"true""""",Microsoft-Windows-Sysmon/Operational,HOST_0004,The CreateRemoteThread event detects when a process creates a thread in another process.,0,1783677931359,No Offense,255,HOST_0009 @ 10.0.0.4,true,3,false,N/A,10.0.0.4,false,1783677931359,5,NETWORK_0002,35,8,0,3,-1,HOST_0004,[REDACTED_DUPLICATE_PAYLOAD],USER_0002,5001845,false,null,N/A,"17:05:31, 10 thg 7, 2026","17:05:18, 10 thg 7, 2026",MAC_0002,HOST_0006,439,0,false,10.0.0.4,0,N/A,10.0.0.3,1,"17:05:31, 10 thg 7, 2026",0:0:0:0:0:0:0:0,N/A,null,"100101,100164,100146,100221,100265,109237,109187,156193,100691,100626,100277,100272,134937,166353,100223"
N/A,false,0,0,USER_0004,HOST_0007,"{sysmon-eventid=8, Description=N/A, Message=N/A, Pipe Name=N/A, sysmon-processid=197752, sysmon-sourceimage=C:\Program Files (x86)\Mobatek\MobaXterm\MobaXterm.exe, channel=Microsoft-Windows-Sysmon/Operational, Logon Account Domain=DOMAIN_0001.LOCAL, Object Name=N/A, Target Process Path=C:\Users\USER_0015\AppData\Roaming\MobaXterm\slash\bin\MoTTYnew.exe, Process Name=MobaXterm.exe, Account Name=USER_0004, Logon Type=N/A, Target User Domain=DOMAIN_0001.LOCAL, Account Security ID=S-1-5-21-0002, Share Name=N/A, Authentication Package=N/A, sysmon-processguid={5b31cfa1-c3db-6a50-b234-070000001a00}, sysmon-sourceprocessguid={5b31cfa1-c3db-6a50-b234-070000001a00}, Logon Account Name=USER_0004, Realm=DOMAIN_0001.LOCAL, Source Process Path=C:\Program Files (x86)\Mobatek\MobaXterm\MobaXterm.exe, EventIDCode=8, Account ID=S-1-5-21-0002, sysmon-targetprocessid=189780, Process Path=C:\Program Files (x86)\Mobatek\MobaXterm\MobaXterm.exe, sysmon-utctime=2026-07-10 10:05:17.608, Status Code=N/A, User Domain=DOMAIN_0001.LOCAL, Key Length=N/A, Target Username=USER_0004, Event ID=8, Target Process Name=MoTTYnew.exe, sysmon-startmodule=-, ProgramName=N/A, Start Module=-, sysmon-startfunction=-, sysmon-user=USER_0002, SourceImageTempPath=N/A, Process GUID=N/A, Machine Identifier=HOST_0008, Object Type=N/A, Start Address=0x0000000000401480, Target Account Security ID=S-1-5-21-0002, Start Function=-, sysmon-startaddress=0x0000000000401480, Device Name=HOST_0008, sysmon-targetimage=C:\Users\QTHT~1.CHU\AppData\Roaming\MobaXterm\slash\bin\MoTTYnew.exe}",false,MAC_0001,MAC_0002,[REDACTED_DUPLICATE_PAYLOAD],3,53779,0,12,false,0:0:0:0:0:0:0:0,N/A,0,N/A,7036,<13>Jul 10 17:05:18 10.0.0.4.vnpost AgentDevice=WindowsLog	AgentLogFile=Microsoft-Windows-Sysmon/Operational	PluginVersion=7.3.1.28	Source=Microsoft-Windows-Sysmon	Computer=Jump-QTHTvDL-App	OriginatingComputer=Jump-QTHTvDL-App	User=USER_0002	Domain=DOMAIN_0006.LOCAL	EventID=8	EventIDCode=8	EventType=4	EventCategory=8	RecordNumber=74146731	TimeGenerated=1783677917	TimeWritten=1783677917	Level=Informational	Keywords=0x8000000000000000	Task=SysmonTask-SYSMON_CREATE_REMOTE_THREAD	Opcode=Info	Message=CreateRemoteThread detected: RuleName: - UtcTime: 2026-07-10 10:05:17.608 SourceProcessGuid: {5b31cfa1-c3db-6a50-b234-070000001a00} SourceProcessId: 197752 SourceImage: C:\Program Files (x86)\Mobatek\MobaXterm\MobaXterm.exe TargetProcessGuid: {5b31cfa1-c3dd-6a50-b334-070000001a00} TargetProcessId: 189780 TargetImage: C:\Users\USER_0015\AppData\Roaming\MobaXterm\slash\bin\MoTTYnew.exe NewThreadId: 139300 StartAddress: 0x0000000000401480 StartModule: - StartFunction: - ,Suspicious Windows Events,N/A,1,0,unknown,N/A,CreateRemoteThread,unknown,0,null,1783677917000,255,0,false,0,"true""""",Microsoft-Windows-Sysmon/Operational,HOST_0004,The CreateRemoteThread event detects when a process creates a thread in another process.,0,1783677920390,No Offense,255,HOST_0009 @ 10.0.0.4,true,3,false,N/A,10.0.0.4,false,1783677920390,5,NETWORK_0002,35,8,0,3,-1,HOST_0004,[REDACTED_DUPLICATE_PAYLOAD],USER_0002,5001845,false,null,N/A,"17:05:20, 10 thg 7, 2026","17:05:17, 10 thg 7, 2026",MAC_0002,HOST_0006,439,0,false,10.0.0.4,0,N/A,10.0.0.3,1,"17:05:20, 10 thg 7, 2026",0:0:0:0:0:0:0:0,N/A,null,"100101,100164,100146,100221,100265,109237,109187,156193,100691,100626,100277,100272,134937,166353,100223"
N/A,false,0,0,USER_0004,HOST_0007,"{sysmon-eventid=8, Description=N/A, Message=N/A, Pipe Name=N/A, sysmon-processid=195600, sysmon-sourceimage=C:\Windows\explorer.exe, channel=Microsoft-Windows-Sysmon/Operational, Logon Account Domain=DOMAIN_0001.LOCAL, Object Name=N/A, Target Process Path=C:\Program Files (x86)\Mobatek\MobaXterm\MobaXterm.exe, Process Name=explorer.exe, Account Name=USER_0004, Logon Type=N/A, Target User Domain=DOMAIN_0001.LOCAL, Account Security ID=S-1-5-21-0002, Share Name=N/A, Authentication Package=N/A, sysmon-processguid={5b31cfa1-c3b0-6a50-9334-070000001a00}, sysmon-sourceprocessguid={5b31cfa1-c3b0-6a50-9334-070000001a00}, Logon Account Name=USER_0004, Realm=DOMAIN_0001.LOCAL, Source Process Path=C:\Windows\explorer.exe, EventIDCode=8, Account ID=S-1-5-21-0002, sysmon-targetprocessid=197752, Process Path=C:\Windows\explorer.exe, sysmon-utctime=2026-07-10 10:05:15.342, Status Code=N/A, User Domain=DOMAIN_0001.LOCAL, Key Length=N/A, Target Username=USER_0004, Event ID=8, Target Process Name=MobaXterm.exe, sysmon-startmodule=-, ProgramName=N/A, Start Module=-, sysmon-startfunction=-, sysmon-user=USER_0002, SourceImageTempPath=N/A, Process GUID=N/A, Machine Identifier=HOST_0008, Object Type=N/A, Start Address=0x0000000000B1003C, Target Account Security ID=S-1-5-21-0002, Start Function=-, sysmon-startaddress=0x0000000000B1003C, Device Name=HOST_0008, sysmon-targetimage=C:\Program Files (x86)\Mobatek\MobaXterm\MobaXterm.exe}",false,MAC_0001,MAC_0002,[REDACTED_DUPLICATE_PAYLOAD],3,53779,0,12,false,0:0:0:0:0:0:0:0,N/A,0,N/A,7036,<13>Jul 10 17:05:18 10.0.0.4.vnpost AgentDevice=WindowsLog	AgentLogFile=Microsoft-Windows-Sysmon/Operational	PluginVersion=7.3.1.28	Source=Microsoft-Windows-Sysmon	Computer=Jump-QTHTvDL-App	OriginatingComputer=Jump-QTHTvDL-App	User=USER_0002	Domain=DOMAIN_0006.LOCAL	EventID=8	EventIDCode=8	EventType=4	EventCategory=8	RecordNumber=74145027	TimeGenerated=1783677915	TimeWritten=1783677915	Level=Informational	Keywords=0x8000000000000000	Task=SysmonTask-SYSMON_CREATE_REMOTE_THREAD	Opcode=Info	Message=CreateRemoteThread detected: RuleName: - UtcTime: 2026-07-10 10:05:15.342 SourceProcessGuid: {5b31cfa1-c3b0-6a50-9334-070000001a00} SourceProcessId: 195600 SourceImage: C:\Windows\explorer.exe TargetProcessGuid: {5b31cfa1-c3db-6a50-b234-070000001a00} TargetProcessId: 197752 TargetImage: C:\Program Files (x86)\Mobatek\MobaXterm\MobaXterm.exe NewThreadId: 190100 StartAddress: 0x0000000000B1003C StartModule: - StartFunction: - ,Suspicious Windows Events,N/A,1,0,unknown,N/A,CreateRemoteThread,unknown,0,null,1783677915000,255,0,false,0,"true""""",Microsoft-Windows-Sysmon/Operational,HOST_0004,The CreateRemoteThread event detects when a process creates a thread in another process.,0,1783677920370,No Offense,255,HOST_0009 @ 10.0.0.4,true,3,false,N/A,10.0.0.4,false,1783677920370,5,NETWORK_0002,35,8,0,3,-1,HOST_0004,[REDACTED_DUPLICATE_PAYLOAD],USER_0002,5001845,false,null,N/A,"17:05:20, 10 thg 7, 2026","17:05:15, 10 thg 7, 2026",MAC_0002,HOST_0006,439,0,false,10.0.0.4,0,N/A,10.0.0.3,1,"17:05:20, 10 thg 7, 2026",0:0:0:0:0:0:0:0,N/A,null,"100101,100164,100146,100221,100265,109237,109187,100668,156193,100691,100626,100277,100272,134937,166353,100223"
N/A,false,0,0,USER_0004,HOST_0007,"{sysmon-eventid=4688, Parent Process Name=MobaXterm.exe, Pipe Name=N/A, File Directory=N/A, sysmon-processid=N/A, channel=Security, Object Name=N/A, Account Name=USER_0022, Target User Domain=DOMAIN_0005.LOCAL, mandatory_label=Mandatory Label\Medium Mandatory Level, Logon Account Name=USER_0004, EventIDCode=4688, Terminated Process Name=N/A, MD5 Hash=N/A, Filename=N/A, Key Length=N/A, ProgramName=N/A, Process GUID=N/A, SHA1 Hash=N/A, File Extension=N/A, Object Type=N/A, SHA256 Hash=N/A, Parent Process GUID=N/A, Integrity Level=N/A, sysmon-parentimage=C:\Program Files (x86)\Mobatek\MobaXterm\MobaXterm.exe, Description=N/A, Token Elevation Type=%%1936, Message=N/A, Encoded Command=N/A, Logon Account Domain=DOMAIN_0001.LOCAL, Process Name=MobaSCPRinew.exe, Parent Process ID=N/A, Logon Type=N/A, Account Security ID=S-1-5-21-0005, Share Name=N/A, Authentication Package=N/A, sysmon-processguid=N/A, Realm=DOMAIN_0001.LOCAL, Account ID=S-1-5-21-0002, Process Path=C:\Users\USER_0013\AppData\Roaming\MobaXterm\slash\bin\MobaSCPRinew.exe, Status Code=N/A, User Domain=DOMAIN_0012.LOCAL, Encoded Argument=N/A, Target Username=USER_0008, Event ID=4688, sysmon-user=USER_0004, Command=""C:\Users\USER_0013\AppData\Roaming\MobaXterm\slash\bin\MobaSCPRinew.exe"" -v -batch -scp -load ""TERM660986"" -remotemonitoring USER_0023@HOST_0010:""."", Process ID=0x2ea78, Machine Identifier=HOST_0008, Target Account Security ID=S-1-5-21-0003, Device Name=HOST_0008, IMP Hash=N/A, Parent Process Path=C:\Program Files (x86)\Mobatek\MobaXterm\MobaXterm.exe}",false,MAC_0001,MAC_0002,[REDACTED_DUPLICATE_PAYLOAD],3,53779,0,12,false,0:0:0:0:0:0:0:0,N/A,0,N/A,8110,"<13>Jul 10 17:05:16 10.0.0.4.vnpost AgentDevice=WindowsLog	AgentLogFile=Security	PluginVersion=7.3.1.28	Source=Microsoft-Windows-Security-Auditing	Computer=Jump-QTHTvDL-App	OriginatingComputer=Jump-QTHTvDL-App	User=	Domain=	EventID=4688	EventIDCode=4688	EventType=8	EventCategory=13312	RecordNumber=9122762	TimeGenerated=1783677914	TimeWritten=1783677914	Level=Log Always	Keywords=Audit Success	Task=SE_ADT_DETAILEDTRACKING_PROCESSCREATION	Opcode=Info	Message=A new process has been created.  Creator Subject:  Security ID:  DOMAIN_0012.LOCAL\USER_0022  Account Name: USER_0022  Account Domain: DOMAIN_0012.LOCAL  Logon ID:  0x3ED3B6A28  Target Subject:  Security ID:  NULL SID  Account Name:  -  Account Domain:  -  Logon ID:  0x0  Process Information:  New Process ID:  0x2ea78  New Process Name: C:\Users\USER_0013\AppData\Roaming\MobaXterm\slash\bin\MobaSCPRinew.exe  Token Elevation Type: %%1936  Mandatory Label:  Mandatory Label\Medium Mandatory Level  Creator Process ID: 0x29330  Creator Process Name: C:\Program Files (x86)\Mobatek\MobaXterm\MobaXterm.exe  Process Command Line: ""C:\Users\USER_0013\AppData\Roaming\MobaXterm\slash\bin\MobaSCPRinew.exe"" -v -batch -scp -load ""TERM660986"" -remotemonitoring USER_0023@HOST_0010:"".""  Token Elevation Type indicates the type of token that was assigned to the new process in accordance with User Account Control policy.  Type 1 is a full token with no privileges removed or groups disabled.  A full token is only used if User Account Control is disabled or if the user is the built-in Administrator account or a service account.  Type 2 is an elevated token with no privileges removed or groups disabled.  An elevated token is used when User Account Control is enabled and the user chooses to start the program using Run as administrator.  An elevated token is also used when an application is configured to always require administrative privilege or to always require maximum privilege, and the user is a member of the Administrators group.  Type 3 is a limited token with administrative privileges removed and administrative groups disabled.  The limited token is used when User Account Control is enabled, the application does not require administrative privilege, and the user does not choose to start the program using Run as administrator. ",Process Creation Success,N/A,1,0,unknown,N/A,Success Audit: A new process has been created,unknown,0,null,1783677914000,255,0,false,0,"true""""",Success Audit,HOST_0004,Success Audit: A new process has been created.,0,1783677918419,No Offense,255,HOST_0009 @ 10.0.0.4,false,3,false,N/A,10.0.0.4,false,1783677918419,5,NETWORK_0002,35,4688,0,3,-1,HOST_0004,[REDACTED_DUPLICATE_PAYLOAD],USER_0022,5000862,false,null,N/A,"17:05:18, 10 thg 7, 2026","17:05:14, 10 thg 7, 2026",MAC_0002,HOST_0006,439,0,false,10.0.0.4,0,N/A,10.0.0.3,1,"17:05:18, 10 thg 7, 2026",0:0:0:0:0:0:0:0,N/A,null,"100101,100221,100265,109237,109187,156193,100277,100272,134937,166353,100223"
N/A,false,0,0,USER_0004,HOST_0007,"{sysmon-eventid=4688, Parent Process Name=MobaSCPRinew.exe, Pipe Name=N/A, File Directory=N/A, sysmon-processid=N/A, channel=Security, Object Name=N/A, Account Name=USER_0022, Target User Domain=DOMAIN_0005.LOCAL, mandatory_label=Mandatory Label\Medium Mandatory Level, Logon Account Name=USER_0004, EventIDCode=4688, Terminated Process Name=N/A, MD5 Hash=N/A, Filename=N/A, Key Length=N/A, ProgramName=N/A, Process GUID=N/A, SHA1 Hash=N/A, File Extension=N/A, Object Type=N/A, SHA256 Hash=N/A, Parent Process GUID=N/A, Integrity Level=N/A, sysmon-parentimage=C:\Users\QTHT~1.VIE\AppData\Roaming\MobaXterm\slash\bin\MobaSCPRinew.exe, Description=N/A, Token Elevation Type=%%1936, Message=N/A, Encoded Command=N/A, Logon Account Domain=DOMAIN_0001.LOCAL, Process Name=conhost.exe, Parent Process ID=N/A, Logon Type=N/A, Account Security ID=S-1-5-21-0005, Share Name=N/A, Authentication Package=N/A, sysmon-processguid=N/A, Realm=DOMAIN_0001.LOCAL, Account ID=S-1-5-21-0002, Process Path=C:\Windows\System32\conhost.exe, Status Code=N/A, User Domain=DOMAIN_0012.LOCAL, Encoded Argument=N/A, Target Username=USER_0008, Event ID=4688, sysmon-user=USER_0004, Command=??\C:\Windows\system32\conhost.exe 0xffffffff -ForceV1, Process ID=0x2b124, Machine Identifier=HOST_0008, Target Account Security ID=S-1-5-21-0003, Device Name=HOST_0008, IMP Hash=N/A, Parent Process Path=C:\Users\USER_0013\AppData\Roaming\MobaXterm\slash\bin\MobaSCPRinew.exe}",false,MAC_0001,MAC_0002,[REDACTED_DUPLICATE_PAYLOAD],3,53779,0,12,false,0:0:0:0:0:0:0:0,N/A,0,N/A,8110,"<13>Jul 10 17:05:16 10.0.0.4.vnpost AgentDevice=WindowsLog	AgentLogFile=Security	PluginVersion=7.3.1.28	Source=Microsoft-Windows-Security-Auditing	Computer=Jump-QTHTvDL-App	OriginatingComputer=Jump-QTHTvDL-App	User=	Domain=	EventID=4688	EventIDCode=4688	EventType=8	EventCategory=13312	RecordNumber=9122763	TimeGenerated=1783677914	TimeWritten=1783677914	Level=Log Always	Keywords=Audit Success	Task=SE_ADT_DETAILEDTRACKING_PROCESSCREATION	Opcode=Info	Message=A new process has been created.  Creator Subject:  Security ID:  DOMAIN_0012.LOCAL\USER_0022  Account Name: USER_0022  Account Domain: DOMAIN_0012.LOCAL  Logon ID:  0x3ED3B6A28  Target Subject:  Security ID:  NULL SID  Account Name:  -  Account Domain:  -  Logon ID:  0x0  Process Information:  New Process ID:  0x2b124  New Process Name: C:\Windows\System32\conhost.exe  Token Elevation Type: %%1936  Mandatory Label:  Mandatory Label\Medium Mandatory Level  Creator Process ID: 0x2ea78  Creator Process Name: C:\Users\USER_0013\AppData\Roaming\MobaXterm\slash\bin\MobaSCPRinew.exe  Process Command Line: \??\C:\Windows\system32\conhost.exe 0xffffffff -ForceV1  Token Elevation Type indicates the type of token that was assigned to the new process in accordance with User Account Control policy.  Type 1 is a full token with no privileges removed or groups disabled.  A full token is only used if User Account Control is disabled or if the user is the built-in Administrator account or a service account.  Type 2 is an elevated token with no privileges removed or groups disabled.  An elevated token is used when User Account Control is enabled and the user chooses to start the program using Run as administrator.  An elevated token is also used when an application is configured to always require administrative privilege or to always require maximum privilege, and the user is a member of the Administrators group.  Type 3 is a limited token with administrative privileges removed and administrative groups disabled.  The limited token is used when User Account Control is enabled, the application does not require administrative privilege, and the user does not choose to start the program using Run as administrator. ",Process Creation Success,N/A,1,0,unknown,N/A,Success Audit: A new process has been created,unknown,0,null,1783677914000,255,0,false,0,"true""""",Success Audit,HOST_0004,Success Audit: A new process has been created.,0,1783677918419,No Offense,255,HOST_0009 @ 10.0.0.4,false,3,false,N/A,10.0.0.4,false,1783677918419,5,NETWORK_0002,35,4688,0,3,-1,HOST_0004,[REDACTED_DUPLICATE_PAYLOAD],USER_0022,5000862,false,null,N/A,"17:05:18, 10 thg 7, 2026","17:05:14, 10 thg 7, 2026",MAC_0002,HOST_0006,439,0,false,10.0.0.4,0,N/A,10.0.0.3,1,"17:05:18, 10 thg 7, 2026",0:0:0:0:0:0:0:0,N/A,null,"100101,100221,100265,109237,109187,100668,156193,100277,100272,134937,166353,100223"
N/A,false,0,0,USER_0004,HOST_0007,"{sysmon-eventid=4688, Parent Process Name=explorer.exe, Pipe Name=N/A, File Directory=N/A, sysmon-processid=N/A, channel=Security, Object Name=N/A, Account Name=USER_0017, Target User Domain=DOMAIN_0005.LOCAL, mandatory_label=Mandatory Label\Medium Mandatory Level, Logon Account Name=USER_0004, EventIDCode=4688, Terminated Process Name=N/A, MD5 Hash=N/A, Filename=N/A, Key Length=N/A, ProgramName=N/A, Process GUID=N/A, SHA1 Hash=N/A, File Extension=N/A, Object Type=N/A, SHA256 Hash=N/A, Parent Process GUID=N/A, Integrity Level=N/A, sysmon-parentimage=C:\Windows\explorer.exe, Description=N/A, Token Elevation Type=%%1936, Message=N/A, Encoded Command=N/A, Logon Account Domain=DOMAIN_0001.LOCAL, Process Name=MobaXterm.exe, Parent Process ID=N/A, Logon Type=N/A, Account Security ID=S-1-5-21-0006, Share Name=N/A, Authentication Package=N/A, sysmon-processguid=N/A, Realm=DOMAIN_0001.LOCAL, Account ID=S-1-5-21-0002, Process Path=C:\Program Files (x86)\Mobatek\MobaXterm\MobaXterm.exe, Status Code=N/A, User Domain=DOMAIN_0012.LOCAL, Encoded Argument=N/A, Target Username=USER_0008, Event ID=4688, sysmon-user=USER_0004, Command=""C:\Program Files (x86)\Mobatek\MobaXterm\MobaXterm.exe"" -openfolder ""C:\Users\USER_0017\Desktop"", Process ID=0x30478, Machine Identifier=HOST_0008, Target Account Security ID=S-1-5-21-0003, Device Name=HOST_0008, IMP Hash=N/A, Parent Process Path=C:\Windows\explorer.exe}",false,MAC_0001,MAC_0002,[REDACTED_DUPLICATE_PAYLOAD],3,53779,0,12,false,0:0:0:0:0:0:0:0,N/A,0,N/A,8110,"<13>Jul 10 17:05:16 10.0.0.4.vnpost AgentDevice=WindowsLog	AgentLogFile=Security	PluginVersion=7.3.1.28	Source=Microsoft-Windows-Security-Auditing	Computer=Jump-QTHTvDL-App	OriginatingComputer=Jump-QTHTvDL-App	User=	Domain=	EventID=4688	EventIDCode=4688	EventType=8	EventCategory=13312	RecordNumber=9122764	TimeGenerated=1783677915	TimeWritten=1783677915	Level=Log Always	Keywords=Audit Success	Task=SE_ADT_DETAILEDTRACKING_PROCESSCREATION	Opcode=Info	Message=A new process has been created.  Creator Subject:  Security ID:  DOMAIN_0012.LOCAL\USER_0017  Account Name: USER_0017  Account Domain: DOMAIN_0012.LOCAL  Logon ID:  0x3EFA00706  Target Subject:  Security ID:  NULL SID  Account Name:  -  Account Domain:  -  Logon ID:  0x0  Process Information:  New Process ID:  0x30478  New Process Name: C:\Program Files (x86)\Mobatek\MobaXterm\MobaXterm.exe  Token Elevation Type: %%1936  Mandatory Label:  Mandatory Label\Medium Mandatory Level  Creator Process ID: 0x2fc10  Creator Process Name: C:\Windows\explorer.exe  Process Command Line: ""C:\Program Files (x86)\Mobatek\MobaXterm\MobaXterm.exe"" -openfolder ""C:\Users\USER_0017\Desktop""  Token Elevation Type indicates the type of token that was assigned to the new process in accordance with User Account Control policy.  Type 1 is a full token with no privileges removed or groups disabled.  A full token is only used if User Account Control is disabled or if the user is the built-in Administrator account or a service account.  Type 2 is an elevated token with no privileges removed or groups disabled.  An elevated token is used when User Account Control is enabled and the user chooses to start the program using Run as administrator.  An elevated token is also used when an application is configured to always require administrative privilege or to always require maximum privilege, and the user is a member of the Administrators group.  Type 3 is a limited token with administrative privileges removed and administrative groups disabled.  The limited token is used when User Account Control is enabled, the application does not require administrative privilege, and the user does not choose to start the program using Run as administrator. ",Process Creation Success,N/A,1,0,unknown,N/A,Success Audit: A new process has been created,unknown,0,null,1783677915000,255,0,false,0,"true""""",Success Audit,HOST_0004,Success Audit: A new process has been created.,0,1783677918419,No Offense,255,HOST_0009 @ 10.0.0.4,false,3,false,N/A,10.0.0.4,false,1783677918419,5,NETWORK_0002,35,4688,0,3,-1,HOST_0004,[REDACTED_DUPLICATE_PAYLOAD],USER_0017,5000862,false,null,N/A,"17:05:18, 10 thg 7, 2026","17:05:15, 10 thg 7, 2026",MAC_0002,HOST_0006,439,0,false,10.0.0.4,0,N/A,10.0.0.3,1,"17:05:18, 10 thg 7, 2026",0:0:0:0:0:0:0:0,N/A,null,"100101,100221,100265,109237,109187,156193,100277,100272,134937,166353,100223"
N/A,false,0,0,USER_0004,HOST_0007,"{sysmon-eventid=8, Description=N/A, Message=N/A, Pipe Name=N/A, sysmon-processid=168752, sysmon-sourceimage=C:\Program Files (x86)\Mobatek\MobaXterm\MobaXterm.exe, channel=Microsoft-Windows-Sysmon/Operational, Logon Account Domain=DOMAIN_0001.LOCAL, Object Name=N/A, Target Process Path=C:\Users\USER_0013\AppData\Roaming\MobaXterm\slash\bin\MobaSCPRinew.exe, Process Name=MobaXterm.exe, Account Name=USER_0004, Logon Type=N/A, Target User Domain=DOMAIN_0001.LOCAL, Account Security ID=S-1-5-21-0002, Share Name=N/A, Authentication Package=N/A, sysmon-processguid={5b31cfa1-941b-6a50-7331-070000001a00}, sysmon-sourceprocessguid={5b31cfa1-941b-6a50-7331-070000001a00}, Logon Account Name=USER_0004, Realm=DOMAIN_0001.LOCAL, Source Process Path=C:\Program Files (x86)\Mobatek\MobaXterm\MobaXterm.exe, EventIDCode=8, Account ID=S-1-5-21-0002, sysmon-targetprocessid=191096, Process Path=C:\Program Files (x86)\Mobatek\MobaXterm\MobaXterm.exe, sysmon-utctime=2026-07-10 10:05:14.748, Status Code=N/A, User Domain=DOMAIN_0001.LOCAL, Key Length=N/A, Target Username=USER_0004, Event ID=8, Target Process Name=MobaSCPRinew.exe, sysmon-startmodule=-, ProgramName=N/A, Start Module=-, sysmon-startfunction=-, sysmon-user=USER_0002, SourceImageTempPath=N/A, Process GUID=N/A, Machine Identifier=HOST_0008, Object Type=N/A, Start Address=0x00000000004014A0, Target Account Security ID=S-1-5-21-0002, Start Function=-, sysmon-startaddress=0x00000000004014A0, Device Name=HOST_0008, sysmon-targetimage=C:\Users\QTHT~1.VIE\AppData\Roaming\MobaXterm\slash\bin\MobaSCPRinew.exe}",false,MAC_0001,MAC_0002,[REDACTED_DUPLICATE_PAYLOAD],3,53779,0,12,false,0:0:0:0:0:0:0:0,N/A,0,N/A,7036,<13>Jul 10 17:05:15 10.0.0.4.vnpost AgentDevice=WindowsLog	AgentLogFile=Microsoft-Windows-Sysmon/Operational	PluginVersion=7.3.1.28	Source=Microsoft-Windows-Sysmon	Computer=Jump-QTHTvDL-App	OriginatingComputer=Jump-QTHTvDL-App	User=USER_0002	Domain=DOMAIN_0006.LOCAL	EventID=8	EventIDCode=8	EventType=4	EventCategory=8	RecordNumber=74144961	TimeGenerated=1783677914	TimeWritten=1783677914	Level=Informational	Keywords=0x8000000000000000	Task=SysmonTask-SYSMON_CREATE_REMOTE_THREAD	Opcode=Info	Message=CreateRemoteThread detected: RuleName: - UtcTime: 2026-07-10 10:05:14.748 SourceProcessGuid: {5b31cfa1-941b-6a50-7331-070000001a00} SourceProcessId: 168752 SourceImage: C:\Program Files (x86)\Mobatek\MobaXterm\MobaXterm.exe TargetProcessGuid: {5b31cfa1-c3da-6a50-b034-070000001a00} TargetProcessId: 191096 TargetImage: C:\Users\USER_0013\AppData\Roaming\MobaXterm\slash\bin\MobaSCPRinew.exe NewThreadId: 153688 StartAddress: 0x00000000004014A0 StartModule: - StartFunction: - ,Suspicious Windows Events,N/A,1,0,unknown,N/A,CreateRemoteThread,unknown,0,null,1783677914000,255,0,false,0,"true""""",Microsoft-Windows-Sysmon/Operational,HOST_0004,The CreateRemoteThread event detects when a process creates a thread in another process.,0,1783677918419,No Offense,255,HOST_0009 @ 10.0.0.4,true,3,false,N/A,10.0.0.4,false,1783677918419,5,NETWORK_0002,35,8,0,3,-1,HOST_0004,[REDACTED_DUPLICATE_PAYLOAD],USER_0002,5001845,false,null,N/A,"17:05:18, 10 thg 7, 2026","17:05:14, 10 thg 7, 2026",MAC_0002,HOST_0006,439,0,false,10.0.0.4,0,N/A,10.0.0.3,1,"17:05:18, 10 thg 7, 2026",0:0:0:0:0:0:0:0,N/A,null,"100101,100164,100146,100221,100265,109237,109187,156193,100691,100626,100277,100272,134937,166353,100223"
N/A,false,0,0,USER_0004,HOST_0007,"{sysmon-eventid=4688, Parent Process Name=MobaXterm.exe, Pipe Name=N/A, File Directory=N/A, sysmon-processid=N/A, channel=Security, Object Name=N/A, Account Name=USER_0022, Target User Domain=DOMAIN_0005.LOCAL, mandatory_label=Mandatory Label\Medium Mandatory Level, Logon Account Name=USER_0004, EventIDCode=4688, Terminated Process Name=N/A, MD5 Hash=N/A, Filename=N/A, Key Length=N/A, ProgramName=N/A, Process GUID=N/A, SHA1 Hash=N/A, File Extension=N/A, Object Type=N/A, SHA256 Hash=N/A, Parent Process GUID=N/A, Integrity Level=N/A, sysmon-parentimage=C:\Program Files (x86)\Mobatek\MobaXterm\MobaXterm.exe, Description=N/A, Token Elevation Type=%%1936, Message=N/A, Encoded Command=N/A, Logon Account Domain=DOMAIN_0001.LOCAL, Process Name=MobaSCPRinew.exe, Parent Process ID=N/A, Logon Type=N/A, Account Security ID=S-1-5-21-0005, Share Name=N/A, Authentication Package=N/A, sysmon-processguid=N/A, Realm=DOMAIN_0001.LOCAL, Account ID=S-1-5-21-0002, Process Path=C:\Users\USER_0013\AppData\Roaming\MobaXterm\slash\bin\MobaSCPRinew.exe, Status Code=N/A, User Domain=DOMAIN_0012.LOCAL, Encoded Argument=N/A, Target Username=USER_0008, Event ID=4688, sysmon-user=USER_0004, Command=""C:\Users\USER_0013\AppData\Roaming\MobaXterm\slash\bin\MobaSCPRinew.exe"" -v -batch -scp -load ""TERM660989"" -remotemonitoring USER_0023@HOST_0010:""."", Process ID=0x2e4c8, Machine Identifier=HOST_0008, Target Account Security ID=S-1-5-21-0003, Device Name=HOST_0008, IMP Hash=N/A, Parent Process Path=C:\Program Files (x86)\Mobatek\MobaXterm\MobaXterm.exe}",false,MAC_0001,MAC_0002,[REDACTED_DUPLICATE_PAYLOAD],3,53779,0,12,false,0:0:0:0:0:0:0:0,N/A,0,N/A,8110,"<13>Jul 10 17:04:58 10.0.0.4.vnpost AgentDevice=WindowsLog	AgentLogFile=Security	PluginVersion=7.3.1.28	Source=Microsoft-Windows-Security-Auditing	Computer=Jump-QTHTvDL-App	OriginatingComputer=Jump-QTHTvDL-App	User=	Domain=	EventID=4688	EventIDCode=4688	EventType=8	EventCategory=13312	RecordNumber=9122750	TimeGenerated=1783677896	TimeWritten=1783677896	Level=Log Always	Keywords=Audit Success	Task=SE_ADT_DETAILEDTRACKING_PROCESSCREATION	Opcode=Info	Message=A new process has been created.  Creator Subject:  Security ID:  DOMAIN_0012.LOCAL\USER_0022  Account Name: USER_0022  Account Domain: DOMAIN_0012.LOCAL  Logon ID:  0x3ED3B6A28  Target Subject:  Security ID:  NULL SID  Account Name:  -  Account Domain:  -  Logon ID:  0x0  Process Information:  New Process ID:  0x2e4c8  New Process Name: C:\Users\USER_0013\AppData\Roaming\MobaXterm\slash\bin\MobaSCPRinew.exe  Token Elevation Type: %%1936  Mandatory Label:  Mandatory Label\Medium Mandatory Level  Creator Process ID: 0x29330  Creator Process Name: C:\Program Files (x86)\Mobatek\MobaXterm\MobaXterm.exe  Process Command Line: ""C:\Users\USER_0013\AppData\Roaming\MobaXterm\slash\bin\MobaSCPRinew.exe"" -v -batch -scp -load ""TERM660989"" -remotemonitoring USER_0023@HOST_0010:"".""  Token Elevation Type indicates the type of token that was assigned to the new process in accordance with User Account Control policy.  Type 1 is a full token with no privileges removed or groups disabled.  A full token is only used if User Account Control is disabled or if the user is the built-in Administrator account or a service account.  Type 2 is an elevated token with no privileges removed or groups disabled.  An elevated token is used when User Account Control is enabled and the user chooses to start the program using Run as administrator.  An elevated token is also used when an application is configured to always require administrative privilege or to always require maximum privilege, and the user is a member of the Administrators group.  Type 3 is a limited token with administrative privileges removed and administrative groups disabled.  The limited token is used when User Account Control is enabled, the application does not require administrative privilege, and the user does not choose to start the program using Run as administrator. ",Process Creation Success,N/A,1,0,unknown,N/A,Success Audit: A new process has been created,unknown,0,null,1783677896000,255,0,false,0,"true""""",Success Audit,HOST_0004,Success Audit: A new process has been created.,0,1783677900131,No Offense,255,HOST_0009 @ 10.0.0.4,false,3,false,N/A,10.0.0.4,false,1783677900131,5,NETWORK_0002,35,4688,0,3,-1,HOST_0004,[REDACTED_DUPLICATE_PAYLOAD],USER_0022,5000862,false,null,N/A,"17:05:00, 10 thg 7, 2026","17:04:56, 10 thg 7, 2026",MAC_0002,HOST_0006,439,0,false,10.0.0.4,0,N/A,10.0.0.3,1,"17:05:00, 10 thg 7, 2026",0:0:0:0:0:0:0:0,N/A,null,"100101,100221,100265,109237,109187,156193,100277,100272,134937,166353,100223"
N/A,false,0,0,USER_0004,HOST_0007,"{sysmon-eventid=4688, Parent Process Name=MobaSCPRinew.exe, Pipe Name=N/A, File Directory=N/A, sysmon-processid=N/A, channel=Security, Object Name=N/A, Account Name=USER_0022, Target User Domain=DOMAIN_0005.LOCAL, mandatory_label=Mandatory Label\Medium Mandatory Level, Logon Account Name=USER_0004, EventIDCode=4688, Terminated Process Name=N/A, MD5 Hash=N/A, Filename=N/A, Key Length=N/A, ProgramName=N/A, Process GUID=N/A, SHA1 Hash=N/A, File Extension=N/A, Object Type=N/A, SHA256 Hash=N/A, Parent Process GUID=N/A, Integrity Level=N/A, sysmon-parentimage=C:\Users\QTHT~1.VIE\AppData\Roaming\MobaXterm\slash\bin\MobaSCPRinew.exe, Description=N/A, Token Elevation Type=%%1936, Message=N/A, Encoded Command=N/A, Logon Account Domain=DOMAIN_0001.LOCAL, Process Name=conhost.exe, Parent Process ID=N/A, Logon Type=N/A, Account Security ID=S-1-5-21-0005, Share Name=N/A, Authentication Package=N/A, sysmon-processguid=N/A, Realm=DOMAIN_0001.LOCAL, Account ID=S-1-5-21-0002, Process Path=C:\Windows\System32\conhost.exe, Status Code=N/A, User Domain=DOMAIN_0012.LOCAL, Encoded Argument=N/A, Target Username=USER_0008, Event ID=4688, sysmon-user=USER_0004, Command=??\C:\Windows\system32\conhost.exe 0xffffffff -ForceV1, Process ID=0x2d2a4, Machine Identifier=HOST_0008, Target Account Security ID=S-1-5-21-0003, Device Name=HOST_0008, IMP Hash=N/A, Parent Process Path=C:\Users\USER_0013\AppData\Roaming\MobaXterm\slash\bin\MobaSCPRinew.exe}",false,MAC_0001,MAC_0002,[REDACTED_DUPLICATE_PAYLOAD],3,53779,0,12,false,0:0:0:0:0:0:0:0,N/A,0,N/A,8110,"<13>Jul 10 17:04:58 10.0.0.4.vnpost AgentDevice=WindowsLog	AgentLogFile=Security	PluginVersion=7.3.1.28	Source=Microsoft-Windows-Security-Auditing	Computer=Jump-QTHTvDL-App	OriginatingComputer=Jump-QTHTvDL-App	User=	Domain=	EventID=4688	EventIDCode=4688	EventType=8	EventCategory=13312	RecordNumber=9122752	TimeGenerated=1783677896	TimeWritten=1783677896	Level=Log Always	Keywords=Audit Success	Task=SE_ADT_DETAILEDTRACKING_PROCESSCREATION	Opcode=Info	Message=A new process has been created.  Creator Subject:  Security ID:  DOMAIN_0012.LOCAL\USER_0022  Account Name: USER_0022  Account Domain: DOMAIN_0012.LOCAL  Logon ID:  0x3ED3B6A28  Target Subject:  Security ID:  NULL SID  Account Name:  -  Account Domain:  -  Logon ID:  0x0  Process Information:  New Process ID:  0x2d2a4  New Process Name: C:\Windows\System32\conhost.exe  Token Elevation Type: %%1936  Mandatory Label:  Mandatory Label\Medium Mandatory Level  Creator Process ID: 0x2e4c8  Creator Process Name: C:\Users\USER_0013\AppData\Roaming\MobaXterm\slash\bin\MobaSCPRinew.exe  Process Command Line: \??\C:\Windows\system32\conhost.exe 0xffffffff -ForceV1  Token Elevation Type indicates the type of token that was assigned to the new process in accordance with User Account Control policy.  Type 1 is a full token with no privileges removed or groups disabled.  A full token is only used if User Account Control is disabled or if the user is the built-in Administrator account or a service account.  Type 2 is an elevated token with no privileges removed or groups disabled.  An elevated token is used when User Account Control is enabled and the user chooses to start the program using Run as administrator.  An elevated token is also used when an application is configured to always require administrative privilege or to always require maximum privilege, and the user is a member of the Administrators group.  Type 3 is a limited token with administrative privileges removed and administrative groups disabled.  The limited token is used when User Account Control is enabled, the application does not require administrative privilege, and the user does not choose to start the program using Run as administrator. ",Process Creation Success,N/A,1,0,unknown,N/A,Success Audit: A new process has been created,unknown,0,null,1783677896000,255,0,false,0,"true""""",Success Audit,HOST_0004,Success Audit: A new process has been created.,0,1783677900131,No Offense,255,HOST_0009 @ 10.0.0.4,false,3,false,N/A,10.0.0.4,false,1783677900131,5,NETWORK_0002,35,4688,0,3,-1,HOST_0004,[REDACTED_DUPLICATE_PAYLOAD],USER_0022,5000862,false,null,N/A,"17:05:00, 10 thg 7, 2026","17:04:56, 10 thg 7, 2026",MAC_0002,HOST_0006,439,0,false,10.0.0.4,0,N/A,10.0.0.3,1,"17:05:00, 10 thg 7, 2026",0:0:0:0:0:0:0:0,N/A,null,"100101,100221,100265,109237,109187,100668,156193,100277,100272,134937,166353,100223"
N/A,false,0,0,USER_0004,HOST_0007,"{sysmon-eventid=8, Description=N/A, Message=N/A, Pipe Name=N/A, sysmon-processid=168752, sysmon-sourceimage=C:\Program Files (x86)\Mobatek\MobaXterm\MobaXterm.exe, channel=Microsoft-Windows-Sysmon/Operational, Logon Account Domain=DOMAIN_0001.LOCAL, Object Name=N/A, Target Process Path=C:\Users\USER_0013\AppData\Roaming\MobaXterm\slash\bin\MobaSCPRinew.exe, Process Name=MobaXterm.exe, Account Name=USER_0004, Logon Type=N/A, Target User Domain=DOMAIN_0001.LOCAL, Account Security ID=S-1-5-21-0002, Share Name=N/A, Authentication Package=N/A, sysmon-processguid={5b31cfa1-941b-6a50-7331-070000001a00}, sysmon-sourceprocessguid={5b31cfa1-941b-6a50-7331-070000001a00}, Logon Account Name=USER_0004, Realm=DOMAIN_0001.LOCAL, Source Process Path=C:\Program Files (x86)\Mobatek\MobaXterm\MobaXterm.exe, EventIDCode=8, Account ID=S-1-5-21-0002, sysmon-targetprocessid=189640, Process Path=C:\Program Files (x86)\Mobatek\MobaXterm\MobaXterm.exe, sysmon-utctime=2026-07-10 10:04:56.154, Status Code=N/A, User Domain=DOMAIN_0001.LOCAL, Key Length=N/A, Target Username=USER_0004, Event ID=8, Target Process Name=MobaSCPRinew.exe, sysmon-startmodule=-, ProgramName=N/A, Start Module=-, sysmon-startfunction=-, sysmon-user=USER_0002, SourceImageTempPath=N/A, Process GUID=N/A, Machine Identifier=HOST_0008, Object Type=N/A, Start Address=0x00000000004014A0, Target Account Security ID=S-1-5-21-0002, Start Function=-, sysmon-startaddress=0x00000000004014A0, Device Name=HOST_0008, sysmon-targetimage=C:\Users\QTHT~1.VIE\AppData\Roaming\MobaXterm\slash\bin\MobaSCPRinew.exe}",false,MAC_0001,MAC_0002,[REDACTED_DUPLICATE_PAYLOAD],3,53779,0,12,false,0:0:0:0:0:0:0:0,N/A,0,N/A,7036,<13>Jul 10 17:04:57 10.0.0.4.vnpost AgentDevice=WindowsLog	AgentLogFile=Microsoft-Windows-Sysmon/Operational	PluginVersion=7.3.1.28	Source=Microsoft-Windows-Sysmon	Computer=Jump-QTHTvDL-App	OriginatingComputer=Jump-QTHTvDL-App	User=USER_0002	Domain=DOMAIN_0006.LOCAL	EventID=8	EventIDCode=8	EventType=4	EventCategory=8	RecordNumber=74143515	TimeGenerated=1783677896	TimeWritten=1783677896	Level=Informational	Keywords=0x8000000000000000	Task=SysmonTask-SYSMON_CREATE_REMOTE_THREAD	Opcode=Info	Message=CreateRemoteThread detected: RuleName: - UtcTime: 2026-07-10 10:04:56.154 SourceProcessGuid: {5b31cfa1-941b-6a50-7331-070000001a00} SourceProcessId: 168752 SourceImage: C:\Program Files (x86)\Mobatek\MobaXterm\MobaXterm.exe TargetProcessGuid: {5b31cfa1-c3c8-6a50-ae34-070000001a00} TargetProcessId: 189640 TargetImage: C:\Users\USER_0013\AppData\Roaming\MobaXterm\slash\bin\MobaSCPRinew.exe NewThreadId: 198364 StartAddress: 0x00000000004014A0 StartModule: - StartFunction: - ,Suspicious Windows Events,N/A,1,0,unknown,N/A,CreateRemoteThread,unknown,0,null,1783677896000,255,0,false,0,"true""""",Microsoft-Windows-Sysmon/Operational,HOST_0004,The CreateRemoteThread event detects when a process creates a thread in another process.,0,1783677900092,No Offense,255,HOST_0009 @ 10.0.0.4,true,3,false,N/A,10.0.0.4,false,1783677900092,5,NETWORK_0002,35,8,0,3,-1,HOST_0004,[REDACTED_DUPLICATE_PAYLOAD],USER_0002,5001845,false,null,N/A,"17:05:00, 10 thg 7, 2026","17:04:56, 10 thg 7, 2026",MAC_0002,HOST_0006,439,0,false,10.0.0.4,0,N/A,10.0.0.3,1,"17:05:00, 10 thg 7, 2026",0:0:0:0:0:0:0:0,N/A,null,"100101,100164,100146,100221,100265,109237,109187,156193,100691,100626,100277,100272,134937,166353,100223"
N/A,false,0,0,USER_0004,HOST_0007,"{sysmon-eventid=4688, Parent Process Name=MobaXterm.exe, Pipe Name=N/A, File Directory=N/A, sysmon-processid=N/A, channel=Security, Object Name=N/A, Account Name=USER_0022, Target User Domain=DOMAIN_0005.LOCAL, mandatory_label=Mandatory Label\Medium Mandatory Level, Logon Account Name=USER_0004, EventIDCode=4688, Terminated Process Name=N/A, MD5 Hash=N/A, Filename=N/A, Key Length=N/A, ProgramName=N/A, Process GUID=N/A, SHA1 Hash=N/A, File Extension=N/A, Object Type=N/A, SHA256 Hash=N/A, Parent Process GUID=N/A, Integrity Level=N/A, sysmon-parentimage=C:\Program Files (x86)\Mobatek\MobaXterm\MobaXterm.exe, Description=N/A, Token Elevation Type=%%1936, Message=N/A, Encoded Command=N/A, Logon Account Domain=DOMAIN_0001.LOCAL, Process Name=MobaSCPRinew.exe, Parent Process ID=N/A, Logon Type=N/A, Account Security ID=S-1-5-21-0005, Share Name=N/A, Authentication Package=N/A, sysmon-processguid=N/A, Realm=DOMAIN_0001.LOCAL, Account ID=S-1-5-21-0002, Process Path=C:\Users\USER_0013\AppData\Roaming\MobaXterm\slash\bin\MobaSCPRinew.exe, Status Code=N/A, User Domain=DOMAIN_0012.LOCAL, Encoded Argument=N/A, Target Username=USER_0008, Event ID=4688, sysmon-user=USER_0004, Command=""C:\Users\USER_0013\AppData\Roaming\MobaXterm\slash\bin\MobaSCPRinew.exe"" -v -batch -scp -load ""TERM660986"" -remotemonitoring USER_0023@HOST_0010:""."", Process ID=0x28b48, Machine Identifier=HOST_0008, Target Account Security ID=S-1-5-21-0003, Device Name=HOST_0008, IMP Hash=N/A, Parent Process Path=C:\Program Files (x86)\Mobatek\MobaXterm\MobaXterm.exe}",false,MAC_0001,MAC_0002,[REDACTED_DUPLICATE_PAYLOAD],3,53779,0,12,false,0:0:0:0:0:0:0:0,N/A,0,N/A,8110,"<13>Jul 10 17:03:52 10.0.0.4.vnpost AgentDevice=WindowsLog	AgentLogFile=Security	PluginVersion=7.3.1.28	Source=Microsoft-Windows-Security-Auditing	Computer=Jump-QTHTvDL-App	OriginatingComputer=Jump-QTHTvDL-App	User=	Domain=	EventID=4688	EventIDCode=4688	EventType=8	EventCategory=13312	RecordNumber=9122445	TimeGenerated=1783677829	TimeWritten=1783677829	Level=Log Always	Keywords=Audit Success	Task=SE_ADT_DETAILEDTRACKING_PROCESSCREATION	Opcode=Info	Message=A new process has been created.  Creator Subject:  Security ID:  DOMAIN_0012.LOCAL\USER_0022  Account Name: USER_0022  Account Domain: DOMAIN_0012.LOCAL  Logon ID:  0x3ED3B6A28  Target Subject:  Security ID:  NULL SID  Account Name:  -  Account Domain:  -  Logon ID:  0x0  Process Information:  New Process ID:  0x28b48  New Process Name: C:\Users\USER_0013\AppData\Roaming\MobaXterm\slash\bin\MobaSCPRinew.exe  Token Elevation Type: %%1936  Mandatory Label:  Mandatory Label\Medium Mandatory Level  Creator Process ID: 0x29330  Creator Process Name: C:\Program Files (x86)\Mobatek\MobaXterm\MobaXterm.exe  Process Command Line: ""C:\Users\USER_0013\AppData\Roaming\MobaXterm\slash\bin\MobaSCPRinew.exe"" -v -batch -scp -load ""TERM660986"" -remotemonitoring USER_0023@HOST_0010:"".""  Token Elevation Type indicates the type of token that was assigned to the new process in accordance with User Account Control policy.  Type 1 is a full token with no privileges removed or groups disabled.  A full token is only used if User Account Control is disabled or if the user is the built-in Administrator account or a service account.  Type 2 is an elevated token with no privileges removed or groups disabled.  An elevated token is used when User Account Control is enabled and the user chooses to start the program using Run as administrator.  An elevated token is also used when an application is configured to always require administrative privilege or to always require maximum privilege, and the user is a member of the Administrators group.  Type 3 is a limited token with administrative privileges removed and administrative groups disabled.  The limited token is used when User Account Control is enabled, the application does not require administrative privilege, and the user does not choose to start the program using Run as administrator. ",Process Creation Success,N/A,1,0,unknown,N/A,Success Audit: A new process has been created,unknown,0,null,1783677829000,255,0,false,0,"true""""",Success Audit,HOST_0004,Success Audit: A new process has been created.,0,1783677841639,No Offense,255,HOST_0009 @ 10.0.0.4,false,3,false,N/A,10.0.0.4,false,1783677841639,5,NETWORK_0002,35,4688,0,3,-1,HOST_0004,[REDACTED_DUPLICATE_PAYLOAD],USER_0022,5000862,false,null,N/A,"17:04:01, 10 thg 7, 2026","17:03:49, 10 thg 7, 2026",MAC_0002,HOST_0006,439,0,false,10.0.0.4,0,N/A,10.0.0.3,1,"17:04:01, 10 thg 7, 2026",0:0:0:0:0:0:0:0,N/A,null,"100101,100221,100265,109237,109187,156193,100277,100272,134937,166353,100223"
